# stats: dump at 1402779102
stats: users 0 1
stats: {freemem,"os_mon@localhost"} 1 477.05078125 0 477.05078125 477.05078125 0 0
stats: {cpu,"os_mon@localhost"} 1 0.3643364771977117 0 0.3643364771977117 0.3643364771977117 0 0
stats: {load,"os_mon@localhost"} 1 0.0390625 0 0.0390625 0.0390625 0 0
stats: session 11 41.85777698863637 20.61725941454996 96.93310546875 22.44091796875 0 0
stats: users_count 11 11
stats: finish_users_count 11 11
stats: request 10 39.303662109375 19.035666978209058 84.72998046875 20.171875 0 0
stats: page 10 39.303662109375 19.035666978209058 84.72998046875 20.171875 0 0
stats: connect 10 6.05029296875 6.188155797441165 18.06689453125 1.532958984375 0 0
stats: tr_register 10 40.6598876953125 21.466982485114784 94.94189453125 20.510009765625 0 0
stats: 200 10 10
stats: size_rcv 2388 2388
stats: size_sent 900 900
stats: connected 0 0
# stats: dump at 1402779112
stats: users 0 2
stats: {freemem,"os_mon@localhost"} 1 480.25 0.0 480.25 477.05078125 477.05078125 1
stats: {recvpackets,"os_mon@localhost"} 1 52 0 52 52 0 0
stats: {sentpackets,"os_mon@localhost"} 1 72 0 72 72 0 0
stats: {cpu,"os_mon@localhost"} 1 7.171314741035857 0.0 7.171314741035857 0.3643364771977117 0.3643364771977117 1
stats: {load,"os_mon@localhost"} 1 0.03125 0.0 0.0390625 0.03125 0.0390625 1
stats: session 11 34.40434126420455 14.034026880753537 96.93310546875 22.44091796875 41.85777698863637 11
stats: users_count 11 22
stats: finish_users_count 11 22
stats: request 10 31.7953125 13.947032781414045 84.72998046875 20.171875 39.303662109375 10
stats: page 10 31.7953125 13.947032781414045 84.72998046875 20.171875 39.303662109375 10
stats: connect 10 7.2059326171875 7.337622921781605 23.498046875 1.532958984375 6.05029296875 10
stats: tr_register 10 32.1598876953125 13.941800442544698 94.94189453125 20.510009765625 40.6598876953125 10
stats: 200 10 20
stats: size_rcv 2388 4776
stats: size_sent 900 1800
stats: connected 0 0
# stats: dump at 1402779122
stats: users 0 2
stats: {freemem,"os_mon@localhost"} 1 480.13671875 0.0 480.25 477.05078125 478.650390625 2
stats: {recvpackets,"os_mon@localhost"} 1 58.0 0.0 58 52 52.0 1
stats: {sentpackets,"os_mon@localhost"} 1 82.0 0.0 82 72 72.0 1
stats: {cpu,"os_mon@localhost"} 1 7.07876370887338 0.0 7.171314741035857 0.3643364771977117 3.7678256091167843 2
stats: {load,"os_mon@localhost"} 1 0.03125 0.0 0.0390625 0.03125 0.03515625 2
stats: session 7 32.33921595982143 8.366613393916197 96.93310546875 22.44091796875 38.13105912642045 22
stats: users_count 7 29
stats: finish_users_count 7 29
stats: request 9 30.856553819444443 9.030525532733877 84.72998046875 20.171875 35.5494873046875 20
stats: page 9 30.856553819444443 9.030525532733877 84.72998046875 20.171875 35.5494873046875 20
stats: connect 9 6.065863715277778 7.936887748996481 25.47998046875 1.532958984375 6.62811279296875 20
stats: tr_register 9 31.22455512152778 9.024387248923063 94.94189453125 20.510009765625 36.4098876953125 20
stats: 200 9 29
stats: size_rcv 2151 6927
stats: size_sent 810 2610
stats: connected 0 0
# stats: dump at 1402779132
stats: users 0 4
stats: {freemem,"os_mon@localhost"} 1 480.15234375 0.0 480.25 477.05078125 479.1458333333333 3
stats: {recvpackets,"os_mon@localhost"} 1 38.0 0.0 58 38 55.0 2
stats: {sentpackets,"os_mon@localhost"} 1 52.0 0.0 82 52 77.0 2
stats: {cpu,"os_mon@localhost"} 1 7.270916334661355 0.0 7.270916334661355 0.3643364771977117 4.8714716423689834 3
stats: {load,"os_mon@localhost"} 1 0.01953125 0.0 0.0390625 0.01953125 0.033854166666666664 3
stats: session 83 40.95055416980422 24.367325816620273 138.9091796875 13.93310546875 36.73302801724138 29
stats: users_count 83 112
stats: finish_users_count 83 112
stats: request 82 38.7951630383003 24.44937033528189 136.46484375 11.392822265625 34.093059671336206 29
stats: page 82 38.7951630383003 24.44937033528189 136.46484375 11.392822265625 34.093059671336206 29
stats: connect 83 8.335308028990966 11.037840102998306 39.219970703125 0.988037109375 6.453621699892241 29
stats: tr_register 82 39.12428544207317 24.46829541567728 136.97607421875 11.984130859375 34.800646551724135 29
stats: 200 80 109
stats: size_rcv 19566 26493
stats: newphase 1 1
stats: size_sent 7470 10080
stats: connected 1 1
stats: 403 2 2
# stats: dump at 1402779142
stats: users 0 4
stats: {freemem,"os_mon@localhost"} 1 479.88671875 0.0 480.25 477.05078125 479.3974609375 4
stats: {recvpackets,"os_mon@localhost"} 1 472.0 0.0 472 38 49.333333333333336 3
stats: {sentpackets,"os_mon@localhost"} 1 688.0 0.0 688 52 68.66666666666667 3
stats: {cpu,"os_mon@localhost"} 1 10.557768924302788 0.0 10.557768924302788 0.3643364771977117 5.471332815442076 4
stats: {load,"os_mon@localhost"} 1 0.01953125 0.0 0.0390625 0.01953125 0.0302734375 4
stats: session 115 31.77870669157609 10.42530426615005 138.9091796875 13.93310546875 39.85851614815848 112
stats: users_count 115 227
stats: finish_users_count 115 227
stats: request 113 29.57106652724005 10.497052372763441 136.46484375 11.392822265625 37.56668558206644 111
stats: page 113 29.57106652724005 10.497052372763441 136.46484375 11.392822265625 37.56668558206644 111
stats: connect 112 7.172365461077009 9.324070730483355 51.0341796875 0.988037109375 7.84808567592076 112
stats: tr_register 113 29.887576482992255 10.490919153425665 136.97607421875 11.984130859375 37.99468609234234 111
stats: 200 113 222
stats: size_rcv 26979 53472
stats: newphase 0 1
stats: size_sent 10080 20160
stats: connected -1 0
stats: 403 0 2
# stats: dump at 1402779152
stats: users 0 4
stats: {freemem,"os_mon@localhost"} 1 479.7890625 0.0 480.25 477.05078125 479.4953125 5
stats: {recvpackets,"os_mon@localhost"} 1 502.0 0.0 502 38 155.0 4
stats: {sentpackets,"os_mon@localhost"} 1 747.0 0.0 747 52 223.5 4
stats: {cpu,"os_mon@localhost"} 1 10.578842315369261 0.0 10.578842315369261 0.3643364771977117 6.488620037214218 5
stats: {load,"os_mon@localhost"} 1 0.01953125 0.0 0.0390625 0.01953125 0.028125 5
stats: session 105 23.842757161458334 6.481177343305285 138.9091796875 11.77587890625 35.76522060848018 227
stats: users_count 105 332
stats: finish_users_count 105 332
stats: request 104 21.6764408991887 6.5448328779166305 136.46484375 9.281982421875 33.53318132672991 224
stats: page 104 21.6764408991887 6.5448328779166305 136.46484375 9.281982421875 33.53318132672991 224
stats: connect 104 2.5855149489182696 4.357998494337627 51.0341796875 0.988037109375 7.510225568498884 224
stats: tr_register 104 21.975435697115383 6.53517116168947 136.97607421875 9.75390625 33.90493883405413 224
stats: 200 99 321
stats: size_rcv 24801 78273
stats: newphase 0 1
stats: size_sent 9360 29520
stats: connected 0 0
stats: 403 5 7
# stats: dump at 1402779162
stats: users 0 4
stats: {freemem,"os_mon@localhost"} 1 479.80859375 0.0 480.25 477.05078125 479.5442708333333 6
stats: {recvpackets,"os_mon@localhost"} 1 397.0 0.0 502 38 224.4 5
stats: {sentpackets,"os_mon@localhost"} 1 591.0 0.0 747 52 328.2 5
stats: {cpu,"os_mon@localhost"} 1 9.490509490509492 0.0 10.578842315369261 0.3643364771977117 7.170323750240058 6
stats: {load,"os_mon@localhost"} 1 0.01171875 0.0 0.0390625 0.01171875 0.026692708333333332 6
stats: session 82 24.042203577553348 4.290884131947566 138.9091796875 11.77587890625 31.994561988187122 332
stats: users_count 82 414
stats: finish_users_count 82 414
stats: request 83 21.62734433829066 4.257674990224108 136.46484375 9.281982421875 29.7737270448266 328
stats: page 83 21.62734433829066 4.257674990224108 136.46484375 9.281982421875 29.7737270448266 328
stats: connect 83 1.6938623635165662 0.2325997906271659 51.0341796875 0.988037109375 5.948731957412347 328
stats: tr_register 83 21.927863798945783 4.2582119268024465 136.97607421875 9.75390625 30.122413449171113 328
stats: 200 83 404
stats: size_rcv 19822 98095
stats: newphase 0 1
stats: size_sent 7470 36990
stats: connected 0 0
stats: 403 0 7
# stats: dump at 1402779172
stats: users 0 4
stats: {freemem,"os_mon@localhost"} 1 479.66796875 0.0 480.25 477.05078125 479.58203125 7
stats: {recvpackets,"os_mon@localhost"} 1 358.0 0.0 502 38 253.16666666666666 6
stats: {sentpackets,"os_mon@localhost"} 1 523.0 0.0 747 52 372.0 6
stats: {cpu,"os_mon@localhost"} 1 9.471585244267198 0.0 10.578842315369261 0.3643364771977117 7.501778855992835 7
stats: {load,"os_mon@localhost"} 1 0.01171875 0.0 0.0390625 0.01171875 0.024553571428571428 7
stats: session 89 22.278846997893258 2.466548178938905 138.9091796875 11.77587890625 30.419457182216185 414
stats: users_count 89 503
stats: finish_users_count 89 503
stats: request 85 20.141690602022067 2.6356794688100234 136.46484375 9.281982421875 28.12859379752129 411
stats: page 85 20.141690602022067 2.6356794688100234 136.46484375 9.281982421875 28.12859379752129 411
stats: connect 85 1.5644674862132353 0.21430812828623805 51.0341796875 0.988037109375 5.089476054022202 411
stats: tr_register 85 20.420935776654417 2.5924487816799555 136.97607421875 9.75390625 28.46755305751977 411
stats: 200 81 485
stats: size_rcv 20268 118363
stats: newphase 0 1
stats: size_sent 7650 44640
stats: connected 0 0
stats: 403 4 11
# stats: dump at 1402779182
stats: users 0 4
stats: {freemem,"os_mon@localhost"} 1 477.55078125 0.0 480.25 477.05078125 479.5927734375 8
stats: {recvpackets,"os_mon@localhost"} 1 393.0 0.0 502 38 268.14285714285717 7
stats: {sentpackets,"os_mon@localhost"} 1 583.0 0.0 747 52 393.57142857142856 7
stats: {cpu,"os_mon@localhost"} 1 10.458167330677291 0.0 10.578842315369261 0.3643364771977117 7.74800465452713 8
stats: {load,"os_mon@localhost"} 1 0.01171875 0.0 0.0390625 0.01171875 0.02294921875 8
stats: session 109 23.37648052250573 4.9634398188255755 138.9091796875 11.77587890625 28.97907088717694 503
stats: users_count 109 612
stats: finish_users_count 109 612
stats: request 112 21.085802350725437 4.848967330630153 136.46484375 9.281982421875 26.759870467647428 496
stats: page 112 21.085802350725437 4.848967330630153 136.46484375 9.281982421875 26.759870467647428 496
stats: connect 112 1.5696890694754464 0.3775172834480855 51.0341796875 0.988037109375 4.485391924458165 496
stats: tr_register 112 21.357328142438615 4.834918705120509 136.97607421875 9.75390625 27.08859646704889 496
stats: 200 107 592
stats: size_rcv 26708 145071
stats: newphase 0 1
stats: size_sent 10080 54720
stats: connected 0 0
stats: 403 5 16
# stats: dump at 1402779192
stats: users 0 4
stats: {freemem,"os_mon@localhost"} 1 477.4140625 0.0 480.25 477.05078125 479.3658854166667 9
stats: {recvpackets,"os_mon@localhost"} 1 453.0 0.0 502 38 283.75 8
stats: {sentpackets,"os_mon@localhost"} 1 647.0 0.0 747 52 417.25 8
stats: {cpu,"os_mon@localhost"} 1 10.18981018981019 0.0 10.578842315369261 0.3643364771977117 8.049133840766038 9
stats: {load,"os_mon@localhost"} 1 0.01171875 0.0 0.0390625 0.01171875 0.021701388888888888 9
stats: session 29 22.72441574622845 4.292369344480094 138.9091796875 11.77587890625 27.98122391046262 612
stats: users_count 29 641
stats: finish_users_count 29 641
stats: request 33 20.15299479166667 4.281786544627049 136.46484375 9.281982421875 25.71464739347759 608
stats: page 33 20.15299479166667 4.281786544627049 136.46484375 9.281982421875 25.71464739347759 608
stats: connect 33 1.6047289299242424 0.28850053080349025 51.0341796875 0.988037109375 3.948288766961349 608
stats: tr_register 33 20.47870797821969 4.259702136345356 136.97607421875 9.75390625 26.03283651251542 608
stats: 200 29 621
stats: size_rcv 7848 152919
stats: newphase 1 2
stats: size_sent 2970 57690
stats: connected 0 0
stats: 403 4 20
# stats: dump at 1402779202
stats: users 0 4
stats: {freemem,"os_mon@localhost"} 1 474.44140625 0.0 480.25 474.44140625 479.170703125 10
stats: {recvpackets,"os_mon@localhost"} 1 117.0 0.0 502 38 302.55555555555554 9
stats: {sentpackets,"os_mon@localhost"} 1 141.0 0.0 747 52 442.77777777777777 9
stats: {cpu,"os_mon@localhost"} 1 8.864541832669323 0.0 10.578842315369261 0.3643364771977117 8.263201475670453 10
stats: {load,"os_mon@localhost"} 1 0.01171875 0.0 0.0390625 0.01171875 0.020703125 10
stats: session 12 22.302571614583332 4.373039663964912 138.9091796875 11.77587890625 27.74339639601209 641
stats: users_count 12 653
stats: finish_users_count 12 653
stats: request 12 19.978271484375004 4.4433832949039935 136.46484375 9.281982421875 25.428322064523204 641
stats: page 12 19.978271484375004 4.4433832949039935 136.46484375 9.281982421875 25.428322064523204 641
stats: connect 12 2.4091796875 1.801621321803897 51.0341796875 0.988037109375 3.82763748049922 641
stats: tr_register 12 20.359191894531254 4.372070172903266 136.97607421875 9.75390625 25.746898538050896 641
stats: 200 10 631
stats: size_rcv 2849 155768
stats: newphase 0 2
stats: size_sent 1080 58770
stats: connected 0 0
stats: 403 2 22
# stats: dump at 1402779212
stats: users 0 4
stats: {freemem,"os_mon@localhost"} 1 474.4921875 0.0 480.25 474.44140625 478.74076704545456 11
stats: {recvpackets,"os_mon@localhost"} 1 98.0 0.0 502 38 284.0 10
stats: {sentpackets,"os_mon@localhost"} 1 110.0 0.0 747 52 412.6 10
stats: {cpu,"os_mon@localhost"} 1 7.2781655034895305 0.0 10.578842315369261 0.3643364771977117 8.317868780852168 11
stats: {load,"os_mon@localhost"} 1 0.01171875 0.0 0.0390625 0.01171875 0.019886363636363636 11
stats: session 6 24.984375 4.078943735518022 138.9091796875 11.77587890625 27.64341186710375 653
stats: users_count 6 659
stats: finish_users_count 6 659
stats: request 6 22.729695638020832 4.035211906570372 136.46484375 9.281982421875 25.328167995669027 653
stats: page 6 22.729695638020832 4.035211906570372 136.46484375 9.281982421875 25.328167995669027 653
stats: connect 6 1.866943359375 0.42045852317928006 51.0341796875 0.988037109375 3.8015708748085757 653
stats: tr_register 6 23.0775146484375 4.070918215067136 136.97607421875 9.75390625 25.64789014643951 653
stats: 200 6 637
stats: size_rcv 1433 157201
stats: newphase 0 2
stats: size_sent 540 59310
stats: connected 0 0
stats: 403 0 22
# stats: dump at 1402779222
stats: users 0 4
stats: {freemem,"os_mon@localhost"} 1 474.53515625 0.0 480.25 474.44140625 478.38671875 12
stats: {recvpackets,"os_mon@localhost"} 1 133.0 0.0 502 38 267.09090909090907 11
stats: {sentpackets,"os_mon@localhost"} 1 132.0 0.0 747 52 385.09090909090907 11
stats: {cpu,"os_mon@localhost"} 1 7.48502994011976 0.0 10.578842315369261 0.3643364771977117 8.231226841071948 12
stats: {load,"os_mon@localhost"} 1 0.01171875 0.0 0.0390625 0.01171875 0.019205729166666668 12
stats: session 12 23.15032958984375 0.7031549032351636 138.9091796875 11.77587890625 27.619202123245447 659
stats: users_count 12 671
stats: finish_users_count 12 671
stats: request 12 20.890177408854168 0.696325206368373 136.46484375 9.281982421875 25.304509673748104 659
stats: page 12 20.890177408854168 0.696325206368373 136.46484375 9.281982421875 25.304509673748104 659
stats: connect 12 1.77386474609375 0.24601724484991458 51.0341796875 0.988037109375 3.783956663742413 659
stats: tr_register 12 21.185139973958336 0.7075499030884476 136.97607421875 9.75390625 25.624487638111724 659
stats: 200 12 649
stats: size_rcv 2866 160067
stats: newphase 1 3
stats: size_sent 1080 60390
stats: connected 0 0
stats: 403 0 22
# stats: dump at 1402779232
stats: users 0 4
stats: {freemem,"os_mon@localhost"} 1 477.33984375 0.0 480.25 474.44140625 478.09044471153845 13
stats: {recvpackets,"os_mon@localhost"} 1 110.0 0.0 502 38 255.91666666666663 12
stats: {sentpackets,"os_mon@localhost"} 1 127.0 0.0 747 52 364.0 12
stats: {cpu,"os_mon@localhost"} 1 6.879361914257228 0.0 10.578842315369261 0.3643364771977117 8.17382707946024 13
stats: {load,"os_mon@localhost"} 1 0.0 0.0 0.0390625 0.0 0.018629807692307692 13
stats: session 7 23.790283203125 0.6433604253395881 138.9091796875 11.77587890625 27.539281899101155 671
stats: users_count 7 678
stats: finish_users_count 7 678
stats: request 7 21.518031529017858 0.6256242417824757 136.46484375 9.281982421875 25.225564834435545 671
stats: page 7 21.518031529017858 0.6256242417824757 136.46484375 9.281982421875 25.225564834435545 671
stats: connect 7 1.6168038504464286 0.20967263160470115 51.0341796875 0.988037109375 3.748008671176416 671
stats: tr_register 7 21.822021484375 0.6213465995938385 136.97607421875 9.75390625 25.545095429512855 671
stats: 200 7 656
stats: size_rcv 1671 161738
stats: newphase 0 3
stats: size_sent 630 61020
stats: connected 0 0
stats: 403 0 22
