
=INFO REPORT==== 14-Jun-2014::20:51:32 ===
    ts_config_server:(5:<0.54.0>) Config server started, logdir is "/home/ubuntu/tsung/log/reg/20140614-2051"
 
=INFO REPORT==== 14-Jun-2014::20:51:32 ===
              ts_mon:(5:<0.53.0>) starting monitor, global 

=INFO REPORT==== 14-Jun-2014::20:51:32 ===
           ts_config:(5:<0.54.0>) Reading config file: ./xml/aws_test_reg.xml

=INFO REPORT==== 14-Jun-2014::20:51:32 ===
           ts_config:(5:<0.54.0>) Session name for id 1 is "register"

=INFO REPORT==== 14-Jun-2014::20:51:32 ===
    ts_config_server:(4:<0.54.0>) SYSINFO:Tsung version: 1.5.1

=INFO REPORT==== 14-Jun-2014::20:51:32 ===
    ts_config_server:(4:<0.54.0>) SYSINFO:Erlang version: Erlang R16B03 (erts-5.10.4) [source] [64-bit] [async-threads:16] [hipe] [kernel-poll:true]


=INFO REPORT==== 14-Jun-2014::20:51:32 ===
    ts_config_server:(4:<0.54.0>) SYSINFO:System architecture x86_64-pc-linux-gnu

=INFO REPORT==== 14-Jun-2014::20:51:32 ===
    ts_config_server:(4:<0.54.0>) SYSINFO:Current path: /usr/lib/erlang/lib/tsung-1.5.1/ebin/tsung.beam

=INFO REPORT==== 14-Jun-2014::20:51:32 ===
              ts_mon:(5:<0.55.0>) Activate clients with text backend

=INFO REPORT==== 14-Jun-2014::20:51:32 ===
              ts_mon:(5:<0.55.0>) Starting tsung clients on hosts: [localhost]

=INFO REPORT==== 14-Jun-2014::20:51:32 ===
    ts_config_server:(5:<0.54.0>) Start a launcher on the controller beam localhost

=INFO REPORT==== 14-Jun-2014::20:51:32 ===
  ts_launcher_static:(5:<0.90.0>) Launch msg receive ("localhost")

=INFO REPORT==== 14-Jun-2014::20:51:32 ===
         ts_launcher:(5:<0.91.0>) Launch msg receive ("localhost")

=INFO REPORT==== 14-Jun-2014::20:51:32 ===
    ts_config_server:(5:<0.54.0>) All remote beams started, syncing 

=INFO REPORT==== 14-Jun-2014::20:51:32 ===
    ts_config_server:(5:<0.54.0>) Undefined ports_range config 

=INFO REPORT==== 14-Jun-2014::20:51:32 ===
    ts_config_server:(5:<0.54.0>) New arrival phase 1 for client "localhost" (last ? true): will start 30 users

=INFO REPORT==== 14-Jun-2014::20:51:32 ===
    ts_config_server:(5:<0.54.0>) New arrival phase 2 for client "localhost" (last ? true): will start 600 users

=INFO REPORT==== 14-Jun-2014::20:51:32 ===
    ts_config_server:(5:<0.54.0>) New arrival phase 3 for client "localhost" (last ? true): will start 30 users

=INFO REPORT==== 14-Jun-2014::20:51:32 ===
    ts_config_server:(5:<0.54.0>) New arrival phase 4 for client "localhost" (last ? true): will start 30 users

=INFO REPORT==== 14-Jun-2014::20:51:32 ===
    ts_config_server:(5:<0.54.0>) New arrival phase 5 for client "localhost" (last ? true): will start 600 users

=INFO REPORT==== 14-Jun-2014::20:51:32 ===
    ts_config_server:(5:<0.54.0>) New arrival phase 6 for client "localhost" (last ? true): will start 30 users

=INFO REPORT==== 14-Jun-2014::20:51:32 ===
         ts_launcher:(5:<0.91.0>) Expected duration of first phase: 30.0 sec (30 users) 

=INFO REPORT==== 14-Jun-2014::20:51:32 ===
         ts_launcher:(2:<0.91.0>) WARNING !!! too few file descriptors available (1024), you should decrease maxusers (currently 50000)
=INFO REPORT==== 14-Jun-2014::20:51:32 ===
         ts_launcher:(5:<0.91.0>) Activate launcher (30 users) in 1505 msec 

=INFO REPORT==== 14-Jun-2014::20:51:33 ===
    ts_os_mon_erlang:(5:<0.76.0>) Starting os_mon beam on host "localhost" 

=INFO REPORT==== 14-Jun-2014::20:51:33 ===
    ts_os_mon_erlang:(5:<0.77.0>) Starting os_mon beam on host "aws-server1" 

=INFO REPORT==== 14-Jun-2014::20:51:33 ===
    ts_os_mon_erlang:(5:<0.78.0>) Starting os_mon beam on host "aws-server2" 

=INFO REPORT==== 14-Jun-2014::20:51:34 ===
    ts_os_mon_erlang:(5:<0.76.0>) Loading tsung monitor on nodes [os_mon@localhost]

=INFO REPORT==== 14-Jun-2014::20:52:02 ===
         ts_launcher:(4:<0.91.0>) Need to wait 0.854 sec before changing phase, going to sleep

=INFO REPORT==== 14-Jun-2014::20:52:03 ===
         ts_launcher:(5:<0.91.0>) Waking up

=INFO REPORT==== 14-Jun-2014::20:52:03 ===
         ts_launcher:(5:<0.91.0>) Start a new arrival phase (600 users, 0.01); expected duration=60.0 sec

=INFO REPORT==== 14-Jun-2014::20:52:05 ===
    ts_os_mon_erlang:(3:<0.77.0>) Fail to start beam on host "aws-server1" ({error,
                                                                             timeout})

=ERROR REPORT==== 14-Jun-2014::20:52:05 ===
** Generic server <0.77.0> terminating 
** Last message in was {timeout,#Ref<0.0.0.320>,start_beam}
** When Server state == {state,{global,ts_mon},
                               10000,undefined,"aws-server1",undefined,[]}
** Reason for termination == 
** {error,timeout}

=INFO REPORT==== 14-Jun-2014::20:52:05 ===
    ts_os_mon_erlang:(3:<0.78.0>) Fail to start beam on host "aws-server2" ({error,
                                                                             timeout})

=ERROR REPORT==== 14-Jun-2014::20:52:05 ===
** Generic server <0.78.0> terminating 
** Last message in was {timeout,#Ref<0.0.0.322>,start_beam}
** When Server state == {state,{global,ts_mon},
                               10000,undefined,"aws-server2",undefined,[]}
** Reason for termination == 
** {error,timeout}

=INFO REPORT==== 14-Jun-2014::20:52:05 ===
           ts_search:(4:<0.167.0>) Dyn Var: no Match (varname=device_id), 

=INFO REPORT==== 14-Jun-2014::20:52:06 ===
    ts_os_mon_erlang:(5:<0.160.0>) Starting os_mon beam on host "aws-server1" 

=INFO REPORT==== 14-Jun-2014::20:52:06 ===
    ts_os_mon_erlang:(5:<0.163.0>) Starting os_mon beam on host "aws-server2" 

=INFO REPORT==== 14-Jun-2014::20:52:06 ===
           ts_search:(4:<0.187.0>) Dyn Var: no Match (varname=device_id), 

=INFO REPORT==== 14-Jun-2014::20:52:25 ===
           ts_search:(4:<0.394.0>) Dyn Var: no Match (varname=device_id), 

=INFO REPORT==== 14-Jun-2014::20:52:28 ===
           ts_search:(4:<0.423.0>) Dyn Var: no Match (varname=device_id), 

=INFO REPORT==== 14-Jun-2014::20:52:28 ===
           ts_search:(4:<0.426.0>) Dyn Var: no Match (varname=device_id), 

=INFO REPORT==== 14-Jun-2014::20:52:30 ===
           ts_search:(4:<0.450.0>) Dyn Var: no Match (varname=device_id), 

=INFO REPORT==== 14-Jun-2014::20:52:30 ===
           ts_search:(4:<0.452.0>) Dyn Var: no Match (varname=device_id), 

=INFO REPORT==== 14-Jun-2014::20:52:38 ===
    ts_os_mon_erlang:(3:<0.160.0>) Fail to start beam on host "aws-server1" ({error,
                                                                              timeout})

=ERROR REPORT==== 14-Jun-2014::20:52:38 ===
** Generic server <0.160.0> terminating 
** Last message in was {timeout,#Ref<0.0.0.1046>,start_beam}
** When Server state == {state,{global,ts_mon},
                               10000,undefined,"aws-server1",undefined,[]}
** Reason for termination == 
** {error,timeout}

=INFO REPORT==== 14-Jun-2014::20:52:38 ===
    ts_os_mon_erlang:(3:<0.163.0>) Fail to start beam on host "aws-server2" ({error,
                                                                              timeout})

=ERROR REPORT==== 14-Jun-2014::20:52:38 ===
** Generic server <0.163.0> terminating 
** Last message in was {timeout,#Ref<0.0.0.1054>,start_beam}
** When Server state == {state,{global,ts_mon},
                               10000,undefined,"aws-server2",undefined,[]}
** Reason for termination == 
** {error,timeout}

=INFO REPORT==== 14-Jun-2014::20:52:39 ===
    ts_os_mon_erlang:(5:<0.519.0>) Starting os_mon beam on host "aws-server1" 

=INFO REPORT==== 14-Jun-2014::20:52:39 ===
    ts_os_mon_erlang:(5:<0.522.0>) Starting os_mon beam on host "aws-server2" 

=INFO REPORT==== 14-Jun-2014::20:52:42 ===
           ts_search:(4:<0.560.0>) Dyn Var: no Match (varname=device_id), 

=INFO REPORT==== 14-Jun-2014::20:52:42 ===
           ts_search:(4:<0.562.0>) Dyn Var: no Match (varname=device_id), 

=INFO REPORT==== 14-Jun-2014::20:52:45 ===
           ts_search:(4:<0.587.0>) Dyn Var: no Match (varname=device_id), 

=INFO REPORT==== 14-Jun-2014::20:52:49 ===
           ts_search:(4:<0.616.0>) Dyn Var: no Match (varname=device_id), 

=INFO REPORT==== 14-Jun-2014::20:52:53 ===
           ts_search:(4:<0.653.0>) Dyn Var: no Match (varname=device_id), 

=INFO REPORT==== 14-Jun-2014::20:52:53 ===
           ts_search:(4:<0.668.0>) Dyn Var: no Match (varname=device_id), 

=INFO REPORT==== 14-Jun-2014::20:52:56 ===
           ts_search:(4:<0.697.0>) Dyn Var: no Match (varname=device_id), 

=INFO REPORT==== 14-Jun-2014::20:52:59 ===
           ts_search:(4:<0.730.0>) Dyn Var: no Match (varname=device_id), 

=INFO REPORT==== 14-Jun-2014::20:53:00 ===
           ts_search:(4:<0.741.0>) Dyn Var: no Match (varname=device_id), 

=INFO REPORT==== 14-Jun-2014::20:53:02 ===
           ts_search:(4:<0.756.0>) Dyn Var: no Match (varname=device_id), 

=INFO REPORT==== 14-Jun-2014::20:53:02 ===
           ts_search:(4:<0.765.0>) Dyn Var: no Match (varname=device_id), 

=INFO REPORT==== 14-Jun-2014::20:53:03 ===
         ts_launcher:(5:<0.91.0>) Phase duration exceeded, but not all users were launched (1 users, 0.2% of phase)

=INFO REPORT==== 14-Jun-2014::20:53:03 ===
         ts_launcher:(5:<0.91.0>) Start a new arrival phase (30 users, 0.001); expected duration=30.0 sec

=INFO REPORT==== 14-Jun-2014::20:53:03 ===
           ts_search:(4:<0.776.0>) Dyn Var: no Match (varname=device_id), 

=INFO REPORT==== 14-Jun-2014::20:53:05 ===
           ts_search:(4:<0.781.0>) Dyn Var: no Match (varname=device_id), 

=INFO REPORT==== 14-Jun-2014::20:53:11 ===
    ts_os_mon_erlang:(3:<0.519.0>) Fail to start beam on host "aws-server1" ({error,
                                                                              timeout})

=ERROR REPORT==== 14-Jun-2014::20:53:11 ===
** Generic server <0.519.0> terminating 
** Last message in was {timeout,#Ref<0.0.0.5010>,start_beam}
** When Server state == {state,{global,ts_mon},
                               10000,undefined,"aws-server1",undefined,[]}
** Reason for termination == 
** {error,timeout}

=INFO REPORT==== 14-Jun-2014::20:53:11 ===
    ts_os_mon_erlang:(3:<0.522.0>) Fail to start beam on host "aws-server2" ({error,
                                                                              timeout})

=ERROR REPORT==== 14-Jun-2014::20:53:11 ===
** Generic server <0.522.0> terminating 
** Last message in was {timeout,#Ref<0.0.0.5018>,start_beam}
** When Server state == {state,{global,ts_mon},
                               10000,undefined,"aws-server2",undefined,[]}
** Reason for termination == 
** {error,timeout}

=INFO REPORT==== 14-Jun-2014::20:53:12 ===
    ts_os_mon_erlang:(5:<0.790.0>) Starting os_mon beam on host "aws-server1" 

=INFO REPORT==== 14-Jun-2014::20:53:12 ===
    ts_os_mon_erlang:(5:<0.793.0>) Starting os_mon beam on host "aws-server2" 

=INFO REPORT==== 14-Jun-2014::20:53:12 ===
           ts_search:(4:<0.801.0>) Dyn Var: no Match (varname=device_id), 

=INFO REPORT==== 14-Jun-2014::20:53:15 ===
           ts_search:(4:<0.804.0>) Dyn Var: no Match (varname=device_id), 

=INFO REPORT==== 14-Jun-2014::20:53:26 ===
         ts_launcher:(4:<0.91.0>) Need to wait 7.302 sec before changing phase, going to sleep

=INFO REPORT==== 14-Jun-2014::20:53:33 ===
         ts_launcher:(5:<0.91.0>) Waking up

=INFO REPORT==== 14-Jun-2014::20:53:33 ===
         ts_launcher:(5:<0.91.0>) Start a new arrival phase (30 users, 0.001); expected duration=30.0 sec

=INFO REPORT==== 14-Jun-2014::20:53:44 ===
    ts_os_mon_erlang:(3:<0.790.0>) Fail to start beam on host "aws-server1" ({error,
                                                                              timeout})

=ERROR REPORT==== 14-Jun-2014::20:53:44 ===
** Generic server <0.790.0> terminating 
** Last message in was {timeout,#Ref<0.0.0.8013>,start_beam}
** When Server state == {state,{global,ts_mon},
                               10000,undefined,"aws-server1",undefined,[]}
** Reason for termination == 
** {error,timeout}

=INFO REPORT==== 14-Jun-2014::20:53:44 ===
    ts_os_mon_erlang:(3:<0.793.0>) Fail to start beam on host "aws-server2" ({error,
                                                                              timeout})

=ERROR REPORT==== 14-Jun-2014::20:53:44 ===
** Generic server <0.793.0> terminating 
** Last message in was {timeout,#Ref<0.0.0.8021>,start_beam}
** When Server state == {state,{global,ts_mon},
                               10000,undefined,"aws-server2",undefined,[]}
** Reason for termination == 
** {error,timeout}

=INFO REPORT==== 14-Jun-2014::20:53:45 ===
    ts_os_mon_erlang:(5:<0.837.0>) Starting os_mon beam on host "aws-server1" 

=INFO REPORT==== 14-Jun-2014::20:53:45 ===
    ts_os_mon_erlang:(5:<0.840.0>) Starting os_mon beam on host "aws-server2" 

=INFO REPORT==== 14-Jun-2014::20:53:55 ===
           ts_search:(4:<0.857.0>) Dyn Var: no Match (varname=device_id), 
