# stats: dump at 1402687433
stats: users 0 1
stats: session 11 40.71255770596591 7.652076020995456 58.342041015625 33.315185546875 0 0
stats: users_count 11 11
stats: finish_users_count 11 11
stats: request 11 37.27638938210227 7.653334801462595 55.6640625 30.840087890625 0 0
stats: connect 11 18.743452592329547 6.325828712591537 35.98095703125 14.067138671875 0 0
stats: page 11 37.27638938210227 7.653334801462595 55.6640625 30.840087890625 0 0
stats: tr_register 11 38.677978515625 7.662344966260848 56.3740234375 31.325927734375 0 0
stats: 200 11 11
stats: size_rcv 2475 2475
stats: size_sent 1034 1034
stats: connected 0 0
# stats: dump at 1402687443
stats: users 0 1
stats: {freemem,"os_mon@localhost"} 1 5821.64453125 0 5821.64453125 5821.64453125 0 0
stats: {cpu,"os_mon@localhost"} 1 4.801407742584214 0 4.801407742584214 4.801407742584214 0 0
stats: {load,"os_mon@localhost"} 1 0.05078125 0 0.05078125 0.05078125 0 0
stats: session 10 38.601611328125 9.088513107706722 63.38818359375 32.9560546875 40.71255770596591 11
stats: users_count 10 21
stats: finish_users_count 10 21
stats: page 9 35.051242404513886 9.150932701766552 60.800048828125 30.2529296875 37.27638938210227 11
stats: request 9 35.051242404513886 9.150932701766552 60.800048828125 30.2529296875 37.27638938210227 11
stats: 200 9 20
stats: connect 9 17.628255208333332 8.530181840408344 41.675048828125 13.68798828125 18.743452592329547 11
stats: tr_register 9 35.64122178819444 9.164328555905028 61.4189453125 30.801025390625 38.677978515625 11
stats: size_rcv 2025 4500
stats: size_sent 846 1880
stats: connected 0 0
# stats: dump at 1402687453
stats: users 0 1
stats: {freemem,"os_mon@localhost"} 1 5821.9140625 0.0 5821.9140625 5821.64453125 5821.64453125 1
stats: {recvpackets,"os_mon@localhost"} 1 1845 0 1845 1845 0 0
stats: {sentpackets,"os_mon@localhost"} 1 888 0 888 888 0 0
stats: {cpu,"os_mon@localhost"} 1 2.6626475759859334 0.0 4.801407742584214 2.6626475759859334 4.801407742584214 1
stats: {load,"os_mon@localhost"} 1 0.12109375 0.0 0.12109375 0.05078125 0.05078125 1
stats: session 9 40.079671223958336 14.63027029091126 81.3359375 32.9560546875 39.707345145089285 21
stats: users_count 9 30
stats: finish_users_count 9 30
stats: request 10 38.2513671875 13.984441623294622 78.798095703125 30.2529296875 36.2750732421875 20
stats: page 10 38.2513671875 13.984441623294622 78.798095703125 30.2529296875 36.2750732421875 20
stats: connect 10 16.3953125 4.832154744450518 41.675048828125 13.68798828125 18.24161376953125 20
stats: tr_register 10 38.7878173828125 13.997517316852322 79.3271484375 30.801025390625 37.31143798828125 20
stats: 200 10 30
stats: size_rcv 2250 6750
stats: size_sent 940 2820
stats: connected 0 0
# stats: dump at 1402687463
stats: users 0 4
stats: {freemem,"os_mon@localhost"} 1 5821.62109375 0.0 5821.9140625 5821.62109375 5821.779296875 2
stats: {recvpackets,"os_mon@localhost"} 1 1858.0 0.0 1858 1845 1845.0 1
stats: {sentpackets,"os_mon@localhost"} 1 855.0 0.0 888 855 888.0 1
stats: {cpu,"os_mon@localhost"} 1 2.419964708847996 0.0 4.801407742584214 2.419964708847996 3.7320276592850736 2
stats: {load,"os_mon@localhost"} 1 0.1015625 0.0 0.12109375 0.05078125 0.0859375 2
stats: session 110 35.80190207741477 5.101183650466086 81.3359375 31.26611328125 39.81904296875 30
stats: users_count 110 140
stats: finish_users_count 110 140
stats: request 105 33.20503859747024 5.152033753311836 78.798095703125 29.425048828125 36.933837890625 30
stats: page 105 33.20503859747024 5.152033753311836 78.798095703125 29.425048828125 36.933837890625 30
stats: connect 105 15.478701636904763 4.171298245875589 48.462890625 13.468017578125 17.626180013020832 30
stats: tr_register 105 33.94727027529759 5.1602370780984135 79.3271484375 30.134033203125 37.803564453125 30
stats: 200 105 135
stats: size_rcv 23625 30375
stats: newphase 1 1
stats: size_sent 9870 12690
stats: connected 0 0
# stats: dump at 1402687473
stats: users 0 4
stats: {freemem,"os_mon@localhost"} 1 5814.53515625 0.0 5821.9140625 5814.53515625 5821.7265625 3
stats: {recvpackets,"os_mon@localhost"} 1 2310.0 0.0 2310 1845 1851.5 2
stats: {sentpackets,"os_mon@localhost"} 1 1579.0 0.0 1579 855 871.5 2
stats: {cpu,"os_mon@localhost"} 1 8.060453400503778 0.0 8.060453400503778 2.419964708847996 3.2946733424727146 3
stats: {load,"os_mon@localhost"} 1 0.171875 0.0 0.171875 0.05078125 0.09114583333333333 3
stats: session 92 34.544027577275834 2.7036568116069217 81.3359375 31.125 36.66271798270089 140
stats: users_count 92 232
stats: finish_users_count 92 232
stats: request 94 31.8193359375 2.6387701643591823 78.798095703125 29.02099609375 34.03366066261574 135
stats: 200 94 229
stats: page 94 31.8193359375 2.6387701643591823 78.798095703125 29.02099609375 34.03366066261574 135
stats: connect 94 14.591721555019946 1.6196657049140561 48.462890625 13.135009765625 15.955919053819445 135
stats: tr_register 94 32.43101209275264 2.6987835144119745 79.3271484375 29.27099609375 34.80422453703701 135
stats: size_rcv 21150 51525
stats: newphase 0 1
stats: size_sent 8836 21526
stats: connected 0 0
# stats: dump at 1402687483
stats: users 0 5
stats: {freemem,"os_mon@localhost"} 1 5794.6328125 0.0 5821.9140625 5794.6328125 5819.9287109375 4
stats: {recvpackets,"os_mon@localhost"} 1 2183.0 0.0 2310 1845 2004.3333333333333 3
stats: {sentpackets,"os_mon@localhost"} 1 1423.0 0.0 1579 855 1107.3333333333333 3
stats: {cpu,"os_mon@localhost"} 1 9.472361809045227 0.0 9.472361809045227 2.419964708847996 4.48611835698048 4
stats: {load,"os_mon@localhost"} 1 0.2109375 0.0 0.2109375 0.05078125 0.111328125 4
stats: session 111 35.6316599802928 5.055150566918215 81.3359375 31.053955078125 35.822547649515094 232
stats: users_count 111 343
stats: finish_users_count 111 343
stats: request 114 33.073619106359644 5.004254814072059 78.798095703125 28.577880859375 33.12472387588701 229
stats: connect 114 15.007594058388158 1.8933625540396923 48.462890625 13.01611328125 15.395942787936681 229
stats: page 114 33.073619106359644 5.004254814072059 78.798095703125 28.577880859375 33.12472387588701 229
stats: tr_register 114 33.57677151864035 5.002533866044685 79.3271484375 29.10400390625 33.83006746383731 229
stats: 200 114 343
stats: size_rcv 25650 77175
stats: newphase 0 1
stats: size_sent 10716 32242
stats: connected 0 0
# stats: dump at 1402687493
stats: users 1 5
stats: {freemem,"os_mon@localhost"} 1 5801.35546875 0.0 5821.9140625 5794.6328125 5814.86953125 5
stats: {recvpackets,"os_mon@localhost"} 1 2330.0 0.0 2330 1845 2049.0 4
stats: {sentpackets,"os_mon@localhost"} 1 1546.0 0.0 1579 855 1186.25 4
stats: {cpu,"os_mon@localhost"} 1 9.96477101157524 0.0 9.96477101157524 2.419964708847996 5.483367047393429 5
stats: {load,"os_mon@localhost"} 1 0.328125 0.0 0.328125 0.05078125 0.13125 5
stats: session 129 34.70113023861437 2.7563482983005003 81.3359375 31.053955078125 35.76077350583091 343
stats: users_count 130 473
stats: finish_users_count 129 472
stats: connect 128 15.010185241699219 1.8908417940317126 48.462890625 13.01611328125 15.266870615433673 343
stats: request 128 32.08687782287598 2.76508954625961 78.798095703125 28.577880859375 33.10773861721027 343
stats: page 128 32.08687782287598 2.76508954625961 78.798095703125 28.577880859375 33.10773861721027 343
stats: tr_register 128 32.71436309814452 2.744989618456702 79.3271484375 29.10400390625 33.74588163948613 343
stats: 200 128 471
stats: size_rcv 28800 105975
stats: newphase 0 1
stats: size_sent 12032 44274
stats: connected 0 0
# stats: dump at 1402687503
stats: users 0 5
stats: {freemem,"os_mon@localhost"} 1 5792.828125 0.0 5821.9140625 5792.828125 5812.6171875 6
stats: {recvpackets,"os_mon@localhost"} 1 2285.0 0.0 2330 1845 2105.2 5
stats: {sentpackets,"os_mon@localhost"} 1 1558.0 0.0 1579 855 1258.2 5
stats: {cpu,"os_mon@localhost"} 1 8.930817610062892 0.0 9.96477101157524 2.419964708847996 6.230267708090397 6
stats: {load,"os_mon@localhost"} 1 0.28125 0.0 0.328125 0.05078125 0.1640625 6
stats: session 106 34.438156415831365 2.1280855100295657 81.3359375 31.053955078125 35.47116761288402 472
stats: users_count 105 578
stats: finish_users_count 106 578
stats: request 102 31.628133138020832 2.1037732976773738 78.798095703125 28.577880859375 32.83030723361199 471
stats: page 102 31.628133138020832 2.1037732976773738 78.798095703125 28.577880859375 32.83030723361199 471
stats: tr_register 102 32.36355650658703 2.109081286832158 79.3271484375 29.10400390625 33.465553883028115 471
stats: connect 103 14.669592403671116 1.1421382426499236 48.462890625 13.01611328125 15.197113231488853 471
stats: 200 102 573
stats: size_rcv 22950 128925
stats: newphase 0 1
stats: size_sent 9682 53956
stats: connected 1 1
# stats: dump at 1402687513
stats: users 0 5
stats: {freemem,"os_mon@localhost"} 1 5793.1328125 0.0 5821.9140625 5792.828125 5809.790178571428 7
stats: {recvpackets,"os_mon@localhost"} 1 2279.0 0.0 2330 1845 2135.1666666666665 6
stats: {sentpackets,"os_mon@localhost"} 1 1513.0 0.0 1579 855 1308.1666666666667 6
stats: {cpu,"os_mon@localhost"} 1 4.187689202825428 0.0 9.96477101157524 2.419964708847996 6.6160605512293245 7
stats: {load,"os_mon@localhost"} 1 0.23046875 0.0 0.328125 0.05078125 0.18080357142857142 7
stats: session 52 36.664654071514434 6.317841437588564 81.3359375 31.053955078125 35.281722652870904 578
stats: users_count 52 630
stats: finish_users_count 52 630
stats: connect 56 14.977037702287946 1.7849078012490538 48.462890625 13.01611328125 15.10245357074804 574
stats: request 57 33.816590426260966 6.034947853651945 78.798095703125 28.577880859375 32.61630765638634 573
stats: tr_register 57 34.56638055098686 6.06303730856889 79.3271484375 29.10400390625 33.26938681078206 573
stats: page 57 33.816590426260966 6.034947853651945 78.798095703125 28.577880859375 32.61630765638634 573
stats: 200 57 630
stats: size_rcv 12825 141750
stats: newphase 0 1
stats: size_sent 5264 59220
stats: connected -1 0
# stats: dump at 1402687523
stats: users 0 5
stats: {freemem,"os_mon@localhost"} 1 5797.78515625 0.0 5821.9140625 5792.828125 5807.7080078125 8
stats: {recvpackets,"os_mon@localhost"} 1 1949.0 0.0 2330 1845 2155.714285714286 7
stats: {sentpackets,"os_mon@localhost"} 1 1071.0 0.0 1579 855 1337.4285714285713 7
stats: {cpu,"os_mon@localhost"} 1 3.0219088390833546 0.0 9.96477101157524 2.419964708847996 6.312514132678837 8
stats: {load,"os_mon@localhost"} 1 0.19921875 0.0 0.328125 0.05078125 0.18701171875 8
stats: session 12 35.10721842447917 2.276540521515467 81.3359375 31.053955078125 35.395869373139895 630
stats: users_count 12 642
stats: finish_users_count 12 642
stats: page 12 32.37158203125 2.212691362909305 78.798095703125 28.577880859375 32.7249046688988 630
stats: request 12 32.37158203125 2.212691362909305 78.798095703125 28.577880859375 32.7249046688988 630
stats: connect 12 15.020426432291666 1.4418147655998432 48.462890625 13.01611328125 15.091305493551587 630
stats: tr_register 12 33.097859700520836 2.248581072052828 79.3271484375 29.10400390625 33.386733863467256 630
stats: 200 12 642
stats: size_rcv 2700 144450
stats: newphase 1 2
stats: size_sent 1128 60348
stats: connected 0 0
# stats: dump at 1402687533
stats: users 0 5
stats: {freemem,"os_mon@localhost"} 1 5797.828125 0.0 5821.9140625 5792.828125 5806.60546875 9
stats: {recvpackets,"os_mon@localhost"} 1 1874.0 0.0 2330 1845 2129.875 8
stats: {sentpackets,"os_mon@localhost"} 1 906.0 0.0 1579 855 1304.125 8
stats: {cpu,"os_mon@localhost"} 1 2.4660291897332662 0.0 9.96477101157524 2.419964708847996 5.946891322279338 9
stats: {load,"os_mon@localhost"} 1 0.171875 0.0 0.328125 0.05078125 0.18836805555555555 9
stats: session 8 35.738983154296875 3.6223366947446385 81.3359375 31.053955078125 35.390474028305114 642
stats: users_count 8 650
stats: finish_users_count 8 650
stats: page 8 32.97393798828125 3.621994887364014 78.798095703125 28.577880859375 32.718300507447424 642
stats: request 8 32.97393798828125 3.621994887364014 78.798095703125 28.577880859375 32.718300507447424 642
stats: connect 8 14.4337158203125 0.494925949212386 48.462890625 13.01611328125 15.089980651285046 642
stats: 200 8 650
stats: tr_register 8 33.714691162109375 3.615324920760032 79.3271484375 29.10400390625 33.38133434640284 642
stats: size_rcv 1800 146250
stats: newphase 0 2
stats: size_sent 752 61100
stats: connected 0 0
# stats: dump at 1402687543
stats: users 0 5
stats: {freemem,"os_mon@localhost"} 1 5797.58984375 0.0 5821.9140625 5792.828125 5805.727734375 10
stats: {recvpackets,"os_mon@localhost"} 1 1868.0 0.0 2330 1845 2101.4444444444443 9
stats: {sentpackets,"os_mon@localhost"} 1 899.0 0.0 1579 855 1259.888888888889 9
stats: {cpu,"os_mon@localhost"} 1 2.620307382212144 0.0 9.96477101157524 2.419964708847996 5.598805109024731 10
stats: {load,"os_mon@localhost"} 1 0.140625 0.0 0.328125 0.05078125 0.18671875 10
stats: session 8 35.676116943359375 2.403489572880431 81.3359375 31.053955078125 35.39476337139424 650
stats: users_count 8 658
stats: finish_users_count 8 658
stats: request 7 33.20082310267857 2.3736186773824715 78.798095703125 28.577880859375 32.72144681490384 650
stats: page 7 33.20082310267857 2.3736186773824715 78.798095703125 28.577880859375 32.72144681490384 650
stats: connect 7 14.971261160714286 0.46616642844528905 48.462890625 13.01611328125 15.081903545673077 650
stats: tr_register 7 33.95814732142857 2.4115659238807727 79.3271484375 29.10400390625 33.385437199519224 650
stats: 200 7 657
stats: size_rcv 1575 147825
stats: newphase 0 2
stats: size_sent 658 61758
stats: connected 0 0
# stats: dump at 1402687553
stats: users 0 5
stats: {freemem,"os_mon@localhost"} 1 5797.02734375 0.0 5821.9140625 5792.828125 5804.987926136364 11
stats: {recvpackets,"os_mon@localhost"} 1 1870.0 0.0 2330 1845 2078.1 10
stats: {sentpackets,"os_mon@localhost"} 1 867.0 0.0 1579 855 1223.8 10
stats: {cpu,"os_mon@localhost"} 1 2.3701462430660616 0.0 9.96477101157524 2.3701462430660616 5.328032588405406 11
stats: {load,"os_mon@localhost"} 1 0.12109375 0.0 0.328125 0.05078125 0.1825284090909091 11
stats: session 10 34.2114990234375 1.0441899443173273 81.3359375 31.053955078125 35.398184083515396 658
stats: users_count 10 668
stats: finish_users_count 10 668
stats: connect 11 14.338578657670455 0.4733356641928412 48.462890625 13.01611328125 15.080724707477168 657
stats: request 11 31.388205788352273 1.024708043017855 78.798095703125 28.577880859375 32.72655432481925 657
stats: page 11 31.388205788352273 1.024708043017855 78.798095703125 28.577880859375 32.72655432481925 657
stats: tr_register 11 32.12431196732955 1.0195889129764462 79.3271484375 29.10400390625 33.391539133847026 657
stats: 200 11 668
stats: size_rcv 2475 150300
stats: newphase 1 3
stats: size_sent 1034 62792
stats: connected 0 0
# stats: dump at 1402687563
stats: users 0 5
stats: {freemem,"os_mon@localhost"} 1 5776.35546875 0.0 5821.9140625 5776.35546875 5804.324544270833 12
stats: {recvpackets,"os_mon@localhost"} 1 1840.0 0.0 2330 1840 2059.181818181818 11
stats: {sentpackets,"os_mon@localhost"} 1 880.0 0.0 1579 855 1191.3636363636363 11
stats: {cpu,"os_mon@localhost"} 1 3.0800302953799545 0.0 9.96477101157524 2.3701462430660616 5.081542059627127 12
stats: {load,"os_mon@localhost"} 1 0.1015625 0.0 0.328125 0.05078125 0.17740885416666666 12
stats: session 9 42.32793511284722 2.6199623638225593 81.3359375 31.053955078125 35.38041933710705 668
stats: users_count 9 677
stats: finish_users_count 9 677
stats: page 9 39.82568359375 2.6731995936067046 78.798095703125 28.577880859375 32.70451565131455 668
stats: request 9 39.82568359375 2.6731995936067046 78.798095703125 28.577880859375 32.70451565131455 668
stats: connect 9 14.831461588541666 0.8346382970259347 48.462890625 13.01611328125 15.06850373959113 668
stats: tr_register 9 40.330810546875 2.623877585595804 79.3271484375 29.10400390625 33.37067162062593 668
stats: 200 9 677
stats: size_rcv 2135 152435
stats: newphase 0 3
stats: size_sent 846 63638
stats: connected 0 0
# stats: dump at 1402687573
stats: users 0 5
stats: {freemem,"os_mon@localhost"} 1 5772.984375 0.0 5821.9140625 5772.984375 5802.173076923077 13
stats: {recvpackets,"os_mon@localhost"} 1 1831.0 0.0 2330 1831 2040.9166666666667 12
stats: {sentpackets,"os_mon@localhost"} 1 884.0 0.0 1579 855 1165.4166666666665 12
stats: {cpu,"os_mon@localhost"} 1 2.980550644102046 0.0 9.96477101157524 2.3701462430660616 4.927579616223498 13
stats: {load,"os_mon@localhost"} 1 0.08984375 0.0 0.328125 0.05078125 0.17157451923076922 13
stats: session 7 42.878836495535715 1.3910293035111938 81.3359375 31.053955078125 35.472779221865785 677
stats: users_count 7 684
stats: finish_users_count 7 684
stats: request 7 40.404296875 1.3952707968206797 78.798095703125 28.577880859375 32.79918405823024 677
stats: 200 7 684
stats: page 7 40.404296875 1.3952707968206797 78.798095703125 28.577880859375 32.79918405823024 677
stats: connect 7 14.618024553571429 0.7025748974953763 48.462890625 13.01611328125 15.065352514540251 677
stats: tr_register 7 40.89072963169643 1.4007658324542767 79.3271484375 29.10400390625 33.46319931683899 677
stats: size_rcv 1671 154106
stats: newphase 0 3
stats: size_sent 658 64296
stats: connected 0 0
# stats: dump at 1402687583
stats: users 0 5
stats: {freemem,"os_mon@localhost"} 1 5773.65625 0.0 5821.9140625 5772.984375 5800.088169642857 14
stats: {recvpackets,"os_mon@localhost"} 1 1972.0 0.0 2330 1831 2024.7692307692307 13
stats: {sentpackets,"os_mon@localhost"} 1 992.0 0.0 1579 855 1143.7692307692307 13
stats: {cpu,"os_mon@localhost"} 1 2.727961606466279 0.0 9.96477101157524 2.3701462430660616 4.788506118214824 14
stats: {load,"os_mon@localhost"} 1 0.0703125 0.0 0.328125 0.05078125 0.16573660714285715 14
stats: session 71 44.04591906910211 5.7759487142620785 84.22314453125 31.053955078125 35.548572205660655 684
stats: users_count 71 755
stats: finish_users_count 71 755
stats: request 71 41.54196124009684 5.75653234394659 81.4541015625 28.577880859375 32.87701416015624 684
stats: page 71 41.54196124009684 5.75653234394659 81.4541015625 28.577880859375 32.87701416015624 684
stats: 200 71 755
stats: connect 71 15.261471170774648 2.7041579490880934 48.462890625 13.01611328125 15.060774596811038 684
stats: tr_register 71 42.04814384352992 5.763134614480249 82.0400390625 29.10400390625 33.53921205397934 684
stats: size_rcv 16946 171052
stats: newphase 1 4
stats: size_sent 6674 70970
stats: connected 0 0
# stats: dump at 1402687593
stats: users 0 5
stats: {freemem,"os_mon@localhost"} 1 5781.5546875 0.0 5821.9140625 5772.984375 5798.326041666666 15
stats: {recvpackets,"os_mon@localhost"} 1 2071.0 0.0 2330 1831 2021.0 14
stats: {sentpackets,"os_mon@localhost"} 1 1259.0 0.0 1579 855 1132.9285714285713 14
stats: {cpu,"os_mon@localhost"} 1 3.478699268968994 0.0 9.96477101157524 2.3701462430660616 4.651136484098254 15
stats: {load,"os_mon@localhost"} 1 0.05859375 0.0 0.328125 0.05078125 0.159375 15
stats: session 93 43.26644667758735 2.769816113006638 84.22314453125 31.053955078125 36.34766045374588 755
stats: users_count 93 848
stats: finish_users_count 93 848
stats: request 90 40.72877332899306 2.799205532536919 81.4541015625 28.577880859375 33.69186348820364 755
stats: connect 90 14.732698567708333 0.91630063927641 48.462890625 13.01611328125 15.079648049461921 755
stats: tr_register 90 41.232590060763876 2.7915161698718105 82.0400390625 29.10400390625 34.33938974544701 755
stats: page 90 40.72877332899306 2.799205532536919 81.4541015625 28.577880859375 33.69186348820364 755
stats: 200 90 845
stats: size_rcv 21456 192508
stats: newphase 0 4
stats: size_sent 8460 79430
stats: connected 0 0
# stats: dump at 1402687603
stats: users 0 5
stats: {freemem,"os_mon@localhost"} 1 5781.6953125 0.0 5821.9140625 5772.984375 5797.27783203125 16
stats: {recvpackets,"os_mon@localhost"} 1 2257.0 0.0 2330 1831 2024.3333333333333 15
stats: {sentpackets,"os_mon@localhost"} 1 1433.0 0.0 1579 855 1141.3333333333333 15
stats: {cpu,"os_mon@localhost"} 1 3.756933938477055 0.0 9.96477101157524 2.3701462430660616 4.577859158152675 16
stats: {load,"os_mon@localhost"} 1 0.05078125 0.0 0.328125 0.05078125 0.153076171875 16
stats: session 80 42.55125732421875 2.3893886139314966 84.22314453125 31.053955078125 37.10644243348321 848
stats: users_count 80 928
stats: finish_users_count 80 928
stats: request 82 40.13432498094514 2.437925768686851 81.4541015625 28.577880859375 34.44135684402736 845
stats: page 82 40.13432498094514 2.437925768686851 81.4541015625 28.577880859375 34.44135684402736 845
stats: tr_register 82 40.637037323742376 2.420701275896955 82.0400390625 29.10400390625 35.073576761279575 845
stats: connect 82 14.743467749618903 1.33106727147631 48.462890625 13.01611328125 15.042694850221894 845
stats: 200 82 927
stats: size_rcv 19559 212067
stats: newphase 0 4
stats: size_sent 7708 87138
stats: connected 0 0
# stats: dump at 1402687613
stats: users 0 5
stats: {freemem,"os_mon@localhost"} 1 5781.05859375 0.0 5821.9140625 5772.984375 5796.361213235294 17
stats: {recvpackets,"os_mon@localhost"} 1 2131.0 0.0 2330 1831 2038.875 16
stats: {sentpackets,"os_mon@localhost"} 1 1295.0 0.0 1579 855 1159.5625 16
stats: {cpu,"os_mon@localhost"} 1 3.721398038722655 0.0 9.96477101157524 2.3701462430660616 4.5295694393482275 17
stats: {load,"os_mon@localhost"} 1 0.0390625 0.0 0.328125 0.0390625 0.14705882352941177 17
stats: session 109 45.02166804042431 7.649692844957939 94.612060546875 31.053955078125 37.575823027512136 928
stats: users_count 109 1037
stats: finish_users_count 109 1037
stats: request 110 42.46054909446023 7.6196868572167675 92.2060546875 28.577880859375 34.94494194351739 927
stats: page 110 42.46054909446023 7.6196868572167675 92.2060546875 28.577880859375 34.94494194351739 927
stats: tr_register 110 42.989442027698864 7.610005115127652 92.68798828125 29.10400390625 35.565705958822136 927
stats: connect 110 16.17457608309659 6.218647707265331 61.7119140625 13.01611328125 15.016226002056365 927
stats: 200 110 1037
stats: size_rcv 26218 238285
stats: newphase 0 4
stats: size_sent 10340 97478
stats: connected 0 0
# stats: dump at 1402687623
stats: users 2 5
stats: {freemem,"os_mon@localhost"} 1 5786.1015625 0.0 5821.9140625 5772.984375 5795.511067708333 18
stats: {recvpackets,"os_mon@localhost"} 1 2.3e3 0.0 2330 1831 2044.2941176470588 17
stats: {sentpackets,"os_mon@localhost"} 1 1536.0 0.0 1579 855 1167.5294117647059 17
stats: {cpu,"os_mon@localhost"} 1 3.8296800201562107 0.0 9.96477101157524 2.3701462430660616 4.484671028202362 18
stats: {load,"os_mon@localhost"} 1 0.0390625 0.0 0.328125 0.0390625 0.1410590277777778 18
stats: session 82 43.659257097942074 3.8193425226418993 94.612060546875 31.053955078125 38.35846247438526 1037
stats: users_count 84 1121
stats: finish_users_count 82 1119
stats: request 79 41.15044007120252 3.8888593836269223 92.2060546875 28.577880859375 35.742161602730235 1037
stats: connect 80 14.895083618164062 1.0352786490169186 61.7119140625 13.01611328125 15.13909823823228 1037
stats: page 79 41.15044007120252 3.8888593836269223 92.2060546875 28.577880859375 35.742161602730235 1037
stats: tr_register 79 41.66373182852057 3.8736776694746227 92.68798828125 29.10400390625 36.35318037307135 1037
stats: 200 79 1116
stats: size_rcv 18797 257082
stats: newphase 0 4
stats: size_sent 7520 104998
stats: connected 1 1
# stats: dump at 1402687633
stats: users 1 5
stats: {freemem,"os_mon@localhost"} 1 5789.74609375 0.0 5821.9140625 5772.984375 5795.015830592105 19
stats: {recvpackets,"os_mon@localhost"} 1 2217.0 0.0 2330 1831 2058.5 18
stats: {sentpackets,"os_mon@localhost"} 1 1418.0 0.0 1579 855 1188.0 18
stats: {cpu,"os_mon@localhost"} 1 4.654088050314465 0.0 9.96477101157524 2.3701462430660616 4.4501978172525645 19
stats: {load,"os_mon@localhost"} 1 0.03125 0.0 0.328125 0.03125 0.1356907894736842 19
stats: session 119 44.53044577205884 4.78646299351621 94.612060546875 31.053955078125 38.7469031885333 1119
stats: users_count 118 1239
stats: finish_users_count 119 1238
stats: request 122 41.97089723680842 4.726484850911314 92.2060546875 28.577880859375 36.125005687864025 1116
stats: page 122 41.97089723680842 4.726484850911314 92.2060546875 28.577880859375 36.125005687864025 1116
stats: connect 121 15.03150826446281 1.7254330087768734 61.7119140625 13.01611328125 15.121621810653536 1117
stats: tr_register 122 42.48697049500512 4.73368937871247 92.68798828125 29.10400390625 36.72910650656642 1116
stats: 200 122 1238
stats: size_rcv 29049 286131
stats: newphase 0 4
stats: size_sent 11374 116372
stats: connected -1 0
# stats: dump at 1402687643
stats: users 0 5
stats: {freemem,"os_mon@localhost"} 1 5786.421875 0.0 5821.9140625 5772.984375 5794.75234375 20
stats: {recvpackets,"os_mon@localhost"} 1 2.3e3 0.0 2330 1831 2066.842105263158 19
stats: {sentpackets,"os_mon@localhost"} 1 1506.0 0.0 1579 855 1200.1052631578948 19
stats: {cpu,"os_mon@localhost"} 1 3.917629331993973 0.0 9.96477101157524 2.3701462430660616 4.46039232890566 20
stats: {load,"os_mon@localhost"} 1 0.03125 0.0 0.328125 0.03125 0.13046875 20
stats: session 27 42.754493995949076 3.396221995627178 94.612060546875 31.053955078125 39.3028333722486 1238
stats: users_count 26 1265
stats: finish_users_count 27 1265
stats: request 27 40.302255135995374 3.423081929799963 92.2060546875 28.577880859375 36.701095161992626 1238
stats: page 27 40.302255135995374 3.423081929799963 92.2060546875 28.577880859375 36.701095161992626 1238
stats: connect 27 14.681749131944445 0.868972916653935 61.7119140625 13.01611328125 15.112814266962843 1238
stats: tr_register 27 40.80106155960649 3.40660609089712 92.68798828125 29.10400390625 37.29652121301999 1238
stats: 200 27 1265
stats: size_rcv 6421 292552
stats: newphase 1 5
stats: size_sent 2538 118910
stats: connected 0 0
# stats: dump at 1402687653
stats: users 0 5
stats: {freemem,"os_mon@localhost"} 1 5788.02734375 0.0 5821.9140625 5772.984375 5794.355654761905 21
stats: {recvpackets,"os_mon@localhost"} 1 1912.0 0.0 2330 1831 2078.5 20
stats: {sentpackets,"os_mon@localhost"} 1 905.0 0.0 1579 855 1215.4 20
stats: {cpu,"os_mon@localhost"} 1 3.3491627093226692 0.0 9.96477101157524 2.3701462430660616 4.434546471909865 21
stats: {load,"os_mon@localhost"} 1 0.01953125 0.0 0.328125 0.01953125 0.12574404761904762 21
stats: session 14 43.768345424107146 3.233505937667022 94.612060546875 31.053955078125 39.37650518002719 1265
stats: users_count 14 1279
stats: finish_users_count 14 1279
stats: request 14 41.246529715401785 3.2775262738343254 92.2060546875 28.577880859375 36.77795786499505 1265
stats: page 14 41.246529715401785 3.2775262738343254 92.2060546875 28.577880859375 36.77795786499505 1265
stats: connect 14 15.061261858258929 0.6664301327603276 61.7119140625 13.01611328125 15.103613667243083 1265
stats: tr_register 14 41.7835693359375 3.236620922576059 92.68798828125 29.10400390625 37.371321678915514 1265
stats: 200 14 1279
stats: size_rcv 3330 295882
stats: newphase 0 5
stats: size_sent 1316 120226
stats: connected 0 0
# stats: dump at 1402687663
stats: users 0 5
stats: {freemem,"os_mon@localhost"} 1 5778.265625 0.0 5821.9140625 5772.984375 5794.068004261364 22
stats: {recvpackets,"os_mon@localhost"} 1 1918.0 0.0 2330 1831 2070.5714285714284 21
stats: {sentpackets,"os_mon@localhost"} 1 933.0 0.0 1579 855 1200.6190476190477 21
stats: {cpu,"os_mon@localhost"} 1 3.521478521478522 0.0 9.96477101157524 2.3701462430660616 4.38521084633772 22
stats: {load,"os_mon@localhost"} 1 0.01953125 0.0 0.328125 0.01953125 0.12091619318181818 22
stats: session 8 44.61383056640625 1.633058514610352 94.612060546875 31.053955078125 39.4245784899702 1279
stats: users_count 8 1287
stats: finish_users_count 8 1287
stats: request 8 42.1663818359375 1.5882234353624487 92.2060546875 28.577880859375 36.82687108306049 1279
stats: page 8 42.1663818359375 1.5882234353624487 92.2060546875 28.577880859375 36.82687108306049 1279
stats: connect 8 15.31182861328125 1.1516003667824501 61.7119140625 13.01611328125 15.10315008215647 1279
stats: tr_register 8 42.634674072265625 1.5982512083851397 92.68798828125 29.10400390625 37.41961836945367 1279
stats: 200 8 1287
stats: size_rcv 1911 297793
stats: newphase 0 5
stats: size_sent 752 120978
stats: connected 0 0
# stats: dump at 1402687673
stats: users 0 5
stats: {freemem,"os_mon@localhost"} 1 5789.70703125 0.0 5821.9140625 5772.984375 5793.380944293478 23
stats: {recvpackets,"os_mon@localhost"} 1 1936.0 0.0 2330 1831 2063.6363636363635 22
stats: {sentpackets,"os_mon@localhost"} 1 890.0 0.0 1579 855 1188.4545454545455 22
stats: {cpu,"os_mon@localhost"} 1 4.675 0.0 9.96477101157524 2.3701462430660616 4.347657266996016 23
stats: {load,"os_mon@localhost"} 1 0.01953125 0.0 0.328125 0.01953125 0.11650815217391304 23
stats: session 8 43.5418701171875 1.6394178536224542 94.612060546875 31.053955078125 39.456834913133754 1287
stats: users_count 8 1295
stats: finish_users_count 8 1295
stats: request 8 41.060394287109375 1.6815940989505676 92.2060546875 28.577880859375 36.860061515090806 1287
stats: page 8 41.060394287109375 1.6815940989505676 92.2060546875 28.577880859375 36.860061515090806 1287
stats: connect 8 14.39654541015625 0.6811007545104011 61.7119140625 13.01611328125 15.104447229203089 1287
stats: tr_register 8 41.557525634765625 1.670942121733974 92.68798828125 29.10400390625 37.452035188119176 1287
stats: 200 8 1295
stats: size_rcv 1912 299705
stats: newphase 1 6
stats: size_sent 752 121730
stats: connected 0 0
# stats: dump at 1402687683
stats: users 0 5
stats: {freemem,"os_mon@localhost"} 1 5789.59375 0.0 5821.9140625 5772.984375 5793.227864583333 24
stats: {recvpackets,"os_mon@localhost"} 1 1931.0 0.0 2330 1831 2058.086956521739 23
stats: {sentpackets,"os_mon@localhost"} 1 926.0 0.0 1579 855 1175.4782608695652 23
stats: {cpu,"os_mon@localhost"} 1 3.386853988961365 0.0 9.96477101157524 2.3701462430660616 4.361296547537849 24
stats: {load,"os_mon@localhost"} 1 0.01171875 0.0 0.328125 0.01171875 0.11246744791666667 24
stats: session 8 43.057830810546875 1.3891516522648373 94.612060546875 31.053955078125 39.48207065184605 1295
stats: users_count 8 1303
stats: finish_users_count 8 1303
stats: request 7 40.640380859375 1.486250376758026 92.2060546875 28.577880859375 36.88600951677123 1295
stats: page 7 40.640380859375 1.486250376758026 92.2060546875 28.577880859375 36.88600951677123 1295
stats: connect 7 14.446672712053571 0.598608088656687 61.7119140625 13.01611328125 15.100074090552607 1295
stats: tr_register 7 41.11083984375 1.4715675183244687 92.68798828125 29.10400390625 37.47739729126449 1295
stats: 200 7 1302
stats: size_rcv 1672 301377
stats: newphase 0 6
stats: size_sent 658 122388
stats: connected 0 0
# stats: dump at 1402687693
stats: users 0 5
stats: {freemem,"os_mon@localhost"} 1 5790.4140625 0.0 5821.9140625 5772.984375 5793.0825 25
stats: {recvpackets,"os_mon@localhost"} 1 1921.0 0.0 2330 1831 2052.7916666666665 24
stats: {sentpackets,"os_mon@localhost"} 1 898.0 0.0 1579 855 1165.0833333333333 24
stats: {cpu,"os_mon@localhost"} 1 3.03714859437751 0.0 9.96477101157524 2.3701462430660616 4.32231884519479 25
stats: {load,"os_mon@localhost"} 1 0.01171875 0.0 0.328125 0.01171875 0.1084375 25
stats: session 11 45.62311345880682 2.3240660570568963 94.612060546875 31.053955078125 39.5040246666347 1303
stats: users_count 11 1314
stats: finish_users_count 11 1314
stats: request 11 42.29536576704545 1.3894978508112235 92.2060546875 28.577880859375 36.90619430893577 1302
stats: page 11 42.29536576704545 1.3894978508112235 92.2060546875 28.577880859375 36.90619430893577 1302
stats: connect 11 15.395441228693182 0.9095423758658612 61.7119140625 13.01611328125 15.096561179915515 1302
stats: tr_register 11 42.78091708096591 1.386101529519362 92.68798828125 29.10400390625 37.49693192864344 1302
stats: 200 11 1313
stats: size_rcv 2626 304003
stats: newphase 0 6
stats: size_sent 1034 123422
stats: connected 0 0
# stats: dump at 1402687703
stats: users 0 5
stats: {freemem,"os_mon@localhost"} 1 5790.83203125 0.0 5821.9140625 5772.984375 5792.979867788462 26
stats: {recvpackets,"os_mon@localhost"} 1 1873.0 0.0 2330 1831 2047.52 25
stats: {sentpackets,"os_mon@localhost"} 1 904.0 0.0 1579 855 1154.4 25
stats: {cpu,"os_mon@localhost"} 1 2.890899949723479 0.0 9.96477101157524 2.3701462430660616 4.272889220163356 26
stats: {load,"os_mon@localhost"} 1 0.01171875 0.0 0.328125 0.01171875 0.10471754807692307 26
stats: session 68 46.36464915556066 6.589201467433354 94.612060546875 31.053955078125 39.55524991527541 1314
stats: users_count 68 1382
stats: finish_users_count 68 1382
stats: request 65 44.223565204326924 6.710441300393213 92.2060546875 28.577880859375 36.95134349860767 1313
stats: page 65 44.223565204326924 6.710441300393213 92.2060546875 28.577880859375 36.95134349860767 1313
stats: connect 66 15.643210671164773 1.968780888428094 61.7119140625 13.01611328125 15.09906512548791 1313
stats: tr_register 65 44.731028395432695 6.68040798016456 92.68798828125 29.10400390625 37.541199892600446 1313
stats: 200 65 1378
stats: size_rcv 15451 319454
stats: newphase 1 7
stats: size_sent 6204 129626
stats: connected 1 1
# stats: dump at 1402687713
stats: users 1 5
stats: {freemem,"os_mon@localhost"} 1 5793.40625 0.0 5821.9140625 5772.984375 5792.900318287037 27
stats: {recvpackets,"os_mon@localhost"} 1 2262.0 0.0 2330 1831 2040.8076923076924 26
stats: {sentpackets,"os_mon@localhost"} 1 1403.0 0.0 1579 855 1144.769230769231 26
stats: {cpu,"os_mon@localhost"} 1 3.980971457185779 0.0 9.96477101157524 2.3701462430660616 4.221704432369286 27
stats: {load,"os_mon@localhost"} 1 0.08984375 0.0 0.328125 0.01171875 0.10127314814814815 27
stats: session 99 43.054080847537875 3.9401460237276913 94.612060546875 31.053955078125 39.890299950253265 1382
stats: users_count 100 1482
stats: finish_users_count 99 1481
stats: request 99 40.718767262468425 3.6801266340195666 92.2060546875 28.577880859375 37.29437282434914 1378
stats: page 99 40.718767262468425 3.6801266340195666 92.2060546875 28.577880859375 37.29437282434914 1378
stats: connect 98 14.92794114716199 1.5526227275527265 61.7119140625 13.01611328125 15.125108349573967 1379
stats: tr_register 99 41.22548482875631 3.641227794808526 92.68798828125 29.10400390625 37.88034274650762 1378
stats: 200 99 1477
stats: size_rcv 23536 342990
stats: newphase 0 7
stats: size_sent 9212 138838
stats: connected -1 0
# stats: dump at 1402687723
stats: users 0 5
stats: {freemem,"os_mon@localhost"} 1 5784.96875 0.0 5821.9140625 5772.984375 5792.918387276785 28
stats: {recvpackets,"os_mon@localhost"} 1 2342.0 0.0 2342 1831 2049.0 27
stats: {sentpackets,"os_mon@localhost"} 1 1549.0 0.0 1579 855 1154.3333333333335 27
stats: {cpu,"os_mon@localhost"} 1 4.21792618629174 0.0 9.96477101157524 2.3701462430660616 4.213106826112733 28
stats: {load,"os_mon@localhost"} 1 0.078125 0.0 0.328125 0.01171875 0.10086495535714286 28
stats: session 108 46.386253074363424 22.373715659195003 273.509033203125 31.053955078125 40.10178834244177 1481
stats: users_count 107 1589
stats: finish_users_count 108 1589
stats: request 107 43.76369012850466 22.560433516207738 271.120849609375 28.577880859375 37.523902309368644 1477
stats: page 107 43.76369012850466 22.560433516207738 271.120849609375 28.577880859375 37.523902309368644 1477
stats: connect 107 15.328925872517523 2.1536875506480815 61.7119140625 13.01611328125 15.112026165527674 1477
stats: tr_register 107 44.27351964077104 22.548871597636637 271.578857421875 29.10400390625 38.10456012371996 1477
stats: 200 107 1584
stats: size_rcv 25437 368427
stats: newphase 0 7
stats: size_sent 10058 148896
stats: connected 0 0
# stats: dump at 1402687733
stats: users 1 5
stats: {freemem,"os_mon@localhost"} 1 5794.01171875 0.0 5821.9140625 5772.984375 5792.644261853448 29
stats: {recvpackets,"os_mon@localhost"} 1 2346.0 0.0 2346 1831 2059.464285714286 28
stats: {sentpackets,"os_mon@localhost"} 1 1529.0 0.0 1579 855 1168.4285714285716 28
stats: {cpu,"os_mon@localhost"} 1 4.148855921548907 0.0 9.96477101157524 2.3701462430660616 4.213273010946492 29
stats: {load,"os_mon@localhost"} 1 0.140625 0.0 0.328125 0.01171875 0.10008081896551724 29
stats: session 107 44.259510075934585 4.520637248064358 273.509033203125 31.053955078125 40.528926285202964 1589
stats: users_count 108 1697
stats: finish_users_count 107 1696
stats: request 110 41.652780983664776 4.508520765195971 271.120849609375 28.577880859375 37.945403127959274 1584
stats: page 110 41.652780983664776 4.508520765195971 271.120849609375 28.577880859375 37.945403127959274 1584
stats: connect 111 15.288875545467342 2.192038252432849 61.7119140625 13.01611328125 15.126677850280146 1584
stats: tr_register 110 42.18152077414773 4.480078086894507 271.578857421875 29.10400390625 38.52127645473288 1584
stats: 200 110 1694
stats: size_rcv 26136 394563
stats: newphase 0 7
stats: size_sent 10434 159330
stats: connected 1 1
# stats: dump at 1402687743
stats: users 0 5
stats: {freemem,"os_mon@localhost"} 1 5794.5859375 0.0 5821.9140625 5772.984375 5792.68984375 30
stats: {recvpackets,"os_mon@localhost"} 1 2277.0 0.0 2346 1831 2069.344827586207 29
stats: {sentpackets,"os_mon@localhost"} 1 1476.0 0.0 1579 855 1180.8620689655172 29
stats: {cpu,"os_mon@localhost"} 1 3.516704345641799 0.0 9.96477101157524 2.3701462430660616 4.211125774633239 30
stats: {load,"os_mon@localhost"} 1 0.19921875 0.0 0.328125 0.01171875 0.10143229166666666 30
stats: session 102 46.372692631740186 5.806247870176025 273.509033203125 31.053955078125 40.764287408792754 1696
stats: users_count 101 1798
stats: finish_users_count 102 1798
stats: request 103 43.83285137287622 5.817091700698257 271.120849609375 28.577880859375 38.18614194975834 1694
stats: page 103 43.83285137287622 5.817091700698257 271.120849609375 28.577880859375 38.18614194975834 1694
stats: connect 102 16.138221890318622 3.4306818144659004 61.7119140625 13.01611328125 15.137299646248156 1695
stats: tr_register 103 44.35361280719054 5.789481879127269 271.578857421875 29.10400390625 38.75895465729228 1694
stats: 200 103 1797
stats: size_rcv 24475 419038
stats: newphase 0 7
stats: size_sent 9588 168918
stats: connected -1 0
# stats: dump at 1402687753
stats: users 0 5
stats: {freemem,"os_mon@localhost"} 1 5793.72265625 0.0 5821.9140625 5772.984375 5792.751008064516 31
stats: {recvpackets,"os_mon@localhost"} 1 2262.0 0.0 2346 1831 2076.266666666667 30
stats: {sentpackets,"os_mon@localhost"} 1 1369.0 0.0 1579 855 1190.7 30
stats: {cpu,"os_mon@localhost"} 1 3.4725717161550076 0.0 9.96477101157524 2.3701462430660616 4.188725083375451 31
stats: {load,"os_mon@localhost"} 1 0.23828125 0.0 0.328125 0.01171875 0.1045866935483871 31
stats: session 100 54.716650390625 99.45705367318985 1043.647216796875 31.053955078125 41.08245055269745 1798
stats: users_count 100 1898
stats: finish_users_count 100 1898
stats: request 96 52.69590759277344 101.47857187381057 1041.14111328125 28.577880859375 38.50979863900772 1797
stats: page 96 52.69590759277344 101.47857187381057 1041.14111328125 28.577880859375 38.50979863900772 1797
stats: connect 97 25.56140010873067 100.92559329391966 1014.279052734375 13.01611328125 15.194113262773024 1797
stats: tr_register 96 53.20594278971354 101.4757725355918 1041.625 29.10400390625 39.07962788458194 1797
stats: 200 96 1893
stats: size_rcv 22866 441904
stats: newphase 0 7
stats: size_sent 9118 178036
stats: connected 1 1
# stats: dump at 1402687763
stats: users 0 5
stats: {freemem,"os_mon@localhost"} 1 5794.359375 0.0 5821.9140625 5772.984375 5792.7813720703125 32
stats: {recvpackets,"os_mon@localhost"} 1 2323.0 0.0 2346 1831 2082.2580645161293 31
stats: {sentpackets,"os_mon@localhost"} 1 1493.0 0.0 1579 855 1196.4516129032259 31
stats: {cpu,"os_mon@localhost"} 1 3.8847117794486214 0.0 9.96477101157524 2.3701462430660616 4.166345290649812 32
stats: {load,"os_mon@localhost"} 1 0.19921875 0.0 0.328125 0.01171875 0.1087646484375 32
stats: session 28 87.90883091517857 188.83787525763523 1043.647216796875 31.053955078125 41.800796171134095 1898
stats: users_count 28 1926
stats: finish_users_count 28 1926
stats: request 32 80.0064926147461 177.22775298654616 1041.14111328125 28.577880859375 39.22922096312896 1893
stats: page 32 80.0064926147461 177.22775298654616 1041.14111328125 28.577880859375 39.22922096312896 1893
stats: connect 31 47.061767578125 176.32402154973275 1014.279052734375 13.01611328125 15.725067235348469 1894
stats: tr_register 32 80.48282623291016 177.22839161759055 1041.625 29.10400390625 39.796017863923005 1893
stats: 200 32 1925
stats: size_rcv 7643 449547
stats: newphase 1 8
stats: size_sent 2914 180950
stats: connected -1 0
# stats: dump at 1402687773
stats: users 0 5
stats: {freemem,"os_mon@localhost"} 1 5735.10546875 0.0 5821.9140625 5735.10546875 5792.829190340909 33
stats: {recvpackets,"os_mon@localhost"} 1 2121.0 0.0 2346 1831 2089.78125 32
stats: {sentpackets,"os_mon@localhost"} 1 1125.0 0.0 1579 855 1205.71875 32
stats: {cpu,"os_mon@localhost"} 1 9.42211055276382 0.0 9.96477101157524 2.3701462430660616 4.157810941825534 33
stats: {load,"os_mon@localhost"} 1 0.25 0.0 0.328125 0.01171875 0.11150568181818182 33
stats: session 8 49.323272705078125 9.803661480018993 1043.647216796875 31.053955078125 42.47111027956257 1926
stats: users_count 8 1934
stats: finish_users_count 8 1934
stats: request 9 46.001003689236114 9.549598689246798 1041.14111328125 28.577880859375 39.907076907467534 1925
stats: page 9 46.001003689236114 9.549598689246798 1041.14111328125 28.577880859375 39.907076907467534 1925
stats: connect 9 14.355224609375 0.8892441989806107 1014.279052734375 13.01611328125 16.22971020190747 1925
stats: tr_register 9 46.48570421006944 9.555566372560323 1041.625 29.10400390625 40.47237000304383 1925
stats: 200 9 1934
stats: size_rcv 2150 451697
stats: newphase 0 8
stats: size_sent 846 181796
stats: connected 0 0
# stats: dump at 1402687783
stats: users 0 5
stats: {freemem,"os_mon@localhost"} 1 5713.83203125 0.0 5821.9140625 5713.83203125 5791.13143382353 34
stats: {recvpackets,"os_mon@localhost"} 1 2214.0 0.0 2346 1831 2090.7272727272725 33
stats: {sentpackets,"os_mon@localhost"} 1 1093.0 0.0 1579 855 1203.2727272727273 33
stats: {cpu,"os_mon@localhost"} 1 12.311178247734139 0.0 12.311178247734139 2.3701462430660616 4.312643283323719 34
stats: {load,"os_mon@localhost"} 1 0.2109375 0.0 0.328125 0.01171875 0.11557904411764706 34
stats: session 12 44.385599772135414 4.469034785484391 1043.647216796875 31.053955078125 42.49945428132272 1934
stats: users_count 12 1946
stats: finish_users_count 12 1946
stats: request 12 41.902303059895836 4.503651346053518 1041.14111328125 28.577880859375 39.93543540852023 1934
stats: page 12 41.902303059895836 4.503651346053518 1041.14111328125 28.577880859375 39.93543540852023 1934
stats: connect 12 15.944030761718748 4.487996504443845 1014.279052734375 13.01611328125 16.220987156233843 1934
stats: tr_register 12 42.395589192708336 4.50318201503858 1041.625 29.10400390625 40.500353461091 1934
stats: 200 12 1946
stats: size_rcv 2864 454561
stats: newphase 0 8
stats: size_sent 1128 182924
stats: connected 0 0
# stats: dump at 1402687793
stats: users 0 5
stats: {freemem,"os_mon@localhost"} 1 5719.03515625 0.0 5821.9140625 5713.83203125 5788.922879464286 35
stats: {recvpackets,"os_mon@localhost"} 1 1950.0 0.0 2346 1831 2094.3529411764707 34
stats: {sentpackets,"os_mon@localhost"} 1 946.0 0.0 1579 855 1200.0294117647059 34
stats: {cpu,"os_mon@localhost"} 1 2.844198338786811 0.0 12.311178247734139 2.3701462430660616 4.541172853735445 35
stats: {load,"os_mon@localhost"} 1 0.1796875 0.0 0.328125 0.01171875 0.11830357142857142 35
stats: session 4 47.718994140625 9.052643839065507 1043.647216796875 31.053955078125 42.51108518876863 1946
stats: users_count 4 1950
stats: finish_users_count 4 1950
stats: request 4 45.2313232421875 9.01131651203476 1041.14111328125 28.577880859375 39.94756408879593 1946
stats: page 4 45.2313232421875 9.01131651203476 1041.14111328125 28.577880859375 39.94756408879593 1946
stats: connect 4 18.963134765625 8.151391411043003 1014.279052734375 13.01611328125 16.219279305907953 1946
stats: tr_register 4 45.72509765625 9.038089772393121 1041.625 29.10400390625 40.512040423464796 1946
stats: 200 4 1950
stats: size_rcv 956 455517
stats: newphase 1 9
stats: size_sent 376 183300
stats: connected 0 0
# stats: dump at 1402687803
stats: users 0 5
stats: {freemem,"os_mon@localhost"} 1 5689.7421875 0.0 5821.9140625 5689.7421875 5786.981553819444 36
stats: {recvpackets,"os_mon@localhost"} 1 2053.0 0.0 2346 1831 2090.2285714285713 35
stats: {sentpackets,"os_mon@localhost"} 1 1010.0 0.0 1579 855 1192.7714285714285 35
stats: {cpu,"os_mon@localhost"} 1 7.859824780976219 0.0 12.311178247734139 2.3701462430660616 4.49403467276465 36
stats: {load,"os_mon@localhost"} 1 0.1484375 0.0 0.328125 0.01171875 0.12000868055555555 36
stats: session 4 52.7822265625 10.486769205281915 1043.647216796875 31.053955078125 42.52176807892629 1950
stats: users_count 4 1954
stats: finish_users_count 4 1954
stats: request 4 50.3297119140625 10.476207670963317 1041.14111328125 28.577880859375 39.958402569110575 1950
stats: page 4 50.3297119140625 10.476207670963317 1041.14111328125 28.577880859375 39.958402569110575 1950
stats: connect 4 23.24591064453125 10.057026678251864 1014.279052734375 13.01611328125 16.224907727363785 1950
stats: tr_register 4 50.80535888671875 10.471505251428312 1041.625 29.10400390625 40.52273387419872 1950
stats: 200 4 1954
stats: size_rcv 956 456473
stats: newphase 0 9
stats: size_sent 376 183676
stats: connected 0 0
# stats: dump at 1402687813
stats: users 0 5
stats: {freemem,"os_mon@localhost"} 1 5694.9453125 0.0 5821.9140625 5689.7421875 5784.3534628378375 37
stats: {recvpackets,"os_mon@localhost"} 1 1896.0 0.0 2346 1831 2089.1944444444443 36
stats: {sentpackets,"os_mon@localhost"} 1 908.0 0.0 1579 855 1187.6944444444443 36
stats: {cpu,"os_mon@localhost"} 1 4.471238382316001 0.0 12.311178247734139 2.3701462430660616 4.585001972986585 37
stats: {load,"os_mon@localhost"} 1 0.12890625 0.0 0.328125 0.01171875 0.12077702702702703 37
stats: session 6 44.897298177083336 1.7192143169498744 1043.647216796875 31.053955078125 42.542772088104535 1954
stats: users_count 6 1960
stats: finish_users_count 6 1960
stats: request 6 42.487955729166664 1.6783104370036575 1041.14111328125 28.577880859375 39.97963349919236 1954
stats: page 6 42.487955729166664 1.6783104370036575 1041.14111328125 28.577880859375 39.97963349919236 1954
stats: connect 6 15.220133463541666 0.3862631497687506 1014.279052734375 13.01611328125 16.23928030242452 1954
stats: tr_register 6 42.933024088541664 1.6960305989603335 1041.625 29.10400390625 40.543783260099474 1954
stats: 200 6 1960
stats: size_rcv 1432 457905
stats: newphase 0 9
stats: size_sent 564 184240
stats: connected 0 0
# stats: dump at 1402687823
stats: users 0 5
stats: {freemem,"os_mon@localhost"} 1 5690.80078125 0.0 5821.9140625 5689.7421875 5782.000616776316 38
stats: {recvpackets,"os_mon@localhost"} 1 1998.0 0.0 2346 1831 2083.972972972973 37
stats: {sentpackets,"os_mon@localhost"} 1 997.0 0.0 1579 855 1180.1351351351352 37
stats: {cpu,"os_mon@localhost"} 1 8.631102164066432 0.0 12.311178247734139 2.3701462430660616 4.582008194284727 38
stats: {load,"os_mon@localhost"} 1 0.109375 0.0 0.328125 0.01171875 0.12099095394736842 38
stats: session 43 45.14618345748546 8.842949622151274 1043.647216796875 31.053955078125 42.54997982102998 1960
stats: users_count 43 2003
stats: finish_users_count 43 2003
stats: request 39 42.60571915064103 9.197054741447596 1041.14111328125 28.577880859375 39.98731203663106 1960
stats: page 39 42.60571915064103 9.197054741447596 1041.14111328125 28.577880859375 39.98731203663106 1960
stats: connect 39 16.537747896634617 7.019639600133712 1014.279052734375 13.01611328125 16.23616046516263 1960
stats: tr_register 39 43.067220052083336 9.178775640810462 1041.625 29.10400390625 40.55109726263552 1960
stats: 200 39 1999
stats: size_rcv 9302 467207
stats: newphase 1 10
stats: size_sent 3666 187906
stats: connected 0 0
# stats: dump at 1402687833
stats: users 0 5
stats: {freemem,"os_mon@localhost"} 1 5692.390625 0.0 5821.9140625 5689.7421875 5779.662159455128 39
stats: {recvpackets,"os_mon@localhost"} 1 2091.0 0.0 2346 1831 2081.7105263157896 38
stats: {sentpackets,"os_mon@localhost"} 1 1197.0 0.0 1579 855 1175.3157894736842 38
stats: {cpu,"os_mon@localhost"} 1 8.31858407079646 0.0 12.311178247734139 2.3701462430660616 4.685831116586821 39
stats: {load,"os_mon@localhost"} 1 0.08984375 0.0 0.328125 0.01171875 0.12069310897435898 39
stats: session 106 43.874313642393865 3.704120100211797 1043.647216796875 31.053955078125 42.60571459704975 2003
stats: users_count 106 2109
stats: finish_users_count 106 2109
stats: request 106 41.53258586379715 3.8296029388612167 1041.14111328125 28.577880859375 40.038396517594734 1999
stats: page 106 41.53258586379715 3.8296029388612167 1041.14111328125 28.577880859375 40.038396517594734 1999
stats: connect 106 15.413684772995284 2.6530232404907474 1014.279052734375 13.01611328125 16.242044362024764 1999
stats: tr_register 106 42.019959647700475 3.8065355336471365 1041.625 29.10400390625 40.600186201499184 1999
stats: 200 106 2105
stats: size_rcv 25272 492479
stats: newphase 0 10
stats: size_sent 9964 197870
stats: connected 0 0
# stats: dump at 1402687843
stats: users 0 5
stats: {freemem,"os_mon@localhost"} 1 5695.0546875 0.0 5821.9140625 5689.7421875 5777.48037109375 40
stats: {recvpackets,"os_mon@localhost"} 1 2304.0 0.0 2346 1831 2081.948717948718 39
stats: {sentpackets,"os_mon@localhost"} 1 1502.0 0.0 1579 855 1175.871794871795 39
stats: {cpu,"os_mon@localhost"} 1 6.268882175226587 0.0 12.311178247734139 2.3701462430660616 4.776649940442062 40
stats: {load,"os_mon@localhost"} 1 0.078125 0.0 0.328125 0.01171875 0.119921875 40
stats: session 93 43.59596301663309 2.9065878677125205 1043.647216796875 31.053955078125 42.66947538358672 2109
stats: users_count 93 2202
stats: finish_users_count 93 2202
stats: request 97 41.11232985663662 2.8798615068803164 1041.14111328125 28.577880859375 40.11363835640588 2105
stats: page 97 41.11232985663662 2.8798615068803164 1041.14111328125 28.577880859375 40.11363835640588 2105
stats: connect 97 15.05176032941366 1.6465484914160728 1014.279052734375 13.01611328125 16.200331242577196 2105
stats: tr_register 97 41.57391420344715 2.877851399281471 1041.625 29.10400390625 40.67168073133165 2105
stats: 200 97 2202
stats: size_rcv 23106 515585
stats: newphase 0 10
stats: size_sent 9118 206988
stats: connected 0 0
# stats: dump at 1402687853
stats: users 0 5
stats: {freemem,"os_mon@localhost"} 1 5677.796875 0.0 5821.9140625 5677.796875 5775.469988567073 41
stats: {recvpackets,"os_mon@localhost"} 1 2340.0 0.0 2346 1831 2087.5 40
stats: {sentpackets,"os_mon@localhost"} 1 1531.0 0.0 1579 855 1184.025 40
stats: {cpu,"os_mon@localhost"} 1 7.843631778058008 0.0 12.311178247734139 2.3701462430660616 4.813045848607539 41
stats: {load,"os_mon@localhost"} 1 0.140625 0.0 0.328125 0.01171875 0.11890243902439024 41
stats: session 99 42.99247849589646 4.168363986329508 1043.647216796875 31.053955078125 42.70860497026851 2202
stats: users_count 99 2301
stats: finish_users_count 99 2301
stats: request 99 40.51042899700126 4.181028940527852 1041.14111328125 28.577880859375 40.15763157871395 2202
stats: page 99 40.51042899700126 4.181028940527852 1041.14111328125 28.577880859375 40.15763157871395 2202
stats: connect 99 14.91809205334596 2.6367884237754846 1014.279052734375 13.01611328125 16.14973570280569 2202
stats: tr_register 99 41.00126509232955 4.163329035597883 1041.625 29.10400390625 40.711424894272255 2202
stats: 200 99 2301
stats: size_rcv 23577 539162
stats: newphase 0 10
stats: size_sent 9306 216294
stats: connected 0 0
# stats: dump at 1402687863
stats: users 2 5
stats: {freemem,"os_mon@localhost"} 1 5678.09765625 0.0 5821.9140625 5677.796875 5773.144438244048 42
stats: {recvpackets,"os_mon@localhost"} 1 2386.0 0.0 2386 1831 2093.6585365853657 41
stats: {sentpackets,"os_mon@localhost"} 1 1615.0 0.0 1615 855 1192.4878048780488 41
stats: {cpu,"os_mon@localhost"} 1 7.2814310909549 0.0 12.311178247734139 2.3701462430660616 4.885202656451598 42
stats: {load,"os_mon@localhost"} 1 0.12109375 0.0 0.328125 0.01171875 0.11941964285714286 42
stats: session 96 43.74101765950521 4.071928782740476 1043.647216796875 31.053955078125 42.720818563939595 2301
stats: users_count 98 2399
stats: finish_users_count 96 2397
stats: request 96 41.242505391438826 4.110050985134796 1041.14111328125 28.577880859375 40.17281060714092 2301
stats: page 96 41.242505391438826 4.110050985134796 1041.14111328125 28.577880859375 40.17281060714092 2301
stats: connect 96 15.072161356608072 1.8203151310425514 1014.279052734375 13.01611328125 16.096744515801554 2301
stats: tr_register 96 41.75646972656249 4.080578073385473 1041.625 29.10400390625 40.72389520266324 2301
stats: 200 96 2397
stats: size_rcv 22870 562032
stats: newphase 0 10
stats: size_sent 9024 225318
stats: connected 0 0
# stats: dump at 1402687873
stats: users 2 5
stats: {freemem,"os_mon@localhost"} 1 5687.55859375 0.0 5821.9140625 5677.796875 5770.934047965116 43
stats: {recvpackets,"os_mon@localhost"} 1 2316.0 0.0 2386 1831 2100.6190476190477 42
stats: {sentpackets,"os_mon@localhost"} 1 1505.0 0.0 1615 855 1202.547619047619 42
stats: {cpu,"os_mon@localhost"} 1 5.895691609977324 0.0 12.311178247734139 2.3701462430660616 4.940928899114465 43
stats: {load,"os_mon@localhost"} 1 0.171875 0.0 0.328125 0.01171875 0.11945857558139535 43
stats: session 111 44.04234190244933 4.73065968784782 1043.647216796875 31.053955078125 42.76167760155925 2397
stats: users_count 111 2510
stats: finish_users_count 111 2508
stats: request 110 41.57010165127841 4.760086695303461 1041.14111328125 28.577880859375 40.21565195019165 2397
stats: page 110 41.57010165127841 4.760086695303461 1041.14111328125 28.577880859375 40.21565195019165 2397
stats: connect 112 15.024812970842634 1.7910514096393448 1014.279052734375 13.01611328125 16.05570989615926 2397
stats: tr_register 110 42.05913307883522 4.743658939197083 1041.625 29.10400390625 40.76524987696209 2397
stats: 200 110 2507
stats: size_rcv 26185 588217
stats: newphase 0 10
stats: size_sent 10528 235846
stats: connected 2 2
# stats: dump at 1402687883
stats: users 0 5
stats: {freemem,"os_mon@localhost"} 1 5694.2578125 0.0 5821.9140625 5677.796875 5769.039151278409 44
stats: {recvpackets,"os_mon@localhost"} 1 2265.0 0.0 2386 1831 2105.6279069767443 43
stats: {sentpackets,"os_mon@localhost"} 1 1484.0 0.0 1615 855 1209.5813953488373 43
stats: {cpu,"os_mon@localhost"} 1 7.139253279515641 0.0 12.311178247734139 2.3701462430660616 4.962628051634075 44
stats: {load,"os_mon@localhost"} 1 0.1484375 0.0 0.328125 0.01171875 0.12064985795454546 44
stats: session 42 49.335716610863095 34.9293274293283 1043.647216796875 31.053955078125 42.81835772013931 2508
stats: users_count 40 2550
stats: finish_users_count 42 2550
stats: request 43 46.76350722202035 34.53851130493542 1041.14111328125 28.577880859375 40.27508133476267 2507
stats: page 43 46.76350722202035 34.53851130493542 1041.14111328125 28.577880859375 40.27508133476267 2507
stats: connect 41 15.036900962271341 1.7580092823413227 1014.279052734375 13.01611328125 16.00969138056123 2509
stats: tr_register 43 47.223127498183146 34.54602776299064 1041.625 29.10400390625 40.82202177652573 2507
stats: 200 43 2550
stats: size_rcv 10254 598471
stats: newphase 1 11
stats: size_sent 3854 239700
stats: connected -2 0
# stats: dump at 1402687893
stats: users 0 5
stats: {freemem,"os_mon@localhost"} 1 5745.96875 0.0 5821.9140625 5677.796875 5767.37734375 45
stats: {recvpackets,"os_mon@localhost"} 1 1989.0 0.0 2386 1831 2109.25 44
stats: {sentpackets,"os_mon@localhost"} 1 1.0e3 0.0 1615 855 1215.818181818182 44
stats: {cpu,"os_mon@localhost"} 1 10.220644179558711 0.0 12.311178247734139 2.3701462430660616 5.010997501142554 45
stats: {load,"os_mon@localhost"} 1 0.12109375 0.0 0.328125 0.01171875 0.12126736111111111 45
stats: session 15 43.693196614583336 3.237116571826059 1043.647216796875 31.053955078125 42.92570245481006 2550
stats: users_count 15 2565
stats: finish_users_count 15 2565
stats: request 15 41.27314453125 3.28470508285112 1041.14111328125 28.577880859375 40.38449400658702 2550
stats: page 15 41.27314453125 3.28470508285112 1041.14111328125 28.577880859375 40.38449400658702 2550
stats: connect 15 15.180501302083334 1.9584383104473249 1014.279052734375 13.01611328125 15.994050436580883 2550
stats: tr_register 15 41.73232421875 3.278541873720907 1041.625 29.10400390625 40.929961990655634 2550
stats: 200 15 2565
stats: size_rcv 3567 602038
stats: newphase 0 11
stats: size_sent 1410 241110
stats: connected 0 0
# stats: dump at 1402687903
stats: users 0 5
stats: {freemem,"os_mon@localhost"} 1 5692.73828125 0.0 5821.9140625 5677.796875 5766.911939538043 46
stats: {recvpackets,"os_mon@localhost"} 1 1931.0 0.0 2386 1831 2106.5777777777776 45
stats: {sentpackets,"os_mon@localhost"} 1 981.0 0.0 1615 855 1211.0222222222224 45
stats: {cpu,"os_mon@localhost"} 1 9.982398793060096 0.0 12.311178247734139 2.3701462430660616 5.124250689803775 46
stats: {load,"os_mon@localhost"} 1 0.26953125 0.0 0.328125 0.01171875 0.12126358695652174 46
stats: session 10 42.875390625 3.544752005214057 1043.647216796875 31.053955078125 42.93019072475025 2565
stats: users_count 10 2575
stats: finish_users_count 10 2575
stats: request 10 40.4055419921875 3.7218759740929084 1041.14111328125 28.577880859375 40.389690793280955 2565
stats: page 10 40.4055419921875 3.7218759740929084 1041.14111328125 28.577880859375 40.389690793280955 2565
stats: connect 10 15.060693359375 1.0888570725864974 1014.279052734375 13.01611328125 15.989292839303118 2565
stats: tr_register 10 40.8940185546875 3.5798110128879443 1041.625 29.10400390625 40.93465416742812 2565
stats: 200 10 2575
stats: size_rcv 2371 604409
stats: newphase 0 11
stats: size_sent 940 242050
stats: connected 0 0
# stats: dump at 1402687913
stats: users 0 5
stats: {freemem,"os_mon@localhost"} 1 5679.97265625 0.0 5821.9140625 5677.796875 5765.333776595745 47
stats: {recvpackets,"os_mon@localhost"} 1 2163.0 0.0 2386 1831 2102.760869565217 46
stats: {sentpackets,"os_mon@localhost"} 1 1111.0 0.0 1615 855 1206.021739130435 46
stats: {cpu,"os_mon@localhost"} 1 12.012087635356334 0.0 12.311178247734139 2.3701462430660616 5.227615543064548 47
stats: {load,"os_mon@localhost"} 1 0.21875 0.0 0.328125 0.01171875 0.12441821808510638 47
stats: session 5 43.77158203125 2.358284090986053 1043.647216796875 31.053955078125 42.92997790882889 2575
stats: users_count 5 2580
stats: finish_users_count 5 2580
stats: request 5 41.292626953125 2.3398252794049372 1041.14111328125 28.577880859375 40.38975235133496 2575
stats: page 5 41.292626953125 2.3398252794049372 1041.14111328125 28.577880859375 40.38975235133496 2575
stats: connect 5 14.29833984375 0.609837146501417 1014.279052734375 13.01611328125 15.985686627730583 2575
stats: tr_register 5 41.790966796875 2.3360987446226202 1041.625 29.10400390625 40.9344963592233 2575
stats: 200 5 2580
stats: size_rcv 1193 605602
stats: newphase 1 12
stats: size_sent 470 242520
stats: connected 0 0
# stats: dump at 1402687923
stats: users 0 5
stats: {freemem,"os_mon@localhost"} 1 5668.7109375 0.0 5821.9140625 5668.7109375 5763.555419921875 48
stats: {recvpackets,"os_mon@localhost"} 1 2073.0 0.0 2386 1831 2104.042553191489 47
stats: {sentpackets,"os_mon@localhost"} 1 1026.0 0.0 1615 855 1204.0000000000002 47
stats: {cpu,"os_mon@localhost"} 1 14.18867924528302 0.0 14.18867924528302 2.3701462430660616 5.36895871165396 48
stats: {load,"os_mon@localhost"} 1 0.19140625 0.0 0.328125 0.01171875 0.12638346354166666 48
stats: session 7 43.566964285714285 1.449557615985537 1043.647216796875 31.053955078125 42.931608924570014 2580
stats: users_count 7 2587
stats: finish_users_count 7 2587
stats: request 6 40.648966471354164 1.313519138306349 1041.14111328125 28.577880859375 40.39150210831517 2580
stats: page 6 40.648966471354164 1.313519138306349 1041.14111328125 28.577880859375 40.39150210831517 2580
stats: connect 6 14.741902669270834 0.8649741834749028 1014.279052734375 13.01611328125 15.982416575823644 2580
stats: tr_register 6 41.2628173828125 1.340342531701597 1041.625 29.10400390625 40.936156185652855 2580
stats: 200 6 2586
stats: size_rcv 1433 607035
stats: newphase 0 12
stats: size_sent 564 243084
stats: connected 0 0
# stats: dump at 1402687933
stats: users 0 5
stats: {freemem,"os_mon@localhost"} 1 5669.0859375 0.0 5821.9140625 5668.7109375 5761.619818239796 49
stats: {recvpackets,"os_mon@localhost"} 1 1854.0 0.0 2386 1831 2103.3958333333326 48
stats: {sentpackets,"os_mon@localhost"} 1 872.0 0.0 1615 855 1200.2916666666667 48
stats: {cpu,"os_mon@localhost"} 1 4.944500504540867 0.0 14.18867924528302 2.3701462430660616 5.548953008258635 49
stats: {load,"os_mon@localhost"} 1 0.16015625 0.0 0.328125 0.01171875 0.12771045918367346 49
stats: session 15 74.34298502604166 114.33221160861123 1043.647216796875 31.053955078125 42.933328092536 2587
stats: users_count 15 2602
stats: finish_users_count 15 2602
stats: request 16 70.06820678710938 110.91054211603623 1041.14111328125 28.577880859375 40.39209947342663 2586
stats: page 16 70.06820678710938 110.91054211603623 1041.14111328125 28.577880859375 40.39209947342663 2586
stats: connect 16 33.05105590820313 65.28535570154443 1014.279052734375 13.01611328125 15.979538353302638 2586
stats: tr_register 16 70.56806945800781 110.90878673171241 1041.625 29.10400390625 40.93691410026343 2586
stats: 200 16 2602
stats: size_rcv 3795 610830
stats: newphase 0 12
stats: size_sent 1504 244588
stats: connected 0 0
# stats: dump at 1402687943
stats: users 2 5
stats: {freemem,"os_mon@localhost"} 1 5652.7578125 0.0 5821.9140625 5652.7578125 5759.769140625 50
stats: {recvpackets,"os_mon@localhost"} 1 1910.0 0.0 2386 1831 2098.306122448979 49
stats: {sentpackets,"os_mon@localhost"} 1 934.0 0.0 1615 855 1193.591836734694 49
stats: {cpu,"os_mon@localhost"} 1 7.484879032258064 0.0 14.18867924528302 2.3701462430660616 5.53686395818428 50
stats: {load,"os_mon@localhost"} 1 0.140625 0.0 0.328125 0.01171875 0.128359375 50
stats: session 60 46.9480224609375 10.404614661493062 1043.647216796875 31.053955078125 43.1143983669413 2602
stats: users_count 62 2664
stats: finish_users_count 60 2662
stats: request 57 44.472934655975884 10.60953496498302 1041.14111328125 28.577880859375 40.57458130164298 2602
stats: page 57 44.472934655975884 10.60953496498302 1041.14111328125 28.577880859375 40.57458130164298 2602
stats: connect 57 16.705390796326753 7.520178022089525 1014.279052734375 13.01611328125 16.084513096145994 2602
stats: tr_register 57 44.97621128015351 10.595976272087634 1041.625 29.10400390625 41.11911951368538 2602
stats: 200 57 2659
stats: size_rcv 13569 624399
stats: newphase 1 13
stats: size_sent 5358 249946
stats: connected 0 0
# stats: dump at 1402687953
stats: users 0 5
stats: {freemem,"os_mon@localhost"} 1 5687.46875 0.0 5821.9140625 5652.7578125 5757.670879289216 51
stats: {recvpackets,"os_mon@localhost"} 1 2106.0 0.0 2386 1831 2094.539999999999 50
stats: {sentpackets,"os_mon@localhost"} 1 1308.0 0.0 1615 855 1188.4 50
stats: {cpu,"os_mon@localhost"} 1 5.173725589652549 0.0 14.18867924528302 2.3701462430660616 5.575060332185726 51
stats: {load,"os_mon@localhost"} 1 0.12109375 0.0 0.328125 0.01171875 0.1285998774509804 51
stats: session 102 53.542190850949765 98.17025425980235 1043.647216796875 31.053955078125 43.20080612262867 2662
stats: users_count 100 2764
stats: finish_users_count 102 2764
stats: request 100 51.46390625 99.1312337369187 1041.14111328125 28.577880859375 40.658148861325934 2659
stats: page 100 51.46390625 99.1312337369187 1041.14111328125 28.577880859375 40.658148861325934 2659
stats: connect 100 24.853259277343746 99.13502249538801 1014.279052734375 13.01611328125 16.097822621873824 2659
stats: tr_register 100 51.9481298828125 99.11470114088235 1041.625 29.10400390625 41.20180256396319 2659
stats: 200 100 2759
stats: size_rcv 23832 648231
stats: newphase 0 13
stats: size_sent 9400 259346
stats: connected 0 0
# stats: dump at 1402687963
stats: users 2 5
stats: {freemem,"os_mon@localhost"} 1 5676.71875 0.0 5821.9140625 5652.7578125 5756.320838341346 52
stats: {recvpackets,"os_mon@localhost"} 1 2280.0 0.0 2386 1831 2094.7647058823522 51
stats: {sentpackets,"os_mon@localhost"} 1 1506.0 0.0 1615 855 1190.745098039216 51
stats: {cpu,"os_mon@localhost"} 1 5.642712550607287 0.0 14.18867924528302 2.3701462430660616 5.567342356367781 52
stats: {load,"os_mon@localhost"} 1 0.1015625 0.0 0.328125 0.01171875 0.12845552884615385 52
stats: session 98 46.1927041812819 11.101823787750421 1043.647216796875 31.053955078125 43.58243464733516 2764
stats: users_count 100 2864
stats: finish_users_count 98 2862
stats: request 98 43.696254185267854 11.181211863273532 1041.14111328125 28.577880859375 41.04980371412311 2759
stats: page 98 43.696254185267854 11.181211863273532 1041.14111328125 28.577880859375 41.04980371412311 2759
stats: connect 98 15.203075175382653 1.963948864032364 1014.279052734375 13.01611328125 16.41516356625476 2759
stats: tr_register 98 44.208837392378825 11.169529261655574 1041.625 29.10400390625 41.59130337291025 2759
stats: 200 98 2857
stats: size_rcv 23312 671543
stats: newphase 0 13
stats: size_sent 9212 268558
stats: connected 0 0
# stats: dump at 1402687973
stats: users 0 5
stats: {freemem,"os_mon@localhost"} 1 5676.95703125 0.0 5821.9140625 5652.7578125 5754.8189121462265 53
stats: {recvpackets,"os_mon@localhost"} 1 2253.0 0.0 2386 1831 2098.3269230769224 52
stats: {sentpackets,"os_mon@localhost"} 1 1509.0 0.0 1615 855 1196.8076923076926 52
stats: {cpu,"os_mon@localhost"} 1 4.843592330978809 0.0 14.18867924528302 2.3701462430660616 5.5687644355043755 53
stats: {load,"os_mon@localhost"} 1 0.078125 0.0 0.328125 0.01171875 0.12794811320754718 53
stats: session 116 43.16760043440193 3.7607097511436542 1043.647216796875 31.053955078125 43.67181494584207 2862
stats: users_count 114 2978
stats: finish_users_count 116 2978
stats: request 113 40.50556770257189 3.635479455325735 1041.14111328125 28.577880859375 41.14058150417288 2857
stats: page 113 40.50556770257189 3.635479455325735 1041.14111328125 28.577880859375 41.14058150417288 2857
stats: connect 113 15.081737417035399 2.849112932234702 1014.279052734375 13.01611328125 16.373586855612313 2857
stats: tr_register 113 40.9851960038717 3.632548724498893 1041.625 29.10400390625 41.681089279073326 2857
stats: 200 113 2970
stats: size_rcv 26847 698390
stats: newphase 0 13
stats: size_sent 10622 279180
stats: connected 0 0
# stats: dump at 1402687983
stats: users 1 5
stats: {freemem,"os_mon@localhost"} 1 5659.64453125 0.0 5821.9140625 5652.7578125 5753.377025462963 54
stats: {recvpackets,"os_mon@localhost"} 1 2466.0 0.0 2466 1831 2101.245283018867 53
stats: {sentpackets,"os_mon@localhost"} 1 1610.0 0.0 1615 855 1202.6981132075475 53
stats: {cpu,"os_mon@localhost"} 1 10.99899091826438 0.0 14.18867924528302 2.3701462430660616 5.555335322457607 54
stats: {load,"os_mon@localhost"} 1 0.1484375 0.0 0.328125 0.01171875 0.12702546296296297 54
stats: session 103 43.74549880537015 4.666161928251111 1043.647216796875 31.053955078125 43.65217462236086 2978
stats: users_count 104 3082
stats: finish_users_count 103 3081
stats: request 108 41.33766230830442 4.736871080628554 1041.14111328125 28.577880859375 41.11642104640153 2970
stats: page 108 41.33766230830442 4.736871080628554 1041.14111328125 28.577880859375 41.11642104640153 2970
stats: connect 109 15.151996577551605 2.100434969589752 1014.279052734375 13.01611328125 16.32443568168666 2970
stats: tr_register 108 41.813621238425945 4.678580128631045 1041.625 29.10400390625 41.654612531565654 2970
stats: 200 108 3078
stats: size_rcv 25640 724030
stats: newphase 0 13
stats: size_sent 10246 289426
stats: connected 1 1
# stats: dump at 1402687993
stats: users 0 5
stats: {freemem,"os_mon@localhost"} 1 5607.52734375 0.0 5821.9140625 5607.52734375 5751.672798295454 55
stats: {recvpackets,"os_mon@localhost"} 1 2295.0 0.0 2466 1831 2107.999999999999 54
stats: {sentpackets,"os_mon@localhost"} 1 1518.0 0.0 1615 855 1210.240740740741 54
stats: {cpu,"os_mon@localhost"} 1 9.267187106522288 0.0 14.18867924528302 2.3701462430660616 5.654310878745003 55
stats: {load,"os_mon@localhost"} 1 0.26953125 0.0 0.328125 0.01171875 0.12741477272727272 55
stats: session 96 44.77927907307943 5.928682184067927 1043.647216796875 31.053955078125 43.655294515528645 3081
stats: users_count 95 3177
stats: finish_users_count 96 3177
stats: request 97 42.37659824017396 5.841302006390209 1041.14111328125 28.577880859375 41.12418389769636 3078
stats: page 97 42.37659824017396 5.841302006390209 1041.14111328125 28.577880859375 41.12418389769636 3078
stats: connect 96 15.309641520182291 1.9184890922768671 1014.279052734375 13.01611328125 16.28293004272897 3079
stats: tr_register 97 42.907807969555414 5.790929780995811 1041.625 29.10400390625 41.66019178443794 3078
stats: 200 97 3175
stats: size_rcv 23018 747048
stats: newphase 0 13
stats: size_sent 9024 298450
stats: connected -1 0
# stats: dump at 1402688003
stats: users 0 5
stats: {freemem,"os_mon@localhost"} 1 5604.5390625 0.0 5821.9140625 5604.5390625 5749.098772321428 56
stats: {recvpackets,"os_mon@localhost"} 1 2205.0 0.0 2466 1831 2111.399999999999 55
stats: {sentpackets,"os_mon@localhost"} 1 1407.0 0.0 1615 855 1215.8363636363642 55
stats: {cpu,"os_mon@localhost"} 1 3.58767054067711 0.0 14.18867924528302 2.3701462430660616 5.718826525669597 56
stats: {load,"os_mon@localhost"} 1 0.23046875 0.0 0.328125 0.01171875 0.12995256696428573 56
stats: session 33 43.72203480113637 4.467284762885857 1043.647216796875 31.053955078125 43.689258165992875 3177
stats: users_count 33 3210
stats: finish_users_count 33 3210
stats: request 35 40.891085379464286 4.844510297662573 1041.14111328125 28.577880859375 41.16244663508859 3175
stats: page 35 40.891085379464286 4.844510297662573 1041.14111328125 28.577880859375 41.16244663508859 3175
stats: connect 35 14.900990513392857 1.6059167669402465 1014.279052734375 13.01611328125 16.253501476377952 3175
stats: tr_register 35 41.435679408482144 4.769971342068844 1041.625 29.10400390625 41.698307932455705 3175
stats: 200 35 3210
stats: size_rcv 8276 755324
stats: newphase 1 14
stats: size_sent 3290 301740
stats: connected 0 0
# stats: dump at 1402688013
stats: users 0 5
stats: {freemem,"os_mon@localhost"} 1 5612.35546875 0.0 5821.9140625 5604.5390625 5746.562637061404 57
stats: {recvpackets,"os_mon@localhost"} 1 1896.0 0.0 2466 1831 2113.071428571428 56
stats: {sentpackets,"os_mon@localhost"} 1 946.0 0.0 1615 855 1219.2500000000005 56
stats: {cpu,"os_mon@localhost"} 1 2.980550644102046 0.0 14.18867924528302 2.3701462430660616 5.6814378241784995 57
stats: {load,"os_mon@localhost"} 1 0.19921875 0.0 0.328125 0.01171875 0.13171600877192985 57
stats: session 12 49.126505533854164 7.66393537272265 1043.647216796875 31.053955078125 43.6895951220551 3210
stats: users_count 12 3222
stats: finish_users_count 12 3222
stats: request 12 46.656758626302086 7.630583554129584 1041.14111328125 28.577880859375 41.159487867503906 3210
stats: page 12 46.656758626302086 7.630583554129584 1041.14111328125 28.577880859375 41.159487867503906 3210
stats: connect 12 17.145548502604168 3.36730733310586 1014.279052734375 13.01611328125 16.238754472108646 3210
stats: tr_register 12 47.16961669921875 7.646204116852754 1041.625 29.10400390625 41.695444381571264 3210
stats: 200 12 3222
stats: size_rcv 2851 758175
stats: newphase 0 14
stats: size_sent 1128 302868
stats: connected 0 0
# stats: dump at 1402688023
stats: users 0 5
stats: {freemem,"os_mon@localhost"} 1 5600.37890625 0.0 5821.9140625 5600.37890625 5744.2487203663795 58
stats: {recvpackets,"os_mon@localhost"} 1 1854.0 0.0 2466 1831 2109.263157894736 57
stats: {sentpackets,"os_mon@localhost"} 1 901.0 0.0 1615 855 1214.4561403508776 57
stats: {cpu,"os_mon@localhost"} 1 3.497735279315551 0.0 14.18867924528302 2.3701462430660616 5.634870803832354 58
stats: {load,"os_mon@localhost"} 1 0.171875 0.0 0.328125 0.01171875 0.13287984913793108 58
stats: session 11 42.379638671875 5.701990031256372 1043.647216796875 31.053955078125 43.70984432284393 3222
stats: users_count 11 3233
stats: finish_users_count 11 3233
stats: request 11 39.86561168323863 5.89779518701069 1041.14111328125 28.577880859375 41.179961874054364 3222
stats: page 11 39.86561168323863 5.89779518701069 1041.14111328125 28.577880859375 41.179961874054364 3222
stats: connect 11 15.274591619318182 2.670418197856698 1014.279052734375 13.01611328125 16.24213173106766 3222
stats: tr_register 11 40.40269886363637 5.74606966496202 1041.625 29.10400390625 41.71583236040794 3222
stats: 200 11 3233
stats: size_rcv 2584 760759
stats: newphase 0 14
stats: size_sent 1034 303902
stats: connected 0 0
# stats: dump at 1402688033
stats: users 0 5
stats: {freemem,"os_mon@localhost"} 1 5606.828125 0.0 5821.9140625 5600.37890625 5741.810248940678 59
stats: {recvpackets,"os_mon@localhost"} 1 1906.0 0.0 2466 1831 2104.8620689655163 58
stats: {sentpackets,"os_mon@localhost"} 1 910.0 0.0 1615 855 1209.0517241379316 58
stats: {cpu,"os_mon@localhost"} 1 2.626925991411973 0.0 14.18867924528302 2.3701462430660616 5.598648167823595 59
stats: {load,"os_mon@localhost"} 1 0.140625 0.0 0.328125 0.01171875 0.13354078389830512 59
stats: session 8 41.8807373046875 5.190559252093461 1043.647216796875 31.053955078125 43.70531841435006 3233
stats: users_count 8 3241
stats: finish_users_count 8 3241
stats: request 8 39.3355712890625 5.298777057304602 1041.14111328125 28.577880859375 41.17548991237822 3233
stats: page 8 39.3355712890625 5.298777057304602 1041.14111328125 28.577880859375 41.17548991237822 3233
stats: connect 8 14.71142578125 0.5962408921607777 1014.279052734375 13.01611328125 16.23883976038122 3233
stats: tr_register 8 39.875946044921875 5.2000343583499555 1041.625 29.10400390625 41.71136453842696 3233
stats: 200 8 3241
stats: size_rcv 1882 762641
stats: newphase 1 15
stats: size_sent 752 304654
stats: connected 0 0
# stats: dump at 1402688043
stats: users 0 5
stats: {freemem,"os_mon@localhost"} 1 5615.609375 0.0 5821.9140625 5600.37890625 5739.560546875 60
stats: {recvpackets,"os_mon@localhost"} 1 1823.0 0.0 2466 1823 2101.491525423728 59
stats: {sentpackets,"os_mon@localhost"} 1 883.0 0.0 1615 855 1203.9830508474581 59
stats: {cpu,"os_mon@localhost"} 1 2.6521848951755493 0.0 14.18867924528302 2.3701462430660616 5.549119464883401 60
stats: {load,"os_mon@localhost"} 1 0.26953125 0.0 0.328125 0.01171875 0.1336588541666667 60
stats: session 10 44.31962890625 4.099453583801778 1043.647216796875 31.053955078125 43.700814665853514 3241
stats: users_count 10 3251
stats: finish_users_count 10 3251
stats: request 10 41.8384521484375 4.1741195284948915 1041.14111328125 28.577880859375 41.17094830516238 3241
stats: page 10 41.8384521484375 4.1741195284948915 1041.14111328125 28.577880859375 41.17094830516238 3241
stats: connect 10 15.0408447265625 0.441384455725137 1014.279052734375 13.01611328125 16.23506953149105 3241
stats: tr_register 10 42.3632080078125 4.094414440207309 1041.625 29.10400390625 41.706834039214364 3241
stats: 200 10 3251
stats: size_rcv 2371 765012
stats: newphase 0 15
stats: size_sent 940 305594
stats: connected 0 0
# stats: dump at 1402688053
stats: users 0 5
stats: {freemem,"os_mon@localhost"} 1 5630.98046875 0.0 5821.9140625 5600.37890625 5737.52856045082 61
stats: {recvpackets,"os_mon@localhost"} 1 1910.0 0.0 2466 1823 2096.8499999999995 60
stats: {sentpackets,"os_mon@localhost"} 1 937.0 0.0 1615 855 1198.633333333334 60
stats: {cpu,"os_mon@localhost"} 1 3.447408152994464 0.0 14.18867924528302 2.3701462430660616 5.501628734232453 61
stats: {load,"os_mon@localhost"} 1 0.23046875 0.0 0.328125 0.01171875 0.1358862704918033 61
stats: session 12 46.8409423828125 12.509850976847854 1043.647216796875 31.053955078125 43.70271812399069 3251
stats: users_count 12 3263
stats: finish_users_count 12 3263
stats: request 12 44.28240966796875 12.558930437163747 1041.14111328125 28.577880859375 41.173001531379775 3251
stats: page 12 44.28240966796875 12.558930437163747 1041.14111328125 28.577880859375 41.173001531379775 3251
stats: connect 12 15.740010579427084 1.9334030942544684 1014.279052734375 13.01611328125 16.231396123908986 3251
stats: tr_register 12 44.847452799479164 12.495649290247952 1041.625 29.10400390625 41.70885303019744 3251
stats: 200 12 3263
stats: size_rcv 2823 767835
stats: newphase 0 15
stats: size_sent 1128 306722
stats: connected 0 0
# stats: dump at 1402688063
stats: users 1 5
stats: {freemem,"os_mon@localhost"} 1 5634.52734375 0.0 5821.9140625 5600.37890625 5735.8100428427415 62
stats: {recvpackets,"os_mon@localhost"} 1 1838.0 0.0 2466 1823 2093.786885245901 61
stats: {sentpackets,"os_mon@localhost"} 1 891.0 0.0 1615 855 1194.3442622950824 61
stats: {cpu,"os_mon@localhost"} 1 3.9368104312938814 0.0 14.18867924528302 2.3701462430660616 5.468496144212485 62
stats: {load,"os_mon@localhost"} 1 0.19140625 0.0 0.328125 0.01171875 0.13741179435483875 62
stats: session 56 45.294097900390625 8.307659011215954 1043.647216796875 31.053955078125 43.71425924906145 3263
stats: users_count 57 3320
stats: finish_users_count 56 3319
stats: request 51 42.85345339307598 8.70943185196825 1041.14111328125 28.577880859375 41.184436682357116 3263
stats: page 51 42.85345339307598 8.70943185196825 1041.14111328125 28.577880859375 41.184436682357116 3263
stats: connect 51 15.426551968443627 1.6920818109807334 1014.279052734375 13.01611328125 16.22958900575582 3263
stats: tr_register 51 43.371462354473046 8.688769172790325 1041.625 29.10400390625 41.720395536244446 3263
stats: 200 51 3314
stats: size_rcv 12081 779916
stats: newphase 1 16
stats: size_sent 4794 311516
stats: connected 0 0
# stats: dump at 1402688073
stats: users 1 5
stats: {freemem,"os_mon@localhost"} 1 5635.18359375 0.0 5821.9140625 5600.37890625 5734.202380952381 63
stats: {recvpackets,"os_mon@localhost"} 1 2189.0 0.0 2466 1823 2089.66129032258 62
stats: {sentpackets,"os_mon@localhost"} 1 1343.0 0.0 1615 855 1189.4516129032263 62
stats: {cpu,"os_mon@localhost"} 1 6.292474200855777 0.0 14.18867924528302 2.3701462430660616 5.444183672578856 63
stats: {load,"os_mon@localhost"} 1 0.16015625 0.0 0.328125 0.01171875 0.13826884920634924 63
stats: session 106 54.207171746020066 96.77340769507649 1044.739990234375 31.053955078125 43.74091515881572 3319
stats: users_count 106 3426
stats: finish_users_count 106 3425
stats: request 109 51.40325311783258 95.4591360887059 1042.31591796875 28.577880859375 41.21012161061501 3314
stats: page 109 51.40325311783258 95.4591360887059 1042.31591796875 28.577880859375 41.21012161061501 3314
stats: connect 109 24.272176480074542 95.34237403422257 1014.966064453125 13.01611328125 16.217230861850293 3314
stats: tr_register 109 51.93302035550459 95.448595189117 1042.755126953125 29.10400390625 41.745804228981214 3314
stats: 200 109 3423
stats: size_rcv 25871 805787
stats: newphase 0 16
stats: size_sent 10246 321762
stats: connected 0 0
# stats: dump at 1402688083
stats: users 0 5
stats: {freemem,"os_mon@localhost"} 1 5650.35546875 0.0 5821.9140625 5600.37890625 5732.655212402344 64
stats: {recvpackets,"os_mon@localhost"} 1 2201.0 0.0 2466 1823 2091.2380952380945 63
stats: {sentpackets,"os_mon@localhost"} 1 1437.0 0.0 1615 855 1191.8888888888894 63
stats: {cpu,"os_mon@localhost"} 1 7.482993197278912 0.0 14.18867924528302 2.3701462430660616 5.457438212083184 64
stats: {load,"os_mon@localhost"} 1 0.28125 0.0 0.328125 0.01171875 0.13861083984375003 64
stats: session 92 43.833833113960615 4.870047719657216 1044.739990234375 31.053955078125 44.06483434078467 3425
stats: users_count 91 3517
stats: finish_users_count 92 3517
stats: request 93 41.34204364079303 4.922897387572409 1042.31591796875 28.577880859375 41.53470569892548 3423
stats: page 93 41.34204364079303 4.922897387572409 1042.31591796875 28.577880859375 41.53470569892548 3423
stats: connect 93 15.209220640120968 1.4922082793364633 1014.966064453125 13.01611328125 16.473727815512706 3423
stats: tr_register 93 41.86046969506049 4.84622106733255 1042.755126953125 29.10400390625 42.070199951385845 3423
stats: 200 93 3516
stats: size_rcv 21996 827783
stats: newphase 0 16
stats: size_sent 8742 330504
stats: connected 0 0
# stats: dump at 1402688093
stats: users 0 5
stats: {freemem,"os_mon@localhost"} 1 5646.390625 0.0 5821.9140625 5600.37890625 5731.3890625 65
stats: {recvpackets,"os_mon@localhost"} 1 2193.0 0.0 2466 1823 2092.953124999999 64
stats: {sentpackets,"os_mon@localhost"} 1 1.4e3 0.0 1615 855 1195.7187500000005 64
stats: {cpu,"os_mon@localhost"} 1 8.825748051294946 0.0 14.18867924528302 2.3701462430660616 5.4886005964708104 65
stats: {load,"os_mon@localhost"} 1 0.23828125 0.0 0.328125 0.01171875 0.1408052884615385 65
stats: session 108 43.75416621455441 5.0674873208100815 1044.739990234375 31.053955078125 44.05879165870682 3517
stats: users_count 108 3625
stats: finish_users_count 108 3625
stats: request 106 41.36007287367336 5.08638466024885 1042.31591796875 28.577880859375 41.529609688855416 3516
stats: page 106 41.36007287367336 5.08638466024885 1042.31591796875 28.577880859375 41.529609688855416 3516
stats: connect 106 15.011896097435141 1.1301641912948561 1014.966064453125 13.01611328125 16.440280953364972 3516
stats: tr_register 106 41.86545778670399 5.038606031756566 1042.755126953125 29.10400390625 42.0646524787356 3516
stats: 200 106 3622
stats: size_rcv 25162 852945
stats: newphase 0 16
stats: size_sent 9964 340468
stats: connected 0 0
# stats: dump at 1402688103
stats: users 1 5
stats: {freemem,"os_mon@localhost"} 1 5646.984375 0.0 5821.9140625 5600.37890625 5730.101207386364 66
stats: {recvpackets,"os_mon@localhost"} 1 2285.0 0.0 2466 1823 2094.492307692307 65
stats: {sentpackets,"os_mon@localhost"} 1 1527.0 0.0 1615 855 1198.8615384615389 65
stats: {cpu,"os_mon@localhost"} 1 6.842767295597484 0.0 14.18867924528302 2.3701462430660616 5.539163436695419 66
stats: {load,"os_mon@localhost"} 1 0.28125 0.0 0.328125 0.01171875 0.14228219696969702 66
stats: session 99 42.90862235637624 5.867260488953475 1044.739990234375 30.713134765625 44.04971592133621 3625
stats: users_count 100 3725
stats: finish_users_count 99 3724
stats: request 100 40.36795166015627 5.95593004104375 1042.31591796875 28.2998046875 41.52464809238681 3622
stats: page 100 40.36795166015627 5.95593004104375 1042.31591796875 28.2998046875 41.52464809238681 3622
stats: connect 100 15.29687255859375 1.9928830658091379 1014.966064453125 13.01611328125 16.398478414787235 3622
stats: tr_register 100 40.86643066406252 5.890535131775742 1042.755126953125 28.760986328125 42.05882292673247 3622
stats: 200 100 3722
stats: size_rcv 23613 876558
stats: newphase 0 16
stats: size_sent 9400 349868
stats: connected 0 0
# stats: dump at 1402688113
stats: users 0 5
stats: {freemem,"os_mon@localhost"} 1 5552.19140625 0.0 5821.9140625 5552.19140625 5728.860657649254 67
stats: {recvpackets,"os_mon@localhost"} 1 2760.0 0.0 2760 1823 2097.378787878787 66
stats: {sentpackets,"os_mon@localhost"} 1 1838.0 0.0 1838 855 1203.8333333333337 66
stats: {cpu,"os_mon@localhost"} 1 17.146433041301627 0.0 17.146433041301627 2.3701462430660616 5.558620210708882 67
stats: {load,"os_mon@localhost"} 1 0.30859375 0.0 0.328125 0.01171875 0.14435634328358216 67
stats: session 82 43.91073980564023 5.248878648446334 1044.739990234375 30.713134765625 44.01938072720865 3724
stats: users_count 81 3806
stats: finish_users_count 82 3806
stats: request 82 41.57837509527439 5.214007657863518 1042.31591796875 28.2998046875 41.49357081048916 3722
stats: page 82 41.57837509527439 5.214007657863518 1042.31591796875 28.2998046875 41.49357081048916 3722
stats: connect 83 15.00452983810241 1.661787546453628 1014.966064453125 13.01611328125 16.368881266582143 3722
stats: tr_register 82 42.012501786394814 5.173399970569451 1042.755126953125 28.760986328125 42.02678659511855 3722
stats: 200 82 3804
stats: size_rcv 19427 895985
stats: newphase 0 16
stats: size_sent 7802 357670
stats: connected 1 1
# stats: dump at 1402688123
stats: users 1 5
stats: {freemem,"os_mon@localhost"} 1 5632.0546875 0.0 5821.9140625 5552.19140625 5726.262580422794 68
stats: {recvpackets,"os_mon@localhost"} 1 3108.0 0.0 3108 1823 2107.268656716417 67
stats: {sentpackets,"os_mon@localhost"} 1 1803.0 0.0 1838 855 1213.298507462687 67
stats: {cpu,"os_mon@localhost"} 1 19.98995479658463 0.0 19.98995479658463 2.3701462430660616 5.729029222923481 68
stats: {load,"os_mon@localhost"} 1 0.5 0.0 0.5 0.01171875 0.14677159926470593 68
stats: session 31 43.75474105342741 7.795016621408087 1044.739990234375 30.713134765625 44.01704006626051 3806
stats: users_count 32 3838
stats: finish_users_count 31 3837
stats: request 33 40.982266512784086 7.803643316443488 1042.31591796875 28.2998046875 41.4953988734104 3804
stats: page 33 40.982266512784086 7.803643316443488 1042.31591796875 28.2998046875 41.4953988734104 3804
stats: connect 32 16.279495239257813 4.66439863829048 1014.966064453125 13.01611328125 16.33912011847076 3805
stats: tr_register 33 41.52845348011363 7.711112042786278 1042.755126953125 28.760986328125 42.02647866811662 3804
stats: 200 33 3837
stats: size_rcv 7760 903745
stats: newphase 1 17
stats: size_sent 3008 360678
stats: connected -1 0
# stats: dump at 1402688133
stats: users 0 5
stats: {freemem,"os_mon@localhost"} 1 5625.58203125 0.0 5821.9140625 5552.19140625 5724.897248641304 69
stats: {recvpackets,"os_mon@localhost"} 1 1899.0 0.0 3108 1823 2121.9852941176464 68
stats: {sentpackets,"os_mon@localhost"} 1 968.0 0.0 1838 855 1221.9705882352946 68
stats: {cpu,"os_mon@localhost"} 1 9.617321248741188 0.0 19.98995479658463 2.3701462430660616 5.935709303701179 69
stats: {load,"os_mon@localhost"} 1 0.421875 0.0 0.5 0.01171875 0.15189085144927542 69
stats: session 14 49.7694091796875 9.90490461531525 1044.739990234375 30.713134765625 44.014920892583724 3837
stats: users_count 13 3851
stats: finish_users_count 14 3851
stats: request 14 47.236031668526785 9.913276101017832 1042.31591796875 28.2998046875 41.490985694390154 3837
stats: page 14 47.236031668526785 9.913276101017832 1042.31591796875 28.2998046875 41.490985694390154 3837
stats: connect 14 16.012276785714285 2.493402150790201 1014.966064453125 13.01611328125 16.338622855991005 3837
stats: tr_register 14 47.755894252232146 9.918339530380184 1042.755126953125 28.760986328125 42.02219541786796 3837
stats: 200 14 3851
stats: size_rcv 3317 907062
stats: newphase 0 17
stats: size_sent 1316 361994
stats: connected 0 0
# stats: dump at 1402688143
stats: users 0 5
stats: {freemem,"os_mon@localhost"} 1 5638.171875 0.0 5821.9140625 5552.19140625 5723.478459821428 70
stats: {recvpackets,"os_mon@localhost"} 1 1895.0 0.0 3108 1823 2118.753623188405 69
stats: {sentpackets,"os_mon@localhost"} 1 922.0 0.0 1838 855 1218.2898550724642 69
stats: {cpu,"os_mon@localhost"} 1 5.3531037949233475 0.0 19.98995479658463 2.3701462430660616 5.988303760058893 70
stats: {load,"os_mon@localhost"} 1 0.359375 0.0 0.5 0.01171875 0.15574776785714292 70
stats: session 7 45.21128627232143 6.717457918724999 1044.739990234375 30.713134765625 44.03584087077626 3851
stats: users_count 7 3858
stats: finish_users_count 7 3858
stats: request 7 42.68373325892857 6.735450752093377 1042.31591796875 28.2998046875 41.511871345815216 3851
stats: page 7 42.68373325892857 6.735450752093377 1042.31591796875 28.2998046875 41.511871345815216 3851
stats: connect 7 18.897321428571427 8.84038054702962 1014.966064453125 13.01611328125 16.337436451165278 3851
stats: tr_register 7 43.2412109375 6.744655559644269 1042.755126953125 28.760986328125 42.04303981768128 3851
stats: 200 7 3858
stats: size_rcv 1643 908705
stats: newphase 0 17
stats: size_sent 658 362652
stats: connected 0 0
# stats: dump at 1402688152
stats: users 0 5
stats: {freemem,"os_mon@localhost"} 1 5640.40234375 0.0 5821.9140625 5552.19140625 5722.2769586267605 71
stats: {recvpackets,"os_mon@localhost"} 1 1886.0 0.0 3108 1823 2115.557142857142 70
stats: {sentpackets,"os_mon@localhost"} 1 940.0 0.0 1838 855 1214.0571428571432 70
stats: {cpu,"os_mon@localhost"} 1 5.216955104088287 0.0 19.98995479658463 2.3701462430660616 5.979357281676703 71
stats: {load,"os_mon@localhost"} 1 0.30078125 0.0 0.5 0.01171875 0.15861575704225359 71
stats: session 5 54.0763671875 12.861123041903127 1044.739990234375 30.713134765625 44.03797361256237 3858
stats: users_count 5 3863
stats: finish_users_count 5 3863
stats: request 5 51.606201171875 12.87734346543094 1042.31591796875 28.2998046875 41.513997585678304 3858
stats: page 5 51.606201171875 12.87734346543094 1042.31591796875 28.2998046875 41.513997585678304 3858
stats: connect 5 14.8373046875 0.6716053550256801 1014.966064453125 13.01611328125 16.342081136194267 3858
stats: tr_register 5 52.077734375 12.86998470046876 1042.755126953125 28.760986328125 42.04521379327453 3858
stats: 200 5 3863
stats: size_rcv 1195 909900
stats: newphase 0 17
stats: size_sent 470 363122
stats: connected 0 0
EndMonitor:{1402,688152,393664}
