
=INFO REPORT==== 14-Jun-2014::20:54:53 ===
    ts_config_server:(5:<0.54.0>) Config server started, logdir is "/home/ubuntu/tsung/log/reg/20140614-2054"
 
=INFO REPORT==== 14-Jun-2014::20:54:53 ===
              ts_mon:(5:<0.53.0>) starting monitor, global 

=INFO REPORT==== 14-Jun-2014::20:54:53 ===
           ts_config:(5:<0.54.0>) Reading config file: ./xml/aws_test_reg.xml

=INFO REPORT==== 14-Jun-2014::20:54:53 ===
           ts_config:(5:<0.54.0>) Session name for id 1 is "register"

=INFO REPORT==== 14-Jun-2014::20:54:53 ===
    ts_config_server:(4:<0.54.0>) SYSINFO:Tsung version: 1.5.1

=INFO REPORT==== 14-Jun-2014::20:54:53 ===
    ts_config_server:(4:<0.54.0>) SYSINFO:Erlang version: Erlang R16B03 (erts-5.10.4) [source] [64-bit] [async-threads:16] [hipe] [kernel-poll:true]


=INFO REPORT==== 14-Jun-2014::20:54:53 ===
    ts_config_server:(4:<0.54.0>) SYSINFO:System architecture x86_64-pc-linux-gnu

=INFO REPORT==== 14-Jun-2014::20:54:53 ===
    ts_config_server:(4:<0.54.0>) SYSINFO:Current path: /usr/lib/erlang/lib/tsung-1.5.1/ebin/tsung.beam

=INFO REPORT==== 14-Jun-2014::20:54:53 ===
              ts_mon:(5:<0.55.0>) Activate clients with text backend

=INFO REPORT==== 14-Jun-2014::20:54:53 ===
              ts_mon:(5:<0.55.0>) Starting tsung clients on hosts: [localhost]

=INFO REPORT==== 14-Jun-2014::20:54:53 ===
    ts_config_server:(5:<0.54.0>) Start a launcher on the controller beam localhost

=INFO REPORT==== 14-Jun-2014::20:54:53 ===
  ts_launcher_static:(5:<0.90.0>) Launch msg receive ("localhost")

=INFO REPORT==== 14-Jun-2014::20:54:53 ===
         ts_launcher:(5:<0.91.0>) Launch msg receive ("localhost")

=INFO REPORT==== 14-Jun-2014::20:54:53 ===
    ts_config_server:(5:<0.54.0>) All remote beams started, syncing 

=INFO REPORT==== 14-Jun-2014::20:54:53 ===
    ts_config_server:(5:<0.54.0>) Undefined ports_range config 

=INFO REPORT==== 14-Jun-2014::20:54:53 ===
    ts_config_server:(5:<0.54.0>) New arrival phase 1 for client "localhost" (last ? true): will start 30 users

=INFO REPORT==== 14-Jun-2014::20:54:53 ===
    ts_config_server:(5:<0.54.0>) New arrival phase 2 for client "localhost" (last ? true): will start 600 users

=INFO REPORT==== 14-Jun-2014::20:54:53 ===
    ts_config_server:(5:<0.54.0>) New arrival phase 3 for client "localhost" (last ? true): will start 30 users

=INFO REPORT==== 14-Jun-2014::20:54:53 ===
    ts_config_server:(5:<0.54.0>) New arrival phase 4 for client "localhost" (last ? true): will start 30 users

=INFO REPORT==== 14-Jun-2014::20:54:53 ===
    ts_config_server:(5:<0.54.0>) New arrival phase 5 for client "localhost" (last ? true): will start 600 users

=INFO REPORT==== 14-Jun-2014::20:54:53 ===
    ts_config_server:(5:<0.54.0>) New arrival phase 6 for client "localhost" (last ? true): will start 30 users

=INFO REPORT==== 14-Jun-2014::20:54:53 ===
         ts_launcher:(5:<0.91.0>) Expected duration of first phase: 30.0 sec (30 users) 

=INFO REPORT==== 14-Jun-2014::20:54:53 ===
         ts_launcher:(2:<0.91.0>) WARNING !!! too few file descriptors available (1024), you should decrease maxusers (currently 50000)
=INFO REPORT==== 14-Jun-2014::20:54:53 ===
         ts_launcher:(5:<0.91.0>) Activate launcher (30 users) in 1841 msec 

=INFO REPORT==== 14-Jun-2014::20:54:54 ===
    ts_os_mon_erlang:(5:<0.77.0>) Starting os_mon beam on host "aws-server1" 

=INFO REPORT==== 14-Jun-2014::20:54:54 ===
    ts_os_mon_erlang:(5:<0.76.0>) Starting os_mon beam on host "localhost" 

=INFO REPORT==== 14-Jun-2014::20:54:54 ===
    ts_os_mon_erlang:(5:<0.78.0>) Starting os_mon beam on host "aws-server2" 

=INFO REPORT==== 14-Jun-2014::20:54:55 ===
    ts_os_mon_erlang:(5:<0.76.0>) Loading tsung monitor on nodes [os_mon@localhost]

=INFO REPORT==== 14-Jun-2014::20:55:24 ===
         ts_launcher:(5:<0.91.0>) Phase duration exceeded, but not all users were launched (3 users, 10.0% of phase)

=INFO REPORT==== 14-Jun-2014::20:55:24 ===
         ts_launcher:(5:<0.91.0>) Start a new arrival phase (600 users, 0.01); expected duration=60.0 sec

=INFO REPORT==== 14-Jun-2014::20:55:26 ===
    ts_os_mon_erlang:(3:<0.77.0>) Fail to start beam on host "aws-server1" ({error,
                                                                             timeout})

=ERROR REPORT==== 14-Jun-2014::20:55:26 ===
** Generic server <0.77.0> terminating 
** Last message in was {timeout,#Ref<0.0.0.320>,start_beam}
** When Server state == {state,{global,ts_mon},
                               10000,undefined,"aws-server1",undefined,[]}
** Reason for termination == 
** {error,timeout}

=INFO REPORT==== 14-Jun-2014::20:55:26 ===
    ts_os_mon_erlang:(3:<0.78.0>) Fail to start beam on host "aws-server2" ({error,
                                                                             timeout})

=ERROR REPORT==== 14-Jun-2014::20:55:26 ===
** Generic server <0.78.0> terminating 
** Last message in was {timeout,#Ref<0.0.0.322>,start_beam}
** When Server state == {state,{global,ts_mon},
                               10000,undefined,"aws-server2",undefined,[]}
** Reason for termination == 
** {error,timeout}

=INFO REPORT==== 14-Jun-2014::20:55:26 ===
           ts_search:(4:<0.167.0>) Dyn Var: no Match (varname=device_id), 

=INFO REPORT==== 14-Jun-2014::20:55:27 ===
    ts_os_mon_erlang:(5:<0.158.0>) Starting os_mon beam on host "aws-server1" 

=INFO REPORT==== 14-Jun-2014::20:55:27 ===
    ts_os_mon_erlang:(5:<0.161.0>) Starting os_mon beam on host "aws-server2" 

=INFO REPORT==== 14-Jun-2014::20:55:28 ===
           ts_search:(4:<0.187.0>) Dyn Var: no Match (varname=device_id), 

=INFO REPORT==== 14-Jun-2014::20:55:46 ===
           ts_search:(4:<0.394.0>) Dyn Var: no Match (varname=device_id), 

=INFO REPORT==== 14-Jun-2014::20:55:50 ===
           ts_search:(4:<0.423.0>) Dyn Var: no Match (varname=device_id), 

=INFO REPORT==== 14-Jun-2014::20:55:50 ===
           ts_search:(4:<0.426.0>) Dyn Var: no Match (varname=device_id), 

=INFO REPORT==== 14-Jun-2014::20:55:52 ===
           ts_search:(4:<0.450.0>) Dyn Var: no Match (varname=device_id), 

=INFO REPORT==== 14-Jun-2014::20:55:52 ===
           ts_search:(4:<0.452.0>) Dyn Var: no Match (varname=device_id), 

=INFO REPORT==== 14-Jun-2014::20:55:59 ===
    ts_os_mon_erlang:(3:<0.158.0>) Fail to start beam on host "aws-server1" ({error,
                                                                              timeout})

=ERROR REPORT==== 14-Jun-2014::20:55:59 ===
** Generic server <0.158.0> terminating 
** Last message in was {timeout,#Ref<0.0.0.1024>,start_beam}
** When Server state == {state,{global,ts_mon},
                               10000,undefined,"aws-server1",undefined,[]}
** Reason for termination == 
** {error,timeout}

=INFO REPORT==== 14-Jun-2014::20:55:59 ===
    ts_os_mon_erlang:(3:<0.161.0>) Fail to start beam on host "aws-server2" ({error,
                                                                              timeout})

=ERROR REPORT==== 14-Jun-2014::20:55:59 ===
** Generic server <0.161.0> terminating 
** Last message in was {timeout,#Ref<0.0.0.1032>,start_beam}
** When Server state == {state,{global,ts_mon},
                               10000,undefined,"aws-server2",undefined,[]}
** Reason for termination == 
** {error,timeout}

=INFO REPORT==== 14-Jun-2014::20:56:00 ===
    ts_os_mon_erlang:(5:<0.520.0>) Starting os_mon beam on host "aws-server1" 

=INFO REPORT==== 14-Jun-2014::20:56:00 ===
    ts_os_mon_erlang:(5:<0.524.0>) Starting os_mon beam on host "aws-server2" 

=INFO REPORT==== 14-Jun-2014::20:56:02 ===
           ts_search:(4:<0.559.0>) Dyn Var: no Match (varname=device_id), 

=INFO REPORT==== 14-Jun-2014::20:56:03 ===
           ts_search:(4:<0.561.0>) Dyn Var: no Match (varname=device_id), 

=INFO REPORT==== 14-Jun-2014::20:56:05 ===
           ts_search:(4:<0.587.0>) Dyn Var: no Match (varname=device_id), 

=INFO REPORT==== 14-Jun-2014::20:56:08 ===
           ts_search:(4:<0.616.0>) Dyn Var: no Match (varname=device_id), 

=INFO REPORT==== 14-Jun-2014::20:56:11 ===
           ts_search:(4:<0.652.0>) Dyn Var: no Match (varname=device_id), 

=INFO REPORT==== 14-Jun-2014::20:56:13 ===
           ts_search:(4:<0.668.0>) Dyn Var: no Match (varname=device_id), 

=INFO REPORT==== 14-Jun-2014::20:56:17 ===
           ts_search:(4:<0.697.0>) Dyn Var: no Match (varname=device_id), 

=INFO REPORT==== 14-Jun-2014::20:56:20 ===
           ts_search:(4:<0.730.0>) Dyn Var: no Match (varname=device_id), 

=INFO REPORT==== 14-Jun-2014::20:56:21 ===
           ts_search:(4:<0.741.0>) Dyn Var: no Match (varname=device_id), 

=INFO REPORT==== 14-Jun-2014::20:56:22 ===
           ts_search:(4:<0.756.0>) Dyn Var: no Match (varname=device_id), 

=INFO REPORT==== 14-Jun-2014::20:56:23 ===
           ts_search:(4:<0.765.0>) Dyn Var: no Match (varname=device_id), 

=INFO REPORT==== 14-Jun-2014::20:56:24 ===
         ts_launcher:(5:<0.91.0>) Phase duration exceeded, but not all users were launched (3 users, 0.5% of phase)

=INFO REPORT==== 14-Jun-2014::20:56:24 ===
         ts_launcher:(5:<0.91.0>) Start a new arrival phase (30 users, 0.001); expected duration=30.0 sec

=INFO REPORT==== 14-Jun-2014::20:56:31 ===
           ts_search:(4:<0.776.0>) Dyn Var: no Match (varname=device_id), 

=INFO REPORT==== 14-Jun-2014::20:56:32 ===
    ts_os_mon_erlang:(3:<0.520.0>) Fail to start beam on host "aws-server1" ({error,
                                                                              timeout})

=ERROR REPORT==== 14-Jun-2014::20:56:32 ===
** Generic server <0.520.0> terminating 
** Last message in was {timeout,#Ref<0.0.0.5020>,start_beam}
** When Server state == {state,{global,ts_mon},
                               10000,undefined,"aws-server1",undefined,[]}
** Reason for termination == 
** {error,timeout}

=INFO REPORT==== 14-Jun-2014::20:56:32 ===
    ts_os_mon_erlang:(3:<0.524.0>) Fail to start beam on host "aws-server2" ({error,
                                                                              timeout})

=ERROR REPORT==== 14-Jun-2014::20:56:32 ===
** Generic server <0.524.0> terminating 
** Last message in was {timeout,#Ref<0.0.0.5039>,start_beam}
** When Server state == {state,{global,ts_mon},
                               10000,undefined,"aws-server2",undefined,[]}
** Reason for termination == 
** {error,timeout}

=INFO REPORT==== 14-Jun-2014::20:56:33 ===
    ts_os_mon_erlang:(5:<0.781.0>) Starting os_mon beam on host "aws-server1" 

=INFO REPORT==== 14-Jun-2014::20:56:33 ===
    ts_os_mon_erlang:(5:<0.784.0>) Starting os_mon beam on host "aws-server2" 

=INFO REPORT==== 14-Jun-2014::20:56:35 ===
           ts_search:(4:<0.794.0>) Dyn Var: no Match (varname=device_id), 

=INFO REPORT==== 14-Jun-2014::20:56:38 ===
           ts_search:(4:<0.801.0>) Dyn Var: no Match (varname=device_id), 

=INFO REPORT==== 14-Jun-2014::20:56:42 ===
           ts_search:(4:<0.804.0>) Dyn Var: no Match (varname=device_id), 

=INFO REPORT==== 14-Jun-2014::20:56:49 ===
         ts_launcher:(4:<0.91.0>) Need to wait 4.919 sec before changing phase, going to sleep

=INFO REPORT==== 14-Jun-2014::20:56:54 ===
         ts_launcher:(5:<0.91.0>) Waking up

=INFO REPORT==== 14-Jun-2014::20:56:54 ===
         ts_launcher:(5:<0.91.0>) Start a new arrival phase (30 users, 0.001); expected duration=30.0 sec

=INFO REPORT==== 14-Jun-2014::20:57:05 ===
    ts_os_mon_erlang:(3:<0.781.0>) Fail to start beam on host "aws-server1" ({error,
                                                                              timeout})

=ERROR REPORT==== 14-Jun-2014::20:57:05 ===
** Generic server <0.781.0> terminating 
** Last message in was {timeout,#Ref<0.0.0.7912>,start_beam}
** When Server state == {state,{global,ts_mon},
                               10000,undefined,"aws-server1",undefined,[]}
** Reason for termination == 
** {error,timeout}

=INFO REPORT==== 14-Jun-2014::20:57:05 ===
    ts_os_mon_erlang:(3:<0.784.0>) Fail to start beam on host "aws-server2" ({error,
                                                                              timeout})

=ERROR REPORT==== 14-Jun-2014::20:57:05 ===
** Generic server <0.784.0> terminating 
** Last message in was {timeout,#Ref<0.0.0.7920>,start_beam}
** When Server state == {state,{global,ts_mon},
                               10000,undefined,"aws-server2",undefined,[]}
** Reason for termination == 
** {error,timeout}

=INFO REPORT==== 14-Jun-2014::20:57:06 ===
    ts_os_mon_erlang:(5:<0.829.0>) Starting os_mon beam on host "aws-server1" 

=INFO REPORT==== 14-Jun-2014::20:57:06 ===
    ts_os_mon_erlang:(5:<0.832.0>) Starting os_mon beam on host "aws-server2" 

=INFO REPORT==== 14-Jun-2014::20:57:22 ===
           ts_search:(4:<0.857.0>) Dyn Var: no Match (varname=device_id), 

=INFO REPORT==== 14-Jun-2014::20:57:24 ===
         ts_launcher:(4:<0.91.0>) Need to wait 0.494 sec before changing phase, going to sleep

=INFO REPORT==== 14-Jun-2014::20:57:24 ===
         ts_launcher:(5:<0.91.0>) Waking up

=INFO REPORT==== 14-Jun-2014::20:57:24 ===
         ts_launcher:(5:<0.91.0>) Start a new arrival phase (600 users, 0.01); expected duration=60.0 sec

=INFO REPORT==== 14-Jun-2014::20:57:26 ===
           ts_search:(4:<0.889.0>) Dyn Var: no Match (varname=device_id), 

=INFO REPORT==== 14-Jun-2014::20:57:27 ===
           ts_search:(4:<0.895.0>) Dyn Var: no Match (varname=device_id), 

=INFO REPORT==== 14-Jun-2014::20:57:29 ===
           ts_search:(4:<0.919.0>) Dyn Var: no Match (varname=device_id), 

=INFO REPORT==== 14-Jun-2014::20:57:30 ===
           ts_search:(4:<0.928.0>) Dyn Var: no Match (varname=device_id), 

=INFO REPORT==== 14-Jun-2014::20:57:30 ===
           ts_search:(4:<0.931.0>) Dyn Var: no Match (varname=device_id), 

=INFO REPORT==== 14-Jun-2014::20:57:30 ===
           ts_search:(4:<0.934.0>) Dyn Var: no Match (varname=device_id), 

=INFO REPORT==== 14-Jun-2014::20:57:31 ===
           ts_search:(4:<0.943.0>) Dyn Var: no Match (varname=device_id), 

=INFO REPORT==== 14-Jun-2014::20:57:31 ===
           ts_search:(4:<0.950.0>) Dyn Var: no Match (varname=device_id), 

=INFO REPORT==== 14-Jun-2014::20:57:33 ===
           ts_search:(4:<0.970.0>) Dyn Var: no Match (varname=device_id), 

=INFO REPORT==== 14-Jun-2014::20:57:35 ===
           ts_search:(4:<0.985.0>) Dyn Var: no Match (varname=device_id), 

=INFO REPORT==== 14-Jun-2014::20:57:36 ===
           ts_search:(4:<0.989.0>) Dyn Var: no Match (varname=device_id), 

=INFO REPORT==== 14-Jun-2014::20:57:38 ===
           ts_search:(4:<0.1014.0>) Dyn Var: no Match (varname=device_id), 

=INFO REPORT==== 14-Jun-2014::20:57:38 ===
           ts_search:(4:<0.1015.0>) Dyn Var: no Match (varname=device_id), 

=INFO REPORT==== 14-Jun-2014::20:57:38 ===
    ts_os_mon_erlang:(3:<0.829.0>) Fail to start beam on host "aws-server1" ({error,
                                                                              timeout})

=ERROR REPORT==== 14-Jun-2014::20:57:38 ===
** Generic server <0.829.0> terminating 
** Last message in was {timeout,#Ref<0.0.0.8463>,start_beam}
** When Server state == {state,{global,ts_mon},
                               10000,undefined,"aws-server1",undefined,[]}
** Reason for termination == 
** {error,timeout}

=INFO REPORT==== 14-Jun-2014::20:57:38 ===
    ts_os_mon_erlang:(3:<0.832.0>) Fail to start beam on host "aws-server2" ({error,
                                                                              timeout})

=ERROR REPORT==== 14-Jun-2014::20:57:38 ===
** Generic server <0.832.0> terminating 
** Last message in was {timeout,#Ref<0.0.0.8471>,start_beam}
** When Server state == {state,{global,ts_mon},
                               10000,undefined,"aws-server2",undefined,[]}
** Reason for termination == 
** {error,timeout}

=INFO REPORT==== 14-Jun-2014::20:57:39 ===
    ts_os_mon_erlang:(5:<0.1020.0>) Starting os_mon beam on host "aws-server1" 

=INFO REPORT==== 14-Jun-2014::20:57:39 ===
    ts_os_mon_erlang:(5:<0.1023.0>) Starting os_mon beam on host "aws-server2" 

=INFO REPORT==== 14-Jun-2014::20:57:41 ===
           ts_search:(4:<0.1059.0>) Dyn Var: no Match (varname=device_id), 

=INFO REPORT==== 14-Jun-2014::20:57:42 ===
           ts_search:(4:<0.1067.0>) Dyn Var: no Match (varname=device_id), 

=INFO REPORT==== 14-Jun-2014::20:57:43 ===
           ts_search:(4:<0.1075.0>) Dyn Var: no Match (varname=device_id), 

=INFO REPORT==== 14-Jun-2014::20:57:44 ===
           ts_search:(4:<0.1087.0>) Dyn Var: no Match (varname=device_id), 

=INFO REPORT==== 14-Jun-2014::20:57:44 ===
           ts_search:(4:<0.1088.0>) Dyn Var: no Match (varname=device_id), 

=INFO REPORT==== 14-Jun-2014::20:57:45 ===
           ts_search:(4:<0.1095.0>) Dyn Var: no Match (varname=device_id), 

=INFO REPORT==== 14-Jun-2014::20:57:47 ===
           ts_search:(4:<0.1122.0>) Dyn Var: no Match (varname=device_id), 

=INFO REPORT==== 14-Jun-2014::20:57:48 ===
           ts_search:(4:<0.1134.0>) Dyn Var: no Match (varname=device_id), 

=INFO REPORT==== 14-Jun-2014::20:57:51 ===
           ts_search:(4:<0.1169.0>) Dyn Var: no Match (varname=device_id), 

=INFO REPORT==== 14-Jun-2014::20:57:51 ===
           ts_search:(4:<0.1170.0>) Dyn Var: no Match (varname=device_id), 

=INFO REPORT==== 14-Jun-2014::20:57:52 ===
           ts_search:(4:<0.1175.0>) Dyn Var: no Match (varname=device_id), 

=INFO REPORT==== 14-Jun-2014::20:57:52 ===
           ts_search:(4:<0.1180.0>) Dyn Var: no Match (varname=device_id), 

=INFO REPORT==== 14-Jun-2014::20:57:54 ===
           ts_search:(4:<0.1195.0>) Dyn Var: no Match (varname=device_id), 

=INFO REPORT==== 14-Jun-2014::20:57:54 ===
           ts_search:(4:<0.1204.0>) Dyn Var: no Match (varname=device_id), 

=INFO REPORT==== 14-Jun-2014::20:57:56 ===
           ts_search:(4:<0.1222.0>) Dyn Var: no Match (varname=device_id), 

=INFO REPORT==== 14-Jun-2014::20:57:56 ===
           ts_search:(4:<0.1226.0>) Dyn Var: no Match (varname=device_id), 

=INFO REPORT==== 14-Jun-2014::20:57:56 ===
           ts_search:(4:<0.1230.0>) Dyn Var: no Match (varname=device_id), 

=INFO REPORT==== 14-Jun-2014::20:57:56 ===
           ts_search:(4:<0.1232.0>) Dyn Var: no Match (varname=device_id), 

=INFO REPORT==== 14-Jun-2014::20:57:56 ===
           ts_search:(4:<0.1233.0>) Dyn Var: no Match (varname=device_id), 

=INFO REPORT==== 14-Jun-2014::20:57:59 ===
           ts_search:(4:<0.1260.0>) Dyn Var: no Match (varname=device_id), 

=INFO REPORT==== 14-Jun-2014::20:58:02 ===
           ts_search:(4:<0.1274.0>) Dyn Var: no Match (varname=device_id), 

=INFO REPORT==== 14-Jun-2014::20:58:03 ===
           ts_search:(4:<0.1282.0>) Dyn Var: no Match (varname=device_id), 

=INFO REPORT==== 14-Jun-2014::20:58:03 ===
           ts_search:(4:<0.1289.0>) Dyn Var: no Match (varname=device_id), 

=INFO REPORT==== 14-Jun-2014::20:58:04 ===
           ts_search:(4:<0.1294.0>) Dyn Var: no Match (varname=device_id), 

=INFO REPORT==== 14-Jun-2014::20:58:05 ===
           ts_search:(4:<0.1308.0>) Dyn Var: no Match (varname=device_id), 

=INFO REPORT==== 14-Jun-2014::20:58:05 ===
           ts_search:(4:<0.1312.0>) Dyn Var: no Match (varname=device_id), 

=INFO REPORT==== 14-Jun-2014::20:58:07 ===
           ts_search:(4:<0.1323.0>) Dyn Var: no Match (varname=device_id), 

=INFO REPORT==== 14-Jun-2014::20:58:07 ===
           ts_search:(4:<0.1327.0>) Dyn Var: no Match (varname=device_id), 

=INFO REPORT==== 14-Jun-2014::20:58:08 ===
           ts_search:(4:<0.1331.0>) Dyn Var: no Match (varname=device_id), 

=INFO REPORT==== 14-Jun-2014::20:58:10 ===
           ts_search:(4:<0.1356.0>) Dyn Var: no Match (varname=device_id), 

=INFO REPORT==== 14-Jun-2014::20:58:11 ===
    ts_os_mon_erlang:(3:<0.1020.0>) Fail to start beam on host "aws-server1" ({error,
                                                                               timeout})

=ERROR REPORT==== 14-Jun-2014::20:58:11 ===
** Generic server <0.1020.0> terminating 
** Last message in was {timeout,#Ref<0.0.0.10587>,start_beam}
** When Server state == {state,{global,ts_mon},
                               10000,undefined,"aws-server1",undefined,[]}
** Reason for termination == 
** {error,timeout}

=INFO REPORT==== 14-Jun-2014::20:58:11 ===
    ts_os_mon_erlang:(3:<0.1023.0>) Fail to start beam on host "aws-server2" ({error,
                                                                               timeout})

=ERROR REPORT==== 14-Jun-2014::20:58:11 ===
** Generic server <0.1023.0> terminating 
** Last message in was {timeout,#Ref<0.0.0.10596>,start_beam}
** When Server state == {state,{global,ts_mon},
                               10000,undefined,"aws-server2",undefined,[]}
** Reason for termination == 
** {error,timeout}

=INFO REPORT==== 14-Jun-2014::20:58:11 ===
           ts_search:(4:<0.1370.0>) Dyn Var: no Match (varname=device_id), 

=INFO REPORT==== 14-Jun-2014::20:58:11 ===
           ts_search:(4:<0.1372.0>) Dyn Var: no Match (varname=device_id), 

=INFO REPORT==== 14-Jun-2014::20:58:12 ===
           ts_search:(4:<0.1375.0>) Dyn Var: no Match (varname=device_id), 

=INFO REPORT==== 14-Jun-2014::20:58:12 ===
    ts_os_mon_erlang:(5:<0.1367.0>) Starting os_mon beam on host "aws-server1" 

=INFO REPORT==== 14-Jun-2014::20:58:12 ===
    ts_os_mon_erlang:(5:<0.1371.0>) Starting os_mon beam on host "aws-server2" 

=INFO REPORT==== 14-Jun-2014::20:58:13 ===
           ts_search:(4:<0.1393.0>) Dyn Var: no Match (varname=device_id), 

=INFO REPORT==== 14-Jun-2014::20:58:13 ===
           ts_search:(4:<0.1397.0>) Dyn Var: no Match (varname=device_id), 

=INFO REPORT==== 14-Jun-2014::20:58:13 ===
           ts_search:(4:<0.1399.0>) Dyn Var: no Match (varname=device_id), 

=INFO REPORT==== 14-Jun-2014::20:58:13 ===
           ts_search:(4:<0.1402.0>) Dyn Var: no Match (varname=device_id), 

=INFO REPORT==== 14-Jun-2014::20:58:14 ===
           ts_search:(4:<0.1407.0>) Dyn Var: no Match (varname=device_id), 

=INFO REPORT==== 14-Jun-2014::20:58:14 ===
           ts_search:(4:<0.1413.0>) Dyn Var: no Match (varname=device_id), 

=INFO REPORT==== 14-Jun-2014::20:58:14 ===
           ts_search:(4:<0.1418.0>) Dyn Var: no Match (varname=device_id), 

=INFO REPORT==== 14-Jun-2014::20:58:18 ===
           ts_search:(4:<0.1446.0>) Dyn Var: no Match (varname=device_id), 

=INFO REPORT==== 14-Jun-2014::20:58:19 ===
           ts_search:(4:<0.1461.0>) Dyn Var: no Match (varname=device_id), 

=INFO REPORT==== 14-Jun-2014::20:58:20 ===
           ts_search:(4:<0.1463.0>) Dyn Var: no Match (varname=device_id), 

=INFO REPORT==== 14-Jun-2014::20:58:20 ===
           ts_search:(4:<0.1470.0>) Dyn Var: no Match (varname=device_id), 

=INFO REPORT==== 14-Jun-2014::20:58:21 ===
           ts_search:(4:<0.1482.0>) Dyn Var: no Match (varname=device_id), 

=INFO REPORT==== 14-Jun-2014::20:58:21 ===
           ts_search:(4:<0.1484.0>) Dyn Var: no Match (varname=device_id), 

=INFO REPORT==== 14-Jun-2014::20:58:21 ===
           ts_search:(4:<0.1485.0>) Dyn Var: no Match (varname=device_id), 

=INFO REPORT==== 14-Jun-2014::20:58:22 ===
         ts_launcher:(4:<0.91.0>) Need to wait 2.307 sec before changing phase, going to sleep

=INFO REPORT==== 14-Jun-2014::20:58:24 ===
         ts_launcher:(5:<0.91.0>) Waking up

=INFO REPORT==== 14-Jun-2014::20:58:24 ===
         ts_launcher:(5:<0.91.0>) Start a new arrival phase (30 users, 0.001); expected duration=30.0 sec

=INFO REPORT==== 14-Jun-2014::20:58:39 ===
           ts_search:(4:<0.1510.0>) Dyn Var: no Match (varname=device_id), 

=INFO REPORT==== 14-Jun-2014::20:58:44 ===
    ts_os_mon_erlang:(3:<0.1367.0>) Fail to start beam on host "aws-server1" ({error,
                                                                               timeout})

=ERROR REPORT==== 14-Jun-2014::20:58:44 ===
** Generic server <0.1367.0> terminating 
** Last message in was {timeout,#Ref<0.0.0.14442>,start_beam}
** When Server state == {state,{global,ts_mon},
                               10000,undefined,"aws-server1",undefined,[]}
** Reason for termination == 
** {error,timeout}

=INFO REPORT==== 14-Jun-2014::20:58:44 ===
    ts_os_mon_erlang:(3:<0.1371.0>) Fail to start beam on host "aws-server2" ({error,
                                                                               timeout})

=ERROR REPORT==== 14-Jun-2014::20:58:44 ===
** Generic server <0.1371.0> terminating 
** Last message in was {timeout,#Ref<0.0.0.14460>,start_beam}
** When Server state == {state,{global,ts_mon},
                               10000,undefined,"aws-server2",undefined,[]}
** Reason for termination == 
** {error,timeout}

=INFO REPORT==== 14-Jun-2014::20:58:45 ===
    ts_os_mon_erlang:(5:<0.1518.0>) Starting os_mon beam on host "aws-server1" 

=INFO REPORT==== 14-Jun-2014::20:58:45 ===
    ts_os_mon_erlang:(5:<0.1521.0>) Starting os_mon beam on host "aws-server2" 

=INFO REPORT==== 14-Jun-2014::20:58:51 ===
         ts_launcher:(5:<0.91.0>) This was the last phase, wait for connected users to finish their session

=INFO REPORT==== 14-Jun-2014::20:58:56 ===
     ts_launcher_mgr:(5:<0.86.0>) No more active users 'tsung_controller_reg@ip-172-31-46-22' "23695"

=INFO REPORT==== 14-Jun-2014::20:58:56 ===
              ts_mon:(5:<0.55.0>) stopping monitor (normal)
