# stats: dump at 1402779303
stats: users 0 2
stats: {freemem,"os_mon@localhost"} 1 473.3515625 0 473.3515625 473.3515625 0 0
stats: {cpu,"os_mon@localhost"} 1 0.38261620198701163 0 0.38261620198701163 0.38261620198701163 0 0
stats: {load,"os_mon@localhost"} 1 0.109375 0 0.109375 0.109375 0 0
stats: session 10 25.4993408203125 5.011130945369112 40.0 22.402099609375 0 0
stats: users_count 10 10
stats: finish_users_count 10 10
stats: request 9 21.543863932291668 1.4438836810602045 25.300048828125 20.142822265625 0 0
stats: page 9 21.543863932291668 1.4438836810602045 25.300048828125 20.142822265625 0 0
stats: connect 9 1.6673990885416667 0.1501003177174941 1.909912109375 1.44384765625 0 0
stats: tr_register 9 23.636094835069443 5.2709129213286525 37.98486328125 20.44580078125 0 0
stats: 200 9 9
stats: size_rcv 2150 2150
stats: size_sent 810 810
stats: connected 0 0
# stats: dump at 1402779313
stats: users 0 2
stats: {freemem,"os_mon@localhost"} 1 477.98828125 0.0 477.98828125 473.3515625 473.3515625 1
stats: {recvpackets,"os_mon@localhost"} 1 75 0 75 75 0 0
stats: {sentpackets,"os_mon@localhost"} 1 95 0 95 95 0 0
stats: {cpu,"os_mon@localhost"} 1 7.18562874251497 0.0 7.18562874251497 0.38261620198701163 0.38261620198701163 1
stats: {load,"os_mon@localhost"} 1 0.08984375 0.0 0.109375 0.08984375 0.109375 1
stats: session 6 24.4512939453125 0.7790936879967969 40.0 22.402099609375 25.4993408203125 10
stats: users_count 6 16
stats: finish_users_count 6 16
stats: request 7 22.268938337053573 0.742167168327495 25.300048828125 20.142822265625 21.543863932291668 9
stats: page 7 22.268938337053573 0.742167168327495 25.300048828125 20.142822265625 21.543863932291668 9
stats: connect 7 1.80029296875 0.1388531426947408 2.02392578125 1.44384765625 1.6673990885416667 9
stats: tr_register 7 22.585344587053573 0.7494299272589685 37.98486328125 20.44580078125 23.636094835069443 9
stats: 200 7 16
stats: size_rcv 1670 3820
stats: size_sent 630 1440
stats: connected 0 0
# stats: dump at 1402779323
stats: users 0 2
stats: {freemem,"os_mon@localhost"} 1 478.1328125 0.0 478.1328125 473.3515625 475.669921875 2
stats: {recvpackets,"os_mon@localhost"} 1 40.0 0.0 75 40 75.0 1
stats: {sentpackets,"os_mon@localhost"} 1 54.0 0.0 95 54 95.0 1
stats: {cpu,"os_mon@localhost"} 1 6.879361914257228 0.0 7.18562874251497 0.38261620198701163 3.7841224722509907 2
stats: {load,"os_mon@localhost"} 1 0.078125 0.0 0.109375 0.078125 0.099609375 2
stats: session 9 23.856770833333332 0.5303072074626537 40.0 22.402099609375 25.1063232421875 16
stats: users_count 9 25
stats: finish_users_count 9 25
stats: request 9 21.58810763888889 0.5372969660922811 25.300048828125 20.142822265625 21.861083984375 16
stats: page 9 21.58810763888889 0.5372969660922811 25.300048828125 20.142822265625 21.861083984375 16
stats: connect 9 1.8133138020833333 0.22273693147326007 2.182861328125 1.44384765625 1.7255401611328125 16
stats: tr_register 9 21.92092556423611 0.5247288609830741 37.98486328125 20.44580078125 23.1763916015625 16
stats: 200 9 25
stats: size_rcv 2149 5969
stats: size_sent 810 2250
stats: connected 0 0
# stats: dump at 1402779333
stats: users 0 3
stats: {freemem,"os_mon@localhost"} 1 477.65234375 0.0 478.1328125 473.3515625 476.4908854166667 3
stats: {recvpackets,"os_mon@localhost"} 1 53.0 0.0 75 40 57.5 2
stats: {sentpackets,"os_mon@localhost"} 1 74.0 0.0 95 54 74.5 2
stats: {cpu,"os_mon@localhost"} 1 6.88622754491018 0.0 7.18562874251497 0.38261620198701163 4.815868952919737 3
stats: {load,"os_mon@localhost"} 1 0.05859375 0.0 0.109375 0.05859375 0.09244791666666667 3
stats: session 86 22.974109738372093 3.3827459266199216 41.989990234375 12.64697265625 24.656484375 25
stats: users_count 86 111
stats: finish_users_count 86 111
stats: request 79 20.688349856606013 3.471540181264515 39.68603515625 10.136962890625 21.7628125 25
stats: page 79 20.688349856606013 3.471540181264515 39.68603515625 10.136962890625 21.7628125 25
stats: connect 79 1.8548599436313291 1.2321743815254194 9.35791015625 1.093994140625 1.757138671875 25
stats: tr_register 79 21.004243102254748 3.450838071696593 39.985107421875 10.7080078125 22.724423828125 25
stats: 200 77 102
stats: size_rcv 18851 24820
stats: newphase 1 1
stats: size_sent 7110 9360
stats: connected 0 0
stats: 403 2 2
# stats: dump at 1402779343
stats: users 0 3
stats: {freemem,"os_mon@localhost"} 1 476.75390625 0.0 478.1328125 473.3515625 476.78125 4
stats: {recvpackets,"os_mon@localhost"} 1 544.0 0.0 544 40 56.0 3
stats: {sentpackets,"os_mon@localhost"} 1 772.0 0.0 772 54 74.33333333333333 3
stats: {cpu,"os_mon@localhost"} 1 10.923535253227408 0.0 10.923535253227408 0.38261620198701163 5.333458600917348 4
stats: {load,"os_mon@localhost"} 1 0.05078125 0.0 0.109375 0.05078125 0.083984375 4
stats: session 117 23.363375150240383 3.7257022279735206 49.214111328125 12.64697265625 23.35302294481982 111
stats: users_count 117 228
stats: finish_users_count 117 228
stats: request 122 21.066536324923145 3.6516496257321105 47.01806640625 10.136962890625 20.946634145883415 104
stats: page 122 21.066536324923145 3.6516496257321105 47.01806640625 10.136962890625 20.946634145883415 104
stats: connect 123 1.9059066152184942 2.761937209198373 24.1650390625 1.093994140625 1.8313692533052885 104
stats: tr_register 122 21.349025038422138 3.6540888234758735 47.26220703125 10.7080078125 21.417748084435097 104
stats: 200 122 224
stats: size_rcv 29125 53945
stats: newphase 0 1
stats: size_sent 11070 20430
stats: connected 1 1
stats: 403 0 2
# stats: dump at 1402779353
stats: users 0 3
stats: {freemem,"os_mon@localhost"} 1 476.97265625 0.0 478.1328125 473.3515625 476.77578125 5
stats: {recvpackets,"os_mon@localhost"} 1 443.0 0.0 544 40 178.0 4
stats: {sentpackets,"os_mon@localhost"} 1 659.0 0.0 772 54 248.75 4
stats: {cpu,"os_mon@localhost"} 1 10.079840319361278 0.0 10.923535253227408 0.38261620198701163 6.451473931379359 5
stats: {load,"os_mon@localhost"} 1 0.05078125 0.0 0.109375 0.05078125 0.07734375 5
stats: session 98 22.313566246811224 2.4862170130794032 49.214111328125 12.161865234375 23.35833526075932 228
stats: users_count 98 326
stats: finish_users_count 98 326
stats: request 96 20.02575429280599 2.561624296903814 47.01806640625 9.68701171875 21.01136010094026 226
stats: page 96 20.02575429280599 2.561624296903814 47.01806640625 9.68701171875 21.01136010094026 226
stats: connect 95 1.5132427014802632 0.38329869539421674 24.1650390625 1.030029296875 1.87175733927588 227
stats: tr_register 96 20.302747090657558 2.525312252940443 47.26220703125 10.155029296875 21.380649802959073 226
stats: 200 91 315
stats: size_rcv 22886 76831
stats: newphase 0 1
stats: size_sent 8550 28980
stats: connected -1 0
stats: 403 5 7
# stats: dump at 1402779363
stats: users 0 4
stats: {freemem,"os_mon@localhost"} 1 477.28125 0.0 478.1328125 473.3515625 476.80859375 6
stats: {recvpackets,"os_mon@localhost"} 1 411.0 0.0 544 40 231.0 5
stats: {sentpackets,"os_mon@localhost"} 1 611.0 0.0 772 54 330.8 5
stats: {cpu,"os_mon@localhost"} 1 9.471585244267198 0.0 10.923535253227408 0.38261620198701163 7.05620166270968 6
stats: {load,"os_mon@localhost"} 1 0.0390625 0.0 0.109375 0.0390625 0.07291666666666667 6
stats: session 93 23.90451213877688 3.906274227575739 49.214111328125 12.161865234375 23.044263593989648 326
stats: users_count 93 419
stats: finish_users_count 93 419
stats: request 95 21.721217105263147 3.714889394597822 47.01806640625 9.68701171875 20.717514891061718 322
stats: page 95 21.721217105263147 3.714889394597822 47.01806640625 9.68701171875 20.717514891061718 322
stats: connect 95 1.4875950863486842 0.1930293714687721 24.1650390625 0.987060546875 1.7659843871312104 322
stats: tr_register 95 21.994685444078954 3.7131777450203534 47.26220703125 10.155029296875 21.059287503639368 322
stats: 200 94 409
stats: size_rcv 22682 99513
stats: newphase 0 1
stats: size_sent 8550 37530
stats: connected 0 0
stats: 403 1 8
# stats: dump at 1402779373
stats: users 0 4
stats: {freemem,"os_mon@localhost"} 1 477.703125 0.0 478.1328125 473.3515625 476.87611607142856 7
stats: {recvpackets,"os_mon@localhost"} 1 461.0 0.0 544 40 261.0 6
stats: {sentpackets,"os_mon@localhost"} 1 650.0 0.0 772 54 377.5 6
stats: {cpu,"os_mon@localhost"} 1 10.269192422731804 0.0 10.923535253227408 0.38261620198701163 7.4012564600750395 7
stats: {load,"os_mon@localhost"} 1 0.03125 0.0 0.109375 0.03125 0.06808035714285714 7
stats: session 103 26.782167305066746 11.87548670511893 115.25390625 12.161865234375 23.235201815147672 419
stats: users_count 103 522
stats: finish_users_count 103 522
stats: request 102 24.40465351179535 11.973236350510962 112.803955078125 9.68701171875 20.946176066958923 417
stats: page 102 24.40465351179535 11.973236350510962 112.803955078125 9.68701171875 20.946176066958923 417
stats: connect 102 1.9807535807291679 2.1990361221609747 24.1650390625 0.987060546875 1.7025623641711625 417
stats: tr_register 102 24.74680702359068 12.011536282914346 113.330078125 10.155029296875 21.272387753859416 417
stats: 200 98 507
stats: size_rcv 24308 123821
stats: newphase 0 1
stats: size_sent 9180 46710
stats: connected 0 0
stats: 403 4 12
# stats: dump at 1402779383
stats: users 0 4
stats: {freemem,"os_mon@localhost"} 1 477.4765625 0.0 478.1328125 473.3515625 476.9794921875 8
stats: {recvpackets,"os_mon@localhost"} 1 404.0 0.0 544 40 289.57142857142856 7
stats: {sentpackets,"os_mon@localhost"} 1 600.0 0.0 772 54 416.42857142857144 7
stats: {cpu,"os_mon@localhost"} 1 9.950248756218906 0.0 10.923535253227408 0.38261620198701163 7.759748455407135 8
stats: {load,"os_mon@localhost"} 1 0.03125 0.0 0.109375 0.03125 0.0634765625 8
stats: session 94 22.84458890874335 3.111602341824074 115.25390625 12.161865234375 23.935081978867338 522
stats: users_count 94 616
stats: finish_users_count 94 616
stats: request 96 20.568990071614575 3.1083780615540864 112.803955078125 9.68701171875 21.625876836464347 519
stats: page 96 20.568990071614575 3.1083780615540864 112.803955078125 9.68701171875 21.625876836464347 519
stats: connect 96 1.6016515096028645 0.2704552511474002 24.1650390625 0.9619140625 1.7572357824542386 519
stats: tr_register 96 20.875411987304684 3.07320094544311 113.330078125 10.155029296875 21.9552215987777 519
stats: 200 91 598
stats: size_rcv 22887 146708
stats: newphase 0 1
stats: size_sent 8640 55350
stats: connected 0 0
stats: 403 5 17
# stats: dump at 1402779393
stats: users 0 4
stats: {freemem,"os_mon@localhost"} 1 477.38671875 0.0 478.1328125 473.3515625 477.03472222222223 9
stats: {recvpackets,"os_mon@localhost"} 1 336.0 0.0 544 40 303.875 8
stats: {sentpackets,"os_mon@localhost"} 1 498.0 0.0 772 54 439.375 8
stats: {cpu,"os_mon@localhost"} 1 9.39060939060939 0.0 10.923535253227408 0.38261620198701163 8.003137377719554 9
stats: {load,"os_mon@localhost"} 1 0.01953125 0.0 0.109375 0.01953125 0.059895833333333336 9
stats: session 16 26.697601318359375 13.344259515029579 115.25390625 12.11083984375 23.76867556881595 616
stats: users_count 16 632
stats: finish_users_count 16 632
stats: request 17 24.206988166360293 13.002414875874301 112.803955078125 9.580078125 21.460899390243895 615
stats: page 17 24.206988166360293 13.002414875874301 112.803955078125 9.580078125 21.460899390243895 615
stats: connect 17 2.754925896139706 4.350401484062461 24.1650390625 0.9619140625 1.7329494569359756 615
stats: tr_register 17 24.554558249080884 12.97062555835397 113.330078125 10.097900390625 21.78666595210874 615
stats: 200 15 613
stats: size_rcv 4045 150753
stats: newphase 1 2
stats: size_sent 1530 56880
stats: connected 0 0
stats: 403 2 19
# stats: dump at 1402779403
stats: users 0 4
stats: {freemem,"os_mon@localhost"} 1 477.50390625 0.0 478.1328125 473.3515625 477.069921875 10
stats: {recvpackets,"os_mon@localhost"} 1 133.0 0.0 544 40 307.44444444444446 9
stats: {sentpackets,"os_mon@localhost"} 1 157.0 0.0 772 54 445.8888888888889 9
stats: {cpu,"os_mon@localhost"} 1 7.7766699900299106 0.0 10.923535253227408 0.38261620198701163 8.141884579008536 10
stats: {load,"os_mon@localhost"} 1 0.01953125 0.0 0.109375 0.01953125 0.055859375 10
stats: session 17 23.528191061580884 9.800648854745752 115.25390625 12.11083984375 23.842825587791733 632
stats: users_count 17 649
stats: finish_users_count 17 649
stats: request 16 21.245407104492188 10.146926208737371 112.803955078125 9.580078125 21.534765702259687 632
stats: page 16 21.245407104492188 10.146926208737371 112.803955078125 9.580078125 21.534765702259687 632
stats: connect 16 1.518646240234375 0.17651079895720662 24.1650390625 0.9619140625 1.7604393295094938 632
stats: tr_register 16 21.58245849609375 10.104349070451917 113.330078125 10.097900390625 21.86111875123616 632
stats: 200 13 626
stats: size_rcv 3802 154555
stats: newphase 0 2
stats: size_sent 1440 58320
stats: connected 0 0
stats: 403 3 22
# stats: dump at 1402779413
stats: users 0 4
stats: {freemem,"os_mon@localhost"} 1 477.5234375 0.0 478.1328125 473.3515625 477.109375 11
stats: {recvpackets,"os_mon@localhost"} 1 69.0 0.0 544 40 290.0 10
stats: {sentpackets,"os_mon@localhost"} 1 95.0 0.0 772 54 417.0 10
stats: {cpu,"os_mon@localhost"} 1 7.178464606181456 0.0 10.923535253227408 0.38261620198701163 8.108683252737752 11
stats: {load,"os_mon@localhost"} 1 0.01953125 0.0 0.109375 0.01953125 0.052556818181818184 11
stats: session 5 23.5505859375 0.5974498796390579 115.25390625 12.11083984375 23.834584005441062 649
stats: users_count 5 654
stats: finish_users_count 5 654
stats: request 6 21.2513427734375 0.5681852749155837 112.803955078125 9.580078125 21.527621045524686 648
stats: page 6 21.2513427734375 0.5681852749155837 112.803955078125 9.580078125 21.527621045524686 648
stats: connect 6 1.8181966145833333 0.16023641094714514 24.1650390625 0.9619140625 1.7544691297743056 648
stats: tr_register 6 21.572184244791668 0.5652669505155841 113.330078125 10.097900390625 21.854238251109184 648
stats: 200 6 632
stats: size_rcv 1433 155988
stats: newphase 0 2
stats: size_sent 540 58860
stats: connected 0 0
stats: 403 0 22
# stats: dump at 1402779423
stats: users 0 4
stats: {freemem,"os_mon@localhost"} 1 477.5390625 0.0 478.1328125 473.3515625 477.1438802083333 12
stats: {recvpackets,"os_mon@localhost"} 1 27.0 0.0 544 27 269.90909090909093 11
stats: {sentpackets,"os_mon@localhost"} 1 35.0 0.0 772 35 387.72727272727275 11
stats: {cpu,"os_mon@localhost"} 1 6.88622754491018 0.0 10.923535253227408 0.38261620198701163 8.031165032191394 12
stats: {load,"os_mon@localhost"} 1 0.01171875 0.0 0.109375 0.01171875 0.0498046875 12
stats: session 7 23.289446149553573 0.45617772810489216 115.25390625 12.11083984375 23.832412766389528 654
stats: users_count 7 661
stats: finish_users_count 7 661
stats: request 7 21.034842354910715 0.4608940808679066 112.803955078125 9.580078125 21.525086382478015 654
stats: page 7 21.034842354910715 0.4608940808679066 112.803955078125 9.580078125 21.525086382478015 654
stats: connect 7 1.6743861607142858 0.159422130416518 24.1650390625 0.9619140625 1.7550537855982415 654
stats: tr_register 7 21.335030691964285 0.46614810738780676 113.330078125 10.097900390625 21.85165059967508 654
stats: 200 7 639
stats: size_rcv 1671 157659
stats: newphase 1 3
stats: size_sent 630 59490
stats: connected 0 0
stats: 403 0 22
# stats: dump at 1402779433
stats: users 0 4
stats: {freemem,"os_mon@localhost"} 1 477.55078125 0.0 478.1328125 473.3515625 477.17427884615387 13
stats: {recvpackets,"os_mon@localhost"} 1 61.0 0.0 544 27 249.6666666666667 12
stats: {sentpackets,"os_mon@localhost"} 1 80.0 0.0 772 35 358.3333333333333 12
stats: {cpu,"os_mon@localhost"} 1 7.270916334661355 0.0 10.923535253227408 0.38261620198701163 7.943092917785147 13
stats: {load,"os_mon@localhost"} 1 0.01171875 0.0 0.109375 0.01171875 0.046875 13
stats: session 9 28.099365234375 7.020581682375825 115.25390625 12.11083984375 23.826662741702915 661
stats: users_count 9 670
stats: finish_users_count 9 670
stats: request 9 25.810546875 7.019037486788318 112.803955078125 9.580078125 21.519894690809373 661
stats: page 9 25.810546875 7.019037486788318 112.803955078125 9.580078125 21.519894690809373 661
stats: connect 9 3.903564453125 5.885756802927985 24.1650390625 0.9619140625 1.7541995142303328 661
stats: tr_register 9 26.15996636284722 7.022845727667095 113.330078125 10.097900390625 21.84617958703669 661
stats: 200 9 648
stats: size_rcv 2149 159808
stats: newphase 0 3
stats: size_sent 810 60300
stats: connected 0 0
stats: 403 0 22
# stats: dump at 1402779443
stats: users 0 4
stats: {freemem,"os_mon@localhost"} 1 477.52734375 0.0 478.1328125 473.3515625 477.201171875 14
stats: {recvpackets,"os_mon@localhost"} 1 116.0 0.0 544 27 235.1538461538462 13
stats: {sentpackets,"os_mon@localhost"} 1 137.0 0.0 772 35 336.9230769230769 13
stats: {cpu,"os_mon@localhost"} 1 7.669322709163347 0.0 10.923535253227408 0.38261620198701163 7.895080304704876 14
stats: {load,"os_mon@localhost"} 1 0.01171875 0.0 0.109375 0.01171875 0.04436383928571429 14
stats: session 12 26.658243815104168 10.441068876145282 115.25390625 12.11083984375 23.88405725279851 670
stats: users_count 12 682
stats: finish_users_count 12 682
stats: request 12 24.328633626302082 10.474598302654941 112.803955078125 9.580078125 21.577530317164175 670
stats: page 12 24.328633626302082 10.474598302654941 112.803955078125 9.580078125 21.577530317164175 670
stats: connect 12 4.788716634114583 9.811609397579888 37.326171875 0.9619140625 1.783071580573694 670
stats: tr_register 12 24.72357177734375 10.45111893777279 113.330078125 10.097900390625 21.904125976562504 670
stats: 200 11 659
stats: size_rcv 2859 162667
stats: newphase 0 3
stats: size_sent 1080 61380
stats: connected 0 0
stats: 403 1 23
# stats: dump at 1402779453
stats: users 0 4
stats: {freemem,"os_mon@localhost"} 1 477.4375 0.0 478.1328125 473.3515625 477.22291666666666 15
stats: {recvpackets,"os_mon@localhost"} 1 123.0 0.0 544 27 226.64285714285717 14
stats: {sentpackets,"os_mon@localhost"} 1 179.0 0.0 772 35 322.64285714285717 14
stats: {cpu,"os_mon@localhost"} 1 8.6 0.0 10.923535253227408 0.38261620198701163 7.880029798335441 15
stats: {load,"os_mon@localhost"} 1 0.01171875 0.0 0.109375 0.01171875 0.0421875 15
stats: session 107 27.546099226051403 9.486599423370949 115.25390625 12.11083984375 23.932869919583947 682
stats: users_count 107 789
stats: finish_users_count 107 789
stats: request 106 24.99518398068986 9.13261694152308 112.803955078125 9.580078125 21.62593682700238 682
stats: page 106 24.99518398068986 9.13261694152308 112.803955078125 9.580078125 21.62593682700238 682
stats: connect 106 3.914219118514151 5.896361570560037 37.326171875 0.9619140625 1.8359568307826246 682
stats: tr_register 106 25.30355201577241 9.123401337029343 113.330078125 10.097900390625 21.953734993585048 682
stats: 200 98 757
stats: size_rcv 25246 187913
stats: newphase 1 4
stats: size_sent 9540 70920
stats: connected 0 0
stats: 403 8 31
# stats: dump at 1402779463
stats: users 2 4
stats: {freemem,"os_mon@localhost"} 1 477.44140625 0.0 478.1328125 473.3515625 477.236328125 16
stats: {recvpackets,"os_mon@localhost"} 1 442.0 0.0 544 27 219.73333333333338 15
stats: {sentpackets,"os_mon@localhost"} 1 658.0 0.0 772 35 313.06666666666666 15
stats: {cpu,"os_mon@localhost"} 1 10.458167330677291 0.0 10.923535253227408 0.38261620198701163 7.925027935939475 16
stats: {load,"os_mon@localhost"} 1 0.01171875 0.0 0.109375 0.01171875 0.040283203125 16
stats: session 98 32.44524772799746 12.183138811996427 115.25390625 12.11083984375 24.422876935796896 789
stats: users_count 100 889
stats: finish_users_count 98 887
stats: request 98 30.24251385124362 12.358589144768555 112.803955078125 9.580078125 22.07916042889435 788
stats: page 98 30.24251385124362 12.358589144768555 112.803955078125 9.580078125 22.07916042889435 788
stats: connect 98 6.926770268654336 9.39603551107952 37.326171875 0.93896484375 2.115520031924175 788
stats: tr_register 98 30.577198262117346 12.351355534256756 113.330078125 10.097900390625 22.40434489758487 788
stats: 200 90 847
stats: size_rcv 23346 211259
stats: newphase 0 4
stats: size_sent 8820 79740
stats: connected 0 0
stats: 403 8 39
# stats: dump at 1402779473
stats: users 0 4
stats: {freemem,"os_mon@localhost"} 1 477.4765625 0.0 478.1328125 473.3515625 477.2483915441176 17
stats: {recvpackets,"os_mon@localhost"} 1 498.0 0.0 544 27 233.62500000000003 16
stats: {sentpackets,"os_mon@localhost"} 1 704.0 0.0 772 35 334.625 16
stats: {cpu,"os_mon@localhost"} 1 10.578842315369261 0.0 10.923535253227408 0.38261620198701163 8.074036135629935 17
stats: {load,"os_mon@localhost"} 1 0.01171875 0.0 0.109375 0.01171875 0.03860294117647059 17
stats: session 109 33.6244736417718 12.548760100070691 115.25390625 12.11083984375 25.309226809117813 887
stats: users_count 107 996
stats: finish_users_count 109 996
stats: request 108 31.51383915653935 12.641638393340452 112.803955078125 9.580078125 22.982104712630502 886
stats: page 108 31.51383915653935 12.641638393340452 112.803955078125 9.580078125 22.982104712630502 886
stats: connect 108 8.411415382667835 10.448998233038925 45.714111328125 0.93896484375 2.6476899226685946 886
stats: tr_register 108 31.83954309534143 12.651617720764833 113.330078125 10.097900390625 23.308339964993657 886
stats: 200 99 946
stats: size_rcv 25718 236977
stats: newphase 0 4
stats: size_sent 9720 89460
stats: connected 0 0
stats: 403 9 48
# stats: dump at 1402779483
stats: users 0 4
stats: {freemem,"os_mon@localhost"} 1 477.3359375 0.0 478.1328125 473.3515625 477.2610677083333 18
stats: {recvpackets,"os_mon@localhost"} 1 479.0 0.0 544 27 249.1764705882353 17
stats: {sentpackets,"os_mon@localhost"} 1 712.0 0.0 772 35 356.3529411764706 17
stats: {cpu,"os_mon@localhost"} 1 10.179640718562874 0.0 10.923535253227408 0.38261620198701163 8.213192034504342 18
stats: {load,"os_mon@localhost"} 1 0.01171875 0.0 0.109375 0.01171875 0.037109375 18
stats: session 93 30.538272324428764 10.942053725251746 115.25390625 12.11083984375 26.219228721526733 996
stats: users_count 93 1089
stats: finish_users_count 93 1089
stats: request 95 28.22284642269737 10.839357141123596 112.803955078125 9.580078125 23.90909396810551 994
stats: page 95 28.22284642269737 10.839357141123596 112.803955078125 9.580078125 23.90909396810551 994
stats: connect 95 6.117611533717105 7.478208474309999 45.714111328125 0.93896484375 3.2739297110789747 994
stats: tr_register 95 28.559727076480264 10.852461286279471 113.330078125 10.097900390625 24.235271492234663 994
stats: 200 86 1032
stats: size_rcv 22618 259595
stats: newphase 0 4
stats: size_sent 8550 98010
stats: connected 0 0
stats: 403 9 57
# stats: dump at 1402779493
stats: users 1 4
stats: {freemem,"os_mon@localhost"} 1 477.3671875 0.0 478.1328125 473.3515625 477.2650082236842 19
stats: {recvpackets,"os_mon@localhost"} 1 380.0 0.0 544 27 261.94444444444446 18
stats: {sentpackets,"os_mon@localhost"} 1 563.0 0.0 772 35 376.1111111111111 18
stats: {cpu,"os_mon@localhost"} 1 10.269192422731804 0.0 10.923535253227408 0.38261620198701163 8.316689333665318 19
stats: {load,"os_mon@localhost"} 1 0.0 0.0 0.109375 0.0 0.03577302631578947 19
stats: session 103 40.35029202063109 18.61087172191645 130.669189453125 12.11083984375 26.588072665576217 1089
stats: users_count 104 1193
stats: finish_users_count 103 1192
stats: request 101 37.742320447865104 18.72356781408323 127.921142578125 9.580078125 24.285408461389462 1089
stats: page 101 37.742320447865104 18.72356781408323 127.921142578125 9.580078125 24.285408461389462 1089
stats: connect 101 8.0088108176052 9.749098195317373 45.714111328125 0.93896484375 3.5220011281135224 1089
stats: tr_register 101 38.16102887144184 18.75307967823894 128.68115234375 10.097900390625 24.612519683697776 1089
stats: 200 88 1120
stats: size_rcv 24032 283627
stats: newphase 0 4
stats: size_sent 9090 107100
stats: connected 0 0
stats: 403 13 70
# stats: dump at 1402779503
stats: users 0 4
stats: {freemem,"os_mon@localhost"} 1 477.12109375 0.0 478.1328125 473.3515625 477.2701171875 20
stats: {recvpackets,"os_mon@localhost"} 1 474.0 0.0 544 27 268.1578947368421 19
stats: {sentpackets,"os_mon@localhost"} 1 668.0 0.0 772 35 385.94736842105266 19
stats: {cpu,"os_mon@localhost"} 1 10.767696909272182 0.0 10.923535253227408 0.38261620198701163 8.414314488118642 20
stats: {load,"os_mon@localhost"} 1 0.078125 0.0 0.109375 0.0 0.033984375 20
stats: session 92 33.89883024796197 12.752175423529117 130.669189453125 12.11083984375 27.77725772729656 1192
stats: users_count 91 1284
stats: finish_users_count 92 1284
stats: request 94 31.93903756648936 12.857158300296119 127.921142578125 9.580078125 25.42754973082983 1190
stats: page 94 31.93903756648936 12.857158300296119 127.921142578125 9.580078125 25.42754973082983 1190
stats: connect 94 8.33470121343085 10.123195989919015 45.714111328125 0.93896484375 3.9028143874737404 1190
stats: tr_register 94 32.30782496675532 12.842123412833077 128.68115234375 10.097900390625 25.762435169380254 1190
stats: 200 81 1201
stats: size_rcv 22349 305976
stats: newphase 0 4
stats: size_sent 8460 115560
stats: connected 0 0
stats: 403 13 83
# stats: dump at 1402779513
stats: users 0 4
stats: {freemem,"os_mon@localhost"} 1 477.16796875 0.0 478.1328125 473.3515625 477.2630208333333 21
stats: {recvpackets,"os_mon@localhost"} 1 281.0 0.0 544 27 278.45 20
stats: {sentpackets,"os_mon@localhost"} 1 415.0 0.0 772 35 400.05000000000007 20
stats: {cpu,"os_mon@localhost"} 1 8.89110889110889 0.0 10.923535253227408 0.38261620198701163 8.526380317697383 21
stats: {load,"os_mon@localhost"} 1 0.0703125 0.0 0.109375 0.0 0.03608630952380952 21
stats: session 12 36.490254720052086 11.816138054805265 130.669189453125 12.11083984375 28.21587507301402 1284
stats: users_count 12 1296
stats: finish_users_count 12 1296
stats: request 12 34.240804036458336 11.834159002914724 127.921142578125 9.580078125 25.904247438424843 1284
stats: page 12 34.240804036458336 11.834159002914724 127.921142578125 9.580078125 25.904247438424843 1284
stats: connect 12 7.7196044921875 9.019869684175722 45.714111328125 0.93896484375 4.227267161336644 1284
stats: tr_register 12 34.584431966145836 11.843136441398618 128.68115234375 10.097900390625 26.24161479629089 1284
stats: 200 12 1213
stats: size_rcv 2864 308840
stats: newphase 1 5
stats: size_sent 1080 116640
stats: connected 0 0
stats: 403 0 83
# stats: dump at 1402779523
stats: users 0 4
stats: {freemem,"os_mon@localhost"} 1 477.02734375 0.0 478.1328125 473.3515625 477.25870028409093 22
stats: {recvpackets,"os_mon@localhost"} 1 51.0 0.0 544 27 278.57142857142856 21
stats: {sentpackets,"os_mon@localhost"} 1 72.0 0.0 772 35 400.7619047619049 21
stats: {cpu,"os_mon@localhost"} 1 6.175298804780876 0.0 10.923535253227408 0.38261620198701163 8.542958889216088 22
stats: {load,"os_mon@localhost"} 1 0.05859375 0.0 0.109375 0.0 0.03764204545454545 22
stats: session 11 26.76034268465909 5.329053067533712 130.669189453125 12.11083984375 28.292489699375484 1296
stats: users_count 11 1307
stats: finish_users_count 11 1307
stats: request 10 24.28779296875 5.596844445703749 127.921142578125 9.580078125 25.981437777295525 1296
stats: page 10 24.28779296875 5.596844445703749 127.921142578125 9.580078125 25.981437777295525 1296
stats: connect 10 2.346337890625 1.6780623170309177 45.714111328125 0.93896484375 4.259603618103782 1296
stats: tr_register 10 24.6631103515625 5.558205104224051 128.68115234375 10.097900390625 26.318863103419176 1296
stats: 200 9 1222
stats: size_rcv 2381 311221
stats: newphase 0 5
stats: size_sent 900 117540
stats: connected 0 0
stats: 403 1 84
# stats: dump at 1402779533
stats: users 0 4
stats: {freemem,"os_mon@localhost"} 1 477.16015625 0.0 478.1328125 473.3515625 477.2486413043478 23
stats: {recvpackets,"os_mon@localhost"} 1 117.0 0.0 544 27 268.22727272727275 22
stats: {sentpackets,"os_mon@localhost"} 1 132.0 0.0 772 35 385.8181818181819 22
stats: {cpu,"os_mon@localhost"} 1 5.284147557328016 0.0 10.923535253227408 0.38261620198701163 8.440017146414556 23
stats: {load,"os_mon@localhost"} 1 0.05078125 0.0 0.109375 0.0 0.03855298913043478 23
stats: session 7 25.087053571428573 1.3956804481305727 130.669189453125 12.11083984375 28.279594812488046 1307
stats: users_count 7 1314
stats: finish_users_count 7 1314
stats: request 8 23.26220703125 1.7386292784252397 127.921142578125 9.580078125 25.968469593462864 1306
stats: page 8 23.26220703125 1.7386292784252397 127.921142578125 9.580078125 25.968469593462864 1306
stats: connect 8 2.587738037109375 1.3575475178347323 45.714111328125 0.93896484375 4.244953803957696 1306
stats: tr_register 8 23.59063720703125 1.7649992186200811 128.68115234375 10.097900390625 26.306185057845997 1306
stats: 200 8 1230
stats: size_rcv 1906 313127
stats: newphase 0 5
stats: size_sent 720 118260
stats: connected 0 0
stats: 403 0 84
# stats: dump at 1402779536
stats: users 0 4
stats: {freemem,"os_mon@localhost"} 0 0 0 478.1328125 473.3515625 477.2449544270833 24
stats: {recvpackets,"os_mon@localhost"} 0 0 0 544 27 261.6521739130435 23
stats: {sentpackets,"os_mon@localhost"} 0 0 0 772 35 374.78260869565224 23
stats: {cpu,"os_mon@localhost"} 0 0 0 10.923535253227408 0.38261620198701163 8.308522580202618 24
stats: {load,"os_mon@localhost"} 0 0 0 0.109375 0.0 0.03906249999999999 24
stats: session 0 0 0 130.669189453125 12.11083984375 28.262587362954243 1314
stats: users_count 0 1314
stats: finish_users_count 0 1314
stats: request 0 0 0 127.921142578125 9.580078125 25.95199310906583 1314
stats: page 0 0 0 127.921142578125 9.580078125 25.95199310906583 1314
stats: connect 0 0 0 45.714111328125 0.93896484375 4.234864210247813 1314
stats: tr_register 0 0 0 128.68115234375 10.097900390625 26.28965204201151 1314
stats: 200 0 1230
stats: size_rcv 0 313127
stats: newphase 0 5
stats: size_sent 0 118260
stats: connected 0 0
stats: 403 0 84
EndMonitor:{1402,779536,215573}
