
=INFO REPORT==== 16-Jun-2014::18:44:43 ===
    ts_config_server:(5:<0.54.0>) Config server started, logdir is "/home/ubuntu/tsung/log/sen/20140616-1844"
 
=INFO REPORT==== 16-Jun-2014::18:44:43 ===
              ts_mon:(5:<0.53.0>) starting monitor, global 

=INFO REPORT==== 16-Jun-2014::18:44:43 ===
           ts_config:(5:<0.54.0>) Reading config file: ./xml/aws_test_sen.xml

=INFO REPORT==== 16-Jun-2014::18:44:43 ===
           ts_config:(5:<0.54.0>) Session name for id 1 is "send"

=INFO REPORT==== 16-Jun-2014::18:44:43 ===
    ts_config_server:(4:<0.54.0>) SYSINFO:Tsung version: 1.5.1

=INFO REPORT==== 16-Jun-2014::18:44:43 ===
    ts_config_server:(4:<0.54.0>) SYSINFO:Erlang version: Erlang R16B03 (erts-5.10.4) [source] [64-bit] [async-threads:16] [hipe] [kernel-poll:true]


=INFO REPORT==== 16-Jun-2014::18:44:43 ===
    ts_config_server:(4:<0.54.0>) SYSINFO:System architecture x86_64-pc-linux-gnu

=INFO REPORT==== 16-Jun-2014::18:44:43 ===
    ts_config_server:(4:<0.54.0>) SYSINFO:Current path: /usr/lib/erlang/lib/tsung-1.5.1/ebin/tsung.beam

=INFO REPORT==== 16-Jun-2014::18:44:43 ===
              ts_mon:(5:<0.55.0>) Activate clients with text backend

=INFO REPORT==== 16-Jun-2014::18:44:43 ===
              ts_mon:(5:<0.55.0>) Starting tsung clients on hosts: [localhost]

=INFO REPORT==== 16-Jun-2014::18:44:43 ===
    ts_config_server:(5:<0.54.0>) Start a launcher on the controller beam localhost

=INFO REPORT==== 16-Jun-2014::18:44:44 ===
  ts_launcher_static:(5:<0.88.0>) Launch msg receive ("localhost")

=INFO REPORT==== 16-Jun-2014::18:44:44 ===
         ts_launcher:(5:<0.89.0>) Launch msg receive ("localhost")

=INFO REPORT==== 16-Jun-2014::18:44:44 ===
    ts_config_server:(5:<0.54.0>) All remote beams started, syncing 

=INFO REPORT==== 16-Jun-2014::18:44:44 ===
    ts_config_server:(5:<0.54.0>) Undefined ports_range config 

=INFO REPORT==== 16-Jun-2014::18:44:44 ===
    ts_config_server:(5:<0.54.0>) New arrival phase 1 for client "localhost" (last ? true): will start 500 users

=INFO REPORT==== 16-Jun-2014::18:44:44 ===
    ts_config_server:(5:<0.54.0>) New arrival phase 2 for client "localhost" (last ? true): will start 1000 users

=INFO REPORT==== 16-Jun-2014::18:44:44 ===
    ts_config_server:(5:<0.54.0>) New arrival phase 3 for client "localhost" (last ? true): will start 1500 users

=INFO REPORT==== 16-Jun-2014::18:44:44 ===
    ts_config_server:(5:<0.54.0>) New arrival phase 4 for client "localhost" (last ? true): will start 2000 users

=INFO REPORT==== 16-Jun-2014::18:44:44 ===
    ts_config_server:(5:<0.54.0>) New arrival phase 5 for client "localhost" (last ? true): will start 2500 users

=INFO REPORT==== 16-Jun-2014::18:44:44 ===
    ts_config_server:(5:<0.54.0>) New arrival phase 6 for client "localhost" (last ? true): will start 3000 users

=INFO REPORT==== 16-Jun-2014::18:44:44 ===
    ts_config_server:(5:<0.54.0>) New arrival phase 7 for client "localhost" (last ? true): will start 500 users

=INFO REPORT==== 16-Jun-2014::18:44:44 ===
    ts_config_server:(5:<0.54.0>) New arrival phase 8 for client "localhost" (last ? true): will start 1000 users

=INFO REPORT==== 16-Jun-2014::18:44:44 ===
    ts_config_server:(5:<0.54.0>) New arrival phase 9 for client "localhost" (last ? true): will start 1500 users

=INFO REPORT==== 16-Jun-2014::18:44:44 ===
    ts_config_server:(5:<0.54.0>) New arrival phase 10 for client "localhost" (last ? true): will start 2000 users

=INFO REPORT==== 16-Jun-2014::18:44:44 ===
    ts_config_server:(5:<0.54.0>) New arrival phase 11 for client "localhost" (last ? true): will start 2500 users

=INFO REPORT==== 16-Jun-2014::18:44:44 ===
    ts_config_server:(5:<0.54.0>) New arrival phase 12 for client "localhost" (last ? true): will start 3000 users

=INFO REPORT==== 16-Jun-2014::18:44:44 ===
         ts_launcher:(5:<0.89.0>) Expected duration of first phase: 300.0 sec (500 users) 

=INFO REPORT==== 16-Jun-2014::18:44:44 ===
         ts_launcher:(2:<0.89.0>) WARNING !!! too few file descriptors available (1024), you should decrease maxusers (currently 50000)
=INFO REPORT==== 16-Jun-2014::18:44:44 ===
         ts_launcher:(5:<0.89.0>) Activate launcher (500 users) in 1237 msec 

=INFO REPORT==== 16-Jun-2014::18:44:44 ===
    ts_os_mon_erlang:(5:<0.76.0>) Starting os_mon beam on host "localhost" 

=INFO REPORT==== 16-Jun-2014::18:45:16 ===
    ts_os_mon_erlang:(3:<0.76.0>) Fail to start beam on host "localhost" ({error,
                                                                           timeout})

=ERROR REPORT==== 16-Jun-2014::18:45:16 ===
** Generic server <0.76.0> terminating 
** Last message in was {timeout,#Ref<0.0.0.316>,start_beam}
** When Server state == {state,{global,ts_mon},
                               10000,undefined,"localhost",undefined,[]}
** Reason for termination == 
** {error,timeout}

=INFO REPORT==== 16-Jun-2014::18:45:17 ===
    ts_os_mon_erlang:(5:<0.156.0>) Starting os_mon beam on host "localhost" 

=INFO REPORT==== 16-Jun-2014::18:45:49 ===
    ts_os_mon_erlang:(3:<0.156.0>) Fail to start beam on host "localhost" ({error,
                                                                            timeout})

=ERROR REPORT==== 16-Jun-2014::18:45:49 ===
** Generic server <0.156.0> terminating 
** Last message in was {timeout,#Ref<0.0.0.1093>,start_beam}
** When Server state == {state,{global,ts_mon},
                               10000,undefined,"localhost",undefined,[]}
** Reason for termination == 
** {error,timeout}

=INFO REPORT==== 16-Jun-2014::18:45:50 ===
    ts_os_mon_erlang:(5:<0.218.0>) Starting os_mon beam on host "localhost" 

=INFO REPORT==== 16-Jun-2014::18:46:22 ===
    ts_os_mon_erlang:(3:<0.218.0>) Fail to start beam on host "localhost" ({error,
                                                                            timeout})

=ERROR REPORT==== 16-Jun-2014::18:46:22 ===
** Generic server <0.218.0> terminating 
** Last message in was {timeout,#Ref<0.0.0.1804>,start_beam}
** When Server state == {state,{global,ts_mon},
                               10000,undefined,"localhost",undefined,[]}
** Reason for termination == 
** {error,timeout}

=INFO REPORT==== 16-Jun-2014::18:46:23 ===
    ts_os_mon_erlang:(5:<0.284.0>) Starting os_mon beam on host "localhost" 

=INFO REPORT==== 16-Jun-2014::18:46:55 ===
    ts_os_mon_erlang:(3:<0.284.0>) Fail to start beam on host "localhost" ({error,
                                                                            timeout})

=ERROR REPORT==== 16-Jun-2014::18:46:55 ===
** Generic server <0.284.0> terminating 
** Last message in was {timeout,#Ref<0.0.0.2564>,start_beam}
** When Server state == {state,{global,ts_mon},
                               10000,undefined,"localhost",undefined,[]}
** Reason for termination == 
** {error,timeout}

=INFO REPORT==== 16-Jun-2014::18:46:56 ===
    ts_os_mon_erlang:(5:<0.352.0>) Starting os_mon beam on host "localhost" 

=INFO REPORT==== 16-Jun-2014::18:47:28 ===
    ts_os_mon_erlang:(3:<0.352.0>) Fail to start beam on host "localhost" ({error,
                                                                            timeout})

=ERROR REPORT==== 16-Jun-2014::18:47:28 ===
** Generic server <0.352.0> terminating 
** Last message in was {timeout,#Ref<0.0.0.3350>,start_beam}
** When Server state == {state,{global,ts_mon},
                               10000,undefined,"localhost",undefined,[]}
** Reason for termination == 
** {error,timeout}

=INFO REPORT==== 16-Jun-2014::18:47:29 ===
    ts_os_mon_erlang:(5:<0.425.0>) Starting os_mon beam on host "localhost" 

=INFO REPORT==== 16-Jun-2014::18:48:01 ===
    ts_os_mon_erlang:(3:<0.425.0>) Fail to start beam on host "localhost" ({error,
                                                                            timeout})

=ERROR REPORT==== 16-Jun-2014::18:48:01 ===
** Generic server <0.425.0> terminating 
** Last message in was {timeout,#Ref<0.0.0.4188>,start_beam}
** When Server state == {state,{global,ts_mon},
                               10000,undefined,"localhost",undefined,[]}
** Reason for termination == 
** {error,timeout}

=INFO REPORT==== 16-Jun-2014::18:48:02 ===
    ts_os_mon_erlang:(5:<0.479.0>) Starting os_mon beam on host "localhost" 

=INFO REPORT==== 16-Jun-2014::18:48:35 ===
    ts_os_mon_erlang:(3:<0.479.0>) Fail to start beam on host "localhost" ({error,
                                                                            timeout})

=ERROR REPORT==== 16-Jun-2014::18:48:35 ===
** Generic server <0.479.0> terminating 
** Last message in was {timeout,#Ref<0.0.0.4813>,start_beam}
** When Server state == {state,{global,ts_mon},
                               10000,undefined,"localhost",undefined,[]}
** Reason for termination == 
** {error,timeout}

=INFO REPORT==== 16-Jun-2014::18:48:36 ===
    ts_os_mon_erlang:(5:<0.544.0>) Starting os_mon beam on host "localhost" 

=INFO REPORT==== 16-Jun-2014::18:49:08 ===
    ts_os_mon_erlang:(3:<0.544.0>) Fail to start beam on host "localhost" ({error,
                                                                            timeout})

=ERROR REPORT==== 16-Jun-2014::18:49:08 ===
** Generic server <0.544.0> terminating 
** Last message in was {timeout,#Ref<0.0.0.5558>,start_beam}
** When Server state == {state,{global,ts_mon},
                               10000,undefined,"localhost",undefined,[]}
** Reason for termination == 
** {error,timeout}

=INFO REPORT==== 16-Jun-2014::18:49:09 ===
    ts_os_mon_erlang:(5:<0.600.0>) Starting os_mon beam on host "localhost" 

=INFO REPORT==== 16-Jun-2014::18:49:39 ===
         ts_launcher:(4:<0.89.0>) Need to wait 5.3 sec before changing phase, going to sleep

=INFO REPORT==== 16-Jun-2014::18:49:41 ===
    ts_os_mon_erlang:(3:<0.600.0>) Fail to start beam on host "localhost" ({error,
                                                                            timeout})

=ERROR REPORT==== 16-Jun-2014::18:49:41 ===
** Generic server <0.600.0> terminating 
** Last message in was {timeout,#Ref<0.0.0.6210>,start_beam}
** When Server state == {state,{global,ts_mon},
                               10000,undefined,"localhost",undefined,[]}
** Reason for termination == 
** {error,timeout}

=INFO REPORT==== 16-Jun-2014::18:49:42 ===
    ts_os_mon_erlang:(5:<0.678.0>) Starting os_mon beam on host "localhost" 

=INFO REPORT==== 16-Jun-2014::18:49:45 ===
         ts_launcher:(5:<0.89.0>) Waking up

=INFO REPORT==== 16-Jun-2014::18:49:45 ===
         ts_launcher:(5:<0.89.0>) Start a new arrival phase (1000 users, 0.0033333333333333335); expected duration=300.0 sec

=INFO REPORT==== 16-Jun-2014::18:50:14 ===
    ts_os_mon_erlang:(3:<0.678.0>) Fail to start beam on host "localhost" ({error,
                                                                            timeout})

=ERROR REPORT==== 16-Jun-2014::18:50:14 ===
** Generic server <0.678.0> terminating 
** Last message in was {timeout,#Ref<0.0.0.7104>,start_beam}
** When Server state == {state,{global,ts_mon},
                               10000,undefined,"localhost",undefined,[]}
** Reason for termination == 
** {error,timeout}

=INFO REPORT==== 16-Jun-2014::18:50:15 ===
    ts_os_mon_erlang:(5:<0.790.0>) Starting os_mon beam on host "localhost" 

=INFO REPORT==== 16-Jun-2014::18:50:47 ===
    ts_os_mon_erlang:(3:<0.790.0>) Fail to start beam on host "localhost" ({error,
                                                                            timeout})

=ERROR REPORT==== 16-Jun-2014::18:50:47 ===
** Generic server <0.790.0> terminating 
** Last message in was {timeout,#Ref<0.0.0.8378>,start_beam}
** When Server state == {state,{global,ts_mon},
                               10000,undefined,"localhost",undefined,[]}
** Reason for termination == 
** {error,timeout}

=INFO REPORT==== 16-Jun-2014::18:50:48 ===
    ts_os_mon_erlang:(5:<0.917.0>) Starting os_mon beam on host "localhost" 

=INFO REPORT==== 16-Jun-2014::18:51:20 ===
    ts_os_mon_erlang:(3:<0.917.0>) Fail to start beam on host "localhost" ({error,
                                                                            timeout})

=ERROR REPORT==== 16-Jun-2014::18:51:20 ===
** Generic server <0.917.0> terminating 
** Last message in was {timeout,#Ref<0.0.0.9814>,start_beam}
** When Server state == {state,{global,ts_mon},
                               10000,undefined,"localhost",undefined,[]}
** Reason for termination == 
** {error,timeout}

=INFO REPORT==== 16-Jun-2014::18:51:21 ===
    ts_os_mon_erlang:(5:<0.1026.0>) Starting os_mon beam on host "localhost" 

=INFO REPORT==== 16-Jun-2014::18:51:53 ===
    ts_os_mon_erlang:(3:<0.1026.0>) Fail to start beam on host "localhost" ({error,
                                                                             timeout})

=ERROR REPORT==== 16-Jun-2014::18:51:53 ===
** Generic server <0.1026.0> terminating 
** Last message in was {timeout,#Ref<0.0.0.11051>,start_beam}
** When Server state == {state,{global,ts_mon},
                               10000,undefined,"localhost",undefined,[]}
** Reason for termination == 
** {error,timeout}

=INFO REPORT==== 16-Jun-2014::18:51:54 ===
    ts_os_mon_erlang:(5:<0.1135.0>) Starting os_mon beam on host "localhost" 

=INFO REPORT==== 16-Jun-2014::18:52:26 ===
    ts_os_mon_erlang:(3:<0.1135.0>) Fail to start beam on host "localhost" ({error,
                                                                             timeout})

=ERROR REPORT==== 16-Jun-2014::18:52:26 ===
** Generic server <0.1135.0> terminating 
** Last message in was {timeout,#Ref<0.0.0.12288>,start_beam}
** When Server state == {state,{global,ts_mon},
                               10000,undefined,"localhost",undefined,[]}
** Reason for termination == 
** {error,timeout}

=INFO REPORT==== 16-Jun-2014::18:52:27 ===
    ts_os_mon_erlang:(5:<0.1268.0>) Starting os_mon beam on host "localhost" 

=INFO REPORT==== 16-Jun-2014::18:52:59 ===
    ts_os_mon_erlang:(3:<0.1268.0>) Fail to start beam on host "localhost" ({error,
                                                                             timeout})

=ERROR REPORT==== 16-Jun-2014::18:52:59 ===
** Generic server <0.1268.0> terminating 
** Last message in was {timeout,#Ref<0.0.0.13758>,start_beam}
** When Server state == {state,{global,ts_mon},
                               10000,undefined,"localhost",undefined,[]}
** Reason for termination == 
** {error,timeout}

=INFO REPORT==== 16-Jun-2014::18:53:00 ===
    ts_os_mon_erlang:(5:<0.1393.0>) Starting os_mon beam on host "localhost" 

=INFO REPORT==== 16-Jun-2014::18:53:32 ===
    ts_os_mon_erlang:(3:<0.1393.0>) Fail to start beam on host "localhost" ({error,
                                                                             timeout})

=ERROR REPORT==== 16-Jun-2014::18:53:32 ===
** Generic server <0.1393.0> terminating 
** Last message in was {timeout,#Ref<0.0.0.15061>,start_beam}
** When Server state == {state,{global,ts_mon},
                               10000,undefined,"localhost",undefined,[]}
** Reason for termination == 
** {error,timeout}

=INFO REPORT==== 16-Jun-2014::18:53:33 ===
    ts_os_mon_erlang:(5:<0.1500.0>) Starting os_mon beam on host "localhost" 

=INFO REPORT==== 16-Jun-2014::18:54:05 ===
    ts_os_mon_erlang:(3:<0.1500.0>) Fail to start beam on host "localhost" ({error,
                                                                             timeout})

=ERROR REPORT==== 16-Jun-2014::18:54:05 ===
** Generic server <0.1500.0> terminating 
** Last message in was {timeout,#Ref<0.0.0.16421>,start_beam}
** When Server state == {state,{global,ts_mon},
                               10000,undefined,"localhost",undefined,[]}
** Reason for termination == 
** {error,timeout}

=INFO REPORT==== 16-Jun-2014::18:54:06 ===
    ts_os_mon_erlang:(5:<0.1628.0>) Starting os_mon beam on host "localhost" 

=INFO REPORT==== 16-Jun-2014::18:54:38 ===
    ts_os_mon_erlang:(3:<0.1628.0>) Fail to start beam on host "localhost" ({error,
                                                                             timeout})

=ERROR REPORT==== 16-Jun-2014::18:54:38 ===
** Generic server <0.1628.0> terminating 
** Last message in was {timeout,#Ref<0.0.0.17840>,start_beam}
** When Server state == {state,{global,ts_mon},
                               10000,undefined,"localhost",undefined,[]}
** Reason for termination == 
** {error,timeout}

=INFO REPORT==== 16-Jun-2014::18:54:39 ===
    ts_os_mon_erlang:(5:<0.1750.0>) Starting os_mon beam on host "localhost" 

=INFO REPORT==== 16-Jun-2014::18:54:41 ===
         ts_launcher:(4:<0.89.0>) Need to wait 3.58 sec before changing phase, going to sleep

=INFO REPORT==== 16-Jun-2014::18:54:45 ===
         ts_launcher:(5:<0.89.0>) Waking up

=INFO REPORT==== 16-Jun-2014::18:54:45 ===
         ts_launcher:(5:<0.89.0>) Start a new arrival phase (1500 users, 0.005); expected duration=300.0 sec

=INFO REPORT==== 16-Jun-2014::18:55:11 ===
    ts_os_mon_erlang:(3:<0.1750.0>) Fail to start beam on host "localhost" ({error,
                                                                             timeout})

=ERROR REPORT==== 16-Jun-2014::18:55:11 ===
** Generic server <0.1750.0> terminating 
** Last message in was {timeout,#Ref<0.0.0.19107>,start_beam}
** When Server state == {state,{global,ts_mon},
                               10000,undefined,"localhost",undefined,[]}
** Reason for termination == 
** {error,timeout}

=INFO REPORT==== 16-Jun-2014::18:55:12 ===
    ts_os_mon_erlang:(5:<0.1890.0>) Starting os_mon beam on host "localhost" 

=INFO REPORT==== 16-Jun-2014::18:55:44 ===
    ts_os_mon_erlang:(3:<0.1890.0>) Fail to start beam on host "localhost" ({error,
                                                                             timeout})

=ERROR REPORT==== 16-Jun-2014::18:55:44 ===
** Generic server <0.1890.0> terminating 
** Last message in was {timeout,#Ref<0.0.0.20828>,start_beam}
** When Server state == {state,{global,ts_mon},
                               10000,undefined,"localhost",undefined,[]}
** Reason for termination == 
** {error,timeout}

=INFO REPORT==== 16-Jun-2014::18:55:45 ===
    ts_os_mon_erlang:(5:<0.2041.0>) Starting os_mon beam on host "localhost" 

=INFO REPORT==== 16-Jun-2014::18:56:17 ===
    ts_os_mon_erlang:(3:<0.2041.0>) Fail to start beam on host "localhost" ({error,
                                                                             timeout})

=ERROR REPORT==== 16-Jun-2014::18:56:17 ===
** Generic server <0.2041.0> terminating 
** Last message in was {timeout,#Ref<0.0.0.22536>,start_beam}
** When Server state == {state,{global,ts_mon},
                               10000,undefined,"localhost",undefined,[]}
** Reason for termination == 
** {error,timeout}

=INFO REPORT==== 16-Jun-2014::18:56:18 ===
    ts_os_mon_erlang:(5:<0.2171.0>) Starting os_mon beam on host "localhost" 

=INFO REPORT==== 16-Jun-2014::18:56:50 ===
    ts_os_mon_erlang:(3:<0.2171.0>) Fail to start beam on host "localhost" ({error,
                                                                             timeout})

=ERROR REPORT==== 16-Jun-2014::18:56:50 ===
** Generic server <0.2171.0> terminating 
** Last message in was {timeout,#Ref<0.0.0.23998>,start_beam}
** When Server state == {state,{global,ts_mon},
                               10000,undefined,"localhost",undefined,[]}
** Reason for termination == 
** {error,timeout}

=INFO REPORT==== 16-Jun-2014::18:56:51 ===
    ts_os_mon_erlang:(5:<0.2320.0>) Starting os_mon beam on host "localhost" 

=INFO REPORT==== 16-Jun-2014::18:57:23 ===
    ts_os_mon_erlang:(3:<0.2320.0>) Fail to start beam on host "localhost" ({error,
                                                                             timeout})

=ERROR REPORT==== 16-Jun-2014::18:57:23 ===
** Generic server <0.2320.0> terminating 
** Last message in was {timeout,#Ref<0.0.0.25672>,start_beam}
** When Server state == {state,{global,ts_mon},
                               10000,undefined,"localhost",undefined,[]}
** Reason for termination == 
** {error,timeout}

=INFO REPORT==== 16-Jun-2014::18:57:24 ===
    ts_os_mon_erlang:(5:<0.2463.0>) Starting os_mon beam on host "localhost" 

=INFO REPORT==== 16-Jun-2014::18:57:56 ===
    ts_os_mon_erlang:(3:<0.2463.0>) Fail to start beam on host "localhost" ({error,
                                                                             timeout})

=ERROR REPORT==== 16-Jun-2014::18:57:56 ===
** Generic server <0.2463.0> terminating 
** Last message in was {timeout,#Ref<0.0.0.27273>,start_beam}
** When Server state == {state,{global,ts_mon},
                               10000,undefined,"localhost",undefined,[]}
** Reason for termination == 
** {error,timeout}

=INFO REPORT==== 16-Jun-2014::18:57:57 ===
    ts_os_mon_erlang:(5:<0.2613.0>) Starting os_mon beam on host "localhost" 

=INFO REPORT==== 16-Jun-2014::18:58:29 ===
    ts_os_mon_erlang:(3:<0.2613.0>) Fail to start beam on host "localhost" ({error,
                                                                             timeout})

=ERROR REPORT==== 16-Jun-2014::18:58:29 ===
** Generic server <0.2613.0> terminating 
** Last message in was {timeout,#Ref<0.0.0.28968>,start_beam}
** When Server state == {state,{global,ts_mon},
                               10000,undefined,"localhost",undefined,[]}
** Reason for termination == 
** {error,timeout}

=INFO REPORT==== 16-Jun-2014::18:58:30 ===
    ts_os_mon_erlang:(5:<0.2772.0>) Starting os_mon beam on host "localhost" 

=INFO REPORT==== 16-Jun-2014::18:59:02 ===
    ts_os_mon_erlang:(3:<0.2772.0>) Fail to start beam on host "localhost" ({error,
                                                                             timeout})

=ERROR REPORT==== 16-Jun-2014::18:59:02 ===
** Generic server <0.2772.0> terminating 
** Last message in was {timeout,#Ref<0.0.0.30758>,start_beam}
** When Server state == {state,{global,ts_mon},
                               10000,undefined,"localhost",undefined,[]}
** Reason for termination == 
** {error,timeout}

=INFO REPORT==== 16-Jun-2014::18:59:03 ===
    ts_os_mon_erlang:(5:<0.2972.0>) Starting os_mon beam on host "localhost" 

=INFO REPORT==== 16-Jun-2014::18:59:35 ===
    ts_os_mon_erlang:(3:<0.2972.0>) Fail to start beam on host "localhost" ({error,
                                                                             timeout})

=ERROR REPORT==== 16-Jun-2014::18:59:35 ===
** Generic server <0.2972.0> terminating 
** Last message in was {timeout,#Ref<0.0.0.33000>,start_beam}
** When Server state == {state,{global,ts_mon},
                               10000,undefined,"localhost",undefined,[]}
** Reason for termination == 
** {error,timeout}

=INFO REPORT==== 16-Jun-2014::18:59:36 ===
    ts_os_mon_erlang:(5:<0.3124.0>) Starting os_mon beam on host "localhost" 

=INFO REPORT==== 16-Jun-2014::18:59:45 ===
         ts_launcher:(5:<0.89.0>) Phase duration exceeded, but not all users were launched (188 users, 12.5% of phase)

=INFO REPORT==== 16-Jun-2014::18:59:45 ===
         ts_launcher:(5:<0.89.0>) Start a new arrival phase (2000 users, 0.006666666666666667); expected duration=300.0 sec

=INFO REPORT==== 16-Jun-2014::19:00:08 ===
    ts_os_mon_erlang:(3:<0.3124.0>) Fail to start beam on host "localhost" ({error,
                                                                             timeout})

=ERROR REPORT==== 16-Jun-2014::19:00:08 ===
** Generic server <0.3124.0> terminating 
** Last message in was {timeout,#Ref<0.0.0.34717>,start_beam}
** When Server state == {state,{global,ts_mon},
                               10000,undefined,"localhost",undefined,[]}
** Reason for termination == 
** {error,timeout}

=INFO REPORT==== 16-Jun-2014::19:00:09 ===
    ts_os_mon_erlang:(5:<0.3282.0>) Starting os_mon beam on host "localhost" 

=INFO REPORT==== 16-Jun-2014::19:00:41 ===
    ts_os_mon_erlang:(3:<0.3282.0>) Fail to start beam on host "localhost" ({error,
                                                                             timeout})

=ERROR REPORT==== 16-Jun-2014::19:00:41 ===
** Generic server <0.3282.0> terminating 
** Last message in was {timeout,#Ref<0.0.0.36488>,start_beam}
** When Server state == {state,{global,ts_mon},
                               10000,undefined,"localhost",undefined,[]}
** Reason for termination == 
** {error,timeout}

=INFO REPORT==== 16-Jun-2014::19:00:42 ===
    ts_os_mon_erlang:(5:<0.3474.0>) Starting os_mon beam on host "localhost" 

=INFO REPORT==== 16-Jun-2014::19:01:14 ===
    ts_os_mon_erlang:(3:<0.3474.0>) Fail to start beam on host "localhost" ({error,
                                                                             timeout})

=ERROR REPORT==== 16-Jun-2014::19:01:14 ===
** Generic server <0.3474.0> terminating 
** Last message in was {timeout,#Ref<0.0.0.38636>,start_beam}
** When Server state == {state,{global,ts_mon},
                               10000,undefined,"localhost",undefined,[]}
** Reason for termination == 
** {error,timeout}

=INFO REPORT==== 16-Jun-2014::19:01:15 ===
    ts_os_mon_erlang:(5:<0.3620.0>) Starting os_mon beam on host "localhost" 

=INFO REPORT==== 16-Jun-2014::19:01:47 ===
    ts_os_mon_erlang:(3:<0.3620.0>) Fail to start beam on host "localhost" ({error,
                                                                             timeout})

=ERROR REPORT==== 16-Jun-2014::19:01:47 ===
** Generic server <0.3620.0> terminating 
** Last message in was {timeout,#Ref<0.0.0.40277>,start_beam}
** When Server state == {state,{global,ts_mon},
                               10000,undefined,"localhost",undefined,[]}
** Reason for termination == 
** {error,timeout}

=INFO REPORT==== 16-Jun-2014::19:01:48 ===
    ts_os_mon_erlang:(5:<0.3827.0>) Starting os_mon beam on host "localhost" 

=INFO REPORT==== 16-Jun-2014::19:02:20 ===
    ts_os_mon_erlang:(3:<0.3827.0>) Fail to start beam on host "localhost" ({error,
                                                                             timeout})

=ERROR REPORT==== 16-Jun-2014::19:02:20 ===
** Generic server <0.3827.0> terminating 
** Last message in was {timeout,#Ref<0.0.0.42591>,start_beam}
** When Server state == {state,{global,ts_mon},
                               10000,undefined,"localhost",undefined,[]}
** Reason for termination == 
** {error,timeout}

=INFO REPORT==== 16-Jun-2014::19:02:21 ===
    ts_os_mon_erlang:(5:<0.4041.0>) Starting os_mon beam on host "localhost" 

=INFO REPORT==== 16-Jun-2014::19:02:54 ===
    ts_os_mon_erlang:(3:<0.4041.0>) Fail to start beam on host "localhost" ({error,
                                                                             timeout})

=ERROR REPORT==== 16-Jun-2014::19:02:54 ===
** Generic server <0.4041.0> terminating 
** Last message in was {timeout,#Ref<0.0.0.44986>,start_beam}
** When Server state == {state,{global,ts_mon},
                               10000,undefined,"localhost",undefined,[]}
** Reason for termination == 
** {error,timeout}

=INFO REPORT==== 16-Jun-2014::19:02:55 ===
    ts_os_mon_erlang:(5:<0.4271.0>) Starting os_mon beam on host "localhost" 

=INFO REPORT==== 16-Jun-2014::19:03:27 ===
    ts_os_mon_erlang:(3:<0.4271.0>) Fail to start beam on host "localhost" ({error,
                                                                             timeout})

=ERROR REPORT==== 16-Jun-2014::19:03:27 ===
** Generic server <0.4271.0> terminating 
** Last message in was {timeout,#Ref<0.0.0.47562>,start_beam}
** When Server state == {state,{global,ts_mon},
                               10000,undefined,"localhost",undefined,[]}
** Reason for termination == 
** {error,timeout}

=INFO REPORT==== 16-Jun-2014::19:03:28 ===
    ts_os_mon_erlang:(5:<0.4485.0>) Starting os_mon beam on host "localhost" 

=INFO REPORT==== 16-Jun-2014::19:04:00 ===
    ts_os_mon_erlang:(3:<0.4485.0>) Fail to start beam on host "localhost" ({error,
                                                                             timeout})

=ERROR REPORT==== 16-Jun-2014::19:04:00 ===
** Generic server <0.4485.0> terminating 
** Last message in was {timeout,#Ref<0.0.0.49956>,start_beam}
** When Server state == {state,{global,ts_mon},
                               10000,undefined,"localhost",undefined,[]}
** Reason for termination == 
** {error,timeout}

=INFO REPORT==== 16-Jun-2014::19:04:01 ===
    ts_os_mon_erlang:(5:<0.4721.0>) Starting os_mon beam on host "localhost" 

=INFO REPORT==== 16-Jun-2014::19:04:33 ===
    ts_os_mon_erlang:(3:<0.4721.0>) Fail to start beam on host "localhost" ({error,
                                                                             timeout})

=ERROR REPORT==== 16-Jun-2014::19:04:33 ===
** Generic server <0.4721.0> terminating 
** Last message in was {timeout,#Ref<0.0.0.52593>,start_beam}
** When Server state == {state,{global,ts_mon},
                               10000,undefined,"localhost",undefined,[]}
** Reason for termination == 
** {error,timeout}

=INFO REPORT==== 16-Jun-2014::19:04:34 ===
    ts_os_mon_erlang:(5:<0.4924.0>) Starting os_mon beam on host "localhost" 

=INFO REPORT==== 16-Jun-2014::19:04:45 ===
         ts_launcher:(5:<0.89.0>) Phase duration exceeded, but not all users were launched (272 users, 13.6% of phase)

=INFO REPORT==== 16-Jun-2014::19:04:45 ===
         ts_launcher:(5:<0.89.0>) Start a new arrival phase (2500 users, 0.008333333333333333); expected duration=300.0 sec

=INFO REPORT==== 16-Jun-2014::19:05:06 ===
    ts_os_mon_erlang:(3:<0.4924.0>) Fail to start beam on host "localhost" ({error,
                                                                             timeout})

=ERROR REPORT==== 16-Jun-2014::19:05:06 ===
** Generic server <0.4924.0> terminating 
** Last message in was {timeout,#Ref<0.0.0.54862>,start_beam}
** When Server state == {state,{global,ts_mon},
                               10000,undefined,"localhost",undefined,[]}
** Reason for termination == 
** {error,timeout}

=INFO REPORT==== 16-Jun-2014::19:05:07 ===
    ts_os_mon_erlang:(5:<0.5111.0>) Starting os_mon beam on host "localhost" 

=INFO REPORT==== 16-Jun-2014::19:05:39 ===
    ts_os_mon_erlang:(3:<0.5111.0>) Fail to start beam on host "localhost" ({error,
                                                                             timeout})

=ERROR REPORT==== 16-Jun-2014::19:05:39 ===
** Generic server <0.5111.0> terminating 
** Last message in was {timeout,#Ref<0.0.0.56958>,start_beam}
** When Server state == {state,{global,ts_mon},
                               10000,undefined,"localhost",undefined,[]}
** Reason for termination == 
** {error,timeout}

=INFO REPORT==== 16-Jun-2014::19:05:40 ===
    ts_os_mon_erlang:(5:<0.5320.0>) Starting os_mon beam on host "localhost" 

=INFO REPORT==== 16-Jun-2014::19:06:12 ===
    ts_os_mon_erlang:(3:<0.5320.0>) Fail to start beam on host "localhost" ({error,
                                                                             timeout})

=ERROR REPORT==== 16-Jun-2014::19:06:12 ===
** Generic server <0.5320.0> terminating 
** Last message in was {timeout,#Ref<0.0.0.59289>,start_beam}
** When Server state == {state,{global,ts_mon},
                               10000,undefined,"localhost",undefined,[]}
** Reason for termination == 
** {error,timeout}

=INFO REPORT==== 16-Jun-2014::19:06:13 ===
    ts_os_mon_erlang:(5:<0.5514.0>) Starting os_mon beam on host "localhost" 

=INFO REPORT==== 16-Jun-2014::19:06:45 ===
    ts_os_mon_erlang:(3:<0.5514.0>) Fail to start beam on host "localhost" ({error,
                                                                             timeout})

=ERROR REPORT==== 16-Jun-2014::19:06:45 ===
** Generic server <0.5514.0> terminating 
** Last message in was {timeout,#Ref<0.0.0.61454>,start_beam}
** When Server state == {state,{global,ts_mon},
                               10000,undefined,"localhost",undefined,[]}
** Reason for termination == 
** {error,timeout}

=INFO REPORT==== 16-Jun-2014::19:06:47 ===
    ts_os_mon_erlang:(5:<0.5725.0>) Starting os_mon beam on host "localhost" 

=INFO REPORT==== 16-Jun-2014::19:07:19 ===
    ts_os_mon_erlang:(3:<0.5725.0>) Fail to start beam on host "localhost" ({error,
                                                                             timeout})

=ERROR REPORT==== 16-Jun-2014::19:07:19 ===
** Generic server <0.5725.0> terminating 
** Last message in was {timeout,#Ref<0.0.0.63813>,start_beam}
** When Server state == {state,{global,ts_mon},
                               10000,undefined,"localhost",undefined,[]}
** Reason for termination == 
** {error,timeout}

=INFO REPORT==== 16-Jun-2014::19:07:20 ===
    ts_os_mon_erlang:(5:<0.5955.0>) Starting os_mon beam on host "localhost" 

=INFO REPORT==== 16-Jun-2014::19:07:52 ===
    ts_os_mon_erlang:(3:<0.5955.0>) Fail to start beam on host "localhost" ({error,
                                                                             timeout})

=ERROR REPORT==== 16-Jun-2014::19:07:52 ===
** Generic server <0.5955.0> terminating 
** Last message in was {timeout,#Ref<0.0.0.66372>,start_beam}
** When Server state == {state,{global,ts_mon},
                               10000,undefined,"localhost",undefined,[]}
** Reason for termination == 
** {error,timeout}

=INFO REPORT==== 16-Jun-2014::19:07:53 ===
    ts_os_mon_erlang:(5:<0.6157.0>) Starting os_mon beam on host "localhost" 

=INFO REPORT==== 16-Jun-2014::19:08:25 ===
    ts_os_mon_erlang:(3:<0.6157.0>) Fail to start beam on host "localhost" ({error,
                                                                             timeout})

=ERROR REPORT==== 16-Jun-2014::19:08:25 ===
** Generic server <0.6157.0> terminating 
** Last message in was {timeout,#Ref<0.0.0.68628>,start_beam}
** When Server state == {state,{global,ts_mon},
                               10000,undefined,"localhost",undefined,[]}
** Reason for termination == 
** {error,timeout}

=INFO REPORT==== 16-Jun-2014::19:08:26 ===
    ts_os_mon_erlang:(5:<0.6370.0>) Starting os_mon beam on host "localhost" 

=INFO REPORT==== 16-Jun-2014::19:08:58 ===
    ts_os_mon_erlang:(3:<0.6370.0>) Fail to start beam on host "localhost" ({error,
                                                                             timeout})

=ERROR REPORT==== 16-Jun-2014::19:08:58 ===
** Generic server <0.6370.0> terminating 
** Last message in was {timeout,#Ref<0.0.0.71009>,start_beam}
** When Server state == {state,{global,ts_mon},
                               10000,undefined,"localhost",undefined,[]}
** Reason for termination == 
** {error,timeout}

=INFO REPORT==== 16-Jun-2014::19:08:59 ===
    ts_os_mon_erlang:(5:<0.6657.0>) Starting os_mon beam on host "localhost" 

=INFO REPORT==== 16-Jun-2014::19:09:31 ===
    ts_os_mon_erlang:(3:<0.6657.0>) Fail to start beam on host "localhost" ({error,
                                                                             timeout})

=ERROR REPORT==== 16-Jun-2014::19:09:31 ===
** Generic server <0.6657.0> terminating 
** Last message in was {timeout,#Ref<0.0.0.74206>,start_beam}
** When Server state == {state,{global,ts_mon},
                               10000,undefined,"localhost",undefined,[]}
** Reason for termination == 
** {error,timeout}

=INFO REPORT==== 16-Jun-2014::19:09:32 ===
    ts_os_mon_erlang:(5:<0.6931.0>) Starting os_mon beam on host "localhost" 

=INFO REPORT==== 16-Jun-2014::19:09:45 ===
         ts_launcher:(4:<0.89.0>) Phase duration exceeded, more than 20% (20.8%) of users were not launched in time (520 users), tsung may be overloaded !

=INFO REPORT==== 16-Jun-2014::19:09:45 ===
         ts_launcher:(5:<0.89.0>) Start a new arrival phase (3000 users, 0.01); expected duration=300.0 sec

=INFO REPORT==== 16-Jun-2014::19:10:04 ===
    ts_os_mon_erlang:(3:<0.6931.0>) Fail to start beam on host "localhost" ({error,
                                                                             timeout})

=ERROR REPORT==== 16-Jun-2014::19:10:04 ===
** Generic server <0.6931.0> terminating 
** Last message in was {timeout,#Ref<0.0.0.77263>,start_beam}
** When Server state == {state,{global,ts_mon},
                               10000,undefined,"localhost",undefined,[]}
** Reason for termination == 
** {error,timeout}

=INFO REPORT==== 16-Jun-2014::19:10:05 ===
    ts_os_mon_erlang:(5:<0.7220.0>) Starting os_mon beam on host "localhost" 

=INFO REPORT==== 16-Jun-2014::19:10:37 ===
    ts_os_mon_erlang:(3:<0.7220.0>) Fail to start beam on host "localhost" ({error,
                                                                             timeout})

=ERROR REPORT==== 16-Jun-2014::19:10:37 ===
** Generic server <0.7220.0> terminating 
** Last message in was {timeout,#Ref<0.0.0.80488>,start_beam}
** When Server state == {state,{global,ts_mon},
                               10000,undefined,"localhost",undefined,[]}
** Reason for termination == 
** {error,timeout}

=INFO REPORT==== 16-Jun-2014::19:10:38 ===
    ts_os_mon_erlang:(5:<0.7533.0>) Starting os_mon beam on host "localhost" 

=INFO REPORT==== 16-Jun-2014::19:11:10 ===
    ts_os_mon_erlang:(3:<0.7533.0>) Fail to start beam on host "localhost" ({error,
                                                                             timeout})

=ERROR REPORT==== 16-Jun-2014::19:11:10 ===
** Generic server <0.7533.0> terminating 
** Last message in was {timeout,#Ref<0.0.0.83972>,start_beam}
** When Server state == {state,{global,ts_mon},
                               10000,undefined,"localhost",undefined,[]}
** Reason for termination == 
** {error,timeout}

=INFO REPORT==== 16-Jun-2014::19:11:11 ===
    ts_os_mon_erlang:(5:<0.7803.0>) Starting os_mon beam on host "localhost" 

=INFO REPORT==== 16-Jun-2014::19:11:43 ===
    ts_os_mon_erlang:(3:<0.7803.0>) Fail to start beam on host "localhost" ({error,
                                                                             timeout})

=ERROR REPORT==== 16-Jun-2014::19:11:44 ===
** Generic server <0.7803.0> terminating 
** Last message in was {timeout,#Ref<0.0.0.86976>,start_beam}
** When Server state == {state,{global,ts_mon},
                               10000,undefined,"localhost",undefined,[]}
** Reason for termination == 
** {error,timeout}

=INFO REPORT==== 16-Jun-2014::19:11:45 ===
    ts_os_mon_erlang:(5:<0.7992.0>) Starting os_mon beam on host "localhost" 

=INFO REPORT==== 16-Jun-2014::19:12:17 ===
    ts_os_mon_erlang:(3:<0.7992.0>) Fail to start beam on host "localhost" ({error,
                                                                             timeout})

=ERROR REPORT==== 16-Jun-2014::19:12:17 ===
** Generic server <0.7992.0> terminating 
** Last message in was {timeout,#Ref<0.0.0.89088>,start_beam}
** When Server state == {state,{global,ts_mon},
                               10000,undefined,"localhost",undefined,[]}
** Reason for termination == 
** {error,timeout}

=INFO REPORT==== 16-Jun-2014::19:12:18 ===
    ts_os_mon_erlang:(5:<0.8309.0>) Starting os_mon beam on host "localhost" 

=INFO REPORT==== 16-Jun-2014::19:12:50 ===
    ts_os_mon_erlang:(3:<0.8309.0>) Fail to start beam on host "localhost" ({error,
                                                                             timeout})

=ERROR REPORT==== 16-Jun-2014::19:12:50 ===
** Generic server <0.8309.0> terminating 
** Last message in was {timeout,#Ref<0.0.0.92616>,start_beam}
** When Server state == {state,{global,ts_mon},
                               10000,undefined,"localhost",undefined,[]}
** Reason for termination == 
** {error,timeout}

=INFO REPORT==== 16-Jun-2014::19:12:51 ===
    ts_os_mon_erlang:(5:<0.8656.0>) Starting os_mon beam on host "localhost" 

=INFO REPORT==== 16-Jun-2014::19:13:23 ===
    ts_os_mon_erlang:(3:<0.8656.0>) Fail to start beam on host "localhost" ({error,
                                                                             timeout})

=ERROR REPORT==== 16-Jun-2014::19:13:23 ===
** Generic server <0.8656.0> terminating 
** Last message in was {timeout,#Ref<0.0.0.96475>,start_beam}
** When Server state == {state,{global,ts_mon},
                               10000,undefined,"localhost",undefined,[]}
** Reason for termination == 
** {error,timeout}

=INFO REPORT==== 16-Jun-2014::19:13:24 ===
    ts_os_mon_erlang:(5:<0.8904.0>) Starting os_mon beam on host "localhost" 

=INFO REPORT==== 16-Jun-2014::19:13:56 ===
    ts_os_mon_erlang:(3:<0.8904.0>) Fail to start beam on host "localhost" ({error,
                                                                             timeout})

=ERROR REPORT==== 16-Jun-2014::19:13:56 ===
** Generic server <0.8904.0> terminating 
** Last message in was {timeout,#Ref<0.0.0.99235>,start_beam}
** When Server state == {state,{global,ts_mon},
                               10000,undefined,"localhost",undefined,[]}
** Reason for termination == 
** {error,timeout}

=INFO REPORT==== 16-Jun-2014::19:13:57 ===
    ts_os_mon_erlang:(5:<0.9121.0>) Starting os_mon beam on host "localhost" 

=INFO REPORT==== 16-Jun-2014::19:14:29 ===
    ts_os_mon_erlang:(3:<0.9121.0>) Fail to start beam on host "localhost" ({error,
                                                                             timeout})

=ERROR REPORT==== 16-Jun-2014::19:14:29 ===
** Generic server <0.9121.0> terminating 
** Last message in was {timeout,#Ref<0.0.0.101653>,start_beam}
** When Server state == {state,{global,ts_mon},
                               10000,undefined,"localhost",undefined,[]}
** Reason for termination == 
** {error,timeout}

=INFO REPORT==== 16-Jun-2014::19:14:30 ===
    ts_os_mon_erlang:(5:<0.9455.0>) Starting os_mon beam on host "localhost" 

=INFO REPORT==== 16-Jun-2014::19:14:45 ===
         ts_launcher:(5:<0.89.0>) Phase duration exceeded, but not all users were launched (524 users, 17.5% of phase)

=INFO REPORT==== 16-Jun-2014::19:14:45 ===
         ts_launcher:(5:<0.89.0>) Start a new arrival phase (500 users, 0.0016666666666666668); expected duration=300.0 sec

=INFO REPORT==== 16-Jun-2014::19:15:02 ===
    ts_os_mon_erlang:(3:<0.9455.0>) Fail to start beam on host "localhost" ({error,
                                                                             timeout})

=ERROR REPORT==== 16-Jun-2014::19:15:02 ===
** Generic server <0.9455.0> terminating 
** Last message in was {timeout,#Ref<0.0.0.105370>,start_beam}
** When Server state == {state,{global,ts_mon},
                               10000,undefined,"localhost",undefined,[]}
** Reason for termination == 
** {error,timeout}

=INFO REPORT==== 16-Jun-2014::19:15:03 ===
    ts_os_mon_erlang:(5:<0.9630.0>) Starting os_mon beam on host "localhost" 

=INFO REPORT==== 16-Jun-2014::19:15:35 ===
    ts_os_mon_erlang:(3:<0.9630.0>) Fail to start beam on host "localhost" ({error,
                                                                             timeout})

=ERROR REPORT==== 16-Jun-2014::19:15:35 ===
** Generic server <0.9630.0> terminating 
** Last message in was {timeout,#Ref<0.0.0.107339>,start_beam}
** When Server state == {state,{global,ts_mon},
                               10000,undefined,"localhost",undefined,[]}
** Reason for termination == 
** {error,timeout}

=INFO REPORT==== 16-Jun-2014::19:15:36 ===
    ts_os_mon_erlang:(5:<0.9704.0>) Starting os_mon beam on host "localhost" 

=INFO REPORT==== 16-Jun-2014::19:16:08 ===
    ts_os_mon_erlang:(3:<0.9704.0>) Fail to start beam on host "localhost" ({error,
                                                                             timeout})

=ERROR REPORT==== 16-Jun-2014::19:16:08 ===
** Generic server <0.9704.0> terminating 
** Last message in was {timeout,#Ref<0.0.0.108198>,start_beam}
** When Server state == {state,{global,ts_mon},
                               10000,undefined,"localhost",undefined,[]}
** Reason for termination == 
** {error,timeout}

=INFO REPORT==== 16-Jun-2014::19:16:09 ===
    ts_os_mon_erlang:(5:<0.9771.0>) Starting os_mon beam on host "localhost" 

=INFO REPORT==== 16-Jun-2014::19:16:41 ===
    ts_os_mon_erlang:(3:<0.9771.0>) Fail to start beam on host "localhost" ({error,
                                                                             timeout})

=ERROR REPORT==== 16-Jun-2014::19:16:41 ===
** Generic server <0.9771.0> terminating 
** Last message in was {timeout,#Ref<0.0.0.108976>,start_beam}
** When Server state == {state,{global,ts_mon},
                               10000,undefined,"localhost",undefined,[]}
** Reason for termination == 
** {error,timeout}

=INFO REPORT==== 16-Jun-2014::19:16:42 ===
    ts_os_mon_erlang:(5:<0.9833.0>) Starting os_mon beam on host "localhost" 

=INFO REPORT==== 16-Jun-2014::19:17:14 ===
    ts_os_mon_erlang:(3:<0.9833.0>) Fail to start beam on host "localhost" ({error,
                                                                             timeout})

=ERROR REPORT==== 16-Jun-2014::19:17:14 ===
** Generic server <0.9833.0> terminating 
** Last message in was {timeout,#Ref<0.0.0.109699>,start_beam}
** When Server state == {state,{global,ts_mon},
                               10000,undefined,"localhost",undefined,[]}
** Reason for termination == 
** {error,timeout}

=INFO REPORT==== 16-Jun-2014::19:17:15 ===
    ts_os_mon_erlang:(5:<0.9898.0>) Starting os_mon beam on host "localhost" 

=INFO REPORT==== 16-Jun-2014::19:17:47 ===
    ts_os_mon_erlang:(3:<0.9898.0>) Fail to start beam on host "localhost" ({error,
                                                                             timeout})

=ERROR REPORT==== 16-Jun-2014::19:17:47 ===
** Generic server <0.9898.0> terminating 
** Last message in was {timeout,#Ref<0.0.0.110459>,start_beam}
** When Server state == {state,{global,ts_mon},
                               10000,undefined,"localhost",undefined,[]}
** Reason for termination == 
** {error,timeout}

=INFO REPORT==== 16-Jun-2014::19:17:48 ===
    ts_os_mon_erlang:(5:<0.9951.0>) Starting os_mon beam on host "localhost" 

=INFO REPORT==== 16-Jun-2014::19:18:20 ===
    ts_os_mon_erlang:(3:<0.9951.0>) Fail to start beam on host "localhost" ({error,
                                                                             timeout})

=ERROR REPORT==== 16-Jun-2014::19:18:20 ===
** Generic server <0.9951.0> terminating 
** Last message in was {timeout,#Ref<0.0.0.111083>,start_beam}
** When Server state == {state,{global,ts_mon},
                               10000,undefined,"localhost",undefined,[]}
** Reason for termination == 
** {error,timeout}

=INFO REPORT==== 16-Jun-2014::19:18:21 ===
    ts_os_mon_erlang:(5:<0.10014.0>) Starting os_mon beam on host "localhost" 

=INFO REPORT==== 16-Jun-2014::19:18:53 ===
    ts_os_mon_erlang:(3:<0.10014.0>) Fail to start beam on host "localhost" ({error,
                                                                              timeout})

=ERROR REPORT==== 16-Jun-2014::19:18:53 ===
** Generic server <0.10014.0> terminating 
** Last message in was {timeout,#Ref<0.0.0.111817>,start_beam}
** When Server state == {state,{global,ts_mon},
                               10000,undefined,"localhost",undefined,[]}
** Reason for termination == 
** {error,timeout}

=INFO REPORT==== 16-Jun-2014::19:18:54 ===
    ts_os_mon_erlang:(5:<0.10087.0>) Starting os_mon beam on host "localhost" 

=INFO REPORT==== 16-Jun-2014::19:19:26 ===
    ts_os_mon_erlang:(3:<0.10087.0>) Fail to start beam on host "localhost" ({error,
                                                                              timeout})

=ERROR REPORT==== 16-Jun-2014::19:19:26 ===
** Generic server <0.10087.0> terminating 
** Last message in was {timeout,#Ref<0.0.0.112666>,start_beam}
** When Server state == {state,{global,ts_mon},
                               10000,undefined,"localhost",undefined,[]}
** Reason for termination == 
** {error,timeout}

=INFO REPORT==== 16-Jun-2014::19:19:27 ===
    ts_os_mon_erlang:(5:<0.10169.0>) Starting os_mon beam on host "localhost" 

=INFO REPORT==== 16-Jun-2014::19:19:30 ===
         ts_launcher:(4:<0.89.0>) Need to wait 15.729 sec before changing phase, going to sleep

=INFO REPORT==== 16-Jun-2014::19:19:45 ===
         ts_launcher:(5:<0.89.0>) Waking up

=INFO REPORT==== 16-Jun-2014::19:19:45 ===
         ts_launcher:(5:<0.89.0>) Start a new arrival phase (1000 users, 0.0033333333333333335); expected duration=300.0 sec

=INFO REPORT==== 16-Jun-2014::19:19:59 ===
    ts_os_mon_erlang:(3:<0.10169.0>) Fail to start beam on host "localhost" ({error,
                                                                              timeout})

=ERROR REPORT==== 16-Jun-2014::19:19:59 ===
** Generic server <0.10169.0> terminating 
** Last message in was {timeout,#Ref<0.0.0.113609>,start_beam}
** When Server state == {state,{global,ts_mon},
                               10000,undefined,"localhost",undefined,[]}
** Reason for termination == 
** {error,timeout}

=INFO REPORT==== 16-Jun-2014::19:20:01 ===
    ts_os_mon_erlang:(5:<0.10227.0>) Starting os_mon beam on host "localhost" 

=INFO REPORT==== 16-Jun-2014::19:20:33 ===
    ts_os_mon_erlang:(3:<0.10227.0>) Fail to start beam on host "localhost" ({error,
                                                                              timeout})

=ERROR REPORT==== 16-Jun-2014::19:20:33 ===
** Generic server <0.10227.0> terminating 
** Last message in was {timeout,#Ref<0.0.0.114287>,start_beam}
** When Server state == {state,{global,ts_mon},
                               10000,undefined,"localhost",undefined,[]}
** Reason for termination == 
** {error,timeout}

=INFO REPORT==== 16-Jun-2014::19:20:34 ===
    ts_os_mon_erlang:(5:<0.10319.0>) Starting os_mon beam on host "localhost" 

=INFO REPORT==== 16-Jun-2014::19:21:06 ===
    ts_os_mon_erlang:(3:<0.10319.0>) Fail to start beam on host "localhost" ({error,
                                                                              timeout})

=ERROR REPORT==== 16-Jun-2014::19:21:06 ===
** Generic server <0.10319.0> terminating 
** Last message in was {timeout,#Ref<0.0.0.115328>,start_beam}
** When Server state == {state,{global,ts_mon},
                               10000,undefined,"localhost",undefined,[]}
** Reason for termination == 
** {error,timeout}

=INFO REPORT==== 16-Jun-2014::19:21:07 ===
    ts_os_mon_erlang:(5:<0.10450.0>) Starting os_mon beam on host "localhost" 

=INFO REPORT==== 16-Jun-2014::19:21:39 ===
    ts_os_mon_erlang:(3:<0.10450.0>) Fail to start beam on host "localhost" ({error,
                                                                              timeout})

=ERROR REPORT==== 16-Jun-2014::19:21:39 ===
** Generic server <0.10450.0> terminating 
** Last message in was {timeout,#Ref<0.0.0.116814>,start_beam}
** When Server state == {state,{global,ts_mon},
                               10000,undefined,"localhost",undefined,[]}
** Reason for termination == 
** {error,timeout}

=INFO REPORT==== 16-Jun-2014::19:21:40 ===
    ts_os_mon_erlang:(5:<0.10575.0>) Starting os_mon beam on host "localhost" 

=INFO REPORT==== 16-Jun-2014::19:22:12 ===
    ts_os_mon_erlang:(3:<0.10575.0>) Fail to start beam on host "localhost" ({error,
                                                                              timeout})

=ERROR REPORT==== 16-Jun-2014::19:22:12 ===
** Generic server <0.10575.0> terminating 
** Last message in was {timeout,#Ref<0.0.0.118230>,start_beam}
** When Server state == {state,{global,ts_mon},
                               10000,undefined,"localhost",undefined,[]}
** Reason for termination == 
** {error,timeout}

=INFO REPORT==== 16-Jun-2014::19:22:13 ===
    ts_os_mon_erlang:(5:<0.10710.0>) Starting os_mon beam on host "localhost" 

=INFO REPORT==== 16-Jun-2014::19:22:45 ===
    ts_os_mon_erlang:(3:<0.10710.0>) Fail to start beam on host "localhost" ({error,
                                                                              timeout})

=ERROR REPORT==== 16-Jun-2014::19:22:45 ===
** Generic server <0.10710.0> terminating 
** Last message in was {timeout,#Ref<0.0.0.119756>,start_beam}
** When Server state == {state,{global,ts_mon},
                               10000,undefined,"localhost",undefined,[]}
** Reason for termination == 
** {error,timeout}

=INFO REPORT==== 16-Jun-2014::19:22:46 ===
    ts_os_mon_erlang:(5:<0.10820.0>) Starting os_mon beam on host "localhost" 

=INFO REPORT==== 16-Jun-2014::19:23:18 ===
    ts_os_mon_erlang:(3:<0.10820.0>) Fail to start beam on host "localhost" ({error,
                                                                              timeout})

=ERROR REPORT==== 16-Jun-2014::19:23:18 ===
** Generic server <0.10820.0> terminating 
** Last message in was {timeout,#Ref<0.0.0.121012>,start_beam}
** When Server state == {state,{global,ts_mon},
                               10000,undefined,"localhost",undefined,[]}
** Reason for termination == 
** {error,timeout}

=INFO REPORT==== 16-Jun-2014::19:23:19 ===
    ts_os_mon_erlang:(5:<0.10931.0>) Starting os_mon beam on host "localhost" 

=INFO REPORT==== 16-Jun-2014::19:23:51 ===
    ts_os_mon_erlang:(3:<0.10931.0>) Fail to start beam on host "localhost" ({error,
                                                                              timeout})

=ERROR REPORT==== 16-Jun-2014::19:23:51 ===
** Generic server <0.10931.0> terminating 
** Last message in was {timeout,#Ref<0.0.0.122273>,start_beam}
** When Server state == {state,{global,ts_mon},
                               10000,undefined,"localhost",undefined,[]}
** Reason for termination == 
** {error,timeout}

=INFO REPORT==== 16-Jun-2014::19:23:52 ===
    ts_os_mon_erlang:(5:<0.11048.0>) Starting os_mon beam on host "localhost" 

=INFO REPORT==== 16-Jun-2014::19:24:24 ===
    ts_os_mon_erlang:(3:<0.11048.0>) Fail to start beam on host "localhost" ({error,
                                                                              timeout})

=ERROR REPORT==== 16-Jun-2014::19:24:24 ===
** Generic server <0.11048.0> terminating 
** Last message in was {timeout,#Ref<0.0.0.123602>,start_beam}
** When Server state == {state,{global,ts_mon},
                               10000,undefined,"localhost",undefined,[]}
** Reason for termination == 
** {error,timeout}

=INFO REPORT==== 16-Jun-2014::19:24:25 ===
    ts_os_mon_erlang:(5:<0.11163.0>) Starting os_mon beam on host "localhost" 

=INFO REPORT==== 16-Jun-2014::19:24:45 ===
         ts_launcher:(5:<0.89.0>) Phase duration exceeded, but not all users were launched (28 users, 2.8% of phase)

=INFO REPORT==== 16-Jun-2014::19:24:45 ===
         ts_launcher:(5:<0.89.0>) Start a new arrival phase (1500 users, 0.005); expected duration=300.0 sec

=INFO REPORT==== 16-Jun-2014::19:24:57 ===
    ts_os_mon_erlang:(3:<0.11163.0>) Fail to start beam on host "localhost" ({error,
                                                                              timeout})

=ERROR REPORT==== 16-Jun-2014::19:24:57 ===
** Generic server <0.11163.0> terminating 
** Last message in was {timeout,#Ref<0.0.0.124908>,start_beam}
** When Server state == {state,{global,ts_mon},
                               10000,undefined,"localhost",undefined,[]}
** Reason for termination == 
** {error,timeout}

=INFO REPORT==== 16-Jun-2014::19:24:58 ===
    ts_os_mon_erlang:(5:<0.11293.0>) Starting os_mon beam on host "localhost" 

=INFO REPORT==== 16-Jun-2014::19:25:30 ===
    ts_os_mon_erlang:(3:<0.11293.0>) Fail to start beam on host "localhost" ({error,
                                                                              timeout})

=ERROR REPORT==== 16-Jun-2014::19:25:30 ===
** Generic server <0.11293.0> terminating 
** Last message in was {timeout,#Ref<0.0.0.126262>,start_beam}
** When Server state == {state,{global,ts_mon},
                               10000,undefined,"localhost",undefined,[]}
** Reason for termination == 
** {error,timeout}

=INFO REPORT==== 16-Jun-2014::19:25:31 ===
    ts_os_mon_erlang:(5:<0.11471.0>) Starting os_mon beam on host "localhost" 

=INFO REPORT==== 16-Jun-2014::19:26:03 ===
    ts_os_mon_erlang:(3:<0.11471.0>) Fail to start beam on host "localhost" ({error,
                                                                              timeout})

=ERROR REPORT==== 16-Jun-2014::19:26:03 ===
** Generic server <0.11471.0> terminating 
** Last message in was {timeout,#Ref<0.0.0.128384>,start_beam}
** When Server state == {state,{global,ts_mon},
                               10000,undefined,"localhost",undefined,[]}
** Reason for termination == 
** {error,timeout}

=INFO REPORT==== 16-Jun-2014::19:26:04 ===
    ts_os_mon_erlang:(5:<0.11659.0>) Starting os_mon beam on host "localhost" 

=INFO REPORT==== 16-Jun-2014::19:26:36 ===
    ts_os_mon_erlang:(3:<0.11659.0>) Fail to start beam on host "localhost" ({error,
                                                                              timeout})

=ERROR REPORT==== 16-Jun-2014::19:26:36 ===
** Generic server <0.11659.0> terminating 
** Last message in was {timeout,#Ref<0.0.0.130452>,start_beam}
** When Server state == {state,{global,ts_mon},
                               10000,undefined,"localhost",undefined,[]}
** Reason for termination == 
** {error,timeout}

=INFO REPORT==== 16-Jun-2014::19:26:37 ===
    ts_os_mon_erlang:(5:<0.11843.0>) Starting os_mon beam on host "localhost" 

=INFO REPORT==== 16-Jun-2014::19:27:09 ===
    ts_os_mon_erlang:(3:<0.11843.0>) Fail to start beam on host "localhost" ({error,
                                                                              timeout})

=ERROR REPORT==== 16-Jun-2014::19:27:09 ===
** Generic server <0.11843.0> terminating 
** Last message in was {timeout,#Ref<0.0.0.132347>,start_beam}
** When Server state == {state,{global,ts_mon},
                               10000,undefined,"localhost",undefined,[]}
** Reason for termination == 
** {error,timeout}

=INFO REPORT==== 16-Jun-2014::19:27:10 ===
    ts_os_mon_erlang:(5:<0.12019.0>) Starting os_mon beam on host "localhost" 

=INFO REPORT==== 16-Jun-2014::19:27:42 ===
    ts_os_mon_erlang:(3:<0.12019.0>) Fail to start beam on host "localhost" ({error,
                                                                              timeout})

=ERROR REPORT==== 16-Jun-2014::19:27:42 ===
** Generic server <0.12019.0> terminating 
** Last message in was {timeout,#Ref<0.0.0.134540>,start_beam}
** When Server state == {state,{global,ts_mon},
                               10000,undefined,"localhost",undefined,[]}
** Reason for termination == 
** {error,timeout}

=INFO REPORT==== 16-Jun-2014::19:27:43 ===
    ts_os_mon_erlang:(5:<0.12214.0>) Starting os_mon beam on host "localhost" 

=INFO REPORT==== 16-Jun-2014::19:28:15 ===
    ts_os_mon_erlang:(3:<0.12214.0>) Fail to start beam on host "localhost" ({error,
                                                                              timeout})

=ERROR REPORT==== 16-Jun-2014::19:28:15 ===
** Generic server <0.12214.0> terminating 
** Last message in was {timeout,#Ref<0.0.0.136726>,start_beam}
** When Server state == {state,{global,ts_mon},
                               10000,undefined,"localhost",undefined,[]}
** Reason for termination == 
** {error,timeout}

=INFO REPORT==== 16-Jun-2014::19:28:16 ===
    ts_os_mon_erlang:(5:<0.12397.0>) Starting os_mon beam on host "localhost" 

=INFO REPORT==== 16-Jun-2014::19:28:48 ===
    ts_os_mon_erlang:(3:<0.12397.0>) Fail to start beam on host "localhost" ({error,
                                                                              timeout})

=ERROR REPORT==== 16-Jun-2014::19:28:48 ===
** Generic server <0.12397.0> terminating 
** Last message in was {timeout,#Ref<0.0.0.138783>,start_beam}
** When Server state == {state,{global,ts_mon},
                               10000,undefined,"localhost",undefined,[]}
** Reason for termination == 
** {error,timeout}

=INFO REPORT==== 16-Jun-2014::19:28:49 ===
    ts_os_mon_erlang:(5:<0.12565.0>) Starting os_mon beam on host "localhost" 

=INFO REPORT==== 16-Jun-2014::19:29:21 ===
    ts_os_mon_erlang:(3:<0.12565.0>) Fail to start beam on host "localhost" ({error,
                                                                              timeout})

=ERROR REPORT==== 16-Jun-2014::19:29:21 ===
** Generic server <0.12565.0> terminating 
** Last message in was {timeout,#Ref<0.0.0.140674>,start_beam}
** When Server state == {state,{global,ts_mon},
                               10000,undefined,"localhost",undefined,[]}
** Reason for termination == 
** {error,timeout}

=INFO REPORT==== 16-Jun-2014::19:29:22 ===
    ts_os_mon_erlang:(5:<0.12741.0>) Starting os_mon beam on host "localhost" 

=INFO REPORT==== 16-Jun-2014::19:29:39 ===
         ts_launcher:(4:<0.89.0>) Need to wait 6.112 sec before changing phase, going to sleep

=INFO REPORT==== 16-Jun-2014::19:29:45 ===
         ts_launcher:(5:<0.89.0>) Waking up

=INFO REPORT==== 16-Jun-2014::19:29:45 ===
         ts_launcher:(5:<0.89.0>) Start a new arrival phase (2000 users, 0.006666666666666667); expected duration=300.0 sec

=INFO REPORT==== 16-Jun-2014::19:29:54 ===
    ts_os_mon_erlang:(3:<0.12741.0>) Fail to start beam on host "localhost" ({error,
                                                                              timeout})

=ERROR REPORT==== 16-Jun-2014::19:29:54 ===
** Generic server <0.12741.0> terminating 
** Last message in was {timeout,#Ref<0.0.0.142651>,start_beam}
** When Server state == {state,{global,ts_mon},
                               10000,undefined,"localhost",undefined,[]}
** Reason for termination == 
** {error,timeout}

=INFO REPORT==== 16-Jun-2014::19:29:55 ===
    ts_os_mon_erlang:(5:<0.12876.0>) Starting os_mon beam on host "localhost" 

=INFO REPORT==== 16-Jun-2014::19:30:27 ===
    ts_os_mon_erlang:(3:<0.12876.0>) Fail to start beam on host "localhost" ({error,
                                                                              timeout})

=ERROR REPORT==== 16-Jun-2014::19:30:27 ===
** Generic server <0.12876.0> terminating 
** Last message in was {timeout,#Ref<0.0.0.144183>,start_beam}
** When Server state == {state,{global,ts_mon},
                               10000,undefined,"localhost",undefined,[]}
** Reason for termination == 
** {error,timeout}

=INFO REPORT==== 16-Jun-2014::19:30:28 ===
    ts_os_mon_erlang:(5:<0.13090.0>) Starting os_mon beam on host "localhost" 

=INFO REPORT==== 16-Jun-2014::19:31:00 ===
    ts_os_mon_erlang:(3:<0.13090.0>) Fail to start beam on host "localhost" ({error,
                                                                              timeout})

=ERROR REPORT==== 16-Jun-2014::19:31:00 ===
** Generic server <0.13090.0> terminating 
** Last message in was {timeout,#Ref<0.0.0.146578>,start_beam}
** When Server state == {state,{global,ts_mon},
                               10000,undefined,"localhost",undefined,[]}
** Reason for termination == 
** {error,timeout}

=INFO REPORT==== 16-Jun-2014::19:31:01 ===
    ts_os_mon_erlang:(5:<0.13285.0>) Starting os_mon beam on host "localhost" 

=INFO REPORT==== 16-Jun-2014::19:31:33 ===
    ts_os_mon_erlang:(3:<0.13285.0>) Fail to start beam on host "localhost" ({error,
                                                                              timeout})

=ERROR REPORT==== 16-Jun-2014::19:31:33 ===
** Generic server <0.13285.0> terminating 
** Last message in was {timeout,#Ref<0.0.0.148760>,start_beam}
** When Server state == {state,{global,ts_mon},
                               10000,undefined,"localhost",undefined,[]}
** Reason for termination == 
** {error,timeout}

=INFO REPORT==== 16-Jun-2014::19:31:36 ===
    ts_os_mon_erlang:(5:<0.13451.0>) Starting os_mon beam on host "localhost" 

=INFO REPORT==== 16-Jun-2014::19:32:08 ===
    ts_os_mon_erlang:(3:<0.13451.0>) Fail to start beam on host "localhost" ({error,
                                                                              timeout})

=ERROR REPORT==== 16-Jun-2014::19:32:08 ===
** Generic server <0.13451.0> terminating 
** Last message in was {timeout,#Ref<0.0.0.150617>,start_beam}
** When Server state == {state,{global,ts_mon},
                               10000,undefined,"localhost",undefined,[]}
** Reason for termination == 
** {error,timeout}

=INFO REPORT==== 16-Jun-2014::19:32:09 ===
    ts_os_mon_erlang:(5:<0.13662.0>) Starting os_mon beam on host "localhost" 

=INFO REPORT==== 16-Jun-2014::19:32:41 ===
    ts_os_mon_erlang:(3:<0.13662.0>) Fail to start beam on host "localhost" ({error,
                                                                              timeout})

=ERROR REPORT==== 16-Jun-2014::19:32:41 ===
** Generic server <0.13662.0> terminating 
** Last message in was {timeout,#Ref<0.0.0.152978>,start_beam}
** When Server state == {state,{global,ts_mon},
                               10000,undefined,"localhost",undefined,[]}
** Reason for termination == 
** {error,timeout}

=INFO REPORT==== 16-Jun-2014::19:32:42 ===
    ts_os_mon_erlang:(5:<0.13877.0>) Starting os_mon beam on host "localhost" 

=INFO REPORT==== 16-Jun-2014::19:33:14 ===
    ts_os_mon_erlang:(3:<0.13877.0>) Fail to start beam on host "localhost" ({error,
                                                                              timeout})

=ERROR REPORT==== 16-Jun-2014::19:33:14 ===
** Generic server <0.13877.0> terminating 
** Last message in was {timeout,#Ref<0.0.0.155383>,start_beam}
** When Server state == {state,{global,ts_mon},
                               10000,undefined,"localhost",undefined,[]}
** Reason for termination == 
** {error,timeout}

=INFO REPORT==== 16-Jun-2014::19:33:15 ===
    ts_os_mon_erlang:(5:<0.14142.0>) Starting os_mon beam on host "localhost" 

=INFO REPORT==== 16-Jun-2014::19:33:47 ===
    ts_os_mon_erlang:(3:<0.14142.0>) Fail to start beam on host "localhost" ({error,
                                                                              timeout})

=ERROR REPORT==== 16-Jun-2014::19:33:47 ===
** Generic server <0.14142.0> terminating 
** Last message in was {timeout,#Ref<0.0.0.158345>,start_beam}
** When Server state == {state,{global,ts_mon},
                               10000,undefined,"localhost",undefined,[]}
** Reason for termination == 
** {error,timeout}

=INFO REPORT==== 16-Jun-2014::19:33:48 ===
    ts_os_mon_erlang:(5:<0.14374.0>) Starting os_mon beam on host "localhost" 

=INFO REPORT==== 16-Jun-2014::19:34:20 ===
    ts_os_mon_erlang:(3:<0.14374.0>) Fail to start beam on host "localhost" ({error,
                                                                              timeout})

=ERROR REPORT==== 16-Jun-2014::19:34:20 ===
** Generic server <0.14374.0> terminating 
** Last message in was {timeout,#Ref<0.0.0.160758>,start_beam}
** When Server state == {state,{global,ts_mon},
                               10000,undefined,"localhost",undefined,[]}
** Reason for termination == 
** {error,timeout}

=INFO REPORT==== 16-Jun-2014::19:34:21 ===
    ts_os_mon_erlang:(5:<0.14628.0>) Starting os_mon beam on host "localhost" 

=INFO REPORT==== 16-Jun-2014::19:34:45 ===
         ts_launcher:(5:<0.89.0>) Phase duration exceeded, but not all users were launched (91 users, 4.5% of phase)

=INFO REPORT==== 16-Jun-2014::19:34:45 ===
         ts_launcher:(5:<0.89.0>) Start a new arrival phase (2500 users, 0.008333333333333333); expected duration=300.0 sec

=INFO REPORT==== 16-Jun-2014::19:34:53 ===
    ts_os_mon_erlang:(3:<0.14628.0>) Fail to start beam on host "localhost" ({error,
                                                                              timeout})

=ERROR REPORT==== 16-Jun-2014::19:34:53 ===
** Generic server <0.14628.0> terminating 
** Last message in was {timeout,#Ref<0.0.0.163773>,start_beam}
** When Server state == {state,{global,ts_mon},
                               10000,undefined,"localhost",undefined,[]}
** Reason for termination == 
** {error,timeout}

=INFO REPORT==== 16-Jun-2014::19:34:54 ===
    ts_os_mon_erlang:(5:<0.14883.0>) Starting os_mon beam on host "localhost" 

=INFO REPORT==== 16-Jun-2014::19:35:26 ===
    ts_os_mon_erlang:(3:<0.14883.0>) Fail to start beam on host "localhost" ({error,
                                                                              timeout})

=ERROR REPORT==== 16-Jun-2014::19:35:26 ===
** Generic server <0.14883.0> terminating 
** Last message in was {timeout,#Ref<0.0.0.166622>,start_beam}
** When Server state == {state,{global,ts_mon},
                               10000,undefined,"localhost",undefined,[]}
** Reason for termination == 
** {error,timeout}

=INFO REPORT==== 16-Jun-2014::19:35:27 ===
    ts_os_mon_erlang:(5:<0.15171.0>) Starting os_mon beam on host "localhost" 

=INFO REPORT==== 16-Jun-2014::19:35:59 ===
    ts_os_mon_erlang:(3:<0.15171.0>) Fail to start beam on host "localhost" ({error,
                                                                              timeout})

=ERROR REPORT==== 16-Jun-2014::19:35:59 ===
** Generic server <0.15171.0> terminating 
** Last message in was {timeout,#Ref<0.0.0.169835>,start_beam}
** When Server state == {state,{global,ts_mon},
                               10000,undefined,"localhost",undefined,[]}
** Reason for termination == 
** {error,timeout}

=INFO REPORT==== 16-Jun-2014::19:36:00 ===
    ts_os_mon_erlang:(5:<0.15473.0>) Starting os_mon beam on host "localhost" 

=INFO REPORT==== 16-Jun-2014::19:36:32 ===
    ts_os_mon_erlang:(3:<0.15473.0>) Fail to start beam on host "localhost" ({error,
                                                                              timeout})

=ERROR REPORT==== 16-Jun-2014::19:36:32 ===
** Generic server <0.15473.0> terminating 
** Last message in was {timeout,#Ref<0.0.0.173198>,start_beam}
** When Server state == {state,{global,ts_mon},
                               10000,undefined,"localhost",undefined,[]}
** Reason for termination == 
** {error,timeout}

=INFO REPORT==== 16-Jun-2014::19:36:33 ===
    ts_os_mon_erlang:(5:<0.15758.0>) Starting os_mon beam on host "localhost" 

=INFO REPORT==== 16-Jun-2014::19:37:05 ===
    ts_os_mon_erlang:(3:<0.15758.0>) Fail to start beam on host "localhost" ({error,
                                                                              timeout})

=ERROR REPORT==== 16-Jun-2014::19:37:05 ===
** Generic server <0.15758.0> terminating 
** Last message in was {timeout,#Ref<0.0.0.176373>,start_beam}
** When Server state == {state,{global,ts_mon},
                               10000,undefined,"localhost",undefined,[]}
** Reason for termination == 
** {error,timeout}

=INFO REPORT==== 16-Jun-2014::19:37:06 ===
    ts_os_mon_erlang:(5:<0.16042.0>) Starting os_mon beam on host "localhost" 

=INFO REPORT==== 16-Jun-2014::19:37:38 ===
    ts_os_mon_erlang:(3:<0.16042.0>) Fail to start beam on host "localhost" ({error,
                                                                              timeout})

=ERROR REPORT==== 16-Jun-2014::19:37:38 ===
** Generic server <0.16042.0> terminating 
** Last message in was {timeout,#Ref<0.0.0.179543>,start_beam}
** When Server state == {state,{global,ts_mon},
                               10000,undefined,"localhost",undefined,[]}
** Reason for termination == 
** {error,timeout}

=INFO REPORT==== 16-Jun-2014::19:37:39 ===
    ts_os_mon_erlang:(5:<0.16320.0>) Starting os_mon beam on host "localhost" 

=INFO REPORT==== 16-Jun-2014::19:38:11 ===
    ts_os_mon_erlang:(3:<0.16320.0>) Fail to start beam on host "localhost" ({error,
                                                                              timeout})

=ERROR REPORT==== 16-Jun-2014::19:38:11 ===
** Generic server <0.16320.0> terminating 
** Last message in was {timeout,#Ref<0.0.0.182642>,start_beam}
** When Server state == {state,{global,ts_mon},
                               10000,undefined,"localhost",undefined,[]}
** Reason for termination == 
** {error,timeout}

=INFO REPORT==== 16-Jun-2014::19:38:12 ===
    ts_os_mon_erlang:(5:<0.16596.0>) Starting os_mon beam on host "localhost" 

=INFO REPORT==== 16-Jun-2014::19:38:44 ===
    ts_os_mon_erlang:(3:<0.16596.0>) Fail to start beam on host "localhost" ({error,
                                                                              timeout})

=ERROR REPORT==== 16-Jun-2014::19:38:44 ===
** Generic server <0.16596.0> terminating 
** Last message in was {timeout,#Ref<0.0.0.185718>,start_beam}
** When Server state == {state,{global,ts_mon},
                               10000,undefined,"localhost",undefined,[]}
** Reason for termination == 
** {error,timeout}

=INFO REPORT==== 16-Jun-2014::19:38:45 ===
    ts_os_mon_erlang:(5:<0.16864.0>) Starting os_mon beam on host "localhost" 

=INFO REPORT==== 16-Jun-2014::19:39:17 ===
    ts_os_mon_erlang:(3:<0.16864.0>) Fail to start beam on host "localhost" ({error,
                                                                              timeout})

=ERROR REPORT==== 16-Jun-2014::19:39:17 ===
** Generic server <0.16864.0> terminating 
** Last message in was {timeout,#Ref<0.0.0.188512>,start_beam}
** When Server state == {state,{global,ts_mon},
                               10000,undefined,"localhost",undefined,[]}
** Reason for termination == 
** {error,timeout}

=INFO REPORT==== 16-Jun-2014::19:39:18 ===
    ts_os_mon_erlang:(5:<0.17157.0>) Starting os_mon beam on host "localhost" 

=INFO REPORT==== 16-Jun-2014::19:39:46 ===
         ts_launcher:(5:<0.89.0>) Phase duration exceeded, but not all users were launched (25 users, 1.0% of phase)

=INFO REPORT==== 16-Jun-2014::19:39:46 ===
         ts_launcher:(5:<0.89.0>) Start a new arrival phase (3000 users, 0.01); expected duration=300.0 sec

=INFO REPORT==== 16-Jun-2014::19:39:50 ===
    ts_os_mon_erlang:(3:<0.17157.0>) Fail to start beam on host "localhost" ({error,
                                                                              timeout})

=ERROR REPORT==== 16-Jun-2014::19:39:50 ===
** Generic server <0.17157.0> terminating 
** Last message in was {timeout,#Ref<0.0.0.191848>,start_beam}
** When Server state == {state,{global,ts_mon},
                               10000,undefined,"localhost",undefined,[]}
** Reason for termination == 
** {error,timeout}

=INFO REPORT==== 16-Jun-2014::19:39:51 ===
    ts_os_mon_erlang:(5:<0.17405.0>) Starting os_mon beam on host "localhost" 

=INFO REPORT==== 16-Jun-2014::19:40:23 ===
    ts_os_mon_erlang:(3:<0.17405.0>) Fail to start beam on host "localhost" ({error,
                                                                              timeout})

=ERROR REPORT==== 16-Jun-2014::19:40:23 ===
** Generic server <0.17405.0> terminating 
** Last message in was {timeout,#Ref<0.0.0.194740>,start_beam}
** When Server state == {state,{global,ts_mon},
                               10000,undefined,"localhost",undefined,[]}
** Reason for termination == 
** {error,timeout}

=INFO REPORT==== 16-Jun-2014::19:40:24 ===
    ts_os_mon_erlang:(5:<0.17622.0>) Starting os_mon beam on host "localhost" 

=INFO REPORT==== 16-Jun-2014::19:40:56 ===
    ts_os_mon_erlang:(3:<0.17622.0>) Fail to start beam on host "localhost" ({error,
                                                                              timeout})

=ERROR REPORT==== 16-Jun-2014::19:40:56 ===
** Generic server <0.17622.0> terminating 
** Last message in was {timeout,#Ref<0.0.0.197163>,start_beam}
** When Server state == {state,{global,ts_mon},
                               10000,undefined,"localhost",undefined,[]}
** Reason for termination == 
** {error,timeout}

=INFO REPORT==== 16-Jun-2014::19:40:57 ===
    ts_os_mon_erlang:(5:<0.17950.0>) Starting os_mon beam on host "localhost" 

=INFO REPORT==== 16-Jun-2014::19:41:29 ===
    ts_os_mon_erlang:(3:<0.17950.0>) Fail to start beam on host "localhost" ({error,
                                                                              timeout})

=ERROR REPORT==== 16-Jun-2014::19:41:29 ===
** Generic server <0.17950.0> terminating 
** Last message in was {timeout,#Ref<0.0.0.200810>,start_beam}
** When Server state == {state,{global,ts_mon},
                               10000,undefined,"localhost",undefined,[]}
** Reason for termination == 
** {error,timeout}

=INFO REPORT==== 16-Jun-2014::19:41:30 ===
    ts_os_mon_erlang:(5:<0.18287.0>) Starting os_mon beam on host "localhost" 

=INFO REPORT==== 16-Jun-2014::19:42:02 ===
    ts_os_mon_erlang:(3:<0.18287.0>) Fail to start beam on host "localhost" ({error,
                                                                              timeout})

=ERROR REPORT==== 16-Jun-2014::19:42:02 ===
** Generic server <0.18287.0> terminating 
** Last message in was {timeout,#Ref<0.0.0.204558>,start_beam}
** When Server state == {state,{global,ts_mon},
                               10000,undefined,"localhost",undefined,[]}
** Reason for termination == 
** {error,timeout}

=INFO REPORT==== 16-Jun-2014::19:42:03 ===
    ts_os_mon_erlang:(5:<0.18636.0>) Starting os_mon beam on host "localhost" 

=INFO REPORT==== 16-Jun-2014::19:42:35 ===
    ts_os_mon_erlang:(3:<0.18636.0>) Fail to start beam on host "localhost" ({error,
                                                                              timeout})

=ERROR REPORT==== 16-Jun-2014::19:42:35 ===
** Generic server <0.18636.0> terminating 
** Last message in was {timeout,#Ref<0.0.0.208439>,start_beam}
** When Server state == {state,{global,ts_mon},
                               10000,undefined,"localhost",undefined,[]}
** Reason for termination == 
** {error,timeout}

=INFO REPORT==== 16-Jun-2014::19:42:36 ===
    ts_os_mon_erlang:(5:<0.18989.0>) Starting os_mon beam on host "localhost" 

=INFO REPORT==== 16-Jun-2014::19:43:08 ===
    ts_os_mon_erlang:(3:<0.18989.0>) Fail to start beam on host "localhost" ({error,
                                                                              timeout})

=ERROR REPORT==== 16-Jun-2014::19:43:08 ===
** Generic server <0.18989.0> terminating 
** Last message in was {timeout,#Ref<0.0.0.212367>,start_beam}
** When Server state == {state,{global,ts_mon},
                               10000,undefined,"localhost",undefined,[]}
** Reason for termination == 
** {error,timeout}

=INFO REPORT==== 16-Jun-2014::19:43:09 ===
    ts_os_mon_erlang:(5:<0.19313.0>) Starting os_mon beam on host "localhost" 

=INFO REPORT==== 16-Jun-2014::19:43:41 ===
    ts_os_mon_erlang:(3:<0.19313.0>) Fail to start beam on host "localhost" ({error,
                                                                              timeout})

=ERROR REPORT==== 16-Jun-2014::19:43:41 ===
** Generic server <0.19313.0> terminating 
** Last message in was {timeout,#Ref<0.0.0.215971>,start_beam}
** When Server state == {state,{global,ts_mon},
                               10000,undefined,"localhost",undefined,[]}
** Reason for termination == 
** {error,timeout}

=INFO REPORT==== 16-Jun-2014::19:43:42 ===
    ts_os_mon_erlang:(5:<0.19646.0>) Starting os_mon beam on host "localhost" 

=INFO REPORT==== 16-Jun-2014::19:44:15 ===
    ts_os_mon_erlang:(3:<0.19646.0>) Fail to start beam on host "localhost" ({error,
                                                                              timeout})

=ERROR REPORT==== 16-Jun-2014::19:44:15 ===
** Generic server <0.19646.0> terminating 
** Last message in was {timeout,#Ref<0.0.0.219676>,start_beam}
** When Server state == {state,{global,ts_mon},
                               10000,undefined,"localhost",undefined,[]}
** Reason for termination == 
** {error,timeout}

=INFO REPORT==== 16-Jun-2014::19:44:16 ===
    ts_os_mon_erlang:(5:<0.20002.0>) Starting os_mon beam on host "localhost" 

=INFO REPORT==== 16-Jun-2014::19:44:46 ===
         ts_launcher:(5:<0.89.0>) Phase duration exceeded, but not all users were launched (241 users, 8.0% of phase)

=INFO REPORT==== 16-Jun-2014::19:44:46 ===
         ts_launcher:(5:<0.89.0>) This was the last phase, wait for connected users to finish their session

=INFO REPORT==== 16-Jun-2014::19:44:48 ===
    ts_os_mon_erlang:(3:<0.20002.0>) Fail to start beam on host "localhost" ({error,
                                                                              timeout})

=ERROR REPORT==== 16-Jun-2014::19:44:48 ===
** Generic server <0.20002.0> terminating 
** Last message in was {timeout,#Ref<0.0.0.223635>,start_beam}
** When Server state == {state,{global,ts_mon},
                               10000,undefined,"localhost",undefined,[]}
** Reason for termination == 
** {error,timeout}

=INFO REPORT==== 16-Jun-2014::19:44:49 ===
    ts_os_mon_erlang:(5:<0.20220.0>) Starting os_mon beam on host "localhost" 

=INFO REPORT==== 16-Jun-2014::19:44:51 ===
     ts_launcher_mgr:(5:<0.84.0>) No more active users 'tsung_controller_sen@ip-172-31-46-22' "12210"

=INFO REPORT==== 16-Jun-2014::19:44:51 ===
              ts_mon:(5:<0.55.0>) stopping monitor (normal)
