
=INFO REPORT==== 16-Jun-2014::18:44:41 ===
    ts_config_server:(5:<0.54.0>) Config server started, logdir is "/home/ubuntu/tsung/log/lis/20140616-1844"
 
=INFO REPORT==== 16-Jun-2014::18:44:41 ===
              ts_mon:(5:<0.53.0>) starting monitor, global 

=INFO REPORT==== 16-Jun-2014::18:44:41 ===
           ts_config:(5:<0.54.0>) Reading config file: ./xml/aws_test_lis.xml

=INFO REPORT==== 16-Jun-2014::18:44:41 ===
           ts_config:(5:<0.54.0>) Session name for id 1 is "listen"

=INFO REPORT==== 16-Jun-2014::18:44:41 ===
    ts_config_server:(4:<0.54.0>) SYSINFO:Tsung version: 1.5.1

=INFO REPORT==== 16-Jun-2014::18:44:41 ===
    ts_config_server:(4:<0.54.0>) SYSINFO:Erlang version: Erlang R16B03 (erts-5.10.4) [source] [64-bit] [async-threads:16] [hipe] [kernel-poll:true]


=INFO REPORT==== 16-Jun-2014::18:44:41 ===
    ts_config_server:(4:<0.54.0>) SYSINFO:System architecture x86_64-pc-linux-gnu

=INFO REPORT==== 16-Jun-2014::18:44:41 ===
    ts_config_server:(4:<0.54.0>) SYSINFO:Current path: /usr/lib/erlang/lib/tsung-1.5.1/ebin/tsung.beam

=INFO REPORT==== 16-Jun-2014::18:44:41 ===
              ts_mon:(5:<0.55.0>) Activate clients with text backend

=INFO REPORT==== 16-Jun-2014::18:44:42 ===
              ts_mon:(5:<0.55.0>) Starting tsung clients on hosts: [localhost]

=INFO REPORT==== 16-Jun-2014::18:44:42 ===
    ts_config_server:(5:<0.54.0>) Start a launcher on the controller beam localhost

=INFO REPORT==== 16-Jun-2014::18:44:43 ===
    ts_os_mon_erlang:(5:<0.76.0>) Starting os_mon beam on host "localhost" 

=INFO REPORT==== 16-Jun-2014::18:44:43 ===
  ts_launcher_static:(5:<0.92.0>) Launch msg receive ("localhost")

=INFO REPORT==== 16-Jun-2014::18:44:43 ===
         ts_launcher:(5:<0.93.0>) Launch msg receive ("localhost")

=INFO REPORT==== 16-Jun-2014::18:44:43 ===
    ts_config_server:(5:<0.54.0>) All remote beams started, syncing 

=INFO REPORT==== 16-Jun-2014::18:44:43 ===
    ts_config_server:(5:<0.54.0>) Undefined ports_range config 

=INFO REPORT==== 16-Jun-2014::18:44:43 ===
    ts_config_server:(5:<0.54.0>) New arrival phase 1 for client "localhost" (last ? true): will start 500 users

=INFO REPORT==== 16-Jun-2014::18:44:43 ===
    ts_config_server:(5:<0.54.0>) New arrival phase 2 for client "localhost" (last ? true): will start 1000 users

=INFO REPORT==== 16-Jun-2014::18:44:43 ===
    ts_config_server:(5:<0.54.0>) New arrival phase 3 for client "localhost" (last ? true): will start 1500 users

=INFO REPORT==== 16-Jun-2014::18:44:43 ===
    ts_config_server:(5:<0.54.0>) New arrival phase 4 for client "localhost" (last ? true): will start 2000 users

=INFO REPORT==== 16-Jun-2014::18:44:43 ===
    ts_config_server:(5:<0.54.0>) New arrival phase 5 for client "localhost" (last ? true): will start 2500 users

=INFO REPORT==== 16-Jun-2014::18:44:43 ===
    ts_config_server:(5:<0.54.0>) New arrival phase 6 for client "localhost" (last ? true): will start 3000 users

=INFO REPORT==== 16-Jun-2014::18:44:43 ===
    ts_config_server:(5:<0.54.0>) New arrival phase 7 for client "localhost" (last ? true): will start 500 users

=INFO REPORT==== 16-Jun-2014::18:44:43 ===
    ts_config_server:(5:<0.54.0>) New arrival phase 8 for client "localhost" (last ? true): will start 1000 users

=INFO REPORT==== 16-Jun-2014::18:44:43 ===
    ts_config_server:(5:<0.54.0>) New arrival phase 9 for client "localhost" (last ? true): will start 1500 users

=INFO REPORT==== 16-Jun-2014::18:44:43 ===
    ts_config_server:(5:<0.54.0>) New arrival phase 10 for client "localhost" (last ? true): will start 2000 users

=INFO REPORT==== 16-Jun-2014::18:44:43 ===
    ts_config_server:(5:<0.54.0>) New arrival phase 11 for client "localhost" (last ? true): will start 2500 users

=INFO REPORT==== 16-Jun-2014::18:44:43 ===
    ts_config_server:(5:<0.54.0>) New arrival phase 12 for client "localhost" (last ? true): will start 3000 users

=INFO REPORT==== 16-Jun-2014::18:44:43 ===
         ts_launcher:(5:<0.93.0>) Expected duration of first phase: 300.0 sec (500 users) 

=INFO REPORT==== 16-Jun-2014::18:44:43 ===
         ts_launcher:(2:<0.93.0>) WARNING !!! too few file descriptors available (1024), you should decrease maxusers (currently 50000)
=INFO REPORT==== 16-Jun-2014::18:44:43 ===
         ts_launcher:(5:<0.93.0>) Activate launcher (500 users) in 2296 msec 

=INFO REPORT==== 16-Jun-2014::18:45:15 ===
    ts_os_mon_erlang:(3:<0.76.0>) Fail to start beam on host "localhost" ({error,
                                                                           timeout})

=ERROR REPORT==== 16-Jun-2014::18:45:15 ===
** Generic server <0.76.0> terminating 
** Last message in was {timeout,#Ref<0.0.0.316>,start_beam}
** When Server state == {state,{global,ts_mon},
                               10000,undefined,"localhost",undefined,[]}
** Reason for termination == 
** {error,timeout}

=INFO REPORT==== 16-Jun-2014::18:45:16 ===
    ts_os_mon_erlang:(5:<0.149.0>) Starting os_mon beam on host "localhost" 

=INFO REPORT==== 16-Jun-2014::18:45:48 ===
    ts_os_mon_erlang:(3:<0.149.0>) Fail to start beam on host "localhost" ({error,
                                                                            timeout})

=ERROR REPORT==== 16-Jun-2014::18:45:48 ===
** Generic server <0.149.0> terminating 
** Last message in was {timeout,#Ref<0.0.0.951>,start_beam}
** When Server state == {state,{global,ts_mon},
                               10000,undefined,"localhost",undefined,[]}
** Reason for termination == 
** {error,timeout}

=INFO REPORT==== 16-Jun-2014::18:45:49 ===
    ts_os_mon_erlang:(5:<0.207.0>) Starting os_mon beam on host "localhost" 

=INFO REPORT==== 16-Jun-2014::18:46:21 ===
    ts_os_mon_erlang:(3:<0.207.0>) Fail to start beam on host "localhost" ({error,
                                                                            timeout})

=ERROR REPORT==== 16-Jun-2014::18:46:21 ===
** Generic server <0.207.0> terminating 
** Last message in was {timeout,#Ref<0.0.0.1558>,start_beam}
** When Server state == {state,{global,ts_mon},
                               10000,undefined,"localhost",undefined,[]}
** Reason for termination == 
** {error,timeout}

=INFO REPORT==== 16-Jun-2014::18:46:22 ===
    ts_os_mon_erlang:(5:<0.259.0>) Starting os_mon beam on host "localhost" 

=INFO REPORT==== 16-Jun-2014::18:46:54 ===
    ts_os_mon_erlang:(3:<0.259.0>) Fail to start beam on host "localhost" ({error,
                                                                            timeout})

=ERROR REPORT==== 16-Jun-2014::18:46:54 ===
** Generic server <0.259.0> terminating 
** Last message in was {timeout,#Ref<0.0.0.2170>,start_beam}
** When Server state == {state,{global,ts_mon},
                               10000,undefined,"localhost",undefined,[]}
** Reason for termination == 
** {error,timeout}

=INFO REPORT==== 16-Jun-2014::18:46:55 ===
    ts_os_mon_erlang:(5:<0.314.0>) Starting os_mon beam on host "localhost" 

=INFO REPORT==== 16-Jun-2014::18:47:27 ===
    ts_os_mon_erlang:(3:<0.314.0>) Fail to start beam on host "localhost" ({error,
                                                                            timeout})

=ERROR REPORT==== 16-Jun-2014::18:47:27 ===
** Generic server <0.314.0> terminating 
** Last message in was {timeout,#Ref<0.0.0.2814>,start_beam}
** When Server state == {state,{global,ts_mon},
                               10000,undefined,"localhost",undefined,[]}
** Reason for termination == 
** {error,timeout}

=INFO REPORT==== 16-Jun-2014::18:47:28 ===
    ts_os_mon_erlang:(5:<0.384.0>) Starting os_mon beam on host "localhost" 

=INFO REPORT==== 16-Jun-2014::18:48:00 ===
    ts_os_mon_erlang:(3:<0.384.0>) Fail to start beam on host "localhost" ({error,
                                                                            timeout})

=ERROR REPORT==== 16-Jun-2014::18:48:00 ===
** Generic server <0.384.0> terminating 
** Last message in was {timeout,#Ref<0.0.0.3602>,start_beam}
** When Server state == {state,{global,ts_mon},
                               10000,undefined,"localhost",undefined,[]}
** Reason for termination == 
** {error,timeout}

=INFO REPORT==== 16-Jun-2014::18:48:01 ===
    ts_os_mon_erlang:(5:<0.430.0>) Starting os_mon beam on host "localhost" 

=INFO REPORT==== 16-Jun-2014::18:48:33 ===
    ts_os_mon_erlang:(3:<0.430.0>) Fail to start beam on host "localhost" ({error,
                                                                            timeout})

=ERROR REPORT==== 16-Jun-2014::18:48:33 ===
** Generic server <0.430.0> terminating 
** Last message in was {timeout,#Ref<0.0.0.4153>,start_beam}
** When Server state == {state,{global,ts_mon},
                               10000,undefined,"localhost",undefined,[]}
** Reason for termination == 
** {error,timeout}

=INFO REPORT==== 16-Jun-2014::18:48:34 ===
    ts_os_mon_erlang:(5:<0.473.0>) Starting os_mon beam on host "localhost" 

=INFO REPORT==== 16-Jun-2014::18:49:06 ===
    ts_os_mon_erlang:(3:<0.473.0>) Fail to start beam on host "localhost" ({error,
                                                                            timeout})

=ERROR REPORT==== 16-Jun-2014::18:49:06 ===
** Generic server <0.473.0> terminating 
** Last message in was {timeout,#Ref<0.0.0.4678>,start_beam}
** When Server state == {state,{global,ts_mon},
                               10000,undefined,"localhost",undefined,[]}
** Reason for termination == 
** {error,timeout}

=INFO REPORT==== 16-Jun-2014::18:49:07 ===
    ts_os_mon_erlang:(5:<0.552.0>) Starting os_mon beam on host "localhost" 

=INFO REPORT==== 16-Jun-2014::18:49:39 ===
    ts_os_mon_erlang:(3:<0.552.0>) Fail to start beam on host "localhost" ({error,
                                                                            timeout})

=ERROR REPORT==== 16-Jun-2014::18:49:39 ===
** Generic server <0.552.0> terminating 
** Last message in was {timeout,#Ref<0.0.0.5547>,start_beam}
** When Server state == {state,{global,ts_mon},
                               10000,undefined,"localhost",undefined,[]}
** Reason for termination == 
** {error,timeout}

=INFO REPORT==== 16-Jun-2014::18:49:40 ===
    ts_os_mon_erlang:(5:<0.612.0>) Starting os_mon beam on host "localhost" 

=INFO REPORT==== 16-Jun-2014::18:49:47 ===
         ts_launcher:(5:<0.93.0>) Phase duration exceeded, but not all users were launched (53 users, 10.6% of phase)

=INFO REPORT==== 16-Jun-2014::18:49:47 ===
         ts_launcher:(5:<0.93.0>) Start a new arrival phase (1000 users, 0.0033333333333333335); expected duration=300.0 sec

=INFO REPORT==== 16-Jun-2014::18:50:12 ===
    ts_os_mon_erlang:(3:<0.612.0>) Fail to start beam on host "localhost" ({error,
                                                                            timeout})

=ERROR REPORT==== 16-Jun-2014::18:50:12 ===
** Generic server <0.612.0> terminating 
** Last message in was {timeout,#Ref<0.0.0.6249>,start_beam}
** When Server state == {state,{global,ts_mon},
                               10000,undefined,"localhost",undefined,[]}
** Reason for termination == 
** {error,timeout}

=INFO REPORT==== 16-Jun-2014::18:50:13 ===
    ts_os_mon_erlang:(5:<0.716.0>) Starting os_mon beam on host "localhost" 

=INFO REPORT==== 16-Jun-2014::18:50:45 ===
    ts_os_mon_erlang:(3:<0.716.0>) Fail to start beam on host "localhost" ({error,
                                                                            timeout})

=ERROR REPORT==== 16-Jun-2014::18:50:45 ===
** Generic server <0.716.0> terminating 
** Last message in was {timeout,#Ref<0.0.0.7443>,start_beam}
** When Server state == {state,{global,ts_mon},
                               10000,undefined,"localhost",undefined,[]}
** Reason for termination == 
** {error,timeout}

=INFO REPORT==== 16-Jun-2014::18:50:46 ===
    ts_os_mon_erlang:(5:<0.821.0>) Starting os_mon beam on host "localhost" 

=INFO REPORT==== 16-Jun-2014::18:51:18 ===
    ts_os_mon_erlang:(3:<0.821.0>) Fail to start beam on host "localhost" ({error,
                                                                            timeout})

=ERROR REPORT==== 16-Jun-2014::18:51:18 ===
** Generic server <0.821.0> terminating 
** Last message in was {timeout,#Ref<0.0.0.8586>,start_beam}
** When Server state == {state,{global,ts_mon},
                               10000,undefined,"localhost",undefined,[]}
** Reason for termination == 
** {error,timeout}

=INFO REPORT==== 16-Jun-2014::18:51:19 ===
    ts_os_mon_erlang:(5:<0.949.0>) Starting os_mon beam on host "localhost" 

=INFO REPORT==== 16-Jun-2014::18:51:51 ===
    ts_os_mon_erlang:(3:<0.949.0>) Fail to start beam on host "localhost" ({error,
                                                                            timeout})

=ERROR REPORT==== 16-Jun-2014::18:51:51 ===
** Generic server <0.949.0> terminating 
** Last message in was {timeout,#Ref<0.0.0.10015>,start_beam}
** When Server state == {state,{global,ts_mon},
                               10000,undefined,"localhost",undefined,[]}
** Reason for termination == 
** {error,timeout}

=INFO REPORT==== 16-Jun-2014::18:51:52 ===
    ts_os_mon_erlang:(5:<0.1064.0>) Starting os_mon beam on host "localhost" 

=INFO REPORT==== 16-Jun-2014::18:52:24 ===
    ts_os_mon_erlang:(3:<0.1064.0>) Fail to start beam on host "localhost" ({error,
                                                                             timeout})

=ERROR REPORT==== 16-Jun-2014::18:52:24 ===
** Generic server <0.1064.0> terminating 
** Last message in was {timeout,#Ref<0.0.0.11308>,start_beam}
** When Server state == {state,{global,ts_mon},
                               10000,undefined,"localhost",undefined,[]}
** Reason for termination == 
** {error,timeout}

=INFO REPORT==== 16-Jun-2014::18:52:25 ===
    ts_os_mon_erlang:(5:<0.1186.0>) Starting os_mon beam on host "localhost" 

=INFO REPORT==== 16-Jun-2014::18:52:57 ===
    ts_os_mon_erlang:(3:<0.1186.0>) Fail to start beam on host "localhost" ({error,
                                                                             timeout})

=ERROR REPORT==== 16-Jun-2014::18:52:57 ===
** Generic server <0.1186.0> terminating 
** Last message in was {timeout,#Ref<0.0.0.12849>,start_beam}
** When Server state == {state,{global,ts_mon},
                               10000,undefined,"localhost",undefined,[]}
** Reason for termination == 
** {error,timeout}

=INFO REPORT==== 16-Jun-2014::18:52:58 ===
    ts_os_mon_erlang:(5:<0.1303.0>) Starting os_mon beam on host "localhost" 

=INFO REPORT==== 16-Jun-2014::18:53:30 ===
    ts_os_mon_erlang:(3:<0.1303.0>) Fail to start beam on host "localhost" ({error,
                                                                             timeout})

=ERROR REPORT==== 16-Jun-2014::18:53:30 ===
** Generic server <0.1303.0> terminating 
** Last message in was {timeout,#Ref<0.0.0.14070>,start_beam}
** When Server state == {state,{global,ts_mon},
                               10000,undefined,"localhost",undefined,[]}
** Reason for termination == 
** {error,timeout}

=INFO REPORT==== 16-Jun-2014::18:53:31 ===
    ts_os_mon_erlang:(5:<0.1425.0>) Starting os_mon beam on host "localhost" 

=INFO REPORT==== 16-Jun-2014::18:54:03 ===
    ts_os_mon_erlang:(3:<0.1425.0>) Fail to start beam on host "localhost" ({error,
                                                                             timeout})

=ERROR REPORT==== 16-Jun-2014::18:54:03 ===
** Generic server <0.1425.0> terminating 
** Last message in was {timeout,#Ref<0.0.0.15384>,start_beam}
** When Server state == {state,{global,ts_mon},
                               10000,undefined,"localhost",undefined,[]}
** Reason for termination == 
** {error,timeout}

=INFO REPORT==== 16-Jun-2014::18:54:04 ===
    ts_os_mon_erlang:(5:<0.1553.0>) Starting os_mon beam on host "localhost" 

=INFO REPORT==== 16-Jun-2014::18:54:36 ===
    ts_os_mon_erlang:(3:<0.1553.0>) Fail to start beam on host "localhost" ({error,
                                                                             timeout})

=ERROR REPORT==== 16-Jun-2014::18:54:36 ===
** Generic server <0.1553.0> terminating 
** Last message in was {timeout,#Ref<0.0.0.17014>,start_beam}
** When Server state == {state,{global,ts_mon},
                               10000,undefined,"localhost",undefined,[]}
** Reason for termination == 
** {error,timeout}

=INFO REPORT==== 16-Jun-2014::18:54:37 ===
    ts_os_mon_erlang:(5:<0.1675.0>) Starting os_mon beam on host "localhost" 

=INFO REPORT==== 16-Jun-2014::18:54:47 ===
         ts_launcher:(5:<0.93.0>) Phase duration exceeded, but not all users were launched (7 users, 0.7% of phase)

=INFO REPORT==== 16-Jun-2014::18:54:47 ===
         ts_launcher:(5:<0.93.0>) Start a new arrival phase (1500 users, 0.005); expected duration=300.0 sec

=INFO REPORT==== 16-Jun-2014::18:55:09 ===
    ts_os_mon_erlang:(3:<0.1675.0>) Fail to start beam on host "localhost" ({error,
                                                                             timeout})

=ERROR REPORT==== 16-Jun-2014::18:55:09 ===
** Generic server <0.1675.0> terminating 
** Last message in was {timeout,#Ref<0.0.0.18284>,start_beam}
** When Server state == {state,{global,ts_mon},
                               10000,undefined,"localhost",undefined,[]}
** Reason for termination == 
** {error,timeout}

=INFO REPORT==== 16-Jun-2014::18:55:10 ===
    ts_os_mon_erlang:(5:<0.1822.0>) Starting os_mon beam on host "localhost" 

=INFO REPORT==== 16-Jun-2014::18:55:42 ===
    ts_os_mon_erlang:(3:<0.1822.0>) Fail to start beam on host "localhost" ({error,
                                                                             timeout})

=ERROR REPORT==== 16-Jun-2014::18:55:42 ===
** Generic server <0.1822.0> terminating 
** Last message in was {timeout,#Ref<0.0.0.20082>,start_beam}
** When Server state == {state,{global,ts_mon},
                               10000,undefined,"localhost",undefined,[]}
** Reason for termination == 
** {error,timeout}

=INFO REPORT==== 16-Jun-2014::18:55:43 ===
    ts_os_mon_erlang:(5:<0.1986.0>) Starting os_mon beam on host "localhost" 

=INFO REPORT==== 16-Jun-2014::18:56:15 ===
    ts_os_mon_erlang:(3:<0.1986.0>) Fail to start beam on host "localhost" ({error,
                                                                             timeout})

=ERROR REPORT==== 16-Jun-2014::18:56:15 ===
** Generic server <0.1986.0> terminating 
** Last message in was {timeout,#Ref<0.0.0.21933>,start_beam}
** When Server state == {state,{global,ts_mon},
                               10000,undefined,"localhost",undefined,[]}
** Reason for termination == 
** {error,timeout}

=INFO REPORT==== 16-Jun-2014::18:56:16 ===
    ts_os_mon_erlang:(5:<0.2122.0>) Starting os_mon beam on host "localhost" 

=INFO REPORT==== 16-Jun-2014::18:56:48 ===
    ts_os_mon_erlang:(3:<0.2122.0>) Fail to start beam on host "localhost" ({error,
                                                                             timeout})

=ERROR REPORT==== 16-Jun-2014::18:56:48 ===
** Generic server <0.2122.0> terminating 
** Last message in was {timeout,#Ref<0.0.0.23464>,start_beam}
** When Server state == {state,{global,ts_mon},
                               10000,undefined,"localhost",undefined,[]}
** Reason for termination == 
** {error,timeout}

=INFO REPORT==== 16-Jun-2014::18:56:49 ===
    ts_os_mon_erlang:(5:<0.2269.0>) Starting os_mon beam on host "localhost" 

=INFO REPORT==== 16-Jun-2014::18:57:21 ===
    ts_os_mon_erlang:(3:<0.2269.0>) Fail to start beam on host "localhost" ({error,
                                                                             timeout})

=ERROR REPORT==== 16-Jun-2014::18:57:21 ===
** Generic server <0.2269.0> terminating 
** Last message in was {timeout,#Ref<0.0.0.25120>,start_beam}
** When Server state == {state,{global,ts_mon},
                               10000,undefined,"localhost",undefined,[]}
** Reason for termination == 
** {error,timeout}

=INFO REPORT==== 16-Jun-2014::18:57:22 ===
    ts_os_mon_erlang:(5:<0.2410.0>) Starting os_mon beam on host "localhost" 

=INFO REPORT==== 16-Jun-2014::18:57:55 ===
    ts_os_mon_erlang:(3:<0.2410.0>) Fail to start beam on host "localhost" ({error,
                                                                             timeout})

=ERROR REPORT==== 16-Jun-2014::18:57:55 ===
** Generic server <0.2410.0> terminating 
** Last message in was {timeout,#Ref<0.0.0.26705>,start_beam}
** When Server state == {state,{global,ts_mon},
                               10000,undefined,"localhost",undefined,[]}
** Reason for termination == 
** {error,timeout}

=INFO REPORT==== 16-Jun-2014::18:57:56 ===
    ts_os_mon_erlang:(5:<0.2582.0>) Starting os_mon beam on host "localhost" 

=INFO REPORT==== 16-Jun-2014::18:58:28 ===
    ts_os_mon_erlang:(3:<0.2582.0>) Fail to start beam on host "localhost" ({error,
                                                                             timeout})

=ERROR REPORT==== 16-Jun-2014::18:58:28 ===
** Generic server <0.2582.0> terminating 
** Last message in was {timeout,#Ref<0.0.0.28548>,start_beam}
** When Server state == {state,{global,ts_mon},
                               10000,undefined,"localhost",undefined,[]}
** Reason for termination == 
** {error,timeout}

=INFO REPORT==== 16-Jun-2014::18:58:29 ===
    ts_os_mon_erlang:(5:<0.2757.0>) Starting os_mon beam on host "localhost" 

=INFO REPORT==== 16-Jun-2014::18:59:01 ===
    ts_os_mon_erlang:(3:<0.2757.0>) Fail to start beam on host "localhost" ({error,
                                                                             timeout})

=ERROR REPORT==== 16-Jun-2014::18:59:01 ===
** Generic server <0.2757.0> terminating 
** Last message in was {timeout,#Ref<0.0.0.30351>,start_beam}
** When Server state == {state,{global,ts_mon},
                               10000,undefined,"localhost",undefined,[]}
** Reason for termination == 
** {error,timeout}

=INFO REPORT==== 16-Jun-2014::18:59:02 ===
    ts_os_mon_erlang:(5:<0.2943.0>) Starting os_mon beam on host "localhost" 

=INFO REPORT==== 16-Jun-2014::18:59:34 ===
    ts_os_mon_erlang:(3:<0.2943.0>) Fail to start beam on host "localhost" ({error,
                                                                             timeout})

=ERROR REPORT==== 16-Jun-2014::18:59:34 ===
** Generic server <0.2943.0> terminating 
** Last message in was {timeout,#Ref<0.0.0.32509>,start_beam}
** When Server state == {state,{global,ts_mon},
                               10000,undefined,"localhost",undefined,[]}
** Reason for termination == 
** {error,timeout}

=INFO REPORT==== 16-Jun-2014::18:59:35 ===
    ts_os_mon_erlang:(5:<0.3124.0>) Starting os_mon beam on host "localhost" 

=INFO REPORT==== 16-Jun-2014::18:59:47 ===
         ts_launcher:(5:<0.93.0>) Phase duration exceeded, but not all users were launched (103 users, 6.9% of phase)

=INFO REPORT==== 16-Jun-2014::18:59:47 ===
         ts_launcher:(5:<0.93.0>) Start a new arrival phase (2000 users, 0.006666666666666667); expected duration=300.0 sec

=INFO REPORT==== 16-Jun-2014::19:00:07 ===
    ts_os_mon_erlang:(3:<0.3124.0>) Fail to start beam on host "localhost" ({error,
                                                                             timeout})

=ERROR REPORT==== 16-Jun-2014::19:00:07 ===
** Generic server <0.3124.0> terminating 
** Last message in was {timeout,#Ref<0.0.0.34612>,start_beam}
** When Server state == {state,{global,ts_mon},
                               10000,undefined,"localhost",undefined,[]}
** Reason for termination == 
** {error,timeout}

=INFO REPORT==== 16-Jun-2014::19:00:08 ===
    ts_os_mon_erlang:(5:<0.3289.0>) Starting os_mon beam on host "localhost" 

=INFO REPORT==== 16-Jun-2014::19:00:40 ===
    ts_os_mon_erlang:(3:<0.3289.0>) Fail to start beam on host "localhost" ({error,
                                                                             timeout})

=ERROR REPORT==== 16-Jun-2014::19:00:40 ===
** Generic server <0.3289.0> terminating 
** Last message in was {timeout,#Ref<0.0.0.36430>,start_beam}
** When Server state == {state,{global,ts_mon},
                               10000,undefined,"localhost",undefined,[]}
** Reason for termination == 
** {error,timeout}

=INFO REPORT==== 16-Jun-2014::19:00:41 ===
    ts_os_mon_erlang:(5:<0.3452.0>) Starting os_mon beam on host "localhost" 

=INFO REPORT==== 16-Jun-2014::19:01:14 ===
    ts_os_mon_erlang:(3:<0.3452.0>) Fail to start beam on host "localhost" ({error,
                                                                             timeout})

=ERROR REPORT==== 16-Jun-2014::19:01:14 ===
** Generic server <0.3452.0> terminating 
** Last message in was {timeout,#Ref<0.0.0.38261>,start_beam}
** When Server state == {state,{global,ts_mon},
                               10000,undefined,"localhost",undefined,[]}
** Reason for termination == 
** {error,timeout}

=INFO REPORT==== 16-Jun-2014::19:01:15 ===
    ts_os_mon_erlang:(5:<0.3614.0>) Starting os_mon beam on host "localhost" 

=INFO REPORT==== 16-Jun-2014::19:01:47 ===
    ts_os_mon_erlang:(3:<0.3614.0>) Fail to start beam on host "localhost" ({error,
                                                                             timeout})

=ERROR REPORT==== 16-Jun-2014::19:01:47 ===
** Generic server <0.3614.0> terminating 
** Last message in was {timeout,#Ref<0.0.0.40168>,start_beam}
** When Server state == {state,{global,ts_mon},
                               10000,undefined,"localhost",undefined,[]}
** Reason for termination == 
** {error,timeout}

=INFO REPORT==== 16-Jun-2014::19:01:48 ===
    ts_os_mon_erlang:(5:<0.3810.0>) Starting os_mon beam on host "localhost" 

=INFO REPORT==== 16-Jun-2014::19:02:20 ===
    ts_os_mon_erlang:(3:<0.3810.0>) Fail to start beam on host "localhost" ({error,
                                                                             timeout})

=ERROR REPORT==== 16-Jun-2014::19:02:20 ===
** Generic server <0.3810.0> terminating 
** Last message in was {timeout,#Ref<0.0.0.42178>,start_beam}
** When Server state == {state,{global,ts_mon},
                               10000,undefined,"localhost",undefined,[]}
** Reason for termination == 
** {error,timeout}

=INFO REPORT==== 16-Jun-2014::19:02:21 ===
    ts_os_mon_erlang:(5:<0.4045.0>) Starting os_mon beam on host "localhost" 

=INFO REPORT==== 16-Jun-2014::19:02:53 ===
    ts_os_mon_erlang:(3:<0.4045.0>) Fail to start beam on host "localhost" ({error,
                                                                             timeout})

=ERROR REPORT==== 16-Jun-2014::19:02:53 ===
** Generic server <0.4045.0> terminating 
** Last message in was {timeout,#Ref<0.0.0.44975>,start_beam}
** When Server state == {state,{global,ts_mon},
                               10000,undefined,"localhost",undefined,[]}
** Reason for termination == 
** {error,timeout}

=INFO REPORT==== 16-Jun-2014::19:02:54 ===
    ts_os_mon_erlang:(5:<0.4268.0>) Starting os_mon beam on host "localhost" 

=INFO REPORT==== 16-Jun-2014::19:03:26 ===
    ts_os_mon_erlang:(3:<0.4268.0>) Fail to start beam on host "localhost" ({error,
                                                                             timeout})

=ERROR REPORT==== 16-Jun-2014::19:03:26 ===
** Generic server <0.4268.0> terminating 
** Last message in was {timeout,#Ref<0.0.0.47265>,start_beam}
** When Server state == {state,{global,ts_mon},
                               10000,undefined,"localhost",undefined,[]}
** Reason for termination == 
** {error,timeout}

=INFO REPORT==== 16-Jun-2014::19:03:27 ===
    ts_os_mon_erlang:(5:<0.4498.0>) Starting os_mon beam on host "localhost" 

=INFO REPORT==== 16-Jun-2014::19:03:59 ===
    ts_os_mon_erlang:(3:<0.4498.0>) Fail to start beam on host "localhost" ({error,
                                                                             timeout})

=ERROR REPORT==== 16-Jun-2014::19:03:59 ===
** Generic server <0.4498.0> terminating 
** Last message in was {timeout,#Ref<0.0.0.49956>,start_beam}
** When Server state == {state,{global,ts_mon},
                               10000,undefined,"localhost",undefined,[]}
** Reason for termination == 
** {error,timeout}

=INFO REPORT==== 16-Jun-2014::19:04:00 ===
    ts_os_mon_erlang:(5:<0.4743.0>) Starting os_mon beam on host "localhost" 

=INFO REPORT==== 16-Jun-2014::19:04:32 ===
    ts_os_mon_erlang:(3:<0.4743.0>) Fail to start beam on host "localhost" ({error,
                                                                             timeout})

=ERROR REPORT==== 16-Jun-2014::19:04:32 ===
** Generic server <0.4743.0> terminating 
** Last message in was {timeout,#Ref<0.0.0.52559>,start_beam}
** When Server state == {state,{global,ts_mon},
                               10000,undefined,"localhost",undefined,[]}
** Reason for termination == 
** {error,timeout}

=INFO REPORT==== 16-Jun-2014::19:04:33 ===
    ts_os_mon_erlang:(5:<0.4943.0>) Starting os_mon beam on host "localhost" 

=INFO REPORT==== 16-Jun-2014::19:04:47 ===
         ts_launcher:(5:<0.93.0>) Phase duration exceeded, but not all users were launched (248 users, 12.4% of phase)

=INFO REPORT==== 16-Jun-2014::19:04:47 ===
         ts_launcher:(5:<0.93.0>) Start a new arrival phase (2500 users, 0.008333333333333333); expected duration=300.0 sec

=INFO REPORT==== 16-Jun-2014::19:05:05 ===
    ts_os_mon_erlang:(3:<0.4943.0>) Fail to start beam on host "localhost" ({error,
                                                                             timeout})

=ERROR REPORT==== 16-Jun-2014::19:05:05 ===
** Generic server <0.4943.0> terminating 
** Last message in was {timeout,#Ref<0.0.0.54975>,start_beam}
** When Server state == {state,{global,ts_mon},
                               10000,undefined,"localhost",undefined,[]}
** Reason for termination == 
** {error,timeout}

=INFO REPORT==== 16-Jun-2014::19:05:06 ===
    ts_os_mon_erlang:(5:<0.5138.0>) Starting os_mon beam on host "localhost" 

=INFO REPORT==== 16-Jun-2014::19:05:38 ===
    ts_os_mon_erlang:(3:<0.5138.0>) Fail to start beam on host "localhost" ({error,
                                                                             timeout})

=ERROR REPORT==== 16-Jun-2014::19:05:38 ===
** Generic server <0.5138.0> terminating 
** Last message in was {timeout,#Ref<0.0.0.56997>,start_beam}
** When Server state == {state,{global,ts_mon},
                               10000,undefined,"localhost",undefined,[]}
** Reason for termination == 
** {error,timeout}

=INFO REPORT==== 16-Jun-2014::19:05:40 ===
    ts_os_mon_erlang:(5:<0.5328.0>) Starting os_mon beam on host "localhost" 

=INFO REPORT==== 16-Jun-2014::19:06:12 ===
    ts_os_mon_erlang:(3:<0.5328.0>) Fail to start beam on host "localhost" ({error,
                                                                             timeout})

=ERROR REPORT==== 16-Jun-2014::19:06:12 ===
** Generic server <0.5328.0> terminating 
** Last message in was {timeout,#Ref<0.0.0.59212>,start_beam}
** When Server state == {state,{global,ts_mon},
                               10000,undefined,"localhost",undefined,[]}
** Reason for termination == 
** {error,timeout}

=INFO REPORT==== 16-Jun-2014::19:06:13 ===
    ts_os_mon_erlang:(5:<0.5508.0>) Starting os_mon beam on host "localhost" 

=INFO REPORT==== 16-Jun-2014::19:06:45 ===
    ts_os_mon_erlang:(3:<0.5508.0>) Fail to start beam on host "localhost" ({error,
                                                                             timeout})

=ERROR REPORT==== 16-Jun-2014::19:06:45 ===
** Generic server <0.5508.0> terminating 
** Last message in was {timeout,#Ref<0.0.0.61383>,start_beam}
** When Server state == {state,{global,ts_mon},
                               10000,undefined,"localhost",undefined,[]}
** Reason for termination == 
** {error,timeout}

=INFO REPORT==== 16-Jun-2014::19:06:46 ===
    ts_os_mon_erlang:(5:<0.5737.0>) Starting os_mon beam on host "localhost" 

=INFO REPORT==== 16-Jun-2014::19:07:18 ===
    ts_os_mon_erlang:(3:<0.5737.0>) Fail to start beam on host "localhost" ({error,
                                                                             timeout})

=ERROR REPORT==== 16-Jun-2014::19:07:18 ===
** Generic server <0.5737.0> terminating 
** Last message in was {timeout,#Ref<0.0.0.63719>,start_beam}
** When Server state == {state,{global,ts_mon},
                               10000,undefined,"localhost",undefined,[]}
** Reason for termination == 
** {error,timeout}

=INFO REPORT==== 16-Jun-2014::19:07:19 ===
    ts_os_mon_erlang:(5:<0.5964.0>) Starting os_mon beam on host "localhost" 

=INFO REPORT==== 16-Jun-2014::19:07:51 ===
    ts_os_mon_erlang:(3:<0.5964.0>) Fail to start beam on host "localhost" ({error,
                                                                             timeout})

=ERROR REPORT==== 16-Jun-2014::19:07:51 ===
** Generic server <0.5964.0> terminating 
** Last message in was {timeout,#Ref<0.0.0.66390>,start_beam}
** When Server state == {state,{global,ts_mon},
                               10000,undefined,"localhost",undefined,[]}
** Reason for termination == 
** {error,timeout}

=INFO REPORT==== 16-Jun-2014::19:07:53 ===
    ts_os_mon_erlang:(5:<0.6172.0>) Starting os_mon beam on host "localhost" 

=INFO REPORT==== 16-Jun-2014::19:08:25 ===
    ts_os_mon_erlang:(3:<0.6172.0>) Fail to start beam on host "localhost" ({error,
                                                                             timeout})

=ERROR REPORT==== 16-Jun-2014::19:08:25 ===
** Generic server <0.6172.0> terminating 
** Last message in was {timeout,#Ref<0.0.0.68512>,start_beam}
** When Server state == {state,{global,ts_mon},
                               10000,undefined,"localhost",undefined,[]}
** Reason for termination == 
** {error,timeout}

=INFO REPORT==== 16-Jun-2014::19:08:26 ===
    ts_os_mon_erlang:(5:<0.6380.0>) Starting os_mon beam on host "localhost" 

=INFO REPORT==== 16-Jun-2014::19:08:58 ===
    ts_os_mon_erlang:(3:<0.6380.0>) Fail to start beam on host "localhost" ({error,
                                                                             timeout})

=ERROR REPORT==== 16-Jun-2014::19:08:58 ===
** Generic server <0.6380.0> terminating 
** Last message in was {timeout,#Ref<0.0.0.71021>,start_beam}
** When Server state == {state,{global,ts_mon},
                               10000,undefined,"localhost",undefined,[]}
** Reason for termination == 
** {error,timeout}

=INFO REPORT==== 16-Jun-2014::19:08:59 ===
    ts_os_mon_erlang:(5:<0.6659.0>) Starting os_mon beam on host "localhost" 

=INFO REPORT==== 16-Jun-2014::19:09:31 ===
    ts_os_mon_erlang:(3:<0.6659.0>) Fail to start beam on host "localhost" ({error,
                                                                             timeout})

=ERROR REPORT==== 16-Jun-2014::19:09:31 ===
** Generic server <0.6659.0> terminating 
** Last message in was {timeout,#Ref<0.0.0.73878>,start_beam}
** When Server state == {state,{global,ts_mon},
                               10000,undefined,"localhost",undefined,[]}
** Reason for termination == 
** {error,timeout}

=INFO REPORT==== 16-Jun-2014::19:09:32 ===
    ts_os_mon_erlang:(5:<0.6943.0>) Starting os_mon beam on host "localhost" 

=INFO REPORT==== 16-Jun-2014::19:09:48 ===
         ts_launcher:(5:<0.93.0>) Phase duration exceeded, but not all users were launched (496 users, 19.8% of phase)

=INFO REPORT==== 16-Jun-2014::19:09:48 ===
         ts_launcher:(5:<0.93.0>) Start a new arrival phase (3000 users, 0.01); expected duration=300.0 sec

=INFO REPORT==== 16-Jun-2014::19:10:04 ===
    ts_os_mon_erlang:(3:<0.6943.0>) Fail to start beam on host "localhost" ({error,
                                                                             timeout})

=ERROR REPORT==== 16-Jun-2014::19:10:04 ===
** Generic server <0.6943.0> terminating 
** Last message in was {timeout,#Ref<0.0.0.77179>,start_beam}
** When Server state == {state,{global,ts_mon},
                               10000,undefined,"localhost",undefined,[]}
** Reason for termination == 
** {error,timeout}

=INFO REPORT==== 16-Jun-2014::19:10:05 ===
    ts_os_mon_erlang:(5:<0.7274.0>) Starting os_mon beam on host "localhost" 

=INFO REPORT==== 16-Jun-2014::19:10:37 ===
    ts_os_mon_erlang:(3:<0.7274.0>) Fail to start beam on host "localhost" ({error,
                                                                             timeout})

=ERROR REPORT==== 16-Jun-2014::19:10:37 ===
** Generic server <0.7274.0> terminating 
** Last message in was {timeout,#Ref<0.0.0.80716>,start_beam}
** When Server state == {state,{global,ts_mon},
                               10000,undefined,"localhost",undefined,[]}
** Reason for termination == 
** {error,timeout}

=INFO REPORT==== 16-Jun-2014::19:10:38 ===
    ts_os_mon_erlang:(5:<0.7591.0>) Starting os_mon beam on host "localhost" 

=INFO REPORT==== 16-Jun-2014::19:11:13 ===
    ts_os_mon_erlang:(3:<0.7591.0>) Fail to start beam on host "localhost" ({error,
                                                                             timeout})

=ERROR REPORT==== 16-Jun-2014::19:11:13 ===
** Generic server <0.7591.0> terminating 
** Last message in was {timeout,#Ref<0.0.0.84350>,start_beam}
** When Server state == {state,{global,ts_mon},
                               10000,undefined,"localhost",undefined,[]}
** Reason for termination == 
** {error,timeout}

=INFO REPORT==== 16-Jun-2014::19:11:14 ===
    ts_os_mon_erlang:(5:<0.7862.0>) Starting os_mon beam on host "localhost" 

=INFO REPORT==== 16-Jun-2014::19:11:46 ===
    ts_os_mon_erlang:(3:<0.7862.0>) Fail to start beam on host "localhost" ({error,
                                                                             timeout})

=ERROR REPORT==== 16-Jun-2014::19:11:46 ===
** Generic server <0.7862.0> terminating 
** Last message in was {timeout,#Ref<0.0.0.87630>,start_beam}
** When Server state == {state,{global,ts_mon},
                               10000,undefined,"localhost",undefined,[]}
** Reason for termination == 
** {error,timeout}

=INFO REPORT==== 16-Jun-2014::19:11:48 ===
    ts_os_mon_erlang:(5:<0.8086.0>) Starting os_mon beam on host "localhost" 

=INFO REPORT==== 16-Jun-2014::19:12:21 ===
    ts_os_mon_erlang:(3:<0.8086.0>) Fail to start beam on host "localhost" ({error,
                                                                             timeout})

=ERROR REPORT==== 16-Jun-2014::19:12:21 ===
** Generic server <0.8086.0> terminating 
** Last message in was {timeout,#Ref<0.0.0.89923>,start_beam}
** When Server state == {state,{global,ts_mon},
                               10000,undefined,"localhost",undefined,[]}
** Reason for termination == 
** {error,timeout}

=INFO REPORT==== 16-Jun-2014::19:12:22 ===
    ts_os_mon_erlang:(5:<0.8415.0>) Starting os_mon beam on host "localhost" 

=INFO REPORT==== 16-Jun-2014::19:12:54 ===
    ts_os_mon_erlang:(3:<0.8415.0>) Fail to start beam on host "localhost" ({error,
                                                                             timeout})

=ERROR REPORT==== 16-Jun-2014::19:12:54 ===
** Generic server <0.8415.0> terminating 
** Last message in was {timeout,#Ref<0.0.0.93524>,start_beam}
** When Server state == {state,{global,ts_mon},
                               10000,undefined,"localhost",undefined,[]}
** Reason for termination == 
** {error,timeout}

=INFO REPORT==== 16-Jun-2014::19:12:55 ===
    ts_os_mon_erlang:(5:<0.8746.0>) Starting os_mon beam on host "localhost" 

=INFO REPORT==== 16-Jun-2014::19:13:27 ===
    ts_os_mon_erlang:(3:<0.8746.0>) Fail to start beam on host "localhost" ({error,
                                                                             timeout})

=ERROR REPORT==== 16-Jun-2014::19:13:27 ===
** Generic server <0.8746.0> terminating 
** Last message in was {timeout,#Ref<0.0.0.97099>,start_beam}
** When Server state == {state,{global,ts_mon},
                               10000,undefined,"localhost",undefined,[]}
** Reason for termination == 
** {error,timeout}

=INFO REPORT==== 16-Jun-2014::19:13:28 ===
    ts_os_mon_erlang:(5:<0.8967.0>) Starting os_mon beam on host "localhost" 

=INFO REPORT==== 16-Jun-2014::19:14:01 ===
    ts_os_mon_erlang:(3:<0.8967.0>) Fail to start beam on host "localhost" ({error,
                                                                             timeout})

=ERROR REPORT==== 16-Jun-2014::19:14:01 ===
** Generic server <0.8967.0> terminating 
** Last message in was {timeout,#Ref<0.0.0.99841>,start_beam}
** When Server state == {state,{global,ts_mon},
                               10000,undefined,"localhost",undefined,[]}
** Reason for termination == 
** {error,timeout}

=INFO REPORT==== 16-Jun-2014::19:14:02 ===
    ts_os_mon_erlang:(5:<0.9202.0>) Starting os_mon beam on host "localhost" 

=INFO REPORT==== 16-Jun-2014::19:14:34 ===
    ts_os_mon_erlang:(3:<0.9202.0>) Fail to start beam on host "localhost" ({error,
                                                                             timeout})

=ERROR REPORT==== 16-Jun-2014::19:14:34 ===
** Generic server <0.9202.0> terminating 
** Last message in was {timeout,#Ref<0.0.0.102329>,start_beam}
** When Server state == {state,{global,ts_mon},
                               10000,undefined,"localhost",undefined,[]}
** Reason for termination == 
** {error,timeout}

=INFO REPORT==== 16-Jun-2014::19:14:35 ===
    ts_os_mon_erlang:(5:<0.9548.0>) Starting os_mon beam on host "localhost" 

=INFO REPORT==== 16-Jun-2014::19:14:48 ===
         ts_launcher:(5:<0.93.0>) Phase duration exceeded, but not all users were launched (527 users, 17.6% of phase)

=INFO REPORT==== 16-Jun-2014::19:14:48 ===
         ts_launcher:(5:<0.93.0>) Start a new arrival phase (500 users, 0.0016666666666666668); expected duration=300.0 sec

=INFO REPORT==== 16-Jun-2014::19:15:07 ===
    ts_os_mon_erlang:(3:<0.9548.0>) Fail to start beam on host "localhost" ({error,
                                                                             timeout})

=ERROR REPORT==== 16-Jun-2014::19:15:07 ===
** Generic server <0.9548.0> terminating 
** Last message in was {timeout,#Ref<0.0.0.106223>,start_beam}
** When Server state == {state,{global,ts_mon},
                               10000,undefined,"localhost",undefined,[]}
** Reason for termination == 
** {error,timeout}

=INFO REPORT==== 16-Jun-2014::19:15:08 ===
    ts_os_mon_erlang:(5:<0.9703.0>) Starting os_mon beam on host "localhost" 

=INFO REPORT==== 16-Jun-2014::19:15:40 ===
    ts_os_mon_erlang:(3:<0.9703.0>) Fail to start beam on host "localhost" ({error,
                                                                             timeout})

=ERROR REPORT==== 16-Jun-2014::19:15:40 ===
** Generic server <0.9703.0> terminating 
** Last message in was {timeout,#Ref<0.0.0.107895>,start_beam}
** When Server state == {state,{global,ts_mon},
                               10000,undefined,"localhost",undefined,[]}
** Reason for termination == 
** {error,timeout}

=INFO REPORT==== 16-Jun-2014::19:15:41 ===
    ts_os_mon_erlang:(5:<0.9781.0>) Starting os_mon beam on host "localhost" 

=INFO REPORT==== 16-Jun-2014::19:16:13 ===
    ts_os_mon_erlang:(3:<0.9781.0>) Fail to start beam on host "localhost" ({error,
                                                                             timeout})

=ERROR REPORT==== 16-Jun-2014::19:16:13 ===
** Generic server <0.9781.0> terminating 
** Last message in was {timeout,#Ref<0.0.0.109076>,start_beam}
** When Server state == {state,{global,ts_mon},
                               10000,undefined,"localhost",undefined,[]}
** Reason for termination == 
** {error,timeout}

=INFO REPORT==== 16-Jun-2014::19:16:14 ===
    ts_os_mon_erlang:(5:<0.9844.0>) Starting os_mon beam on host "localhost" 

=INFO REPORT==== 16-Jun-2014::19:16:46 ===
    ts_os_mon_erlang:(3:<0.9844.0>) Fail to start beam on host "localhost" ({error,
                                                                             timeout})

=ERROR REPORT==== 16-Jun-2014::19:16:46 ===
** Generic server <0.9844.0> terminating 
** Last message in was {timeout,#Ref<0.0.0.109824>,start_beam}
** When Server state == {state,{global,ts_mon},
                               10000,undefined,"localhost",undefined,[]}
** Reason for termination == 
** {error,timeout}

=INFO REPORT==== 16-Jun-2014::19:16:47 ===
    ts_os_mon_erlang:(5:<0.9904.0>) Starting os_mon beam on host "localhost" 

=INFO REPORT==== 16-Jun-2014::19:17:19 ===
    ts_os_mon_erlang:(3:<0.9904.0>) Fail to start beam on host "localhost" ({error,
                                                                             timeout})

=ERROR REPORT==== 16-Jun-2014::19:17:19 ===
** Generic server <0.9904.0> terminating 
** Last message in was {timeout,#Ref<0.0.0.110547>,start_beam}
** When Server state == {state,{global,ts_mon},
                               10000,undefined,"localhost",undefined,[]}
** Reason for termination == 
** {error,timeout}

=INFO REPORT==== 16-Jun-2014::19:17:20 ===
    ts_os_mon_erlang:(5:<0.9967.0>) Starting os_mon beam on host "localhost" 

=INFO REPORT==== 16-Jun-2014::19:17:52 ===
    ts_os_mon_erlang:(3:<0.9967.0>) Fail to start beam on host "localhost" ({error,
                                                                             timeout})

=ERROR REPORT==== 16-Jun-2014::19:17:52 ===
** Generic server <0.9967.0> terminating 
** Last message in was {timeout,#Ref<0.0.0.111252>,start_beam}
** When Server state == {state,{global,ts_mon},
                               10000,undefined,"localhost",undefined,[]}
** Reason for termination == 
** {error,timeout}

=INFO REPORT==== 16-Jun-2014::19:17:53 ===
    ts_os_mon_erlang:(5:<0.10044.0>) Starting os_mon beam on host "localhost" 

=INFO REPORT==== 16-Jun-2014::19:18:25 ===
    ts_os_mon_erlang:(3:<0.10044.0>) Fail to start beam on host "localhost" ({error,
                                                                              timeout})

=ERROR REPORT==== 16-Jun-2014::19:18:25 ===
** Generic server <0.10044.0> terminating 
** Last message in was {timeout,#Ref<0.0.0.112156>,start_beam}
** When Server state == {state,{global,ts_mon},
                               10000,undefined,"localhost",undefined,[]}
** Reason for termination == 
** {error,timeout}

=INFO REPORT==== 16-Jun-2014::19:18:26 ===
    ts_os_mon_erlang:(5:<0.10112.0>) Starting os_mon beam on host "localhost" 

=INFO REPORT==== 16-Jun-2014::19:18:58 ===
    ts_os_mon_erlang:(3:<0.10112.0>) Fail to start beam on host "localhost" ({error,
                                                                              timeout})

=ERROR REPORT==== 16-Jun-2014::19:18:58 ===
** Generic server <0.10112.0> terminating 
** Last message in was {timeout,#Ref<0.0.0.112966>,start_beam}
** When Server state == {state,{global,ts_mon},
                               10000,undefined,"localhost",undefined,[]}
** Reason for termination == 
** {error,timeout}

=INFO REPORT==== 16-Jun-2014::19:18:59 ===
    ts_os_mon_erlang:(5:<0.10158.0>) Starting os_mon beam on host "localhost" 

=INFO REPORT==== 16-Jun-2014::19:19:31 ===
    ts_os_mon_erlang:(3:<0.10158.0>) Fail to start beam on host "localhost" ({error,
                                                                              timeout})

=ERROR REPORT==== 16-Jun-2014::19:19:31 ===
** Generic server <0.10158.0> terminating 
** Last message in was {timeout,#Ref<0.0.0.113529>,start_beam}
** When Server state == {state,{global,ts_mon},
                               10000,undefined,"localhost",undefined,[]}
** Reason for termination == 
** {error,timeout}

=INFO REPORT==== 16-Jun-2014::19:19:32 ===
    ts_os_mon_erlang:(5:<0.10229.0>) Starting os_mon beam on host "localhost" 

=INFO REPORT==== 16-Jun-2014::19:19:40 ===
         ts_launcher:(4:<0.93.0>) Need to wait 8.537 sec before changing phase, going to sleep

=INFO REPORT==== 16-Jun-2014::19:19:48 ===
         ts_launcher:(5:<0.93.0>) Waking up

=INFO REPORT==== 16-Jun-2014::19:19:48 ===
         ts_launcher:(5:<0.93.0>) Start a new arrival phase (1000 users, 0.0033333333333333335); expected duration=300.0 sec

=INFO REPORT==== 16-Jun-2014::19:20:04 ===
    ts_os_mon_erlang:(3:<0.10229.0>) Fail to start beam on host "localhost" ({error,
                                                                              timeout})

=ERROR REPORT==== 16-Jun-2014::19:20:04 ===
** Generic server <0.10229.0> terminating 
** Last message in was {timeout,#Ref<0.0.0.114325>,start_beam}
** When Server state == {state,{global,ts_mon},
                               10000,undefined,"localhost",undefined,[]}
** Reason for termination == 
** {error,timeout}

=INFO REPORT==== 16-Jun-2014::19:20:05 ===
    ts_os_mon_erlang:(5:<0.10296.0>) Starting os_mon beam on host "localhost" 

=INFO REPORT==== 16-Jun-2014::19:20:37 ===
    ts_os_mon_erlang:(3:<0.10296.0>) Fail to start beam on host "localhost" ({error,
                                                                              timeout})

=ERROR REPORT==== 16-Jun-2014::19:20:37 ===
** Generic server <0.10296.0> terminating 
** Last message in was {timeout,#Ref<0.0.0.115097>,start_beam}
** When Server state == {state,{global,ts_mon},
                               10000,undefined,"localhost",undefined,[]}
** Reason for termination == 
** {error,timeout}

=INFO REPORT==== 16-Jun-2014::19:20:38 ===
    ts_os_mon_erlang:(5:<0.10404.0>) Starting os_mon beam on host "localhost" 

=INFO REPORT==== 16-Jun-2014::19:21:10 ===
    ts_os_mon_erlang:(3:<0.10404.0>) Fail to start beam on host "localhost" ({error,
                                                                              timeout})

=ERROR REPORT==== 16-Jun-2014::19:21:10 ===
** Generic server <0.10404.0> terminating 
** Last message in was {timeout,#Ref<0.0.0.116309>,start_beam}
** When Server state == {state,{global,ts_mon},
                               10000,undefined,"localhost",undefined,[]}
** Reason for termination == 
** {error,timeout}

=INFO REPORT==== 16-Jun-2014::19:21:11 ===
    ts_os_mon_erlang:(5:<0.10534.0>) Starting os_mon beam on host "localhost" 

=INFO REPORT==== 16-Jun-2014::19:21:43 ===
    ts_os_mon_erlang:(3:<0.10534.0>) Fail to start beam on host "localhost" ({error,
                                                                              timeout})

=ERROR REPORT==== 16-Jun-2014::19:21:43 ===
** Generic server <0.10534.0> terminating 
** Last message in was {timeout,#Ref<0.0.0.117741>,start_beam}
** When Server state == {state,{global,ts_mon},
                               10000,undefined,"localhost",undefined,[]}
** Reason for termination == 
** {error,timeout}

=INFO REPORT==== 16-Jun-2014::19:21:44 ===
    ts_os_mon_erlang:(5:<0.10653.0>) Starting os_mon beam on host "localhost" 

=INFO REPORT==== 16-Jun-2014::19:22:16 ===
    ts_os_mon_erlang:(3:<0.10653.0>) Fail to start beam on host "localhost" ({error,
                                                                              timeout})

=ERROR REPORT==== 16-Jun-2014::19:22:16 ===
** Generic server <0.10653.0> terminating 
** Last message in was {timeout,#Ref<0.0.0.119165>,start_beam}
** When Server state == {state,{global,ts_mon},
                               10000,undefined,"localhost",undefined,[]}
** Reason for termination == 
** {error,timeout}

=INFO REPORT==== 16-Jun-2014::19:22:17 ===
    ts_os_mon_erlang:(5:<0.10775.0>) Starting os_mon beam on host "localhost" 

=INFO REPORT==== 16-Jun-2014::19:22:49 ===
    ts_os_mon_erlang:(3:<0.10775.0>) Fail to start beam on host "localhost" ({error,
                                                                              timeout})

=ERROR REPORT==== 16-Jun-2014::19:22:49 ===
** Generic server <0.10775.0> terminating 
** Last message in was {timeout,#Ref<0.0.0.120567>,start_beam}
** When Server state == {state,{global,ts_mon},
                               10000,undefined,"localhost",undefined,[]}
** Reason for termination == 
** {error,timeout}

=INFO REPORT==== 16-Jun-2014::19:22:50 ===
    ts_os_mon_erlang:(5:<0.10896.0>) Starting os_mon beam on host "localhost" 

=INFO REPORT==== 16-Jun-2014::19:23:22 ===
    ts_os_mon_erlang:(3:<0.10896.0>) Fail to start beam on host "localhost" ({error,
                                                                              timeout})

=ERROR REPORT==== 16-Jun-2014::19:23:22 ===
** Generic server <0.10896.0> terminating 
** Last message in was {timeout,#Ref<0.0.0.121831>,start_beam}
** When Server state == {state,{global,ts_mon},
                               10000,undefined,"localhost",undefined,[]}
** Reason for termination == 
** {error,timeout}

=INFO REPORT==== 16-Jun-2014::19:23:23 ===
    ts_os_mon_erlang:(5:<0.11027.0>) Starting os_mon beam on host "localhost" 

=INFO REPORT==== 16-Jun-2014::19:23:55 ===
    ts_os_mon_erlang:(3:<0.11027.0>) Fail to start beam on host "localhost" ({error,
                                                                              timeout})

=ERROR REPORT==== 16-Jun-2014::19:23:55 ===
** Generic server <0.11027.0> terminating 
** Last message in was {timeout,#Ref<0.0.0.123382>,start_beam}
** When Server state == {state,{global,ts_mon},
                               10000,undefined,"localhost",undefined,[]}
** Reason for termination == 
** {error,timeout}

=INFO REPORT==== 16-Jun-2014::19:23:56 ===
    ts_os_mon_erlang:(5:<0.11149.0>) Starting os_mon beam on host "localhost" 

=INFO REPORT==== 16-Jun-2014::19:24:28 ===
    ts_os_mon_erlang:(3:<0.11149.0>) Fail to start beam on host "localhost" ({error,
                                                                              timeout})

=ERROR REPORT==== 16-Jun-2014::19:24:28 ===
** Generic server <0.11149.0> terminating 
** Last message in was {timeout,#Ref<0.0.0.124821>,start_beam}
** When Server state == {state,{global,ts_mon},
                               10000,undefined,"localhost",undefined,[]}
** Reason for termination == 
** {error,timeout}

=INFO REPORT==== 16-Jun-2014::19:24:29 ===
    ts_os_mon_erlang:(5:<0.11259.0>) Starting os_mon beam on host "localhost" 

=INFO REPORT==== 16-Jun-2014::19:24:49 ===
         ts_launcher:(5:<0.93.0>) Phase duration exceeded, but not all users were launched (17 users, 1.7% of phase)

=INFO REPORT==== 16-Jun-2014::19:24:49 ===
         ts_launcher:(5:<0.93.0>) Start a new arrival phase (1500 users, 0.005); expected duration=300.0 sec

=INFO REPORT==== 16-Jun-2014::19:25:01 ===
    ts_os_mon_erlang:(3:<0.11259.0>) Fail to start beam on host "localhost" ({error,
                                                                              timeout})

=ERROR REPORT==== 16-Jun-2014::19:25:01 ===
** Generic server <0.11259.0> terminating 
** Last message in was {timeout,#Ref<0.0.0.126122>,start_beam}
** When Server state == {state,{global,ts_mon},
                               10000,undefined,"localhost",undefined,[]}
** Reason for termination == 
** {error,timeout}

=INFO REPORT==== 16-Jun-2014::19:25:02 ===
    ts_os_mon_erlang:(5:<0.11382.0>) Starting os_mon beam on host "localhost" 

=INFO REPORT==== 16-Jun-2014::19:25:34 ===
    ts_os_mon_erlang:(3:<0.11382.0>) Fail to start beam on host "localhost" ({error,
                                                                              timeout})

=ERROR REPORT==== 16-Jun-2014::19:25:34 ===
** Generic server <0.11382.0> terminating 
** Last message in was {timeout,#Ref<0.0.0.127408>,start_beam}
** When Server state == {state,{global,ts_mon},
                               10000,undefined,"localhost",undefined,[]}
** Reason for termination == 
** {error,timeout}

=INFO REPORT==== 16-Jun-2014::19:25:35 ===
    ts_os_mon_erlang:(5:<0.11545.0>) Starting os_mon beam on host "localhost" 

=INFO REPORT==== 16-Jun-2014::19:26:07 ===
    ts_os_mon_erlang:(3:<0.11545.0>) Fail to start beam on host "localhost" ({error,
                                                                              timeout})

=ERROR REPORT==== 16-Jun-2014::19:26:07 ===
** Generic server <0.11545.0> terminating 
** Last message in was {timeout,#Ref<0.0.0.129135>,start_beam}
** When Server state == {state,{global,ts_mon},
                               10000,undefined,"localhost",undefined,[]}
** Reason for termination == 
** {error,timeout}

=INFO REPORT==== 16-Jun-2014::19:26:08 ===
    ts_os_mon_erlang:(5:<0.11733.0>) Starting os_mon beam on host "localhost" 

=INFO REPORT==== 16-Jun-2014::19:26:40 ===
    ts_os_mon_erlang:(3:<0.11733.0>) Fail to start beam on host "localhost" ({error,
                                                                              timeout})

=ERROR REPORT==== 16-Jun-2014::19:26:40 ===
** Generic server <0.11733.0> terminating 
** Last message in was {timeout,#Ref<0.0.0.131439>,start_beam}
** When Server state == {state,{global,ts_mon},
                               10000,undefined,"localhost",undefined,[]}
** Reason for termination == 
** {error,timeout}

=INFO REPORT==== 16-Jun-2014::19:26:41 ===
    ts_os_mon_erlang:(5:<0.11899.0>) Starting os_mon beam on host "localhost" 

=INFO REPORT==== 16-Jun-2014::19:27:13 ===
    ts_os_mon_erlang:(3:<0.11899.0>) Fail to start beam on host "localhost" ({error,
                                                                              timeout})

=ERROR REPORT==== 16-Jun-2014::19:27:13 ===
** Generic server <0.11899.0> terminating 
** Last message in was {timeout,#Ref<0.0.0.133366>,start_beam}
** When Server state == {state,{global,ts_mon},
                               10000,undefined,"localhost",undefined,[]}
** Reason for termination == 
** {error,timeout}

=INFO REPORT==== 16-Jun-2014::19:27:14 ===
    ts_os_mon_erlang:(5:<0.12059.0>) Starting os_mon beam on host "localhost" 

=INFO REPORT==== 16-Jun-2014::19:27:46 ===
    ts_os_mon_erlang:(3:<0.12059.0>) Fail to start beam on host "localhost" ({error,
                                                                              timeout})

=ERROR REPORT==== 16-Jun-2014::19:27:46 ===
** Generic server <0.12059.0> terminating 
** Last message in was {timeout,#Ref<0.0.0.135175>,start_beam}
** When Server state == {state,{global,ts_mon},
                               10000,undefined,"localhost",undefined,[]}
** Reason for termination == 
** {error,timeout}

=INFO REPORT==== 16-Jun-2014::19:27:47 ===
    ts_os_mon_erlang:(5:<0.12231.0>) Starting os_mon beam on host "localhost" 

=INFO REPORT==== 16-Jun-2014::19:28:19 ===
    ts_os_mon_erlang:(3:<0.12231.0>) Fail to start beam on host "localhost" ({error,
                                                                              timeout})

=ERROR REPORT==== 16-Jun-2014::19:28:19 ===
** Generic server <0.12231.0> terminating 
** Last message in was {timeout,#Ref<0.0.0.137047>,start_beam}
** When Server state == {state,{global,ts_mon},
                               10000,undefined,"localhost",undefined,[]}
** Reason for termination == 
** {error,timeout}

=INFO REPORT==== 16-Jun-2014::19:28:20 ===
    ts_os_mon_erlang:(5:<0.12407.0>) Starting os_mon beam on host "localhost" 

=INFO REPORT==== 16-Jun-2014::19:28:52 ===
    ts_os_mon_erlang:(3:<0.12407.0>) Fail to start beam on host "localhost" ({error,
                                                                              timeout})

=ERROR REPORT==== 16-Jun-2014::19:28:52 ===
** Generic server <0.12407.0> terminating 
** Last message in was {timeout,#Ref<0.0.0.138860>,start_beam}
** When Server state == {state,{global,ts_mon},
                               10000,undefined,"localhost",undefined,[]}
** Reason for termination == 
** {error,timeout}

=INFO REPORT==== 16-Jun-2014::19:28:53 ===
    ts_os_mon_erlang:(5:<0.12553.0>) Starting os_mon beam on host "localhost" 

=INFO REPORT==== 16-Jun-2014::19:29:25 ===
    ts_os_mon_erlang:(3:<0.12553.0>) Fail to start beam on host "localhost" ({error,
                                                                              timeout})

=ERROR REPORT==== 16-Jun-2014::19:29:25 ===
** Generic server <0.12553.0> terminating 
** Last message in was {timeout,#Ref<0.0.0.140562>,start_beam}
** When Server state == {state,{global,ts_mon},
                               10000,undefined,"localhost",undefined,[]}
** Reason for termination == 
** {error,timeout}

=INFO REPORT==== 16-Jun-2014::19:29:26 ===
    ts_os_mon_erlang:(5:<0.12703.0>) Starting os_mon beam on host "localhost" 

=INFO REPORT==== 16-Jun-2014::19:29:49 ===
         ts_launcher:(5:<0.93.0>) Phase duration exceeded, but not all users were launched (96 users, 6.4% of phase)

=INFO REPORT==== 16-Jun-2014::19:29:49 ===
         ts_launcher:(5:<0.93.0>) Start a new arrival phase (2000 users, 0.006666666666666667); expected duration=300.0 sec

=INFO REPORT==== 16-Jun-2014::19:29:58 ===
    ts_os_mon_erlang:(3:<0.12703.0>) Fail to start beam on host "localhost" ({error,
                                                                              timeout})

=ERROR REPORT==== 16-Jun-2014::19:29:58 ===
** Generic server <0.12703.0> terminating 
** Last message in was {timeout,#Ref<0.0.0.142333>,start_beam}
** When Server state == {state,{global,ts_mon},
                               10000,undefined,"localhost",undefined,[]}
** Reason for termination == 
** {error,timeout}

=INFO REPORT==== 16-Jun-2014::19:29:59 ===
    ts_os_mon_erlang:(5:<0.12874.0>) Starting os_mon beam on host "localhost" 

=INFO REPORT==== 16-Jun-2014::19:30:31 ===
    ts_os_mon_erlang:(3:<0.12874.0>) Fail to start beam on host "localhost" ({error,
                                                                              timeout})

=ERROR REPORT==== 16-Jun-2014::19:30:31 ===
** Generic server <0.12874.0> terminating 
** Last message in was {timeout,#Ref<0.0.0.144098>,start_beam}
** When Server state == {state,{global,ts_mon},
                               10000,undefined,"localhost",undefined,[]}
** Reason for termination == 
** {error,timeout}

=INFO REPORT==== 16-Jun-2014::19:30:32 ===
    ts_os_mon_erlang:(5:<0.13113.0>) Starting os_mon beam on host "localhost" 

=INFO REPORT==== 16-Jun-2014::19:31:04 ===
    ts_os_mon_erlang:(3:<0.13113.0>) Fail to start beam on host "localhost" ({error,
                                                                              timeout})

=ERROR REPORT==== 16-Jun-2014::19:31:04 ===
** Generic server <0.13113.0> terminating 
** Last message in was {timeout,#Ref<0.0.0.146809>,start_beam}
** When Server state == {state,{global,ts_mon},
                               10000,undefined,"localhost",undefined,[]}
** Reason for termination == 
** {error,timeout}

=INFO REPORT==== 16-Jun-2014::19:31:05 ===
    ts_os_mon_erlang:(5:<0.13334.0>) Starting os_mon beam on host "localhost" 

=INFO REPORT==== 16-Jun-2014::19:31:37 ===
    ts_os_mon_erlang:(3:<0.13334.0>) Fail to start beam on host "localhost" ({error,
                                                                              timeout})

=ERROR REPORT==== 16-Jun-2014::19:31:37 ===
** Generic server <0.13334.0> terminating 
** Last message in was {timeout,#Ref<0.0.0.149321>,start_beam}
** When Server state == {state,{global,ts_mon},
                               10000,undefined,"localhost",undefined,[]}
** Reason for termination == 
** {error,timeout}

=INFO REPORT==== 16-Jun-2014::19:31:39 ===
    ts_os_mon_erlang:(5:<0.13508.0>) Starting os_mon beam on host "localhost" 

=INFO REPORT==== 16-Jun-2014::19:32:12 ===
    ts_os_mon_erlang:(3:<0.13508.0>) Fail to start beam on host "localhost" ({error,
                                                                              timeout})

=ERROR REPORT==== 16-Jun-2014::19:32:12 ===
** Generic server <0.13508.0> terminating 
** Last message in was {timeout,#Ref<0.0.0.151324>,start_beam}
** When Server state == {state,{global,ts_mon},
                               10000,undefined,"localhost",undefined,[]}
** Reason for termination == 
** {error,timeout}

=INFO REPORT==== 16-Jun-2014::19:32:13 ===
    ts_os_mon_erlang:(5:<0.13713.0>) Starting os_mon beam on host "localhost" 

=INFO REPORT==== 16-Jun-2014::19:32:45 ===
    ts_os_mon_erlang:(3:<0.13713.0>) Fail to start beam on host "localhost" ({error,
                                                                              timeout})

=ERROR REPORT==== 16-Jun-2014::19:32:45 ===
** Generic server <0.13713.0> terminating 
** Last message in was {timeout,#Ref<0.0.0.153547>,start_beam}
** When Server state == {state,{global,ts_mon},
                               10000,undefined,"localhost",undefined,[]}
** Reason for termination == 
** {error,timeout}

=INFO REPORT==== 16-Jun-2014::19:32:46 ===
    ts_os_mon_erlang:(5:<0.13925.0>) Starting os_mon beam on host "localhost" 

=INFO REPORT==== 16-Jun-2014::19:33:18 ===
    ts_os_mon_erlang:(3:<0.13925.0>) Fail to start beam on host "localhost" ({error,
                                                                              timeout})

=ERROR REPORT==== 16-Jun-2014::19:33:18 ===
** Generic server <0.13925.0> terminating 
** Last message in was {timeout,#Ref<0.0.0.155795>,start_beam}
** When Server state == {state,{global,ts_mon},
                               10000,undefined,"localhost",undefined,[]}
** Reason for termination == 
** {error,timeout}

=INFO REPORT==== 16-Jun-2014::19:33:19 ===
    ts_os_mon_erlang:(5:<0.14159.0>) Starting os_mon beam on host "localhost" 

=INFO REPORT==== 16-Jun-2014::19:33:51 ===
    ts_os_mon_erlang:(3:<0.14159.0>) Fail to start beam on host "localhost" ({error,
                                                                              timeout})

=ERROR REPORT==== 16-Jun-2014::19:33:51 ===
** Generic server <0.14159.0> terminating 
** Last message in was {timeout,#Ref<0.0.0.158597>,start_beam}
** When Server state == {state,{global,ts_mon},
                               10000,undefined,"localhost",undefined,[]}
** Reason for termination == 
** {error,timeout}

=INFO REPORT==== 16-Jun-2014::19:33:52 ===
    ts_os_mon_erlang:(5:<0.14389.0>) Starting os_mon beam on host "localhost" 

=INFO REPORT==== 16-Jun-2014::19:34:24 ===
    ts_os_mon_erlang:(3:<0.14389.0>) Fail to start beam on host "localhost" ({error,
                                                                              timeout})

=ERROR REPORT==== 16-Jun-2014::19:34:24 ===
** Generic server <0.14389.0> terminating 
** Last message in was {timeout,#Ref<0.0.0.161130>,start_beam}
** When Server state == {state,{global,ts_mon},
                               10000,undefined,"localhost",undefined,[]}
** Reason for termination == 
** {error,timeout}

=INFO REPORT==== 16-Jun-2014::19:34:25 ===
    ts_os_mon_erlang:(5:<0.14624.0>) Starting os_mon beam on host "localhost" 

=INFO REPORT==== 16-Jun-2014::19:34:49 ===
         ts_launcher:(5:<0.93.0>) Phase duration exceeded, but not all users were launched (81 users, 4.0% of phase)

=INFO REPORT==== 16-Jun-2014::19:34:49 ===
         ts_launcher:(5:<0.93.0>) Start a new arrival phase (2500 users, 0.008333333333333333); expected duration=300.0 sec

=INFO REPORT==== 16-Jun-2014::19:34:57 ===
    ts_os_mon_erlang:(3:<0.14624.0>) Fail to start beam on host "localhost" ({error,
                                                                              timeout})

=ERROR REPORT==== 16-Jun-2014::19:34:57 ===
** Generic server <0.14624.0> terminating 
** Last message in was {timeout,#Ref<0.0.0.163560>,start_beam}
** When Server state == {state,{global,ts_mon},
                               10000,undefined,"localhost",undefined,[]}
** Reason for termination == 
** {error,timeout}

=INFO REPORT==== 16-Jun-2014::19:34:58 ===
    ts_os_mon_erlang:(5:<0.14870.0>) Starting os_mon beam on host "localhost" 

=INFO REPORT==== 16-Jun-2014::19:35:30 ===
    ts_os_mon_erlang:(3:<0.14870.0>) Fail to start beam on host "localhost" ({error,
                                                                              timeout})

=ERROR REPORT==== 16-Jun-2014::19:35:30 ===
** Generic server <0.14870.0> terminating 
** Last message in was {timeout,#Ref<0.0.0.166404>,start_beam}
** When Server state == {state,{global,ts_mon},
                               10000,undefined,"localhost",undefined,[]}
** Reason for termination == 
** {error,timeout}

=INFO REPORT==== 16-Jun-2014::19:35:31 ===
    ts_os_mon_erlang:(5:<0.15162.0>) Starting os_mon beam on host "localhost" 

=INFO REPORT==== 16-Jun-2014::19:36:03 ===
    ts_os_mon_erlang:(3:<0.15162.0>) Fail to start beam on host "localhost" ({error,
                                                                              timeout})

=ERROR REPORT==== 16-Jun-2014::19:36:03 ===
** Generic server <0.15162.0> terminating 
** Last message in was {timeout,#Ref<0.0.0.169739>,start_beam}
** When Server state == {state,{global,ts_mon},
                               10000,undefined,"localhost",undefined,[]}
** Reason for termination == 
** {error,timeout}

=INFO REPORT==== 16-Jun-2014::19:36:04 ===
    ts_os_mon_erlang:(5:<0.15429.0>) Starting os_mon beam on host "localhost" 

=INFO REPORT==== 16-Jun-2014::19:36:36 ===
    ts_os_mon_erlang:(3:<0.15429.0>) Fail to start beam on host "localhost" ({error,
                                                                              timeout})

=ERROR REPORT==== 16-Jun-2014::19:36:36 ===
** Generic server <0.15429.0> terminating 
** Last message in was {timeout,#Ref<0.0.0.172796>,start_beam}
** When Server state == {state,{global,ts_mon},
                               10000,undefined,"localhost",undefined,[]}
** Reason for termination == 
** {error,timeout}

=INFO REPORT==== 16-Jun-2014::19:36:37 ===
    ts_os_mon_erlang:(5:<0.15697.0>) Starting os_mon beam on host "localhost" 

=INFO REPORT==== 16-Jun-2014::19:37:09 ===
    ts_os_mon_erlang:(3:<0.15697.0>) Fail to start beam on host "localhost" ({error,
                                                                              timeout})

=ERROR REPORT==== 16-Jun-2014::19:37:09 ===
** Generic server <0.15697.0> terminating 
** Last message in was {timeout,#Ref<0.0.0.175573>,start_beam}
** When Server state == {state,{global,ts_mon},
                               10000,undefined,"localhost",undefined,[]}
** Reason for termination == 
** {error,timeout}

=INFO REPORT==== 16-Jun-2014::19:37:10 ===
    ts_os_mon_erlang:(5:<0.16006.0>) Starting os_mon beam on host "localhost" 

=INFO REPORT==== 16-Jun-2014::19:37:42 ===
    ts_os_mon_erlang:(3:<0.16006.0>) Fail to start beam on host "localhost" ({error,
                                                                              timeout})

=ERROR REPORT==== 16-Jun-2014::19:37:42 ===
** Generic server <0.16006.0> terminating 
** Last message in was {timeout,#Ref<0.0.0.179119>,start_beam}
** When Server state == {state,{global,ts_mon},
                               10000,undefined,"localhost",undefined,[]}
** Reason for termination == 
** {error,timeout}

=INFO REPORT==== 16-Jun-2014::19:37:43 ===
    ts_os_mon_erlang:(5:<0.16309.0>) Starting os_mon beam on host "localhost" 

=INFO REPORT==== 16-Jun-2014::19:38:15 ===
    ts_os_mon_erlang:(3:<0.16309.0>) Fail to start beam on host "localhost" ({error,
                                                                              timeout})

=ERROR REPORT==== 16-Jun-2014::19:38:15 ===
** Generic server <0.16309.0> terminating 
** Last message in was {timeout,#Ref<0.0.0.182562>,start_beam}
** When Server state == {state,{global,ts_mon},
                               10000,undefined,"localhost",undefined,[]}
** Reason for termination == 
** {error,timeout}

=INFO REPORT==== 16-Jun-2014::19:38:16 ===
    ts_os_mon_erlang:(5:<0.16572.0>) Starting os_mon beam on host "localhost" 

=INFO REPORT==== 16-Jun-2014::19:38:48 ===
    ts_os_mon_erlang:(3:<0.16572.0>) Fail to start beam on host "localhost" ({error,
                                                                              timeout})

=ERROR REPORT==== 16-Jun-2014::19:38:48 ===
** Generic server <0.16572.0> terminating 
** Last message in was {timeout,#Ref<0.0.0.185445>,start_beam}
** When Server state == {state,{global,ts_mon},
                               10000,undefined,"localhost",undefined,[]}
** Reason for termination == 
** {error,timeout}

=INFO REPORT==== 16-Jun-2014::19:38:49 ===
    ts_os_mon_erlang:(5:<0.16875.0>) Starting os_mon beam on host "localhost" 

=INFO REPORT==== 16-Jun-2014::19:39:21 ===
    ts_os_mon_erlang:(3:<0.16875.0>) Fail to start beam on host "localhost" ({error,
                                                                              timeout})

=ERROR REPORT==== 16-Jun-2014::19:39:21 ===
** Generic server <0.16875.0> terminating 
** Last message in was {timeout,#Ref<0.0.0.188825>,start_beam}
** When Server state == {state,{global,ts_mon},
                               10000,undefined,"localhost",undefined,[]}
** Reason for termination == 
** {error,timeout}

=INFO REPORT==== 16-Jun-2014::19:39:22 ===
    ts_os_mon_erlang:(5:<0.17166.0>) Starting os_mon beam on host "localhost" 

=INFO REPORT==== 16-Jun-2014::19:39:49 ===
         ts_launcher:(5:<0.93.0>) Phase duration exceeded, but not all users were launched (20 users, 0.8% of phase)

=INFO REPORT==== 16-Jun-2014::19:39:49 ===
         ts_launcher:(5:<0.93.0>) Start a new arrival phase (3000 users, 0.01); expected duration=300.0 sec

=INFO REPORT==== 16-Jun-2014::19:39:54 ===
    ts_os_mon_erlang:(3:<0.17166.0>) Fail to start beam on host "localhost" ({error,
                                                                              timeout})

=ERROR REPORT==== 16-Jun-2014::19:39:54 ===
** Generic server <0.17166.0> terminating 
** Last message in was {timeout,#Ref<0.0.0.192092>,start_beam}
** When Server state == {state,{global,ts_mon},
                               10000,undefined,"localhost",undefined,[]}
** Reason for termination == 
** {error,timeout}

=INFO REPORT==== 16-Jun-2014::19:39:55 ===
    ts_os_mon_erlang:(5:<0.17413.0>) Starting os_mon beam on host "localhost" 

=INFO REPORT==== 16-Jun-2014::19:40:27 ===
    ts_os_mon_erlang:(3:<0.17413.0>) Fail to start beam on host "localhost" ({error,
                                                                              timeout})

=ERROR REPORT==== 16-Jun-2014::19:40:27 ===
** Generic server <0.17413.0> terminating 
** Last message in was {timeout,#Ref<0.0.0.195091>,start_beam}
** When Server state == {state,{global,ts_mon},
                               10000,undefined,"localhost",undefined,[]}
** Reason for termination == 
** {error,timeout}

=INFO REPORT==== 16-Jun-2014::19:40:28 ===
    ts_os_mon_erlang:(5:<0.17616.0>) Starting os_mon beam on host "localhost" 

=INFO REPORT==== 16-Jun-2014::19:41:00 ===
    ts_os_mon_erlang:(3:<0.17616.0>) Fail to start beam on host "localhost" ({error,
                                                                              timeout})

=ERROR REPORT==== 16-Jun-2014::19:41:00 ===
** Generic server <0.17616.0> terminating 
** Last message in was {timeout,#Ref<0.0.0.197362>,start_beam}
** When Server state == {state,{global,ts_mon},
                               10000,undefined,"localhost",undefined,[]}
** Reason for termination == 
** {error,timeout}

=INFO REPORT==== 16-Jun-2014::19:41:01 ===
    ts_os_mon_erlang:(5:<0.17964.0>) Starting os_mon beam on host "localhost" 

=INFO REPORT==== 16-Jun-2014::19:41:33 ===
    ts_os_mon_erlang:(3:<0.17964.0>) Fail to start beam on host "localhost" ({error,
                                                                              timeout})

=ERROR REPORT==== 16-Jun-2014::19:41:33 ===
** Generic server <0.17964.0> terminating 
** Last message in was {timeout,#Ref<0.0.0.200970>,start_beam}
** When Server state == {state,{global,ts_mon},
                               10000,undefined,"localhost",undefined,[]}
** Reason for termination == 
** {error,timeout}

=INFO REPORT==== 16-Jun-2014::19:41:34 ===
    ts_os_mon_erlang:(5:<0.18289.0>) Starting os_mon beam on host "localhost" 

=INFO REPORT==== 16-Jun-2014::19:42:06 ===
    ts_os_mon_erlang:(3:<0.18289.0>) Fail to start beam on host "localhost" ({error,
                                                                              timeout})

=ERROR REPORT==== 16-Jun-2014::19:42:06 ===
** Generic server <0.18289.0> terminating 
** Last message in was {timeout,#Ref<0.0.0.204283>,start_beam}
** When Server state == {state,{global,ts_mon},
                               10000,undefined,"localhost",undefined,[]}
** Reason for termination == 
** {error,timeout}

=INFO REPORT==== 16-Jun-2014::19:42:07 ===
    ts_os_mon_erlang:(5:<0.18623.0>) Starting os_mon beam on host "localhost" 

=INFO REPORT==== 16-Jun-2014::19:42:39 ===
    ts_os_mon_erlang:(3:<0.18623.0>) Fail to start beam on host "localhost" ({error,
                                                                              timeout})

=ERROR REPORT==== 16-Jun-2014::19:42:39 ===
** Generic server <0.18623.0> terminating 
** Last message in was {timeout,#Ref<0.0.0.208331>,start_beam}
** When Server state == {state,{global,ts_mon},
                               10000,undefined,"localhost",undefined,[]}
** Reason for termination == 
** {error,timeout}

=INFO REPORT==== 16-Jun-2014::19:42:40 ===
    ts_os_mon_erlang:(5:<0.18970.0>) Starting os_mon beam on host "localhost" 

=INFO REPORT==== 16-Jun-2014::19:43:12 ===
    ts_os_mon_erlang:(3:<0.18970.0>) Fail to start beam on host "localhost" ({error,
                                                                              timeout})

=ERROR REPORT==== 16-Jun-2014::19:43:12 ===
** Generic server <0.18970.0> terminating 
** Last message in was {timeout,#Ref<0.0.0.212194>,start_beam}
** When Server state == {state,{global,ts_mon},
                               10000,undefined,"localhost",undefined,[]}
** Reason for termination == 
** {error,timeout}

=INFO REPORT==== 16-Jun-2014::19:43:13 ===
    ts_os_mon_erlang:(5:<0.19326.0>) Starting os_mon beam on host "localhost" 

=INFO REPORT==== 16-Jun-2014::19:43:45 ===
    ts_os_mon_erlang:(3:<0.19326.0>) Fail to start beam on host "localhost" ({error,
                                                                              timeout})

=ERROR REPORT==== 16-Jun-2014::19:43:45 ===
** Generic server <0.19326.0> terminating 
** Last message in was {timeout,#Ref<0.0.0.215808>,start_beam}
** When Server state == {state,{global,ts_mon},
                               10000,undefined,"localhost",undefined,[]}
** Reason for termination == 
** {error,timeout}

=INFO REPORT==== 16-Jun-2014::19:43:46 ===
    ts_os_mon_erlang:(5:<0.19666.0>) Starting os_mon beam on host "localhost" 

=INFO REPORT==== 16-Jun-2014::19:44:18 ===
    ts_os_mon_erlang:(3:<0.19666.0>) Fail to start beam on host "localhost" ({error,
                                                                              timeout})

=ERROR REPORT==== 16-Jun-2014::19:44:18 ===
** Generic server <0.19666.0> terminating 
** Last message in was {timeout,#Ref<0.0.0.219885>,start_beam}
** When Server state == {state,{global,ts_mon},
                               10000,undefined,"localhost",undefined,[]}
** Reason for termination == 
** {error,timeout}

=INFO REPORT==== 16-Jun-2014::19:44:19 ===
    ts_os_mon_erlang:(5:<0.20030.0>) Starting os_mon beam on host "localhost" 

=INFO REPORT==== 16-Jun-2014::19:44:49 ===
         ts_launcher:(5:<0.93.0>) Phase duration exceeded, but not all users were launched (205 users, 6.8% of phase)

=INFO REPORT==== 16-Jun-2014::19:44:49 ===
         ts_launcher:(5:<0.93.0>) This was the last phase, wait for connected users to finish their session

=INFO REPORT==== 16-Jun-2014::19:44:51 ===
    ts_os_mon_erlang:(3:<0.20030.0>) Fail to start beam on host "localhost" ({error,
                                                                              timeout})

=ERROR REPORT==== 16-Jun-2014::19:44:51 ===
** Generic server <0.20030.0> terminating 
** Last message in was {timeout,#Ref<0.0.0.224071>,start_beam}
** When Server state == {state,{global,ts_mon},
                               10000,undefined,"localhost",undefined,[]}
** Reason for termination == 
** {error,timeout}

=INFO REPORT==== 16-Jun-2014::19:44:52 ===
    ts_os_mon_erlang:(5:<0.20256.0>) Starting os_mon beam on host "localhost" 

=INFO REPORT==== 16-Jun-2014::19:45:14 ===
     ts_launcher_mgr:(5:<0.88.0>) No more active users 'tsung_controller_lis@ip-172-31-46-22' "12122"

=INFO REPORT==== 16-Jun-2014::19:45:14 ===
              ts_mon:(5:<0.55.0>) stopping monitor (normal)
