# stats: dump at 1402693971
stats: users 17 17
stats: users_count 17 17
stats: finish_users_count 0 0
stats: connect 16 9.273239135742188 0.17878438594566068 9.699951171875 9.016845703125 0 0
stats: size_sent 1632 1632
stats: connected 16 16
# stats: dump at 1402693981
stats: users 26 26
stats: users_count 9 26
stats: finish_users_count 0 0
stats: connect 10 9.4014892578125 0.19793398346350377 9.744873046875 9.016845703125 9.273239135742188 16
stats: size_sent 1020 2652
stats: connected 10 26
# stats: dump at 1402693991
stats: users 30 30
stats: users_count 4 30
stats: finish_users_count 0 0
stats: connect 4 9.334716796875 0.15230354365398444 9.744873046875 9.016845703125 9.32256610576923 26
stats: size_sent 408 3060
stats: connected 4 30
# stats: dump at 1402694001
stats: users 76 76
stats: users_count 46 76
stats: finish_users_count 0 0
stats: connect 41 9.190179592225608 0.24551834428074773 9.81494140625 8.5849609375 9.324186197916667 30
stats: newphase 1 1
stats: size_sent 4182 7242
stats: connected 41 71
# stats: dump at 1402694011
stats: users 183 183
stats: users_count 107 183
stats: finish_users_count 0 0
stats: connect 108 18.473874692563655 95.54158111448477 1006.760009765625 8.5849609375 9.246802101672536 71
stats: newphase 0 1
stats: size_sent 11016 18258
stats: connected 108 179
# stats: dump at 1402694021
stats: users 288 288
stats: users_count 105 288
stats: finish_users_count 0 0
stats: connect 104 9.369337815504814 0.6611081138801812 1006.760009765625 8.5849609375 14.813974391148744 179
stats: newphase 0 1
stats: size_sent 10608 28866
stats: connected 104 283
# stats: dump at 1402694031
stats: users 384 384
stats: users_count 96 384
stats: finish_users_count 0 0
stats: connect 97 9.28470320554124 0.60204002353186 1006.760009765625 8.5478515625 12.81311854709585 283
stats: newphase 0 1
stats: size_sent 9894 38760
stats: connected 97 380
# stats: dump at 1402694041
stats: users 470 470
stats: users_count 86 470
stats: finish_users_count 0 0
stats: connect 86 20.977575967478195 106.93067523566465 1006.820068359375 8.5478515625 11.912444104646385 380
stats: newphase 0 1
stats: size_sent 8772 47532
stats: connected 86 466
# stats: dump at 1402694051
stats: users 556 556
stats: users_count 86 556
stats: finish_users_count 0 0
stats: connect 87 21.033374304058906 106.28681618321183 1006.820068359375 8.5478515625 13.585408354010195 466
stats: newphase 0 1
stats: size_sent 8874 56406
stats: connected 87 553
# stats: dump at 1402694061
stats: users 578 578
stats: users_count 22 578
stats: finish_users_count 0 0
stats: connect 24 9.276082356770834 0.25854975033770966 1006.820068359375 8.5478515625 14.757149832589286 553
stats: newphase 1 2
stats: size_sent 2448 58854
stats: connected 24 577
# stats: dump at 1402694071
stats: users 590 590
stats: users_count 12 590
stats: finish_users_count 0 0
stats: connect 12 9.290140787760416 0.2651169997708391 1006.820068359375 8.5478515625 14.52916782319649 577
stats: newphase 0 2
stats: size_sent 1224 60078
stats: connected 12 589
# stats: dump at 1402694081
stats: users 596 596
stats: users_count 6 596
stats: finish_users_count 0 0
stats: connect 7 9.631522042410714 0.9504486916878647 1006.820068359375 8.5478515625 14.42243043028438 589
stats: newphase 0 2
stats: size_sent 714 60792
stats: connected 7 596
# stats: dump at 1402694091
stats: users 572 596
stats: session 34 86748.57226562499 34320.76072721185 120037.34887695313 39111.0 0 0
stats: users_count 10 606
stats: finish_users_count 34 34
stats: request 32 86662.35763549805 34462.67660555284 120035.4951171875 39108.724853515625 0 0
stats: page 32 86662.35763549805 34462.67660555284 120035.4951171875 39108.724853515625 0 0
stats: connect 9 9.354329427083334 0.16290504641770961 1006.820068359375 8.5478515625 14.366161372037542 596
stats: tr_listen 32 86662.80117797852 34462.86496359349 120035.72509765625 39109.111083984375 0 0
stats: 200 16 16
stats: size_rcv 16 16
stats: newphase 1 3
stats: size_sent 918 61710
stats: connected -23 573
# stats: dump at 1402694101
stats: users 568 596
stats: session 18 86664.2750515408 33645.96645884949 120037.34887695313 39111.0 86748.57226562499 34
stats: users_count 14 620
stats: finish_users_count 18 52
stats: request 20 86804.7351928711 33481.18463923816 120035.4951171875 39108.724853515625 86662.35763549805 32
stats: page 20 86804.7351928711 33481.18463923816 120035.4951171875 39108.724853515625 86662.35763549805 32
stats: connect 14 13.045689174107142 7.625208197916711 1006.820068359375 8.5478515625 14.291605194344008 605
stats: tr_listen 20 86804.99822998047 33481.21132018268 120035.72509765625 39109.111083984375 86662.80117797852 32
stats: 200 10 26
stats: size_rcv 10 26
stats: newphase 0 3
stats: size_sent 1428 63138
stats: connected -6 567
# stats: dump at 1402694111
stats: users 566 596
stats: session 8 91009.66534423828 29295.34574637979 120037.34887695313 39111.0 86719.3924607497 52
stats: users_count 6 626
stats: finish_users_count 8 60
stats: request 8 91007.51577758789 29295.36162442103 120035.4951171875 39108.724853515625 86717.11823448769 52
stats: page 8 91007.51577758789 29295.36162442103 120035.4951171875 39108.724853515625 86717.11823448769 52
stats: connect 7 13.553885323660714 10.195195810698818 1006.820068359375 8.5478515625 14.263426156729604 619
stats: tr_listen 8 91007.75378417969 29295.38479652695 120035.72509765625 39109.111083984375 86717.49235182542 52
stats: 200 4 30
stats: size_rcv 4 30
stats: newphase 0 3
stats: size_sent 714 63852
stats: connected -1 566
# stats: dump at 1402694121
stats: users 555 606
stats: session 91 81261.81043956042 47921.41002407173 120045.64990234375 2514.97509765625 87291.42884521485 60
stats: users_count 80 706
stats: finish_users_count 91 151
stats: request 90 80828.93185221354 48011.406387569805 120043.462890625 2512.756103515625 87289.17124023437 60
stats: page 90 80828.93185221354 48011.406387569805 120043.462890625 2512.756103515625 87289.17124023437 60
stats: connect 80 12.154660034179688 6.590835123162069 1006.820068359375 8.5478515625 14.255491994059504 626
stats: tr_listen 90 80829.16996256515 48011.408039337926 120043.71508789063 2513.0 87289.52720947265 60
stats: 200 45 75
stats: size_rcv 45 75
stats: newphase 1 4
stats: size_sent 8160 72012
stats: connected -10 556
# stats: dump at 1402694131
stats: users 62 606
stats: session 584 80633.38485592358 38233.052824169696 121018.19897460938 46.3662109375 83657.68530273436 151
stats: users_count 91 797
stats: finish_users_count 584 735
stats: request 585 80683.6793477898 38235.49160756118 121016.6220703125 44.07421875 83413.02760742187 150
stats: page 585 80683.6793477898 38235.49160756118 121016.6220703125 44.07421875 83413.02760742187 150
stats: connect 29 10.721940665409482 3.5463556097026236 1006.820068359375 8.5478515625 14.017437381041962 706
stats: tr_listen 585 80694.92558844162 38234.79150983713 121016.84301757813 44.3740234375 83413.31286132814 150
stats: 200 32 107
stats: size_rcv 32 107
stats: newphase 0 4
stats: size_sent 2958 74970
stats: connected -556 0
stats: error_connect_econnrefused 61 61
# stats: dump at 1402694141
stats: users 168 606
stats: session 0 0 0 121018.19897460938 46.3662109375 81254.70372322756 735
stats: users_count 106 903
stats: finish_users_count 0 735
stats: request 0 0 0 121016.6220703125 44.07421875 81240.68919669431 735
stats: page 0 0 0 121016.6220703125 44.07421875 81240.68919669431 735
stats: connect 0 0 0 1006.820068359375 8.5478515625 13.887410980017007 735
stats: tr_listen 0 0 0 121016.84301757813 44.3740234375 81249.6985012756 735
stats: 200 0 107
stats: size_rcv 0 107
stats: newphase 0 4
stats: size_sent 0 74970
stats: connected 0 0
stats: error_connect_econnrefused 166 227
# stats: dump at 1402694151
stats: users 271 606
stats: session 0 0 0 121018.19897460938 46.3662109375 81254.70372322756 735
stats: users_count 103 1006
stats: finish_users_count 0 735
stats: request 0 0 0 121016.6220703125 44.07421875 81240.68919669431 735
stats: page 0 0 0 121016.6220703125 44.07421875 81240.68919669431 735
stats: connect 0 0 0 1006.820068359375 8.5478515625 13.887410980017007 735
stats: tr_listen 0 0 0 121016.84301757813 44.3740234375 81249.6985012756 735
stats: 200 0 107
stats: size_rcv 0 107
stats: newphase 0 4
stats: size_sent 0 74970
stats: connected 0 0
stats: error_connect_econnrefused 208 435
# stats: dump at 1402694161
stats: users 377 606
stats: session 0 0 0 121018.19897460938 46.3662109375 81254.70372322756 735
stats: users_count 106 1112
stats: finish_users_count 0 735
stats: request 0 0 0 121016.6220703125 44.07421875 81240.68919669431 735
stats: page 0 0 0 121016.6220703125 44.07421875 81240.68919669431 735
stats: connect 0 0 0 1006.820068359375 8.5478515625 13.887410980017007 735
stats: tr_listen 0 0 0 121016.84301757813 44.3740234375 81249.6985012756 735
stats: 200 0 107
stats: size_rcv 0 107
stats: newphase 0 4
stats: size_sent 0 74970
stats: connected 0 0
stats: error_connect_econnrefused 271 706
# stats: dump at 1402694171
stats: users 486 606
stats: session 0 0 0 121018.19897460938 46.3662109375 81254.70372322756 735
stats: users_count 109 1221
stats: finish_users_count 0 735
stats: request 0 0 0 121016.6220703125 44.07421875 81240.68919669431 735
stats: page 0 0 0 121016.6220703125 44.07421875 81240.68919669431 735
stats: connect 0 0 0 1006.820068359375 8.5478515625 13.887410980017007 735
stats: tr_listen 0 0 0 121016.84301757813 44.3740234375 81249.6985012756 735
stats: 200 0 107
stats: size_rcv 0 107
stats: newphase 0 4
stats: size_sent 0 74970
stats: connected 0 0
stats: error_connect_econnrefused 323 1029
# stats: dump at 1402694181
stats: users 501 606
stats: session 0 0 0 121018.19897460938 46.3662109375 81254.70372322756 735
stats: users_count 15 1236
stats: finish_users_count 0 735
stats: request 0 0 0 121016.6220703125 44.07421875 81240.68919669431 735
stats: page 0 0 0 121016.6220703125 44.07421875 81240.68919669431 735
stats: connect 120 17.74633382161459 90.85816999700735 1008.84716796875 8.5478515625 13.887410980017007 735
stats: tr_listen 0 0 0 121016.84301757813 44.3740234375 81249.6985012756 735
stats: 200 0 107
stats: size_rcv 0 107
stats: newphase 1 5
stats: size_sent 12240 87210
stats: connected 120 120
stats: error_connect_econnrefused 106 1135
# stats: dump at 1402694191
stats: users 513 606
stats: session 0 0 0 121018.19897460938 46.3662109375 81254.70372322756 735
stats: users_count 12 1248
stats: finish_users_count 0 735
stats: request 0 0 0 121016.6220703125 44.07421875 81240.68919669431 735
stats: page 0 0 0 121016.6220703125 44.07421875 81240.68919669431 735
stats: connect 189 9.32290374917328 0.5765944271831804 1008.84716796875 8.5478515625 14.429014185855262 855
stats: tr_listen 0 0 0 121016.84301757813 44.3740234375 81249.6985012756 735
stats: 200 0 107
stats: size_rcv 0 107
stats: newphase 0 5
stats: size_sent 19278 106488
stats: connected 189 309
stats: error_connect_econnrefused 0 1135
# stats: dump at 1402694201
stats: users 521 606
stats: session 0 0 0 121018.19897460938 46.3662109375 81254.70372322756 735
stats: users_count 8 1256
stats: finish_users_count 0 735
stats: request 0 0 0 121016.6220703125 44.07421875 81240.68919669431 735
stats: page 0 0 0 121016.6220703125 44.07421875 81240.68919669431 735
stats: connect 166 15.328498564570781 77.1976481742543 1008.84716796875 8.5478515625 13.504632124042146 1044
stats: tr_listen 0 0 0 121016.84301757813 44.3740234375 81249.6985012756 735
stats: 200 0 107
stats: size_rcv 0 107
stats: newphase 0 5
stats: size_sent 16932 123420
stats: connected 166 475
stats: error_connect_econnrefused 0 1135
# stats: dump at 1402694211
stats: users 528 606
stats: session 0 0 0 121018.19897460938 46.3662109375 81254.70372322756 735
stats: users_count 7 1263
stats: finish_users_count 0 735
stats: request 0 0 0 121016.6220703125 44.07421875 81240.68919669431 735
stats: page 0 0 0 121016.6220703125 44.07421875 81240.68919669431 735
stats: connect 53 9.284796948702828 0.22883468081843106 1008.84716796875 8.5478515625 13.754848511751034 1210
stats: tr_listen 0 0 0 121016.84301757813 44.3740234375 81249.6985012756 735
stats: 200 0 107
stats: size_rcv 0 107
stats: newphase 1 6
stats: size_sent 5406 128826
stats: connected 53 528
stats: error_connect_econnrefused 0 1135
# stats: dump at 1402694221
stats: users 540 606
stats: session 0 0 0 121018.19897460938 46.3662109375 81254.70372322756 735
stats: users_count 12 1275
stats: finish_users_count 0 735
stats: request 0 0 0 121016.6220703125 44.07421875 81240.68919669431 735
stats: page 0 0 0 121016.6220703125 44.07421875 81240.68919669431 735
stats: connect 11 9.337912819602273 0.15214349187479861 1008.84716796875 8.5478515625 13.567269150831354 1263
stats: tr_listen 0 0 0 121016.84301757813 44.3740234375 81249.6985012756 735
stats: 200 0 107
stats: size_rcv 0 107
stats: newphase 0 6
stats: size_sent 1122 129948
stats: connected 11 539
stats: error_connect_econnrefused 0 1135
# stats: dump at 1402694231
stats: users 551 606
stats: session 0 0 0 121018.19897460938 46.3662109375 81254.70372322756 735
stats: users_count 11 1286
stats: finish_users_count 0 735
stats: request 0 0 0 121016.6220703125 44.07421875 81240.68919669431 735
stats: page 0 0 0 121016.6220703125 44.07421875 81240.68919669431 735
stats: connect 12 9.359822591145834 0.19962515755120797 1008.84716796875 8.5478515625 13.530751945459674 1274
stats: tr_listen 0 0 0 121016.84301757813 44.3740234375 81249.6985012756 735
stats: 200 0 107
stats: size_rcv 0 107
stats: newphase 0 6
stats: size_sent 1224 131172
stats: connected 12 551
stats: error_connect_econnrefused 0 1135
# stats: dump at 1402694241
stats: users 605 606
stats: session 0 0 0 121018.19897460938 46.3662109375 81254.70372322756 735
stats: users_count 54 1340
stats: finish_users_count 0 735
stats: request 0 0 0 121016.6220703125 44.07421875 81240.68919669431 735
stats: page 0 0 0 121016.6220703125 44.07421875 81240.68919669431 735
stats: connect 51 9.278583601409311 0.20515000875623143 1008.84716796875 8.5478515625 13.491831920380541 1286
stats: tr_listen 0 0 0 121016.84301757813 44.3740234375 81249.6985012756 735
stats: 200 0 107
stats: size_rcv 0 107
stats: newphase 1 7
stats: size_sent 5202 136374
stats: connected 51 602
stats: error_connect_econnrefused 0 1135
# stats: dump at 1402694251
stats: users 718 718
stats: session 0 0 0 121018.19897460938 46.3662109375 81254.70372322756 735
stats: users_count 113 1453
stats: finish_users_count 0 735
stats: request 0 0 0 121016.6220703125 44.07421875 81240.68919669431 735
stats: page 0 0 0 121016.6220703125 44.07421875 81240.68919669431 735
stats: connect 110 18.363982599431814 94.85026012375816 1008.84716796875 8.5478515625 13.3311171378319 1337
stats: tr_listen 0 0 0 121016.84301757813 44.3740234375 81249.6985012756 735
stats: 200 0 107
stats: size_rcv 0 107
stats: newphase 0 7
stats: size_sent 11220 147594
stats: connected 110 712
stats: error_connect_econnrefused 0 1135
# stats: dump at 1402694261
stats: users 824 824
stats: session 0 0 0 121018.19897460938 46.3662109375 81254.70372322756 735
stats: users_count 106 1559
stats: finish_users_count 0 735
stats: request 0 0 0 121016.6220703125 44.07421875 81240.68919669431 735
stats: page 0 0 0 121016.6220703125 44.07421875 81240.68919669431 735
stats: connect 110 9.428520063920455 1.0643914636471867 1008.84716796875 8.5478515625 13.713712300773151 1447
stats: tr_listen 0 0 0 121016.84301757813 44.3740234375 81249.6985012756 735
stats: 200 0 107
stats: size_rcv 0 107
stats: newphase 0 7
stats: size_sent 11220 158814
stats: connected 110 822
stats: error_connect_econnrefused 0 1135
# stats: dump at 1402694271
stats: users 929 929
stats: session 0 0 0 121018.19897460938 46.3662109375 81254.70372322756 735
stats: users_count 105 1664
stats: finish_users_count 0 735
stats: request 0 0 0 121016.6220703125 44.07421875 81240.68919669431 735
stats: page 0 0 0 121016.6220703125 44.07421875 81240.68919669431 735
stats: connect 102 9.2228333716299 0.330392362697249 1008.84716796875 8.5478515625 13.410969111271676 1557
stats: tr_listen 0 0 0 121016.84301757813 44.3740234375 81249.6985012756 735
stats: 200 0 107
stats: size_rcv 0 107
stats: newphase 0 7
stats: size_sent 10404 169218
stats: connected 102 924
stats: error_connect_econnrefused 0 1135
# stats: dump at 1402694281
stats: users 1040 1040
stats: session 0 0 0 121018.19897460938 46.3662109375 81254.70372322756 735
stats: users_count 111 1775
stats: finish_users_count 0 735
stats: request 0 0 0 121016.6220703125 44.07421875 81240.68919669431 735
stats: page 0 0 0 121016.6220703125 44.07421875 81240.68919669431 735
stats: connect 87 9.26030441810345 0.4248415168793713 1008.84716796875 8.5478515625 13.153470711366033 1659
stats: tr_listen 0 0 0 121016.84301757813 44.3740234375 81249.6985012756 735
stats: 200 0 107
stats: size_rcv 0 107
stats: newphase 0 7
stats: error_connect_emfile 23 23
stats: size_sent 8874 178092
stats: connected 87 1011
stats: error_connect_econnrefused 0 1135
# stats: dump at 1402694291
stats: users 1147 1147
stats: session 0 0 0 121018.19897460938 46.3662109375 81254.70372322756 735
stats: users_count 107 1882
stats: finish_users_count 0 735
stats: request 0 0 0 121016.6220703125 44.07421875 81240.68919669431 735
stats: page 0 0 0 121016.6220703125 44.07421875 81240.68919669431 735
stats: connect 0 0 0 1008.84716796875 8.5478515625 12.959481325619272 1746
stats: tr_listen 0 0 0 121016.84301757813 44.3740234375 81249.6985012756 735
stats: 200 0 107
stats: size_rcv 0 107
stats: newphase 0 7
stats: error_connect_emfile 133 156
stats: size_sent 0 178092
stats: connected 0 1011
stats: error_connect_econnrefused 0 1135
# stats: dump at 1402694301
stats: users 128 1152
stats: session 1030 95029.10016023205 55070.12812215026 174534.7451171875 46.3662109375 81254.70372322756 735
stats: users_count 11 1893
stats: finish_users_count 1030 1765
stats: request 1030 75484.85052833919 36229.31950514205 121018.27490234375 44.07421875 81240.68919669431 735
stats: page 1030 75484.85052833919 36229.31950514205 121018.27490234375 44.07421875 81240.68919669431 735
stats: connect 19 9.303145559210526 0.32331802420070715 1008.84716796875 8.5478515625 12.959481325619272 1746
stats: tr_listen 1030 95023.82252825401 55069.52781591577 174528.244140625 44.3740234375 81249.6985012756 735
stats: 200 42 149
stats: size_rcv 42 149
stats: newphase 1 8
stats: error_connect_emfile 63 219
stats: size_sent 1938 180030
stats: connected -1011 0
stats: error_connect_econnrefused 40 1175
# stats: dump at 1402694311
stats: users 140 1152
stats: session 0 0 0 174534.7451171875 46.3662109375 89293.02005757013 1765
stats: users_count 12 1905
stats: finish_users_count 0 1765
stats: request 0 0 0 121018.27490234375 44.07421875 77881.75784915562 1765
stats: page 0 0 0 121018.27490234375 44.07421875 77881.75784915562 1765
stats: connect 0 0 0 1008.84716796875 8.5478515625 12.920121337199008 1765
stats: tr_listen 0 0 0 174528.244140625 44.3740234375 89287.85586546129 1765
stats: 200 0 149
stats: size_rcv 0 149
stats: newphase 0 8
stats: error_connect_emfile 0 219
stats: size_sent 0 180030
stats: connected 0 0
stats: error_connect_econnrefused 49 1224
# stats: dump at 1402694321
stats: users 150 1152
stats: session 0 0 0 174534.7451171875 46.3662109375 89293.02005757013 1765
stats: users_count 10 1915
stats: finish_users_count 0 1765
stats: request 0 0 0 121018.27490234375 44.07421875 77881.75784915562 1765
stats: page 0 0 0 121018.27490234375 44.07421875 77881.75784915562 1765
stats: connect 0 0 0 1008.84716796875 8.5478515625 12.920121337199008 1765
stats: tr_listen 0 0 0 174528.244140625 44.3740234375 89287.85586546129 1765
stats: 200 0 149
stats: size_rcv 0 149
stats: newphase 0 8
stats: error_connect_emfile 0 219
stats: size_sent 0 180030
stats: connected 0 0
stats: error_connect_econnrefused 115 1339
# stats: dump at 1402694331
stats: users 157 1152
stats: session 0 0 0 174534.7451171875 46.3662109375 89293.02005757013 1765
stats: users_count 7 1922
stats: finish_users_count 0 1765
stats: request 0 0 0 121018.27490234375 44.07421875 77881.75784915562 1765
stats: page 0 0 0 121018.27490234375 44.07421875 77881.75784915562 1765
stats: connect 0 0 0 1008.84716796875 8.5478515625 12.920121337199008 1765
stats: tr_listen 0 0 0 174528.244140625 44.3740234375 89287.85586546129 1765
stats: 200 0 149
stats: size_rcv 0 149
stats: newphase 1 9
stats: error_connect_emfile 0 219
stats: size_sent 0 180030
stats: connected 0 0
stats: error_connect_econnrefused 29 1368
# stats: dump at 1402694341
stats: users 145 1152
stats: session 27 60023.343560112844 0.46191027417240976 174534.7451171875 46.3662109375 89293.02005757013 1765
stats: users_count 15 1937
stats: finish_users_count 27 1792
stats: request 0 0 0 121018.27490234375 44.07421875 77881.75784915562 1765
stats: page 0 0 0 121018.27490234375 44.07421875 77881.75784915562 1765
stats: connect 0 0 0 1008.84716796875 8.5478515625 12.920121337199008 1765
stats: tr_listen 24 60021.46322631836 0.5041416900232069 174528.244140625 44.3740234375 89287.85586546129 1765
stats: 200 0 149
stats: size_rcv 0 149
stats: newphase 0 9
stats: error_connect_emfile 0 219
stats: size_sent 0 180030
stats: connected 0 0
stats: error_connect_econnrefused 59 1427
stats: error_abort_max_conn_retries 24 24
# stats: dump at 1402694351
stats: users 63 1152
stats: session 90 60127.65075683594 298.8332143871898 174534.7451171875 46.3662109375 88852.01488712852 1792
stats: users_count 8 1945
stats: finish_users_count 90 1882
stats: request 0 0 0 121018.27490234375 44.07421875 77881.75784915562 1765
stats: page 0 0 0 121018.27490234375 44.07421875 77881.75784915562 1765
stats: connect 0 0 0 1008.84716796875 8.5478515625 12.920121337199008 1765
stats: tr_listen 91 60124.41629732572 297.4411508917656 174528.244140625 44.3740234375 88895.23796532745 1789
stats: 200 0 149
stats: size_rcv 0 149
stats: newphase 0 9
stats: error_connect_emfile 0 219
stats: size_sent 0 180030
stats: connected 0 0
stats: error_connect_econnrefused 124 1551
stats: error_abort_max_conn_retries 91 115
# stats: dump at 1402694361
stats: users 133 1152
stats: session 6 60198.5546468099 371.9994629277794 174534.7451171875 46.3662109375 87478.37366942059 1882
stats: users_count 76 2021
stats: finish_users_count 6 1888
stats: request 0 0 0 121018.27490234375 44.07421875 77881.75784915562 1765
stats: page 0 0 0 121018.27490234375 44.07421875 77881.75784915562 1765
stats: connect 52 9.187124399038465 0.18341098723736224 1008.84716796875 8.5478515625 12.920121337199008 1765
stats: tr_listen 8 60155.152740478516 330.11017279228895 174528.244140625 44.3740234375 87502.6077675678 1880
stats: 200 0 149
stats: size_rcv 0 149
stats: newphase 1 10
stats: error_connect_emfile 0 219
stats: size_sent 5304 185334
stats: connected 52 52
stats: error_connect_econnrefused 50 1601
stats: error_abort_max_conn_retries 8 123
# stats: dump at 1402694371
stats: users 227 1152
stats: session 0 0 0 174534.7451171875 46.3662109375 87391.67932930637 1888
stats: users_count 94 2115
stats: finish_users_count 0 1888
stats: request 0 0 0 121018.27490234375 44.07421875 77881.75784915562 1765
stats: page 0 0 0 121018.27490234375 44.07421875 77881.75784915562 1765
stats: connect 156 9.267643855168263 0.48747807050427927 1008.84716796875 8.5478515625 12.813288183217528 1817
stats: tr_listen 0 0 0 174528.244140625 44.3740234375 87386.72872084285 1888
stats: 200 0 149
stats: size_rcv 0 149
stats: newphase 0 10
stats: error_connect_emfile 0 219
stats: size_sent 15912 201246
stats: connected 156 208
stats: error_connect_econnrefused 0 1601
stats: error_abort_max_conn_retries 0 123
# stats: dump at 1402694381
stats: users 332 1152
stats: session 0 0 0 174534.7451171875 46.3662109375 87391.67932930637 1888
stats: users_count 105 2220
stats: finish_users_count 0 1888
stats: request 0 0 0 121018.27490234375 44.07421875 77881.75784915562 1765
stats: page 0 0 0 121018.27490234375 44.07421875 77881.75784915562 1765
stats: connect 118 9.277865135063568 0.5227478031773011 1008.84716796875 8.5478515625 12.532943269291687 1973
stats: tr_listen 0 0 0 174528.244140625 44.3740234375 87386.72872084285 1888
stats: 200 0 149
stats: size_rcv 0 149
stats: newphase 0 10
stats: error_connect_emfile 0 219
stats: size_sent 12036 213282
stats: connected 118 326
stats: error_connect_econnrefused 0 1601
stats: error_abort_max_conn_retries 0 123
# stats: dump at 1402694391
stats: users 442 1152
stats: session 0 0 0 174534.7451171875 46.3662109375 87391.67932930637 1888
stats: users_count 110 2330
stats: finish_users_count 0 1888
stats: request 0 0 0 121018.27490234375 44.07421875 77881.75784915562 1765
stats: page 0 0 0 121018.27490234375 44.07421875 77881.75784915562 1765
stats: connect 113 18.181949581720115 93.6031289619207 1008.84716796875 8.5478515625 12.349251629005261 2091
stats: tr_listen 0 0 0 174528.244140625 44.3740234375 87386.72872084285 1888
stats: 200 0 149
stats: size_rcv 0 149
stats: newphase 0 10
stats: error_connect_emfile 0 219
stats: size_sent 11526 224808
stats: connected 113 439
stats: error_connect_econnrefused 0 1601
stats: error_abort_max_conn_retries 0 123
# stats: dump at 1402694401
stats: users 535 1152
stats: session 0 0 0 174534.7451171875 46.3662109375 87391.67932930637 1888
stats: users_count 93 2423
stats: finish_users_count 0 1888
stats: request 0 0 0 121018.27490234375 44.07421875 77881.75784915562 1765
stats: page 0 0 0 121018.27490234375 44.07421875 77881.75784915562 1765
stats: connect 95 9.382087787828949 0.5949451933312796 1008.84716796875 8.5478515625 12.648296487742456 2204
stats: tr_listen 0 0 0 174528.244140625 44.3740234375 87386.72872084285 1888
stats: 200 0 149
stats: size_rcv 0 149
stats: newphase 0 10
stats: error_connect_emfile 0 219
stats: size_sent 9690 234498
stats: connected 95 534
stats: error_connect_econnrefused 0 1601
stats: error_abort_max_conn_retries 0 123
# stats: dump at 1402694411
stats: users 635 1152
stats: session 0 0 0 174534.7451171875 46.3662109375 87391.67932930637 1888
stats: users_count 100 2523
stats: finish_users_count 0 1888
stats: request 0 0 0 121018.27490234375 44.07421875 77881.75784915562 1765
stats: page 0 0 0 121018.27490234375 44.07421875 77881.75784915562 1765
stats: connect 101 9.763949856899755 2.033020737284194 1008.84716796875 8.5478515625 12.513329186093138 2299
stats: tr_listen 0 0 0 174528.244140625 44.3740234375 87386.72872084285 1888
stats: 200 0 149
stats: size_rcv 0 149
stats: newphase 0 10
stats: error_connect_emfile 0 219
stats: size_sent 10302 244800
stats: connected 101 635
stats: error_connect_econnrefused 0 1601
stats: error_abort_max_conn_retries 0 123
# stats: dump at 1402694421
stats: users 658 1152
stats: session 0 0 0 174534.7451171875 46.3662109375 87391.67932930637 1888
stats: users_count 23 2546
stats: finish_users_count 0 1888
stats: request 0 0 0 121018.27490234375 44.07421875 77881.75784915562 1765
stats: page 0 0 0 121018.27490234375 44.07421875 77881.75784915562 1765
stats: connect 23 9.412597656250002 0.37606876218549984 1008.84716796875 8.5478515625 12.397626139322917 2400
stats: tr_listen 0 0 0 174528.244140625 44.3740234375 87386.72872084285 1888
stats: 200 0 149
stats: size_rcv 0 149
stats: newphase 1 11
stats: error_connect_emfile 0 219
stats: size_sent 2346 247146
stats: connected 23 658
stats: error_connect_econnrefused 0 1601
stats: error_abort_max_conn_retries 0 123
# stats: dump at 1402694431
stats: users 670 1152
stats: session 0 0 0 174534.7451171875 46.3662109375 87391.67932930637 1888
stats: users_count 12 2558
stats: finish_users_count 0 1888
stats: request 0 0 0 121018.27490234375 44.07421875 77881.75784915562 1765
stats: page 0 0 0 121018.27490234375 44.07421875 77881.75784915562 1765
stats: connect 12 9.313802083333334 0.2751680982634506 1008.84716796875 8.5478515625 12.369291159912814 2423
stats: tr_listen 0 0 0 174528.244140625 44.3740234375 87386.72872084285 1888
stats: 200 0 149
stats: size_rcv 0 149
stats: newphase 0 11
stats: error_connect_emfile 0 219
stats: size_sent 1224 248370
stats: connected 12 670
stats: error_connect_econnrefused 0 1601
stats: error_abort_max_conn_retries 0 123
# stats: dump at 1402694441
stats: users 680 1152
stats: session 0 0 0 174534.7451171875 46.3662109375 87391.67932930637 1888
stats: users_count 10 2568
stats: finish_users_count 0 1888
stats: request 0 0 0 121018.27490234375 44.07421875 77881.75784915562 1765
stats: page 0 0 0 121018.27490234375 44.07421875 77881.75784915562 1765
stats: connect 10 9.243798828125 0.16989683470985412 1008.84716796875 8.5478515625 12.354233308200719 2435
stats: tr_listen 0 0 0 174528.244140625 44.3740234375 87386.72872084285 1888
stats: 200 0 149
stats: size_rcv 0 149
stats: newphase 0 11
stats: error_connect_emfile 0 219
stats: size_sent 1020 249390
stats: connected 10 680
stats: error_connect_econnrefused 0 1601
stats: error_abort_max_conn_retries 0 123
# stats: dump at 1402694451
stats: users 690 1152
stats: session 0 0 0 174534.7451171875 46.3662109375 87391.67932930637 1888
stats: users_count 10 2578
stats: finish_users_count 0 1888
stats: request 0 0 0 121018.27490234375 44.07421875 77881.75784915562 1765
stats: page 0 0 0 121018.27490234375 44.07421875 77881.75784915562 1765
stats: connect 9 9.844970703125 0.6247312179753779 1008.84716796875 8.5478515625 12.341511694785275 2445
stats: tr_listen 0 0 0 174528.244140625 44.3740234375 87386.72872084285 1888
stats: 200 0 149
stats: size_rcv 0 149
stats: newphase 1 12
stats: error_connect_emfile 0 219
stats: size_sent 918 250308
stats: connected 9 689
stats: error_connect_econnrefused 0 1601
stats: error_abort_max_conn_retries 0 123
# stats: dump at 1402694461
stats: users 700 1152
stats: session 0 0 0 174534.7451171875 46.3662109375 87391.67932930637 1888
stats: users_count 10 2588
stats: finish_users_count 0 1888
stats: request 0 0 0 121018.27490234375 44.07421875 77881.75784915562 1765
stats: page 0 0 0 121018.27490234375 44.07421875 77881.75784915562 1765
stats: connect 9 11.457356770833334 4.834395870072455 1008.84716796875 8.5478515625 12.332355676478452 2454
stats: tr_listen 0 0 0 174528.244140625 44.3740234375 87386.72872084285 1888
stats: 200 0 149
stats: size_rcv 0 149
stats: newphase 0 12
stats: error_connect_emfile 0 219
stats: size_sent 918 251226
stats: connected 9 698
stats: error_connect_econnrefused 0 1601
stats: error_abort_max_conn_retries 0 123
# stats: dump at 1402694471
stats: users 710 1152
stats: session 0 0 0 174534.7451171875 46.3662109375 87391.67932930637 1888
stats: users_count 10 2598
stats: finish_users_count 0 1888
stats: request 0 0 0 121018.27490234375 44.07421875 77881.75784915562 1765
stats: page 0 0 0 121018.27490234375 44.07421875 77881.75784915562 1765
stats: connect 11 11.270396839488637 4.981876669440254 1008.84716796875 8.5478515625 12.329158360136265 2463
stats: tr_listen 0 0 0 174528.244140625 44.3740234375 87386.72872084285 1888
stats: 200 0 149
stats: size_rcv 0 149
stats: newphase 0 12
stats: error_connect_emfile 0 219
stats: size_sent 1122 252348
stats: connected 11 709
stats: error_connect_econnrefused 0 1601
stats: error_abort_max_conn_retries 0 123
# stats: dump at 1402694481
stats: users 4 1152
stats: session 758 91199.00582845486 36649.05851189084 180068.23217773438 46.3662109375 87391.67932930637 1888
stats: users_count 52 2650
stats: finish_users_count 758 2646
stats: request 436 87325.04102850404 32458.845536372344 121018.27490234375 44.07421875 77881.75784915562 1765
stats: page 436 87325.04102850404 32458.845536372344 121018.27490234375 44.07421875 77881.75784915562 1765
stats: connect 49 10.446234255420919 4.039459808070381 1008.84716796875 8.5478515625 12.324450851354081 2474
stats: tr_listen 436 91154.94660207763 37642.66535883987 180066.26000976563 44.3740234375 87386.72872084285 1888
stats: 200 48 197
stats: size_rcv 48 197
stats: newphase 1 13
stats: error_connect_emfile 0 219
stats: size_sent 4998 257346
stats: connected -387 322
stats: error_connect_econnrefused 0 1601
stats: error_abort_max_conn_retries 0 123
# stats: dump at 1402694491
stats: users 85 1152
stats: session 0 0 0 180068.23217773438 46.3662109375 88482.36469829902 2646
stats: users_count 81 2731
stats: finish_users_count 0 2646
stats: request 322 87350.50298351972 29999.079202354227 121018.27490234375 44.07421875 79752.39458981711 2201
stats: page 322 87350.50298351972 29999.079202354227 121018.27490234375 44.07421875 79752.39458981711 2201
stats: connect 0 0 0 1008.84716796875 8.5478515625 12.287973398638773 2523
stats: tr_listen 322 91248.85817476833 35258.378345800265 180066.26000976563 44.3740234375 88093.67493264077 2324
stats: 200 0 197
stats: size_rcv 0 197
stats: newphase 0 13
stats: error_connect_emfile 0 219
stats: size_sent 0 257346
stats: connected -322 0
stats: error_connect_econnrefused 82 1683
stats: error_abort_max_conn_retries 0 123
# stats: dump at 1402694501
stats: users 196 1152
stats: session 0 0 0 180068.23217773438 46.3662109375 88482.36469829902 2646
stats: users_count 111 2842
stats: finish_users_count 0 2646
stats: request 0 0 0 121018.27490234375 44.07421875 80722.10957307999 2523
stats: page 0 0 0 121018.27490234375 44.07421875 80722.10957307999 2523
stats: connect 0 0 0 1008.84716796875 8.5478515625 12.287973398638773 2523
stats: tr_listen 0 0 0 180066.26000976563 44.3740234375 88477.6390308891 2646
stats: 200 0 197
stats: size_rcv 0 197
stats: newphase 0 13
stats: error_connect_emfile 0 219
stats: size_sent 0 257346
stats: connected 0 0
stats: error_connect_econnrefused 191 1874
stats: error_abort_max_conn_retries 0 123
# stats: dump at 1402694511
stats: users 303 1152
stats: session 0 0 0 180068.23217773438 46.3662109375 88482.36469829902 2646
stats: users_count 107 2949
stats: finish_users_count 0 2646
stats: request 0 0 0 121018.27490234375 44.07421875 80722.10957307999 2523
stats: page 0 0 0 121018.27490234375 44.07421875 80722.10957307999 2523
stats: connect 0 0 0 1008.84716796875 8.5478515625 12.287973398638773 2523
stats: tr_listen 0 0 0 180066.26000976563 44.3740234375 88477.6390308891 2646
stats: 200 0 197
stats: size_rcv 0 197
stats: newphase 0 13
stats: error_connect_emfile 0 219
stats: size_sent 0 257346
stats: connected 0 0
stats: error_connect_econnrefused 219 2093
stats: error_abort_max_conn_retries 0 123
# stats: dump at 1402694521
stats: users 414 1152
stats: session 0 0 0 180068.23217773438 46.3662109375 88482.36469829902 2646
stats: users_count 111 3060
stats: finish_users_count 0 2646
stats: request 0 0 0 121018.27490234375 44.07421875 80722.10957307999 2523
stats: page 0 0 0 121018.27490234375 44.07421875 80722.10957307999 2523
stats: connect 0 0 0 1008.84716796875 8.5478515625 12.287973398638773 2523
stats: tr_listen 0 0 0 180066.26000976563 44.3740234375 88477.6390308891 2646
stats: 200 0 197
stats: size_rcv 0 197
stats: newphase 0 13
stats: error_connect_emfile 0 219
stats: size_sent 0 257346
stats: connected 0 0
stats: error_connect_econnrefused 300 2393
stats: error_abort_max_conn_retries 0 123
# stats: dump at 1402694531
stats: users 528 1152
stats: session 0 0 0 180068.23217773438 46.3662109375 88482.36469829902 2646
stats: users_count 114 3174
stats: finish_users_count 0 2646
stats: request 0 0 0 121018.27490234375 44.07421875 80722.10957307999 2523
stats: page 0 0 0 121018.27490234375 44.07421875 80722.10957307999 2523
stats: connect 0 0 0 1008.84716796875 8.5478515625 12.287973398638773 2523
stats: tr_listen 0 0 0 180066.26000976563 44.3740234375 88477.6390308891 2646
stats: 200 0 197
stats: size_rcv 0 197
stats: newphase 0 13
stats: error_connect_emfile 0 219
stats: size_sent 0 257346
stats: connected 0 0
stats: error_connect_econnrefused 334 2727
stats: error_abort_max_conn_retries 0 123
# stats: dump at 1402694541
stats: users 547 1152
stats: session 0 0 0 180068.23217773438 46.3662109375 88482.36469829902 2646
stats: users_count 19 3193
stats: finish_users_count 0 2646
stats: request 0 0 0 121018.27490234375 44.07421875 80722.10957307999 2523
stats: page 0 0 0 121018.27490234375 44.07421875 80722.10957307999 2523
stats: connect 94 30.80103577958776 144.12644717606915 1009.149169921875 8.5478515625 12.287973398638773 2523
stats: tr_listen 0 0 0 180066.26000976563 44.3740234375 88477.6390308891 2646
stats: 200 0 197
stats: size_rcv 0 197
stats: newphase 1 14
stats: error_connect_emfile 0 219
stats: size_sent 9588 266934
stats: connected 94 94
stats: error_connect_econnrefused 153 2880
stats: error_abort_max_conn_retries 0 123
# stats: dump at 1402694551
stats: users 556 1152
stats: session 0 0 0 180068.23217773438 46.3662109375 88482.36469829902 2646
stats: users_count 9 3202
stats: finish_users_count 0 2646
stats: request 0 0 0 121018.27490234375 44.07421875 80722.10957307999 2523
stats: page 0 0 0 121018.27490234375 44.07421875 80722.10957307999 2523
stats: connect 219 9.487387182505715 0.5604130563933812 1009.149169921875 8.5478515625 12.952943923594527 2617
stats: tr_listen 0 0 0 180066.26000976563 44.3740234375 88477.6390308891 2646
stats: 200 0 197
stats: size_rcv 0 197
stats: newphase 0 14
stats: error_connect_emfile 0 219
stats: size_sent 22338 289272
stats: connected 219 313
stats: error_connect_econnrefused 0 2880
stats: error_abort_max_conn_retries 0 123
# stats: dump at 1402694561
stats: users 565 1152
stats: session 0 0 0 180068.23217773438 46.3662109375 88482.36469829902 2646
stats: users_count 9 3211
stats: finish_users_count 0 2646
stats: request 0 0 0 121018.27490234375 44.07421875 80722.10957307999 2523
stats: page 0 0 0 121018.27490234375 44.07421875 80722.10957307999 2523
stats: connect 186 9.29432071152554 0.5140306074073817 1009.149169921875 8.5478515625 12.685328646338373 2836
stats: tr_listen 0 0 0 180066.26000976563 44.3740234375 88477.6390308891 2646
stats: 200 0 197
stats: size_rcv 0 197
stats: newphase 0 14
stats: error_connect_emfile 0 219
stats: size_sent 18972 308244
stats: connected 186 499
stats: error_connect_econnrefused 0 2880
stats: error_abort_max_conn_retries 0 123
# stats: dump at 1402694571
stats: users 570 1152
stats: session 0 0 0 180068.23217773438 46.3662109375 88482.36469829902 2646
stats: users_count 5 3216
stats: finish_users_count 0 2646
stats: request 0 0 0 121018.27490234375 44.07421875 80722.10957307999 2523
stats: page 0 0 0 121018.27490234375 44.07421875 80722.10957307999 2523
stats: connect 71 9.263613418794014 0.31468853419275394 1009.149169921875 8.5478515625 12.47661670859013 3022
stats: tr_listen 0 0 0 180066.26000976563 44.3740234375 88477.6390308891 2646
stats: 200 0 197
stats: size_rcv 0 197
stats: newphase 1 15
stats: error_connect_emfile 0 219
stats: size_sent 7242 315486
stats: connected 71 570
stats: error_connect_econnrefused 0 2880
stats: error_abort_max_conn_retries 0 123
# stats: dump at 1402694581
stats: users 581 1152
stats: session 0 0 0 180068.23217773438 46.3662109375 88482.36469829902 2646
stats: users_count 11 3227
stats: finish_users_count 0 2646
stats: request 0 0 0 121018.27490234375 44.07421875 80722.10957307999 2523
stats: page 0 0 0 121018.27490234375 44.07421875 80722.10957307999 2523
stats: connect 10 9.3248779296875 0.21002610867415078 1009.149169921875 8.5478515625 12.402862025895166 3093
stats: tr_listen 0 0 0 180066.26000976563 44.3740234375 88477.6390308891 2646
stats: 200 0 197
stats: size_rcv 0 197
stats: newphase 0 15
stats: error_connect_emfile 0 219
stats: size_sent 1020 316506
stats: connected 10 580
stats: error_connect_econnrefused 0 2880
stats: error_abort_max_conn_retries 0 123
# stats: dump at 1402694591
stats: users 591 1152
stats: session 0 0 0 180068.23217773438 46.3662109375 88482.36469829902 2646
stats: users_count 10 3237
stats: finish_users_count 0 2646
stats: request 0 0 0 121018.27490234375 44.07421875 80722.10957307999 2523
stats: page 0 0 0 121018.27490234375 44.07421875 80722.10957307999 2523
stats: connect 11 9.401344992897727 0.17439579307859118 1009.149169921875 8.5478515625 12.392942644341161 3103
stats: tr_listen 0 0 0 180066.26000976563 44.3740234375 88477.6390308891 2646
stats: 200 0 197
stats: size_rcv 0 197
stats: newphase 0 15
stats: error_connect_emfile 0 219
stats: size_sent 1122 317628
stats: connected 11 591
stats: error_connect_econnrefused 0 2880
stats: error_abort_max_conn_retries 0 123
# stats: dump at 1402694601
stats: users 663 1152
stats: session 0 0 0 180068.23217773438 46.3662109375 88482.36469829902 2646
stats: users_count 72 3309
stats: finish_users_count 0 2646
stats: request 0 0 0 121018.27490234375 44.07421875 80722.10957307999 2523
stats: page 0 0 0 121018.27490234375 44.07421875 80722.10957307999 2523
stats: connect 69 9.4307666723279 0.5311097082700904 1009.149169921875 8.5478515625 12.38237502257948 3114
stats: tr_listen 0 0 0 180066.26000976563 44.3740234375 88477.6390308891 2646
stats: 200 0 197
stats: size_rcv 0 197
stats: newphase 1 16
stats: error_connect_emfile 0 219
stats: size_sent 7038 324666
stats: connected 69 660
stats: error_connect_econnrefused 0 2880
stats: error_abort_max_conn_retries 0 123
# stats: dump at 1402694611
stats: users 764 1152
stats: session 0 0 0 180068.23217773438 46.3662109375 88482.36469829902 2646
stats: users_count 101 3410
stats: finish_users_count 0 2646
stats: request 0 0 0 121018.27490234375 44.07421875 80722.10957307999 2523
stats: page 0 0 0 121018.27490234375 44.07421875 80722.10957307999 2523
stats: connect 100 9.249978027343753 0.43869175458449033 1009.149169921875 8.5478515625 12.318391052687128 3183
stats: tr_listen 0 0 0 180066.26000976563 44.3740234375 88477.6390308891 2646
stats: 200 0 197
stats: size_rcv 0 197
stats: newphase 0 16
stats: error_connect_emfile 0 219
stats: size_sent 10200 334866
stats: connected 100 760
stats: error_connect_econnrefused 0 2880
stats: error_abort_max_conn_retries 0 123
# stats: dump at 1402694621
stats: users 864 1152
stats: session 0 0 0 180068.23217773438 46.3662109375 88482.36469829902 2646
stats: users_count 100 3510
stats: finish_users_count 0 2646
stats: request 0 0 0 121018.27490234375 44.07421875 80722.10957307999 2523
stats: page 0 0 0 121018.27490234375 44.07421875 80722.10957307999 2523
stats: connect 104 18.771855280949516 97.3396207940683 1009.149169921875 8.5478515625 12.224927360169815 3283
stats: tr_listen 0 0 0 180066.26000976563 44.3740234375 88477.6390308891 2646
stats: 200 0 197
stats: size_rcv 0 197
stats: newphase 0 16
stats: error_connect_emfile 0 219
stats: size_sent 10608 345474
stats: connected 104 864
stats: error_connect_econnrefused 0 2880
stats: error_abort_max_conn_retries 0 123
# stats: dump at 1402694631
stats: users 958 1152
stats: session 0 0 0 180068.23217773438 46.3662109375 88482.36469829902 2646
stats: users_count 94 3604
stats: finish_users_count 0 2646
stats: request 0 0 0 121018.27490234375 44.07421875 80722.10957307999 2523
stats: page 0 0 0 121018.27490234375 44.07421875 80722.10957307999 2523
stats: connect 93 9.574155745967742 2.8004444052429087 1009.149169921875 8.5478515625 12.425954966830897 3387
stats: tr_listen 0 0 0 180066.26000976563 44.3740234375 88477.6390308891 2646
stats: 200 0 197
stats: size_rcv 0 197
stats: newphase 0 16
stats: error_connect_emfile 0 219
stats: size_sent 9486 354960
stats: connected 93 957
stats: error_connect_econnrefused 0 2880
stats: error_abort_max_conn_retries 0 123
# stats: dump at 1402694641
stats: users 1045 1152
stats: session 0 0 0 180068.23217773438 46.3662109375 88482.36469829902 2646
stats: users_count 87 3691
stats: finish_users_count 0 2646
stats: request 0 0 0 121018.27490234375 44.07421875 80722.10957307999 2523
stats: page 0 0 0 121018.27490234375 44.07421875 80722.10957307999 2523
stats: connect 54 9.316030996817135 0.34252698221014594 1009.149169921875 8.5478515625 12.349743091100933 3480
stats: tr_listen 0 0 0 180066.26000976563 44.3740234375 88477.6390308891 2646
stats: 200 0 197
stats: size_rcv 0 197
stats: newphase 0 16
stats: error_connect_emfile 33 252
stats: size_sent 5508 360468
stats: connected 54 1011
stats: error_connect_econnrefused 0 2880
stats: error_abort_max_conn_retries 0 123
# stats: dump at 1402694651
stats: users 1165 1165
stats: session 0 0 0 180068.23217773438 46.3662109375 88482.36469829902 2646
stats: users_count 120 3811
stats: finish_users_count 0 2646
stats: request 0 0 0 121018.27490234375 44.07421875 80722.10957307999 2523
stats: page 0 0 0 121018.27490234375 44.07421875 80722.10957307999 2523
stats: connect 0 0 0 1009.149169921875 8.5478515625 12.303387558251096 3534
stats: tr_listen 0 0 0 180066.26000976563 44.3740234375 88477.6390308891 2646
stats: 200 0 197
stats: size_rcv 0 197
stats: newphase 0 16
stats: error_connect_emfile 155 407
stats: size_sent 0 360468
stats: connected 0 1011
stats: error_connect_econnrefused 0 2880
stats: error_abort_max_conn_retries 0 123
# stats: dump at 1402694661
stats: users 152 1190
stats: session 1047 99987.49078678103 55572.8246436545 180068.23217773438 46.3662109375 88482.36469829902 2646
stats: users_count 34 3845
stats: finish_users_count 1047 3693
stats: request 1047 77957.0150427467 36010.903527258146 121018.27490234375 44.07421875 80722.10957307999 2523
stats: page 1047 77957.0150427467 36010.903527258146 121018.27490234375 44.07421875 80722.10957307999 2523
stats: connect 36 11.340589735243055 7.4908901917105 1009.149169921875 8.5478515625 12.303387558251096 3534
stats: tr_listen 1047 99982.59104416629 55572.25048672999 180066.26000976563 44.3740234375 88477.6390308891 2646
stats: 200 43 240
stats: size_rcv 43 240
stats: newphase 1 17
stats: error_connect_emfile 71 478
stats: size_sent 3672 364140
stats: connected -1011 0
stats: error_connect_econnrefused 45 2925
stats: error_abort_max_conn_retries 0 123
# stats: dump at 1402694671
stats: users 159 1190
stats: session 0 0 0 180068.23217773438 46.3662109375 91744.17542525289 3693
stats: users_count 7 3852
stats: finish_users_count 0 3693
stats: request 0 0 0 121018.27490234375 44.07421875 79911.17008477215 3570
stats: page 0 0 0 121018.27490234375 44.07421875 79911.17008477215 3570
stats: connect 0 0 0 1009.149169921875 8.5478515625 12.293678672640931 3570
stats: tr_listen 0 0 0 180066.26000976563 44.3740234375 91739.40040589619 3693
stats: 200 0 240
stats: size_rcv 0 240
stats: newphase 0 17
stats: error_connect_emfile 0 478
stats: size_sent 0 364140
stats: connected 0 0
stats: error_connect_econnrefused 71 2996
stats: error_abort_max_conn_retries 0 123
# stats: dump at 1402694681
stats: users 165 1190
stats: session 0 0 0 180068.23217773438 46.3662109375 91744.17542525289 3693
stats: users_count 6 3858
stats: finish_users_count 0 3693
stats: request 0 0 0 121018.27490234375 44.07421875 79911.17008477215 3570
stats: page 0 0 0 121018.27490234375 44.07421875 79911.17008477215 3570
stats: connect 0 0 0 1009.149169921875 8.5478515625 12.293678672640931 3570
stats: tr_listen 0 0 0 180066.26000976563 44.3740234375 91739.40040589619 3693
stats: 200 0 240
stats: size_rcv 0 240
stats: newphase 0 17
stats: error_connect_emfile 0 478
stats: size_sent 0 364140
stats: connected 0 0
stats: error_connect_econnrefused 101 3097
stats: error_abort_max_conn_retries 0 123
# stats: dump at 1402694691
stats: users 166 1190
stats: session 0 0 0 180068.23217773438 46.3662109375 91744.17542525289 3693
stats: users_count 1 3859
stats: finish_users_count 0 3693
stats: request 0 0 0 121018.27490234375 44.07421875 79911.17008477215 3570
stats: page 0 0 0 121018.27490234375 44.07421875 79911.17008477215 3570
stats: connect 0 0 0 1009.149169921875 8.5478515625 12.293678672640931 3570
stats: tr_listen 0 0 0 180066.26000976563 44.3740234375 91739.40040589619 3693
stats: 200 0 240
stats: size_rcv 0 240
stats: newphase 0 17
stats: error_connect_emfile 0 478
stats: size_sent 0 364140
stats: connected 0 0
stats: error_connect_econnrefused 37 3134
stats: error_abort_max_conn_retries 0 123
# stats: dump at 1402694701
stats: users 133 1190
stats: session 33 60023.74210611979 1.5116952023023402 180068.23217773438 46.3662109375 91744.17542525289 3693
stats: users_count 0 3859
stats: finish_users_count 33 3726
stats: request 0 0 0 121018.27490234375 44.07421875 79911.17008477215 3570
stats: page 0 0 0 121018.27490234375 44.07421875 79911.17008477215 3570
stats: connect 0 0 0 1009.149169921875 8.5478515625 12.293678672640931 3570
stats: tr_listen 31 60021.62459834929 0.8970957053433884 180066.26000976563 44.3740234375 91739.40040589619 3693
stats: 200 0 240
stats: size_rcv 0 240
stats: newphase 0 17
stats: error_connect_emfile 0 478
stats: size_sent 0 364140
stats: connected 0 0
stats: error_connect_econnrefused 39 3173
stats: error_abort_max_conn_retries 31 154
# stats: dump at 1402694711
stats: users 44 1190
stats: session 89 60061.9266700316 179.44722673623278 180068.23217773438 46.3662109375 91463.23761002708 3726
stats: users_count 0 3859
stats: finish_users_count 89 3815
stats: request 0 0 0 121018.27490234375 44.07421875 79911.17008477215 3570
stats: page 0 0 0 121018.27490234375 44.07421875 79911.17008477215 3570
stats: connect 0 0 0 1009.149169921875 8.5478515625 12.293678672640931 3570
stats: tr_listen 87 60060.52897416038 181.4842466258928 180066.26000976563 44.3740234375 91475.36951168728 3724
stats: 200 0 240
stats: size_rcv 0 240
stats: newphase 0 17
stats: error_connect_emfile 0 478
stats: size_sent 0 364140
stats: connected 0 0
stats: error_connect_econnrefused 93 3266
stats: error_abort_max_conn_retries 87 241
# stats: dump at 1402694721
stats: users 16 1190
stats: session 28 60139.26210239955 308.7609494513858 180068.23217773438 46.3662109375 90730.67753829455 3815
stats: users_count 0 3859
stats: finish_users_count 28 3843
stats: request 0 0 0 121018.27490234375 44.07421875 79911.17008477215 3570
stats: page 0 0 0 121018.27490234375 44.07421875 79911.17008477215 3570
stats: connect 1 9.31396484375 0.0 1009.149169921875 8.5478515625 12.293678672640931 3570
stats: tr_listen 32 60124.06670379639 290.96291823135664 180066.26000976563 44.3740234375 90758.21098983873 3811
stats: 200 0 240
stats: size_rcv 0 240
stats: newphase 0 17
stats: error_connect_emfile 0 478
stats: size_sent 102 364242
stats: connected 1 1
stats: error_connect_econnrefused 33 3299
stats: error_abort_max_conn_retries 32 273
# stats: dump at 1402694731
stats: users 16 1190
stats: session 0 0 0 180068.23217773438 46.3662109375 90507.78926553758 3843
stats: users_count 0 3859
stats: finish_users_count 0 3843
stats: request 0 0 0 121018.27490234375 44.07421875 79911.17008477215 3570
stats: page 0 0 0 121018.27490234375 44.07421875 79911.17008477215 3570
stats: connect 8 9.396759033203125 0.18543872441976242 1009.149169921875 8.5478515625 12.292844252638442 3571
stats: tr_listen 0 0 0 180066.26000976563 44.3740234375 90503.12573947356 3843
stats: 200 0 240
stats: size_rcv 0 240
stats: newphase 0 17
stats: error_connect_emfile 0 478
stats: size_sent 816 365058
stats: connected 8 9
stats: error_connect_econnrefused 0 3299
stats: error_abort_max_conn_retries 0 273
# stats: dump at 1402694741
stats: users 16 1190
stats: session 0 0 0 180068.23217773438 46.3662109375 90507.78926553758 3843
stats: users_count 0 3859
stats: finish_users_count 0 3843
stats: request 0 0 0 121018.27490234375 44.07421875 79911.17008477215 3570
stats: page 0 0 0 121018.27490234375 44.07421875 79911.17008477215 3570
stats: connect 6 9.495157877604166 0.20931877485222505 1009.149169921875 8.5478515625 12.286370745581866 3579
stats: tr_listen 0 0 0 180066.26000976563 44.3740234375 90503.12573947356 3843
stats: 200 0 240
stats: size_rcv 0 240
stats: newphase 0 17
stats: error_connect_emfile 0 478
stats: size_sent 612 365670
stats: connected 6 15
stats: error_connect_econnrefused 0 3299
stats: error_abort_max_conn_retries 0 273
# stats: dump at 1402694751
stats: users 16 1190
stats: session 0 0 0 180068.23217773438 46.3662109375 90507.78926553758 3843
stats: users_count 0 3859
stats: finish_users_count 0 3843
stats: request 0 0 0 121018.27490234375 44.07421875 79911.17008477215 3570
stats: page 0 0 0 121018.27490234375 44.07421875 79911.17008477215 3570
stats: connect 1 9.305908203125 0.0 1009.149169921875 8.5478515625 12.281699259610356 3585
stats: tr_listen 0 0 0 180066.26000976563 44.3740234375 90503.12573947356 3843
stats: 200 0 240
stats: size_rcv 0 240
stats: newphase 0 17
stats: error_connect_emfile 0 478
stats: size_sent 102 365772
stats: connected 1 16
stats: error_connect_econnrefused 0 3299
stats: error_abort_max_conn_retries 0 273
# stats: dump at 1402694761
stats: users 16 1190
stats: session 0 0 0 180068.23217773438 46.3662109375 90507.78926553758 3843
stats: users_count 0 3859
stats: finish_users_count 0 3843
stats: request 0 0 0 121018.27490234375 44.07421875 79911.17008477215 3570
stats: page 0 0 0 121018.27490234375 44.07421875 79911.17008477215 3570
stats: connect 0 0 0 1009.149169921875 8.5478515625 12.280869423844464 3586
stats: tr_listen 0 0 0 180066.26000976563 44.3740234375 90503.12573947356 3843
stats: 200 0 240
stats: size_rcv 0 240
stats: newphase 0 17
stats: error_connect_emfile 0 478
stats: size_sent 0 365772
stats: connected 0 16
stats: error_connect_econnrefused 0 3299
stats: error_abort_max_conn_retries 0 273
# stats: dump at 1402694771
stats: users 16 1190
stats: session 0 0 0 180068.23217773438 46.3662109375 90507.78926553758 3843
stats: users_count 0 3859
stats: finish_users_count 0 3843
stats: request 0 0 0 121018.27490234375 44.07421875 79911.17008477215 3570
stats: page 0 0 0 121018.27490234375 44.07421875 79911.17008477215 3570
stats: connect 0 0 0 1009.149169921875 8.5478515625 12.280869423844464 3586
stats: tr_listen 0 0 0 180066.26000976563 44.3740234375 90503.12573947356 3843
stats: 200 0 240
stats: size_rcv 0 240
stats: newphase 0 17
stats: error_connect_emfile 0 478
stats: size_sent 0 365772
stats: connected 0 16
stats: error_connect_econnrefused 0 3299
stats: error_abort_max_conn_retries 0 273
# stats: dump at 1402694781
stats: users 16 1190
stats: session 0 0 0 180068.23217773438 46.3662109375 90507.78926553758 3843
stats: users_count 0 3859
stats: finish_users_count 0 3843
stats: request 0 0 0 121018.27490234375 44.07421875 79911.17008477215 3570
stats: page 0 0 0 121018.27490234375 44.07421875 79911.17008477215 3570
stats: connect 0 0 0 1009.149169921875 8.5478515625 12.280869423844464 3586
stats: tr_listen 0 0 0 180066.26000976563 44.3740234375 90503.12573947356 3843
stats: 200 0 240
stats: size_rcv 0 240
stats: newphase 0 17
stats: error_connect_emfile 0 478
stats: size_sent 0 365772
stats: connected 0 16
stats: error_connect_econnrefused 0 3299
stats: error_abort_max_conn_retries 0 273
# stats: dump at 1402694791
stats: users 16 1190
stats: session 0 0 0 180068.23217773438 46.3662109375 90507.78926553758 3843
stats: users_count 0 3859
stats: finish_users_count 0 3843
stats: request 0 0 0 121018.27490234375 44.07421875 79911.17008477215 3570
stats: page 0 0 0 121018.27490234375 44.07421875 79911.17008477215 3570
stats: connect 0 0 0 1009.149169921875 8.5478515625 12.280869423844464 3586
stats: tr_listen 0 0 0 180066.26000976563 44.3740234375 90503.12573947356 3843
stats: 200 0 240
stats: size_rcv 0 240
stats: newphase 0 17
stats: error_connect_emfile 0 478
stats: size_sent 0 365772
stats: connected 0 16
stats: error_connect_econnrefused 0 3299
stats: error_abort_max_conn_retries 0 273
# stats: dump at 1402694801
stats: users 16 1190
stats: session 0 0 0 180068.23217773438 46.3662109375 90507.78926553758 3843
stats: users_count 0 3859
stats: finish_users_count 0 3843
stats: request 0 0 0 121018.27490234375 44.07421875 79911.17008477215 3570
stats: page 0 0 0 121018.27490234375 44.07421875 79911.17008477215 3570
stats: connect 0 0 0 1009.149169921875 8.5478515625 12.280869423844464 3586
stats: tr_listen 0 0 0 180066.26000976563 44.3740234375 90503.12573947356 3843
stats: 200 0 240
stats: size_rcv 0 240
stats: newphase 0 17
stats: error_connect_emfile 0 478
stats: size_sent 0 365772
stats: connected 0 16
stats: error_connect_econnrefused 0 3299
stats: error_abort_max_conn_retries 0 273
# stats: dump at 1402694811
stats: users 16 1190
stats: session 0 0 0 180068.23217773438 46.3662109375 90507.78926553758 3843
stats: users_count 0 3859
stats: finish_users_count 0 3843
stats: request 0 0 0 121018.27490234375 44.07421875 79911.17008477215 3570
stats: page 0 0 0 121018.27490234375 44.07421875 79911.17008477215 3570
stats: connect 0 0 0 1009.149169921875 8.5478515625 12.280869423844464 3586
stats: tr_listen 0 0 0 180066.26000976563 44.3740234375 90503.12573947356 3843
stats: 200 0 240
stats: size_rcv 0 240
stats: newphase 0 17
stats: error_connect_emfile 0 478
stats: size_sent 0 365772
stats: connected 0 16
stats: error_connect_econnrefused 0 3299
stats: error_abort_max_conn_retries 0 273
# stats: dump at 1402694821
stats: users 16 1190
stats: session 0 0 0 180068.23217773438 46.3662109375 90507.78926553758 3843
stats: users_count 0 3859
stats: finish_users_count 0 3843
stats: request 0 0 0 121018.27490234375 44.07421875 79911.17008477215 3570
stats: page 0 0 0 121018.27490234375 44.07421875 79911.17008477215 3570
stats: connect 0 0 0 1009.149169921875 8.5478515625 12.280869423844464 3586
stats: tr_listen 0 0 0 180066.26000976563 44.3740234375 90503.12573947356 3843
stats: 200 0 240
stats: size_rcv 0 240
stats: newphase 0 17
stats: error_connect_emfile 0 478
stats: size_sent 0 365772
stats: connected 0 16
stats: error_connect_econnrefused 0 3299
stats: error_abort_max_conn_retries 0 273
# stats: dump at 1402694831
stats: users 16 1190
stats: session 0 0 0 180068.23217773438 46.3662109375 90507.78926553758 3843
stats: users_count 0 3859
stats: finish_users_count 0 3843
stats: request 0 0 0 121018.27490234375 44.07421875 79911.17008477215 3570
stats: page 0 0 0 121018.27490234375 44.07421875 79911.17008477215 3570
stats: connect 0 0 0 1009.149169921875 8.5478515625 12.280869423844464 3586
stats: tr_listen 0 0 0 180066.26000976563 44.3740234375 90503.12573947356 3843
stats: 200 0 240
stats: size_rcv 0 240
stats: newphase 0 17
stats: error_connect_emfile 0 478
stats: size_sent 0 365772
stats: connected 0 16
stats: error_connect_econnrefused 0 3299
stats: error_abort_max_conn_retries 0 273
# stats: dump at 1402694841
stats: users 14 1190
stats: session 2 180069.86755371094 12.8814697265625 180082.7490234375 46.3662109375 90507.78926553758 3843
stats: users_count 0 3859
stats: finish_users_count 2 3845
stats: request 2 120037.26196289063 12.364013671875 121018.27490234375 44.07421875 79911.17008477215 3570
stats: page 2 120037.26196289063 12.364013671875 121018.27490234375 44.07421875 79911.17008477215 3570
stats: connect 0 0 0 1009.149169921875 8.5478515625 12.280869423844464 3586
stats: tr_listen 2 180067.98986816406 12.8709716796875 180080.86083984375 44.3740234375 90503.12573947356 3843
stats: 200 0 240
stats: size_rcv 0 240
stats: newphase 0 17
stats: error_connect_emfile 0 478
stats: size_sent 0 365772
stats: connected -2 14
stats: error_connect_econnrefused 0 3299
stats: error_abort_max_conn_retries 0 273
# stats: dump at 1402694851
stats: users 7 1190
stats: session 7 180056.08084542412 5.798973118655573 180082.7490234375 46.3662109375 90554.37552212439 3845
stats: users_count 0 3859
stats: finish_users_count 7 3852
stats: request 7 120023.98664202009 5.79187626808011 121018.27490234375 44.07421875 79933.63710150123 3572
stats: page 7 120023.98664202009 5.79187626808011 121018.27490234375 44.07421875 79933.63710150123 3572
stats: connect 0 0 0 1009.149169921875 8.5478515625 12.280869423844464 3586
stats: tr_listen 7 180054.17365373884 5.822759094278121 180080.86083984375 44.3740234375 90549.71344513218 3845
stats: 200 0 240
stats: size_rcv 0 240
stats: newphase 0 17
stats: error_connect_emfile 0 478
stats: size_sent 0 365772
stats: connected -7 7
stats: error_connect_econnrefused 0 3299
stats: error_abort_max_conn_retries 0 273
# stats: dump at 1402694861
stats: users 1 1190
stats: session 6 180053.4990234375 2.162216528466979 180082.7490234375 46.3662109375 90717.02140407223 3852
stats: users_count 0 3859
stats: finish_users_count 6 3858
stats: request 6 120021.22277832031 2.208548162389504 121018.27490234375 44.07421875 80012.04795558998 3579
stats: page 6 120021.22277832031 2.208548162389504 121018.27490234375 44.07421875 80012.04795558998 3579
stats: connect 0 0 0 1009.149169921875 8.5478515625 12.280869423844464 3586
stats: tr_listen 6 180051.58451334634 2.155288377816554 180080.86083984375 44.3740234375 90712.36433336172 3852
stats: 200 0 240
stats: size_rcv 0 240
stats: newphase 0 17
stats: error_connect_emfile 0 478
stats: size_sent 0 365772
stats: connected -6 1
stats: error_connect_econnrefused 0 3299
stats: error_abort_max_conn_retries 0 273
# stats: dump at 1402694869
stats: users 0 1190
stats: session 1 180054.6279296875 0.0 180082.7490234375 46.3662109375 90855.95838326255 3858
stats: users_count 0 3859
stats: finish_users_count 1 3859
stats: request 1 120021.26708984375 0.0 121018.27490234375 44.07421875 80079.00891763638 3585
stats: page 1 120021.26708984375 0.0 121018.27490234375 44.07421875 80079.00891763638 3585
stats: connect 0 0 0 1009.149169921875 8.5478515625 12.280869423844464 3586
stats: tr_listen 1 180052.70581054688 0.0 180080.86083984375 44.3740234375 90851.3055778096 3858
stats: 200 0 240
stats: size_rcv 0 240
stats: newphase 0 17
stats: error_connect_emfile 0 478
stats: size_sent 0 365772
stats: connected -1 0
stats: error_connect_econnrefused 0 3299
stats: error_abort_max_conn_retries 0 273
EndMonitor:{1402,694869,414253}
