# stats: dump at 1402686249
stats: users 0 1
stats: session 10 38.040380859375 9.817621814592778 66.68212890625 32.029052734375 0 0
stats: users_count 10 10
stats: finish_users_count 10 10
stats: page 10 35.025830078125 9.86797291992138 64.362060546875 29.671875 0 0
stats: request 10 35.025830078125 9.86797291992138 64.362060546875 29.671875 0 0
stats: connect 10 14.919775390625 0.627348627852957 15.8349609375 13.73193359375 0 0
stats: size_rcv 2100 2100
stats: tr_send 10 36.0078857421875 9.798655772496394 64.64404296875 29.965087890625 0 0
stats: size_sent 1910 1910
stats: connected 0 0
stats: 400 10 10
# stats: dump at 1402686259
stats: users 1 1
stats: {freemem,"os_mon@localhost"} 1 6131.12890625 0 6131.12890625 6131.12890625 0 0
stats: {cpu,"os_mon@localhost"} 1 2.6837220968146474 0 2.6837220968146474 2.6837220968146474 0 0
stats: {load,"os_mon@localhost"} 1 0.0390625 0 0.0390625 0.0390625 0 0
stats: session 11 34.7099609375 3.363290202906553 66.68212890625 30.97802734375 38.040380859375 10
stats: users_count 12 22
stats: finish_users_count 11 21
stats: request 11 32.42072088068182 3.3430815008064045 64.362060546875 28.653076171875 35.025830078125 10
stats: page 11 32.42072088068182 3.3430815008064045 64.362060546875 28.653076171875 35.025830078125 10
stats: connect 11 15.554066051136363 2.964532938664108 24.6201171875 13.613037109375 14.919775390625 10
stats: tr_send 11 32.69355912642045 3.3586220005312466 64.64404296875 28.93798828125 36.0078857421875 10
stats: size_rcv 2310 4410
stats: size_sent 2101 4011
stats: connected 0 0
stats: 400 11 21
# stats: dump at 1402686269
stats: users 0 1
stats: {freemem,"os_mon@localhost"} 1 6131.5390625 0.0 6131.5390625 6131.12890625 6131.12890625 1
stats: {recvpackets,"os_mon@localhost"} 1 1984 0 1984 1984 0 0
stats: {sentpackets,"os_mon@localhost"} 1 941 0 941 941 0 0
stats: {cpu,"os_mon@localhost"} 1 4.126031507876969 0.0 4.126031507876969 2.6837220968146474 2.6837220968146474 1
stats: {load,"os_mon@localhost"} 1 0.03125 0.0 0.0390625 0.03125 0.0390625 1
stats: session 5 33.7587890625 2.8869026424903934 66.68212890625 30.97802734375 36.295875186011905 21
stats: users_count 4 26
stats: finish_users_count 5 26
stats: request 5 31.441796875 2.9473762247759363 64.362060546875 28.653076171875 33.661249069940474 21
stats: page 5 31.441796875 2.9473762247759363 64.362060546875 28.653076171875 33.661249069940474 21
stats: size_rcv 1050 5460
stats: connect 5 14.5998046875 0.5672555047243489 24.6201171875 13.613037109375 15.252022879464286 21
stats: tr_send 5 31.7212890625 2.938979095459921 64.64404296875 28.93798828125 34.271809895833336 21
stats: size_sent 955 4966
stats: connected 0 0
stats: 400 5 26
# stats: dump at 1402686279
stats: users 0 4
stats: {freemem,"os_mon@localhost"} 1 6148.3046875 0.0 6148.3046875 6131.12890625 6131.333984375 2
stats: {recvpackets,"os_mon@localhost"} 1 1913.0 0.0 1984 1913 1984.0 1
stats: {sentpackets,"os_mon@localhost"} 1 883.0 0.0 941 883 941.0 1
stats: {cpu,"os_mon@localhost"} 1 4.31943746860874 0.0 4.31943746860874 2.6837220968146474 3.4048768023458083 2
stats: {load,"os_mon@localhost"} 1 0.03125 0.0 0.0390625 0.03125 0.03515625 2
stats: session 80 33.26321411132814 2.547506849737559 66.68212890625 29.779052734375 35.80797400841346 26
stats: users_count 80 106
stats: finish_users_count 80 106
stats: request 77 30.977364676339285 2.5325427840018606 64.362060546875 28.01708984375 33.23443134014423 26
stats: connect 77 15.129866959212663 1.6513118113190073 24.6201171875 13.572021484375 15.126596304086538 26
stats: tr_send 77 31.28347263088474 2.5417190128804013 64.64404296875 28.302001953125 33.78132512019231 26
stats: page 77 30.977364676339285 2.5325427840018606 64.362060546875 28.01708984375 33.23443134014423 26
stats: size_rcv 16170 21630
stats: newphase 1 1
stats: size_sent 14707 19673
stats: connected 0 0
stats: 400 77 103
# stats: dump at 1402686289
stats: users 0 4
stats: {freemem,"os_mon@localhost"} 1 6191.7890625 0.0 6191.7890625 6131.12890625 6136.990885416667 3
stats: {recvpackets,"os_mon@localhost"} 1 2302.0 0.0 2302 1913 1948.5 2
stats: {sentpackets,"os_mon@localhost"} 1 1416.0 0.0 1416 883 912.0 2
stats: {cpu,"os_mon@localhost"} 1 4.707955689828801 0.0 4.707955689828801 2.6837220968146474 3.7097303577667855 3
stats: {load,"os_mon@localhost"} 1 0.01953125 0.0 0.0390625 0.01953125 0.033854166666666664 3
stats: session 101 34.71131217125619 22.03007344596842 253.85400390625 29.4541015625 33.88740050117925 106
stats: users_count 101 207
stats: finish_users_count 101 207
stats: request 100 32.39213378906251 22.139090039420466 251.52392578125 27.4111328125 31.54710965943568 103
stats: page 100 32.39213378906251 22.139090039420466 251.52392578125 27.4111328125 31.54710965943568 103
stats: tr_send 100 32.676245117187484 22.139103963545082 251.80712890625 27.69091796875 31.913998501972088 103
stats: connect 100 14.6057666015625 1.0881887932449235 24.6201171875 13.27099609375 15.129041356947816 103
stats: size_rcv 21000 42630
stats: newphase 0 1
stats: size_sent 19100 38773
stats: connected 0 0
stats: 400 100 203
# stats: dump at 1402686299
stats: users 0 4
stats: {freemem,"os_mon@localhost"} 1 6138.48828125 0.0 6191.7890625 6131.12890625 6150.6904296875 4
stats: {recvpackets,"os_mon@localhost"} 1 2533.0 0.0 2533 1913 2066.3333333333335 3
stats: {sentpackets,"os_mon@localhost"} 1 1662.0 0.0 1662 883 1080.0 3
stats: {cpu,"os_mon@localhost"} 1 10.917361637604246 0.0 10.917361637604246 2.6837220968146474 3.9592866907822897 4
stats: {load,"os_mon@localhost"} 1 0.01953125 0.0 0.0390625 0.01953125 0.0302734375 4
stats: session 112 32.93568856375558 2.513138905340129 253.85400390625 29.4541015625 34.28940571218297 207
stats: users_count 112 319
stats: finish_users_count 112 319
stats: request 115 30.670779551630435 2.490369520623908 251.52392578125 27.4111328125 31.963377703586833 203
stats: page 115 30.670779551630435 2.490369520623908 251.52392578125 27.4111328125 31.963377703586833 203
stats: connect 115 14.87099609375 1.5002177753477917 24.6201171875 13.140869140625 14.87127054148707 203
stats: tr_send 115 30.95180027173913 2.49164641644089 251.80712890625 27.69091796875 32.28948944542795 203
stats: size_rcv 24150 66780
stats: newphase 0 1
stats: size_sent 21965 60738
stats: connected 0 0
stats: 400 115 318
# stats: dump at 1402686309
stats: users 0 4
stats: {freemem,"os_mon@localhost"} 1 6145.59375 0.0 6191.7890625 6131.12890625 6148.25 5
stats: {recvpackets,"os_mon@localhost"} 1 2605.0 0.0 2605 1913 2183.0 4
stats: {sentpackets,"os_mon@localhost"} 1 1714.0 0.0 1714 883 1225.5 4
stats: {cpu,"os_mon@localhost"} 1 12.267002518891687 0.0 12.267002518891687 2.6837220968146474 5.3509016801466815 5
stats: {load,"os_mon@localhost"} 1 0.08984375 0.0 0.08984375 0.01953125 0.028125 5
stats: session 90 33.92393663194444 6.623171940503177 253.85400390625 29.4541015625 33.8141194406348 319
stats: users_count 90 409
stats: finish_users_count 90 409
stats: request 86 31.691096815952037 6.744966007619527 251.52392578125 27.4111328125 31.495928686369897 318
stats: page 86 31.691096815952037 6.744966007619527 251.52392578125 27.4111328125 31.495928686369897 318
stats: connect 86 15.140917400981104 2.2720505766554 27.0859375 13.140869140625 14.87117129151926 318
stats: tr_send 86 31.97132199309593 6.753371994203804 251.80712890625 27.69091796875 31.80573392664111 318
stats: size_rcv 18060 84840
stats: newphase 0 1
stats: size_sent 16426 77164
stats: connected 0 0
stats: 400 86 404
# stats: dump at 1402686319
stats: users 0 4
stats: {freemem,"os_mon@localhost"} 1 6130.28125 0.0 6191.7890625 6130.28125 6147.807291666667 6
stats: {recvpackets,"os_mon@localhost"} 1 2381.0 0.0 2605 1913 2267.4 5
stats: {sentpackets,"os_mon@localhost"} 1 1492.0 0.0 1714 883 1323.2 5
stats: {cpu,"os_mon@localhost"} 1 8.366935483870968 0.0 12.267002518891687 2.6837220968146474 6.503585153270849 6
stats: {load,"os_mon@localhost"} 1 0.16015625 0.0 0.16015625 0.01953125 0.038411458333333336 6
stats: session 90 33.66729600694445 3.874890906550273 253.85400390625 29.4541015625 33.83828459275672 409
stats: users_count 90 499
stats: finish_users_count 90 499
stats: request 90 31.343435329861116 3.8709192792476497 251.52392578125 27.4111328125 31.53747437732055 404
stats: page 90 31.343435329861116 3.8709192792476497 251.52392578125 27.4111328125 31.53747437732055 404
stats: connect 90 14.914350043402777 1.7152620731051809 27.0859375 13.140869140625 14.928592493038366 404
stats: tr_send 90 31.621554904513893 3.860221139651046 251.80712890625 27.69091796875 31.840982871480502 404
stats: size_rcv 18900 103740
stats: newphase 0 1
stats: size_sent 17190 94354
stats: connected 0 0
stats: 400 90 494
# stats: dump at 1402686329
stats: users 2 4
stats: {freemem,"os_mon@localhost"} 1 6130.43359375 0.0 6191.7890625 6130.28125 6145.303571428572 7
stats: {recvpackets,"os_mon@localhost"} 1 2335.0 0.0 2605 1913 2286.3333333333335 6
stats: {sentpackets,"os_mon@localhost"} 1 1447.0 0.0 1714 883 1351.3333333333333 6
stats: {cpu,"os_mon@localhost"} 1 10.204081632653061 0.0 12.267002518891687 2.6837220968146474 6.769778057642294 7
stats: {load,"os_mon@localhost"} 1 0.12890625 0.0 0.16015625 0.01953125 0.05580357142857143 7
stats: session 95 33.36048005756578 3.3325427557046647 253.85400390625 29.23583984375 33.80744496806112 499
stats: users_count 97 596
stats: finish_users_count 95 594
stats: request 97 31.061125765141753 3.286677193657499 251.52392578125 27.22802734375 31.50212313385628 494
stats: page 97 31.061125765141753 3.286677193657499 251.52392578125 27.22802734375 31.50212313385628 494
stats: connect 97 14.955777826997423 1.5147926398199907 27.0859375 13.043212890625 14.925997714764677 494
stats: tr_send 97 31.35247110583117 3.2964570837881864 251.80712890625 27.458984375 31.801006116365127 494
stats: size_rcv 20370 124110
stats: newphase 0 1
stats: size_sent 18527 112881
stats: connected 0 0
stats: 400 97 591
# stats: dump at 1402686339
stats: users 0 4
stats: {freemem,"os_mon@localhost"} 1 6130.97265625 0.0 6191.7890625 6130.28125 6143.44482421875 8
stats: {recvpackets,"os_mon@localhost"} 1 2353.0 0.0 2605 1913 2293.285714285714 7
stats: {sentpackets,"os_mon@localhost"} 1 1513.0 0.0 1714 883 1365.0 7
stats: {cpu,"os_mon@localhost"} 1 4.886649874055415 0.0 12.267002518891687 2.6837220968146474 7.19906600451864 8
stats: {load,"os_mon@localhost"} 1 0.109375 0.0 0.16015625 0.01953125 0.06494140625 8
stats: session 35 33.06810825892858 1.7980554202858303 253.85400390625 29.23583984375 33.73596068102904 594
stats: users_count 33 629
stats: finish_users_count 35 629
stats: request 38 30.66212222450658 1.7358143839624345 251.52392578125 27.22802734375 31.429742855065566 591
stats: page 38 30.66212222450658 1.7358143839624345 251.52392578125 27.22802734375 31.429742855065566 591
stats: connect 38 15.050948293585526 1.2159299400447399 27.0859375 13.043212890625 14.930885482762267 591
stats: tr_send 38 30.97214869449013 1.739733470841555 251.80712890625 27.458984375 31.727388695008454 591
stats: size_rcv 7980 132090
stats: newphase 1 2
stats: size_sent 7258 120139
stats: connected 0 0
stats: 400 38 629
# stats: dump at 1402686349
stats: users 0 4
stats: {freemem,"os_mon@localhost"} 1 6130.33984375 0.0 6191.7890625 6130.28125 6142.059027777777 9
stats: {recvpackets,"os_mon@localhost"} 1 1859.0 0.0 2605 1859 2300.75 8
stats: {sentpackets,"os_mon@localhost"} 1 923.0 0.0 1714 883 1383.5 8
stats: {cpu,"os_mon@localhost"} 1 2.1196063588190763 0.0 12.267002518891687 2.1196063588190763 6.942130878911615 9
stats: {load,"os_mon@localhost"} 1 0.1796875 0.0 0.1796875 0.01953125 0.06987847222222222 9
stats: session 18 32.88225640190972 2.13223631253154 253.85400390625 29.23583984375 33.69879878154809 629
stats: users_count 18 647
stats: finish_users_count 18 647
stats: request 18 30.568983289930557 2.1122702759300447 251.52392578125 27.22802734375 31.383368317766294 629
stats: page 18 30.568983289930557 2.1122702759300447 251.52392578125 27.22802734375 31.383368317766294 629
stats: connect 18 14.795152452256945 1.2075061199284076 27.0859375 13.043212890625 14.93813887991852 629
stats: tr_send 18 30.866292317708332 2.114249123155819 251.80712890625 27.458984375 31.681762113101147 629
stats: size_rcv 3780 135870
stats: newphase 0 2
stats: size_sent 3438 123577
stats: connected 0 0
stats: 400 18 647
# stats: dump at 1402686359
stats: users 0 4
stats: {freemem,"os_mon@localhost"} 1 6150.34375 0.0 6191.7890625 6130.28125 6140.887109375 10
stats: {recvpackets,"os_mon@localhost"} 1 1988.0 0.0 2605 1859 2251.6666666666665 9
stats: {sentpackets,"os_mon@localhost"} 1 1023.0 0.0 1714 883 1332.3333333333333 9
stats: {cpu,"os_mon@localhost"} 1 2.5176233635448138 0.0 12.267002518891687 2.1196063588190763 6.459878426902361 10
stats: {load,"os_mon@localhost"} 1 0.1484375 0.0 0.1796875 0.01953125 0.080859375 10
stats: session 5 32.20537109375 0.9504942486672778 253.85400390625 29.23583984375 33.676081992006374 647
stats: users_count 5 652
stats: finish_users_count 5 652
stats: request 5 29.86181640625 0.9799861252055553 251.52392578125 27.22802734375 31.36071154728555 647
stats: page 5 29.86181640625 0.9799861252055553 251.52392578125 27.22802734375 31.36071154728555 647
stats: connect 5 14.4755859375 0.5673572843130238 27.0859375 13.043212890625 14.934160895841384 647
stats: tr_send 5 30.1615234375 0.9632494349612917 251.80712890625 27.458984375 31.65907516361572 647
stats: size_rcv 1050 136920
stats: newphase 0 2
stats: size_sent 955 124532
stats: connected 0 0
stats: 400 5 652
# stats: dump at 1402686369
stats: users 0 4
stats: {freemem,"os_mon@localhost"} 1 6149.98046875 0.0 6191.7890625 6130.28125 6141.746803977273 11
stats: {recvpackets,"os_mon@localhost"} 1 1888.0 0.0 2605 1859 2225.3 10
stats: {sentpackets,"os_mon@localhost"} 1 857.0 0.0 1714 857 1301.4 10
stats: {cpu,"os_mon@localhost"} 1 2.169525731584258 0.0 12.267002518891687 2.1196063588190763 6.101491602960766 11
stats: {load,"os_mon@localhost"} 1 0.12890625 0.0 0.1796875 0.01953125 0.08700284090909091 11
stats: session 9 35.718180338541664 6.177235299653968 253.85400390625 29.23583984375 33.66480353419766 652
stats: users_count 9 661
stats: finish_users_count 9 661
stats: request 8 33.633880615234375 6.5435065432057975 251.52392578125 27.22802734375 31.349216952645705 652
stats: page 8 33.633880615234375 6.5435065432057975 251.52392578125 27.22802734375 31.349216952645705 652
stats: connect 8 17.635101318359375 6.069906699778861 33.51806640625 13.043212890625 14.930644216712999 652
stats: tr_send 8 33.9190673828125 6.529128750009562 251.80712890625 27.458984375 31.647590871237533 652
stats: size_rcv 1680 138600
stats: newphase 1 3
stats: size_sent 1528 126060
stats: connected 0 0
stats: 400 8 660
# stats: dump at 1402686379
stats: users 0 4
stats: {freemem,"os_mon@localhost"} 1 6163.265625 0.0 6191.7890625 6130.28125 6142.432942708333 12
stats: {recvpackets,"os_mon@localhost"} 1 1984.0 0.0 2605 1859 2194.6363636363635 11
stats: {sentpackets,"os_mon@localhost"} 1 917.0 0.0 1714 857 1261.0 11
stats: {cpu,"os_mon@localhost"} 1 2.1415973796926178 0.0 12.267002518891687 2.1196063588190763 5.773827780346057 12
stats: {load,"os_mon@localhost"} 1 0.109375 0.0 0.1796875 0.01953125 0.09049479166666667 12
stats: session 3 31.768310546875 0.7127401393412112 253.85400390625 29.23583984375 33.692761766026855 661
stats: users_count 3 664
stats: finish_users_count 3 664
stats: request 4 30.00848388671875 1.1819738044445125 251.52392578125 27.22802734375 31.376909845525567 660
stats: page 4 30.00848388671875 1.1819738044445125 251.52392578125 27.22802734375 31.376909845525567 660
stats: connect 4 14.4263916015625 0.6316320570893672 33.51806640625 13.043212890625 14.963425514914773 660
stats: tr_send 4 30.309326171875 1.170345490809335 251.80712890625 27.458984375 31.675123919862685 660
stats: size_rcv 840 139440
stats: newphase 0 3
stats: size_sent 764 126824
stats: connected 0 0
stats: 400 4 664
# stats: dump at 1402686389
stats: users 0 4
stats: {freemem,"os_mon@localhost"} 1 6165.90625 0.0 6191.7890625 6130.28125 6144.0354567307695 13
stats: {recvpackets,"os_mon@localhost"} 1 1915.0 0.0 2605 1859 2177.0833333333335 12
stats: {sentpackets,"os_mon@localhost"} 1 900.0 0.0 1714 857 1232.3333333333333 12
stats: {cpu,"os_mon@localhost"} 1 2.0906801007556677 0.0 12.267002518891687 2.0906801007556677 5.494425441834253 13
stats: {load,"os_mon@localhost"} 1 0.16015625 0.0 0.1796875 0.01953125 0.09194711538461539 13
stats: session 7 34.783900669642854 2.0806214488031194 253.85400390625 29.23583984375 33.68406695630177 664
stats: users_count 7 671
stats: finish_users_count 7 671
stats: request 7 32.424386160714285 1.9822772009991962 251.52392578125 27.22802734375 31.36866631565324 664
stats: page 7 32.424386160714285 1.9822772009991962 251.52392578125 27.22802734375 31.36866631565324 664
stats: connect 7 15.850760323660714 1.5262647654664248 33.51806640625 13.043212890625 14.960190370858435 664
stats: tr_send 7 32.762451171875 2.058131740281506 251.80712890625 27.458984375 31.66689622258565 664
stats: size_rcv 1470 140910
stats: newphase 0 3
stats: size_sent 1337 128161
stats: connected 0 0
stats: 400 7 671
# stats: dump at 1402686399
stats: users 1 4
stats: {freemem,"os_mon@localhost"} 1 6165.80859375 0.0 6191.7890625 6130.28125 6145.59765625 14
stats: {recvpackets,"os_mon@localhost"} 1 1960.0 0.0 2605 1859 2156.923076923077 13
stats: {sentpackets,"os_mon@localhost"} 1 948.0 0.0 1714 857 1206.7692307692307 13
stats: {cpu,"os_mon@localhost"} 1 2.068095838587642 0.0 12.267002518891687 2.068095838587642 5.2513007746143545 14
stats: {load,"os_mon@localhost"} 1 0.2109375 0.0 0.2109375 0.01953125 0.09681919642857142 14
stats: session 71 38.61892399317782 8.880894080307844 253.85400390625 29.23583984375 33.69554063140369 671
stats: users_count 72 743
stats: finish_users_count 71 742
stats: request 70 36.358740234375 8.924446859101828 251.52392578125 27.22802734375 31.379679786466095 671
stats: page 70 36.358740234375 8.924446859101828 251.52392578125 27.22802734375 31.379679786466095 671
stats: connect 70 16.96633998325893 5.934170443344785 47.044921875 13.043212890625 14.969480966491245 671
stats: tr_send 70 36.65697893415179 8.93240344965102 251.80712890625 27.458984375 31.678325260804762 671
stats: size_rcv 14700 155610
stats: newphase 1 4
stats: size_sent 13370 141531
stats: connected 0 0
stats: 400 70 741
# stats: dump at 1402686409
stats: users 0 4
stats: {freemem,"os_mon@localhost"} 1 6167.2578125 0.0 6191.7890625 6130.28125 6146.945052083333 15
stats: {recvpackets,"os_mon@localhost"} 1 2238.0 0.0 2605 1859 2142.857142857143 14
stats: {sentpackets,"os_mon@localhost"} 1 1339.0 0.0 1714 857 1188.2857142857142 14
stats: {cpu,"os_mon@localhost"} 1 2.7966742252456536 0.0 12.267002518891687 2.068095838587642 5.039087112212573 15
stats: {load,"os_mon@localhost"} 1 0.1796875 0.0 0.2109375 0.01953125 0.10442708333333334 15
stats: session 97 35.66247684439431 7.748434388415036 253.85400390625 29.23583984375 34.1666460474225 742
stats: users_count 96 839
stats: finish_users_count 97 839
stats: request 98 33.31499870455995 7.715814787773512 251.52392578125 27.22802734375 31.850036373987855 741
stats: page 98 33.31499870455995 7.715814787773512 251.52392578125 27.22802734375 31.850036373987855 741
stats: connect 98 15.366621990593112 4.16992102882694 53.721923828125 13.043212890625 15.158118120571862 741
stats: tr_send 98 33.613861706792136 7.712419834041083 251.80712890625 27.458984375 32.148643421579784 741
stats: size_rcv 20580 176190
stats: newphase 0 4
stats: size_sent 18718 160249
stats: connected 0 0
stats: 400 98 839
# stats: dump at 1402686419
stats: users 1 4
stats: {freemem,"os_mon@localhost"} 1 6164.66796875 0.0 6191.7890625 6130.28125 6148.214599609375 16
stats: {recvpackets,"os_mon@localhost"} 1 2296.0 0.0 2605 1859 2149.2000000000003 15
stats: {sentpackets,"os_mon@localhost"} 1 1462.0 0.0 1714 857 1198.3333333333333 15
stats: {cpu,"os_mon@localhost"} 1 4.27243025885901 0.0 12.267002518891687 2.068095838587642 4.8989363067771405 16
stats: {load,"os_mon@localhost"} 1 0.1484375 0.0 0.2109375 0.01953125 0.109130859375 16
stats: session 102 34.90594602098651 7.158236422939669 253.85400390625 29.23583984375 34.33958476888408 839
stats: users_count 103 942
stats: finish_users_count 102 941
stats: request 101 32.62362701113862 7.1914369294919345 251.52392578125 27.22802734375 32.0211523553896 839
stats: page 101 32.62362701113862 7.1914369294919345 251.52392578125 27.22802734375 32.0211523553896 839
stats: connect 101 16.13917224241955 6.366453442028702 55.370849609375 13.043212890625 15.182472565461115 839
stats: tr_send 101 32.91718556621285 7.191012522509082 251.80712890625 27.458984375 32.31978929994786 839
stats: size_rcv 21210 197400
stats: newphase 0 4
stats: size_sent 19291 179540
stats: connected 0 0
stats: 400 101 940
# stats: dump at 1402686429
stats: users 0 4
stats: {freemem,"os_mon@localhost"} 1 6164.7109375 0.0 6191.7890625 6130.28125 6149.182444852941 17
stats: {recvpackets,"os_mon@localhost"} 1 2357.0 0.0 2605 1859 2158.375 16
stats: {sentpackets,"os_mon@localhost"} 1 1495.0 0.0 1714 857 1214.8125 16
stats: {cpu,"os_mon@localhost"} 1 2.893809763462506 0.0 12.267002518891687 2.068095838587642 4.86208300984078 17
stats: {load,"os_mon@localhost"} 1 0.12890625 0.0 0.2109375 0.01953125 0.11144301470588236 17
stats: session 95 43.55347707648027 101.9746113062955 1031.76708984375 29.23583984375 34.40097568037659 941
stats: users_count 94 1036
stats: finish_users_count 95 1036
stats: request 96 41.11405181884764 101.448876460641 1029.447998046875 27.22802734375 32.085886334358385 940
stats: page 96 41.11405181884764 101.448876460641 1029.447998046875 27.22802734375 32.085886334358385 940
stats: connect 96 25.311264038085938 101.36109017408653 1013.135986328125 13.043212890625 15.285266892453457 940
stats: tr_send 96 41.41397094726562 101.44784528192984 1029.735107421875 27.458984375 32.3839776221742 940
stats: size_rcv 20160 217560
stats: newphase 0 4
stats: size_sent 18336 197876
stats: connected 0 0
stats: 400 96 1036
# stats: dump at 1402686439
stats: users 0 4
stats: {freemem,"os_mon@localhost"} 1 6165.96484375 0.0 6191.7890625 6130.28125 6150.045138888889 18
stats: {recvpackets,"os_mon@localhost"} 1 2268.0 0.0 2605 1859 2170.0588235294117 17
stats: {sentpackets,"os_mon@localhost"} 1 1432.0 0.0 1714 857 1231.2941176470588 17
stats: {cpu,"os_mon@localhost"} 1 3.0614805520702637 0.0 12.267002518891687 2.068095838587642 4.7527344961530975 18
stats: {load,"os_mon@localhost"} 1 0.109375 0.0 0.2109375 0.01953125 0.11241319444444445 18
stats: session 105 33.49469168526788 3.407504704159092 1031.76708984375 29.23583984375 35.24024945704633 1036
stats: users_count 105 1141
stats: finish_users_count 105 1141
stats: request 105 31.171028645833335 3.4087927034393353 1029.447998046875 27.22802734375 32.92247309739986 1036
stats: page 105 31.171028645833335 3.4087927034393353 1029.447998046875 27.22802734375 32.92247309739986 1036
stats: connect 105 15.000420851934523 1.8310547716689087 1013.135986328125 13.043212890625 16.214316821006275 1036
stats: tr_send 105 31.471444847470238 3.407559767875484 1029.735107421875 27.458984375 33.2207337604066 1036
stats: size_rcv 22050 239610
stats: newphase 0 4
stats: size_sent 20055 217931
stats: connected 0 0
stats: 400 105 1141
# stats: dump at 1402686449
stats: users 1 7
stats: {freemem,"os_mon@localhost"} 1 6167.34765625 0.0 6191.7890625 6130.28125 6150.883018092105 19
stats: {recvpackets,"os_mon@localhost"} 1 2373.0 0.0 2605 1859 2175.5 18
stats: {sentpackets,"os_mon@localhost"} 1 1522.0 0.0 1714 857 1242.4444444444443 18
stats: {cpu,"os_mon@localhost"} 1 2.8261418117587684 0.0 12.267002518891687 2.068095838587642 4.663721130675054 19
stats: {load,"os_mon@localhost"} 1 0.08984375 0.0 0.2109375 0.01953125 0.11225328947368421 19
stats: session 97 45.79809318621135 103.11020841251904 1031.76708984375 29.23583984375 35.07961530626917 1141
stats: users_count 98 1239
stats: finish_users_count 97 1238
stats: request 95 43.72991108141447 104.18146289447311 1029.447998046875 27.22802734375 32.7612972276238 1141
stats: page 95 43.72991108141447 104.18146289447311 1029.447998046875 27.22802734375 32.7612972276238 1141
stats: connect 95 25.62487921463816 101.57308923117469 1013.135986328125 13.043212890625 16.102608602993538 1141
stats: tr_send 95 44.056034128289454 104.17726672141649 1029.735107421875 27.458984375 33.059756253081176 1141
stats: size_rcv 19950 259560
stats: newphase 0 4
stats: size_sent 18145 236076
stats: connected 0 0
stats: 400 95 1236
# stats: dump at 1402686459
stats: users 0 7
stats: {freemem,"os_mon@localhost"} 1 6157.26953125 0.0 6191.7890625 6130.28125 6151.70625 20
stats: {recvpackets,"os_mon@localhost"} 1 2304.0 0.0 2605 1859 2185.8947368421054 19
stats: {sentpackets,"os_mon@localhost"} 1 1468.0 0.0 1714 857 1257.157894736842 19
stats: {cpu,"os_mon@localhost"} 1 3.147029204431017 0.0 12.267002518891687 2.068095838587642 4.571842164729239 20
stats: {load,"os_mon@localhost"} 1 0.0703125 0.0 0.2109375 0.01953125 0.1111328125 20
stats: session 35 32.663469587053584 1.8422348690154728 1031.76708984375 29.23583984375 35.919431424487584 1238
stats: users_count 34 1273
stats: finish_users_count 35 1273
stats: request 37 30.3574878589527 1.8153811187644229 1029.447998046875 27.22802734375 33.60435411768053 1236
stats: page 37 30.3574878589527 1.8153811187644229 1029.447998046875 27.22802734375 33.60435411768053 1236
stats: connect 37 14.78295238597973 1.2423803525524362 1013.135986328125 13.043212890625 16.834498334471075 1236
stats: tr_send 37 30.660802892736488 1.8280643640916432 1029.735107421875 27.458984375 33.90493942310123 1236
stats: size_rcv 7770 267330
stats: newphase 1 5
stats: size_sent 7067 243143
stats: connected 0 0
stats: 400 37 1273
# stats: dump at 1402686469
stats: users 0 7
stats: {freemem,"os_mon@localhost"} 1 6157.9609375 0.0 6191.7890625 6130.28125 6151.9711681547615 21
stats: {recvpackets,"os_mon@localhost"} 1 2007.0 0.0 2605 1859 2191.8 20
stats: {sentpackets,"os_mon@localhost"} 1 985.0 0.0 1714 857 1267.7 20
stats: {cpu,"os_mon@localhost"} 1 2.195306585919758 0.0 12.267002518891687 2.068095838587642 4.5039939285245625 21
stats: {load,"os_mon@localhost"} 1 0.05859375 0.0 0.2109375 0.01953125 0.1091889880952381 21
stats: session 5 34.097607421875 1.7558610818109923 1031.76708984375 29.23583984375 35.82991165676552 1273
stats: users_count 5 1278
stats: finish_users_count 5 1278
stats: request 5 31.769970703125 1.777113400466176 1029.447998046875 27.22802734375 33.50998329947713 1273
stats: page 5 31.769970703125 1.777113400466176 1029.447998046875 27.22802734375 33.50998329947713 1273
stats: connect 5 15.32578125 1.2140050768926758 1013.135986328125 13.043212890625 16.774869740524352 1273
stats: tr_send 5 32.071337890625 1.7664190846128327 1029.735107421875 27.458984375 33.81064794499951 1273
stats: size_rcv 1050 268380
stats: newphase 0 5
stats: size_sent 955 244098
stats: connected 0 0
stats: 400 5 1278
# stats: dump at 1402686479
stats: users 0 7
stats: {freemem,"os_mon@localhost"} 1 6167.671875 0.0 6191.7890625 6130.28125 6152.243430397727 22
stats: {recvpackets,"os_mon@localhost"} 1 1923.0 0.0 2605 1859 2183.0 21
stats: {sentpackets,"os_mon@localhost"} 1 891.0 0.0 1714 857 1254.2380952380952 21
stats: {cpu,"os_mon@localhost"} 1 2.4377984418195524 0.0 12.267002518891687 2.068095838587642 4.399053594769798 22
stats: {load,"os_mon@localhost"} 1 0.05078125 0.0 0.2109375 0.01953125 0.10688920454545454 22
stats: session 12 39.89650472005208 17.473267927650994 1031.76708984375 29.23583984375 35.82313425365562 1278
stats: users_count 12 1290
stats: finish_users_count 12 1290
stats: request 12 37.584248860677086 17.481721077913125 1029.447998046875 27.22802734375 33.50317573845854 1278
stats: page 12 37.584248860677086 17.481721077913125 1029.447998046875 27.22802734375 33.50317573845854 1278
stats: connect 12 20.896565755208332 16.090150596152327 1013.135986328125 13.043212890625 16.769200380232785 1278
stats: tr_send 12 37.869771321614586 17.481767958186637 1029.735107421875 27.458984375 33.803843132580205 1278
stats: size_rcv 2520 270900
stats: newphase 0 5
stats: size_sent 2292 246390
stats: connected 0 0
stats: 400 12 1290
# stats: dump at 1402686485
stats: users 0 7
stats: {freemem,"os_mon@localhost"} 1 6168.14453125 0.0 6191.7890625 6130.28125 6152.914232336957 23
stats: {recvpackets,"os_mon@localhost"} 1 1952.0 0.0 2605 1859 2171.181818181818 22
stats: {sentpackets,"os_mon@localhost"} 1 936.0 0.0 1714 857 1237.7272727272727 22
stats: {cpu,"os_mon@localhost"} 1 2.4236303963645542 0.0 12.267002518891687 2.068095838587642 4.313781631598048 23
stats: {load,"os_mon@localhost"} 1 0.0390625 0.0 0.2109375 0.01953125 0.10444972826086957 23
stats: session 4 31.99822998046875 1.0054414844002422 1031.76708984375 29.23583984375 35.86102607194768 1290
stats: users_count 4 1294
stats: finish_users_count 4 1294
stats: request 4 29.76153564453125 1.0879089843597949 1029.447998046875 27.22802734375 33.541139209362896 1290
stats: page 4 29.76153564453125 1.0879089843597949 1029.447998046875 27.22802734375 33.541139209362896 1290
stats: connect 4 14.2679443359375 0.4761978536627558 1013.135986328125 13.043212890625 16.807594476744185 1290
stats: tr_send 4 30.0570068359375 1.05524833037907 1029.735107421875 27.458984375 33.84166572038517 1290
stats: size_rcv 840 271740
stats: newphase 0 5
stats: size_sent 764 247154
stats: connected 0 0
stats: 400 4 1294
EndMonitor:{1402,686485,882666}
