
=INFO REPORT==== 16-Jun-2014::23:45:27 ===
    ts_config_server:(5:<0.54.0>) Config server started, logdir is "/home/ubuntu/tsung/log/lis/20140616-2345"
 
=INFO REPORT==== 16-Jun-2014::23:45:28 ===
              ts_mon:(5:<0.53.0>) starting monitor, global 

=INFO REPORT==== 16-Jun-2014::23:45:28 ===
           ts_config:(5:<0.54.0>) Reading config file: ./xml/aws_test_lis.xml

=INFO REPORT==== 16-Jun-2014::23:45:28 ===
           ts_config:(5:<0.54.0>) Session name for id 1 is "listen"

=INFO REPORT==== 16-Jun-2014::23:45:28 ===
    ts_config_server:(4:<0.54.0>) SYSINFO:Tsung version: 1.5.1

=INFO REPORT==== 16-Jun-2014::23:45:28 ===
    ts_config_server:(4:<0.54.0>) SYSINFO:Erlang version: Erlang R16B03 (erts-5.10.4) [source] [64-bit] [async-threads:16] [hipe] [kernel-poll:true]


=INFO REPORT==== 16-Jun-2014::23:45:28 ===
    ts_config_server:(4:<0.54.0>) SYSINFO:System architecture x86_64-pc-linux-gnu

=INFO REPORT==== 16-Jun-2014::23:45:28 ===
    ts_config_server:(4:<0.54.0>) SYSINFO:Current path: /usr/lib/erlang/lib/tsung-1.5.1/ebin/tsung.beam

=INFO REPORT==== 16-Jun-2014::23:45:28 ===
              ts_mon:(5:<0.55.0>) Activate clients with text backend

=INFO REPORT==== 16-Jun-2014::23:45:28 ===
              ts_mon:(5:<0.55.0>) Starting tsung clients on hosts: [localhost]

=INFO REPORT==== 16-Jun-2014::23:45:28 ===
    ts_config_server:(5:<0.54.0>) Start a launcher on the controller beam localhost

=INFO REPORT==== 16-Jun-2014::23:45:28 ===
  ts_launcher_static:(5:<0.88.0>) Launch msg receive ("localhost")

=INFO REPORT==== 16-Jun-2014::23:45:28 ===
         ts_launcher:(5:<0.89.0>) Launch msg receive ("localhost")

=INFO REPORT==== 16-Jun-2014::23:45:28 ===
    ts_config_server:(5:<0.54.0>) All remote beams started, syncing 

=INFO REPORT==== 16-Jun-2014::23:45:28 ===
    ts_config_server:(5:<0.54.0>) Undefined ports_range config 

=INFO REPORT==== 16-Jun-2014::23:45:28 ===
    ts_config_server:(5:<0.54.0>) New arrival phase 1 for client "localhost" (last ? true): will start 500 users

=INFO REPORT==== 16-Jun-2014::23:45:28 ===
    ts_config_server:(5:<0.54.0>) New arrival phase 2 for client "localhost" (last ? true): will start 1000 users

=INFO REPORT==== 16-Jun-2014::23:45:28 ===
    ts_config_server:(5:<0.54.0>) New arrival phase 3 for client "localhost" (last ? true): will start 1500 users

=INFO REPORT==== 16-Jun-2014::23:45:28 ===
    ts_config_server:(5:<0.54.0>) New arrival phase 4 for client "localhost" (last ? true): will start 2000 users

=INFO REPORT==== 16-Jun-2014::23:45:28 ===
    ts_config_server:(5:<0.54.0>) New arrival phase 5 for client "localhost" (last ? true): will start 2500 users

=INFO REPORT==== 16-Jun-2014::23:45:28 ===
    ts_config_server:(5:<0.54.0>) New arrival phase 6 for client "localhost" (last ? true): will start 3000 users

=INFO REPORT==== 16-Jun-2014::23:45:28 ===
    ts_config_server:(5:<0.54.0>) New arrival phase 7 for client "localhost" (last ? true): will start 500 users

=INFO REPORT==== 16-Jun-2014::23:45:28 ===
    ts_config_server:(5:<0.54.0>) New arrival phase 8 for client "localhost" (last ? true): will start 1000 users

=INFO REPORT==== 16-Jun-2014::23:45:28 ===
    ts_config_server:(5:<0.54.0>) New arrival phase 9 for client "localhost" (last ? true): will start 1500 users

=INFO REPORT==== 16-Jun-2014::23:45:28 ===
    ts_config_server:(5:<0.54.0>) New arrival phase 10 for client "localhost" (last ? true): will start 2000 users

=INFO REPORT==== 16-Jun-2014::23:45:28 ===
    ts_config_server:(5:<0.54.0>) New arrival phase 11 for client "localhost" (last ? true): will start 2500 users

=INFO REPORT==== 16-Jun-2014::23:45:28 ===
    ts_config_server:(5:<0.54.0>) New arrival phase 12 for client "localhost" (last ? true): will start 3000 users

=INFO REPORT==== 16-Jun-2014::23:45:28 ===
         ts_launcher:(5:<0.89.0>) Expected duration of first phase: 300.0 sec (500 users) 

=INFO REPORT==== 16-Jun-2014::23:45:28 ===
         ts_launcher:(2:<0.89.0>) WARNING !!! too few file descriptors available (1024), you should decrease maxusers (currently 50000)
=INFO REPORT==== 16-Jun-2014::23:45:28 ===
         ts_launcher:(5:<0.89.0>) Activate launcher (500 users) in 1959 msec 

=INFO REPORT==== 16-Jun-2014::23:45:29 ===
    ts_os_mon_erlang:(5:<0.76.0>) Starting os_mon beam on host "localhost" 

=INFO REPORT==== 16-Jun-2014::23:45:30 ===
    ts_os_mon_erlang:(5:<0.76.0>) Loading tsung monitor on nodes [os_mon@localhost]

=INFO REPORT==== 16-Jun-2014::23:50:17 ===
         ts_launcher:(4:<0.89.0>) Need to wait 12.127 sec before changing phase, going to sleep

=INFO REPORT==== 16-Jun-2014::23:50:29 ===
         ts_launcher:(5:<0.89.0>) Waking up

=INFO REPORT==== 16-Jun-2014::23:50:29 ===
         ts_launcher:(5:<0.89.0>) Start a new arrival phase (1000 users, 0.0033333333333333335); expected duration=300.0 sec

=INFO REPORT==== 16-Jun-2014::23:55:20 ===
         ts_launcher:(4:<0.89.0>) Need to wait 9.319 sec before changing phase, going to sleep

=INFO REPORT==== 16-Jun-2014::23:55:29 ===
         ts_launcher:(5:<0.89.0>) Waking up

=INFO REPORT==== 16-Jun-2014::23:55:29 ===
         ts_launcher:(5:<0.89.0>) Start a new arrival phase (1500 users, 0.005); expected duration=300.0 sec

=INFO REPORT==== 17-Jun-2014::00:00:29 ===
         ts_launcher:(5:<0.89.0>) Phase duration exceeded, but not all users were launched (29 users, 1.9% of phase)

=INFO REPORT==== 17-Jun-2014::00:00:29 ===
         ts_launcher:(5:<0.89.0>) Start a new arrival phase (2000 users, 0.006666666666666667); expected duration=300.0 sec

=INFO REPORT==== 17-Jun-2014::00:05:29 ===
         ts_launcher:(5:<0.89.0>) Phase duration exceeded, but not all users were launched (37 users, 1.9% of phase)

=INFO REPORT==== 17-Jun-2014::00:05:29 ===
         ts_launcher:(5:<0.89.0>) Start a new arrival phase (2500 users, 0.008333333333333333); expected duration=300.0 sec

=INFO REPORT==== 17-Jun-2014::00:10:29 ===
         ts_launcher:(5:<0.89.0>) Phase duration exceeded, but not all users were launched (46 users, 1.8% of phase)

=INFO REPORT==== 17-Jun-2014::00:10:29 ===
         ts_launcher:(5:<0.89.0>) Start a new arrival phase (3000 users, 0.01); expected duration=300.0 sec

=INFO REPORT==== 17-Jun-2014::00:15:29 ===
         ts_launcher:(5:<0.89.0>) Phase duration exceeded, but not all users were launched (10 users, 0.3% of phase)

=INFO REPORT==== 17-Jun-2014::00:15:29 ===
         ts_launcher:(5:<0.89.0>) Start a new arrival phase (500 users, 0.0016666666666666668); expected duration=300.0 sec

=INFO REPORT==== 17-Jun-2014::00:20:29 ===
         ts_launcher:(5:<0.89.0>) Phase duration exceeded, but not all users were launched (33 users, 6.6% of phase)

=INFO REPORT==== 17-Jun-2014::00:20:29 ===
         ts_launcher:(5:<0.89.0>) Start a new arrival phase (1000 users, 0.0033333333333333335); expected duration=300.0 sec

=INFO REPORT==== 17-Jun-2014::00:25:23 ===
         ts_launcher:(4:<0.89.0>) Need to wait 6.639 sec before changing phase, going to sleep

=INFO REPORT==== 17-Jun-2014::00:25:29 ===
         ts_launcher:(5:<0.89.0>) Waking up

=INFO REPORT==== 17-Jun-2014::00:25:29 ===
         ts_launcher:(5:<0.89.0>) Start a new arrival phase (1500 users, 0.005); expected duration=300.0 sec

=INFO REPORT==== 17-Jun-2014::00:30:29 ===
         ts_launcher:(4:<0.89.0>) Need to wait 0.261 sec before changing phase, going to sleep

=INFO REPORT==== 17-Jun-2014::00:30:29 ===
         ts_launcher:(5:<0.89.0>) Waking up

=INFO REPORT==== 17-Jun-2014::00:30:29 ===
         ts_launcher:(5:<0.89.0>) Start a new arrival phase (2000 users, 0.006666666666666667); expected duration=300.0 sec

=INFO REPORT==== 17-Jun-2014::00:35:30 ===
         ts_launcher:(5:<0.89.0>) Phase duration exceeded, but not all users were launched (84 users, 4.2% of phase)

=INFO REPORT==== 17-Jun-2014::00:35:30 ===
         ts_launcher:(5:<0.89.0>) Start a new arrival phase (2500 users, 0.008333333333333333); expected duration=300.0 sec

=INFO REPORT==== 17-Jun-2014::00:40:30 ===
         ts_launcher:(5:<0.89.0>) Phase duration exceeded, but not all users were launched (78 users, 3.1% of phase)

=INFO REPORT==== 17-Jun-2014::00:40:30 ===
         ts_launcher:(5:<0.89.0>) Start a new arrival phase (3000 users, 0.01); expected duration=300.0 sec

=INFO REPORT==== 17-Jun-2014::00:45:19 ===
         ts_launcher:(5:<0.89.0>) This was the last phase, wait for connected users to finish their session

=INFO REPORT==== 17-Jun-2014::00:46:09 ===
     ts_launcher_mgr:(5:<0.84.0>) No more active users 'tsung_controller_lis@ip-172-31-46-22' "2193"

=INFO REPORT==== 17-Jun-2014::00:46:09 ===
              ts_mon:(5:<0.55.0>) stopping monitor (normal)
