
=INFO REPORT==== 16-Jun-2014::23:45:49 ===
    ts_config_server:(5:<0.54.0>) Config server started, logdir is "/home/ubuntu/tsung/log/sen/20140616-2345"
 
=INFO REPORT==== 16-Jun-2014::23:45:49 ===
              ts_mon:(5:<0.53.0>) starting monitor, global 

=INFO REPORT==== 16-Jun-2014::23:45:49 ===
           ts_config:(5:<0.54.0>) Reading config file: ./xml/aws_test_sen.xml

=INFO REPORT==== 16-Jun-2014::23:45:49 ===
           ts_config:(5:<0.54.0>) Session name for id 1 is "send"

=INFO REPORT==== 16-Jun-2014::23:45:49 ===
    ts_config_server:(4:<0.54.0>) SYSINFO:Tsung version: 1.5.1

=INFO REPORT==== 16-Jun-2014::23:45:49 ===
    ts_config_server:(4:<0.54.0>) SYSINFO:Erlang version: Erlang R16B03 (erts-5.10.4) [source] [64-bit] [async-threads:16] [hipe] [kernel-poll:true]


=INFO REPORT==== 16-Jun-2014::23:45:49 ===
    ts_config_server:(4:<0.54.0>) SYSINFO:System architecture x86_64-pc-linux-gnu

=INFO REPORT==== 16-Jun-2014::23:45:49 ===
    ts_config_server:(4:<0.54.0>) SYSINFO:Current path: /usr/lib/erlang/lib/tsung-1.5.1/ebin/tsung.beam

=INFO REPORT==== 16-Jun-2014::23:45:49 ===
              ts_mon:(5:<0.55.0>) Activate clients with text backend

=INFO REPORT==== 16-Jun-2014::23:45:49 ===
              ts_mon:(5:<0.55.0>) Starting tsung clients on hosts: [localhost]

=INFO REPORT==== 16-Jun-2014::23:45:49 ===
    ts_config_server:(5:<0.54.0>) Start a launcher on the controller beam localhost

=INFO REPORT==== 16-Jun-2014::23:45:50 ===
  ts_launcher_static:(5:<0.88.0>) Launch msg receive ("localhost")

=INFO REPORT==== 16-Jun-2014::23:45:50 ===
         ts_launcher:(5:<0.89.0>) Launch msg receive ("localhost")

=INFO REPORT==== 16-Jun-2014::23:45:50 ===
    ts_config_server:(5:<0.54.0>) All remote beams started, syncing 

=INFO REPORT==== 16-Jun-2014::23:45:50 ===
    ts_config_server:(5:<0.54.0>) Undefined ports_range config 

=INFO REPORT==== 16-Jun-2014::23:45:50 ===
    ts_config_server:(5:<0.54.0>) New arrival phase 1 for client "localhost" (last ? true): will start 500 users

=INFO REPORT==== 16-Jun-2014::23:45:50 ===
    ts_config_server:(5:<0.54.0>) New arrival phase 2 for client "localhost" (last ? true): will start 1000 users

=INFO REPORT==== 16-Jun-2014::23:45:50 ===
    ts_config_server:(5:<0.54.0>) New arrival phase 3 for client "localhost" (last ? true): will start 1500 users

=INFO REPORT==== 16-Jun-2014::23:45:50 ===
    ts_config_server:(5:<0.54.0>) New arrival phase 4 for client "localhost" (last ? true): will start 2000 users

=INFO REPORT==== 16-Jun-2014::23:45:50 ===
    ts_config_server:(5:<0.54.0>) New arrival phase 5 for client "localhost" (last ? true): will start 2500 users

=INFO REPORT==== 16-Jun-2014::23:45:50 ===
    ts_config_server:(5:<0.54.0>) New arrival phase 6 for client "localhost" (last ? true): will start 3000 users

=INFO REPORT==== 16-Jun-2014::23:45:50 ===
    ts_config_server:(5:<0.54.0>) New arrival phase 7 for client "localhost" (last ? true): will start 500 users

=INFO REPORT==== 16-Jun-2014::23:45:50 ===
    ts_config_server:(5:<0.54.0>) New arrival phase 8 for client "localhost" (last ? true): will start 1000 users

=INFO REPORT==== 16-Jun-2014::23:45:50 ===
    ts_config_server:(5:<0.54.0>) New arrival phase 9 for client "localhost" (last ? true): will start 1500 users

=INFO REPORT==== 16-Jun-2014::23:45:50 ===
    ts_config_server:(5:<0.54.0>) New arrival phase 10 for client "localhost" (last ? true): will start 2000 users

=INFO REPORT==== 16-Jun-2014::23:45:50 ===
    ts_config_server:(5:<0.54.0>) New arrival phase 11 for client "localhost" (last ? true): will start 2500 users

=INFO REPORT==== 16-Jun-2014::23:45:50 ===
    ts_config_server:(5:<0.54.0>) New arrival phase 12 for client "localhost" (last ? true): will start 3000 users

=INFO REPORT==== 16-Jun-2014::23:45:50 ===
         ts_launcher:(5:<0.89.0>) Expected duration of first phase: 300.0 sec (500 users) 

=INFO REPORT==== 16-Jun-2014::23:45:50 ===
         ts_launcher:(2:<0.89.0>) WARNING !!! too few file descriptors available (1024), you should decrease maxusers (currently 50000)
=INFO REPORT==== 16-Jun-2014::23:45:50 ===
         ts_launcher:(5:<0.89.0>) Activate launcher (500 users) in 1080 msec 

=INFO REPORT==== 16-Jun-2014::23:45:50 ===
    ts_os_mon_erlang:(5:<0.76.0>) Starting os_mon beam on host "localhost" 

=INFO REPORT==== 16-Jun-2014::23:46:22 ===
    ts_os_mon_erlang:(3:<0.76.0>) Fail to start beam on host "localhost" ({error,
                                                                           timeout})

=ERROR REPORT==== 16-Jun-2014::23:46:22 ===
** Generic server <0.76.0> terminating 
** Last message in was {timeout,#Ref<0.0.0.316>,start_beam}
** When Server state == {state,{global,ts_mon},
                               10000,undefined,"localhost",undefined,[]}
** Reason for termination == 
** {error,timeout}

=INFO REPORT==== 16-Jun-2014::23:46:23 ===
    ts_os_mon_erlang:(5:<0.170.0>) Starting os_mon beam on host "localhost" 

=INFO REPORT==== 16-Jun-2014::23:46:55 ===
    ts_os_mon_erlang:(3:<0.170.0>) Fail to start beam on host "localhost" ({error,
                                                                            timeout})

=ERROR REPORT==== 16-Jun-2014::23:46:55 ===
** Generic server <0.170.0> terminating 
** Last message in was {timeout,#Ref<0.0.0.1248>,start_beam}
** When Server state == {state,{global,ts_mon},
                               10000,undefined,"localhost",undefined,[]}
** Reason for termination == 
** {error,timeout}

=INFO REPORT==== 16-Jun-2014::23:46:56 ===
    ts_os_mon_erlang:(5:<0.235.0>) Starting os_mon beam on host "localhost" 

=INFO REPORT==== 16-Jun-2014::23:47:28 ===
    ts_os_mon_erlang:(3:<0.235.0>) Fail to start beam on host "localhost" ({error,
                                                                            timeout})

=ERROR REPORT==== 16-Jun-2014::23:47:28 ===
** Generic server <0.235.0> terminating 
** Last message in was {timeout,#Ref<0.0.0.1998>,start_beam}
** When Server state == {state,{global,ts_mon},
                               10000,undefined,"localhost",undefined,[]}
** Reason for termination == 
** {error,timeout}

=INFO REPORT==== 16-Jun-2014::23:47:29 ===
    ts_os_mon_erlang:(5:<0.301.0>) Starting os_mon beam on host "localhost" 

=INFO REPORT==== 16-Jun-2014::23:48:01 ===
    ts_os_mon_erlang:(3:<0.301.0>) Fail to start beam on host "localhost" ({error,
                                                                            timeout})

=ERROR REPORT==== 16-Jun-2014::23:48:01 ===
** Generic server <0.301.0> terminating 
** Last message in was {timeout,#Ref<0.0.0.2759>,start_beam}
** When Server state == {state,{global,ts_mon},
                               10000,undefined,"localhost",undefined,[]}
** Reason for termination == 
** {error,timeout}

=INFO REPORT==== 16-Jun-2014::23:48:02 ===
    ts_os_mon_erlang:(5:<0.373.0>) Starting os_mon beam on host "localhost" 

=INFO REPORT==== 16-Jun-2014::23:48:34 ===
    ts_os_mon_erlang:(3:<0.373.0>) Fail to start beam on host "localhost" ({error,
                                                                            timeout})

=ERROR REPORT==== 16-Jun-2014::23:48:34 ===
** Generic server <0.373.0> terminating 
** Last message in was {timeout,#Ref<0.0.0.3589>,start_beam}
** When Server state == {state,{global,ts_mon},
                               10000,undefined,"localhost",undefined,[]}
** Reason for termination == 
** {error,timeout}

=INFO REPORT==== 16-Jun-2014::23:48:35 ===
    ts_os_mon_erlang:(5:<0.449.0>) Starting os_mon beam on host "localhost" 

=INFO REPORT==== 16-Jun-2014::23:49:07 ===
    ts_os_mon_erlang:(3:<0.449.0>) Fail to start beam on host "localhost" ({error,
                                                                            timeout})

=ERROR REPORT==== 16-Jun-2014::23:49:07 ===
** Generic server <0.449.0> terminating 
** Last message in was {timeout,#Ref<0.0.0.4459>,start_beam}
** When Server state == {state,{global,ts_mon},
                               10000,undefined,"localhost",undefined,[]}
** Reason for termination == 
** {error,timeout}

=INFO REPORT==== 16-Jun-2014::23:49:08 ===
    ts_os_mon_erlang:(5:<0.523.0>) Starting os_mon beam on host "localhost" 

=INFO REPORT==== 16-Jun-2014::23:49:40 ===
    ts_os_mon_erlang:(3:<0.523.0>) Fail to start beam on host "localhost" ({error,
                                                                            timeout})

=ERROR REPORT==== 16-Jun-2014::23:49:40 ===
** Generic server <0.523.0> terminating 
** Last message in was {timeout,#Ref<0.0.0.5308>,start_beam}
** When Server state == {state,{global,ts_mon},
                               10000,undefined,"localhost",undefined,[]}
** Reason for termination == 
** {error,timeout}

=INFO REPORT==== 16-Jun-2014::23:49:41 ===
    ts_os_mon_erlang:(5:<0.591.0>) Starting os_mon beam on host "localhost" 

=INFO REPORT==== 16-Jun-2014::23:50:13 ===
    ts_os_mon_erlang:(3:<0.591.0>) Fail to start beam on host "localhost" ({error,
                                                                            timeout})

=ERROR REPORT==== 16-Jun-2014::23:50:13 ===
** Generic server <0.591.0> terminating 
** Last message in was {timeout,#Ref<0.0.0.6093>,start_beam}
** When Server state == {state,{global,ts_mon},
                               10000,undefined,"localhost",undefined,[]}
** Reason for termination == 
** {error,timeout}

=INFO REPORT==== 16-Jun-2014::23:50:14 ===
         ts_launcher:(4:<0.89.0>) Need to wait 36.447 sec before changing phase, going to sleep

=INFO REPORT==== 16-Jun-2014::23:50:14 ===
    ts_os_mon_erlang:(5:<0.667.0>) Starting os_mon beam on host "localhost" 

=INFO REPORT==== 16-Jun-2014::23:50:46 ===
    ts_os_mon_erlang:(3:<0.667.0>) Fail to start beam on host "localhost" ({error,
                                                                            timeout})

=ERROR REPORT==== 16-Jun-2014::23:50:46 ===
** Generic server <0.667.0> terminating 
** Last message in was {timeout,#Ref<0.0.0.6965>,start_beam}
** When Server state == {state,{global,ts_mon},
                               10000,undefined,"localhost",undefined,[]}
** Reason for termination == 
** {error,timeout}

=INFO REPORT==== 16-Jun-2014::23:50:47 ===
    ts_os_mon_erlang:(5:<0.678.0>) Starting os_mon beam on host "localhost" 

=INFO REPORT==== 16-Jun-2014::23:50:51 ===
         ts_launcher:(5:<0.89.0>) Waking up

=INFO REPORT==== 16-Jun-2014::23:50:51 ===
         ts_launcher:(5:<0.89.0>) Start a new arrival phase (1000 users, 0.0033333333333333335); expected duration=300.0 sec

=INFO REPORT==== 16-Jun-2014::23:51:19 ===
    ts_os_mon_erlang:(3:<0.678.0>) Fail to start beam on host "localhost" ({error,
                                                                            timeout})

=ERROR REPORT==== 16-Jun-2014::23:51:19 ===
** Generic server <0.678.0> terminating 
** Last message in was {timeout,#Ref<0.0.0.7122>,start_beam}
** When Server state == {state,{global,ts_mon},
                               10000,undefined,"localhost",undefined,[]}
** Reason for termination == 
** {error,timeout}

=INFO REPORT==== 16-Jun-2014::23:51:20 ===
    ts_os_mon_erlang:(5:<0.787.0>) Starting os_mon beam on host "localhost" 

=INFO REPORT==== 16-Jun-2014::23:51:52 ===
    ts_os_mon_erlang:(3:<0.787.0>) Fail to start beam on host "localhost" ({error,
                                                                            timeout})

=ERROR REPORT==== 16-Jun-2014::23:51:52 ===
** Generic server <0.787.0> terminating 
** Last message in was {timeout,#Ref<0.0.0.8363>,start_beam}
** When Server state == {state,{global,ts_mon},
                               10000,undefined,"localhost",undefined,[]}
** Reason for termination == 
** {error,timeout}

=INFO REPORT==== 16-Jun-2014::23:51:53 ===
    ts_os_mon_erlang:(5:<0.911.0>) Starting os_mon beam on host "localhost" 

=INFO REPORT==== 16-Jun-2014::23:52:25 ===
    ts_os_mon_erlang:(3:<0.911.0>) Fail to start beam on host "localhost" ({error,
                                                                            timeout})

=ERROR REPORT==== 16-Jun-2014::23:52:25 ===
** Generic server <0.911.0> terminating 
** Last message in was {timeout,#Ref<0.0.0.9766>,start_beam}
** When Server state == {state,{global,ts_mon},
                               10000,undefined,"localhost",undefined,[]}
** Reason for termination == 
** {error,timeout}

=INFO REPORT==== 16-Jun-2014::23:52:26 ===
    ts_os_mon_erlang:(5:<0.1019.0>) Starting os_mon beam on host "localhost" 

=INFO REPORT==== 16-Jun-2014::23:52:58 ===
    ts_os_mon_erlang:(3:<0.1019.0>) Fail to start beam on host "localhost" ({error,
                                                                             timeout})

=ERROR REPORT==== 16-Jun-2014::23:52:58 ===
** Generic server <0.1019.0> terminating 
** Last message in was {timeout,#Ref<0.0.0.10992>,start_beam}
** When Server state == {state,{global,ts_mon},
                               10000,undefined,"localhost",undefined,[]}
** Reason for termination == 
** {error,timeout}

=INFO REPORT==== 16-Jun-2014::23:52:59 ===
    ts_os_mon_erlang:(5:<0.1139.0>) Starting os_mon beam on host "localhost" 

=INFO REPORT==== 16-Jun-2014::23:53:31 ===
    ts_os_mon_erlang:(3:<0.1139.0>) Fail to start beam on host "localhost" ({error,
                                                                             timeout})

=ERROR REPORT==== 16-Jun-2014::23:53:31 ===
** Generic server <0.1139.0> terminating 
** Last message in was {timeout,#Ref<0.0.0.12350>,start_beam}
** When Server state == {state,{global,ts_mon},
                               10000,undefined,"localhost",undefined,[]}
** Reason for termination == 
** {error,timeout}

=INFO REPORT==== 16-Jun-2014::23:53:32 ===
    ts_os_mon_erlang:(5:<0.1255.0>) Starting os_mon beam on host "localhost" 

=INFO REPORT==== 16-Jun-2014::23:54:04 ===
    ts_os_mon_erlang:(3:<0.1255.0>) Fail to start beam on host "localhost" ({error,
                                                                             timeout})

=ERROR REPORT==== 16-Jun-2014::23:54:04 ===
** Generic server <0.1255.0> terminating 
** Last message in was {timeout,#Ref<0.0.0.13666>,start_beam}
** When Server state == {state,{global,ts_mon},
                               10000,undefined,"localhost",undefined,[]}
** Reason for termination == 
** {error,timeout}

=INFO REPORT==== 16-Jun-2014::23:54:05 ===
    ts_os_mon_erlang:(5:<0.1369.0>) Starting os_mon beam on host "localhost" 

=INFO REPORT==== 16-Jun-2014::23:54:37 ===
    ts_os_mon_erlang:(3:<0.1369.0>) Fail to start beam on host "localhost" ({error,
                                                                             timeout})

=ERROR REPORT==== 16-Jun-2014::23:54:37 ===
** Generic server <0.1369.0> terminating 
** Last message in was {timeout,#Ref<0.0.0.14958>,start_beam}
** When Server state == {state,{global,ts_mon},
                               10000,undefined,"localhost",undefined,[]}
** Reason for termination == 
** {error,timeout}

=INFO REPORT==== 16-Jun-2014::23:54:38 ===
    ts_os_mon_erlang:(5:<0.1490.0>) Starting os_mon beam on host "localhost" 

=INFO REPORT==== 16-Jun-2014::23:55:10 ===
    ts_os_mon_erlang:(3:<0.1490.0>) Fail to start beam on host "localhost" ({error,
                                                                             timeout})

=ERROR REPORT==== 16-Jun-2014::23:55:10 ===
** Generic server <0.1490.0> terminating 
** Last message in was {timeout,#Ref<0.0.0.16300>,start_beam}
** When Server state == {state,{global,ts_mon},
                               10000,undefined,"localhost",undefined,[]}
** Reason for termination == 
** {error,timeout}

=INFO REPORT==== 16-Jun-2014::23:55:11 ===
    ts_os_mon_erlang:(5:<0.1625.0>) Starting os_mon beam on host "localhost" 

=INFO REPORT==== 16-Jun-2014::23:55:43 ===
    ts_os_mon_erlang:(3:<0.1625.0>) Fail to start beam on host "localhost" ({error,
                                                                             timeout})

=ERROR REPORT==== 16-Jun-2014::23:55:43 ===
** Generic server <0.1625.0> terminating 
** Last message in was {timeout,#Ref<0.0.0.17854>,start_beam}
** When Server state == {state,{global,ts_mon},
                               10000,undefined,"localhost",undefined,[]}
** Reason for termination == 
** {error,timeout}

=INFO REPORT==== 16-Jun-2014::23:55:44 ===
    ts_os_mon_erlang:(5:<0.1749.0>) Starting os_mon beam on host "localhost" 

=INFO REPORT==== 16-Jun-2014::23:55:48 ===
         ts_launcher:(4:<0.89.0>) Need to wait 2.76 sec before changing phase, going to sleep

=INFO REPORT==== 16-Jun-2014::23:55:51 ===
         ts_launcher:(5:<0.89.0>) Waking up

=INFO REPORT==== 16-Jun-2014::23:55:51 ===
         ts_launcher:(5:<0.89.0>) Start a new arrival phase (1500 users, 0.005); expected duration=300.0 sec

=INFO REPORT==== 16-Jun-2014::23:56:16 ===
    ts_os_mon_erlang:(3:<0.1749.0>) Fail to start beam on host "localhost" ({error,
                                                                             timeout})

=ERROR REPORT==== 16-Jun-2014::23:56:16 ===
** Generic server <0.1749.0> terminating 
** Last message in was {timeout,#Ref<0.0.0.19256>,start_beam}
** When Server state == {state,{global,ts_mon},
                               10000,undefined,"localhost",undefined,[]}
** Reason for termination == 
** {error,timeout}

=INFO REPORT==== 16-Jun-2014::23:56:17 ===
    ts_os_mon_erlang:(5:<0.1905.0>) Starting os_mon beam on host "localhost" 

=INFO REPORT==== 16-Jun-2014::23:56:49 ===
    ts_os_mon_erlang:(3:<0.1905.0>) Fail to start beam on host "localhost" ({error,
                                                                             timeout})

=ERROR REPORT==== 16-Jun-2014::23:56:49 ===
** Generic server <0.1905.0> terminating 
** Last message in was {timeout,#Ref<0.0.0.21014>,start_beam}
** When Server state == {state,{global,ts_mon},
                               10000,undefined,"localhost",undefined,[]}
** Reason for termination == 
** {error,timeout}

=INFO REPORT==== 16-Jun-2014::23:56:50 ===
    ts_os_mon_erlang:(5:<0.2078.0>) Starting os_mon beam on host "localhost" 

=INFO REPORT==== 16-Jun-2014::23:57:22 ===
    ts_os_mon_erlang:(3:<0.2078.0>) Fail to start beam on host "localhost" ({error,
                                                                             timeout})

=ERROR REPORT==== 16-Jun-2014::23:57:22 ===
** Generic server <0.2078.0> terminating 
** Last message in was {timeout,#Ref<0.0.0.22958>,start_beam}
** When Server state == {state,{global,ts_mon},
                               10000,undefined,"localhost",undefined,[]}
** Reason for termination == 
** {error,timeout}

=INFO REPORT==== 16-Jun-2014::23:57:23 ===
    ts_os_mon_erlang:(5:<0.2248.0>) Starting os_mon beam on host "localhost" 

=INFO REPORT==== 16-Jun-2014::23:57:55 ===
    ts_os_mon_erlang:(3:<0.2248.0>) Fail to start beam on host "localhost" ({error,
                                                                             timeout})

=ERROR REPORT==== 16-Jun-2014::23:57:55 ===
** Generic server <0.2248.0> terminating 
** Last message in was {timeout,#Ref<0.0.0.24866>,start_beam}
** When Server state == {state,{global,ts_mon},
                               10000,undefined,"localhost",undefined,[]}
** Reason for termination == 
** {error,timeout}

=INFO REPORT==== 16-Jun-2014::23:57:56 ===
    ts_os_mon_erlang:(5:<0.2411.0>) Starting os_mon beam on host "localhost" 

=INFO REPORT==== 16-Jun-2014::23:58:28 ===
    ts_os_mon_erlang:(3:<0.2411.0>) Fail to start beam on host "localhost" ({error,
                                                                             timeout})

=ERROR REPORT==== 16-Jun-2014::23:58:28 ===
** Generic server <0.2411.0> terminating 
** Last message in was {timeout,#Ref<0.0.0.26697>,start_beam}
** When Server state == {state,{global,ts_mon},
                               10000,undefined,"localhost",undefined,[]}
** Reason for termination == 
** {error,timeout}

=INFO REPORT==== 16-Jun-2014::23:58:29 ===
    ts_os_mon_erlang:(5:<0.2580.0>) Starting os_mon beam on host "localhost" 

=INFO REPORT==== 16-Jun-2014::23:59:01 ===
    ts_os_mon_erlang:(3:<0.2580.0>) Fail to start beam on host "localhost" ({error,
                                                                             timeout})

=ERROR REPORT==== 16-Jun-2014::23:59:01 ===
** Generic server <0.2580.0> terminating 
** Last message in was {timeout,#Ref<0.0.0.28594>,start_beam}
** When Server state == {state,{global,ts_mon},
                               10000,undefined,"localhost",undefined,[]}
** Reason for termination == 
** {error,timeout}

=INFO REPORT==== 16-Jun-2014::23:59:02 ===
    ts_os_mon_erlang:(5:<0.2765.0>) Starting os_mon beam on host "localhost" 

=INFO REPORT==== 16-Jun-2014::23:59:34 ===
    ts_os_mon_erlang:(3:<0.2765.0>) Fail to start beam on host "localhost" ({error,
                                                                             timeout})

=ERROR REPORT==== 16-Jun-2014::23:59:34 ===
** Generic server <0.2765.0> terminating 
** Last message in was {timeout,#Ref<0.0.0.30670>,start_beam}
** When Server state == {state,{global,ts_mon},
                               10000,undefined,"localhost",undefined,[]}
** Reason for termination == 
** {error,timeout}

=INFO REPORT==== 16-Jun-2014::23:59:35 ===
    ts_os_mon_erlang:(5:<0.2955.0>) Starting os_mon beam on host "localhost" 

=INFO REPORT==== 17-Jun-2014::00:00:07 ===
    ts_os_mon_erlang:(3:<0.2955.0>) Fail to start beam on host "localhost" ({error,
                                                                             timeout})

=ERROR REPORT==== 17-Jun-2014::00:00:08 ===
** Generic server <0.2955.0> terminating 
** Last message in was {timeout,#Ref<0.0.0.32797>,start_beam}
** When Server state == {state,{global,ts_mon},
                               10000,undefined,"localhost",undefined,[]}
** Reason for termination == 
** {error,timeout}

=INFO REPORT==== 17-Jun-2014::00:00:09 ===
    ts_os_mon_erlang:(5:<0.3117.0>) Starting os_mon beam on host "localhost" 

=INFO REPORT==== 17-Jun-2014::00:00:41 ===
    ts_os_mon_erlang:(3:<0.3117.0>) Fail to start beam on host "localhost" ({error,
                                                                             timeout})

=ERROR REPORT==== 17-Jun-2014::00:00:41 ===
** Generic server <0.3117.0> terminating 
** Last message in was {timeout,#Ref<0.0.0.34619>,start_beam}
** When Server state == {state,{global,ts_mon},
                               10000,undefined,"localhost",undefined,[]}
** Reason for termination == 
** {error,timeout}

=INFO REPORT==== 17-Jun-2014::00:00:42 ===
    ts_os_mon_erlang:(5:<0.3292.0>) Starting os_mon beam on host "localhost" 

=INFO REPORT==== 17-Jun-2014::00:00:51 ===
         ts_launcher:(5:<0.89.0>) Phase duration exceeded, but not all users were launched (7 users, 0.5% of phase)

=INFO REPORT==== 17-Jun-2014::00:00:51 ===
         ts_launcher:(5:<0.89.0>) Start a new arrival phase (2000 users, 0.006666666666666667); expected duration=300.0 sec

=INFO REPORT==== 17-Jun-2014::00:01:14 ===
    ts_os_mon_erlang:(3:<0.3292.0>) Fail to start beam on host "localhost" ({error,
                                                                             timeout})

=ERROR REPORT==== 17-Jun-2014::00:01:14 ===
** Generic server <0.3292.0> terminating 
** Last message in was {timeout,#Ref<0.0.0.36585>,start_beam}
** When Server state == {state,{global,ts_mon},
                               10000,undefined,"localhost",undefined,[]}
** Reason for termination == 
** {error,timeout}

=INFO REPORT==== 17-Jun-2014::00:01:15 ===
    ts_os_mon_erlang:(5:<0.3494.0>) Starting os_mon beam on host "localhost" 

=INFO REPORT==== 17-Jun-2014::00:01:47 ===
    ts_os_mon_erlang:(3:<0.3494.0>) Fail to start beam on host "localhost" ({error,
                                                                             timeout})

=ERROR REPORT==== 17-Jun-2014::00:01:47 ===
** Generic server <0.3494.0> terminating 
** Last message in was {timeout,#Ref<0.0.0.38847>,start_beam}
** When Server state == {state,{global,ts_mon},
                               10000,undefined,"localhost",undefined,[]}
** Reason for termination == 
** {error,timeout}

=INFO REPORT==== 17-Jun-2014::00:01:48 ===
    ts_os_mon_erlang:(5:<0.3701.0>) Starting os_mon beam on host "localhost" 

=INFO REPORT==== 17-Jun-2014::00:02:20 ===
    ts_os_mon_erlang:(3:<0.3701.0>) Fail to start beam on host "localhost" ({error,
                                                                             timeout})

=ERROR REPORT==== 17-Jun-2014::00:02:20 ===
** Generic server <0.3701.0> terminating 
** Last message in was {timeout,#Ref<0.0.0.41162>,start_beam}
** When Server state == {state,{global,ts_mon},
                               10000,undefined,"localhost",undefined,[]}
** Reason for termination == 
** {error,timeout}

=INFO REPORT==== 17-Jun-2014::00:02:21 ===
    ts_os_mon_erlang:(5:<0.3949.0>) Starting os_mon beam on host "localhost" 

=INFO REPORT==== 17-Jun-2014::00:02:53 ===
    ts_os_mon_erlang:(3:<0.3949.0>) Fail to start beam on host "localhost" ({error,
                                                                             timeout})

=ERROR REPORT==== 17-Jun-2014::00:02:53 ===
** Generic server <0.3949.0> terminating 
** Last message in was {timeout,#Ref<0.0.0.43931>,start_beam}
** When Server state == {state,{global,ts_mon},
                               10000,undefined,"localhost",undefined,[]}
** Reason for termination == 
** {error,timeout}

=INFO REPORT==== 17-Jun-2014::00:02:54 ===
    ts_os_mon_erlang:(5:<0.4175.0>) Starting os_mon beam on host "localhost" 

=INFO REPORT==== 17-Jun-2014::00:03:26 ===
    ts_os_mon_erlang:(3:<0.4175.0>) Fail to start beam on host "localhost" ({error,
                                                                             timeout})

=ERROR REPORT==== 17-Jun-2014::00:03:26 ===
** Generic server <0.4175.0> terminating 
** Last message in was {timeout,#Ref<0.0.0.46455>,start_beam}
** When Server state == {state,{global,ts_mon},
                               10000,undefined,"localhost",undefined,[]}
** Reason for termination == 
** {error,timeout}

=INFO REPORT==== 17-Jun-2014::00:03:27 ===
    ts_os_mon_erlang:(5:<0.4413.0>) Starting os_mon beam on host "localhost" 

=INFO REPORT==== 17-Jun-2014::00:03:59 ===
    ts_os_mon_erlang:(3:<0.4413.0>) Fail to start beam on host "localhost" ({error,
                                                                             timeout})

=ERROR REPORT==== 17-Jun-2014::00:03:59 ===
** Generic server <0.4413.0> terminating 
** Last message in was {timeout,#Ref<0.0.0.49111>,start_beam}
** When Server state == {state,{global,ts_mon},
                               10000,undefined,"localhost",undefined,[]}
** Reason for termination == 
** {error,timeout}

=INFO REPORT==== 17-Jun-2014::00:04:00 ===
    ts_os_mon_erlang:(5:<0.4643.0>) Starting os_mon beam on host "localhost" 

=INFO REPORT==== 17-Jun-2014::00:04:32 ===
    ts_os_mon_erlang:(3:<0.4643.0>) Fail to start beam on host "localhost" ({error,
                                                                             timeout})

=ERROR REPORT==== 17-Jun-2014::00:04:32 ===
** Generic server <0.4643.0> terminating 
** Last message in was {timeout,#Ref<0.0.0.51680>,start_beam}
** When Server state == {state,{global,ts_mon},
                               10000,undefined,"localhost",undefined,[]}
** Reason for termination == 
** {error,timeout}

=INFO REPORT==== 17-Jun-2014::00:04:33 ===
    ts_os_mon_erlang:(5:<0.4870.0>) Starting os_mon beam on host "localhost" 

=INFO REPORT==== 17-Jun-2014::00:05:05 ===
    ts_os_mon_erlang:(3:<0.4870.0>) Fail to start beam on host "localhost" ({error,
                                                                             timeout})

=ERROR REPORT==== 17-Jun-2014::00:05:05 ===
** Generic server <0.4870.0> terminating 
** Last message in was {timeout,#Ref<0.0.0.54217>,start_beam}
** When Server state == {state,{global,ts_mon},
                               10000,undefined,"localhost",undefined,[]}
** Reason for termination == 
** {error,timeout}

=INFO REPORT==== 17-Jun-2014::00:05:06 ===
    ts_os_mon_erlang:(5:<0.5091.0>) Starting os_mon beam on host "localhost" 

=INFO REPORT==== 17-Jun-2014::00:05:38 ===
    ts_os_mon_erlang:(3:<0.5091.0>) Fail to start beam on host "localhost" ({error,
                                                                             timeout})

=ERROR REPORT==== 17-Jun-2014::00:05:38 ===
** Generic server <0.5091.0> terminating 
** Last message in was {timeout,#Ref<0.0.0.56686>,start_beam}
** When Server state == {state,{global,ts_mon},
                               10000,undefined,"localhost",undefined,[]}
** Reason for termination == 
** {error,timeout}

=INFO REPORT==== 17-Jun-2014::00:05:39 ===
    ts_os_mon_erlang:(5:<0.5319.0>) Starting os_mon beam on host "localhost" 

=INFO REPORT==== 17-Jun-2014::00:05:51 ===
         ts_launcher:(5:<0.89.0>) Phase duration exceeded, but not all users were launched (21 users, 1.1% of phase)

=INFO REPORT==== 17-Jun-2014::00:05:51 ===
         ts_launcher:(5:<0.89.0>) Start a new arrival phase (2500 users, 0.008333333333333333); expected duration=300.0 sec

=INFO REPORT==== 17-Jun-2014::00:06:11 ===
    ts_os_mon_erlang:(3:<0.5319.0>) Fail to start beam on host "localhost" ({error,
                                                                             timeout})

=ERROR REPORT==== 17-Jun-2014::00:06:11 ===
** Generic server <0.5319.0> terminating 
** Last message in was {timeout,#Ref<0.0.0.59233>,start_beam}
** When Server state == {state,{global,ts_mon},
                               10000,undefined,"localhost",undefined,[]}
** Reason for termination == 
** {error,timeout}

=INFO REPORT==== 17-Jun-2014::00:06:12 ===
    ts_os_mon_erlang:(5:<0.5591.0>) Starting os_mon beam on host "localhost" 

=INFO REPORT==== 17-Jun-2014::00:06:44 ===
    ts_os_mon_erlang:(3:<0.5591.0>) Fail to start beam on host "localhost" ({error,
                                                                             timeout})

=ERROR REPORT==== 17-Jun-2014::00:06:44 ===
** Generic server <0.5591.0> terminating 
** Last message in was {timeout,#Ref<0.0.0.62269>,start_beam}
** When Server state == {state,{global,ts_mon},
                               10000,undefined,"localhost",undefined,[]}
** Reason for termination == 
** {error,timeout}

=INFO REPORT==== 17-Jun-2014::00:06:45 ===
    ts_os_mon_erlang:(5:<0.5872.0>) Starting os_mon beam on host "localhost" 

=INFO REPORT==== 17-Jun-2014::00:07:17 ===
    ts_os_mon_erlang:(3:<0.5872.0>) Fail to start beam on host "localhost" ({error,
                                                                             timeout})

=ERROR REPORT==== 17-Jun-2014::00:07:17 ===
** Generic server <0.5872.0> terminating 
** Last message in was {timeout,#Ref<0.0.0.65397>,start_beam}
** When Server state == {state,{global,ts_mon},
                               10000,undefined,"localhost",undefined,[]}
** Reason for termination == 
** {error,timeout}

=INFO REPORT==== 17-Jun-2014::00:07:18 ===
    ts_os_mon_erlang:(5:<0.6141.0>) Starting os_mon beam on host "localhost" 

=INFO REPORT==== 17-Jun-2014::00:07:50 ===
    ts_os_mon_erlang:(3:<0.6141.0>) Fail to start beam on host "localhost" ({error,
                                                                             timeout})

=ERROR REPORT==== 17-Jun-2014::00:07:50 ===
** Generic server <0.6141.0> terminating 
** Last message in was {timeout,#Ref<0.0.0.68394>,start_beam}
** When Server state == {state,{global,ts_mon},
                               10000,undefined,"localhost",undefined,[]}
** Reason for termination == 
** {error,timeout}

=INFO REPORT==== 17-Jun-2014::00:07:51 ===
    ts_os_mon_erlang:(5:<0.6445.0>) Starting os_mon beam on host "localhost" 

=INFO REPORT==== 17-Jun-2014::00:08:23 ===
    ts_os_mon_erlang:(3:<0.6445.0>) Fail to start beam on host "localhost" ({error,
                                                                             timeout})

=ERROR REPORT==== 17-Jun-2014::00:08:23 ===
** Generic server <0.6445.0> terminating 
** Last message in was {timeout,#Ref<0.0.0.71780>,start_beam}
** When Server state == {state,{global,ts_mon},
                               10000,undefined,"localhost",undefined,[]}
** Reason for termination == 
** {error,timeout}

=INFO REPORT==== 17-Jun-2014::00:08:24 ===
    ts_os_mon_erlang:(5:<0.6757.0>) Starting os_mon beam on host "localhost" 

=INFO REPORT==== 17-Jun-2014::00:08:56 ===
    ts_os_mon_erlang:(3:<0.6757.0>) Fail to start beam on host "localhost" ({error,
                                                                             timeout})

=ERROR REPORT==== 17-Jun-2014::00:08:56 ===
** Generic server <0.6757.0> terminating 
** Last message in was {timeout,#Ref<0.0.0.75250>,start_beam}
** When Server state == {state,{global,ts_mon},
                               10000,undefined,"localhost",undefined,[]}
** Reason for termination == 
** {error,timeout}

=INFO REPORT==== 17-Jun-2014::00:08:57 ===
    ts_os_mon_erlang:(5:<0.7054.0>) Starting os_mon beam on host "localhost" 

=INFO REPORT==== 17-Jun-2014::00:09:29 ===
    ts_os_mon_erlang:(3:<0.7054.0>) Fail to start beam on host "localhost" ({error,
                                                                             timeout})

=ERROR REPORT==== 17-Jun-2014::00:09:29 ===
** Generic server <0.7054.0> terminating 
** Last message in was {timeout,#Ref<0.0.0.78554>,start_beam}
** When Server state == {state,{global,ts_mon},
                               10000,undefined,"localhost",undefined,[]}
** Reason for termination == 
** {error,timeout}

=INFO REPORT==== 17-Jun-2014::00:09:30 ===
    ts_os_mon_erlang:(5:<0.7315.0>) Starting os_mon beam on host "localhost" 

=INFO REPORT==== 17-Jun-2014::00:10:02 ===
    ts_os_mon_erlang:(3:<0.7315.0>) Fail to start beam on host "localhost" ({error,
                                                                             timeout})

=ERROR REPORT==== 17-Jun-2014::00:10:02 ===
** Generic server <0.7315.0> terminating 
** Last message in was {timeout,#Ref<0.0.0.81407>,start_beam}
** When Server state == {state,{global,ts_mon},
                               10000,undefined,"localhost",undefined,[]}
** Reason for termination == 
** {error,timeout}

=INFO REPORT==== 17-Jun-2014::00:10:03 ===
    ts_os_mon_erlang:(5:<0.7594.0>) Starting os_mon beam on host "localhost" 

=INFO REPORT==== 17-Jun-2014::00:10:35 ===
    ts_os_mon_erlang:(3:<0.7594.0>) Fail to start beam on host "localhost" ({error,
                                                                             timeout})

=ERROR REPORT==== 17-Jun-2014::00:10:35 ===
** Generic server <0.7594.0> terminating 
** Last message in was {timeout,#Ref<0.0.0.84269>,start_beam}
** When Server state == {state,{global,ts_mon},
                               10000,undefined,"localhost",undefined,[]}
** Reason for termination == 
** {error,timeout}

=INFO REPORT==== 17-Jun-2014::00:10:36 ===
    ts_os_mon_erlang:(5:<0.7871.0>) Starting os_mon beam on host "localhost" 

=INFO REPORT==== 17-Jun-2014::00:10:46 ===
         ts_launcher:(4:<0.89.0>) Need to wait 4.907 sec before changing phase, going to sleep

=INFO REPORT==== 17-Jun-2014::00:10:51 ===
         ts_launcher:(5:<0.89.0>) Waking up

=INFO REPORT==== 17-Jun-2014::00:10:51 ===
         ts_launcher:(5:<0.89.0>) Start a new arrival phase (3000 users, 0.01); expected duration=300.0 sec

=INFO REPORT==== 17-Jun-2014::00:11:08 ===
    ts_os_mon_erlang:(3:<0.7871.0>) Fail to start beam on host "localhost" ({error,
                                                                             timeout})

=ERROR REPORT==== 17-Jun-2014::00:11:08 ===
** Generic server <0.7871.0> terminating 
** Last message in was {timeout,#Ref<0.0.0.87660>,start_beam}
** When Server state == {state,{global,ts_mon},
                               10000,undefined,"localhost",undefined,[]}
** Reason for termination == 
** {error,timeout}

=INFO REPORT==== 17-Jun-2014::00:11:09 ===
    ts_os_mon_erlang:(5:<0.8139.0>) Starting os_mon beam on host "localhost" 

=INFO REPORT==== 17-Jun-2014::00:11:41 ===
    ts_os_mon_erlang:(3:<0.8139.0>) Fail to start beam on host "localhost" ({error,
                                                                             timeout})

=ERROR REPORT==== 17-Jun-2014::00:11:41 ===
** Generic server <0.8139.0> terminating 
** Last message in was {timeout,#Ref<0.0.0.90649>,start_beam}
** When Server state == {state,{global,ts_mon},
                               10000,undefined,"localhost",undefined,[]}
** Reason for termination == 
** {error,timeout}

=INFO REPORT==== 17-Jun-2014::00:11:42 ===
    ts_os_mon_erlang:(5:<0.8507.0>) Starting os_mon beam on host "localhost" 

=INFO REPORT==== 17-Jun-2014::00:12:14 ===
    ts_os_mon_erlang:(3:<0.8507.0>) Fail to start beam on host "localhost" ({error,
                                                                             timeout})

=ERROR REPORT==== 17-Jun-2014::00:12:14 ===
** Generic server <0.8507.0> terminating 
** Last message in was {timeout,#Ref<0.0.0.94711>,start_beam}
** When Server state == {state,{global,ts_mon},
                               10000,undefined,"localhost",undefined,[]}
** Reason for termination == 
** {error,timeout}

=INFO REPORT==== 17-Jun-2014::00:12:15 ===
    ts_os_mon_erlang:(5:<0.8829.0>) Starting os_mon beam on host "localhost" 

=INFO REPORT==== 17-Jun-2014::00:12:47 ===
    ts_os_mon_erlang:(3:<0.8829.0>) Fail to start beam on host "localhost" ({error,
                                                                             timeout})

=ERROR REPORT==== 17-Jun-2014::00:12:47 ===
** Generic server <0.8829.0> terminating 
** Last message in was {timeout,#Ref<0.0.0.98314>,start_beam}
** When Server state == {state,{global,ts_mon},
                               10000,undefined,"localhost",undefined,[]}
** Reason for termination == 
** {error,timeout}

=INFO REPORT==== 17-Jun-2014::00:12:48 ===
    ts_os_mon_erlang:(5:<0.9150.0>) Starting os_mon beam on host "localhost" 

=INFO REPORT==== 17-Jun-2014::00:13:20 ===
    ts_os_mon_erlang:(3:<0.9150.0>) Fail to start beam on host "localhost" ({error,
                                                                             timeout})

=ERROR REPORT==== 17-Jun-2014::00:13:20 ===
** Generic server <0.9150.0> terminating 
** Last message in was {timeout,#Ref<0.0.0.101887>,start_beam}
** When Server state == {state,{global,ts_mon},
                               10000,undefined,"localhost",undefined,[]}
** Reason for termination == 
** {error,timeout}

=INFO REPORT==== 17-Jun-2014::00:13:21 ===
    ts_os_mon_erlang:(5:<0.9482.0>) Starting os_mon beam on host "localhost" 

=INFO REPORT==== 17-Jun-2014::00:13:53 ===
    ts_os_mon_erlang:(3:<0.9482.0>) Fail to start beam on host "localhost" ({error,
                                                                             timeout})

=ERROR REPORT==== 17-Jun-2014::00:13:53 ===
** Generic server <0.9482.0> terminating 
** Last message in was {timeout,#Ref<0.0.0.105420>,start_beam}
** When Server state == {state,{global,ts_mon},
                               10000,undefined,"localhost",undefined,[]}
** Reason for termination == 
** {error,timeout}

=INFO REPORT==== 17-Jun-2014::00:13:54 ===
    ts_os_mon_erlang:(5:<0.9793.0>) Starting os_mon beam on host "localhost" 

=INFO REPORT==== 17-Jun-2014::00:14:26 ===
    ts_os_mon_erlang:(3:<0.9793.0>) Fail to start beam on host "localhost" ({error,
                                                                             timeout})

=ERROR REPORT==== 17-Jun-2014::00:14:26 ===
** Generic server <0.9793.0> terminating 
** Last message in was {timeout,#Ref<0.0.0.109039>,start_beam}
** When Server state == {state,{global,ts_mon},
                               10000,undefined,"localhost",undefined,[]}
** Reason for termination == 
** {error,timeout}

=INFO REPORT==== 17-Jun-2014::00:14:27 ===
    ts_os_mon_erlang:(5:<0.10162.0>) Starting os_mon beam on host "localhost" 

=INFO REPORT==== 17-Jun-2014::00:14:59 ===
    ts_os_mon_erlang:(3:<0.10162.0>) Fail to start beam on host "localhost" ({error,
                                                                              timeout})

=ERROR REPORT==== 17-Jun-2014::00:14:59 ===
** Generic server <0.10162.0> terminating 
** Last message in was {timeout,#Ref<0.0.0.113138>,start_beam}
** When Server state == {state,{global,ts_mon},
                               10000,undefined,"localhost",undefined,[]}
** Reason for termination == 
** {error,timeout}

=INFO REPORT==== 17-Jun-2014::00:15:00 ===
    ts_os_mon_erlang:(5:<0.10514.0>) Starting os_mon beam on host "localhost" 

=INFO REPORT==== 17-Jun-2014::00:15:32 ===
    ts_os_mon_erlang:(3:<0.10514.0>) Fail to start beam on host "localhost" ({error,
                                                                              timeout})

=ERROR REPORT==== 17-Jun-2014::00:15:32 ===
** Generic server <0.10514.0> terminating 
** Last message in was {timeout,#Ref<0.0.0.117046>,start_beam}
** When Server state == {state,{global,ts_mon},
                               10000,undefined,"localhost",undefined,[]}
** Reason for termination == 
** {error,timeout}

=INFO REPORT==== 17-Jun-2014::00:15:33 ===
    ts_os_mon_erlang:(5:<0.10869.0>) Starting os_mon beam on host "localhost" 

=INFO REPORT==== 17-Jun-2014::00:15:51 ===
         ts_launcher:(5:<0.89.0>) Phase duration exceeded, but not all users were launched (4 users, 0.1% of phase)

=INFO REPORT==== 17-Jun-2014::00:15:51 ===
         ts_launcher:(5:<0.89.0>) Start a new arrival phase (500 users, 0.0016666666666666668); expected duration=300.0 sec

=INFO REPORT==== 17-Jun-2014::00:16:05 ===
    ts_os_mon_erlang:(3:<0.10869.0>) Fail to start beam on host "localhost" ({error,
                                                                              timeout})

=ERROR REPORT==== 17-Jun-2014::00:16:05 ===
** Generic server <0.10869.0> terminating 
** Last message in was {timeout,#Ref<0.0.0.120993>,start_beam}
** When Server state == {state,{global,ts_mon},
                               10000,undefined,"localhost",undefined,[]}
** Reason for termination == 
** {error,timeout}

=INFO REPORT==== 17-Jun-2014::00:16:06 ===
    ts_os_mon_erlang:(5:<0.11099.0>) Starting os_mon beam on host "localhost" 

=INFO REPORT==== 17-Jun-2014::00:16:38 ===
    ts_os_mon_erlang:(3:<0.11099.0>) Fail to start beam on host "localhost" ({error,
                                                                              timeout})

=ERROR REPORT==== 17-Jun-2014::00:16:38 ===
** Generic server <0.11099.0> terminating 
** Last message in was {timeout,#Ref<0.0.0.123555>,start_beam}
** When Server state == {state,{global,ts_mon},
                               10000,undefined,"localhost",undefined,[]}
** Reason for termination == 
** {error,timeout}

=INFO REPORT==== 17-Jun-2014::00:16:39 ===
    ts_os_mon_erlang:(5:<0.11158.0>) Starting os_mon beam on host "localhost" 

=INFO REPORT==== 17-Jun-2014::00:17:11 ===
    ts_os_mon_erlang:(3:<0.11158.0>) Fail to start beam on host "localhost" ({error,
                                                                              timeout})

=ERROR REPORT==== 17-Jun-2014::00:17:11 ===
** Generic server <0.11158.0> terminating 
** Last message in was {timeout,#Ref<0.0.0.124250>,start_beam}
** When Server state == {state,{global,ts_mon},
                               10000,undefined,"localhost",undefined,[]}
** Reason for termination == 
** {error,timeout}

=INFO REPORT==== 17-Jun-2014::00:17:12 ===
    ts_os_mon_erlang:(5:<0.11218.0>) Starting os_mon beam on host "localhost" 

=INFO REPORT==== 17-Jun-2014::00:17:44 ===
    ts_os_mon_erlang:(3:<0.11218.0>) Fail to start beam on host "localhost" ({error,
                                                                              timeout})

=ERROR REPORT==== 17-Jun-2014::00:17:44 ===
** Generic server <0.11218.0> terminating 
** Last message in was {timeout,#Ref<0.0.0.124951>,start_beam}
** When Server state == {state,{global,ts_mon},
                               10000,undefined,"localhost",undefined,[]}
** Reason for termination == 
** {error,timeout}

=INFO REPORT==== 17-Jun-2014::00:17:45 ===
    ts_os_mon_erlang:(5:<0.11283.0>) Starting os_mon beam on host "localhost" 

=INFO REPORT==== 17-Jun-2014::00:18:17 ===
    ts_os_mon_erlang:(3:<0.11283.0>) Fail to start beam on host "localhost" ({error,
                                                                              timeout})

=ERROR REPORT==== 17-Jun-2014::00:18:17 ===
** Generic server <0.11283.0> terminating 
** Last message in was {timeout,#Ref<0.0.0.125704>,start_beam}
** When Server state == {state,{global,ts_mon},
                               10000,undefined,"localhost",undefined,[]}
** Reason for termination == 
** {error,timeout}

=INFO REPORT==== 17-Jun-2014::00:18:18 ===
    ts_os_mon_erlang:(5:<0.11349.0>) Starting os_mon beam on host "localhost" 

=INFO REPORT==== 17-Jun-2014::00:18:50 ===
    ts_os_mon_erlang:(3:<0.11349.0>) Fail to start beam on host "localhost" ({error,
                                                                              timeout})

=ERROR REPORT==== 17-Jun-2014::00:18:50 ===
** Generic server <0.11349.0> terminating 
** Last message in was {timeout,#Ref<0.0.0.126469>,start_beam}
** When Server state == {state,{global,ts_mon},
                               10000,undefined,"localhost",undefined,[]}
** Reason for termination == 
** {error,timeout}

=INFO REPORT==== 17-Jun-2014::00:18:51 ===
    ts_os_mon_erlang:(5:<0.11429.0>) Starting os_mon beam on host "localhost" 

=INFO REPORT==== 17-Jun-2014::00:19:23 ===
    ts_os_mon_erlang:(3:<0.11429.0>) Fail to start beam on host "localhost" ({error,
                                                                              timeout})

=ERROR REPORT==== 17-Jun-2014::00:19:23 ===
** Generic server <0.11429.0> terminating 
** Last message in was {timeout,#Ref<0.0.0.127390>,start_beam}
** When Server state == {state,{global,ts_mon},
                               10000,undefined,"localhost",undefined,[]}
** Reason for termination == 
** {error,timeout}

=INFO REPORT==== 17-Jun-2014::00:19:24 ===
    ts_os_mon_erlang:(5:<0.11490.0>) Starting os_mon beam on host "localhost" 

=INFO REPORT==== 17-Jun-2014::00:19:56 ===
    ts_os_mon_erlang:(3:<0.11490.0>) Fail to start beam on host "localhost" ({error,
                                                                              timeout})

=ERROR REPORT==== 17-Jun-2014::00:19:56 ===
** Generic server <0.11490.0> terminating 
** Last message in was {timeout,#Ref<0.0.0.128099>,start_beam}
** When Server state == {state,{global,ts_mon},
                               10000,undefined,"localhost",undefined,[]}
** Reason for termination == 
** {error,timeout}

=INFO REPORT==== 17-Jun-2014::00:19:57 ===
    ts_os_mon_erlang:(5:<0.11542.0>) Starting os_mon beam on host "localhost" 

=INFO REPORT==== 17-Jun-2014::00:20:29 ===
    ts_os_mon_erlang:(3:<0.11542.0>) Fail to start beam on host "localhost" ({error,
                                                                              timeout})

=ERROR REPORT==== 17-Jun-2014::00:20:29 ===
** Generic server <0.11542.0> terminating 
** Last message in was {timeout,#Ref<0.0.0.128710>,start_beam}
** When Server state == {state,{global,ts_mon},
                               10000,undefined,"localhost",undefined,[]}
** Reason for termination == 
** {error,timeout}

=INFO REPORT==== 17-Jun-2014::00:20:30 ===
    ts_os_mon_erlang:(5:<0.11594.0>) Starting os_mon beam on host "localhost" 

=INFO REPORT==== 17-Jun-2014::00:20:48 ===
         ts_launcher:(4:<0.89.0>) Need to wait 3.006 sec before changing phase, going to sleep

=INFO REPORT==== 17-Jun-2014::00:20:51 ===
         ts_launcher:(5:<0.89.0>) Waking up

=INFO REPORT==== 17-Jun-2014::00:20:51 ===
         ts_launcher:(5:<0.89.0>) Start a new arrival phase (1000 users, 0.0033333333333333335); expected duration=300.0 sec

=INFO REPORT==== 17-Jun-2014::00:21:02 ===
    ts_os_mon_erlang:(3:<0.11594.0>) Fail to start beam on host "localhost" ({error,
                                                                              timeout})

=ERROR REPORT==== 17-Jun-2014::00:21:02 ===
** Generic server <0.11594.0> terminating 
** Last message in was {timeout,#Ref<0.0.0.129320>,start_beam}
** When Server state == {state,{global,ts_mon},
                               10000,undefined,"localhost",undefined,[]}
** Reason for termination == 
** {error,timeout}

=INFO REPORT==== 17-Jun-2014::00:21:03 ===
    ts_os_mon_erlang:(5:<0.11688.0>) Starting os_mon beam on host "localhost" 

=INFO REPORT==== 17-Jun-2014::00:21:35 ===
    ts_os_mon_erlang:(3:<0.11688.0>) Fail to start beam on host "localhost" ({error,
                                                                              timeout})

=ERROR REPORT==== 17-Jun-2014::00:21:35 ===
** Generic server <0.11688.0> terminating 
** Last message in was {timeout,#Ref<0.0.0.130398>,start_beam}
** When Server state == {state,{global,ts_mon},
                               10000,undefined,"localhost",undefined,[]}
** Reason for termination == 
** {error,timeout}

=INFO REPORT==== 17-Jun-2014::00:21:36 ===
    ts_os_mon_erlang:(5:<0.11828.0>) Starting os_mon beam on host "localhost" 

=INFO REPORT==== 17-Jun-2014::00:22:08 ===
    ts_os_mon_erlang:(3:<0.11828.0>) Fail to start beam on host "localhost" ({error,
                                                                              timeout})

=ERROR REPORT==== 17-Jun-2014::00:22:08 ===
** Generic server <0.11828.0> terminating 
** Last message in was {timeout,#Ref<0.0.0.131975>,start_beam}
** When Server state == {state,{global,ts_mon},
                               10000,undefined,"localhost",undefined,[]}
** Reason for termination == 
** {error,timeout}

=INFO REPORT==== 17-Jun-2014::00:22:09 ===
    ts_os_mon_erlang:(5:<0.11941.0>) Starting os_mon beam on host "localhost" 

=INFO REPORT==== 17-Jun-2014::00:22:41 ===
    ts_os_mon_erlang:(3:<0.11941.0>) Fail to start beam on host "localhost" ({error,
                                                                              timeout})

=ERROR REPORT==== 17-Jun-2014::00:22:41 ===
** Generic server <0.11941.0> terminating 
** Last message in was {timeout,#Ref<0.0.0.133257>,start_beam}
** When Server state == {state,{global,ts_mon},
                               10000,undefined,"localhost",undefined,[]}
** Reason for termination == 
** {error,timeout}

=INFO REPORT==== 17-Jun-2014::00:22:42 ===
    ts_os_mon_erlang:(5:<0.12068.0>) Starting os_mon beam on host "localhost" 

=INFO REPORT==== 17-Jun-2014::00:23:14 ===
    ts_os_mon_erlang:(3:<0.12068.0>) Fail to start beam on host "localhost" ({error,
                                                                              timeout})

=ERROR REPORT==== 17-Jun-2014::00:23:14 ===
** Generic server <0.12068.0> terminating 
** Last message in was {timeout,#Ref<0.0.0.134695>,start_beam}
** When Server state == {state,{global,ts_mon},
                               10000,undefined,"localhost",undefined,[]}
** Reason for termination == 
** {error,timeout}

=INFO REPORT==== 17-Jun-2014::00:23:15 ===
    ts_os_mon_erlang:(5:<0.12177.0>) Starting os_mon beam on host "localhost" 

=INFO REPORT==== 17-Jun-2014::00:23:47 ===
    ts_os_mon_erlang:(3:<0.12177.0>) Fail to start beam on host "localhost" ({error,
                                                                              timeout})

=ERROR REPORT==== 17-Jun-2014::00:23:47 ===
** Generic server <0.12177.0> terminating 
** Last message in was {timeout,#Ref<0.0.0.135932>,start_beam}
** When Server state == {state,{global,ts_mon},
                               10000,undefined,"localhost",undefined,[]}
** Reason for termination == 
** {error,timeout}

=INFO REPORT==== 17-Jun-2014::00:23:48 ===
    ts_os_mon_erlang:(5:<0.12304.0>) Starting os_mon beam on host "localhost" 

=INFO REPORT==== 17-Jun-2014::00:24:20 ===
    ts_os_mon_erlang:(3:<0.12304.0>) Fail to start beam on host "localhost" ({error,
                                                                              timeout})

=ERROR REPORT==== 17-Jun-2014::00:24:20 ===
** Generic server <0.12304.0> terminating 
** Last message in was {timeout,#Ref<0.0.0.137367>,start_beam}
** When Server state == {state,{global,ts_mon},
                               10000,undefined,"localhost",undefined,[]}
** Reason for termination == 
** {error,timeout}

=INFO REPORT==== 17-Jun-2014::00:24:21 ===
    ts_os_mon_erlang:(5:<0.12444.0>) Starting os_mon beam on host "localhost" 

=INFO REPORT==== 17-Jun-2014::00:24:53 ===
    ts_os_mon_erlang:(3:<0.12444.0>) Fail to start beam on host "localhost" ({error,
                                                                              timeout})

=ERROR REPORT==== 17-Jun-2014::00:24:53 ===
** Generic server <0.12444.0> terminating 
** Last message in was {timeout,#Ref<0.0.0.138949>,start_beam}
** When Server state == {state,{global,ts_mon},
                               10000,undefined,"localhost",undefined,[]}
** Reason for termination == 
** {error,timeout}

=INFO REPORT==== 17-Jun-2014::00:24:54 ===
    ts_os_mon_erlang:(5:<0.12540.0>) Starting os_mon beam on host "localhost" 

=INFO REPORT==== 17-Jun-2014::00:25:26 ===
    ts_os_mon_erlang:(3:<0.12540.0>) Fail to start beam on host "localhost" ({error,
                                                                              timeout})

=ERROR REPORT==== 17-Jun-2014::00:25:26 ===
** Generic server <0.12540.0> terminating 
** Last message in was {timeout,#Ref<0.0.0.140043>,start_beam}
** When Server state == {state,{global,ts_mon},
                               10000,undefined,"localhost",undefined,[]}
** Reason for termination == 
** {error,timeout}

=INFO REPORT==== 17-Jun-2014::00:25:27 ===
    ts_os_mon_erlang:(5:<0.12660.0>) Starting os_mon beam on host "localhost" 

=INFO REPORT==== 17-Jun-2014::00:25:48 ===
         ts_launcher:(4:<0.89.0>) Need to wait 2.979 sec before changing phase, going to sleep

=INFO REPORT==== 17-Jun-2014::00:25:51 ===
         ts_launcher:(5:<0.89.0>) Waking up

=INFO REPORT==== 17-Jun-2014::00:25:51 ===
         ts_launcher:(5:<0.89.0>) Start a new arrival phase (1500 users, 0.005); expected duration=300.0 sec

=INFO REPORT==== 17-Jun-2014::00:25:59 ===
    ts_os_mon_erlang:(3:<0.12660.0>) Fail to start beam on host "localhost" ({error,
                                                                              timeout})

=ERROR REPORT==== 17-Jun-2014::00:25:59 ===
** Generic server <0.12660.0> terminating 
** Last message in was {timeout,#Ref<0.0.0.141401>,start_beam}
** When Server state == {state,{global,ts_mon},
                               10000,undefined,"localhost",undefined,[]}
** Reason for termination == 
** {error,timeout}

=INFO REPORT==== 17-Jun-2014::00:26:00 ===
    ts_os_mon_erlang:(5:<0.12786.0>) Starting os_mon beam on host "localhost" 

=INFO REPORT==== 17-Jun-2014::00:26:32 ===
    ts_os_mon_erlang:(3:<0.12786.0>) Fail to start beam on host "localhost" ({error,
                                                                              timeout})

=ERROR REPORT==== 17-Jun-2014::00:26:32 ===
** Generic server <0.12786.0> terminating 
** Last message in was {timeout,#Ref<0.0.0.142828>,start_beam}
** When Server state == {state,{global,ts_mon},
                               10000,undefined,"localhost",undefined,[]}
** Reason for termination == 
** {error,timeout}

=INFO REPORT==== 17-Jun-2014::00:26:33 ===
    ts_os_mon_erlang:(5:<0.12947.0>) Starting os_mon beam on host "localhost" 

=INFO REPORT==== 17-Jun-2014::00:27:05 ===
    ts_os_mon_erlang:(3:<0.12947.0>) Fail to start beam on host "localhost" ({error,
                                                                              timeout})

=ERROR REPORT==== 17-Jun-2014::00:27:05 ===
** Generic server <0.12947.0> terminating 
** Last message in was {timeout,#Ref<0.0.0.144640>,start_beam}
** When Server state == {state,{global,ts_mon},
                               10000,undefined,"localhost",undefined,[]}
** Reason for termination == 
** {error,timeout}

=INFO REPORT==== 17-Jun-2014::00:27:06 ===
    ts_os_mon_erlang:(5:<0.13130.0>) Starting os_mon beam on host "localhost" 

=INFO REPORT==== 17-Jun-2014::00:27:38 ===
    ts_os_mon_erlang:(3:<0.13130.0>) Fail to start beam on host "localhost" ({error,
                                                                              timeout})

=ERROR REPORT==== 17-Jun-2014::00:27:38 ===
** Generic server <0.13130.0> terminating 
** Last message in was {timeout,#Ref<0.0.0.146691>,start_beam}
** When Server state == {state,{global,ts_mon},
                               10000,undefined,"localhost",undefined,[]}
** Reason for termination == 
** {error,timeout}

=INFO REPORT==== 17-Jun-2014::00:27:39 ===
    ts_os_mon_erlang:(5:<0.13314.0>) Starting os_mon beam on host "localhost" 

=INFO REPORT==== 17-Jun-2014::00:28:11 ===
    ts_os_mon_erlang:(3:<0.13314.0>) Fail to start beam on host "localhost" ({error,
                                                                              timeout})

=ERROR REPORT==== 17-Jun-2014::00:28:11 ===
** Generic server <0.13314.0> terminating 
** Last message in was {timeout,#Ref<0.0.0.148753>,start_beam}
** When Server state == {state,{global,ts_mon},
                               10000,undefined,"localhost",undefined,[]}
** Reason for termination == 
** {error,timeout}

=INFO REPORT==== 17-Jun-2014::00:28:12 ===
    ts_os_mon_erlang:(5:<0.13482.0>) Starting os_mon beam on host "localhost" 

=INFO REPORT==== 17-Jun-2014::00:28:44 ===
    ts_os_mon_erlang:(3:<0.13482.0>) Fail to start beam on host "localhost" ({error,
                                                                              timeout})

=ERROR REPORT==== 17-Jun-2014::00:28:44 ===
** Generic server <0.13482.0> terminating 
** Last message in was {timeout,#Ref<0.0.0.150643>,start_beam}
** When Server state == {state,{global,ts_mon},
                               10000,undefined,"localhost",undefined,[]}
** Reason for termination == 
** {error,timeout}

=INFO REPORT==== 17-Jun-2014::00:28:45 ===
    ts_os_mon_erlang:(5:<0.13642.0>) Starting os_mon beam on host "localhost" 

=INFO REPORT==== 17-Jun-2014::00:29:17 ===
    ts_os_mon_erlang:(3:<0.13642.0>) Fail to start beam on host "localhost" ({error,
                                                                              timeout})

=ERROR REPORT==== 17-Jun-2014::00:29:17 ===
** Generic server <0.13642.0> terminating 
** Last message in was {timeout,#Ref<0.0.0.152441>,start_beam}
** When Server state == {state,{global,ts_mon},
                               10000,undefined,"localhost",undefined,[]}
** Reason for termination == 
** {error,timeout}

=INFO REPORT==== 17-Jun-2014::00:29:18 ===
    ts_os_mon_erlang:(5:<0.13784.0>) Starting os_mon beam on host "localhost" 

=INFO REPORT==== 17-Jun-2014::00:29:50 ===
    ts_os_mon_erlang:(3:<0.13784.0>) Fail to start beam on host "localhost" ({error,
                                                                              timeout})

=ERROR REPORT==== 17-Jun-2014::00:29:50 ===
** Generic server <0.13784.0> terminating 
** Last message in was {timeout,#Ref<0.0.0.154041>,start_beam}
** When Server state == {state,{global,ts_mon},
                               10000,undefined,"localhost",undefined,[]}
** Reason for termination == 
** {error,timeout}

=INFO REPORT==== 17-Jun-2014::00:29:51 ===
    ts_os_mon_erlang:(5:<0.13952.0>) Starting os_mon beam on host "localhost" 

=INFO REPORT==== 17-Jun-2014::00:30:23 ===
    ts_os_mon_erlang:(3:<0.13952.0>) Fail to start beam on host "localhost" ({error,
                                                                              timeout})

=ERROR REPORT==== 17-Jun-2014::00:30:23 ===
** Generic server <0.13952.0> terminating 
** Last message in was {timeout,#Ref<0.0.0.155931>,start_beam}
** When Server state == {state,{global,ts_mon},
                               10000,undefined,"localhost",undefined,[]}
** Reason for termination == 
** {error,timeout}

=INFO REPORT==== 17-Jun-2014::00:30:24 ===
    ts_os_mon_erlang:(5:<0.14123.0>) Starting os_mon beam on host "localhost" 

=INFO REPORT==== 17-Jun-2014::00:30:52 ===
         ts_launcher:(5:<0.89.0>) Phase duration exceeded, but not all users were launched (50 users, 3.3% of phase)

=INFO REPORT==== 17-Jun-2014::00:30:52 ===
         ts_launcher:(5:<0.89.0>) Start a new arrival phase (2000 users, 0.006666666666666667); expected duration=300.0 sec

=INFO REPORT==== 17-Jun-2014::00:30:56 ===
    ts_os_mon_erlang:(3:<0.14123.0>) Fail to start beam on host "localhost" ({error,
                                                                              timeout})

=ERROR REPORT==== 17-Jun-2014::00:30:56 ===
** Generic server <0.14123.0> terminating 
** Last message in was {timeout,#Ref<0.0.0.157850>,start_beam}
** When Server state == {state,{global,ts_mon},
                               10000,undefined,"localhost",undefined,[]}
** Reason for termination == 
** {error,timeout}

=INFO REPORT==== 17-Jun-2014::00:30:57 ===
    ts_os_mon_erlang:(5:<0.14310.0>) Starting os_mon beam on host "localhost" 

=INFO REPORT==== 17-Jun-2014::00:31:29 ===
    ts_os_mon_erlang:(3:<0.14310.0>) Fail to start beam on host "localhost" ({error,
                                                                              timeout})

=ERROR REPORT==== 17-Jun-2014::00:31:29 ===
** Generic server <0.14310.0> terminating 
** Last message in was {timeout,#Ref<0.0.0.159946>,start_beam}
** When Server state == {state,{global,ts_mon},
                               10000,undefined,"localhost",undefined,[]}
** Reason for termination == 
** {error,timeout}

=INFO REPORT==== 17-Jun-2014::00:31:30 ===
    ts_os_mon_erlang:(5:<0.14519.0>) Starting os_mon beam on host "localhost" 

=INFO REPORT==== 17-Jun-2014::00:32:02 ===
    ts_os_mon_erlang:(3:<0.14519.0>) Fail to start beam on host "localhost" ({error,
                                                                              timeout})

=ERROR REPORT==== 17-Jun-2014::00:32:02 ===
** Generic server <0.14519.0> terminating 
** Last message in was {timeout,#Ref<0.0.0.162283>,start_beam}
** When Server state == {state,{global,ts_mon},
                               10000,undefined,"localhost",undefined,[]}
** Reason for termination == 
** {error,timeout}

=INFO REPORT==== 17-Jun-2014::00:32:03 ===
    ts_os_mon_erlang:(5:<0.14737.0>) Starting os_mon beam on host "localhost" 

=INFO REPORT==== 17-Jun-2014::00:32:35 ===
    ts_os_mon_erlang:(3:<0.14737.0>) Fail to start beam on host "localhost" ({error,
                                                                              timeout})

=ERROR REPORT==== 17-Jun-2014::00:32:35 ===
** Generic server <0.14737.0> terminating 
** Last message in was {timeout,#Ref<0.0.0.164720>,start_beam}
** When Server state == {state,{global,ts_mon},
                               10000,undefined,"localhost",undefined,[]}
** Reason for termination == 
** {error,timeout}

=INFO REPORT==== 17-Jun-2014::00:32:36 ===
    ts_os_mon_erlang:(5:<0.14954.0>) Starting os_mon beam on host "localhost" 

=INFO REPORT==== 17-Jun-2014::00:33:08 ===
    ts_os_mon_erlang:(3:<0.14954.0>) Fail to start beam on host "localhost" ({error,
                                                                              timeout})

=ERROR REPORT==== 17-Jun-2014::00:33:08 ===
** Generic server <0.14954.0> terminating 
** Last message in was {timeout,#Ref<0.0.0.167148>,start_beam}
** When Server state == {state,{global,ts_mon},
                               10000,undefined,"localhost",undefined,[]}
** Reason for termination == 
** {error,timeout}

=INFO REPORT==== 17-Jun-2014::00:33:09 ===
    ts_os_mon_erlang:(5:<0.15161.0>) Starting os_mon beam on host "localhost" 

=INFO REPORT==== 17-Jun-2014::00:33:41 ===
    ts_os_mon_erlang:(3:<0.15161.0>) Fail to start beam on host "localhost" ({error,
                                                                              timeout})

=ERROR REPORT==== 17-Jun-2014::00:33:41 ===
** Generic server <0.15161.0> terminating 
** Last message in was {timeout,#Ref<0.0.0.169463>,start_beam}
** When Server state == {state,{global,ts_mon},
                               10000,undefined,"localhost",undefined,[]}
** Reason for termination == 
** {error,timeout}

=INFO REPORT==== 17-Jun-2014::00:33:42 ===
    ts_os_mon_erlang:(5:<0.15383.0>) Starting os_mon beam on host "localhost" 

=INFO REPORT==== 17-Jun-2014::00:34:14 ===
    ts_os_mon_erlang:(3:<0.15383.0>) Fail to start beam on host "localhost" ({error,
                                                                              timeout})

=ERROR REPORT==== 17-Jun-2014::00:34:14 ===
** Generic server <0.15383.0> terminating 
** Last message in was {timeout,#Ref<0.0.0.171946>,start_beam}
** When Server state == {state,{global,ts_mon},
                               10000,undefined,"localhost",undefined,[]}
** Reason for termination == 
** {error,timeout}

=INFO REPORT==== 17-Jun-2014::00:34:15 ===
    ts_os_mon_erlang:(5:<0.15608.0>) Starting os_mon beam on host "localhost" 

=INFO REPORT==== 17-Jun-2014::00:34:47 ===
    ts_os_mon_erlang:(3:<0.15608.0>) Fail to start beam on host "localhost" ({error,
                                                                              timeout})

=ERROR REPORT==== 17-Jun-2014::00:34:47 ===
** Generic server <0.15608.0> terminating 
** Last message in was {timeout,#Ref<0.0.0.174460>,start_beam}
** When Server state == {state,{global,ts_mon},
                               10000,undefined,"localhost",undefined,[]}
** Reason for termination == 
** {error,timeout}

=INFO REPORT==== 17-Jun-2014::00:34:48 ===
    ts_os_mon_erlang:(5:<0.15844.0>) Starting os_mon beam on host "localhost" 

=INFO REPORT==== 17-Jun-2014::00:35:20 ===
    ts_os_mon_erlang:(3:<0.15844.0>) Fail to start beam on host "localhost" ({error,
                                                                              timeout})

=ERROR REPORT==== 17-Jun-2014::00:35:20 ===
** Generic server <0.15844.0> terminating 
** Last message in was {timeout,#Ref<0.0.0.177094>,start_beam}
** When Server state == {state,{global,ts_mon},
                               10000,undefined,"localhost",undefined,[]}
** Reason for termination == 
** {error,timeout}

=INFO REPORT==== 17-Jun-2014::00:35:21 ===
    ts_os_mon_erlang:(5:<0.16054.0>) Starting os_mon beam on host "localhost" 

=INFO REPORT==== 17-Jun-2014::00:35:52 ===
         ts_launcher:(5:<0.89.0>) Phase duration exceeded, but not all users were launched (75 users, 3.8% of phase)

=INFO REPORT==== 17-Jun-2014::00:35:52 ===
         ts_launcher:(5:<0.89.0>) Start a new arrival phase (2500 users, 0.008333333333333333); expected duration=300.0 sec

=INFO REPORT==== 17-Jun-2014::00:35:53 ===
    ts_os_mon_erlang:(3:<0.16054.0>) Fail to start beam on host "localhost" ({error,
                                                                              timeout})

=ERROR REPORT==== 17-Jun-2014::00:35:53 ===
** Generic server <0.16054.0> terminating 
** Last message in was {timeout,#Ref<0.0.0.179444>,start_beam}
** When Server state == {state,{global,ts_mon},
                               10000,undefined,"localhost",undefined,[]}
** Reason for termination == 
** {error,timeout}

=INFO REPORT==== 17-Jun-2014::00:35:54 ===
    ts_os_mon_erlang:(5:<0.16292.0>) Starting os_mon beam on host "localhost" 

=INFO REPORT==== 17-Jun-2014::00:36:26 ===
    ts_os_mon_erlang:(3:<0.16292.0>) Fail to start beam on host "localhost" ({error,
                                                                              timeout})

=ERROR REPORT==== 17-Jun-2014::00:36:26 ===
** Generic server <0.16292.0> terminating 
** Last message in was {timeout,#Ref<0.0.0.182103>,start_beam}
** When Server state == {state,{global,ts_mon},
                               10000,undefined,"localhost",undefined,[]}
** Reason for termination == 
** {error,timeout}

=INFO REPORT==== 17-Jun-2014::00:36:27 ===
    ts_os_mon_erlang:(5:<0.16567.0>) Starting os_mon beam on host "localhost" 

=INFO REPORT==== 17-Jun-2014::00:36:59 ===
    ts_os_mon_erlang:(3:<0.16567.0>) Fail to start beam on host "localhost" ({error,
                                                                              timeout})

=ERROR REPORT==== 17-Jun-2014::00:36:59 ===
** Generic server <0.16567.0> terminating 
** Last message in was {timeout,#Ref<0.0.0.185166>,start_beam}
** When Server state == {state,{global,ts_mon},
                               10000,undefined,"localhost",undefined,[]}
** Reason for termination == 
** {error,timeout}

=INFO REPORT==== 17-Jun-2014::00:37:00 ===
    ts_os_mon_erlang:(5:<0.16840.0>) Starting os_mon beam on host "localhost" 

=INFO REPORT==== 17-Jun-2014::00:37:32 ===
    ts_os_mon_erlang:(3:<0.16840.0>) Fail to start beam on host "localhost" ({error,
                                                                              timeout})

=ERROR REPORT==== 17-Jun-2014::00:37:32 ===
** Generic server <0.16840.0> terminating 
** Last message in was {timeout,#Ref<0.0.0.188207>,start_beam}
** When Server state == {state,{global,ts_mon},
                               10000,undefined,"localhost",undefined,[]}
** Reason for termination == 
** {error,timeout}

=INFO REPORT==== 17-Jun-2014::00:37:33 ===
    ts_os_mon_erlang:(5:<0.17131.0>) Starting os_mon beam on host "localhost" 

=INFO REPORT==== 17-Jun-2014::00:38:05 ===
    ts_os_mon_erlang:(3:<0.17131.0>) Fail to start beam on host "localhost" ({error,
                                                                              timeout})

=ERROR REPORT==== 17-Jun-2014::00:38:05 ===
** Generic server <0.17131.0> terminating 
** Last message in was {timeout,#Ref<0.0.0.191449>,start_beam}
** When Server state == {state,{global,ts_mon},
                               10000,undefined,"localhost",undefined,[]}
** Reason for termination == 
** {error,timeout}

=INFO REPORT==== 17-Jun-2014::00:38:06 ===
    ts_os_mon_erlang:(5:<0.17403.0>) Starting os_mon beam on host "localhost" 

=INFO REPORT==== 17-Jun-2014::00:38:38 ===
    ts_os_mon_erlang:(3:<0.17403.0>) Fail to start beam on host "localhost" ({error,
                                                                              timeout})

=ERROR REPORT==== 17-Jun-2014::00:38:38 ===
** Generic server <0.17403.0> terminating 
** Last message in was {timeout,#Ref<0.0.0.194480>,start_beam}
** When Server state == {state,{global,ts_mon},
                               10000,undefined,"localhost",undefined,[]}
** Reason for termination == 
** {error,timeout}

=INFO REPORT==== 17-Jun-2014::00:38:39 ===
    ts_os_mon_erlang:(5:<0.17686.0>) Starting os_mon beam on host "localhost" 

=INFO REPORT==== 17-Jun-2014::00:39:11 ===
    ts_os_mon_erlang:(3:<0.17686.0>) Fail to start beam on host "localhost" ({error,
                                                                              timeout})

=ERROR REPORT==== 17-Jun-2014::00:39:11 ===
** Generic server <0.17686.0> terminating 
** Last message in was {timeout,#Ref<0.0.0.197631>,start_beam}
** When Server state == {state,{global,ts_mon},
                               10000,undefined,"localhost",undefined,[]}
** Reason for termination == 
** {error,timeout}

=INFO REPORT==== 17-Jun-2014::00:39:12 ===
    ts_os_mon_erlang:(5:<0.17972.0>) Starting os_mon beam on host "localhost" 

=INFO REPORT==== 17-Jun-2014::00:39:44 ===
    ts_os_mon_erlang:(3:<0.17972.0>) Fail to start beam on host "localhost" ({error,
                                                                              timeout})

=ERROR REPORT==== 17-Jun-2014::00:39:44 ===
** Generic server <0.17972.0> terminating 
** Last message in was {timeout,#Ref<0.0.0.200818>,start_beam}
** When Server state == {state,{global,ts_mon},
                               10000,undefined,"localhost",undefined,[]}
** Reason for termination == 
** {error,timeout}

=INFO REPORT==== 17-Jun-2014::00:39:45 ===
    ts_os_mon_erlang:(5:<0.18226.0>) Starting os_mon beam on host "localhost" 

=INFO REPORT==== 17-Jun-2014::00:40:17 ===
    ts_os_mon_erlang:(3:<0.18226.0>) Fail to start beam on host "localhost" ({error,
                                                                              timeout})

=ERROR REPORT==== 17-Jun-2014::00:40:17 ===
** Generic server <0.18226.0> terminating 
** Last message in was {timeout,#Ref<0.0.0.203650>,start_beam}
** When Server state == {state,{global,ts_mon},
                               10000,undefined,"localhost",undefined,[]}
** Reason for termination == 
** {error,timeout}

=INFO REPORT==== 17-Jun-2014::00:40:18 ===
    ts_os_mon_erlang:(5:<0.18527.0>) Starting os_mon beam on host "localhost" 

=INFO REPORT==== 17-Jun-2014::00:40:50 ===
    ts_os_mon_erlang:(3:<0.18527.0>) Fail to start beam on host "localhost" ({error,
                                                                              timeout})

=ERROR REPORT==== 17-Jun-2014::00:40:50 ===
** Generic server <0.18527.0> terminating 
** Last message in was {timeout,#Ref<0.0.0.206944>,start_beam}
** When Server state == {state,{global,ts_mon},
                               10000,undefined,"localhost",undefined,[]}
** Reason for termination == 
** {error,timeout}

=INFO REPORT==== 17-Jun-2014::00:40:51 ===
    ts_os_mon_erlang:(5:<0.18791.0>) Starting os_mon beam on host "localhost" 

=INFO REPORT==== 17-Jun-2014::00:40:52 ===
         ts_launcher:(5:<0.89.0>) Phase duration exceeded, but not all users were launched (68 users, 2.7% of phase)

=INFO REPORT==== 17-Jun-2014::00:40:52 ===
         ts_launcher:(5:<0.89.0>) Start a new arrival phase (3000 users, 0.01); expected duration=300.0 sec

=INFO REPORT==== 17-Jun-2014::00:41:23 ===
    ts_os_mon_erlang:(3:<0.18791.0>) Fail to start beam on host "localhost" ({error,
                                                                              timeout})

=ERROR REPORT==== 17-Jun-2014::00:41:23 ===
** Generic server <0.18791.0> terminating 
** Last message in was {timeout,#Ref<0.0.0.209635>,start_beam}
** When Server state == {state,{global,ts_mon},
                               10000,undefined,"localhost",undefined,[]}
** Reason for termination == 
** {error,timeout}

=INFO REPORT==== 17-Jun-2014::00:41:24 ===
    ts_os_mon_erlang:(5:<0.19105.0>) Starting os_mon beam on host "localhost" 

=INFO REPORT==== 17-Jun-2014::00:41:56 ===
    ts_os_mon_erlang:(3:<0.19105.0>) Fail to start beam on host "localhost" ({error,
                                                                              timeout})

=ERROR REPORT==== 17-Jun-2014::00:41:56 ===
** Generic server <0.19105.0> terminating 
** Last message in was {timeout,#Ref<0.0.0.213438>,start_beam}
** When Server state == {state,{global,ts_mon},
                               10000,undefined,"localhost",undefined,[]}
** Reason for termination == 
** {error,timeout}

=INFO REPORT==== 17-Jun-2014::00:41:57 ===
    ts_os_mon_erlang:(5:<0.19417.0>) Starting os_mon beam on host "localhost" 

=INFO REPORT==== 17-Jun-2014::00:42:29 ===
    ts_os_mon_erlang:(3:<0.19417.0>) Fail to start beam on host "localhost" ({error,
                                                                              timeout})

=ERROR REPORT==== 17-Jun-2014::00:42:29 ===
** Generic server <0.19417.0> terminating 
** Last message in was {timeout,#Ref<0.0.0.216909>,start_beam}
** When Server state == {state,{global,ts_mon},
                               10000,undefined,"localhost",undefined,[]}
** Reason for termination == 
** {error,timeout}

=INFO REPORT==== 17-Jun-2014::00:42:30 ===
    ts_os_mon_erlang:(5:<0.19780.0>) Starting os_mon beam on host "localhost" 

=INFO REPORT==== 17-Jun-2014::00:43:02 ===
    ts_os_mon_erlang:(3:<0.19780.0>) Fail to start beam on host "localhost" ({error,
                                                                              timeout})

=ERROR REPORT==== 17-Jun-2014::00:43:02 ===
** Generic server <0.19780.0> terminating 
** Last message in was {timeout,#Ref<0.0.0.220940>,start_beam}
** When Server state == {state,{global,ts_mon},
                               10000,undefined,"localhost",undefined,[]}
** Reason for termination == 
** {error,timeout}

=INFO REPORT==== 17-Jun-2014::00:43:03 ===
    ts_os_mon_erlang:(5:<0.20144.0>) Starting os_mon beam on host "localhost" 

=INFO REPORT==== 17-Jun-2014::00:43:35 ===
    ts_os_mon_erlang:(3:<0.20144.0>) Fail to start beam on host "localhost" ({error,
                                                                              timeout})

=ERROR REPORT==== 17-Jun-2014::00:43:35 ===
** Generic server <0.20144.0> terminating 
** Last message in was {timeout,#Ref<0.0.0.224985>,start_beam}
** When Server state == {state,{global,ts_mon},
                               10000,undefined,"localhost",undefined,[]}
** Reason for termination == 
** {error,timeout}

=INFO REPORT==== 17-Jun-2014::00:43:36 ===
    ts_os_mon_erlang:(5:<0.20490.0>) Starting os_mon beam on host "localhost" 

=INFO REPORT==== 17-Jun-2014::00:44:08 ===
    ts_os_mon_erlang:(3:<0.20490.0>) Fail to start beam on host "localhost" ({error,
                                                                              timeout})

=ERROR REPORT==== 17-Jun-2014::00:44:08 ===
** Generic server <0.20490.0> terminating 
** Last message in was {timeout,#Ref<0.0.0.228829>,start_beam}
** When Server state == {state,{global,ts_mon},
                               10000,undefined,"localhost",undefined,[]}
** Reason for termination == 
** {error,timeout}

=INFO REPORT==== 17-Jun-2014::00:44:09 ===
    ts_os_mon_erlang:(5:<0.20842.0>) Starting os_mon beam on host "localhost" 

=INFO REPORT==== 17-Jun-2014::00:44:41 ===
    ts_os_mon_erlang:(3:<0.20842.0>) Fail to start beam on host "localhost" ({error,
                                                                              timeout})

=ERROR REPORT==== 17-Jun-2014::00:44:41 ===
** Generic server <0.20842.0> terminating 
** Last message in was {timeout,#Ref<0.0.0.232740>,start_beam}
** When Server state == {state,{global,ts_mon},
                               10000,undefined,"localhost",undefined,[]}
** Reason for termination == 
** {error,timeout}

=INFO REPORT==== 17-Jun-2014::00:44:42 ===
    ts_os_mon_erlang:(5:<0.21153.0>) Starting os_mon beam on host "localhost" 

=INFO REPORT==== 17-Jun-2014::00:45:14 ===
    ts_os_mon_erlang:(3:<0.21153.0>) Fail to start beam on host "localhost" ({error,
                                                                              timeout})

=ERROR REPORT==== 17-Jun-2014::00:45:14 ===
** Generic server <0.21153.0> terminating 
** Last message in was {timeout,#Ref<0.0.0.236202>,start_beam}
** When Server state == {state,{global,ts_mon},
                               10000,undefined,"localhost",undefined,[]}
** Reason for termination == 
** {error,timeout}

=INFO REPORT==== 17-Jun-2014::00:45:15 ===
    ts_os_mon_erlang:(5:<0.21481.0>) Starting os_mon beam on host "localhost" 

=INFO REPORT==== 17-Jun-2014::00:45:47 ===
    ts_os_mon_erlang:(3:<0.21481.0>) Fail to start beam on host "localhost" ({error,
                                                                              timeout})

=ERROR REPORT==== 17-Jun-2014::00:45:47 ===
** Generic server <0.21481.0> terminating 
** Last message in was {timeout,#Ref<0.0.0.239847>,start_beam}
** When Server state == {state,{global,ts_mon},
                               10000,undefined,"localhost",undefined,[]}
** Reason for termination == 
** {error,timeout}

=INFO REPORT==== 17-Jun-2014::00:45:48 ===
    ts_os_mon_erlang:(5:<0.21817.0>) Starting os_mon beam on host "localhost" 

=INFO REPORT==== 17-Jun-2014::00:45:52 ===
         ts_launcher:(5:<0.89.0>) Phase duration exceeded, but not all users were launched (27 users, 0.9% of phase)

=INFO REPORT==== 17-Jun-2014::00:45:52 ===
         ts_launcher:(5:<0.89.0>) This was the last phase, wait for connected users to finish their session

=INFO REPORT==== 17-Jun-2014::00:45:57 ===
     ts_launcher_mgr:(5:<0.84.0>) No more active users 'tsung_controller_sen@ip-172-31-46-22' "2684"

=INFO REPORT==== 17-Jun-2014::00:45:57 ===
              ts_mon:(5:<0.55.0>) stopping monitor (normal)
