# stats: dump at 1402692477
stats: users 0 1
stats: session 7 35.87803431919643 2.2984211923508173 39.990966796875 32.97607421875 0 0
stats: users_count 7 7
stats: finish_users_count 7 7
stats: request 7 32.657017299107146 1.6619943674904043 35.6669921875 30.560791015625 0 0
stats: page 7 32.657017299107146 1.6619943674904043 35.6669921875 30.560791015625 0 0
stats: connect 7 14.636893136160714 0.6052709541420834 15.81787109375 14.011962890625 0 0
stats: tr_declare 7 33.819998604910715 2.2461100539637098 37.73388671875 30.928955078125 0 0
stats: size_rcv 1393 1393
stats: size_sent 1568 1568
stats: connected 0 0
stats: 404 7 7
# stats: dump at 1402692487
stats: users 0 1
stats: {freemem,"os_mon@localhost"} 1 6140.203125 0 6140.203125 6140.203125 0 0
stats: {cpu,"os_mon@localhost"} 1 3.7726358148893357 0 3.7726358148893357 3.7726358148893357 0 0
stats: {load,"os_mon@localhost"} 1 0.1484375 0 0.1484375 0.1484375 0 0
stats: session 7 34.310267857142854 1.26324892740664 39.990966796875 31.554931640625 35.87803431919643 7
stats: users_count 7 14
stats: finish_users_count 7 14
stats: request 7 31.968017578125 1.2749683629980735 35.6669921875 29.1630859375 32.657017299107146 7
stats: page 7 31.968017578125 1.2749683629980735 35.6669921875 29.1630859375 32.657017299107146 7
stats: connect 7 15.191301618303571 0.6190194347973257 16.033203125 14.011962890625 14.636893136160714 7
stats: tr_declare 7 32.275844029017854 1.2764255823693063 37.73388671875 29.493896484375 33.819998604910715 7
stats: size_rcv 1393 2786
stats: size_sent 1568 3136
stats: connected 0 0
stats: 404 7 14
# stats: dump at 1402692497
stats: users 0 1
stats: {freemem,"os_mon@localhost"} 1 6142.41015625 0.0 6142.41015625 6140.203125 6140.203125 1
stats: {recvpackets,"os_mon@localhost"} 1 2061 0 2061 2061 0 0
stats: {sentpackets,"os_mon@localhost"} 1 982 0 982 982 0 0
stats: {cpu,"os_mon@localhost"} 1 2.8456308234701586 0.0 3.7726358148893357 2.8456308234701586 3.7726358148893357 1
stats: {load,"os_mon@localhost"} 1 0.12890625 0.0 0.1484375 0.12890625 0.1484375 1
stats: session 12 36.15789794921875 4.710651016934721 45.06298828125 31.158935546875 35.094151088169646 14
stats: users_count 12 26
stats: finish_users_count 12 26
stats: request 12 33.882344563802086 4.680517833558614 42.762939453125 29.034912109375 32.31251743861607 14
stats: page 12 33.882344563802086 4.680517833558614 42.762939453125 29.034912109375 32.31251743861607 14
stats: connect 12 15.147562662760416 2.1509358496073614 21.801025390625 13.6259765625 14.914097377232142 14
stats: tr_declare 12 34.178385416666664 4.674506221894836 43.06494140625 29.35693359375 33.047921316964285 14
stats: size_rcv 2388 5174
stats: size_sent 2688 5824
stats: connected 0 0
stats: 404 12 26
# stats: dump at 1402692507
stats: users 0 4
stats: {freemem,"os_mon@localhost"} 1 6136.8046875 0.0 6142.41015625 6136.8046875 6141.306640625 2
stats: {recvpackets,"os_mon@localhost"} 1 2094.0 0.0 2094 2061 2061.0 1
stats: {sentpackets,"os_mon@localhost"} 1 989.0 0.0 989 982 982.0 1
stats: {cpu,"os_mon@localhost"} 1 9.437294978551602 0.0 9.437294978551602 2.8456308234701586 3.309133319179747 2
stats: {load,"os_mon@localhost"} 1 0.109375 0.0 0.1484375 0.109375 0.138671875 2
stats: session 52 34.398892916165885 3.5805283155067076 45.06298828125 30.39404296875 35.58511117788461 26
stats: users_count 52 78
stats: finish_users_count 52 78
stats: request 44 32.34605823863637 3.775305223992 42.762939453125 28.003173828125 33.03705303485577 26
stats: page 44 32.34605823863637 3.775305223992 42.762939453125 28.003173828125 33.03705303485577 26
stats: connect 44 15.619318181818182 2.54082006878612 23.12109375 13.216064453125 15.0218505859375 26
stats: tr_declare 44 32.65722656249999 3.778108388690845 43.06494140625 28.3330078125 33.56967397836539 26
stats: size_rcv 8756 13930
stats: newphase 1 1
stats: size_sent 9856 15680
stats: connected 0 0
stats: 404 44 70
# stats: dump at 1402692517
stats: users 0 4
stats: {freemem,"os_mon@localhost"} 1 6128.546875 0.0 6142.41015625 6128.546875 6139.805989583333 3
stats: {recvpackets,"os_mon@localhost"} 1 2874.0 0.0 2874 2061 2077.5 2
stats: {sentpackets,"os_mon@localhost"} 1 1767.0 0.0 1767 982 985.5 2
stats: {cpu,"os_mon@localhost"} 1 13.195668597330648 0.0 13.195668597330648 2.8456308234701586 5.351853872303699 3
stats: {load,"os_mon@localhost"} 1 0.171875 0.0 0.171875 0.109375 0.12890625 3
stats: session 101 32.5486734220297 2.1879182447340604 45.06298828125 30.052978515625 34.79429900340546 78
stats: users_count 101 179
stats: finish_users_count 101 179
stats: request 106 30.21198776533019 2.1682319594600954 42.762939453125 27.60400390625 32.602713448660715 70
stats: page 106 30.21198776533019 2.1682319594600954 42.762939453125 27.60400390625 32.602713448660715 70
stats: connect 106 14.49744343307783 0.8972239654540878 23.12109375 13.172119140625 15.397401646205358 70
stats: tr_declare 106 30.536252579599058 2.164775585197523 43.06494140625 28.114013671875 32.99613560267857 70
stats: size_rcv 21094 35024
stats: newphase 0 1
stats: size_sent 23744 39424
stats: connected 0 0
stats: 404 106 176
# stats: dump at 1402692527
stats: users 1 4
stats: {freemem,"os_mon@localhost"} 1 6206.3046875 0.0 6206.3046875 6128.546875 6136.9912109375 4
stats: {recvpackets,"os_mon@localhost"} 1 892.0 0.0 2874 892 2343.0 3
stats: {sentpackets,"os_mon@localhost"} 1 908.0 0.0 1767 908 1246.0 3
stats: {cpu,"os_mon@localhost"} 1 9.216474133601206 0.0 13.195668597330648 2.8456308234701586 7.312807553560436 4
stats: {load,"os_mon@localhost"} 1 0.140625 0.0 0.171875 0.109375 0.1396484375 4
stats: session 105 32.72694847470239 2.1676976717029315 45.06298828125 29.52099609375 33.52721417815992 179
stats: users_count 106 285
stats: finish_users_count 105 284
stats: request 105 30.41714797247024 2.186797940776309 42.762939453125 27.424072265625 31.162844571200285 176
stats: page 105 30.41714797247024 2.186797940776309 42.762939453125 27.424072265625 31.162844571200285 176
stats: connect 106 14.531360554245284 1.084595423297732 23.12109375 13.172119140625 14.85538135875355 176
stats: tr_declare 105 30.728815569196428 2.1780310245610672 43.06494140625 27.544189453125 31.51461514559659 176
stats: size_rcv 20895 55919
stats: newphase 0 1
stats: size_sent 23744 63168
stats: connected 1 1
stats: 404 105 281
# stats: dump at 1402692537
stats: users 0 4
stats: {freemem,"os_mon@localhost"} 1 6208.828125 0.0 6208.828125 6128.546875 6150.85390625 5
stats: {recvpackets,"os_mon@localhost"} 1 608.0 0.0 2874 608 1980.25 4
stats: {sentpackets,"os_mon@localhost"} 1 849.0 0.0 1767 849 1161.5 4
stats: {cpu,"os_mon@localhost"} 1 9.102306920762288 0.0 13.195668597330648 2.8456308234701586 7.693540869568591 5
stats: {load,"os_mon@localhost"} 1 0.26953125 0.0 0.26953125 0.109375 0.13984375 5
stats: session 120 33.3501912434896 2.090427936220292 45.06298828125 29.52099609375 33.23134129483935 284
stats: users_count 119 404
stats: finish_users_count 120 404
stats: request 122 30.961962090163933 2.09436277958185 42.762939453125 27.424072265625 30.88420349338301 281
stats: page 122 30.961962090163933 2.09436277958185 42.762939453125 27.424072265625 30.88420349338301 281
stats: connect 121 14.867580949767563 1.3809833612516205 24.030029296875 13.172119140625 14.733586304576685 282
stats: tr_declare 122 31.29697105532787 2.0882639066510706 43.06494140625 27.544189453125 31.220988969361656 281
stats: size_rcv 24278 80197
stats: newphase 0 1
stats: size_sent 27104 90272
stats: connected -1 0
stats: 404 122 403
# stats: dump at 1402692547
stats: users 0 4
stats: {freemem,"os_mon@localhost"} 1 6211.40625 0.0 6211.40625 6128.546875 6160.516276041667 6
stats: {recvpackets,"os_mon@localhost"} 1 585.0 0.0 2874 585 1705.8 5
stats: {sentpackets,"os_mon@localhost"} 1 825.0 0.0 1767 825 1099.0 5
stats: {cpu,"os_mon@localhost"} 1 8.5261569416499 0.0 13.195668597330648 2.8456308234701586 7.928335211434207 6
stats: {load,"os_mon@localhost"} 1 0.23046875 0.0 0.26953125 0.109375 0.16145833333333334 6
stats: session 96 33.10748291015626 1.8129960164491485 45.06298828125 29.52099609375 33.26664325978497 404
stats: users_count 96 500
stats: finish_users_count 96 500
stats: request 94 30.657982359541222 1.680639202553384 42.762939453125 27.33203125 30.907743316726116 403
stats: page 94 30.657982359541222 1.680639202553384 42.762939453125 27.33203125 30.907743316726116 403
stats: connect 94 14.835088202293884 1.031935969563002 24.030029296875 13.172119140625 14.773817947425558 403
stats: tr_declare 94 31.000285696476062 1.6715228508200226 43.06494140625 27.544189453125 31.243990990423388 403
stats: size_rcv 18706 98903
stats: newphase 0 1
stats: size_sent 21056 111328
stats: connected 0 0
stats: 404 94 497
# stats: dump at 1402692557
stats: users 0 4
stats: {freemem,"os_mon@localhost"} 1 6210.12109375 0.0 6211.40625 6128.546875 6167.786272321428 7
stats: {recvpackets,"os_mon@localhost"} 1 464.0 0.0 2874 464 1519.0 6
stats: {sentpackets,"os_mon@localhost"} 1 675.0 0.0 1767 675 1053.3333333333333 6
stats: {cpu,"os_mon@localhost"} 1 5.383647798742138 0.0 13.195668597330648 2.8456308234701586 8.013738315750734 7
stats: {load,"os_mon@localhost"} 1 0.26953125 0.0 0.26953125 0.109375 0.17131696428571427 7
stats: session 94 41.01684570312499 52.834932435208415 528.052001953125 29.52099609375 33.23608447265626 500
stats: users_count 94 594
stats: finish_users_count 94 594
stats: request 95 38.663851768092094 52.56578688180805 525.7548828125 27.33203125 30.86050482582998 497
stats: page 95 38.663851768092094 52.56578688180805 525.7548828125 27.33203125 30.86050482582998 497
stats: connect 95 18.208421566611847 18.862105938051183 130.281982421875 13.172119140625 14.785406285368461 497
stats: tr_declare 95 38.98121145148027 52.56104838015567 526.054931640625 27.544189453125 31.197897836236166 497
stats: size_rcv 18905 117808
stats: newphase 0 1
stats: size_sent 21280 132608
stats: connected 0 0
stats: 404 95 592
# stats: dump at 1402692567
stats: users 0 4
stats: {freemem,"os_mon@localhost"} 1 6212.55859375 0.0 6212.55859375 6128.546875 6173.078125 8
stats: {recvpackets,"os_mon@localhost"} 1 384.0 0.0 2874 384 1368.2857142857142 7
stats: {sentpackets,"os_mon@localhost"} 1 568.0 0.0 1767 568 999.2857142857143 7
stats: {cpu,"os_mon@localhost"} 1 4.353296426774031 0.0 13.195668597330648 2.8456308234701586 7.684977001124659 8
stats: {load,"os_mon@localhost"} 1 0.23046875 0.0 0.26953125 0.109375 0.18359375 8
stats: session 38 33.1055265727796 1.8088424635054117 528.052001953125 29.52099609375 34.46738338791562 594
stats: users_count 38 632
stats: finish_users_count 38 632
stats: request 40 30.73944091796875 1.7605293401281226 525.7548828125 27.33203125 32.11273110879434 592
stats: page 40 30.73944091796875 1.7605293401281226 525.7548828125 27.33203125 32.11273110879434 592
stats: connect 40 15.015863037109375 1.3962264803058724 130.281982421875 13.172119140625 15.334707724081504 592
stats: tr_declare 40 31.07178955078125 1.7631153322294206 526.054931640625 27.544189453125 32.4469093116554 592
stats: size_rcv 7960 125768
stats: newphase 1 2
stats: size_sent 8960 141568
stats: connected 0 0
stats: 404 40 632
# stats: dump at 1402692577
stats: users 0 4
stats: {freemem,"os_mon@localhost"} 1 6208.5078125 0.0 6212.55859375 6128.546875 6177.46484375 9
stats: {recvpackets,"os_mon@localhost"} 1 143.0 0.0 2874 143 1245.25 8
stats: {sentpackets,"os_mon@localhost"} 1 195.0 0.0 1767 195 945.375 8
stats: {cpu,"os_mon@localhost"} 1 4.567126725219573 0.0 13.195668597330648 2.8456308234701586 7.314790270641257 9
stats: {load,"os_mon@localhost"} 1 0.19140625 0.0 0.26953125 0.109375 0.18880208333333334 9
stats: session 9 33.548800998263886 2.6228613831833534 528.052001953125 29.52099609375 34.38549959206883 632
stats: users_count 9 641
stats: finish_users_count 9 641
stats: request 9 31.15386284722222 2.6017510636383334 525.7548828125 27.33203125 32.02581400810918 632
stats: page 9 31.15386284722222 2.6017510636383334 525.7548828125 27.33203125 32.02581400810918 632
stats: connect 9 14.46044921875 0.37725586009124523 130.281982421875 13.172119140625 15.314527680602255 632
stats: tr_declare 9 31.50583224826389 2.6194991888121897 526.054931640625 27.544189453125 32.35987641539755 632
stats: size_rcv 1791 127559
stats: newphase 0 2
stats: size_sent 2016 143584
stats: connected 0 0
stats: 404 9 641
# stats: dump at 1402692587
stats: users 0 4
stats: {freemem,"os_mon@localhost"} 1 6243.50390625 0.0 6243.50390625 6128.546875 6180.569140625 10
stats: {recvpackets,"os_mon@localhost"} 1 109.0 0.0 2874 109 1122.7777777777778 9
stats: {sentpackets,"os_mon@localhost"} 1 124.0 0.0 1767 124 862.0 9
stats: {cpu,"os_mon@localhost"} 1 2.2567703109327986 0.0 13.195668597330648 2.2567703109327986 7.040023916099088 10
stats: {load,"os_mon@localhost"} 1 0.16015625 0.0 0.26953125 0.109375 0.1890625 10
stats: session 9 34.294270833333336 2.305132981976612 528.052001953125 29.52099609375 34.37375187390309 641
stats: users_count 9 650
stats: finish_users_count 9 650
stats: request 8 31.9971923828125 2.442272453758602 525.7548828125 27.33203125 32.01357132410296 641
stats: page 8 31.9971923828125 2.442272453758602 525.7548828125 27.33203125 32.01357132410296 641
stats: connect 8 14.96112060546875 0.7696275287756703 130.281982421875 13.172119140625 15.302535939328198 641
stats: tr_declare 8 32.26641845703125 2.436106050170465 526.054931640625 27.544189453125 32.347885155640604 641
stats: size_rcv 1592 129151
stats: newphase 0 2
stats: size_sent 1792 145376
stats: connected 0 0
stats: 404 8 649
# stats: dump at 1402692597
stats: users 0 4
stats: {freemem,"os_mon@localhost"} 1 6260.33203125 0.0 6260.33203125 6128.546875 6186.290482954545 11
stats: {recvpackets,"os_mon@localhost"} 1 76.0 0.0 2874 76 1021.4 10
stats: {sentpackets,"os_mon@localhost"} 1 89.0 0.0 1767 89 788.2 10
stats: {cpu,"os_mon@localhost"} 1 1.4310820989204118 0.0 13.195668597330648 1.4310820989204118 6.605182679265789 11
stats: {load,"os_mon@localhost"} 1 0.140625 0.0 0.26953125 0.109375 0.1864346590909091 11
stats: session 11 32.95270330255682 1.4136050688756723 528.052001953125 29.52099609375 34.37265136718751 650
stats: users_count 11 661
stats: finish_users_count 11 661
stats: request 12 30.691507975260418 1.4220458073370343 525.7548828125 27.33203125 32.01336942652157 649
stats: page 12 30.691507975260418 1.4220458073370343 525.7548828125 27.33203125 32.01336942652157 649
stats: connect 12 14.72540283203125 0.6041445299866969 130.281982421875 13.172119140625 15.298327429819915 649
stats: tr_declare 12 31.029500325520832 1.4028569359550562 526.054931640625 27.544189453125 32.346880943639256 649
stats: size_rcv 2388 131539
stats: newphase 1 3
stats: size_sent 2688 148064
stats: connected 0 0
stats: 404 12 661
# stats: dump at 1402692607
stats: users 0 4
stats: {freemem,"os_mon@localhost"} 1 6275.26171875 0.0 6275.26171875 6128.546875 6192.460611979167 12
stats: {recvpackets,"os_mon@localhost"} 1 74.0 0.0 2874 74 935.4545454545455 11
stats: {sentpackets,"os_mon@localhost"} 1 97.0 0.0 1767 89 724.6363636363636 11
stats: {cpu,"os_mon@localhost"} 1 3.0607124937280483 0.0 13.195668597330648 1.4310820989204118 6.174007630903674 12
stats: {load,"os_mon@localhost"} 1 0.12109375 0.0 0.26953125 0.109375 0.1826171875 12
stats: session 16 33.73553466796875 1.6905488082988924 528.052001953125 29.52099609375 34.349021369137674 661
stats: users_count 16 677
stats: finish_users_count 16 677
stats: request 15 31.380729166666665 1.7350016011704952 525.7548828125 27.33203125 31.989371941778554 661
stats: page 15 31.380729166666665 1.7350016011704952 525.7548828125 27.33203125 31.989371941778554 661
stats: connect 15 15.2693359375 1.1415124661431468 130.281982421875 13.172119140625 15.287926378120272 661
stats: tr_declare 15 31.683772786458334 1.741632832193955 526.054931640625 27.544189453125 32.32296480533756 661
stats: size_rcv 2985 134524
stats: newphase 0 3
stats: size_sent 3360 151424
stats: connected 0 0
stats: 404 15 676
# stats: dump at 1402692617
stats: users 0 4
stats: {freemem,"os_mon@localhost"} 1 6226.53125 0.0 6275.26171875 6128.546875 6198.829927884615 13
stats: {recvpackets,"os_mon@localhost"} 1 101.0 0.0 2874 74 863.6666666666666 12
stats: {sentpackets,"os_mon@localhost"} 1 132.0 0.0 1767 89 672.3333333333334 12
stats: {cpu,"os_mon@localhost"} 1 8.658444500377549 0.0 13.195668597330648 1.4310820989204118 5.934523389582472 13
stats: {load,"os_mon@localhost"} 1 0.1015625 0.0 0.26953125 0.1015625 0.1778846153846154 13
stats: session 9 33.98988172743056 2.915391868453657 528.052001953125 29.52099609375 34.33452242199041 677
stats: users_count 9 686
stats: finish_users_count 9 686
stats: request 10 31.7404296875 2.775367449583811 525.7548828125 27.33203125 31.97586655475684 676
stats: page 10 31.7404296875 2.775367449583811 525.7548828125 27.33203125 31.97586655475684 676
stats: connect 10 15.2951416015625 1.6831441555994189 130.281982421875 13.172119140625 15.287513868343195 676
stats: tr_declare 10 32.014892578125 2.776922341526385 526.054931640625 27.544189453125 32.308781550480774 676
stats: size_rcv 1990 136514
stats: newphase 0 3
stats: size_sent 2240 153664
stats: connected 0 0
stats: 404 10 686
# stats: dump at 1402692627
stats: users 1 4
stats: {freemem,"os_mon@localhost"} 1 6230.1796875 0.0 6275.26171875 6128.546875 6200.80859375 14
stats: {recvpackets,"os_mon@localhost"} 1 96.0 0.0 2874 74 805.0 13
stats: {sentpackets,"os_mon@localhost"} 1 114.0 0.0 1767 89 630.7692307692307 13
stats: {cpu,"os_mon@localhost"} 1 10.558069381598793 0.0 13.195668597330648 1.4310820989204118 6.129089183210691 14
stats: {load,"os_mon@localhost"} 1 0.078125 0.0 0.26953125 0.078125 0.17243303571428573 14
stats: session 2 32.384521484375 0.868408203125 528.052001953125 29.52099609375 34.33000089684312 686
stats: users_count 3 689
stats: finish_users_count 2 688
stats: request 1 30.743896484375 0.0 525.7548828125 27.33203125 31.972434530452805 686
stats: page 1 30.743896484375 0.0 525.7548828125 27.33203125 31.972434530452805 686
stats: connect 1 14.77001953125 0.0 130.281982421875 13.172119140625 15.28762505978954 686
stats: tr_declare 1 31.14306640625 0.0 526.054931640625 27.544189453125 32.304497454673836 686
stats: size_rcv 199 136713
stats: newphase 1 4
stats: size_sent 224 153888
stats: connected 0 0
stats: 404 1 687
# stats: dump at 1402692637
stats: users 0 4
stats: {freemem,"os_mon@localhost"} 1 6225.5546875 0.0 6275.26171875 6128.546875 6202.766666666666 15
stats: {recvpackets,"os_mon@localhost"} 1 104.0 0.0 2874 74 754.3571428571429 14
stats: {sentpackets,"os_mon@localhost"} 1 144.0 0.0 1767 89 593.8571428571429 14
stats: {cpu,"os_mon@localhost"} 1 4.844377510040161 0.0 13.195668597330648 1.4310820989204118 6.424354529769898 15
stats: {load,"os_mon@localhost"} 1 0.140625 0.0 0.26953125 0.078125 0.16614583333333333 15
stats: session 95 32.77658562911185 2.0989201645002478 528.052001953125 29.52099609375 34.32434543343478 688
stats: users_count 94 783
stats: finish_users_count 95 783
stats: request 94 30.370475606715427 2.0700022402418203 525.7548828125 27.33203125 31.970646265465792 687
stats: page 94 30.370475606715427 2.0700022402418203 525.7548828125 27.33203125 31.970646265465792 687
stats: connect 94 14.6947021484375 1.2446709294604636 130.281982421875 13.05908203125 15.286871631072598 687
stats: tr_declare 94 30.710792054521278 2.0758908806958485 526.054931640625 27.544189453125 32.30280687090611 687
stats: size_rcv 18706 155419
stats: newphase 0 4
stats: size_sent 21056 174944
stats: connected 0 0
stats: 404 94 781
# stats: dump at 1402692647
stats: users 1 4
stats: {freemem,"os_mon@localhost"} 1 6233.33203125 0.0 6275.26171875 6128.546875 6204.19091796875 16
stats: {recvpackets,"os_mon@localhost"} 1 407.0 0.0 2874 74 711.0 15
stats: {sentpackets,"os_mon@localhost"} 1 599.0 0.0 1767 89 563.8666666666667 15
stats: {cpu,"os_mon@localhost"} 1 2.0105554159336516 0.0 13.195668597330648 1.4310820989204118 6.32560596603679 16
stats: {load,"os_mon@localhost"} 1 0.12109375 0.0 0.26953125 0.078125 0.16455078125 16
stats: session 106 32.63900584094928 4.722229885671496 528.052001953125 29.52099609375 34.136558483995856 783
stats: users_count 107 890
stats: finish_users_count 106 889
stats: request 107 30.28485734886098 4.727372632354151 525.7548828125 27.33203125 31.778052101672536 781
stats: page 107 30.28485734886098 4.727372632354151 525.7548828125 27.33203125 31.778052101672536 781
stats: connect 107 14.31503039208528 0.5888215400427428 130.281982421875 13.05908203125 15.215598991677338 781
stats: tr_declare 107 30.62427214150117 4.724195779352796 526.054931640625 27.544189453125 32.111194332186294 781
stats: size_rcv 21293 176712
stats: newphase 0 4
stats: size_sent 23968 198912
stats: connected 0 0
stats: 404 107 888
# stats: dump at 1402692657
stats: users 2 5
stats: {freemem,"os_mon@localhost"} 1 6238.47265625 0.0 6275.26171875 6128.546875 6205.905101102941 17
stats: {recvpackets,"os_mon@localhost"} 1 416.0 0.0 2874 74 692.0 16
stats: {sentpackets,"os_mon@localhost"} 1 615.0 0.0 1767 89 566.0625 16
stats: {cpu,"os_mon@localhost"} 1 4.6675031367628605 0.0 13.195668597330648 1.4310820989204118 6.0717794630895465 17
stats: {load,"os_mon@localhost"} 1 0.1015625 0.0 0.26953125 0.078125 0.16199448529411764 17
stats: session 108 36.25480143229169 32.78979054403687 528.052001953125 29.52099609375 33.957997651416626 889
stats: users_count 109 999
stats: finish_users_count 108 997
stats: request 109 33.8617783292718 32.63937859952693 525.7548828125 27.33203125 31.598128860061234 888
stats: page 109 33.8617783292718 32.63937859952693 525.7548828125 27.33203125 31.598128860061234 888
stats: connect 109 15.648276232798167 6.96059644290282 130.281982421875 13.05908203125 15.107084532041807 888
stats: tr_declare 109 34.1906133529243 32.642163234879774 526.054931640625 27.544189453125 31.932026906056443 888
stats: size_rcv 21691 198403
stats: newphase 0 4
stats: size_sent 24416 223328
stats: connected 0 0
stats: 404 109 997
# stats: dump at 1402692667
stats: users 0 5
stats: {freemem,"os_mon@localhost"} 1 6239.046875 0.0 6275.26171875 6128.546875 6207.714409722223 18
stats: {recvpackets,"os_mon@localhost"} 1 521.0 0.0 2874 74 675.7647058823529 17
stats: {sentpackets,"os_mon@localhost"} 1 779.0 0.0 1767 89 568.9411764705883 17
stats: {cpu,"os_mon@localhost"} 1 5.787619526925012 0.0 13.195668597330648 1.4310820989204118 5.993764111626953 18
stats: {load,"os_mon@localhost"} 1 0.16015625 0.0 0.26953125 0.078125 0.1586371527777778 18
stats: session 111 33.34332330377253 4.178038106523498 528.052001953125 29.52099609375 34.20679886338704 997
stats: users_count 109 1108
stats: finish_users_count 111 1108
stats: request 111 30.96410912865991 4.174254850810187 525.7548828125 27.33203125 31.84560909290371 997
stats: page 111 30.96410912865991 4.174254850810187 525.7548828125 27.33203125 31.84560909290371 997
stats: connect 111 15.269328899211711 3.578231545340095 130.281982421875 13.05908203125 15.166251929616976 997
stats: tr_declare 111 31.31198532516892 4.1757587902107955 526.054931640625 27.544189453125 32.17895360887349 997
stats: size_rcv 22089 220492
stats: newphase 0 4
stats: size_sent 24864 248192
stats: connected 0 0
stats: 404 111 1108
# stats: dump at 1402692677
stats: users 0 5
stats: {freemem,"os_mon@localhost"} 1 6235.02734375 0.0 6275.26171875 6128.546875 6209.363486842105 19
stats: {recvpackets,"os_mon@localhost"} 1 466.0 0.0 2874 74 667.1666666666666 18
stats: {sentpackets,"os_mon@localhost"} 1 669.0 0.0 1767 89 580.6111111111111 18
stats: {cpu,"os_mon@localhost"} 1 2.5087807325639737 0.0 13.195668597330648 1.4310820989204118 5.98291439664264 19
stats: {load,"os_mon@localhost"} 1 0.140625 0.0 0.26953125 0.078125 0.15871710526315788 19
stats: session 97 32.91750563788657 2.4127937809744457 528.052001953125 29.52099609375 34.12029544541122 1108
stats: users_count 97 1205
stats: finish_users_count 97 1205
stats: request 97 30.540570131282216 2.411935671135808 525.7548828125 27.33203125 31.75729998096232 1108
stats: page 97 30.540570131282216 2.411935671135808 525.7548828125 27.33203125 31.75729998096232 1108
stats: connect 97 14.76097877738402 1.258153047449803 130.281982421875 13.05908203125 15.176578232527639 1108
stats: tr_declare 97 30.87985512644974 2.4108181542828566 526.054931640625 27.544189453125 32.09210028803305 1108
stats: size_rcv 19303 239795
stats: newphase 0 4
stats: size_sent 21728 269920
stats: connected 0 0
stats: 404 97 1205
# stats: dump at 1402692687
stats: users 0 5
stats: {freemem,"os_mon@localhost"} 1 6234.453125 0.0 6275.26171875 6128.546875 6210.6466796875 20
stats: {recvpackets,"os_mon@localhost"} 1 463.0 0.0 2874 74 656.578947368421 19
stats: {sentpackets,"os_mon@localhost"} 1 680.0 0.0 1767 89 585.2631578947369 19
stats: {cpu,"os_mon@localhost"} 1 2.4623115577889445 0.0 13.195668597330648 1.4310820989204118 5.809207713438707 20
stats: {load,"os_mon@localhost"} 1 0.12109375 0.0 0.26953125 0.078125 0.15781249999999997 20
stats: session 84 32.60275413876488 1.801989534045629 528.052001953125 29.52099609375 34.02347336132003 1205
stats: users_count 84 1289
stats: finish_users_count 84 1289
stats: request 83 30.2678663874247 1.8127005085996928 525.7548828125 27.33203125 31.65935575239886 1205
stats: page 83 30.2678663874247 1.8127005085996928 525.7548828125 27.33203125 31.65935575239886 1205
stats: connect 83 14.669486539909638 1.2508619542612465 130.281982421875 13.05908203125 15.143123338628111 1205
stats: tr_declare 83 30.59930346385542 1.8083975767630849 526.054931640625 27.544189453125 31.994517067557055 1205
stats: size_rcv 16517 256312
stats: newphase 1 5
stats: size_sent 18592 288512
stats: connected 0 0
stats: 404 83 1288
# stats: dump at 1402692697
stats: users 0 5
stats: {freemem,"os_mon@localhost"} 1 6238.27734375 0.0 6275.26171875 6128.546875 6211.780319940476 21
stats: {recvpackets,"os_mon@localhost"} 1 274.0 0.0 2874 74 646.9 20
stats: {sentpackets,"os_mon@localhost"} 1 390.0 0.0 1767 89 590.0 20
stats: {cpu,"os_mon@localhost"} 1 3.313253012048193 0.0 13.195668597330648 1.4310820989204118 5.649831706026814 21
stats: {load,"os_mon@localhost"} 1 0.1796875 0.0 0.26953125 0.078125 0.15606398809523805 21
stats: session 13 37.56017127403846 9.584162194713413 528.052001953125 29.52099609375 33.930889641619 1289
stats: users_count 13 1302
stats: finish_users_count 13 1302
stats: request 14 34.70868791852679 9.3928673790023 525.7548828125 27.33203125 31.56968679487335 1288
stats: page 14 34.70868791852679 9.3928673790023 525.7548828125 27.33203125 31.56968679487335 1288
stats: connect 14 14.353271484375 0.4751024505010409 130.281982421875 13.05908203125 15.112601712623738 1288
stats: tr_declare 14 35.04942103794643 9.394917348214076 526.054931640625 27.544189453125 31.90460811638684 1288
stats: size_rcv 2786 259098
stats: newphase 0 5
stats: size_sent 3136 291648
stats: connected 0 0
stats: 404 14 1302
# stats: dump at 1402692707
stats: users 0 5
stats: {freemem,"os_mon@localhost"} 1 6233.65234375 0.0 6275.26171875 6128.546875 6212.984730113636 22
stats: {recvpackets,"os_mon@localhost"} 1 78.0 0.0 2874 74 629.1428571428571 21
stats: {sentpackets,"os_mon@localhost"} 1 110.0 0.0 1767 89 580.4761904761905 21
stats: {cpu,"os_mon@localhost"} 1 1.9779669504256383 0.0 13.195668597330648 1.4310820989204118 5.54362358357324 22
stats: {load,"os_mon@localhost"} 1 0.1484375 0.0 0.26953125 0.078125 0.15713778409090906 22
stats: session 7 38.383126395089285 9.191335576933634 528.052001953125 29.52099609375 33.967126708609364 1302
stats: users_count 7 1309
stats: finish_users_count 7 1309
stats: request 6 36.672770182291664 9.753176250918623 525.7548828125 27.33203125 31.603439495127688 1302
stats: page 6 36.672770182291664 9.753176250918623 525.7548828125 27.33203125 31.603439495127688 1302
stats: connect 7 20.658970424107142 8.92400077424388 130.281982421875 13.05908203125 15.104436871459773 1302
stats: tr_declare 6 36.9940185546875 9.760887791188631 526.054931640625 27.544189453125 31.93842330909178 1302
stats: size_rcv 1194 260292
stats: newphase 0 5
stats: size_sent 1568 293216
stats: connected 1 1
stats: 404 6 1308
# stats: dump at 1402692713
stats: users 0 5
stats: {freemem,"os_mon@localhost"} 1 6234.6484375 0.0 6275.26171875 6128.546875 6213.88332201087 23
stats: {recvpackets,"os_mon@localhost"} 1 41.0 0.0 2874 41 604.0909090909091 22
stats: {sentpackets,"os_mon@localhost"} 1 56.0 0.0 1767 56 559.0909090909091 22
stats: {cpu,"os_mon@localhost"} 1 1.7076845806127574 0.0 13.195668597330648 1.4310820989204118 5.388595034305953 23
stats: {load,"os_mon@localhost"} 1 0.12890625 0.0 0.26953125 0.078125 0.1567595108695652 23
stats: session 1 31.169921875 0.0 528.052001953125 29.52099609375 33.990741680194816 1309
stats: users_count 1 1310
stats: finish_users_count 1 1310
stats: request 2 30.49560546875 1.848388671875 525.7548828125 27.33203125 31.626693305619266 1308
stats: page 2 30.49560546875 1.848388671875 525.7548828125 27.33203125 31.626693305619266 1308
stats: connect 1 13.943115234375 0.0 130.281982421875 13.05908203125 15.134140259441844 1309
stats: tr_declare 2 30.902099609375 1.818115234375 526.054931640625 27.544189453125 31.96161411297066 1308
stats: size_rcv 398 260690
stats: newphase 0 5
stats: size_sent 224 293440
stats: connected -1 0
stats: 404 2 1310
EndMonitor:{1402,692713,717428}
