
=INFO REPORT==== 14-Jun-2014::21:18:04 ===
    ts_config_server:(5:<0.54.0>) Config server started, logdir is "/home/ubuntu/tsung/log/reg/20140614-2118"
 
=INFO REPORT==== 14-Jun-2014::21:18:04 ===
              ts_mon:(5:<0.53.0>) starting monitor, global 

=INFO REPORT==== 14-Jun-2014::21:18:04 ===
           ts_config:(5:<0.54.0>) Reading config file: ./xml/aws_test_reg.xml

=INFO REPORT==== 14-Jun-2014::21:18:04 ===
           ts_config:(5:<0.54.0>) Session name for id 1 is "register"

=INFO REPORT==== 14-Jun-2014::21:18:04 ===
    ts_config_server:(4:<0.54.0>) SYSINFO:Tsung version: 1.5.1

=INFO REPORT==== 14-Jun-2014::21:18:04 ===
    ts_config_server:(4:<0.54.0>) SYSINFO:Erlang version: Erlang R16B03 (erts-5.10.4) [source] [64-bit] [async-threads:16] [hipe] [kernel-poll:true]


=INFO REPORT==== 14-Jun-2014::21:18:04 ===
    ts_config_server:(4:<0.54.0>) SYSINFO:System architecture x86_64-pc-linux-gnu

=INFO REPORT==== 14-Jun-2014::21:18:04 ===
    ts_config_server:(4:<0.54.0>) SYSINFO:Current path: /usr/lib/erlang/lib/tsung-1.5.1/ebin/tsung.beam

=INFO REPORT==== 14-Jun-2014::21:18:04 ===
              ts_mon:(5:<0.55.0>) Activate clients with text backend

=INFO REPORT==== 14-Jun-2014::21:18:04 ===
              ts_mon:(5:<0.55.0>) Starting tsung clients on hosts: [localhost]

=INFO REPORT==== 14-Jun-2014::21:18:04 ===
    ts_config_server:(5:<0.54.0>) Start a launcher on the controller beam localhost

=INFO REPORT==== 14-Jun-2014::21:18:04 ===
  ts_launcher_static:(5:<0.90.0>) Launch msg receive ("localhost")

=INFO REPORT==== 14-Jun-2014::21:18:04 ===
         ts_launcher:(5:<0.91.0>) Launch msg receive ("localhost")

=INFO REPORT==== 14-Jun-2014::21:18:04 ===
    ts_config_server:(5:<0.54.0>) All remote beams started, syncing 

=INFO REPORT==== 14-Jun-2014::21:18:04 ===
    ts_config_server:(5:<0.54.0>) Undefined ports_range config 

=INFO REPORT==== 14-Jun-2014::21:18:04 ===
    ts_config_server:(5:<0.54.0>) New arrival phase 1 for client "localhost" (last ? true): will start 900 users

=INFO REPORT==== 14-Jun-2014::21:18:04 ===
    ts_config_server:(5:<0.54.0>) New arrival phase 2 for client "localhost" (last ? true): will start 36000 users

=INFO REPORT==== 14-Jun-2014::21:18:04 ===
    ts_config_server:(5:<0.54.0>) New arrival phase 3 for client "localhost" (last ? true): will start 900 users

=INFO REPORT==== 14-Jun-2014::21:18:04 ===
    ts_config_server:(5:<0.54.0>) New arrival phase 4 for client "localhost" (last ? true): will start 900 users

=INFO REPORT==== 14-Jun-2014::21:18:04 ===
    ts_config_server:(5:<0.54.0>) New arrival phase 5 for client "localhost" (last ? true): will start 36000 users

=INFO REPORT==== 14-Jun-2014::21:18:04 ===
    ts_config_server:(5:<0.54.0>) New arrival phase 6 for client "localhost" (last ? true): will start 900 users

=INFO REPORT==== 14-Jun-2014::21:18:04 ===
    ts_config_server:(5:<0.54.0>) New arrival phase 7 for client "localhost" (last ? true): will start 900 users

=INFO REPORT==== 14-Jun-2014::21:18:04 ===
    ts_config_server:(5:<0.54.0>) New arrival phase 8 for client "localhost" (last ? true): will start 36000 users

=INFO REPORT==== 14-Jun-2014::21:18:04 ===
    ts_config_server:(5:<0.54.0>) New arrival phase 9 for client "localhost" (last ? true): will start 900 users

=INFO REPORT==== 14-Jun-2014::21:18:04 ===
    ts_config_server:(5:<0.54.0>) New arrival phase 10 for client "localhost" (last ? true): will start 900 users

=INFO REPORT==== 14-Jun-2014::21:18:04 ===
    ts_config_server:(5:<0.54.0>) New arrival phase 11 for client "localhost" (last ? true): will start 36000 users

=INFO REPORT==== 14-Jun-2014::21:18:04 ===
    ts_config_server:(5:<0.54.0>) New arrival phase 12 for client "localhost" (last ? true): will start 900 users

=INFO REPORT==== 14-Jun-2014::21:18:04 ===
    ts_config_server:(5:<0.54.0>) New arrival phase 13 for client "localhost" (last ? true): will start 900 users

=INFO REPORT==== 14-Jun-2014::21:18:04 ===
    ts_config_server:(5:<0.54.0>) New arrival phase 14 for client "localhost" (last ? true): will start 36000 users

=INFO REPORT==== 14-Jun-2014::21:18:04 ===
    ts_config_server:(5:<0.54.0>) New arrival phase 15 for client "localhost" (last ? true): will start 900 users

=INFO REPORT==== 14-Jun-2014::21:18:04 ===
    ts_config_server:(5:<0.54.0>) New arrival phase 16 for client "localhost" (last ? true): will start 900 users

=INFO REPORT==== 14-Jun-2014::21:18:04 ===
    ts_config_server:(5:<0.54.0>) New arrival phase 17 for client "localhost" (last ? true): will start 36000 users

=INFO REPORT==== 14-Jun-2014::21:18:04 ===
    ts_config_server:(5:<0.54.0>) New arrival phase 18 for client "localhost" (last ? true): will start 900 users

=INFO REPORT==== 14-Jun-2014::21:18:04 ===
         ts_launcher:(5:<0.91.0>) Expected duration of first phase: 900.0 sec (900 users) 

=INFO REPORT==== 14-Jun-2014::21:18:04 ===
         ts_launcher:(2:<0.91.0>) WARNING !!! too few file descriptors available (1024), you should decrease maxusers (currently 50000)
=INFO REPORT==== 14-Jun-2014::21:18:04 ===
         ts_launcher:(5:<0.91.0>) Activate launcher (900 users) in 6741 msec 

=INFO REPORT==== 14-Jun-2014::21:18:05 ===
    ts_os_mon_erlang:(5:<0.76.0>) Starting os_mon beam on host "localhost" 

=INFO REPORT==== 14-Jun-2014::21:18:05 ===
    ts_os_mon_erlang:(5:<0.77.0>) Starting os_mon beam on host "aws-server1" 

=INFO REPORT==== 14-Jun-2014::21:18:05 ===
    ts_os_mon_erlang:(5:<0.78.0>) Starting os_mon beam on host "aws-server2" 

=INFO REPORT==== 14-Jun-2014::21:18:06 ===
    ts_os_mon_erlang:(5:<0.76.0>) Loading tsung monitor on nodes [os_mon@localhost]
