
=INFO REPORT==== 17-Jun-2014::03:50:05 ===
    ts_config_server:(5:<0.54.0>) Config server started, logdir is "/home/ubuntu/tsung/log/reg/20140617-0350"
 
=INFO REPORT==== 17-Jun-2014::03:50:05 ===
              ts_mon:(5:<0.53.0>) starting monitor, global 

=INFO REPORT==== 17-Jun-2014::03:50:05 ===
           ts_config:(5:<0.54.0>) Reading config file: ./xml/aws_test_reg.xml

=INFO REPORT==== 17-Jun-2014::03:50:05 ===
           ts_config:(5:<0.54.0>) Session name for id 1 is "register"

=INFO REPORT==== 17-Jun-2014::03:50:05 ===
    ts_config_server:(4:<0.54.0>) SYSINFO:Tsung version: 1.5.1

=INFO REPORT==== 17-Jun-2014::03:50:05 ===
    ts_config_server:(4:<0.54.0>) SYSINFO:Erlang version: Erlang R16B03 (erts-5.10.4) [source] [64-bit] [async-threads:16] [hipe] [kernel-poll:true]


=INFO REPORT==== 17-Jun-2014::03:50:05 ===
    ts_config_server:(4:<0.54.0>) SYSINFO:System architecture x86_64-pc-linux-gnu

=INFO REPORT==== 17-Jun-2014::03:50:05 ===
    ts_config_server:(4:<0.54.0>) SYSINFO:Current path: /usr/lib/erlang/lib/tsung-1.5.1/ebin/tsung.beam

=INFO REPORT==== 17-Jun-2014::03:50:05 ===
              ts_mon:(5:<0.55.0>) Activate clients with text backend

=INFO REPORT==== 17-Jun-2014::03:50:05 ===
              ts_mon:(5:<0.55.0>) Starting tsung clients on hosts: [localhost]

=INFO REPORT==== 17-Jun-2014::03:50:05 ===
    ts_config_server:(5:<0.54.0>) Start a launcher on the controller beam localhost

=INFO REPORT==== 17-Jun-2014::03:50:05 ===
  ts_launcher_static:(5:<0.88.0>) Launch msg receive ("localhost")

=INFO REPORT==== 17-Jun-2014::03:50:05 ===
         ts_launcher:(5:<0.89.0>) Launch msg receive ("localhost")

=INFO REPORT==== 17-Jun-2014::03:50:05 ===
    ts_config_server:(5:<0.54.0>) All remote beams started, syncing 

=INFO REPORT==== 17-Jun-2014::03:50:05 ===
    ts_config_server:(5:<0.54.0>) Undefined ports_range config 

=INFO REPORT==== 17-Jun-2014::03:50:05 ===
    ts_config_server:(5:<0.54.0>) New arrival phase 1 for client "localhost" (last ? true): will start 5000 users

=INFO REPORT==== 17-Jun-2014::03:50:05 ===
    ts_config_server:(5:<0.54.0>) New arrival phase 2 for client "localhost" (last ? true): will start 10000 users

=INFO REPORT==== 17-Jun-2014::03:50:05 ===
    ts_config_server:(5:<0.54.0>) New arrival phase 3 for client "localhost" (last ? true): will start 15000 users

=INFO REPORT==== 17-Jun-2014::03:50:05 ===
    ts_config_server:(5:<0.54.0>) New arrival phase 4 for client "localhost" (last ? true): will start 20000 users

=INFO REPORT==== 17-Jun-2014::03:50:05 ===
    ts_config_server:(5:<0.54.0>) New arrival phase 5 for client "localhost" (last ? true): will start 25000 users

=INFO REPORT==== 17-Jun-2014::03:50:05 ===
    ts_config_server:(5:<0.54.0>) New arrival phase 6 for client "localhost" (last ? true): will start 30000 users

=INFO REPORT==== 17-Jun-2014::03:50:05 ===
         ts_launcher:(5:<0.89.0>) Expected duration of first phase: 300.0 sec (5000 users) 

=INFO REPORT==== 17-Jun-2014::03:50:05 ===
         ts_launcher:(2:<0.89.0>) WARNING !!! too few file descriptors available (1024), you should decrease maxusers (currently 50000)
=INFO REPORT==== 17-Jun-2014::03:50:05 ===
         ts_launcher:(5:<0.89.0>) Activate launcher (5000 users) in 997 msec 

=INFO REPORT==== 17-Jun-2014::03:50:06 ===
    ts_os_mon_erlang:(5:<0.76.0>) Starting os_mon beam on host "localhost" 

=INFO REPORT==== 17-Jun-2014::03:50:07 ===
    ts_os_mon_erlang:(5:<0.76.0>) Loading tsung monitor on nodes [os_mon@localhost]
