
=INFO REPORT==== 16-Jun-2014::21:17:06 ===
    ts_config_server:(5:<0.54.0>) Config server started, logdir is "/home/ubuntu/tsung/log/sen/20140616-2117"
 
=INFO REPORT==== 16-Jun-2014::21:17:06 ===
              ts_mon:(5:<0.53.0>) starting monitor, global 

=INFO REPORT==== 16-Jun-2014::21:17:06 ===
           ts_config:(5:<0.54.0>) Reading config file: ./xml/aws_test_sen.xml

=INFO REPORT==== 16-Jun-2014::21:17:06 ===
           ts_config:(5:<0.54.0>) Session name for id 1 is "send"

=INFO REPORT==== 16-Jun-2014::21:17:06 ===
    ts_config_server:(4:<0.54.0>) SYSINFO:Tsung version: 1.5.1

=INFO REPORT==== 16-Jun-2014::21:17:06 ===
    ts_config_server:(4:<0.54.0>) SYSINFO:Erlang version: Erlang R16B03 (erts-5.10.4) [source] [64-bit] [async-threads:16] [hipe] [kernel-poll:true]


=INFO REPORT==== 16-Jun-2014::21:17:06 ===
    ts_config_server:(4:<0.54.0>) SYSINFO:System architecture x86_64-pc-linux-gnu

=INFO REPORT==== 16-Jun-2014::21:17:06 ===
    ts_config_server:(4:<0.54.0>) SYSINFO:Current path: /usr/lib/erlang/lib/tsung-1.5.1/ebin/tsung.beam

=INFO REPORT==== 16-Jun-2014::21:17:06 ===
              ts_mon:(5:<0.55.0>) Activate clients with text backend

=INFO REPORT==== 16-Jun-2014::21:17:06 ===
              ts_mon:(5:<0.55.0>) Starting tsung clients on hosts: [localhost]

=INFO REPORT==== 16-Jun-2014::21:17:06 ===
    ts_config_server:(5:<0.54.0>) Start a launcher on the controller beam localhost

=INFO REPORT==== 16-Jun-2014::21:17:07 ===
  ts_launcher_static:(5:<0.88.0>) Launch msg receive ("localhost")

=INFO REPORT==== 16-Jun-2014::21:17:07 ===
         ts_launcher:(5:<0.89.0>) Launch msg receive ("localhost")

=INFO REPORT==== 16-Jun-2014::21:17:07 ===
    ts_config_server:(5:<0.54.0>) All remote beams started, syncing 

=INFO REPORT==== 16-Jun-2014::21:17:07 ===
    ts_config_server:(5:<0.54.0>) Undefined ports_range config 

=INFO REPORT==== 16-Jun-2014::21:17:07 ===
    ts_config_server:(5:<0.54.0>) New arrival phase 1 for client "localhost" (last ? true): will start 7500 users

=INFO REPORT==== 16-Jun-2014::21:17:07 ===
    ts_config_server:(5:<0.54.0>) New arrival phase 2 for client "localhost" (last ? true): will start 10000 users

=INFO REPORT==== 16-Jun-2014::21:17:07 ===
    ts_config_server:(5:<0.54.0>) New arrival phase 3 for client "localhost" (last ? true): will start 12500 users

=INFO REPORT==== 16-Jun-2014::21:17:07 ===
    ts_config_server:(5:<0.54.0>) New arrival phase 4 for client "localhost" (last ? true): will start 15000 users

=INFO REPORT==== 16-Jun-2014::21:17:07 ===
    ts_config_server:(5:<0.54.0>) New arrival phase 5 for client "localhost" (last ? true): will start 17500 users

=INFO REPORT==== 16-Jun-2014::21:17:07 ===
    ts_config_server:(5:<0.54.0>) New arrival phase 6 for client "localhost" (last ? true): will start 20000 users

=INFO REPORT==== 16-Jun-2014::21:17:07 ===
         ts_launcher:(5:<0.89.0>) Expected duration of first phase: 300.0 sec (7500 users) 

=INFO REPORT==== 16-Jun-2014::21:17:07 ===
         ts_launcher:(2:<0.89.0>) WARNING !!! too few file descriptors available (1024), you should decrease maxusers (currently 50000)
=INFO REPORT==== 16-Jun-2014::21:17:07 ===
         ts_launcher:(5:<0.89.0>) Activate launcher (7500 users) in 983 msec 

=INFO REPORT==== 16-Jun-2014::21:17:07 ===
    ts_os_mon_erlang:(5:<0.76.0>) Starting os_mon beam on host "localhost" 

=INFO REPORT==== 16-Jun-2014::21:17:39 ===
    ts_os_mon_erlang:(3:<0.76.0>) Fail to start beam on host "localhost" ({error,
                                                                           timeout})

=ERROR REPORT==== 16-Jun-2014::21:17:39 ===
** Generic server <0.76.0> terminating 
** Last message in was {timeout,#Ref<0.0.0.316>,start_beam}
** When Server state == {state,{global,ts_mon},
                               10000,undefined,"localhost",undefined,[]}
** Reason for termination == 
** {error,timeout}

=INFO REPORT==== 16-Jun-2014::21:17:40 ===
    ts_os_mon_erlang:(5:<0.931.0>) Starting os_mon beam on host "localhost" 

=INFO REPORT==== 16-Jun-2014::21:18:12 ===
    ts_os_mon_erlang:(3:<0.931.0>) Fail to start beam on host "localhost" ({error,
                                                                            timeout})

=ERROR REPORT==== 16-Jun-2014::21:18:12 ===
** Generic server <0.931.0> terminating 
** Last message in was {timeout,#Ref<0.0.0.9611>,start_beam}
** When Server state == {state,{global,ts_mon},
                               10000,undefined,"localhost",undefined,[]}
** Reason for termination == 
** {error,timeout}

=INFO REPORT==== 16-Jun-2014::21:18:13 ===
    ts_os_mon_erlang:(5:<0.1787.0>) Starting os_mon beam on host "localhost" 

=INFO REPORT==== 16-Jun-2014::21:18:45 ===
    ts_os_mon_erlang:(3:<0.1787.0>) Fail to start beam on host "localhost" ({error,
                                                                             timeout})

=ERROR REPORT==== 16-Jun-2014::21:18:45 ===
** Generic server <0.1787.0> terminating 
** Last message in was {timeout,#Ref<0.0.0.19010>,start_beam}
** When Server state == {state,{global,ts_mon},
                               10000,undefined,"localhost",undefined,[]}
** Reason for termination == 
** {error,timeout}

=INFO REPORT==== 16-Jun-2014::21:18:46 ===
    ts_os_mon_erlang:(5:<0.2577.0>) Starting os_mon beam on host "localhost" 

=INFO REPORT==== 16-Jun-2014::21:19:18 ===
    ts_os_mon_erlang:(3:<0.2577.0>) Fail to start beam on host "localhost" ({error,
                                                                             timeout})

=ERROR REPORT==== 16-Jun-2014::21:19:18 ===
** Generic server <0.2577.0> terminating 
** Last message in was {timeout,#Ref<0.0.0.27469>,start_beam}
** When Server state == {state,{global,ts_mon},
                               10000,undefined,"localhost",undefined,[]}
** Reason for termination == 
** {error,timeout}

=INFO REPORT==== 16-Jun-2014::21:19:19 ===
    ts_os_mon_erlang:(5:<0.3415.0>) Starting os_mon beam on host "localhost" 

=INFO REPORT==== 16-Jun-2014::21:19:51 ===
    ts_os_mon_erlang:(3:<0.3415.0>) Fail to start beam on host "localhost" ({error,
                                                                             timeout})

=ERROR REPORT==== 16-Jun-2014::21:19:51 ===
** Generic server <0.3415.0> terminating 
** Last message in was {timeout,#Ref<0.0.0.37050>,start_beam}
** When Server state == {state,{global,ts_mon},
                               10000,undefined,"localhost",undefined,[]}
** Reason for termination == 
** {error,timeout}

=INFO REPORT==== 16-Jun-2014::21:19:52 ===
    ts_os_mon_erlang:(5:<0.4260.0>) Starting os_mon beam on host "localhost" 

=INFO REPORT==== 16-Jun-2014::21:20:24 ===
    ts_os_mon_erlang:(3:<0.4260.0>) Fail to start beam on host "localhost" ({error,
                                                                             timeout})

=ERROR REPORT==== 16-Jun-2014::21:20:24 ===
** Generic server <0.4260.0> terminating 
** Last message in was {timeout,#Ref<0.0.0.46381>,start_beam}
** When Server state == {state,{global,ts_mon},
                               10000,undefined,"localhost",undefined,[]}
** Reason for termination == 
** {error,timeout}

=INFO REPORT==== 16-Jun-2014::21:20:25 ===
    ts_os_mon_erlang:(5:<0.5090.0>) Starting os_mon beam on host "localhost" 

=INFO REPORT==== 16-Jun-2014::21:20:57 ===
    ts_os_mon_erlang:(3:<0.5090.0>) Fail to start beam on host "localhost" ({error,
                                                                             timeout})

=ERROR REPORT==== 16-Jun-2014::21:20:57 ===
** Generic server <0.5090.0> terminating 
** Last message in was {timeout,#Ref<0.0.0.55550>,start_beam}
** When Server state == {state,{global,ts_mon},
                               10000,undefined,"localhost",undefined,[]}
** Reason for termination == 
** {error,timeout}

=INFO REPORT==== 16-Jun-2014::21:20:58 ===
    ts_os_mon_erlang:(5:<0.5837.0>) Starting os_mon beam on host "localhost" 

=INFO REPORT==== 16-Jun-2014::21:21:30 ===
    ts_os_mon_erlang:(3:<0.5837.0>) Fail to start beam on host "localhost" ({error,
                                                                             timeout})

=ERROR REPORT==== 16-Jun-2014::21:21:30 ===
** Generic server <0.5837.0> terminating 
** Last message in was {timeout,#Ref<0.0.0.63797>,start_beam}
** When Server state == {state,{global,ts_mon},
                               10000,undefined,"localhost",undefined,[]}
** Reason for termination == 
** {error,timeout}

=INFO REPORT==== 16-Jun-2014::21:21:31 ===
    ts_os_mon_erlang:(5:<0.6644.0>) Starting os_mon beam on host "localhost" 

=INFO REPORT==== 16-Jun-2014::21:22:03 ===
    ts_os_mon_erlang:(3:<0.6644.0>) Fail to start beam on host "localhost" ({error,
                                                                             timeout})

=ERROR REPORT==== 16-Jun-2014::21:22:03 ===
** Generic server <0.6644.0> terminating 
** Last message in was {timeout,#Ref<0.0.0.72725>,start_beam}
** When Server state == {state,{global,ts_mon},
                               10000,undefined,"localhost",undefined,[]}
** Reason for termination == 
** {error,timeout}

=INFO REPORT==== 16-Jun-2014::21:22:04 ===
    ts_os_mon_erlang:(5:<0.7445.0>) Starting os_mon beam on host "localhost" 

=INFO REPORT==== 16-Jun-2014::21:22:07 ===
         ts_launcher:(5:<0.89.0>) Phase duration exceeded, but not all users were launched (143 users, 1.9% of phase)

=INFO REPORT==== 16-Jun-2014::21:22:07 ===
         ts_launcher:(5:<0.89.0>) Start a new arrival phase (10000 users, 0.03333333333333333); expected duration=300.0 sec

=INFO REPORT==== 16-Jun-2014::21:22:36 ===
    ts_os_mon_erlang:(3:<0.7445.0>) Fail to start beam on host "localhost" ({error,
                                                                             timeout})

=ERROR REPORT==== 16-Jun-2014::21:22:36 ===
** Generic server <0.7445.0> terminating 
** Last message in was {timeout,#Ref<0.0.0.81552>,start_beam}
** When Server state == {state,{global,ts_mon},
                               10000,undefined,"localhost",undefined,[]}
** Reason for termination == 
** {error,timeout}

=INFO REPORT==== 16-Jun-2014::21:22:37 ===
    ts_os_mon_erlang:(5:<0.8492.0>) Starting os_mon beam on host "localhost" 

=INFO REPORT==== 16-Jun-2014::21:23:09 ===
    ts_os_mon_erlang:(3:<0.8492.0>) Fail to start beam on host "localhost" ({error,
                                                                             timeout})

=ERROR REPORT==== 16-Jun-2014::21:23:09 ===
** Generic server <0.8492.0> terminating 
** Last message in was {timeout,#Ref<0.0.0.93136>,start_beam}
** When Server state == {state,{global,ts_mon},
                               10000,undefined,"localhost",undefined,[]}
** Reason for termination == 
** {error,timeout}

=INFO REPORT==== 16-Jun-2014::21:23:10 ===
    ts_os_mon_erlang:(5:<0.9012.0>) Starting os_mon beam on host "localhost" 

=INFO REPORT==== 16-Jun-2014::21:23:43 ===
    ts_os_mon_erlang:(3:<0.9012.0>) Fail to start beam on host "localhost" ({error,
                                                                             timeout})

=ERROR REPORT==== 16-Jun-2014::21:23:43 ===
** Generic server <0.9012.0> terminating 
** Last message in was {timeout,#Ref<0.0.0.98765>,start_beam}
** When Server state == {state,{global,ts_mon},
                               10000,undefined,"localhost",undefined,[]}
** Reason for termination == 
** {error,timeout}

=INFO REPORT==== 16-Jun-2014::21:23:44 ===
    ts_os_mon_erlang:(5:<0.9332.0>) Starting os_mon beam on host "localhost" 

=INFO REPORT==== 16-Jun-2014::21:24:16 ===
    ts_os_mon_erlang:(3:<0.9332.0>) Fail to start beam on host "localhost" ({error,
                                                                             timeout})

=ERROR REPORT==== 16-Jun-2014::21:24:16 ===
** Generic server <0.9332.0> terminating 
** Last message in was {timeout,#Ref<0.0.0.102426>,start_beam}
** When Server state == {state,{global,ts_mon},
                               10000,undefined,"localhost",undefined,[]}
** Reason for termination == 
** {error,timeout}

=INFO REPORT==== 16-Jun-2014::21:24:17 ===
    ts_os_mon_erlang:(5:<0.10302.0>) Starting os_mon beam on host "localhost" 

=INFO REPORT==== 16-Jun-2014::21:24:49 ===
    ts_os_mon_erlang:(3:<0.10302.0>) Fail to start beam on host "localhost" ({error,
                                                                              timeout})

=ERROR REPORT==== 16-Jun-2014::21:24:49 ===
** Generic server <0.10302.0> terminating 
** Last message in was {timeout,#Ref<0.0.0.113147>,start_beam}
** When Server state == {state,{global,ts_mon},
                               10000,undefined,"localhost",undefined,[]}
** Reason for termination == 
** {error,timeout}

=INFO REPORT==== 16-Jun-2014::21:24:50 ===
    ts_os_mon_erlang:(5:<0.11436.0>) Starting os_mon beam on host "localhost" 

=INFO REPORT==== 16-Jun-2014::21:25:22 ===
    ts_os_mon_erlang:(3:<0.11436.0>) Fail to start beam on host "localhost" ({error,
                                                                              timeout})

=ERROR REPORT==== 16-Jun-2014::21:25:22 ===
** Generic server <0.11436.0> terminating 
** Last message in was {timeout,#Ref<0.0.0.125666>,start_beam}
** When Server state == {state,{global,ts_mon},
                               10000,undefined,"localhost",undefined,[]}
** Reason for termination == 
** {error,timeout}

=INFO REPORT==== 16-Jun-2014::21:25:23 ===
    ts_os_mon_erlang:(5:<0.12511.0>) Starting os_mon beam on host "localhost" 

=INFO REPORT==== 16-Jun-2014::21:25:55 ===
    ts_os_mon_erlang:(3:<0.12511.0>) Fail to start beam on host "localhost" ({error,
                                                                              timeout})

=ERROR REPORT==== 16-Jun-2014::21:25:55 ===
** Generic server <0.12511.0> terminating 
** Last message in was {timeout,#Ref<0.0.0.137534>,start_beam}
** When Server state == {state,{global,ts_mon},
                               10000,undefined,"localhost",undefined,[]}
** Reason for termination == 
** {error,timeout}

=INFO REPORT==== 16-Jun-2014::21:25:56 ===
    ts_os_mon_erlang:(5:<0.13582.0>) Starting os_mon beam on host "localhost" 

=INFO REPORT==== 16-Jun-2014::21:26:28 ===
    ts_os_mon_erlang:(3:<0.13582.0>) Fail to start beam on host "localhost" ({error,
                                                                              timeout})

=ERROR REPORT==== 16-Jun-2014::21:26:28 ===
** Generic server <0.13582.0> terminating 
** Last message in was {timeout,#Ref<0.0.0.149353>,start_beam}
** When Server state == {state,{global,ts_mon},
                               10000,undefined,"localhost",undefined,[]}
** Reason for termination == 
** {error,timeout}

=INFO REPORT==== 16-Jun-2014::21:26:29 ===
    ts_os_mon_erlang:(5:<0.14627.0>) Starting os_mon beam on host "localhost" 

=INFO REPORT==== 16-Jun-2014::21:27:01 ===
    ts_os_mon_erlang:(3:<0.14627.0>) Fail to start beam on host "localhost" ({error,
                                                                              timeout})

=ERROR REPORT==== 16-Jun-2014::21:27:01 ===
** Generic server <0.14627.0> terminating 
** Last message in was {timeout,#Ref<0.0.0.160895>,start_beam}
** When Server state == {state,{global,ts_mon},
                               10000,undefined,"localhost",undefined,[]}
** Reason for termination == 
** {error,timeout}

=INFO REPORT==== 16-Jun-2014::21:27:02 ===
    ts_os_mon_erlang:(5:<0.15153.0>) Starting os_mon beam on host "localhost" 

=INFO REPORT==== 16-Jun-2014::21:27:07 ===
         ts_launcher:(4:<0.89.0>) Phase duration exceeded, more than 20% (24.1%) of users were not launched in time (2414 users), tsung may be overloaded !

=INFO REPORT==== 16-Jun-2014::21:27:07 ===
         ts_launcher:(5:<0.89.0>) Start a new arrival phase (12500 users, 0.041666666666666664); expected duration=300.0 sec

=INFO REPORT==== 16-Jun-2014::21:27:34 ===
    ts_os_mon_erlang:(3:<0.15153.0>) Fail to start beam on host "localhost" ({error,
                                                                              timeout})

=ERROR REPORT==== 16-Jun-2014::21:27:34 ===
** Generic server <0.15153.0> terminating 
** Last message in was {timeout,#Ref<0.0.0.166664>,start_beam}
** When Server state == {state,{global,ts_mon},
                               10000,undefined,"localhost",undefined,[]}
** Reason for termination == 
** {error,timeout}

=INFO REPORT==== 16-Jun-2014::21:27:35 ===
    ts_os_mon_erlang:(5:<0.15484.0>) Starting os_mon beam on host "localhost" 

=INFO REPORT==== 16-Jun-2014::21:28:08 ===
    ts_os_mon_erlang:(3:<0.15484.0>) Fail to start beam on host "localhost" ({error,
                                                                              timeout})

=ERROR REPORT==== 16-Jun-2014::21:28:08 ===
** Generic server <0.15484.0> terminating 
** Last message in was {timeout,#Ref<0.0.0.170383>,start_beam}
** When Server state == {state,{global,ts_mon},
                               10000,undefined,"localhost",undefined,[]}
** Reason for termination == 
** {error,timeout}

=INFO REPORT==== 16-Jun-2014::21:28:09 ===
    ts_os_mon_erlang:(5:<0.16594.0>) Starting os_mon beam on host "localhost" 

=INFO REPORT==== 16-Jun-2014::21:28:41 ===
    ts_os_mon_erlang:(3:<0.16594.0>) Fail to start beam on host "localhost" ({error,
                                                                              timeout})

=ERROR REPORT==== 16-Jun-2014::21:28:41 ===
** Generic server <0.16594.0> terminating 
** Last message in was {timeout,#Ref<0.0.0.182637>,start_beam}
** When Server state == {state,{global,ts_mon},
                               10000,undefined,"localhost",undefined,[]}
** Reason for termination == 
** {error,timeout}

=INFO REPORT==== 16-Jun-2014::21:28:42 ===
    ts_os_mon_erlang:(5:<0.17949.0>) Starting os_mon beam on host "localhost" 

=INFO REPORT==== 16-Jun-2014::21:29:14 ===
    ts_os_mon_erlang:(3:<0.17949.0>) Fail to start beam on host "localhost" ({error,
                                                                              timeout})

=ERROR REPORT==== 16-Jun-2014::21:29:14 ===
** Generic server <0.17949.0> terminating 
** Last message in was {timeout,#Ref<0.0.0.197578>,start_beam}
** When Server state == {state,{global,ts_mon},
                               10000,undefined,"localhost",undefined,[]}
** Reason for termination == 
** {error,timeout}

=INFO REPORT==== 16-Jun-2014::21:29:15 ===
    ts_os_mon_erlang:(5:<0.19329.0>) Starting os_mon beam on host "localhost" 

=INFO REPORT==== 16-Jun-2014::21:29:47 ===
    ts_os_mon_erlang:(3:<0.19329.0>) Fail to start beam on host "localhost" ({error,
                                                                              timeout})

=ERROR REPORT==== 16-Jun-2014::21:29:47 ===
** Generic server <0.19329.0> terminating 
** Last message in was {timeout,#Ref<0.0.0.212806>,start_beam}
** When Server state == {state,{global,ts_mon},
                               10000,undefined,"localhost",undefined,[]}
** Reason for termination == 
** {error,timeout}

=INFO REPORT==== 16-Jun-2014::21:29:48 ===
    ts_os_mon_erlang:(5:<0.20687.0>) Starting os_mon beam on host "localhost" 

=INFO REPORT==== 16-Jun-2014::21:30:20 ===
    ts_os_mon_erlang:(3:<0.20687.0>) Fail to start beam on host "localhost" ({error,
                                                                              timeout})

=ERROR REPORT==== 16-Jun-2014::21:30:20 ===
** Generic server <0.20687.0> terminating 
** Last message in was {timeout,#Ref<0.0.0.227789>,start_beam}
** When Server state == {state,{global,ts_mon},
                               10000,undefined,"localhost",undefined,[]}
** Reason for termination == 
** {error,timeout}

=INFO REPORT==== 16-Jun-2014::21:30:21 ===
    ts_os_mon_erlang:(5:<0.22087.0>) Starting os_mon beam on host "localhost" 

=INFO REPORT==== 16-Jun-2014::21:30:53 ===
    ts_os_mon_erlang:(3:<0.22087.0>) Fail to start beam on host "localhost" ({error,
                                                                              timeout})

=ERROR REPORT==== 16-Jun-2014::21:30:53 ===
** Generic server <0.22087.0> terminating 
** Last message in was {timeout,#Ref<0.0.0.243142>,start_beam}
** When Server state == {state,{global,ts_mon},
                               10000,undefined,"localhost",undefined,[]}
** Reason for termination == 
** {error,timeout}

=INFO REPORT==== 16-Jun-2014::21:30:54 ===
    ts_os_mon_erlang:(5:<0.23446.0>) Starting os_mon beam on host "localhost" 

=INFO REPORT==== 16-Jun-2014::21:31:26 ===
    ts_os_mon_erlang:(3:<0.23446.0>) Fail to start beam on host "localhost" ({error,
                                                                              timeout})

=ERROR REPORT==== 16-Jun-2014::21:31:26 ===
** Generic server <0.23446.0> terminating 
** Last message in was {timeout,#Ref<0.0.0.258219>,start_beam}
** When Server state == {state,{global,ts_mon},
                               10000,undefined,"localhost",undefined,[]}
** Reason for termination == 
** {error,timeout}

=INFO REPORT==== 16-Jun-2014::21:31:27 ===
    ts_os_mon_erlang:(5:<0.24823.0>) Starting os_mon beam on host "localhost" 

=INFO REPORT==== 16-Jun-2014::21:31:59 ===
    ts_os_mon_erlang:(3:<0.24823.0>) Fail to start beam on host "localhost" ({error,
                                                                              timeout})

=ERROR REPORT==== 16-Jun-2014::21:31:59 ===
** Generic server <0.24823.0> terminating 
** Last message in was {timeout,#Ref<0.0.1.11264>,start_beam}
** When Server state == {state,{global,ts_mon},
                               10000,undefined,"localhost",undefined,[]}
** Reason for termination == 
** {error,timeout}

=INFO REPORT==== 16-Jun-2014::21:32:00 ===
    ts_os_mon_erlang:(5:<0.26169.0>) Starting os_mon beam on host "localhost" 

=INFO REPORT==== 16-Jun-2014::21:32:07 ===
         ts_launcher:(5:<0.89.0>) Phase duration exceeded, but not all users were launched (1275 users, 10.2% of phase)

=INFO REPORT==== 16-Jun-2014::21:32:07 ===
         ts_launcher:(5:<0.89.0>) Start a new arrival phase (15000 users, 0.05); expected duration=300.0 sec

=INFO REPORT==== 16-Jun-2014::21:32:32 ===
    ts_os_mon_erlang:(3:<0.26169.0>) Fail to start beam on host "localhost" ({error,
                                                                              timeout})

=ERROR REPORT==== 16-Jun-2014::21:32:32 ===
** Generic server <0.26169.0> terminating 
** Last message in was {timeout,#Ref<0.0.1.26115>,start_beam}
** When Server state == {state,{global,ts_mon},
                               10000,undefined,"localhost",undefined,[]}
** Reason for termination == 
** {error,timeout}

=INFO REPORT==== 16-Jun-2014::21:32:33 ===
    ts_os_mon_erlang:(5:<0.27820.0>) Starting os_mon beam on host "localhost" 

=INFO REPORT==== 16-Jun-2014::21:33:05 ===
    ts_os_mon_erlang:(3:<0.27820.0>) Fail to start beam on host "localhost" ({error,
                                                                              timeout})

=ERROR REPORT==== 16-Jun-2014::21:33:05 ===
** Generic server <0.27820.0> terminating 
** Last message in was {timeout,#Ref<0.0.1.44319>,start_beam}
** When Server state == {state,{global,ts_mon},
                               10000,undefined,"localhost",undefined,[]}
** Reason for termination == 
** {error,timeout}

=INFO REPORT==== 16-Jun-2014::21:33:06 ===
    ts_os_mon_erlang:(5:<0.28921.0>) Starting os_mon beam on host "localhost" 

=INFO REPORT==== 16-Jun-2014::21:33:38 ===
    ts_os_mon_erlang:(3:<0.28921.0>) Fail to start beam on host "localhost" ({error,
                                                                              timeout})

=ERROR REPORT==== 16-Jun-2014::21:33:38 ===
** Generic server <0.28921.0> terminating 
** Last message in was {timeout,#Ref<0.0.1.56463>,start_beam}
** When Server state == {state,{global,ts_mon},
                               10000,undefined,"localhost",undefined,[]}
** Reason for termination == 
** {error,timeout}

=INFO REPORT==== 16-Jun-2014::21:33:39 ===
    ts_os_mon_erlang:(5:<0.29275.0>) Starting os_mon beam on host "localhost" 

=INFO REPORT==== 16-Jun-2014::21:34:11 ===
    ts_os_mon_erlang:(3:<0.29275.0>) Fail to start beam on host "localhost" ({error,
                                                                              timeout})

=ERROR REPORT==== 16-Jun-2014::21:34:11 ===
** Generic server <0.29275.0> terminating 
** Last message in was {timeout,#Ref<0.0.1.60391>,start_beam}
** When Server state == {state,{global,ts_mon},
                               10000,undefined,"localhost",undefined,[]}
** Reason for termination == 
** {error,timeout}

=INFO REPORT==== 16-Jun-2014::21:34:12 ===
    ts_os_mon_erlang:(5:<0.29893.0>) Starting os_mon beam on host "localhost" 

=INFO REPORT==== 16-Jun-2014::21:34:44 ===
    ts_os_mon_erlang:(3:<0.29893.0>) Fail to start beam on host "localhost" ({error,
                                                                              timeout})

=ERROR REPORT==== 16-Jun-2014::21:34:44 ===
** Generic server <0.29893.0> terminating 
** Last message in was {timeout,#Ref<0.0.1.67218>,start_beam}
** When Server state == {state,{global,ts_mon},
                               10000,undefined,"localhost",undefined,[]}
** Reason for termination == 
** {error,timeout}

=INFO REPORT==== 16-Jun-2014::21:34:45 ===
    ts_os_mon_erlang:(5:<0.31527.0>) Starting os_mon beam on host "localhost" 

=INFO REPORT==== 16-Jun-2014::21:35:17 ===
    ts_os_mon_erlang:(3:<0.31527.0>) Fail to start beam on host "localhost" ({error,
                                                                              timeout})

=ERROR REPORT==== 16-Jun-2014::21:35:17 ===
** Generic server <0.31527.0> terminating 
** Last message in was {timeout,#Ref<0.0.1.85194>,start_beam}
** When Server state == {state,{global,ts_mon},
                               10000,undefined,"localhost",undefined,[]}
** Reason for termination == 
** {error,timeout}

=INFO REPORT==== 16-Jun-2014::21:35:18 ===
    ts_os_mon_erlang:(5:<0.372.1>) Starting os_mon beam on host "localhost" 

=INFO REPORT==== 16-Jun-2014::21:35:50 ===
    ts_os_mon_erlang:(3:<0.372.1>) Fail to start beam on host "localhost" ({error,
                                                                            timeout})

=ERROR REPORT==== 16-Jun-2014::21:35:50 ===
** Generic server <0.372.1> terminating 
** Last message in was {timeout,#Ref<0.0.1.103022>,start_beam}
** When Server state == {state,{global,ts_mon},
                               10000,undefined,"localhost",undefined,[]}
** Reason for termination == 
** {error,timeout}

=INFO REPORT==== 16-Jun-2014::21:35:51 ===
    ts_os_mon_erlang:(5:<0.1975.1>) Starting os_mon beam on host "localhost" 

=INFO REPORT==== 16-Jun-2014::21:36:23 ===
    ts_os_mon_erlang:(3:<0.1975.1>) Fail to start beam on host "localhost" ({error,
                                                                             timeout})

=ERROR REPORT==== 16-Jun-2014::21:36:23 ===
** Generic server <0.1975.1> terminating 
** Last message in was {timeout,#Ref<0.0.1.120685>,start_beam}
** When Server state == {state,{global,ts_mon},
                               10000,undefined,"localhost",undefined,[]}
** Reason for termination == 
** {error,timeout}

=INFO REPORT==== 16-Jun-2014::21:36:24 ===
    ts_os_mon_erlang:(5:<0.2736.1>) Starting os_mon beam on host "localhost" 

=INFO REPORT==== 16-Jun-2014::21:36:56 ===
    ts_os_mon_erlang:(3:<0.2736.1>) Fail to start beam on host "localhost" ({error,
                                                                             timeout})

=ERROR REPORT==== 16-Jun-2014::21:36:56 ===
** Generic server <0.2736.1> terminating 
** Last message in was {timeout,#Ref<0.0.1.129094>,start_beam}
** When Server state == {state,{global,ts_mon},
                               10000,undefined,"localhost",undefined,[]}
** Reason for termination == 
** {error,timeout}

=INFO REPORT==== 16-Jun-2014::21:36:58 ===
    ts_os_mon_erlang:(5:<0.3114.1>) Starting os_mon beam on host "localhost" 

=INFO REPORT==== 16-Jun-2014::21:37:07 ===
         ts_launcher:(4:<0.89.0>) Phase duration exceeded, more than 20% (37.5%) of users were not launched in time (5623 users), tsung may be overloaded !

=INFO REPORT==== 16-Jun-2014::21:37:07 ===
         ts_launcher:(5:<0.89.0>) Start a new arrival phase (17500 users, 0.058333333333333334); expected duration=300.0 sec

=INFO REPORT==== 16-Jun-2014::21:37:30 ===
    ts_os_mon_erlang:(3:<0.3114.1>) Fail to start beam on host "localhost" ({error,
                                                                             timeout})

=ERROR REPORT==== 16-Jun-2014::21:37:30 ===
** Generic server <0.3114.1> terminating 
** Last message in was {timeout,#Ref<0.0.1.133289>,start_beam}
** When Server state == {state,{global,ts_mon},
                               10000,undefined,"localhost",undefined,[]}
** Reason for termination == 
** {error,timeout}

=INFO REPORT==== 16-Jun-2014::21:37:31 ===
    ts_os_mon_erlang:(5:<0.4100.1>) Starting os_mon beam on host "localhost" 

=INFO REPORT==== 16-Jun-2014::21:38:03 ===
    ts_os_mon_erlang:(3:<0.4100.1>) Fail to start beam on host "localhost" ({error,
                                                                             timeout})

=ERROR REPORT==== 16-Jun-2014::21:38:03 ===
** Generic server <0.4100.1> terminating 
** Last message in was {timeout,#Ref<0.0.1.143653>,start_beam}
** When Server state == {state,{global,ts_mon},
                               10000,undefined,"localhost",undefined,[]}
** Reason for termination == 
** {error,timeout}

=INFO REPORT==== 16-Jun-2014::21:38:04 ===
    ts_os_mon_erlang:(5:<0.5074.1>) Starting os_mon beam on host "localhost" 

=INFO REPORT==== 16-Jun-2014::21:38:36 ===
    ts_os_mon_erlang:(3:<0.5074.1>) Fail to start beam on host "localhost" ({error,
                                                                             timeout})

=ERROR REPORT==== 16-Jun-2014::21:38:36 ===
** Generic server <0.5074.1> terminating 
** Last message in was {timeout,#Ref<0.0.1.154919>,start_beam}
** When Server state == {state,{global,ts_mon},
                               10000,undefined,"localhost",undefined,[]}
** Reason for termination == 
** {error,timeout}

=INFO REPORT==== 16-Jun-2014::21:38:37 ===
    ts_os_mon_erlang:(5:<0.5441.1>) Starting os_mon beam on host "localhost" 

=INFO REPORT==== 16-Jun-2014::21:39:09 ===
    ts_os_mon_erlang:(3:<0.5441.1>) Fail to start beam on host "localhost" ({error,
                                                                             timeout})

=ERROR REPORT==== 16-Jun-2014::21:39:09 ===
** Generic server <0.5441.1> terminating 
** Last message in was {timeout,#Ref<0.0.1.158975>,start_beam}
** When Server state == {state,{global,ts_mon},
                               10000,undefined,"localhost",undefined,[]}
** Reason for termination == 
** {error,timeout}

=INFO REPORT==== 16-Jun-2014::21:39:10 ===
    ts_os_mon_erlang:(5:<0.6009.1>) Starting os_mon beam on host "localhost" 

=INFO REPORT==== 16-Jun-2014::21:39:42 ===
    ts_os_mon_erlang:(3:<0.6009.1>) Fail to start beam on host "localhost" ({error,
                                                                             timeout})

=ERROR REPORT==== 16-Jun-2014::21:39:42 ===
** Generic server <0.6009.1> terminating 
** Last message in was {timeout,#Ref<0.0.1.165263>,start_beam}
** When Server state == {state,{global,ts_mon},
                               10000,undefined,"localhost",undefined,[]}
** Reason for termination == 
** {error,timeout}

=INFO REPORT==== 16-Jun-2014::21:39:43 ===
    ts_os_mon_erlang:(5:<0.7946.1>) Starting os_mon beam on host "localhost" 

=INFO REPORT==== 16-Jun-2014::21:40:15 ===
    ts_os_mon_erlang:(3:<0.7946.1>) Fail to start beam on host "localhost" ({error,
                                                                             timeout})

=ERROR REPORT==== 16-Jun-2014::21:40:15 ===
** Generic server <0.7946.1> terminating 
** Last message in was {timeout,#Ref<0.0.1.186612>,start_beam}
** When Server state == {state,{global,ts_mon},
                               10000,undefined,"localhost",undefined,[]}
** Reason for termination == 
** {error,timeout}

=INFO REPORT==== 16-Jun-2014::21:40:17 ===
    ts_os_mon_erlang:(5:<0.8783.1>) Starting os_mon beam on host "localhost" 

=INFO REPORT==== 16-Jun-2014::21:40:49 ===
    ts_os_mon_erlang:(3:<0.8783.1>) Fail to start beam on host "localhost" ({error,
                                                                             timeout})

=ERROR REPORT==== 16-Jun-2014::21:40:49 ===
** Generic server <0.8783.1> terminating 
** Last message in was {timeout,#Ref<0.0.1.195851>,start_beam}
** When Server state == {state,{global,ts_mon},
                               10000,undefined,"localhost",undefined,[]}
** Reason for termination == 
** {error,timeout}

=INFO REPORT==== 16-Jun-2014::21:40:50 ===
    ts_os_mon_erlang:(5:<0.9150.1>) Starting os_mon beam on host "localhost" 

=INFO REPORT==== 16-Jun-2014::21:41:22 ===
    ts_os_mon_erlang:(3:<0.9150.1>) Fail to start beam on host "localhost" ({error,
                                                                             timeout})

=ERROR REPORT==== 16-Jun-2014::21:41:22 ===
** Generic server <0.9150.1> terminating 
** Last message in was {timeout,#Ref<0.0.1.199921>,start_beam}
** When Server state == {state,{global,ts_mon},
                               10000,undefined,"localhost",undefined,[]}
** Reason for termination == 
** {error,timeout}

=INFO REPORT==== 16-Jun-2014::21:41:23 ===
    ts_os_mon_erlang:(5:<0.9995.1>) Starting os_mon beam on host "localhost" 

=INFO REPORT==== 16-Jun-2014::21:41:55 ===
    ts_os_mon_erlang:(3:<0.9995.1>) Fail to start beam on host "localhost" ({error,
                                                                             timeout})

=ERROR REPORT==== 16-Jun-2014::21:41:55 ===
** Generic server <0.9995.1> terminating 
** Last message in was {timeout,#Ref<0.0.1.209240>,start_beam}
** When Server state == {state,{global,ts_mon},
                               10000,undefined,"localhost",undefined,[]}
** Reason for termination == 
** {error,timeout}

=INFO REPORT==== 16-Jun-2014::21:41:56 ===
    ts_os_mon_erlang:(5:<0.11848.1>) Starting os_mon beam on host "localhost" 

=INFO REPORT==== 16-Jun-2014::21:42:07 ===
         ts_launcher:(4:<0.89.0>) Phase duration exceeded, more than 20% (49.5%) of users were not launched in time (8666 users), tsung may be overloaded !

=INFO REPORT==== 16-Jun-2014::21:42:07 ===
         ts_launcher:(5:<0.89.0>) Start a new arrival phase (20000 users, 0.06666666666666667); expected duration=300.0 sec

=INFO REPORT==== 16-Jun-2014::21:42:29 ===
    ts_os_mon_erlang:(3:<0.11848.1>) Fail to start beam on host "localhost" ({error,
                                                                              timeout})

=ERROR REPORT==== 16-Jun-2014::21:42:29 ===
** Generic server <0.11848.1> terminating 
** Last message in was {timeout,#Ref<0.0.1.229670>,start_beam}
** When Server state == {state,{global,ts_mon},
                               10000,undefined,"localhost",undefined,[]}
** Reason for termination == 
** {error,timeout}

=INFO REPORT==== 16-Jun-2014::21:42:30 ===
    ts_os_mon_erlang:(5:<0.12408.1>) Starting os_mon beam on host "localhost" 

=INFO REPORT==== 16-Jun-2014::21:43:02 ===
    ts_os_mon_erlang:(3:<0.12408.1>) Fail to start beam on host "localhost" ({error,
                                                                              timeout})

=ERROR REPORT==== 16-Jun-2014::21:43:02 ===
** Generic server <0.12408.1> terminating 
** Last message in was {timeout,#Ref<0.0.1.235857>,start_beam}
** When Server state == {state,{global,ts_mon},
                               10000,undefined,"localhost",undefined,[]}
** Reason for termination == 
** {error,timeout}

=INFO REPORT==== 16-Jun-2014::21:43:03 ===
    ts_os_mon_erlang:(5:<0.12811.1>) Starting os_mon beam on host "localhost" 

=INFO REPORT==== 16-Jun-2014::21:43:35 ===
    ts_os_mon_erlang:(3:<0.12811.1>) Fail to start beam on host "localhost" ({error,
                                                                              timeout})

=ERROR REPORT==== 16-Jun-2014::21:43:35 ===
** Generic server <0.12811.1> terminating 
** Last message in was {timeout,#Ref<0.0.1.240324>,start_beam}
** When Server state == {state,{global,ts_mon},
                               10000,undefined,"localhost",undefined,[]}
** Reason for termination == 
** {error,timeout}

=INFO REPORT==== 16-Jun-2014::21:43:36 ===
    ts_os_mon_erlang:(5:<0.14137.1>) Starting os_mon beam on host "localhost" 

=INFO REPORT==== 16-Jun-2014::21:44:08 ===
    ts_os_mon_erlang:(3:<0.14137.1>) Fail to start beam on host "localhost" ({error,
                                                                              timeout})

=ERROR REPORT==== 16-Jun-2014::21:44:08 ===
** Generic server <0.14137.1> terminating 
** Last message in was {timeout,#Ref<0.0.1.254945>,start_beam}
** When Server state == {state,{global,ts_mon},
                               10000,undefined,"localhost",undefined,[]}
** Reason for termination == 
** {error,timeout}

=INFO REPORT==== 16-Jun-2014::21:44:09 ===
    ts_os_mon_erlang:(5:<0.14900.1>) Starting os_mon beam on host "localhost" 

=INFO REPORT==== 16-Jun-2014::21:44:41 ===
    ts_os_mon_erlang:(3:<0.14900.1>) Fail to start beam on host "localhost" ({error,
                                                                              timeout})

=ERROR REPORT==== 16-Jun-2014::21:44:41 ===
** Generic server <0.14900.1> terminating 
** Last message in was {timeout,#Ref<0.0.2.1230>,start_beam}
** When Server state == {state,{global,ts_mon},
                               10000,undefined,"localhost",undefined,[]}
** Reason for termination == 
** {error,timeout}

=INFO REPORT==== 16-Jun-2014::21:44:42 ===
    ts_os_mon_erlang:(5:<0.15284.1>) Starting os_mon beam on host "localhost" 

=INFO REPORT==== 16-Jun-2014::21:45:14 ===
    ts_os_mon_erlang:(3:<0.15284.1>) Fail to start beam on host "localhost" ({error,
                                                                              timeout})

=ERROR REPORT==== 16-Jun-2014::21:45:14 ===
** Generic server <0.15284.1> terminating 
** Last message in was {timeout,#Ref<0.0.2.5481>,start_beam}
** When Server state == {state,{global,ts_mon},
                               10000,undefined,"localhost",undefined,[]}
** Reason for termination == 
** {error,timeout}

=INFO REPORT==== 16-Jun-2014::21:45:15 ===
    ts_os_mon_erlang:(5:<0.16026.1>) Starting os_mon beam on host "localhost" 

=INFO REPORT==== 16-Jun-2014::21:45:47 ===
    ts_os_mon_erlang:(3:<0.16026.1>) Fail to start beam on host "localhost" ({error,
                                                                              timeout})

=ERROR REPORT==== 16-Jun-2014::21:45:47 ===
** Generic server <0.16026.1> terminating 
** Last message in was {timeout,#Ref<0.0.2.13254>,start_beam}
** When Server state == {state,{global,ts_mon},
                               10000,undefined,"localhost",undefined,[]}
** Reason for termination == 
** {error,timeout}

=INFO REPORT==== 16-Jun-2014::21:45:48 ===
    ts_os_mon_erlang:(5:<0.18225.1>) Starting os_mon beam on host "localhost" 

=INFO REPORT==== 16-Jun-2014::21:46:21 ===
    ts_os_mon_erlang:(3:<0.18225.1>) Fail to start beam on host "localhost" ({error,
                                                                              timeout})

=ERROR REPORT==== 16-Jun-2014::21:46:21 ===
** Generic server <0.18225.1> terminating 
** Last message in was {timeout,#Ref<0.0.2.38316>,start_beam}
** When Server state == {state,{global,ts_mon},
                               10000,undefined,"localhost",undefined,[]}
** Reason for termination == 
** {error,timeout}

=INFO REPORT==== 16-Jun-2014::21:46:22 ===
    ts_os_mon_erlang:(5:<0.18718.1>) Starting os_mon beam on host "localhost" 

=INFO REPORT==== 16-Jun-2014::21:46:54 ===
    ts_os_mon_erlang:(3:<0.18718.1>) Fail to start beam on host "localhost" ({error,
                                                                              timeout})

=ERROR REPORT==== 16-Jun-2014::21:46:54 ===
** Generic server <0.18718.1> terminating 
** Last message in was {timeout,#Ref<0.0.2.44244>,start_beam}
** When Server state == {state,{global,ts_mon},
                               10000,undefined,"localhost",undefined,[]}
** Reason for termination == 
** {error,timeout}

=INFO REPORT==== 16-Jun-2014::21:46:55 ===
    ts_os_mon_erlang:(5:<0.19093.1>) Starting os_mon beam on host "localhost" 

=INFO REPORT==== 16-Jun-2014::21:47:07 ===
         ts_launcher:(4:<0.89.0>) Phase duration exceeded, more than 20% (65.0%) of users were not launched in time (13004 users), tsung may be overloaded !

=INFO REPORT==== 16-Jun-2014::21:47:07 ===
         ts_launcher:(5:<0.89.0>) This was the last phase, wait for connected users to finish their session

=INFO REPORT==== 16-Jun-2014::21:47:12 ===
     ts_launcher_mgr:(5:<0.84.0>) No more active users 'tsung_controller_sen@ip-172-31-46-22' "7576"

=INFO REPORT==== 16-Jun-2014::21:47:12 ===
              ts_mon:(5:<0.55.0>) stopping monitor (normal)
