# stats: dump at 1402937500
stats: users 14 14
stats: users_count 14 14
stats: finish_users_count 0 0
stats: connect 14 1.7151053292410714 0.2337452095239851 2.10302734375 1.365966796875 0 0
stats: size_sent 1372 1372
stats: connected 14 14
# stats: dump at 1402937510
stats: users 30 30
stats: users_count 16 30
stats: finish_users_count 0 0
stats: connect 9 2.3707953559027777 1.3310648016630313 5.115966796875 1.298095703125 1.7151053292410714 14
stats: newphase 1 1
stats: size_sent 882 2254
stats: connected 9 23
# stats: dump at 1402937520
stats: users 211 211
stats: users_count 181 211
stats: finish_users_count 0 0
stats: connect 181 2.6184338311464095 3.0479077332971185 19.345947265625 1.075927734375 1.9716796875 23
stats: newphase 0 1
stats: size_sent 17738 19992
stats: connected 181 204
# stats: dump at 1402937530
stats: users 409 409
stats: users_count 198 409
stats: finish_users_count 0 0
stats: connect 195 4.1665314503205115 4.885448173538496 28.10595703125 1.072021484375 2.545515471813726 204
stats: newphase 0 1
stats: size_sent 19110 39102
stats: connected 195 399
# stats: dump at 1402937540
stats: users 532 532
stats: users_count 123 532
stats: finish_users_count 0 0
stats: connect 133 3.414194666353384 3.6961798858529304 28.10595703125 1.072021484375 3.337741325971178 399
stats: newphase 1 2
stats: size_sent 13034 52136
stats: connected 133 532
# stats: dump at 1402937550
stats: users 538 538
stats: users_count 6 538
stats: finish_users_count 0 0
stats: connect 6 4.6993408203125 5.436308428313006 28.10595703125 1.072021484375 3.356854661066729 532
stats: newphase 0 2
stats: size_sent 588 52724
stats: connected 6 538
# stats: dump at 1402937560
stats: users 522 538
stats: session 28 45079.11087472098 16158.369117923925 59888.696044921875 18292.802001953125 0 0
stats: users_count 12 550
stats: finish_users_count 28 28
stats: request 28 45076.569545200895 16158.2869628254 59886.411865234375 18290.326904296875 0 0
stats: page 28 45076.569545200895 16158.2869628254 59886.411865234375 18290.326904296875 0 0
stats: connect 12 2.490478515625 2.5266337274385466 28.10595703125 1.072021484375 3.371826625667983 538
stats: tr_listen 28 45077.07343401228 16158.481705114122 59886.739990234375 18290.89599609375 0 0
stats: 504 15 15
stats: 200 13 13
stats: size_rcv 2674 2674
stats: newphase 1 3
stats: size_sent 1176 53900
stats: connected -16 522
# stats: dump at 1402937570
stats: users 535 554
stats: session 38 48810.54978541324 11978.263677100007 59983.486083984375 18292.802001953125 45079.11087472098 28
stats: users_count 51 601
stats: finish_users_count 38 66
stats: request 38 48807.63763106497 11978.658018394695 59981.15087890625 18290.326904296875 45076.569545200895 28
stats: page 38 48807.63763106497 11978.658018394695 59981.15087890625 18290.326904296875 45076.569545200895 28
stats: connect 48 4.5498046875 4.714292713697819 28.10595703125 1.072021484375 3.3525972123579546 550
stats: tr_listen 38 48808.47723067433 11978.328533406086 59981.466064453125 18290.89599609375 45077.07343401228 28
stats: 504 20 35
stats: 200 18 31
stats: size_rcv 3664 6338
stats: newphase 1 4
stats: size_sent 4704 58604
stats: connected 10 532
# stats: dump at 1402937580
stats: users 101 554
stats: session 623 39365.83764138993 20893.412717060004 59995.808837890625 38.52978515625 47227.51509602865 66
stats: users_count 189 790
stats: finish_users_count 623 689
stats: request 623 39362.42139220505 20893.338186109762 59993.55810546875 35.657958984375 47224.76026130445 66
stats: page 623 39362.42139220505 20893.338186109762 59993.55810546875 35.657958984375 47224.76026130445 66
stats: connect 185 2.6772342166385137 3.4797380889726117 28.10595703125 1.072021484375 3.44869413343959 598
stats: tr_listen 623 39363.80185460662 20893.48166592875 59993.785888671875 36.15087890625 47225.45743815103 66
stats: 504 85 120
stats: 200 73 104
stats: size_rcv 14907 21245
stats: newphase 0 4
stats: size_sent 18130 76734
stats: connected -438 94
# stats: dump at 1402937590
stats: users 247 554
stats: session 47 12.380765874335102 23.47073098148422 59995.808837890625 4.81396484375 40118.9155978575 689
stats: users_count 193 983
stats: finish_users_count 47 736
stats: request 44 10.309797807173295 24.220205188807356 59993.55810546875 2.671875 40115.562706226185 689
stats: page 44 10.309797807173295 24.220205188807356 59993.55810546875 2.671875 40115.562706226185 689
stats: connect 197 2.2932971625158634 2.977942501423756 28.10595703125 1.032958984375 3.2664207175925926 783
stats: tr_listen 44 10.490922407670451 24.222752833901787 59993.785888671875 2.81494140625 40116.877716020164 689
stats: 504 0 120
stats: 200 0 104
stats: size_rcv 4884 26129
stats: newphase 0 4
stats: size_sent 19306 96040
stats: connected 153 247
stats: 503 44 44
# stats: dump at 1402937600
stats: users 247 554
stats: session 147 6.6745323129251695 3.568199243636076 59995.808837890625 4.35205078125 37557.764596358575 736
stats: users_count 147 1130
stats: finish_users_count 147 883
stats: request 149 4.514065121644294 3.6422574787723163 59993.55810546875 2.268798828125 37708.15325469762 733
stats: page 149 4.514065121644294 3.6422574787723163 59993.55810546875 2.268798828125 37708.15325469762 733
stats: connect 149 2.7958951604446316 3.1428449696442855 28.10595703125 1.032958984375 3.0708030233577808 980
stats: tr_listen 149 4.7475749790268456 3.650427729229688 59993.785888671875 2.41015625 37709.40020044179 733
stats: 504 0 120
stats: 200 0 104
stats: size_rcv 16539 42668
stats: newphase 1 5
stats: size_sent 14602 110642
stats: connected 0 247
stats: 503 149 193
# stats: dump at 1402937610
stats: users 247 554
stats: session 12 15.248657226562502 29.51876098011835 59995.808837890625 4.351806640625 31306.337371653353 883
stats: users_count 12 1142
stats: finish_users_count 12 895
stats: request 13 12.38018329326923 28.41695754906389 59993.55810546875 2.268798828125 31338.717609293068 882
stats: page 13 12.38018329326923 28.41695754906389 59993.55810546875 2.268798828125 31338.717609293068 882
stats: connect 13 2.269775390625 0.7639526715507976 28.10595703125 1.032958984375 3.0345220033630427 1129
stats: tr_listen 13 12.56488506610577 28.425343579209233 59993.785888671875 2.41015625 31339.793351015545 882
stats: 504 0 120
stats: 200 0 104
stats: size_rcv 1443 44111
stats: newphase 0 5
stats: size_sent 1274 111916
stats: connected 0 247
stats: 503 13 206
# stats: dump at 1402937620
stats: users 53 554
stats: session 194 39882.49841434438 2621.861511411938 59995.808837890625 4.351806640625 30886.792048107967 895
stats: users_count 0 1142
stats: finish_users_count 194 1089
stats: request 96 40660.587252298974 1411.3526259709506 59993.55810546875 2.268798828125 30883.698182993627 895
stats: page 96 40660.587252298974 1411.3526259709506 59993.55810546875 2.268798828125 30883.698182993627 895
stats: connect 0 0 0 28.10595703125 1.032958984375 3.025816481501751 1142
stats: tr_listen 23 43172.235595703125 382.4809722903854 59993.785888671875 2.41015625 30884.760982236392 895
stats: 504 0 120
stats: 200 0 104
stats: size_rcv 10656 54767
stats: newphase 0 5
stats: size_sent 0 111916
stats: connected -23 224
stats: 503 96 302
# stats: dump at 1402937630
stats: users 22 554
stats: session 31 38446.966025075606 1512.8921759357634 59995.808837890625 4.351806640625 32489.33294347056 1089
stats: users_count 0 1142
stats: finish_users_count 31 1120
stats: request 129 38414.85383736072 2511.4809212649643 59993.55810546875 2.268798828125 31830.803481331986 991
stats: page 129 38414.85383736072 2511.4809212649643 59993.55810546875 2.268798828125 31830.803481331986 991
stats: connect 0 0 0 28.10595703125 1.032958984375 3.025816481501751 1142
stats: tr_listen 202 39285.32619121289 2380.07530905533 59993.785888671875 2.41015625 31192.617100002986 918
stats: 504 0 120
stats: 200 0 104
stats: size_rcv 14319 69086
stats: newphase 0 5
stats: size_sent 0 111916
stats: connected -202 22
stats: 503 129 431
# stats: dump at 1402937635
stats: users 0 554
stats: session 22 46360.46344549006 310.11872457157494 59995.808837890625 4.351806640625 32654.231716264985 1120
stats: users_count 0 1142
stats: finish_users_count 22 1142
stats: request 22 46352.035333806816 317.57822661742097 59993.55810546875 2.268798828125 32589.144995553153 1120
stats: page 22 46352.035333806816 317.57822661742097 59993.55810546875 2.268798828125 32589.144995553153 1120
stats: connect 0 0 0 28.10595703125 1.032958984375 3.025816481501751 1142
stats: tr_listen 22 46358.511174982246 310.1225578511083 59993.785888671875 2.41015625 32652.194989667627 1120
stats: 504 0 120
stats: 200 0 104
stats: size_rcv 2442 71528
stats: newphase 0 5
stats: size_sent 0 111916
stats: connected -22 0
stats: 503 22 453
EndMonitor:{1402,937635,195121}
