# stats: dump at 1402699204
stats: users 0 1
stats: {freemem,"os_mon@localhost"} 1 468.328125 0 468.328125 468.328125 0 0
stats: {cpu,"os_mon@localhost"} 1 1.0569056278515319 0 1.0569056278515319 1.0569056278515319 0 0
stats: {load,"os_mon@localhost"} 1 0.078125 0 0.078125 0.078125 0 0
stats: session 9 26.032796223958332 6.799460582593312 37.578125 18.559814453125 0 0
stats: users_count 9 9
stats: finish_users_count 9 9
stats: request 9 22.910807291666668 6.450695400470907 35.2919921875 16.347900390625 0 0
stats: page 9 22.910807291666668 6.450695400470907 35.2919921875 16.347900390625 0 0
stats: connect 9 6.434705946180555 6.569026361110114 20.1181640625 1.802001953125 0 0
stats: tr_register 9 24.095784505208332 6.776043458196045 35.641845703125 16.656982421875 0 0
stats: 200 9 9
stats: size_rcv 2148 2148
stats: size_sent 846 846
stats: connected 0 0
# stats: dump at 1402699214
stats: users 0 2
stats: {freemem,"os_mon@localhost"} 1 471.2265625 0.0 471.2265625 468.328125 468.328125 1
stats: {recvpackets,"os_mon@localhost"} 1 50 0 50 50 0 0
stats: {sentpackets,"os_mon@localhost"} 1 72 0 72 72 0 0
stats: {cpu,"os_mon@localhost"} 1 1.394422310756972 0.0 1.394422310756972 1.0569056278515319 1.0569056278515319 1
stats: {load,"os_mon@localhost"} 1 0.0703125 0.0 0.078125 0.0703125 0.078125 1
stats: session 9 22.237141927083332 5.539343434179936 37.578125 17.59814453125 26.032796223958332 9
stats: users_count 9 18
stats: finish_users_count 9 18
stats: request 8 18.158966064453125 2.231583617075016 35.2919921875 15.327880859375 22.910807291666668 9
stats: page 8 18.158966064453125 2.231583617075016 35.2919921875 15.327880859375 22.910807291666668 9
stats: connect 8 1.96014404296875 0.5792986934733642 20.1181640625 1.444091796875 6.434705946180555 9
stats: tr_register 8 18.5009765625 2.2148297089092965 35.641845703125 15.7119140625 24.095784505208332 9
stats: 200 8 17
stats: size_rcv 1911 4059
stats: size_sent 752 1598
stats: connected 0 0
# stats: dump at 1402699224
stats: users 0 2
stats: {freemem,"os_mon@localhost"} 1 471.265625 0.0 471.265625 468.328125 469.77734375 2
stats: {recvpackets,"os_mon@localhost"} 1 44.0 0.0 50 44 50.0 1
stats: {sentpackets,"os_mon@localhost"} 1 66.0 0.0 72 66 72.0 1
stats: {cpu,"os_mon@localhost"} 1 0.7992007992007992 0.0 1.394422310756972 0.7992007992007992 1.225663969304252 2
stats: {load,"os_mon@localhost"} 1 0.05859375 0.0 0.078125 0.05859375 0.07421875 2
stats: session 5 21.490771484375 3.5872755472234714 37.578125 17.59814453125 24.134969075520832 18
stats: users_count 5 23
stats: finish_users_count 5 23
stats: request 6 21.6820068359375 6.559395021874807 35.2919921875 15.327880859375 20.674646714154413 17
stats: page 6 21.6820068359375 6.559395021874807 35.2919921875 15.327880859375 20.674646714154413 17
stats: connect 6 3.8437093098958335 3.1976004445731934 20.1181640625 1.444091796875 4.329029756433823 17
stats: tr_register 6 22.0927734375 6.567807145148068 35.641845703125 15.7119140625 21.462933708639707 17
stats: 200 6 23
stats: size_rcv 1433 5492
stats: size_sent 564 2162
stats: connected 0 0
# stats: dump at 1402699234
stats: users 0 4
stats: {freemem,"os_mon@localhost"} 1 471.29296875 0.0 471.29296875 468.328125 470.2734375 3
stats: {recvpackets,"os_mon@localhost"} 1 32.0 0.0 50 32 47.0 2
stats: {sentpackets,"os_mon@localhost"} 1 45.0 0.0 72 45 69.0 2
stats: {cpu,"os_mon@localhost"} 1 1.0956175298804782 0.0 1.394422310756972 0.7992007992007992 1.0835095792697678 3
stats: {load,"os_mon@localhost"} 1 0.05078125 0.0 0.078125 0.05078125 0.06901041666666667 3
stats: session 74 23.78794407200169 6.153486923391025 39.636962890625 9.151123046875 23.56014351222826 23
stats: users_count 74 97
stats: finish_users_count 74 97
stats: request 69 21.70851378509964 6.295310540295056 37.39306640625 6.662109375 20.937436311141305 23
stats: page 69 21.70851378509964 6.295310540295056 37.39306640625 6.662109375 20.937436311141305 23
stats: connect 69 4.171209805253625 4.272774457126238 20.1181640625 1.285888671875 4.202424422554348 23
stats: tr_register 69 22.038400843523547 6.274116177584164 37.647216796875 7.191162109375 21.62723972486413 23
stats: 200 67 90
stats: size_rcv 16466 21958
stats: newphase 1 1
stats: size_sent 6486 8648
stats: connected 0 0
stats: 403 2 2
# stats: dump at 1402699244
stats: users 0 4
stats: {freemem,"os_mon@localhost"} 1 471.06640625 0.0 471.29296875 468.328125 470.5283203125 4
stats: {recvpackets,"os_mon@localhost"} 1 368.0 0.0 368 32 42.0 3
stats: {sentpackets,"os_mon@localhost"} 1 556.0 0.0 556 45 61.0 3
stats: {cpu,"os_mon@localhost"} 1 3.3932135728542914 0.0 3.3932135728542914 0.7992007992007992 1.0865365669224454 4
stats: {load,"os_mon@localhost"} 1 0.0390625 0.0 0.078125 0.0390625 0.064453125 4
stats: session 102 19.313428691789216 3.632570966546882 39.636962890625 9.151123046875 23.733929506282216 97
stats: users_count 102 199
stats: finish_users_count 102 199
stats: request 103 17.23855383419296 3.654175183717458 37.39306640625 6.662109375 21.515744416610058 92
stats: page 103 17.23855383419296 3.654175183717458 37.39306640625 6.662109375 21.515744416610058 92
stats: connect 104 2.097670335036058 2.0870763479551147 20.1181640625 1.23388671875 4.1790134595788055 92
stats: tr_register 103 17.511887041110434 3.671468166204099 37.647216796875 7.191162109375 21.935610563858692 92
stats: 200 103 193
stats: size_rcv 24589 46547
stats: newphase 0 1
stats: size_sent 9776 18424
stats: connected 1 1
stats: 403 0 2
# stats: dump at 1402699254
stats: users 0 4
stats: {freemem,"os_mon@localhost"} 1 470.90625 0.0 471.29296875 468.328125 470.6359375 5
stats: {recvpackets,"os_mon@localhost"} 1 436.0 0.0 436 32 123.5 4
stats: {sentpackets,"os_mon@localhost"} 1 662.0 0.0 662 45 184.75 4
stats: {cpu,"os_mon@localhost"} 1 3.7848605577689245 0.0 3.7848605577689245 0.7992007992007992 1.5478719681088147 5
stats: {load,"os_mon@localhost"} 1 0.0390625 0.0 0.078125 0.0390625 0.059375 5
stats: session 104 17.80856557992788 2.9030302853423935 39.636962890625 7.475830078125 21.468145169205403 199
stats: users_count 104 303
stats: finish_users_count 104 303
stats: request 102 15.61259191176471 2.9426605467122706 37.39306640625 5.034912109375 19.256510416666668 195
stats: page 102 15.61259191176471 2.9426605467122706 37.39306640625 5.034912109375 19.256510416666668 195
stats: connect 101 1.595405805228961 0.19300530941371677 20.1181640625 1.067138671875 3.0746273118622454 196
stats: tr_register 102 15.880170036764712 2.92726970609482 37.647216796875 5.464111328125 19.598977113381405 195
stats: 200 99 292
stats: size_rcv 24330 70877
stats: newphase 0 1
stats: size_sent 9494 27918
stats: connected -1 0
stats: 403 3 5
# stats: dump at 1402699264
stats: users 0 4
stats: {freemem,"os_mon@localhost"} 1 470.703125 0.0 471.29296875 468.328125 470.6809895833333 6
stats: {recvpackets,"os_mon@localhost"} 1 423.0 0.0 436 32 186.0 5
stats: {sentpackets,"os_mon@localhost"} 1 627.0 0.0 662 45 280.2 5
stats: {cpu,"os_mon@localhost"} 1 3.896103896103896 0.0 3.896103896103896 0.7992007992007992 1.920703399718833 6
stats: {load,"os_mon@localhost"} 1 0.03125 0.0 0.078125 0.03125 0.055989583333333336 6
stats: session 118 20.85756877317267 6.242745039796795 56.658935546875 7.43603515625 20.21205184483292 303
stats: users_count 118 421
stats: finish_users_count 118 421
stats: request 119 18.513050239627102 6.142804320523653 54.380126953125 5.034912109375 18.005063657407412 297
stats: page 119 18.513050239627102 6.142804320523653 54.380126953125 5.034912109375 18.005063657407412 297
stats: connect 119 3.0849752987132364 3.6782378398285 23.093017578125 1.067138671875 2.5715923887310614 297
stats: tr_register 119 18.846382205225844 6.15811577384795 54.73779296875 5.43896484375 18.321811046664564 297
stats: 200 116 408
stats: size_rcv 28405 99282
stats: newphase 0 1
stats: size_sent 11186 39104
stats: connected 0 0
stats: 403 3 8
# stats: dump at 1402699274
stats: users 1 4
stats: {freemem,"os_mon@localhost"} 1 470.578125 0.0 471.29296875 468.328125 470.6841517857143 7
stats: {recvpackets,"os_mon@localhost"} 1 500.0 0.0 500 32 225.5 6
stats: {sentpackets,"os_mon@localhost"} 1 750.0 0.0 750 45 338.0 6
stats: {cpu,"os_mon@localhost"} 1 4.780876494023905 0.0 4.780876494023905 0.7992007992007992 2.202903470630985 7
stats: {load,"os_mon@localhost"} 1 0.03125 0.0 0.078125 0.03125 0.052455357142857144 7
stats: session 101 19.27615930538367 4.1871296331969665 56.658935546875 6.94287109375 20.392980580092043 421
stats: users_count 102 523
stats: finish_users_count 101 522
stats: request 103 16.88059627199636 4.21435531505407 54.380126953125 4.49609375 18.150377126840446 416
stats: page 103 16.88059627199636 4.21435531505407 54.380126953125 4.49609375 18.150377126840446 416
stats: connect 103 1.9441012780643192 1.5755771504077587 23.093017578125 1.067138671875 2.7184495192307705 416
stats: tr_register 103 17.183799965867717 4.183182042148869 54.73779296875 4.9599609375 18.47186866173378 416
stats: 200 99 507
stats: size_rcv 24562 123844
stats: newphase 0 1
stats: size_sent 9682 48786
stats: connected 0 0
stats: 403 4 12
# stats: dump at 1402699284
stats: users 0 4
stats: {freemem,"os_mon@localhost"} 1 470.546875 0.0 471.29296875 468.328125 470.6708984375 8
stats: {recvpackets,"os_mon@localhost"} 1 383.0 0.0 500 32 264.7142857142857 7
stats: {sentpackets,"os_mon@localhost"} 1 572.0 0.0 750 45 396.85714285714283 7
stats: {cpu,"os_mon@localhost"} 1 3.5964035964035967 0.0 4.780876494023905 0.7992007992007992 2.5251500985550996 8
stats: {load,"os_mon@localhost"} 1 0.01953125 0.0 0.078125 0.01953125 0.0498046875 8
stats: session 93 18.292522471438172 3.4056894175855894 56.658935546875 6.94287109375 20.176890639966476 522
stats: users_count 92 615
stats: finish_users_count 93 615
stats: request 95 16.15903834292764 3.6038655148038146 54.380126953125 4.49609375 17.898378228865607 519
stats: page 95 16.15903834292764 3.6038655148038146 54.380126953125 4.49609375 17.898378228865607 519
stats: connect 95 1.6909822162828947 0.2565210444382883 23.093017578125 1.067138671875 2.5647734713692207 519
stats: tr_register 95 16.448188219572362 3.565036426069138 54.73779296875 4.9599609375 18.216240384904868 519
stats: 200 90 597
stats: size_rcv 22640 146484
stats: newphase 0 1
stats: size_sent 8930 57716
stats: connected 0 0
stats: 403 5 17
# stats: dump at 1402699294
stats: users 0 4
stats: {freemem,"os_mon@localhost"} 1 470.48046875 0.0 471.29296875 468.328125 470.65711805555554 9
stats: {recvpackets,"os_mon@localhost"} 1 321.0 0.0 500 32 279.5 8
stats: {sentpackets,"os_mon@localhost"} 1 487.0 0.0 750 45 418.75 8
stats: {cpu,"os_mon@localhost"} 1 3.187250996015936 0.0 4.780876494023905 0.7992007992007992 2.6441782649827106 9
stats: {load,"os_mon@localhost"} 1 0.01953125 0.0 0.078125 0.01953125 0.046440972222222224 9
stats: session 19 19.913818359375 5.77928444236164 56.658935546875 6.94287109375 19.89193740472561 615
stats: users_count 19 634
stats: finish_users_count 19 634
stats: request 19 17.556190892269736 5.846934615585755 54.380126953125 4.49609375 17.62926212273514 614
stats: page 19 17.556190892269736 5.846934615585755 54.380126953125 4.49609375 17.62926212273514 614
stats: connect 19 1.6878726356907894 0.2294841546191582 23.093017578125 1.067138671875 2.4295777560057013 614
stats: tr_register 19 17.84751490542763 5.77750765996191 54.73779296875 4.9599609375 17.942681825122154 614
stats: 200 17 614
stats: size_rcv 4522 151006
stats: newphase 1 2
stats: size_sent 1786 59502
stats: connected 0 0
stats: 403 2 19
# stats: dump at 1402699304
stats: users 0 4
stats: {freemem,"os_mon@localhost"} 1 470.50390625 0.0 471.29296875 468.328125 470.639453125 10
stats: {recvpackets,"os_mon@localhost"} 1 54.0 0.0 500 32 284.1111111111111 9
stats: {sentpackets,"os_mon@localhost"} 1 81.0 0.0 750 45 426.3333333333333 9
stats: {cpu,"os_mon@localhost"} 1 1.1952191235059761 0.0 4.780876494023905 0.7992007992007992 2.6984855380860333 10
stats: {load,"os_mon@localhost"} 1 0.01953125 0.0 0.078125 0.01953125 0.04375 10
stats: session 10 18.382861328125 6.453708384747447 56.658935546875 6.94287109375 19.892593143114155 634
stats: users_count 10 644
stats: finish_users_count 10 644
stats: request 11 16.271661931818183 6.26858923710396 54.380126953125 4.49609375 17.627068831457347 633
stats: page 11 16.271661931818183 6.26858923710396 54.380126953125 4.49609375 17.627068831457347 633
stats: connect 11 1.8386674360795454 0.19048698130880787 23.093017578125 1.067138671875 2.407314885095775 633
stats: tr_register 11 16.606578480113637 6.205936392603177 54.73779296875 4.9599609375 17.939825314104464 633
stats: 200 9 623
stats: size_rcv 2612 153618
stats: newphase 0 2
stats: size_sent 1034 60536
stats: connected 0 0
stats: 403 2 21
# stats: dump at 1402699314
stats: users 0 4
stats: {freemem,"os_mon@localhost"} 1 470.484375 0.0 471.29296875 468.328125 470.6271306818182 11
stats: {recvpackets,"os_mon@localhost"} 1 40.0 0.0 500 32 261.1 10
stats: {sentpackets,"os_mon@localhost"} 1 60.0 0.0 750 45 391.8 10
stats: {cpu,"os_mon@localhost"} 1 0.897308075772682 0.0 4.780876494023905 0.7992007992007992 2.5618249549423915 11
stats: {load,"os_mon@localhost"} 1 0.01171875 0.0 0.078125 0.01171875 0.041548295454545456 11
stats: session 8 17.50665283203125 3.7159339952560613 56.658935546875 6.94287109375 19.869150102508733 644
stats: users_count 8 652
stats: finish_users_count 8 652
stats: request 7 15.159284319196429 4.023221805324328 54.380126953125 4.49609375 17.60391747137034 644
stats: page 7 15.159284319196429 4.023221805324328 54.380126953125 4.49609375 17.60391747137034 644
stats: connect 7 1.7023228236607142 0.14144186185892021 23.093017578125 1.067138671875 2.39760196282997 644
stats: tr_register 7 15.501255580357142 3.9629255975402216 54.73779296875 4.9599609375 17.91705246445555 644
stats: 200 6 629
stats: size_rcv 1664 155282
stats: newphase 0 2
stats: size_sent 658 61194
stats: connected 0 0
stats: 403 1 22
# stats: dump at 1402699324
stats: users 0 4
stats: {freemem,"os_mon@localhost"} 1 470.51171875 0.0 471.29296875 468.328125 470.615234375 12
stats: {recvpackets,"os_mon@localhost"} 1 40.0 0.0 500 32 241.0 11
stats: {sentpackets,"os_mon@localhost"} 1 60.0 0.0 750 45 361.6363636363636 11
stats: {cpu,"os_mon@localhost"} 1 0.6993006993006993 0.0 4.780876494023905 0.6993006993006993 2.4231152150115824 12
stats: {load,"os_mon@localhost"} 1 0.01171875 0.0 0.078125 0.01171875 0.0390625 12
stats: session 9 18.58034939236111 0.9262489782254553 56.658935546875 6.94287109375 19.840162405938457 652
stats: users_count 9 661
stats: finish_users_count 9 661
stats: request 10 16.2880859375 0.8693906822956669 54.380126953125 4.49609375 17.57763109338998 651
stats: page 10 16.2880859375 0.8693906822956669 54.380126953125 4.49609375 17.57763109338998 651
stats: connect 10 1.727880859375 0.18871281339628587 23.093017578125 1.067138671875 2.3901258430539567 651
stats: tr_register 10 16.58486328125 0.9105490639888157 54.73779296875 4.9599609375 17.891076153873847 651
stats: 200 10 639
stats: size_rcv 2384 157666
stats: newphase 1 3
stats: size_sent 940 62134
stats: connected 0 0
stats: 403 0 22
# stats: dump at 1402699334
stats: users 0 4
stats: {freemem,"os_mon@localhost"} 1 470.5234375 0.0 471.29296875 468.328125 470.60727163461536 13
stats: {recvpackets,"os_mon@localhost"} 1 28.0 0.0 500 28 224.25 12
stats: {sentpackets,"os_mon@localhost"} 1 42.0 0.0 750 42 336.5 12
stats: {cpu,"os_mon@localhost"} 1 0.7976071784646062 0.0 4.780876494023905 0.6993006993006993 2.2905140984184373 13
stats: {load,"os_mon@localhost"} 1 0.01171875 0.0 0.078125 0.01171875 0.036959134615384616 13
stats: session 12 20.132710774739582 0.838597184025651 56.658935546875 6.94287109375 19.823009127387483 661
stats: users_count 12 673
stats: finish_users_count 12 673
stats: request 12 17.88055419921875 0.8126241584511473 54.380126953125 4.49609375 17.558122089518726 661
stats: page 12 17.88055419921875 0.8126241584511473 54.380126953125 4.49609375 17.558122089518726 661
stats: connect 12 2.0340779622395835 0.24853520538056462 23.093017578125 1.067138671875 2.3801070082025353 661
stats: tr_register 12 18.224629720052086 0.8264473978479792 54.73779296875 4.9599609375 17.871314990899204 661
stats: 200 12 651
stats: size_rcv 2864 160530
stats: newphase 0 3
stats: size_sent 1128 63262
stats: connected 0 0
stats: 403 0 22
# stats: dump at 1402699344
stats: users 0 4
stats: {freemem,"os_mon@localhost"} 1 470.5390625 0.0 471.29296875 468.328125 470.60128348214283 14
stats: {recvpackets,"os_mon@localhost"} 1 52.0 0.0 500 28 209.15384615384616 13
stats: {sentpackets,"os_mon@localhost"} 1 86.0 0.0 750 42 313.84615384615387 13
stats: {cpu,"os_mon@localhost"} 1 1.0956175298804782 0.0 4.780876494023905 0.6993006993006993 2.1838778898503066 14
stats: {load,"os_mon@localhost"} 1 0.01171875 0.0 0.078125 0.01171875 0.03515625 14
stats: session 9 17.96758355034722 3.208413661384217 56.658935546875 6.94287109375 19.82853129643388 673
stats: users_count 9 682
stats: finish_users_count 9 682
stats: request 9 15.738037109375 3.2966371644316443 54.380126953125 4.49609375 17.563871250464345 673
stats: page 9 15.738037109375 3.2966371644316443 54.380126953125 4.49609375 17.563871250464345 673
stats: connect 9 1.8877766927083333 0.12785170024705508 23.093017578125 1.067138671875 2.373937099507802 673
stats: tr_register 9 16.047227647569443 3.213742650435318 54.73779296875 4.9599609375 17.877614807763745 673
stats: 200 8 659
stats: size_rcv 2143 162673
stats: newphase 0 3
stats: size_sent 846 64108
stats: connected 0 0
stats: 403 1 23
# stats: dump at 1402699354
stats: users 0 4
stats: {freemem,"os_mon@localhost"} 1 470.55078125 0.0 471.29296875 468.328125 470.5971354166667 15
stats: {recvpackets,"os_mon@localhost"} 1 55.0 0.0 500 28 197.92857142857142 14
stats: {sentpackets,"os_mon@localhost"} 1 82.0 0.0 750 42 297.57142857142856 14
stats: {cpu,"os_mon@localhost"} 1 1.1976047904191618 0.0 4.780876494023905 0.6993006993006993 2.1113271991856513 15
stats: {load,"os_mon@localhost"} 1 0.01171875 0.0 0.078125 0.01171875 0.03359375 15
stats: session 71 19.161734567561613 3.642757996423956 56.658935546875 6.94287109375 19.80397333497526 682
stats: users_count 71 753
stats: finish_users_count 71 753
stats: request 70 16.921749441964284 3.6878516479223373 54.380126953125 4.49609375 17.53977666502475 682
stats: page 70 16.921749441964284 3.6878516479223373 54.380126953125 4.49609375 17.53977666502475 682
stats: connect 70 1.9496721540178572 2.173458332717544 23.093017578125 1.067138671875 2.36752149296646 682
stats: tr_register 70 17.196700613839287 3.660787158892018 54.73779296875 4.9599609375 17.853460138494317 682
stats: 200 67 726
stats: size_rcv 16694 179367
stats: newphase 1 4
stats: size_sent 6580 70688
stats: connected 0 0
stats: 403 3 26
# stats: dump at 1402699364
stats: users 0 4
stats: {freemem,"os_mon@localhost"} 1 470.4140625 0.0 471.29296875 468.328125 470.59423828125 16
stats: {recvpackets,"os_mon@localhost"} 1 388.0 0.0 500 28 188.4 15
stats: {sentpackets,"os_mon@localhost"} 1 582.0 0.0 750 42 283.2 15
stats: {cpu,"os_mon@localhost"} 1 3.293413173652695 0.0 4.780876494023905 0.6993006993006993 2.0542195486377457 16
stats: {load,"os_mon@localhost"} 1 0.01171875 0.0 0.078125 0.01171875 0.0322265625 16
stats: session 109 18.92143599483945 5.323537747978803 56.658935546875 6.94287109375 19.74341695717132 753
stats: users_count 109 862
stats: finish_users_count 109 862
stats: request 106 16.67818810804834 5.4336521216423375 54.380126953125 4.49609375 17.482247535218587 752
stats: page 106 16.67818810804834 5.4336521216423375 54.380126953125 4.49609375 17.482247535218587 752
stats: connect 106 1.5423077277417452 0.21565530642486827 23.093017578125 1.067138671875 2.328625942798372 752
stats: tr_register 106 16.933103165536558 5.3998686199154875 54.73779296875 4.946044921875 17.792325608273767 752
stats: 200 97 823
stats: size_rcv 25244 204611
stats: newphase 0 4
stats: size_sent 9964 80652
stats: connected 0 0
stats: 403 9 35
# stats: dump at 1402699374
stats: users 0 4
stats: {freemem,"os_mon@localhost"} 1 470.57421875 0.0 471.29296875 468.328125 470.5836397058824 17
stats: {recvpackets,"os_mon@localhost"} 1 412.0 0.0 500 28 200.875 16
stats: {sentpackets,"os_mon@localhost"} 1 618.0 0.0 750 42 301.875 16
stats: {cpu,"os_mon@localhost"} 1 3.489531405782652 0.0 4.780876494023905 0.6993006993006993 2.127113291285684 17
stats: {load,"os_mon@localhost"} 1 0.0 0.0 0.078125 0.0 0.031020220588235295 17
stats: session 84 18.529599144345244 4.615188631556935 56.658935546875 6.94287109375 19.639477369127036 862
stats: users_count 84 946
stats: finish_users_count 84 946
stats: request 88 16.31520496715199 4.568779381783015 54.380126953125 4.49609375 17.382911522071677 858
stats: page 88 16.31520496715199 4.568779381783015 54.380126953125 4.49609375 17.382911522071677 858
stats: connect 88 1.6138638583096592 0.2051595994415966 23.093017578125 1.067138671875 2.231481734411423 858
stats: tr_register 88 16.583740234375004 4.516508555661422 54.73779296875 4.946044921875 17.68617458387966 858
stats: 200 80 903
stats: size_rcv 20962 225573
stats: newphase 0 4
stats: size_sent 8272 88924
stats: connected 0 0
stats: 403 8 43
# stats: dump at 1402699384
stats: users 0 4
stats: {freemem,"os_mon@localhost"} 1 470.484375 0.0 471.29296875 468.328125 470.58311631944446 18
stats: {recvpackets,"os_mon@localhost"} 1 312.0 0.0 500 28 213.2941176470588 17
stats: {sentpackets,"os_mon@localhost"} 1 472.0 0.0 750 42 320.47058823529414 17
stats: {cpu,"os_mon@localhost"} 1 2.8913260219341974 0.0 4.780876494023905 0.6993006993006993 2.2028031865355153 18
stats: {load,"os_mon@localhost"} 1 0.0 0.0 0.078125 0.0 0.029296875 18
stats: session 96 22.22059122721355 9.559907589783474 56.658935546875 6.94287109375 19.54092581428383 946
stats: users_count 96 1042
stats: finish_users_count 96 1042
stats: request 96 19.94210815429687 9.577637345246506 54.380126953125 4.49609375 17.283589982079146 946
stats: page 96 19.94210815429687 9.577637345246506 54.380126953125 4.49609375 17.283589982079146 946
stats: connect 96 3.6587193806966147 5.736175084680524 24.670166015625 1.067138671875 2.174028908727538 946
stats: tr_register 96 20.255111694335945 9.553568296522982 54.73779296875 4.946044921875 17.583622551367597 946
stats: 200 86 989
stats: size_rcv 22855 248428
stats: newphase 0 4
stats: size_sent 9024 97948
stats: connected 0 0
stats: 403 10 53
# stats: dump at 1402699394
stats: users 0 4
stats: {freemem,"os_mon@localhost"} 1 470.50390625 0.0 471.29296875 468.328125 470.57791940789474 19
stats: {recvpackets,"os_mon@localhost"} 1 436.0 0.0 500 28 218.77777777777777 18
stats: {sentpackets,"os_mon@localhost"} 1 662.0 0.0 750 42 328.8888888888889 18
stats: {cpu,"os_mon@localhost"} 1 4.091816367265469 0.0 4.780876494023905 0.6993006993006993 2.239041230503867 19
stats: {load,"os_mon@localhost"} 1 0.0 0.0 0.078125 0.0 0.027754934210526317 19
stats: session 102 20.831475949754903 8.348803594242563 56.658935546875 6.94287109375 19.787804777471212 1042
stats: users_count 102 1144
stats: finish_users_count 102 1144
stats: request 102 18.54789225260415 8.3923173082975 54.380126953125 4.49609375 17.52852063902051 1042
stats: page 102 18.54789225260415 8.3923173082975 54.380126953125 4.49609375 17.52852063902051 1042
stats: connect 102 3.3719865387561274 5.437485078694353 28.347900390625 1.067138671875 2.310814211327376 1042
stats: tr_register 102 18.906582701439948 8.356773253495756 54.73779296875 4.946044921875 17.829748230566214 1042
stats: 200 92 1081
stats: size_rcv 24282 272710
stats: newphase 0 4
stats: size_sent 9588 107536
stats: connected 0 0
stats: 403 10 63
# stats: dump at 1402699404
stats: users 1 4
stats: {freemem,"os_mon@localhost"} 1 470.3828125 0.0 471.29296875 468.328125 470.57421875 20
stats: {recvpackets,"os_mon@localhost"} 1 395.0 0.0 500 28 230.21052631578948 19
stats: {sentpackets,"os_mon@localhost"} 1 587.0 0.0 750 42 346.42105263157896 19
stats: {cpu,"os_mon@localhost"} 1 4.087736789631107 0.0 4.780876494023905 0.6993006993006993 2.331679987341947 20
stats: {load,"os_mon@localhost"} 1 0.0 0.0 0.078125 0.0 0.0263671875 20
stats: session 80 21.376339721679688 9.118421037183294 56.658935546875 6.94287109375 19.880859375000004 1144
stats: users_count 81 1225
stats: finish_users_count 80 1224
stats: request 79 19.152949465981017 9.205578289216508 54.380126953125 4.49609375 17.619408667504366 1144
stats: page 79 19.152949465981017 9.205578289216508 54.380126953125 4.49609375 17.619408667504366 1144
stats: connect 80 4.1755615234375005 6.314469799865736 28.347900390625 1.067138671875 2.405429226535184 1144
stats: tr_register 79 19.476679934731013 9.155742321183157 54.73779296875 4.946044921875 17.925759695626635 1144
stats: 200 68 1149
stats: size_rcv 18790 291500
stats: newphase 0 4
stats: size_sent 7520 115056
stats: connected 1 1
stats: 403 11 74
# stats: dump at 1402699414
stats: users 0 4
stats: {freemem,"os_mon@localhost"} 1 470.41796875 0.0 471.29296875 468.328125 470.5651041666667 21
stats: {recvpackets,"os_mon@localhost"} 1 356.0 0.0 500 28 238.45 20
stats: {sentpackets,"os_mon@localhost"} 1 534.0 0.0 750 42 358.45 20
stats: {cpu,"os_mon@localhost"} 1 3.290129611166501 0.0 4.780876494023905 0.6993006993006993 2.415301739831907 21
stats: {load,"os_mon@localhost"} 1 0.0 0.0 0.078125 0.0 0.025111607142857144 21
stats: session 37 22.83246674408783 9.485441680495162 56.658935546875 6.94287109375 19.97860318850848 1224
stats: users_count 36 1261
stats: finish_users_count 37 1261
stats: request 38 20.463179738898027 9.413854575435062 54.380126953125 4.49609375 17.7184681303659 1223
stats: page 38 20.463179738898027 9.413854575435062 54.380126953125 4.49609375 17.7184681303659 1223
stats: connect 37 4.7006242081925675 7.139200338474406 28.347900390625 1.067138671875 2.521124147901349 1224
stats: tr_register 38 20.721866005345394 9.401344575276681 54.73779296875 4.946044921875 18.025941787931824 1223
stats: 200 35 1184
stats: size_rcv 9047 300547
stats: newphase 1 5
stats: size_sent 3478 118534
stats: connected -1 0
stats: 403 3 77
# stats: dump at 1402699424
stats: users 0 4
stats: {freemem,"os_mon@localhost"} 1 470.42578125 0.0 471.29296875 468.328125 470.5584161931818 22
stats: {recvpackets,"os_mon@localhost"} 1 44.0 0.0 500 28 244.04761904761904 21
stats: {sentpackets,"os_mon@localhost"} 1 66.0 0.0 750 42 366.8095238095238 21
stats: {cpu,"os_mon@localhost"} 1 0.7984031936127743 0.0 4.780876494023905 0.6993006993006993 2.4550666430743884 22
stats: {load,"os_mon@localhost"} 1 0.0 0.0 0.078125 0.0 0.023970170454545456 22
stats: session 13 20.09228515625 5.880063520509612 56.658935546875 6.94287109375 20.062340660004462 1261
stats: users_count 13 1274
stats: finish_users_count 13 1274
stats: request 13 17.855675330528847 5.919752907026209 54.380126953125 4.49609375 17.801179503184475 1261
stats: page 13 17.855675330528847 5.919752907026209 54.380126953125 4.49609375 17.801179503184475 1261
stats: connect 13 3.2057166466346154 4.8374021054104475 28.347900390625 1.067138671875 2.5850745858321775 1261
stats: tr_register 13 18.148456280048077 5.879349497378142 54.73779296875 4.946044921875 18.10718296181106 1261
stats: 200 12 1196
stats: size_rcv 3096 303643
stats: newphase 0 5
stats: size_sent 1222 119756
stats: connected 0 0
stats: 403 1 78
# stats: dump at 1402699434
stats: users 0 4
stats: {freemem,"os_mon@localhost"} 1 470.52734375 0.0 471.29296875 468.328125 470.55264945652175 23
stats: {recvpackets,"os_mon@localhost"} 1 52.0 0.0 500 28 234.95454545454547 22
stats: {sentpackets,"os_mon@localhost"} 1 84.0 0.0 750 42 353.1363636363636 22
stats: {cpu,"os_mon@localhost"} 1 0.897308075772682 0.0 4.780876494023905 0.6993006993006993 2.3830377974456227 23
stats: {load,"os_mon@localhost"} 1 0.0 0.0 0.078125 0.0 0.022927989130434784 23
stats: session 9 16.364149305555557 5.229017358286031 56.658935546875 6.94287109375 20.062646216088602 1274
stats: users_count 9 1283
stats: finish_users_count 9 1283
stats: request 9 14.082356770833334 5.358412369164476 54.380126953125 4.49609375 17.801735583055336 1274
stats: page 9 14.082356770833334 5.358412369164476 54.380126953125 4.49609375 17.801735583055336 1274
stats: connect 9 1.8693576388888888 0.20793751449785067 28.347900390625 1.067138671875 2.591407668085264 1274
stats: tr_register 9 14.433024088541666 5.226778992415796 54.73779296875 4.946044921875 18.1076041181196 1274
stats: 200 6 1202
stats: size_rcv 2128 305771
stats: newphase 0 5
stats: size_sent 846 120602
stats: connected 0 0
stats: 403 3 81
# stats: dump at 1402699444
stats: users 0 4
stats: {freemem,"os_mon@localhost"} 1 470.4375 0.0 471.29296875 468.328125 470.5515950520833 24
stats: {recvpackets,"os_mon@localhost"} 1 20.0 0.0 500 20 227.0 23
stats: {sentpackets,"os_mon@localhost"} 1 36.0 0.0 750 36 341.4347826086956 23
stats: {cpu,"os_mon@localhost"} 1 0.6986027944111777 0.0 4.780876494023905 0.6986027944111777 2.321132392375917 24
stats: {load,"os_mon@localhost"} 1 0.0 0.0 0.078125 0.0 0.02197265625 24
stats: session 5 20.737060546875 1.7989081316291735 56.658935546875 6.94287109375 20.03670196652134 1283
stats: users_count 5 1288
stats: finish_users_count 5 1288
stats: request 4 19.0167236328125 1.5240333125620589 54.380126953125 4.49609375 17.775644850935308 1283
stats: page 4 19.0167236328125 1.5240333125620589 54.380126953125 4.49609375 17.775644850935308 1283
stats: connect 4 2.02203369140625 0.273840001728908 28.347900390625 1.067138671875 2.586342625012179 1283
stats: tr_register 4 19.3797607421875 1.5570100133034266 54.73779296875 4.946044921875 18.081827640905104 1283
stats: 200 4 1206
stats: size_rcv 954 306725
stats: newphase 1 6
stats: size_sent 376 120978
stats: connected 0 0
stats: 403 0 81
# stats: dump at 1402699454
stats: users 0 4
stats: {freemem,"os_mon@localhost"} 1 470.33984375 0.0 471.29296875 468.328125 470.54703125 25
stats: {recvpackets,"os_mon@localhost"} 1 48.0 0.0 500 20 218.375 24
stats: {sentpackets,"os_mon@localhost"} 1 69.0 0.0 750 36 328.7083333333333 24
stats: {cpu,"os_mon@localhost"} 1 1.1940298507462688 0.0 4.780876494023905 0.6986027944111777 2.2562312084573275 25
stats: {load,"os_mon@localhost"} 1 0.0 0.0 0.078125 0.0 0.02109375 25
stats: session 11 19.835138494318183 0.8454489515022552 56.658935546875 6.94287109375 20.039420749830168 1288
stats: users_count 11 1299
stats: finish_users_count 11 1299
stats: request 11 17.380570845170453 0.9072080278956443 54.380126953125 4.49609375 17.77950212764666 1287
stats: page 11 17.380570845170453 0.9072080278956443 54.380126953125 4.49609375 17.77950212764666 1287
stats: connect 11 1.9149502840909092 0.17199177432878746 28.347900390625 1.067138671875 2.584588751092658 1287
stats: tr_register 11 17.74691495028409 0.9277611791082886 54.73779296875 4.946044921875 18.08586162101787 1287
stats: 200 11 1217
stats: size_rcv 2626 309351
stats: newphase 0 6
stats: size_sent 1034 122012
stats: connected 0 0
stats: 403 0 81
# stats: dump at 1402699464
stats: users 0 4
stats: {freemem,"os_mon@localhost"} 1 470.4765625 0.0 471.29296875 468.328125 470.5390625 26
stats: {recvpackets,"os_mon@localhost"} 1 43.0 0.0 500 20 211.56 25
stats: {sentpackets,"os_mon@localhost"} 1 64.0 0.0 750 36 318.32 25
stats: {cpu,"os_mon@localhost"} 1 0.9960159362549801 0.0 4.780876494023905 0.6986027944111777 2.2153773100838254 26
stats: {load,"os_mon@localhost"} 1 0.0 0.0 0.078125 0.0 0.020282451923076924 26
stats: session 8 19.33660888671875 5.817489785374258 56.658935546875 6.94287109375 20.037690876996734 1299
stats: users_count 8 1307
stats: finish_users_count 8 1307
stats: request 9 17.13161892361111 5.520474755073766 54.380126953125 4.49609375 17.77612135406635 1298
stats: page 9 17.13161892361111 5.520474755073766 54.380126953125 4.49609375 17.77612135406635 1298
stats: connect 9 1.8782009548611112 0.2140771755451914 28.347900390625 1.067138671875 2.5789138488299312 1298
stats: tr_register 9 17.50417751736111 5.493098841535609 54.73779296875 4.946044921875 18.08298919160487 1298
stats: 200 8 1225
stats: size_rcv 2142 311493
stats: newphase 0 6
stats: size_sent 846 122858
stats: connected 0 0
stats: 403 1 82
# stats: dump at 1402699474
stats: users 0 4
stats: {freemem,"os_mon@localhost"} 1 470.46484375 0.0 471.29296875 468.328125 470.53674768518516 27
stats: {recvpackets,"os_mon@localhost"} 1 32.0 0.0 500 20 205.07692307692307 26
stats: {sentpackets,"os_mon@localhost"} 1 48.0 0.0 750 36 308.53846153846155 26
stats: {cpu,"os_mon@localhost"} 1 0.6986027944111777 0.0 4.780876494023905 0.6986027944111777 2.1702157777197937 27
stats: {load,"os_mon@localhost"} 1 0.0 0.0 0.078125 0.0 0.01953125 27
stats: session 50 18.127236328125004 3.3088799991152706 56.658935546875 6.94287109375 20.03339963298585 1307
stats: users_count 50 1357
stats: finish_users_count 50 1357
stats: request 47 16.107655626662233 3.1832405327422024 54.380126953125 4.49609375 17.77168331131647 1307
stats: page 47 16.107655626662233 3.1832405327422024 54.380126953125 4.49609375 17.77168331131647 1307
stats: connect 47 1.6546033494015957 0.2149900810538938 28.347900390625 1.067138671875 2.5740887409143083 1307
stats: tr_register 47 16.369031540890962 3.1280614579196993 54.73779296875 4.946044921875 18.079003495301738 1307
stats: 200 44 1269
stats: size_rcv 11202 322695
stats: newphase 1 7
stats: size_sent 4418 127276
stats: connected 0 0
stats: 403 3 85
# stats: dump at 1402699484
stats: users 0 4
stats: {freemem,"os_mon@localhost"} 1 470.43359375 0.0 471.29296875 468.328125 470.5341796875 28
stats: {recvpackets,"os_mon@localhost"} 1 288.0 0.0 500 20 198.66666666666666 27
stats: {sentpackets,"os_mon@localhost"} 1 438.0 0.0 750 36 298.8888888888889 27
stats: {cpu,"os_mon@localhost"} 1 2.59222333000997 0.0 4.780876494023905 0.6986027944111777 2.1176581711730575 28
stats: {load,"os_mon@localhost"} 1 0.0 0.0 0.078125 0.0 0.018833705357142856 28
stats: session 96 17.867746988932296 3.7111501380024956 56.658935546875 6.94287109375 19.96316517075811 1357
stats: users_count 96 1453
stats: finish_users_count 96 1453
stats: request 95 15.635053453947368 3.759182276724245 54.380126953125 4.49609375 17.71392164131739 1354
stats: page 95 15.635053453947368 3.759182276724245 54.380126953125 4.49609375 17.71392164131739 1354
stats: connect 95 1.5399568256578948 0.18001483148728867 28.347900390625 1.067138671875 2.5421715966003515 1354
stats: tr_register 95 15.896450966282895 3.6957162269322437 54.73779296875 4.946044921875 18.01964700943962 1354
stats: 200 86 1355
stats: size_rcv 22614 345309
stats: newphase 0 7
stats: size_sent 8930 136206
stats: connected 0 0
stats: 403 9 94
# stats: dump at 1402699494
stats: users 1 4
stats: {freemem,"os_mon@localhost"} 1 470.375 0.0 471.29296875 468.328125 470.53071120689657 29
stats: {recvpackets,"os_mon@localhost"} 1 430.0 0.0 500 20 201.85714285714286 28
stats: {sentpackets,"os_mon@localhost"} 1 648.0 0.0 750 36 303.85714285714283 28
stats: {cpu,"os_mon@localhost"} 1 3.992015968063872 0.0 4.780876494023905 0.6986027944111777 2.13402248699502 29
stats: {load,"os_mon@localhost"} 1 0.0 0.0 0.078125 0.0 0.01818426724137931 29
stats: session 100 17.757319335937503 3.146809813266557 56.658935546875 6.94287109375 19.82472047326652 1453
stats: users_count 101 1554
stats: finish_users_count 100 1553
stats: request 103 15.370280738015778 3.2956703371920475 54.380126953125 4.49609375 17.57762593545117 1449
stats: page 103 15.370280738015778 3.2956703371920475 54.380126953125 4.49609375 17.57762593545117 1449
stats: connect 103 1.5913749620752426 0.16876747123952693 28.347900390625 1.067138671875 2.4764639339091623 1449
stats: tr_register 103 15.645320559010923 3.2345825171330405 54.73779296875 4.946044921875 17.880445060440387 1449
stats: 200 92 1447
stats: size_rcv 24522 369831
stats: newphase 0 7
stats: size_sent 9682 145888
stats: connected 0 0
stats: 403 11 105
# stats: dump at 1402699504
stats: users 0 4
stats: {freemem,"os_mon@localhost"} 1 470.40234375 0.0 471.29296875 468.328125 470.52552083333336 30
stats: {recvpackets,"os_mon@localhost"} 1 416.0 0.0 500 20 209.72413793103448 29
stats: {sentpackets,"os_mon@localhost"} 1 624.0 0.0 750 36 315.7241379310345 29
stats: {cpu,"os_mon@localhost"} 1 3.592814371257485 0.0 4.780876494023905 0.6986027944111777 2.1959556030306486 30
stats: {load,"os_mon@localhost"} 1 0.0 0.0 0.078125 0.0 0.017578125 30
stats: session 119 17.733041458771005 4.991869968067144 56.658935546875 6.94287109375 19.69159741226658 1553
stats: users_count 118 1672
stats: finish_users_count 119 1672
stats: request 114 15.662880345394736 4.9541916268080595 54.380126953125 4.49609375 17.431133309590447 1552
stats: page 114 15.662880345394736 4.9541916268080595 54.380126953125 4.49609375 17.431133309590447 1552
stats: connect 114 1.6181833367598686 0.31107617168670115 28.347900390625 1.067138671875 2.4177241374536895 1552
stats: tr_register 114 15.957618044133772 4.897507648128886 54.73779296875 4.946044921875 17.73210883386356 1552
stats: 200 96 1543
stats: size_rcv 27102 396933
stats: newphase 0 7
stats: size_sent 10716 156604
stats: connected 0 0
stats: 403 18 123
# stats: dump at 1402699514
stats: users 0 4
stats: {freemem,"os_mon@localhost"} 1 470.3984375 0.0 471.29296875 468.328125 470.52154737903226 31
stats: {recvpackets,"os_mon@localhost"} 1 432.0 0.0 500 20 216.6 30
stats: {sentpackets,"os_mon@localhost"} 1 648.0 0.0 750 36 326.0 30
stats: {cpu,"os_mon@localhost"} 1 3.8844621513944224 0.0 4.780876494023905 0.6986027944111777 2.2410155632960307 31
stats: {load,"os_mon@localhost"} 1 0.0 0.0 0.078125 0.0 0.017011088709677418 31
stats: session 99 18.2606657394255 6.429053888905821 56.658935546875 6.94287109375 19.552202580648174 1672
stats: users_count 99 1771
stats: finish_users_count 99 1771
stats: request 100 15.924655761718746 6.517048450642447 54.380126953125 4.49609375 17.310136408078854 1666
stats: page 100 15.924655761718746 6.517048450642447 54.380126953125 4.49609375 17.310136408078854 1666
stats: connect 100 1.7488671875 0.3142291154104985 28.347900390625 1.067138671875 2.3630136624962494 1666
stats: tr_register 100 16.266342773437504 6.437261620878207 54.73779296875 4.946044921875 17.610685094350238 1666
stats: 200 81 1624
stats: size_rcv 23747 420680
stats: newphase 0 7
stats: size_sent 9400 166004
stats: connected 0 0
stats: 403 19 142
# stats: dump at 1402699524
stats: users 0 4
stats: {freemem,"os_mon@localhost"} 1 471.30078125 0.0 471.30078125 468.328125 470.5177001953125 32
stats: {recvpackets,"os_mon@localhost"} 1 437.0 0.0 500 20 223.5483870967742 31
stats: {sentpackets,"os_mon@localhost"} 1 659.0 0.0 750 36 336.38709677419354 31
stats: {cpu,"os_mon@localhost"} 1 3.796203796203796 0.0 4.780876494023905 0.6986027944111777 2.292373269174105 32
stats: {load,"os_mon@localhost"} 1 0.0 0.0 0.078125 0.0 0.0164794921875 32
stats: session 112 18.503581455775667 4.7844441435521805 56.658935546875 6.94287109375 19.480004869027027 1771
stats: users_count 112 1883
stats: finish_users_count 112 1883
stats: request 113 16.120955475663717 4.917265888197759 54.380126953125 4.49609375 17.23168337034612 1766
stats: page 113 16.120955475663717 4.917265888197759 54.380126953125 4.49609375 17.23168337034612 1766
stats: connect 114 1.616371556332237 0.21699557947756914 28.347900390625 1.067138671875 2.3282375314092594 1766
stats: tr_register 113 16.41567642076879 4.8489697631601665 54.73779296875 4.946044921875 17.53456152011962 1766
stats: 200 100 1724
stats: size_rcv 26882 447562
stats: newphase 0 7
stats: size_sent 10716 176720
stats: connected 1 1
stats: 403 13 155
# stats: dump at 1402699534
stats: users 0 4
stats: {freemem,"os_mon@localhost"} 1 471.34375 0.0 471.34375 468.328125 470.54142992424244 33
stats: {recvpackets,"os_mon@localhost"} 1 420.0 0.0 500 20 230.21875 32
stats: {sentpackets,"os_mon@localhost"} 1 638.0 0.0 750 36 346.46875 32
stats: {cpu,"os_mon@localhost"} 1 3.7810945273631837 0.0 4.780876494023905 0.6986027944111777 2.337943891205308 33
stats: {load,"os_mon@localhost"} 1 0.0 0.0 0.078125 0.0 0.015980113636363636 33
stats: session 34 19.222828584558822 4.0667576696064724 56.658935546875 6.94287109375 19.421927639986055 1883
stats: users_count 34 1917
stats: finish_users_count 34 1917
stats: request 38 16.680689761513158 4.34039596671958 54.380126953125 4.49609375 17.164886003608967 1879
stats: page 38 16.680689761513158 4.34039596671958 54.380126953125 4.49609375 17.164886003608967 1879
stats: connect 37 1.6880806587837838 0.7229055758427939 28.347900390625 1.06201171875 2.2850711903673546 1880
stats: tr_register 38 16.944515830592106 4.293862737730289 54.73779296875 4.946044921875 17.46727359237793 1879
stats: 200 35 1759
stats: size_rcv 9048 456610
stats: newphase 1 8
stats: size_sent 3478 180198
stats: connected -1 0
stats: 403 3 158
# stats: dump at 1402699544
stats: users 0 4
stats: {freemem,"os_mon@localhost"} 1 471.3359375 0.0 471.34375 468.328125 470.5650275735294 34
stats: {recvpackets,"os_mon@localhost"} 1 57.0 0.0 500 20 235.96969696969697 33
stats: {sentpackets,"os_mon@localhost"} 1 86.0 0.0 750 36 355.3030303030303 33
stats: {cpu,"os_mon@localhost"} 1 1.1976047904191618 0.0 4.780876494023905 0.6986027944111777 2.380389498151128 34
stats: {load,"os_mon@localhost"} 1 0.0 0.0 0.078125 0.0 0.015510110294117647 34
stats: session 14 18.407331194196427 4.075128018563074 56.658935546875 6.94287109375 19.418396409999342 1917
stats: users_count 14 1931
stats: finish_users_count 14 1931
stats: request 14 16.137433733258927 4.18531909006641 54.380126953125 4.49609375 17.15528795603482 1917
stats: page 14 16.137433733258927 4.18531909006641 54.380126953125 4.49609375 17.15528795603482 1917
stats: connect 14 1.7665841238839286 0.20300867007337622 28.347900390625 1.06201171875 2.273548681411386 1917
stats: tr_register 14 16.473597935267858 4.083453604086638 54.73779296875 4.946044921875 17.45691115369881 1917
stats: 200 12 1771
stats: size_rcv 3329 459939
stats: newphase 0 8
stats: size_sent 1316 181514
stats: connected 0 0
stats: 403 2 160
# stats: dump at 1402699554
stats: users 0 4
stats: {freemem,"os_mon@localhost"} 1 471.25 0.0 471.34375 468.328125 470.58705357142856 35
stats: {recvpackets,"os_mon@localhost"} 1 64.0 0.0 500 20 230.7058823529412 34
stats: {sentpackets,"os_mon@localhost"} 1 96.0 0.0 750 36 347.38235294117646 34
stats: {cpu,"os_mon@localhost"} 1 1.0967098703888334 0.0 4.780876494023905 0.6986027944111777 2.346595649358786 35
stats: {load,"os_mon@localhost"} 1 0.0 0.0 0.078125 0.0 0.015066964285714286 35
stats: session 10 18.3341552734375 3.2788467199135543 56.658935546875 6.94287109375 19.4110660562856 1931
stats: users_count 10 1941
stats: finish_users_count 10 1941
stats: request 10 16.088916015625 3.3593042690903943 54.380126953125 4.49609375 17.147908381141573 1931
stats: page 10 16.088916015625 3.3593042690903943 54.380126953125 4.49609375 17.147908381141573 1931
stats: connect 10 1.6688720703125 0.1743872422190236 28.347900390625 1.06201171875 2.2698731227343356 1931
stats: tr_register 10 16.3775146484375 3.289238995326712 54.73779296875 4.946044921875 17.449782005558973 1931
stats: 200 9 1780
stats: size_rcv 2382 462321
stats: newphase 0 8
stats: size_sent 940 182454
stats: connected 0 0
stats: 403 1 161
# stats: dump at 1402699564
stats: users 0 4
stats: {freemem,"os_mon@localhost"} 1 471.37890625 0.0 471.37890625 468.328125 470.60546875 36
stats: {recvpackets,"os_mon@localhost"} 1 16.0 0.0 500 16 225.94285714285715 35
stats: {sentpackets,"os_mon@localhost"} 1 24.0 0.0 750 24 340.2 35
stats: {cpu,"os_mon@localhost"} 1 0.4995004995004995 0.0 4.780876494023905 0.4995004995004995 2.311876599942954 36
stats: {load,"os_mon@localhost"} 1 0.0 0.0 0.078125 0.0 0.0146484375 36
stats: session 6 23.114217122395832 5.966297550262132 56.658935546875 6.94287109375 19.40551782968669 1941
stats: users_count 6 1947
stats: finish_users_count 6 1947
stats: request 6 20.830607096354168 5.770285547247867 54.380126953125 4.49609375 17.142452469933346 1941
stats: page 6 20.830607096354168 5.770285547247867 54.380126953125 4.49609375 17.142452469933346 1941
stats: connect 6 1.9837646484375 0.2182488718597223 28.347900390625 1.06201171875 2.26677677522057 1941
stats: tr_register 6 21.2449951171875 5.936280882893551 54.73779296875 4.946044921875 17.444257701812855 1941
stats: 200 5 1785
stats: size_rcv 1427 463748
stats: newphase 1 9
stats: size_sent 564 183018
stats: connected 0 0
stats: 403 1 162
# stats: dump at 1402699574
stats: users 0 4
stats: {freemem,"os_mon@localhost"} 1 471.3515625 0.0 471.37890625 468.328125 470.6263724662162 37
stats: {recvpackets,"os_mon@localhost"} 1 24.0 0.0 500 16 220.11111111111111 36
stats: {sentpackets,"os_mon@localhost"} 1 42.0 0.0 750 24 331.4166666666667 36
stats: {cpu,"os_mon@localhost"} 1 0.8946322067594433 0.0 4.780876494023905 0.4995004995004995 2.262893462093158 37
stats: {load,"os_mon@localhost"} 1 0.0 0.0 0.078125 0.0 0.014252533783783784 37
stats: session 5 18.615283203125 2.8938664522076505 56.658935546875 6.94287109375 19.416946795149585 1947
stats: users_count 5 1952
stats: finish_users_count 5 1952
stats: request 5 16.348974609375 2.992269496342035 54.380126953125 4.49609375 17.153818123635723 1947
stats: page 5 16.348974609375 2.992269496342035 54.380126953125 4.49609375 17.153818123635723 1947
stats: connect 5 1.877001953125 0.20901126296436628 28.347900390625 1.06201171875 2.2659046269099905 1947
stats: tr_register 5 16.687744140625 2.899976801779468 54.73779296875 4.946044921875 17.45597029785407 1947
stats: 200 4 1789
stats: size_rcv 1184 464932
stats: newphase 0 9
stats: size_sent 470 183488
stats: connected 0 0
stats: 403 1 163
# stats: dump at 1402699584
stats: users 0 4
stats: {freemem,"os_mon@localhost"} 1 471.41015625 0.0 471.41015625 468.328125 470.6454564144737 38
stats: {recvpackets,"os_mon@localhost"} 1 29.0 0.0 500 16 214.8108108108108 37
stats: {sentpackets,"os_mon@localhost"} 1 49.0 0.0 750 24 323.5945945945946 37
stats: {cpu,"os_mon@localhost"} 1 0.6993006993006993 0.0 4.780876494023905 0.4995004995004995 2.226886586952797 38
stats: {load,"os_mon@localhost"} 1 0.0 0.0 0.078125 0.0 0.013877467105263159 38
stats: session 7 17.3837890625 5.704216242415593 56.658935546875 6.94287109375 19.414893353571653 1952
stats: users_count 7 1959
stats: finish_users_count 7 1959
stats: request 7 15.078996930803571 5.805110020261367 54.380126953125 4.49609375 17.151756536765177 1952
stats: page 7 15.078996930803571 5.805110020261367 54.380126953125 4.49609375 17.151756536765177 1952
stats: connect 7 1.8430524553571428 0.1206458764023094 28.347900390625 1.06201171875 2.264908462274271 1952
stats: tr_register 7 15.47119140625 5.701123548202145 54.73779296875 4.946044921875 17.454002505443135 1952
stats: 200 5 1794
stats: size_rcv 1657 466589
stats: newphase 0 9
stats: size_sent 658 184146
stats: connected 0 0
stats: 403 2 165
# stats: dump at 1402699594
stats: users 0 4
stats: {freemem,"os_mon@localhost"} 1 471.41015625 0.0 471.41015625 468.328125 470.6650641025641 39
stats: {recvpackets,"os_mon@localhost"} 1 41.0 0.0 500 16 209.92105263157896 38
stats: {sentpackets,"os_mon@localhost"} 1 61.0 0.0 750 24 316.36842105263156 38
stats: {cpu,"os_mon@localhost"} 1 1.1952191235059761 0.0 4.780876494023905 0.4995004995004995 2.1877177180386402 39
stats: {load,"os_mon@localhost"} 1 0.0 0.0 0.078125 0.0 0.013521634615384616 39
stats: session 62 19.563452935987904 6.286149161109599 56.658935546875 6.94287109375 19.40763570679396 1959
stats: users_count 62 2021
stats: finish_users_count 62 2021
stats: request 61 17.244008548924178 6.368346636381617 54.380126953125 4.49609375 17.144350045064446 1959
stats: page 61 17.244008548924178 6.368346636381617 54.380126953125 4.49609375 17.144350045064446 1959
stats: connect 61 2.6987184618340163 3.21419223475811 28.347900390625 1.06201171875 2.263401064597691 1959
stats: tr_register 61 17.559794441598363 6.31799041760216 54.73779296875 4.946044921875 17.44691742239344 1959
stats: 200 50 1844
stats: size_rcv 14490 481079
stats: newphase 1 10
stats: size_sent 5734 189880
stats: connected 0 0
stats: 403 11 176
# stats: dump at 1402699604
stats: users 1 4
stats: {freemem,"os_mon@localhost"} 1 471.328125 0.0 471.41015625 468.328125 470.68369140625 40
stats: {recvpackets,"os_mon@localhost"} 1 412.0 0.0 500 16 205.5897435897436 39
stats: {sentpackets,"os_mon@localhost"} 1 618.0 0.0 750 24 309.8205128205128 39
stats: {cpu,"os_mon@localhost"} 1 3.788634097706879 0.0 4.780876494023905 0.4995004995004995 2.1629052531753237 40
stats: {load,"os_mon@localhost"} 1 0.0 0.0 0.078125 0.0 0.01318359375 40
stats: session 119 18.587742909663866 6.72527403444151 56.658935546875 6.94287109375 19.412415849401594 2021
stats: users_count 120 2141
stats: finish_users_count 119 2140
stats: request 117 16.29711496728098 6.826475963280858 54.380126953125 4.49609375 17.14735953453744 2020
stats: page 117 16.29711496728098 6.826475963280858 54.380126953125 4.49609375 17.14735953453744 2020
stats: connect 117 2.868182842548077 3.5263565851206122 28.347900390625 1.06201171875 2.27654678797958 2020
stats: tr_register 117 16.6087865584936 6.777238465015023 54.73779296875 4.946044921875 17.45032608485458 2020
stats: 200 91 1935
stats: size_rcv 27755 508834
stats: newphase 0 10
stats: size_sent 10998 200878
stats: connected 0 0
stats: 403 26 202
# stats: dump at 1402699614
stats: users 0 4
stats: {freemem,"os_mon@localhost"} 1 471.3359375 0.0 471.41015625 468.328125 470.6994092987805 41
stats: {recvpackets,"os_mon@localhost"} 1 432.0 0.0 500 16 210.75 40
stats: {sentpackets,"os_mon@localhost"} 1 648.0 0.0 750 24 317.525 40
stats: {cpu,"os_mon@localhost"} 1 3.788634097706879 0.0 4.780876494023905 0.4995004995004995 2.2025571762126788 41
stats: {load,"os_mon@localhost"} 1 0.0 0.0 0.078125 0.0 0.012862042682926829 41
stats: session 94 20.073361660571805 6.628027029615994 56.658935546875 6.94287109375 19.366557868173185 2140
stats: users_count 93 2234
stats: finish_users_count 94 2234
stats: request 95 17.820695415296047 6.68000006817327 54.380126953125 4.49609375 17.100808942881375 2137
stats: page 95 17.820695415296047 6.68000006817327 54.380126953125 4.49609375 17.100808942881375 2137
stats: connect 95 2.7856393914473685 3.0120824361537295 28.347900390625 1.06201171875 2.3089386543270365 2137
stats: tr_register 95 18.152505653782903 6.622735334171854 54.73779296875 4.946044921875 17.404252091132427 2137
stats: 200 78 2013
stats: size_rcv 22557 531391
stats: newphase 0 10
stats: size_sent 8930 209808
stats: connected 0 0
stats: 403 17 219
# stats: dump at 1402699624
stats: users 0 4
stats: {freemem,"os_mon@localhost"} 1 471.234375 0.0 471.41015625 468.328125 470.71456473214283 42
stats: {recvpackets,"os_mon@localhost"} 1 336.0 0.0 500 16 216.14634146341464 41
stats: {sentpackets,"os_mon@localhost"} 1 510.0 0.0 750 24 325.5853658536585 41
stats: {cpu,"os_mon@localhost"} 1 3.3932135728542914 0.0 4.780876494023905 0.4995004995004995 2.240320912438731 42
stats: {load,"os_mon@localhost"} 1 0.0 0.0 0.078125 0.0 0.012555803571428572 42
stats: session 93 20.36844495547714 6.489455943186128 56.658935546875 6.94287109375 19.396298045651015 2234
stats: users_count 93 2327
stats: finish_users_count 93 2327
stats: request 94 17.99375363613695 6.4703914030813126 54.380126953125 4.49609375 17.131449272128418 2232
stats: page 94 17.99375363613695 6.4703914030813126 54.380126953125 4.49609375 17.131449272128418 2232
stats: connect 95 3.4295795641447375 3.8311075028850006 28.347900390625 1.06201171875 2.32922833623852 2232
stats: tr_register 94 18.349032787566497 6.4490272867712655 54.73779296875 4.946044921875 17.436099801012265 2232
stats: 200 74 2087
stats: size_rcv 22306 553697
stats: newphase 0 10
stats: size_sent 8930 218738
stats: connected 1 1
stats: 403 20 239
# stats: dump at 1402699634
stats: users 0 4
stats: {freemem,"os_mon@localhost"} 1 471.25 0.0 471.41015625 468.328125 470.72665334302326 43
stats: {recvpackets,"os_mon@localhost"} 1 463.0 0.0 500 16 219.0 42
stats: {sentpackets,"os_mon@localhost"} 1 693.0 0.0 750 24 329.9761904761905 42
stats: {cpu,"os_mon@localhost"} 1 4.785643070787637 0.0 4.785643070787637 0.4995004995004995 2.2671323696576975 43
stats: {load,"os_mon@localhost"} 1 0.0 0.0 0.078125 0.0 0.012263808139534883 43
stats: session 116 19.88569378030711 6.411485531662323 56.658935546875 6.94287109375 19.435150500577457 2327
stats: users_count 116 2443
stats: finish_users_count 116 2443
stats: request 116 17.645623568830807 6.495494607459838 54.380126953125 4.49609375 17.16629734186909 2326
stats: page 116 17.645623568830807 6.495494607459838 54.380126953125 4.49609375 17.16629734186909 2326
stats: connect 115 2.7942616338315216 3.1916239871364236 28.347900390625 1.06201171875 2.3741502815118722 2327
stats: tr_register 116 17.991865486934252 6.448121633405073 54.73779296875 4.946044921875 17.47299391138892 2326
stats: 200 96 2183
stats: size_rcv 27555 581252
stats: newphase 0 10
stats: size_sent 10810 229548
stats: connected -1 0
stats: 403 20 259
# stats: dump at 1402699644
stats: users 0 4
stats: {freemem,"os_mon@localhost"} 1 471.1328125 0.0 471.41015625 468.328125 470.73854758522725 44
stats: {recvpackets,"os_mon@localhost"} 1 452.0 0.0 500 16 224.67441860465115 43
stats: {sentpackets,"os_mon@localhost"} 1 678.0 0.0 750 24 338.4186046511628 43
stats: {cpu,"os_mon@localhost"} 1 3.992015968063872 0.0 4.785643070787637 0.4995004995004995 2.324371249228833 44
stats: {load,"os_mon@localhost"} 1 0.078125 0.0 0.078125 0.0 0.011985085227272728 44
stats: session 97 20.27165804204253 7.8485335815228225 56.658935546875 6.94287109375 19.45654346842381 2443
stats: users_count 97 2540
stats: finish_users_count 97 2540
stats: request 97 17.866540653189432 7.892124475960708 54.380126953125 4.49609375 17.189066319071202 2442
stats: page 97 17.866540653189432 7.892124475960708 54.380126953125 4.49609375 17.189066319071202 2442
stats: connect 98 3.076151945153062 3.757333326652055 28.347900390625 1.06201171875 2.393934395155099 2442
stats: tr_register 97 18.25438949742269 7.8306202491352055 54.73779296875 4.946044921875 17.497641373617935 2442
stats: 200 70 2253
stats: size_rcv 22980 604232
stats: newphase 0 10
stats: size_sent 9212 238760
stats: connected 1 1
stats: 403 27 286
# stats: dump at 1402699654
stats: users 0 4
stats: {freemem,"os_mon@localhost"} 1 471.234375 0.0 471.41015625 468.328125 470.74730902777776 45
stats: {recvpackets,"os_mon@localhost"} 1 329.0 0.0 500 16 229.8409090909091 44
stats: {sentpackets,"os_mon@localhost"} 1 493.0 0.0 750 24 346.1363636363636 44
stats: {cpu,"os_mon@localhost"} 1 3.3966033966033966 0.0 4.785643070787637 0.4995004995004995 2.3614300207585 45
stats: {load,"os_mon@localhost"} 1 0.05859375 0.0 0.078125 0.0 0.013454861111111112 45
stats: session 35 21.273876953125 8.57719279949321 56.658935546875 6.94287109375 19.48767185962106 2540
stats: users_count 35 2575
stats: finish_users_count 35 2575
stats: request 36 18.99502224392361 8.569890755826263 54.380126953125 4.49609375 17.21494856027225 2539
stats: page 36 18.99502224392361 8.569890755826263 54.380126953125 4.49609375 17.21494856027225 2539
stats: connect 35 3.8485421316964286 4.125952621412981 28.347900390625 1.06201171875 2.4202561746432094 2540
stats: tr_register 36 19.44256591796875 8.490879858195813 54.73779296875 4.946044921875 17.526552192053956 2539
stats: 200 25 2278
stats: size_rcv 8521 612753
stats: newphase 1 11
stats: size_sent 3290 242050
stats: connected -1 0
stats: 403 11 297
# stats: dump at 1402699664
stats: users 0 4
stats: {freemem,"os_mon@localhost"} 1 471.109375 0.0 471.41015625 468.328125 470.75789741847825 46
stats: {recvpackets,"os_mon@localhost"} 1 64.0 0.0 500 16 232.04444444444445 45
stats: {sentpackets,"os_mon@localhost"} 1 98.0 0.0 750 24 349.4 45
stats: {cpu,"os_mon@localhost"} 1 1.2909632571996028 0.0 4.785643070787637 0.4995004995004995 2.383933789798607 46
stats: {load,"os_mon@localhost"} 1 0.05078125 0.0 0.078125 0.0 0.014436141304347826 46
stats: session 7 16.246337890625 4.855274778349035 56.658935546875 6.94287109375 19.511950375455093 2575
stats: users_count 7 2582
stats: finish_users_count 7 2582
stats: request 7 13.952880859375 4.9695802973392125 54.380126953125 4.49609375 17.239835027305823 2575
stats: page 7 13.952880859375 4.9695802973392125 54.380126953125 4.49609375 17.239835027305823 2575
stats: connect 7 1.6519601004464286 0.10941740943215485 28.347900390625 1.06201171875 2.4396697701759718 2575
stats: tr_register 7 14.307826450892858 4.8698335393426335 54.73779296875 4.946044921875 17.553339180066743 2575
stats: 200 5 2283
stats: size_rcv 1659 614412
stats: newphase 0 11
stats: size_sent 658 242708
stats: connected 0 0
stats: 403 2 299
# stats: dump at 1402699674
stats: users 0 4
stats: {freemem,"os_mon@localhost"} 1 471.0390625 0.0 471.41015625 468.328125 470.7653756648936 47
stats: {recvpackets,"os_mon@localhost"} 1 32.0 0.0 500 16 228.3913043478261 46
stats: {sentpackets,"os_mon@localhost"} 1 56.0 0.0 750 24 343.9347826086956 46
stats: {cpu,"os_mon@localhost"} 1 0.7984031936127743 0.0 4.785643070787637 0.4995004995004995 2.3606790976156495 47
stats: {load,"os_mon@localhost"} 1 0.05078125 0.0 0.078125 0.0 0.015209441489361703 47
stats: session 8 18.4508056640625 3.755582351902671 56.658935546875 6.94287109375 19.503097049586074 2582
stats: users_count 8 2590
stats: finish_users_count 8 2590
stats: request 8 16.20306396484375 3.8588381941248495 54.380126953125 4.49609375 17.230923842497333 2582
stats: page 8 16.20306396484375 3.8588381941248495 54.380126953125 4.49609375 17.230923842497333 2582
stats: connect 8 1.75140380859375 0.12072462304029385 28.347900390625 1.06201171875 2.4375342288560233 2582
stats: tr_register 8 16.53070068359375 3.786145551914432 54.73779296875 4.946044921875 17.54454034617665 2582
stats: 200 7 2290
stats: size_rcv 1904 616316
stats: newphase 0 11
stats: size_sent 752 243460
stats: connected 0 0
stats: 403 1 300
# stats: dump at 1402699684
stats: users 0 4
stats: {freemem,"os_mon@localhost"} 1 471.046875 0.0 471.41015625 468.328125 470.7710774739583 48
stats: {recvpackets,"os_mon@localhost"} 1 41.0 0.0 500 16 224.2127659574468 47
stats: {sentpackets,"os_mon@localhost"} 1 59.0 0.0 750 24 337.80851063829783 47
stats: {cpu,"os_mon@localhost"} 1 1.097804391217565 0.0 4.785643070787637 0.4995004995004995 2.3281316829489227 48
stats: {load,"os_mon@localhost"} 1 0.0390625 0.0 0.078125 0.0 0.015950520833333332 48
stats: session 5 67.165185546875 98.37217389420678 263.177001953125 6.94287109375 19.49984672870415 2590
stats: users_count 5 2595
stats: finish_users_count 5 2595
stats: request 5 64.810791015625 98.35962832647762 260.7841796875 4.49609375 17.22774898573238 2590
stats: page 5 64.810791015625 98.35962832647762 260.7841796875 4.49609375 17.22774898573238 2590
stats: connect 5 37.4640625 70.92501922841798 179.31298828125 1.06201171875 2.435414907094595 2590
stats: tr_register 5 65.235986328125 98.36443864856116 261.23486328125 4.946044921875 17.541408795095315 2590
stats: 200 3 2293
stats: size_rcv 1181 617497
stats: newphase 1 12
stats: size_sent 470 243930
stats: connected 0 0
stats: 403 2 302
# stats: dump at 1402699694
stats: users 0 4
stats: {freemem,"os_mon@localhost"} 1 471.0859375 0.0 471.41015625 468.328125 470.77670599489795 49
stats: {recvpackets,"os_mon@localhost"} 1 32.0 0.0 500 16 220.39583333333334 48
stats: {sentpackets,"os_mon@localhost"} 1 48.0 0.0 750 24 331.99999999999994 48
stats: {cpu,"os_mon@localhost"} 1 0.697211155378486 0.0 4.785643070787637 0.4995004995004995 2.303022962709507 49
stats: {load,"os_mon@localhost"} 1 0.03125 0.0 0.078125 0.0 0.01642219387755102 49
stats: session 10 17.1444580078125 4.085402392108431 263.177001953125 6.94287109375 19.591687458604287 2595
stats: users_count 10 2605
stats: finish_users_count 10 2605
stats: request 9 14.700059678819445 4.370589956858799 260.7841796875 4.49609375 17.319431147639687 2595
stats: page 9 14.700059678819445 4.370589956858799 260.7841796875 4.49609375 17.319431147639687 2595
stats: connect 9 1.8366427951388888 0.21155399746948847 179.31298828125 1.06201171875 2.502907484344895 2595
stats: tr_register 9 15.049018012152779 4.272725960247795 261.23486328125 4.946044921875 17.633305861632945 2595
stats: 200 7 2300
stats: size_rcv 2136 619633
stats: newphase 0 12
stats: size_sent 846 244776
stats: connected 0 0
stats: 403 2 304
# stats: dump at 1402699704
stats: users 0 4
stats: {freemem,"os_mon@localhost"} 1 471.18359375 0.0 471.41015625 468.328125 470.782890625 50
stats: {recvpackets,"os_mon@localhost"} 1 41.0 0.0 500 16 216.55102040816325 49
stats: {sentpackets,"os_mon@localhost"} 1 61.0 0.0 750 24 326.204081632653 49
stats: {cpu,"os_mon@localhost"} 1 0.8964143426294822 0.0 4.785643070787637 0.4995004995004995 2.2709067265628864 50
stats: {load,"os_mon@localhost"} 1 0.03125 0.0 0.078125 0.0 0.01671875 50
stats: session 12 16.84649658203125 4.714319923381455 263.177001953125 6.94287109375 19.582293103706814 2605
stats: users_count 12 2617
stats: finish_users_count 12 2617
stats: request 13 14.700646033653847 4.65097345898241 260.7841796875 4.49609375 17.310378020443302 2604
stats: page 13 14.700646033653847 4.65097345898241 260.7841796875 4.49609375 17.310378020443302 2604
stats: connect 13 1.834716796875 0.20740007785823675 179.31298828125 1.06201171875 2.5006047262024778 2604
stats: tr_register 13 15.064359224759615 4.5560773623554995 261.23486328125 4.946044921875 17.624373991185433 2604
stats: 200 10 2310
stats: size_rcv 3081 622714
stats: newphase 0 12
stats: size_sent 1222 245998
stats: connected 0 0
stats: 403 3 307
# stats: dump at 1402699714
stats: users 0 4
stats: {freemem,"os_mon@localhost"} 1 471.2265625 0.0 471.41015625 468.328125 470.7907475490196 51
stats: {recvpackets,"os_mon@localhost"} 1 48.0 0.0 500 16 213.04 50
stats: {sentpackets,"os_mon@localhost"} 1 78.0 0.0 750 24 320.9 50
stats: {cpu,"os_mon@localhost"} 1 0.998003992015968 0.0 4.785643070787637 0.4995004995004995 2.2439558955053687 51
stats: {load,"os_mon@localhost"} 1 0.01953125 0.0 0.078125 0.0 0.017003676470588234 51
stats: session 40 16.531317138671877 5.142751083620262 263.177001953125 6.94287109375 19.569748373764092 2617
stats: users_count 40 2657
stats: finish_users_count 40 2657
stats: request 37 13.80367134712838 5.132609372025636 260.7841796875 4.49609375 17.29741412444473 2617
stats: page 37 13.80367134712838 5.132609372025636 260.7841796875 4.49609375 17.29741412444473 2617
stats: connect 37 1.6387840477195945 0.2122176266372554 179.31298828125 1.06201171875 2.4972969145550734 2617
stats: tr_register 37 14.162003800675675 5.030276638233257 261.23486328125 4.946044921875 17.6116570664764 2617
stats: 200 25 2335
stats: size_rcv 8755 631469
stats: newphase 1 13
stats: size_sent 3478 249476
stats: connected 0 0
stats: 403 12 319
# stats: dump at 1402699724
stats: users 1 4
stats: {freemem,"os_mon@localhost"} 1 471.11328125 0.0 471.41015625 468.328125 470.7991286057692 52
stats: {recvpackets,"os_mon@localhost"} 1 292.0 0.0 500 16 209.80392156862746 51
stats: {sentpackets,"os_mon@localhost"} 1 444.0 0.0 750 24 316.1372549019608 51
stats: {cpu,"os_mon@localhost"} 1 2.8913260219341974 0.0 4.785643070787637 0.4995004995004995 2.2199952819767264 52
stats: {load,"os_mon@localhost"} 1 0.01953125 0.0 0.078125 0.0 0.017052283653846152 52
stats: session 94 18.26371083361037 4.8319478794953294 263.177001953125 6.94287109375 19.524006089457096 2657
stats: users_count 95 2752
stats: finish_users_count 94 2751
stats: request 94 16.12293779089096 4.964476449416423 260.7841796875 4.49609375 17.248707084971972 2654
stats: page 94 16.12293779089096 4.964476449416423 260.7841796875 4.49609375 17.248707084971972 2654
stats: connect 94 1.7895533784906914 1.1355391192207442 179.31298828125 1.06103515625 2.485328197119914 2654
stats: tr_register 94 16.402494389960104 4.888141811503633 261.23486328125 4.946044921875 17.56356468861859 2654
stats: 200 78 2413
stats: size_rcv 22337 653806
stats: newphase 0 13
stats: size_sent 8836 258312
stats: connected 0 0
stats: 403 16 335
# stats: dump at 1402699734
stats: users 0 4
stats: {freemem,"os_mon@localhost"} 1 471.109375 0.0 471.41015625 468.328125 470.8050560141509 53
stats: {recvpackets,"os_mon@localhost"} 1 446.0 0.0 500 16 211.3846153846154 52
stats: {sentpackets,"os_mon@localhost"} 1 666.0 0.0 750 24 318.59615384615387 52
stats: {cpu,"os_mon@localhost"} 1 3.8922155688622757 0.0 4.785643070787637 0.4995004995004995 2.232661899711773 53
stats: {load,"os_mon@localhost"} 1 0.01953125 0.0 0.078125 0.0 0.01709905660377358 53
stats: session 115 20.69063349184782 8.561123156883236 263.177001953125 6.94287109375 19.480942565629547 2751
stats: users_count 114 2866
stats: finish_users_count 115 2866
stats: request 115 18.358277428668465 8.63293385058084 260.7841796875 4.49609375 17.210198237212285 2748
stats: page 115 18.358277428668465 8.63293385058084 260.7841796875 4.49609375 17.210198237212285 2748
stats: connect 115 3.224906589673913 4.891874705757406 179.31298828125 1.055908203125 2.4615280395685506 2748
stats: tr_register 115 18.634559697690225 8.574291459663243 261.23486328125 4.946044921875 17.523848310134643 2748
stats: 200 93 2506
stats: size_rcv 27303 681109
stats: newphase 0 13
stats: size_sent 10810 269122
stats: connected 0 0
stats: 403 22 357
# stats: dump at 1402699744
stats: users 0 4
stats: {freemem,"os_mon@localhost"} 1 471.1171875 0.0 471.41015625 468.328125 470.8106915509259 54
stats: {recvpackets,"os_mon@localhost"} 1 386.0 0.0 500 16 215.81132075471697 53
stats: {sentpackets,"os_mon@localhost"} 1 579.0 0.0 750 24 325.1509433962264 53
stats: {cpu,"os_mon@localhost"} 1 3.293413173652695 0.0 4.785643070787637 0.4995004995004995 2.2633943750664116 54
stats: {load,"os_mon@localhost"} 1 0.01171875 0.0 0.078125 0.0 0.017144097222222217 54
stats: session 109 22.18271349985665 11.387595197951148 263.177001953125 6.94287109375 19.529482152689944 2866
stats: users_count 109 2975
stats: finish_users_count 109 2975
stats: request 106 19.22841198039506 10.81424039798456 260.7841796875 4.49609375 17.256313887585133 2863
stats: page 106 19.22841198039506 10.81424039798456 260.7841796875 4.49609375 17.256313887585133 2863
stats: connect 106 3.4498198887087264 4.975191284778897 179.31298828125 1.055908203125 2.492191166799468 2863
stats: tr_register 106 19.555887474204017 10.781466716026587 261.23486328125 4.946044921875 17.568462983403553 2863
stats: 200 80 2586
stats: size_rcv 25134 706243
stats: newphase 0 13
stats: size_sent 9964 279086
stats: connected 0 0
stats: 403 26 383
# stats: dump at 1402699754
stats: users 1 4
stats: {freemem,"os_mon@localhost"} 1 471.03515625 0.0 471.41015625 468.328125 470.81626420454546 55
stats: {recvpackets,"os_mon@localhost"} 1 462.0 0.0 500 16 218.96296296296296 54
stats: {sentpackets,"os_mon@localhost"} 1 693.0 0.0 750 24 329.85185185185185 54
stats: {cpu,"os_mon@localhost"} 1 4.087736789631107 0.0 4.785643070787637 0.4995004995004995 2.2821219895861624 55
stats: {load,"os_mon@localhost"} 1 0.01171875 0.0 0.078125 0.0 0.01704545454545454 55
stats: session 101 20.26066483601486 9.052270548794516 263.177001953125 6.94287109375 19.626692981880254 2975
stats: users_count 102 3077
stats: finish_users_count 101 3076
stats: request 104 18.903881366436302 9.854029140940638 260.7841796875 4.49609375 17.326722239837693 2969
stats: page 104 18.903881366436302 9.854029140940638 260.7841796875 4.49609375 17.326722239837693 2969
stats: connect 104 4.0206744854266825 6.058337564880077 179.31298828125 1.055908203125 2.5263806732064675 2969
stats: tr_register 104 19.24770179161658 9.8126615123415 261.23486328125 4.946044921875 17.639418522650722 2969
stats: 200 80 2666
stats: size_rcv 24671 730914
stats: newphase 0 13
stats: size_sent 9776 288862
stats: connected 0 0
stats: 403 24 407
# stats: dump at 1402699764
stats: users 1 4
stats: {freemem,"os_mon@localhost"} 1 470.91796875 0.0 471.41015625 468.328125 470.82017299107144 56
stats: {recvpackets,"os_mon@localhost"} 1 413.0 0.0 500 16 223.38181818181818 55
stats: {sentpackets,"os_mon@localhost"} 1 625.0 0.0 750 24 336.45454545454544 55
stats: {cpu,"os_mon@localhost"} 1 3.788634097706879 0.0 4.785643070787637 0.4995004995004995 2.3143651110155363 56
stats: {load,"os_mon@localhost"} 1 0.01171875 0.0 0.078125 0.0 0.01695033482142857 56
stats: session 111 25.73726729659347 17.837460795990804 263.177001953125 6.94287109375 19.64750935290353 3076
stats: users_count 111 3188
stats: finish_users_count 111 3187
stats: request 108 23.060962818287045 18.11717734301488 260.7841796875 4.49609375 17.3800982727587 3073
stats: page 108 23.060962818287045 18.11717734301488 260.7841796875 4.49609375 17.3800982727587 3073
stats: connect 108 6.174490469473379 8.336001439269635 179.31298828125 1.055908203125 2.5769522828618214 3073
stats: tr_register 108 23.394409179687504 18.082591317511934 261.23486328125 4.946044921875 17.69384789459099 3073
stats: 200 77 2743
stats: size_rcv 25574 756488
stats: newphase 0 13
stats: size_sent 10152 299014
stats: connected 0 0
stats: 403 31 438
# stats: dump at 1402699774
stats: users 0 4
stats: {freemem,"os_mon@localhost"} 1 470.9765625 0.0 471.41015625 468.328125 470.8218887061403 57
stats: {recvpackets,"os_mon@localhost"} 1 437.0 0.0 500 16 226.76785714285714 56
stats: {sentpackets,"os_mon@localhost"} 1 657.0 0.0 750 24 341.60714285714283 56
stats: {cpu,"os_mon@localhost"} 1 4.091816367265469 0.0 4.785643070787637 0.4995004995004995 2.3402294792031038 57
stats: {load,"os_mon@localhost"} 1 0.01171875 0.0 0.078125 0.0 0.016858552631578944 57
stats: session 41 19.29390362995427 8.439746291631252 263.177001953125 6.94287109375 19.85960948837563 3187
stats: users_count 40 3228
stats: finish_users_count 41 3228
stats: request 46 18.129256538722824 8.8169202299116 260.7841796875 4.49609375 17.57297264274206 3181
stats: page 46 18.129256538722824 8.8169202299116 260.7841796875 4.49609375 17.57297264274206 3181
stats: connect 46 5.0011888586956506 7.726162686274555 179.31298828125 1.055908203125 2.6990944155729335 3181
stats: tr_register 46 18.448146654211953 8.789297516335793 261.23486328125 4.946044921875 17.88739100015227 3181
stats: 200 34 2777
stats: size_rcv 10902 767390
stats: newphase 1 14
stats: size_sent 4324 303338
stats: connected 0 0
stats: 403 12 450
# stats: dump at 1402699784
stats: users 0 4
stats: {freemem,"os_mon@localhost"} 1 470.98046875 0.0 471.41015625 468.328125 470.82455549568965 58
stats: {recvpackets,"os_mon@localhost"} 1 40.0 0.0 500 16 230.4561403508772 57
stats: {sentpackets,"os_mon@localhost"} 1 60.0 0.0 750 24 347.140350877193 57
stats: {cpu,"os_mon@localhost"} 1 0.897308075772682 0.0 4.785643070787637 0.4995004995004995 2.3704292531352134 58
stats: {load,"os_mon@localhost"} 1 0.01171875 0.0 0.078125 0.0 0.016769935344827583 58
stats: session 6 22.428507486979168 5.338363733350217 263.177001953125 6.94287109375 19.85242425287523 3228
stats: users_count 6 3234
stats: finish_users_count 6 3234
stats: request 7 18.176095145089285 7.0085130481580595 260.7841796875 4.49609375 17.580902317119225 3227
stats: page 7 18.176095145089285 7.0085130481580595 260.7841796875 4.49609375 17.580902317119225 3227
stats: connect 7 1.772216796875 0.13803118369613115 179.31298828125 1.055908203125 2.7319101405136355 3227
stats: tr_register 7 18.505964006696427 6.949684968427737 261.23486328125 4.946044921875 17.89538441821448 3227
stats: 200 6 2783
stats: size_rcv 1664 769054
stats: newphase 0 14
stats: size_sent 658 303996
stats: connected 0 0
stats: 403 1 451
# stats: dump at 1402699794
stats: users 0 4
stats: {freemem,"os_mon@localhost"} 1 470.9765625 0.0 471.41015625 468.328125 470.8271980932203 59
stats: {recvpackets,"os_mon@localhost"} 1 16.0 0.0 500 16 227.17241379310346 58
stats: {sentpackets,"os_mon@localhost"} 1 24.0 0.0 750 24 342.1896551724138 58
stats: {cpu,"os_mon@localhost"} 1 0.6958250497017893 0.0 4.785643070787637 0.4995004995004995 2.345461097586696 59
stats: {load,"os_mon@localhost"} 1 0.01171875 0.0 0.078125 0.0 0.016684322033898302 59
stats: session 7 16.067940848214285 5.867370227777656 263.177001953125 6.94287109375 19.85720362807765 3234
stats: users_count 7 3241
stats: finish_users_count 7 3241
stats: request 7 13.695033482142858 5.977644333476315 260.7841796875 4.49609375 17.582190613283665 3234
stats: page 7 13.695033482142858 5.977644333476315 260.7841796875 4.49609375 17.582190613283665 3234
stats: connect 7 1.8225446428571428 0.23505920915670322 179.31298828125 1.055908203125 2.729832882194071 3234
stats: tr_register 7 14.123256138392858 5.878317605577597 261.23486328125 4.946044921875 17.89670601905535 3234
stats: 200 4 2787
stats: size_rcv 1651 770705
stats: newphase 0 14
stats: size_sent 658 304654
stats: connected 0 0
stats: 403 3 454
# stats: dump at 1402699804
stats: users 0 4
stats: {freemem,"os_mon@localhost"} 1 470.9921875 0.0 471.41015625 468.328125 470.8296875 60
stats: {recvpackets,"os_mon@localhost"} 1 32.0 0.0 500 16 223.59322033898306 59
stats: {sentpackets,"os_mon@localhost"} 1 48.0 0.0 750 24 336.79661016949154 59
stats: {cpu,"os_mon@localhost"} 1 0.6993006993006993 0.0 4.785643070787637 0.4995004995004995 2.3179671634552808 60
stats: {load,"os_mon@localhost"} 1 0.01171875 0.0 0.078125 0.0 0.016601562499999997 60
stats: session 11 24.333540482954547 17.99971219360673 263.177001953125 6.94287109375 19.849019475205374 3241
stats: users_count 11 3252
stats: finish_users_count 11 3252
stats: request 11 22.0224609375 17.99227113402776 260.7841796875 4.49609375 17.57379502552742 3241
stats: page 11 22.0224609375 17.99227113402776 260.7841796875 4.49609375 17.57379502552742 3241
stats: connect 11 2.0962579900568183 0.705471701062597 179.31298828125 1.055908203125 2.72787329636397 3241
stats: tr_register 11 22.392023259943183 17.998181769051374 261.23486328125 4.946044921875 17.8885560193131 3241
stats: 200 9 2796
stats: size_rcv 2613 773318
stats: newphase 1 15
stats: size_sent 1034 305688
stats: connected 0 0
stats: 403 2 456
# stats: dump at 1402699814
stats: users 0 4
stats: {freemem,"os_mon@localhost"} 1 471.01953125 0.0 471.41015625 468.328125 470.83235143442624 61
stats: {recvpackets,"os_mon@localhost"} 1 68.0 0.0 500 16 220.4 60
stats: {sentpackets,"os_mon@localhost"} 1 112.0 0.0 750 24 331.98333333333335 60
stats: {cpu,"os_mon@localhost"} 1 1.1964107676969093 0.0 4.785643070787637 0.4995004995004995 2.291431647649468 61
stats: {load,"os_mon@localhost"} 1 0.0 0.0 0.078125 0.0 0.01652151639344262 61
stats: session 14 16.994646344866073 5.641915144343156 263.177001953125 6.94287109375 19.864188519204525 3252
stats: users_count 14 3266
stats: finish_users_count 14 3266
stats: request 13 13.82098858173077 5.065208129276996 260.7841796875 4.49609375 17.588842788452297 3252
stats: page 13 13.82098858173077 5.065208129276996 260.7841796875 4.49609375 17.588842788452297 3252
stats: connect 13 1.9193021334134615 0.24038067007495179 179.31298828125 1.055908203125 2.7257368362257846 3252
stats: tr_register 13 14.230731670673077 4.934368482750292 261.23486328125 4.946044921875 17.903789149585833 3252
stats: 200 8 2804
stats: size_rcv 3067 776385
stats: newphase 0 15
stats: size_sent 1222 306910
stats: connected 0 0
stats: 403 5 461
# stats: dump at 1402699824
stats: users 0 4
stats: {freemem,"os_mon@localhost"} 1 471.0234375 0.0 471.41015625 468.328125 470.8353704637097 62
stats: {recvpackets,"os_mon@localhost"} 1 52.0 0.0 500 16 217.9016393442623 61
stats: {sentpackets,"os_mon@localhost"} 1 76.0 0.0 750 24 328.37704918032784 61
stats: {cpu,"os_mon@localhost"} 1 1.294820717131474 0.0 4.785643070787637 0.4995004995004995 2.273770020553459 62
stats: {load,"os_mon@localhost"} 1 0.0 0.0 0.078125 0.0 0.01625504032258064 62
stats: session 5 15.71923828125 5.1599844962449 263.177001953125 6.94287109375 19.851887970998543 3266
stats: users_count 5 3271
stats: finish_users_count 5 3271
stats: request 6 15.467732747395834 6.645628840415475 260.7841796875 4.49609375 17.573840612437785 3265
stats: page 6 15.467732747395834 6.645628840415475 260.7841796875 4.49609375 17.573840612437785 3265
stats: connect 6 1.8930257161458333 0.11964787270151152 179.31298828125 1.055908203125 2.7225259170415397 3265
stats: tr_register 6 15.8408203125 6.542229420658434 261.23486328125 4.946044921875 17.889164418429367 3265
stats: 200 4 2808
stats: size_rcv 1418 777803
stats: newphase 0 15
stats: size_sent 564 307474
stats: connected 0 0
stats: 403 2 463
# stats: dump at 1402699834
stats: users 1 4
stats: {freemem,"os_mon@localhost"} 1 471.03125 0.0 471.41015625 468.328125 470.8383556547619 63
stats: {recvpackets,"os_mon@localhost"} 1 24.0 0.0 500 16 215.2258064516129 62
stats: {sentpackets,"os_mon@localhost"} 1 36.0 0.0 750 24 324.30645161290323 62
stats: {cpu,"os_mon@localhost"} 1 0.5988023952095809 0.0 4.785643070787637 0.4995004995004995 2.258231142721364 63
stats: {load,"os_mon@localhost"} 1 0.0 0.0 0.078125 0.0 0.015997023809523805 63
stats: session 46 17.86555812669837 6.188210899083576 263.177001953125 6.94287109375 19.84557086661189 3271
stats: users_count 47 3318
stats: finish_users_count 46 3317
stats: request 43 15.480429006177326 6.353497647647257 260.7841796875 4.49609375 17.569977375754736 3271
stats: page 43 15.480429006177326 6.353497647647257 260.7841796875 4.49609375 17.569977375754736 3271
stats: connect 43 1.7955804869186047 0.8411871795475252 179.31298828125 1.055908203125 2.721004363631153 3271
stats: tr_register 43 15.834699763808139 6.248634936587475 261.23486328125 4.946044921875 17.885407137892656 3271
stats: 200 31 2839
stats: size_rcv 10186 787989
stats: newphase 1 16
stats: size_sent 4042 311516
stats: connected 0 0
stats: 403 12 475
# stats: dump at 1402699844
stats: users 0 4
stats: {freemem,"os_mon@localhost"} 1 471.05078125 0.0 471.41015625 468.328125 470.84136962890625 64
stats: {recvpackets,"os_mon@localhost"} 1 376.0 0.0 500 16 212.1904761904762 63
stats: {sentpackets,"os_mon@localhost"} 1 565.0 0.0 750 24 319.73015873015873 63
stats: {cpu,"os_mon@localhost"} 1 3.493013972055888 0.0 4.785643070787637 0.4995004995004995 2.2323025685414923 64
stats: {load,"os_mon@localhost"} 1 0.0 0.0 0.078125 0.0 0.015747070312499997 64
stats: session 106 17.910515551297166 6.186781103657089 263.177001953125 6.94287109375 19.81811214305566 3317
stats: users_count 105 3423
stats: finish_users_count 106 3423
stats: request 109 15.571515284547017 6.163693696548008 260.7841796875 4.49609375 17.542864949716165 3314
stats: page 109 15.571515284547017 6.163693696548008 260.7841796875 4.49609375 17.542864949716165 3314
stats: connect 109 1.6149454379300459 0.23899667851312484 179.31298828125 1.055908203125 2.7089967514710325 3314
stats: tr_register 109 15.880006002723615 6.087314804250596 261.23486328125 4.946044921875 17.85879868373284 3314
stats: 200 82 2921
stats: size_rcv 25842 813831
stats: newphase 0 16
stats: size_sent 10246 321762
stats: connected 0 0
stats: 403 27 502
# stats: dump at 1402699854
stats: users 1 4
stats: {freemem,"os_mon@localhost"} 1 471.0625 0.0 471.41015625 468.328125 470.84459134615383 65
stats: {recvpackets,"os_mon@localhost"} 1 388.0 0.0 500 16 214.75 64
stats: {sentpackets,"os_mon@localhost"} 1 587.0 0.0 750 24 323.5625 64
stats: {cpu,"os_mon@localhost"} 1 3.1936127744510974 0.0 4.785643070787637 0.4995004995004995 2.2516981285955597 65
stats: {load,"os_mon@localhost"} 1 0.0 0.0 0.078125 0.0 0.01550480769230769 65
stats: session 100 17.024416503906256 6.351581849494073 263.177001953125 6.94287109375 19.75903962224748 3423
stats: users_count 101 3524
stats: finish_users_count 100 3523
stats: request 100 14.7121923828125 6.454618776262597 260.7841796875 4.49609375 17.48009044971516 3423
stats: page 100 14.7121923828125 6.454618776262597 260.7841796875 4.49609375 17.48009044971516 3423
stats: connect 100 1.5615112304687502 0.2193214075399994 179.31298828125 1.055908203125 2.6741584245134025 3423
stats: tr_register 100 15.03097412109375 6.362553891425396 261.23486328125 4.946044921875 17.795787172710344 3423
stats: 200 68 2989
stats: size_rcv 23664 837495
stats: newphase 0 16
stats: size_sent 9400 331162
stats: connected 0 0
stats: 403 32 534
# stats: dump at 1402699864
stats: users 0 4
stats: {freemem,"os_mon@localhost"} 1 471.07421875 0.0 471.41015625 468.328125 470.84789299242425 66
stats: {recvpackets,"os_mon@localhost"} 1 384.0 0.0 500 16 217.41538461538462 65
stats: {sentpackets,"os_mon@localhost"} 1 582.0 0.0 750 24 327.61538461538464 65
stats: {cpu,"os_mon@localhost"} 1 3.48605577689243 0.0 4.785643070787637 0.4995004995004995 2.265969562623674 66
stats: {load,"os_mon@localhost"} 1 0.0 0.0 0.078125 0.0 0.01526988636363636 66
stats: session 95 17.594551809210525 5.495686760333865 263.177001953125 6.94287109375 19.68141762059147 3523
stats: users_count 94 3618
stats: finish_users_count 95 3618
stats: request 94 15.278063185671543 5.593970061530924 260.7841796875 4.49609375 17.40152394199723 3523
stats: page 94 15.278063185671543 5.593970061530924 260.7841796875 4.49609375 17.40152394199723 3523
stats: connect 94 1.700205701462766 0.5194435514466701 179.31298828125 1.055908203125 2.6425760460278886 3523
stats: tr_register 94 15.600718396775266 5.51610081710898 261.23486328125 4.946044921875 17.717308232840445 3523
stats: 200 71 3060
stats: size_rcv 22289 859784
stats: newphase 0 16
stats: size_sent 8836 339998
stats: connected 0 0
stats: 403 23 557
# stats: dump at 1402699874
stats: users 0 4
stats: {freemem,"os_mon@localhost"} 1 470.8671875 0.0 471.41015625 468.328125 470.851270988806 67
stats: {recvpackets,"os_mon@localhost"} 1 458.0 0.0 500 16 219.93939393939394 66
stats: {sentpackets,"os_mon@localhost"} 1 682.0 0.0 750 24 331.469696969697 66
stats: {cpu,"os_mon@localhost"} 1 4.261645193260654 0.0 4.785643070787637 0.4995004995004995 2.2841798046276853 67
stats: {load,"os_mon@localhost"} 1 0.0 0.0 0.078125 0.0 0.015041977611940295 67
stats: session 110 17.11560724431818 5.976315008805046 263.177001953125 6.94287109375 19.62662153101679 3618
stats: users_count 110 3728
stats: finish_users_count 110 3728
stats: request 111 14.841117240287161 6.053975247134426 260.7841796875 4.49609375 17.34633861960447 3617
stats: page 111 14.841117240287161 6.053975247134426 260.7841796875 4.49609375 17.34633861960447 3617
stats: connect 111 1.7067695136542795 0.2733503415577881 179.31298828125 1.055908203125 2.6180853597162708 3617
stats: tr_register 111 15.196819133586711 5.9547613746556545 261.23486328125 4.946044921875 17.66230147459048 3617
stats: 200 77 3137
stats: size_rcv 26269 886053
stats: newphase 0 16
stats: size_sent 10434 350432
stats: connected 0 0
stats: 403 34 591
# stats: dump at 1402699884
stats: users 0 4
stats: {freemem,"os_mon@localhost"} 1 470.76171875 0.0 471.41015625 468.328125 470.8515050551471 68
stats: {recvpackets,"os_mon@localhost"} 1 387.0 0.0 500 16 223.49253731343285 67
stats: {sentpackets,"os_mon@localhost"} 1 577.0 0.0 750 24 336.7014925373134 67
stats: {cpu,"os_mon@localhost"} 1 3.493013972055888 0.0 4.785643070787637 0.4995004995004995 2.313260177989935 68
stats: {load,"os_mon@localhost"} 1 0.0 0.0 0.078125 0.0 0.014820772058823525 68
stats: session 104 16.769251896784873 5.151141068134783 263.177001953125 6.94287109375 19.552530444231156 3728
stats: users_count 104 3832
stats: finish_users_count 104 3832
stats: request 103 14.446865044751213 5.281339333972913 260.7841796875 4.49609375 17.27174645943703 3728
stats: page 103 14.446865044751213 5.281339333972913 260.7841796875 4.49609375 17.27174645943703 3728
stats: connect 103 1.6299681432038835 0.22734232850120925 179.31298828125 1.055908203125 2.5909512237417855 3728
stats: tr_register 103 14.77658525485437 5.172524423370569 261.23486328125 4.946044921875 17.588892531497283 3728
stats: 200 73 3210
stats: size_rcv 24391 910444
stats: newphase 0 16
stats: size_sent 9682 360114
stats: connected 0 0
stats: 403 30 621
# stats: dump at 1402699894
stats: users 0 4
stats: {freemem,"os_mon@localhost"} 1 470.77734375 0.0 471.41015625 468.328125 470.8502038043478 69
stats: {recvpackets,"os_mon@localhost"} 1 428.0 0.0 500 16 225.89705882352942 68
stats: {sentpackets,"os_mon@localhost"} 1 642.0 0.0 750 24 340.2352941176471 68
stats: {cpu,"os_mon@localhost"} 1 3.688933200398804 0.0 4.785643070787637 0.4995004995004995 2.330358059063354 69
stats: {load,"os_mon@localhost"} 1 0.0 0.0 0.078125 0.0 0.014605978260869562 69
stats: session 51 15.93051566329657 5.068389276368608 263.177001953125 6.94287109375 19.476992613089607 3832
stats: users_count 51 3883
stats: finish_users_count 51 3883
stats: request 52 13.703017014723558 5.156942567666703 260.7841796875 4.49609375 17.195796893863385 3831
stats: page 52 13.703017014723558 5.156942567666703 260.7841796875 4.49609375 17.195796893863385 3831
stats: connect 52 1.6147977388822115 0.20143893927621734 179.31298828125 1.055908203125 2.565114299362928 3831
stats: tr_register 52 14.043602576622597 5.062813511235553 261.23486328125 4.946044921875 17.513281033325992 3831
stats: 200 34 3244
stats: size_rcv 12294 922738
stats: newphase 1 17
stats: size_sent 4888 365002
stats: connected 0 0
stats: 403 18 639
# stats: dump at 1402699904
stats: users 0 4
stats: {freemem,"os_mon@localhost"} 1 470.796875 0.0 471.41015625 468.328125 470.8491629464286 70
stats: {recvpackets,"os_mon@localhost"} 1 52.0 0.0 500 16 228.82608695652175 69
stats: {sentpackets,"os_mon@localhost"} 1 84.0 0.0 750 24 344.60869565217394 69
stats: {cpu,"os_mon@localhost"} 1 1.0934393638170974 0.0 4.785643070787637 0.4995004995004995 2.3497662753681463 70
stats: {load,"os_mon@localhost"} 1 0.0 0.0 0.078125 0.0 0.014397321428571426 70
stats: session 13 18.77216045673077 3.0389122546248895 263.177001953125 6.94287109375 19.430412565590395 3883
stats: users_count 13 3896
stats: finish_users_count 13 3896
stats: request 13 16.523907001201923 3.120907118370255 260.7841796875 4.49609375 17.149022607560198 3883
stats: page 13 16.523907001201923 3.120907118370255 260.7841796875 4.49609375 17.149022607560198 3883
stats: connect 13 1.7061861478365385 0.20066679188067138 179.31298828125 1.055908203125 2.5523879380070182 3883
stats: tr_register 13 16.837796724759617 3.047339235920714 261.23486328125 4.946044921875 17.466816114513584 3883
stats: 200 11 3255
stats: size_rcv 3089 925827
stats: newphase 0 17
stats: size_sent 1222 366224
stats: connected 0 0
stats: 403 2 641
# stats: dump at 1402699914
stats: users 0 4
stats: {freemem,"os_mon@localhost"} 1 470.6875 0.0 471.41015625 468.328125 470.84842649647885 71
stats: {recvpackets,"os_mon@localhost"} 1 70.0 0.0 500 16 226.3 70
stats: {sentpackets,"os_mon@localhost"} 1 107.0 0.0 750 24 340.8857142857143 70
stats: {cpu,"os_mon@localhost"} 1 1.2974051896207583 0.0 4.785643070787637 0.4995004995004995 2.3320715301350328 71
stats: {load,"os_mon@localhost"} 1 0.0 0.0 0.078125 0.0 0.014194542253521123 71
stats: session 8 18.470733642578125 3.4794628163216084 263.177001953125 6.94287109375 19.42821613914913 3896
stats: users_count 8 3904
stats: finish_users_count 8 3904
stats: request 8 16.2177734375 3.5563340932192165 260.7841796875 4.49609375 17.14693674953077 3896
stats: page 8 16.2177734375 3.5563340932192165 260.7841796875 4.49609375 17.14693674953077 3896
stats: connect 8 1.664703369140625 0.15210964788188075 179.31298828125 1.055908203125 2.54956436940532 3896
stats: tr_register 8 16.536956787109375 3.4761107460660923 261.23486328125 4.946044921875 17.464717230512864 3896
stats: 200 7 3262
stats: size_rcv 1902 927729
stats: newphase 0 17
stats: size_sent 752 366976
stats: connected 0 0
stats: 403 1 642
# stats: dump at 1402699918
stats: users 0 4
stats: {freemem,"os_mon@localhost"} 0 0 0 471.41015625 468.328125 470.84619140625 72
stats: {recvpackets,"os_mon@localhost"} 0 0 0 500 16 224.09859154929578 71
stats: {sentpackets,"os_mon@localhost"} 0 0 0 750 24 337.59154929577466 71
stats: {cpu,"os_mon@localhost"} 0 0 0 4.785643070787637 0.4995004995004995 2.317701164294556 72
stats: {load,"os_mon@localhost"} 0 0 0 0.078125 0.0 0.01399739583333333 72
stats: session 0 0 0 263.177001953125 6.94287109375 19.426254084852875 3904
stats: users_count 0 3904
stats: finish_users_count 0 3904
stats: request 0 0 0 260.7841796875 4.49609375 17.14503272635038 3904
stats: page 0 0 0 260.7841796875 4.49609375 17.14503272635038 3904
stats: connect 0 0 0 179.31298828125 1.055908203125 2.5477511296506794 3904
stats: tr_register 0 0 0 261.23486328125 4.946044921875 17.46281608206327 3904
stats: 200 0 3262
stats: size_rcv 0 927729
stats: newphase 0 17
stats: size_sent 0 366976
stats: connected 0 0
stats: 403 0 642
EndMonitor:{1402,699918,116726}
