# stats: dump at 1402682349
stats: users 0 2
stats: session 12 56.93743896484375 35.18178736225621 173.240966796875 43.51806640625 0 0
stats: users_count 12 12
stats: finish_users_count 12 12
stats: request 11 54.47063654119318 36.79898870613267 170.755126953125 41.031982421875 0 0
stats: connect 11 17.234996448863637 7.659427698446992 41.322998046875 13.81884765625 0 0
stats: page 11 54.47063654119318 36.79898870613267 170.755126953125 41.031982421875 0 0
stats: tr_register 11 55.79507723721591 36.625261431773936 171.244873046875 41.531982421875 0 0
stats: 200 11 11
stats: size_rcv 2628 2628
stats: size_sent 1034 1034
stats: connected 0 0
# stats: dump at 1402682359
stats: users 0 2
stats: {freemem,"os_mon@localhost"} 1 6507.0546875 0 6507.0546875 6507.0546875 0 0
stats: {cpu,"os_mon@localhost"} 1 1.5022533800701052 0 1.5022533800701052 1.5022533800701052 0 0
stats: {load,"os_mon@localhost"} 1 0.03125 0 0.03125 0.03125 0 0
stats: session 13 48.11307466947115 5.049648000820165 173.240966796875 42.281005859375 56.93743896484375 12
stats: users_count 13 25
stats: finish_users_count 13 25
stats: page 13 45.00277944711539 4.639091819911943 170.755126953125 39.795166015625 54.47063654119318 11
stats: tr_register 13 45.50775615985577 4.635079648099275 171.244873046875 40.327880859375 55.79507723721591 11
stats: request 13 45.00277944711539 4.639091819911943 170.755126953125 39.795166015625 54.47063654119318 11
stats: 200 13 24
stats: connect 13 16.911790114182693 3.4590229136292447 41.322998046875 13.81884765625 17.234996448863637 11
stats: size_rcv 3101 5729
stats: size_sent 1222 2256
stats: connected 0 0
# stats: dump at 1402682369
stats: users 0 2
stats: {freemem,"os_mon@localhost"} 1 6504.265625 0.0 6507.0546875 6504.265625 6507.0546875 1
stats: {recvpackets,"os_mon@localhost"} 1 79 0 79 79 0 0
stats: {sentpackets,"os_mon@localhost"} 1 105 0 105 105 0 0
stats: {cpu,"os_mon@localhost"} 1 1.4812955059000754 0.0 1.5022533800701052 1.4812955059000754 1.5022533800701052 1
stats: {load,"os_mon@localhost"} 1 0.01953125 0.0 0.03125 0.01953125 0.03125 1
stats: session 5 46.338623046875 2.7274418153509483 173.240966796875 42.281005859375 52.34876953125 25
stats: users_count 5 30
stats: finish_users_count 5 30
stats: tr_register 6 45.726806640625 4.070342624525983 171.244873046875 40.327880859375 50.2227783203125 24
stats: request 6 45.197957356770836 4.059597586173426 170.755126953125 39.795166015625 49.34221394856771 24
stats: 200 6 30
stats: page 6 45.197957356770836 4.059597586173426 170.755126953125 39.795166015625 49.34221394856771 24
stats: connect 6 15.730550130208334 2.1635631378386715 41.322998046875 13.748046875 17.059926350911457 24
stats: size_rcv 1433 7162
stats: size_sent 564 2820
stats: connected 0 0
# stats: dump at 1402682379
stats: users 0 3
stats: {freemem,"os_mon@localhost"} 1 6504.06640625 0.0 6507.0546875 6504.06640625 6505.66015625 2
stats: {recvpackets,"os_mon@localhost"} 1 31.0 0.0 79 31 79.0 1
stats: {sentpackets,"os_mon@localhost"} 1 39.0 0.0 105 39 105.0 1
stats: {cpu,"os_mon@localhost"} 1 0.9528585757271816 0.0 1.5022533800701052 0.9528585757271816 1.4917744429850903 2
stats: {load,"os_mon@localhost"} 1 0.01953125 0.0 0.03125 0.01953125 0.025390625 2
stats: session 29 48.80274279364224 5.37479194946749 173.240966796875 42.281005859375 51.34707845052083 30
stats: users_count 29 59
stats: finish_users_count 29 59
stats: request 24 47.05229695638021 5.501315214293796 170.755126953125 39.795166015625 48.513362630208334 30
stats: tr_register 24 47.6029052734375 5.508863603114318 171.244873046875 40.327880859375 49.323583984375 30
stats: page 24 47.05229695638021 5.501315214293796 170.755126953125 39.795166015625 48.513362630208334 30
stats: connect 24 16.670420328776043 2.663211568664386 41.322998046875 13.748046875 16.794051106770834 30
stats: 200 24 54
stats: size_rcv 5713 12875
stats: newphase 1 1
stats: size_sent 2256 5076
stats: connected 0 0
# stats: dump at 1402682389
stats: users 0 3
stats: {freemem,"os_mon@localhost"} 1 6504.4296875 0.0 6507.0546875 6504.06640625 6505.12890625 3
stats: {recvpackets,"os_mon@localhost"} 1 192.0 0.0 192 31 55.0 2
stats: {sentpackets,"os_mon@localhost"} 1 284.0 0.0 284 39 72.0 2
stats: {cpu,"os_mon@localhost"} 1 1.702127659574468 0.0 1.702127659574468 0.9528585757271816 1.3121358205657874 3
stats: {load,"os_mon@localhost"} 1 0.01953125 0.0 0.03125 0.01953125 0.0234375 3
stats: session 87 45.39189340876437 2.3931407866122383 173.240966796875 41.942138671875 50.09647278866525 59
stats: users_count 87 146
stats: finish_users_count 87 146
stats: request 89 42.89501130179074 2.407786808427834 170.755126953125 39.448974609375 47.86400010850694 54
stats: page 89 42.89501130179074 2.407786808427834 170.755126953125 39.448974609375 47.86400010850694 54
stats: connect 89 15.136828476123595 1.8664283251080438 41.322998046875 13.31982421875 16.739104094328702 54
stats: 200 89 143
stats: tr_register 89 43.409969715589895 2.4036923710781246 171.244873046875 39.947998046875 48.558837890625 54
stats: size_rcv 21228 34103
stats: newphase 0 1
stats: size_sent 8366 13442
stats: connected 0 0
# stats: dump at 1402682399
stats: users 2 3
stats: {freemem,"os_mon@localhost"} 1 6504.3046875 0.0 6507.0546875 6504.06640625 6504.9541015625 4
stats: {recvpackets,"os_mon@localhost"} 1 357.0 0.0 357 31 100.66666666666667 3
stats: {sentpackets,"os_mon@localhost"} 1 534.0 0.0 534 39 142.66666666666666 3
stats: {cpu,"os_mon@localhost"} 1 1.7561465127947817 0.0 1.7561465127947817 0.9528585757271816 1.4096337803179575 4
stats: {load,"os_mon@localhost"} 1 0.01171875 0.0 0.03125 0.01171875 0.0224609375 4
stats: session 93 44.88824922295027 2.9513106056444176 173.240966796875 41.721923828125 47.29305904858733 146
stats: users_count 95 241
stats: finish_users_count 93 239
stats: request 93 42.280155304939534 2.7981059225280607 170.755126953125 39.10595703125 44.771412669361894 143
stats: page 93 42.280155304939534 2.7981059225280607 170.755126953125 39.10595703125 44.771412669361894 143
stats: connect 93 14.554850260416666 0.7812362237624912 41.322998046875 13.303955078125 15.741883604676573 143
stats: tr_register 93 42.78900737147178 2.803613761882074 171.244873046875 39.666015625 45.35429755791084 143
stats: 200 93 236
stats: size_rcv 22197 56300
stats: newphase 0 1
stats: size_sent 8742 22184
stats: connected 0 0
# stats: dump at 1402682409
stats: users 0 3
stats: {freemem,"os_mon@localhost"} 1 6502.6796875 0.0 6507.0546875 6502.6796875 6504.82421875 5
stats: {recvpackets,"os_mon@localhost"} 1 416.0 0.0 416 31 164.75 4
stats: {sentpackets,"os_mon@localhost"} 1 595.0 0.0 595 39 240.5 4
stats: {cpu,"os_mon@localhost"} 1 2.415702063412179 0.0 2.415702063412179 0.9528585757271816 1.4789363268133224 5
stats: {load,"os_mon@localhost"} 1 0.01171875 0.0 0.03125 0.01171875 0.0203125 5
stats: session 85 49.255198759191174 26.58381412174497 252.90478515625 32.5029296875 46.35729622940638 239
stats: users_count 83 324
stats: finish_users_count 85 324
stats: request 86 46.684127452761615 26.467622843837937 250.447998046875 29.815185546875 43.78968836897512 236
stats: page 86 46.684127452761615 26.467622843837937 250.447998046875 29.815185546875 43.78968836897512 236
stats: connect 86 15.729881109193315 6.970633140289545 75.9970703125 13.013916015625 15.274111990201272 236
stats: tr_register 86 47.20012434138808 26.452122863621558 250.910888671875 30.560791015625 44.343399306475106 236
stats: 200 86 322
stats: size_rcv 20469 76769
stats: newphase 0 1
stats: size_sent 8084 30268
stats: connected 0 0
# stats: dump at 1402682419
stats: users 0 4
stats: {freemem,"os_mon@localhost"} 1 6518.21484375 0.0 6518.21484375 6502.6796875 6504.466796875 6
stats: {recvpackets,"os_mon@localhost"} 1 415.0 0.0 416 31 215.0 5
stats: {sentpackets,"os_mon@localhost"} 1 588.0 0.0 595 39 311.4 5
stats: {cpu,"os_mon@localhost"} 1 3.905858788182273 0.0 3.905858788182273 0.9528585757271816 1.6350639495797985 6
stats: {load,"os_mon@localhost"} 1 0.01171875 0.0 0.03125 0.01171875 0.018880208333333332 6
stats: session 95 45.171728515625 3.5199316618085885 252.90478515625 32.5029296875 47.11754843629437 324
stats: users_count 95 419
stats: finish_users_count 95 419
stats: request 95 42.8653166118421 3.3908943914185055 250.447998046875 29.815185546875 44.56273731681872 322
stats: 200 95 417
stats: tr_register 95 43.3606625205592 3.3862483828680783 250.910888671875 30.560791015625 45.106375558035715 322
stats: connect 95 14.892454769736842 1.2806878595737514 75.9970703125 13.013916015625 15.395839146205358 322
stats: page 95 42.8653166118421 3.3908943914185055 250.447998046875 29.815185546875 44.56273731681872 322
stats: size_rcv 22672 99441
stats: newphase 0 1
stats: size_sent 8930 39198
stats: connected 0 0
# stats: dump at 1402682429
stats: users 0 4
stats: {freemem,"os_mon@localhost"} 1 6426.28515625 0.0 6518.21484375 6426.28515625 6506.430803571428 7
stats: {recvpackets,"os_mon@localhost"} 1 635.0 0.0 635 31 248.33333333333334 6
stats: {sentpackets,"os_mon@localhost"} 1 831.0 0.0 831 39 357.5 6
stats: {cpu,"os_mon@localhost"} 1 13.323278029160383 0.0 13.323278029160383 0.9528585757271816 1.959463212237295 7
stats: {load,"os_mon@localhost"} 1 0.171875 0.0 0.171875 0.01171875 0.017857142857142856 7
stats: session 118 52.971416925979874 91.4094096787749 1041.073974609375 32.29296875 46.676372081965994 419
stats: users_count 118 537
stats: finish_users_count 118 537
stats: tr_register 119 50.83804859834559 91.04025904211144 1039.10009765625 30.338134765625 44.708671149018286 417
stats: request 119 50.4229623490021 91.04853694660962 1038.764892578125 29.677001953125 44.176034758130996 417
stats: page 119 50.4229623490021 91.04853694660962 1038.764892578125 29.677001953125 44.176034758130996 417
stats: connect 119 22.903168493960084 90.99698526988934 1011.326904296875 12.97802734375 15.281159252285672 417
stats: 200 119 536
stats: size_rcv 28340 127781
stats: newphase 0 1
stats: size_sent 11186 50384
stats: connected 0 0
# stats: dump at 1402682439
stats: users 0 4
stats: {freemem,"os_mon@localhost"} 1 6417.41796875 0.0 6518.21484375 6417.41796875 6496.41259765625 8
stats: {recvpackets,"os_mon@localhost"} 1 1777.0 0.0 1777 31 303.57142857142856 7
stats: {sentpackets,"os_mon@localhost"} 1 1423.0 0.0 1423 39 425.14285714285717 7
stats: {cpu,"os_mon@localhost"} 1 20.472243154986185 0.0 20.472243154986185 0.9528585757271816 3.379940064352681 8
stats: {load,"os_mon@localhost"} 1 0.21875 0.0 0.21875 0.01171875 0.037109375 8
stats: session 54 46.382649739583336 5.945241708510871 1041.073974609375 32.29296875 48.05964078139549 537
stats: users_count 54 591
stats: finish_users_count 54 591
stats: request 55 43.847731711647725 5.9049668033958005 1038.764892578125 29.677001953125 45.562945921029616 536
stats: tr_register 55 44.305903764204544 5.909651193489217 1039.10009765625 30.338134765625 46.06948442601446 536
stats: page 55 43.847731711647725 5.9049668033958005 1038.764892578125 29.677001953125 45.562945921029616 536
stats: 200 55 591
stats: connect 55 15.753235973011366 2.735076467220353 1011.326904296875 12.97802734375 16.973359065269356 536
stats: size_rcv 13100 140881
stats: newphase 1 2
stats: size_sent 5170 55554
stats: connected 0 0
# stats: dump at 1402682449
stats: users 0 4
stats: {freemem,"os_mon@localhost"} 1 6435.9296875 0.0 6518.21484375 6417.41796875 6487.635416666667 9
stats: {recvpackets,"os_mon@localhost"} 1 1976.0 0.0 1976 31 487.75 8
stats: {sentpackets,"os_mon@localhost"} 1 1087.0 0.0 1423 39 549.875 8
stats: {cpu,"os_mon@localhost"} 1 7.837701612903227 0.0 20.472243154986185 0.9528585757271816 5.279084852200849 9
stats: {load,"os_mon@localhost"} 1 0.33984375 0.0 0.33984375 0.01171875 0.057291666666666664 9
stats: session 14 44.159371512276785 3.146230375226887 1041.073974609375 32.29296875 47.906413173514174 591
stats: users_count 14 605
stats: finish_users_count 14 605
stats: page 14 41.639822823660715 3.169161110617232 1038.764892578125 29.677001953125 45.40332361728004 591
stats: connect 14 14.555908203125 0.762675322582418 1011.326904296875 12.97802734375 16.859811230964468 591
stats: tr_register 14 42.144583565848215 3.158543057506621 1039.10009765625 30.338134765625 45.9053610141709 591
stats: request 14 41.639822823660715 3.169161110617232 1038.764892578125 29.677001953125 45.40332361728004 591
stats: 200 14 605
stats: size_rcv 3331 144212
stats: newphase 0 2
stats: size_sent 1316 56870
stats: connected 0 0
# stats: dump at 1402682459
stats: users 0 4
stats: {freemem,"os_mon@localhost"} 1 6432.0 0.0 6518.21484375 6417.41796875 6482.46484375 10
stats: {recvpackets,"os_mon@localhost"} 1 1965.0 0.0 1976 31 653.1111111111111 9
stats: {sentpackets,"os_mon@localhost"} 1 976.0 0.0 1423 39 609.5555555555555 9
stats: {cpu,"os_mon@localhost"} 1 5.71573090541224 0.0 20.472243154986185 0.9528585757271816 5.534946528271086 10
stats: {load,"os_mon@localhost"} 1 0.2890625 0.0 0.33984375 0.01171875 0.085546875 10
stats: session 12 43.89208984375 3.537462359768456 1041.073974609375 32.29296875 47.81970477143596 605
stats: users_count 12 617
stats: finish_users_count 12 617
stats: request 11 41.28777521306818 3.6578679392901576 1038.764892578125 29.677001953125 45.316234342716946 605
stats: page 11 41.28777521306818 3.6578679392901576 1038.764892578125 29.677001953125 45.316234342716946 605
stats: 200 11 616
stats: connect 11 14.762096058238637 1.083602957458624 1011.326904296875 12.97802734375 16.806497772469008 605
stats: tr_register 11 41.83027787642045 3.6841881708368556 1039.10009765625 30.338134765625 45.818334759168394 605
stats: size_rcv 2611 146823
stats: newphase 0 2
stats: size_sent 1034 57904
stats: connected 0 0
# stats: dump at 1402682469
stats: users 0 4
stats: {freemem,"os_mon@localhost"} 1 6438.15625 0.0 6518.21484375 6417.41796875 6477.877130681818 11
stats: {recvpackets,"os_mon@localhost"} 1 1845.0 0.0 1976 31 784.3 10
stats: {sentpackets,"os_mon@localhost"} 1 871.0 0.0 1423 39 646.2 10
stats: {cpu,"os_mon@localhost"} 1 3.6165907941325237 0.0 20.472243154986185 0.9528585757271816 5.551381471647554 11
stats: {load,"os_mon@localhost"} 1 0.23828125 0.0 0.33984375 0.01171875 0.10404829545454546 11
stats: session 3 41.255045572916664 4.040225927424457 1041.073974609375 32.29296875 47.743316798774316 617
stats: users_count 3 620
stats: finish_users_count 3 620
stats: 200 4 620
stats: request 4 39.52569580078125 3.8784806876674542 1038.764892578125 29.677001953125 45.244297572544646 616
stats: page 4 39.52569580078125 3.8784806876674542 1038.764892578125 29.677001953125 45.244297572544646 616
stats: connect 4 14.75323486328125 0.49956050198304686 1011.326904296875 12.97802734375 16.769990599000607 616
stats: tr_register 4 40.05078125 3.763295913550516 1039.10009765625 30.338134765625 45.74711945769075 616
stats: size_rcv 941 147764
stats: newphase 1 3
stats: size_sent 376 58280
stats: connected 0 0
# stats: dump at 1402682479
stats: users 0 4
stats: {freemem,"os_mon@localhost"} 1 6422.10546875 0.0 6518.21484375 6417.41796875 6474.567057291667 12
stats: {recvpackets,"os_mon@localhost"} 1 1863.0 0.0 1976 31 880.7272727272727 11
stats: {sentpackets,"os_mon@localhost"} 1 849.0 0.0 1423 39 666.6363636363636 11
stats: {cpu,"os_mon@localhost"} 1 4.3335852859662385 0.0 20.472243154986185 0.9528585757271816 5.390148915187968 12
stats: {load,"os_mon@localhost"} 1 0.2109375 0.0 0.33984375 0.01171875 0.115234375 12
stats: session 8 46.464385986328125 3.9534719232713025 1041.073974609375 32.29296875 47.71192193800404 620
stats: users_count 8 628
stats: finish_users_count 8 628
stats: page 8 43.903289794921875 3.9286680272551737 1038.764892578125 29.677001953125 45.20740336756553 620
stats: request 8 43.903289794921875 3.9286680272551737 1038.764892578125 29.677001953125 45.20740336756553 620
stats: connect 8 15.430999755859375 1.5261824011531209 1011.326904296875 12.97802734375 16.756979271673387 620
stats: tr_register 8 44.423004150390625 3.9373783610066804 1039.10009765625 30.338134765625 45.710368888608876 620
stats: 200 8 628
stats: size_rcv 1909 149673
stats: newphase 0 3
stats: size_sent 752 59032
stats: connected 0 0
# stats: dump at 1402682489
stats: users 0 4
stats: {freemem,"os_mon@localhost"} 1 6421.83984375 0.0 6518.21484375 6417.41796875 6470.5315504807695 13
stats: {recvpackets,"os_mon@localhost"} 1 1899.0 0.0 1976 31 962.5833333333334 12
stats: {sentpackets,"os_mon@localhost"} 1 947.0 0.0 1423 39 681.8333333333334 12
stats: {cpu,"os_mon@localhost"} 1 2.59249937075258 0.0 20.472243154986185 0.9528585757271816 5.30887478986322 13
stats: {load,"os_mon@localhost"} 1 0.1796875 0.0 0.33984375 0.01171875 0.12259615384615384 13
stats: session 12 42.40679931640625 3.7803064988862745 1041.073974609375 32.29296875 47.696029760275685 628
stats: users_count 12 640
stats: finish_users_count 12 640
stats: request 12 39.886759440104164 3.830585718872755 1038.764892578125 29.677001953125 45.190790455812106 628
stats: page 12 39.886759440104164 3.830585718872755 1038.764892578125 29.677001953125 45.190790455812106 628
stats: connect 12 14.369893391927084 0.6001853906327436 1011.326904296875 12.97802734375 16.74008781287321 628
stats: 200 12 640
stats: tr_register 12 40.40447998046875 3.8282549545716 1039.10009765625 30.338134765625 45.69396933780355 628
stats: size_rcv 2838 152511
stats: newphase 0 3
stats: size_sent 1128 60160
stats: connected 0 0
# stats: dump at 1402682499
stats: users 0 4
stats: {freemem,"os_mon@localhost"} 1 6421.51171875 0.0 6518.21484375 6417.41796875 6467.053571428572 14
stats: {recvpackets,"os_mon@localhost"} 1 1967.0 0.0 1976 31 1034.6153846153845 13
stats: {sentpackets,"os_mon@localhost"} 1 970.0 0.0 1423 39 702.2307692307693 13
stats: {cpu,"os_mon@localhost"} 1 2.217741935483871 0.0 20.472243154986185 0.9528585757271816 5.114847974212459 14
stats: {load,"os_mon@localhost"} 1 0.1484375 0.0 0.33984375 0.01171875 0.12667410714285715 14
stats: session 23 42.94809358016305 2.6768624857406897 1041.073974609375 32.29296875 47.59685668945313 640
stats: users_count 23 663
stats: finish_users_count 23 663
stats: request 22 40.33782404119319 2.7025083931913536 1038.764892578125 29.677001953125 45.09133987426758 640
stats: connect 23 14.411568019701088 0.7077257389566363 1011.326904296875 12.97802734375 16.695646667480467 640
stats: page 22 40.33782404119319 2.7025083931913536 1038.764892578125 29.677001953125 45.09133987426758 640
stats: 200 22 662
stats: tr_register 22 40.82953435724432 2.67820813455936 1039.10009765625 30.338134765625 45.59479141235352 640
stats: size_rcv 5223 157734
stats: newphase 1 4
stats: size_sent 2162 62322
stats: connected 1 1
# stats: dump at 1402682509
stats: users 0 4
stats: {freemem,"os_mon@localhost"} 1 6423.5 0.0 6518.21484375 6417.41796875 6464.017447916666 15
stats: {recvpackets,"os_mon@localhost"} 1 1984.0 0.0 1984 31 1101.2142857142856 14
stats: {sentpackets,"os_mon@localhost"} 1 1101.0 0.0 1423 39 721.3571428571429 14
stats: {cpu,"os_mon@localhost"} 1 4.399195575666164 0.0 20.472243154986185 0.9528585757271816 4.921707571630553 15
stats: {load,"os_mon@localhost"} 1 0.12890625 0.0 0.33984375 0.01171875 0.128125 15
stats: session 110 46.7652499112216 21.557488422219098 1041.073974609375 31.3369140625 47.43558738098606 663
stats: users_count 110 773
stats: finish_users_count 110 773
stats: request 109 44.27674571745986 21.65352731249479 1038.764892578125 29.05615234375 44.93336804899925 662
stats: connect 108 14.919702600549769 1.2866449876786021 1011.326904296875 12.97802734375 16.61641015330411 663
stats: page 109 44.27674571745986 21.65352731249479 1038.764892578125 29.05615234375 44.93336804899925 662
stats: tr_register 109 44.749363890481646 21.647277167373293 1039.10009765625 29.35009765625 45.436429395416354 662
stats: 200 109 771
stats: size_rcv 25918 183652
stats: newphase 0 4
stats: size_sent 10152 72474
stats: connected -1 0
# stats: dump at 1402682519
stats: users 0 4
stats: {freemem,"os_mon@localhost"} 1 6405.6640625 0.0 6518.21484375 6405.6640625 6461.485107421875 16
stats: {recvpackets,"os_mon@localhost"} 1 2215.0 0.0 2215 31 1160.0666666666666 15
stats: {sentpackets,"os_mon@localhost"} 1 1432.0 0.0 1432 39 746.6666666666666 15
stats: {cpu,"os_mon@localhost"} 1 4.117499372332413 0.0 20.472243154986185 0.9528585757271816 4.8890505718827795 16
stats: {load,"os_mon@localhost"} 1 0.109375 0.0 0.33984375 0.01171875 0.128173828125 16
stats: session 100 50.19711669921875 16.46882398461674 1041.073974609375 31.3369140625 47.34019653794066 773
stats: users_count 100 873
stats: finish_users_count 100 873
stats: request 100 47.47744384765624 16.411040509755896 1038.764892578125 29.05615234375 44.840538173334146 771
stats: page 100 47.47744384765624 16.411040509755896 1038.764892578125 29.05615234375 44.840538173334146 771
stats: 200 100 871
stats: connect 101 17.712109858446798 9.601864473091439 1011.326904296875 12.97802734375 16.378739056420233 771
stats: tr_register 100 47.98317138671875 16.409953034588238 1039.10009765625 29.35009765625 45.33929562104815 771
stats: size_rcv 23786 207438
stats: newphase 0 4
stats: size_sent 9494 81968
stats: connected 1 1
# stats: dump at 1402682529
stats: users 1 4
stats: {freemem,"os_mon@localhost"} 1 6402.63671875 0.0 6518.21484375 6402.63671875 6458.201516544118 17
stats: {recvpackets,"os_mon@localhost"} 1 2294.0 0.0 2294 31 1226.0 16
stats: {sentpackets,"os_mon@localhost"} 1 1520.0 0.0 1520 39 789.5 16
stats: {cpu,"os_mon@localhost"} 1 5.089443184681279 0.0 20.472243154986185 0.9528585757271816 4.843665207203347 17
stats: {load,"os_mon@localhost"} 1 0.171875 0.0 0.33984375 0.01171875 0.12706801470588236 17
stats: session 100 49.3289599609375 9.954534527918304 1041.073974609375 31.3369140625 47.66744970647194 873
stats: users_count 101 974
stats: finish_users_count 100 973
stats: request 101 46.902005337252476 10.017513785497188 1038.764892578125 29.05615234375 45.14328279725172 871
stats: page 101 46.902005337252476 10.017513785497188 1038.764892578125 29.05615234375 45.14328279725172 871
stats: connect 100 16.160092773437494 5.940467945535188 1011.326904296875 12.97802734375 16.533177647021933 872
stats: 200 101 972
stats: tr_register 101 47.40928604579208 10.008711776720213 1039.10009765625 29.35009765625 45.64284048507463 871
stats: size_rcv 24025 231463
stats: newphase 0 4
stats: size_sent 9400 91368
stats: connected -1 0
# stats: dump at 1402682539
stats: users 0 5
stats: {freemem,"os_mon@localhost"} 1 6400.09765625 0.0 6518.21484375 6400.09765625 6455.114583333333 18
stats: {recvpackets,"os_mon@localhost"} 1 2244.0 0.0 2294 31 1288.8235294117646 17
stats: {sentpackets,"os_mon@localhost"} 1 1497.0 0.0 1520 39 832.4705882352941 17
stats: {cpu,"os_mon@localhost"} 1 3.8006544173168892 0.0 20.472243154986185 0.9528585757271816 4.857319539285454 18
stats: {load,"os_mon@localhost"} 1 0.140625 0.0 0.33984375 0.01171875 0.12955729166666666 18
stats: session 110 48.29630015980112 10.3237454998052 1041.073974609375 31.3369140625 47.83821129480345 973
stats: users_count 109 1083
stats: finish_users_count 110 1083
stats: request 109 46.08610548666857 10.34560967017742 1038.764892578125 29.05615234375 45.32603071550283 972
stats: page 109 46.08610548666857 10.34560967017742 1038.764892578125 29.05615234375 45.32603071550283 972
stats: connect 109 15.494649064650229 3.5049583721621405 1011.326904296875 12.97802734375 16.494794429574974 972
stats: tr_register 109 46.592600971186926 10.334812805324347 1039.10009765625 29.35009765625 45.82639089827675 972
stats: 200 109 1081
stats: size_rcv 25859 257322
stats: newphase 0 4
stats: size_sent 10246 101614
stats: connected 0 0
# stats: dump at 1402682549
stats: users 1 5
stats: {freemem,"os_mon@localhost"} 1 6398.91015625 0.0 6518.21484375 6398.91015625 6452.218955592105 19
stats: {recvpackets,"os_mon@localhost"} 1 2341.0 0.0 2341 31 1341.888888888889 18
stats: {sentpackets,"os_mon@localhost"} 1 1555.0 0.0 1555 39 869.3888888888889 18
stats: {cpu,"os_mon@localhost"} 1 4.295403165033911 0.0 20.472243154986185 0.9528585757271816 4.801705585497635 19
stats: {load,"os_mon@localhost"} 1 0.19921875 0.0 0.33984375 0.01171875 0.13013980263157895 19
stats: session 99 53.81371823705808 12.656632058522494 1041.073974609375 31.3369140625 47.88473924969703 1083
stats: users_count 100 1183
stats: finish_users_count 99 1182
stats: request 101 50.98779296875 12.734895475667573 1038.764892578125 29.05615234375 45.402671002327125 1081
stats: page 101 50.98779296875 12.734895475667573 1038.764892578125 29.05615234375 45.402671002327125 1081
stats: connect 101 18.095990775835393 6.165254125214815 1011.326904296875 12.97802734375 16.39394720961494 1081
stats: tr_register 101 51.49924098855197 12.744843000422545 1039.10009765625 29.35009765625 45.90364982329729 1081
stats: 200 101 1182
stats: size_rcv 23934 281256
stats: newphase 0 4
stats: size_sent 9494 111108
stats: connected 0 0
# stats: dump at 1402682559
stats: users 0 5
stats: {freemem,"os_mon@localhost"} 1 6387.26953125 0.0 6518.21484375 6387.26953125 6449.553515625 20
stats: {recvpackets,"os_mon@localhost"} 1 2223.0 0.0 2341 31 1394.4736842105262 19
stats: {sentpackets,"os_mon@localhost"} 1 1428.0 0.0 1555 39 905.4736842105264 19
stats: {cpu,"os_mon@localhost"} 1 3.826787512588117 0.0 20.472243154986185 0.9528585757271816 4.776390464474449 20
stats: {load,"os_mon@localhost"} 1 0.171875 0.0 0.33984375 0.01171875 0.13359375 20
stats: session 52 44.65778057391827 6.491344460925694 1041.073974609375 31.3369140625 48.381328860313566 1182
stats: users_count 51 1234
stats: finish_users_count 52 1234
stats: request 52 42.146423339843764 6.548208770851011 1038.764892578125 29.05615234375 45.87991069658153 1182
stats: connect 52 15.082763671875 3.122770161297482 1011.326904296875 12.97802734375 16.539384096407044 1182
stats: page 52 42.146423339843764 6.548208770851011 1038.764892578125 29.05615234375 45.87991069658153 1182
stats: tr_register 52 42.64828725961537 6.503229804785557 1039.10009765625 29.35009765625 46.38178409376322 1182
stats: 200 52 1234
stats: size_rcv 12325 293581
stats: newphase 1 5
stats: size_sent 4888 115996
stats: connected 0 0
# stats: dump at 1402682569
stats: users 0 5
stats: {freemem,"os_mon@localhost"} 1 6386.5390625 0.0 6518.21484375 6386.5390625 6446.587611607143 21
stats: {recvpackets,"os_mon@localhost"} 1 2024.0 0.0 2341 31 1435.9 20
stats: {sentpackets,"os_mon@localhost"} 1 1129.0 0.0 1555 39 931.6 20
stats: {cpu,"os_mon@localhost"} 1 2.2457734039868784 0.0 20.472243154986185 0.9528585757271816 4.731171276289386 21
stats: {load,"os_mon@localhost"} 1 0.140625 0.0 0.33984375 0.01171875 0.13541666666666666 21
stats: session 14 51.023629324776785 14.8289771437912 1041.073974609375 31.3369140625 48.2244208287961 1234
stats: users_count 14 1248
stats: finish_users_count 14 1248
stats: request 14 48.422694614955354 14.818846880710824 1038.764892578125 29.05615234375 45.722583838761146 1234
stats: 200 14 1248
stats: page 14 48.422694614955354 14.818846880710824 1038.764892578125 29.05615234375 45.722583838761146 1234
stats: connect 14 14.978724888392858 1.1311604592232134 1011.326904296875 12.97802734375 16.478003008825468 1234
stats: tr_register 14 49.010951450892854 14.837873481299752 1039.10009765625 29.35009765625 46.22445683657061 1234
stats: size_rcv 3325 296906
stats: newphase 0 5
stats: size_sent 1316 117312
stats: connected 0 0
# stats: dump at 1402682579
stats: users 0 5
stats: {freemem,"os_mon@localhost"} 1 6397.17578125 0.0 6518.21484375 6386.5390625 6443.858132102273 22
stats: {recvpackets,"os_mon@localhost"} 1 1846.0 0.0 2341 31 1463.904761904762 21
stats: {sentpackets,"os_mon@localhost"} 1 920.0 0.0 1555 39 941.0 21
stats: {cpu,"os_mon@localhost"} 1 1.9879214896829391 0.0 20.472243154986185 0.9528585757271816 4.618198645730181 22
stats: {load,"os_mon@localhost"} 1 0.12109375 0.0 0.33984375 0.01171875 0.1356534090909091 22
stats: session 8 54.390045166015625 29.595869175246815 1041.073974609375 31.3369140625 48.25582220615485 1248
stats: users_count 8 1256
stats: finish_users_count 8 1256
stats: request 8 51.84283447265625 29.61587092416084 1038.764892578125 29.05615234375 45.75287354298128 1248
stats: page 8 51.84283447265625 29.61587092416084 1038.764892578125 29.05615234375 45.75287354298128 1248
stats: 200 8 1256
stats: connect 8 25.261077880859375 28.12999650652131 1011.326904296875 12.97802734375 16.46118418375651 1248
stats: tr_register 8 52.36676025390625 29.595477386287882 1039.10009765625 29.35009765625 46.25571559025692 1248
stats: size_rcv 1894 298800
stats: newphase 0 5
stats: size_sent 752 118064
stats: connected 0 0
# stats: dump at 1402682589
stats: users 1 5
stats: {freemem,"os_mon@localhost"} 1 6397.06640625 0.0 6518.21484375 6386.5390625 6441.828464673913 23
stats: {recvpackets,"os_mon@localhost"} 1 1909.0 0.0 2341 31 1481.2727272727273 22
stats: {sentpackets,"os_mon@localhost"} 1 920.0 0.0 1555 39 940.0454545454545 22
stats: {cpu,"os_mon@localhost"} 1 2.61569416498994 0.0 20.472243154986185 0.9528585757271816 4.503838769380301 23
stats: {load,"os_mon@localhost"} 1 0.1015625 0.0 0.33984375 0.01171875 0.13502038043478262 23
stats: session 7 45.31019810267857 7.377399776739754 1041.073974609375 31.3369140625 48.29489368997562 1256
stats: users_count 8 1264
stats: finish_users_count 7 1263
stats: request 7 42.76109095982143 7.328032765613733 1038.764892578125 29.05615234375 45.7916631030429 1256
stats: page 7 42.76109095982143 7.328032765613733 1038.764892578125 29.05615234375 45.7916631030429 1256
stats: connect 7 15.536342075892858 2.113925564360782 1011.326904296875 12.97802734375 16.517234462082005 1256
stats: tr_register 7 43.276436941964285 7.355178578061884 1039.10009765625 29.35009765625 46.29463944161774 1256
stats: 200 7 1263
stats: size_rcv 1658 300458
stats: newphase 1 6
stats: size_sent 658 118722
stats: connected 0 0
# stats: dump at 1402682599
stats: users 0 5
stats: {freemem,"os_mon@localhost"} 1 6394.0859375 0.0 6518.21484375 6386.5390625 6439.96337890625 24
stats: {recvpackets,"os_mon@localhost"} 1 2079.0 0.0 2341 31 1499.8695652173913 23
stats: {sentpackets,"os_mon@localhost"} 1 1022.0 0.0 1555 39 939.1739130434783 23
stats: {cpu,"os_mon@localhost"} 1 3.780671006509765 0.0 20.472243154986185 0.9528585757271816 4.425166077530703 24
stats: {load,"os_mon@localhost"} 1 0.08984375 0.0 0.33984375 0.01171875 0.13362630208333334 24
stats: session 10 44.5551025390625 3.949393244283305 1041.073974609375 31.3369140625 48.278351434147375 1263
stats: users_count 9 1273
stats: finish_users_count 10 1273
stats: request 10 41.9560546875 4.0154748747553395 1038.764892578125 29.05615234375 45.774866582850855 1263
stats: 200 10 1273
stats: page 10 41.9560546875 4.0154748747553395 1038.764892578125 29.05615234375 45.774866582850855 1263
stats: connect 10 15.32041015625 2.2424085772578937 1011.326904296875 12.97802734375 16.511798003884596 1263
stats: tr_register 10 42.49609375 3.985874896004606 1039.10009765625 29.35009765625 46.277911478436764 1263
stats: size_rcv 2374 302832
stats: newphase 0 6
stats: size_sent 940 119662
stats: connected 0 0
# stats: dump at 1402682609
stats: users 0 5
stats: {freemem,"os_mon@localhost"} 1 6397.14453125 0.0 6518.21484375 6386.5390625 6438.12828125 25
stats: {recvpackets,"os_mon@localhost"} 1 2154.0 0.0 2341 31 1524.0 24
stats: {sentpackets,"os_mon@localhost"} 1 991.0 0.0 1555 39 942.625 24
stats: {cpu,"os_mon@localhost"} 1 3.384306843820507 0.0 20.472243154986185 0.9528585757271816 4.399386274689865 25
stats: {load,"os_mon@localhost"} 1 0.0703125 0.0 0.33984375 0.01171875 0.131875 25
stats: session 7 40.57285853794643 5.701594917288454 1041.073974609375 31.3369140625 48.24910360307836 1273
stats: users_count 7 1280
stats: finish_users_count 7 1280
stats: request 6 39.169759114583336 5.245046774182181 1038.764892578125 29.05615234375 45.74486806049932 1273
stats: 200 6 1279
stats: page 6 39.169759114583336 5.245046774182181 1038.764892578125 29.05615234375 45.74486806049932 1273
stats: connect 6 14.710978190104166 0.5793597707332312 1011.326904296875 12.97802734375 16.502439104845834 1273
stats: tr_register 6 39.7623291015625 5.254204899218727 1039.10009765625 29.35009765625 46.248203562266795 1273
stats: size_rcv 1405 304237
stats: newphase 0 6
stats: size_sent 564 120226
stats: connected 0 0
# stats: dump at 1402682619
stats: users 0 5
stats: {freemem,"os_mon@localhost"} 1 6386.890625 0.0 6518.21484375 6386.5390625 6436.551983173077 26
stats: {recvpackets,"os_mon@localhost"} 1 2223.0 0.0 2341 31 1549.2 25
stats: {sentpackets,"os_mon@localhost"} 1 1065.0 0.0 1555 39 944.56 25
stats: {cpu,"os_mon@localhost"} 1 3.553553553553553 0.0 20.472243154986185 0.9528585757271816 4.360344758117967 26
stats: {load,"os_mon@localhost"} 1 0.140625 0.0 0.33984375 0.01171875 0.12950721153846154 26
stats: session 16 46.569427490234375 4.356974971561505 1041.073974609375 31.3369140625 48.20712413787842 1280
stats: users_count 16 1296
stats: finish_users_count 16 1296
stats: request 15 42.67662760416667 4.60214166703561 1038.764892578125 29.05615234375 45.714023139720986 1279
stats: page 15 42.67662760416667 4.60214166703561 1038.764892578125 29.05615234375 45.714023139720986 1279
stats: connect 16 14.466171264648438 0.8944461439232849 1011.326904296875 12.97802734375 16.494035066152755 1279
stats: tr_register 15 43.22044270833333 4.628726486785951 1039.10009765625 29.35009765625 46.21777725517983 1279
stats: 200 15 1294
stats: size_rcv 3568 307805
stats: newphase 1 7
stats: size_sent 1504 121730
stats: connected 1 1
# stats: dump at 1402682629
stats: users 0 5
stats: {freemem,"os_mon@localhost"} 1 6386.5234375 0.0 6518.21484375 6386.5234375 6434.712673611111 27
stats: {recvpackets,"os_mon@localhost"} 1 2269.0 0.0 2341 31 1575.1153846153845 26
stats: {sentpackets,"os_mon@localhost"} 1 1189.0 0.0 1555 39 949.1923076923077 26
stats: {cpu,"os_mon@localhost"} 1 2.882205513784461 0.0 20.472243154986185 0.9528585757271816 4.330463602393359 27
stats: {load,"os_mon@localhost"} 1 0.12109375 0.0 0.33984375 0.01171875 0.12991898148148148 27
stats: session 105 46.86426711309524 7.300590958063339 1041.073974609375 31.3369140625 48.18690566074701 1296
stats: users_count 105 1401
stats: finish_users_count 105 1401
stats: request 103 44.45764041641384 7.443460188289845 1038.764892578125 29.05615234375 45.678813763342845 1294
stats: page 103 44.45764041641384 7.443460188289845 1038.764892578125 29.05615234375 45.678813763342845 1294
stats: connect 102 16.55754777496937 5.9275968746838 1011.326904296875 12.97802734375 16.46898037825772 1295
stats: tr_register 103 44.97820748634709 7.424823392261867 1039.10009765625 29.35009765625 46.18303226429676 1294
stats: 200 103 1397
stats: size_rcv 24457 332262
stats: newphase 0 7
stats: size_sent 9588 131318
stats: connected -1 0
# stats: dump at 1402682639
stats: users 0 5
stats: {freemem,"os_mon@localhost"} 1 6398.45703125 0.0 6518.21484375 6386.5234375 6432.991629464285 28
stats: {recvpackets,"os_mon@localhost"} 1 2584.0 0.0 2584 31 1600.8148148148148 27
stats: {sentpackets,"os_mon@localhost"} 1 1625.0 0.0 1625 39 958.074074074074 27
stats: {cpu,"os_mon@localhost"} 1 3.3182503770739067 0.0 20.472243154986185 0.9528585757271816 4.278740099228755 28
stats: {load,"os_mon@localhost"} 1 0.1015625 0.0 0.33984375 0.01171875 0.12960379464285715 28
stats: session 99 45.08972044665402 7.101043292322422 1041.073974609375 31.3369140625 48.087778574734564 1401
stats: users_count 99 1500
stats: finish_users_count 99 1500
stats: request 99 42.49508266256315 7.1001198238530705 1038.764892578125 29.05615234375 45.58877736052703 1397
stats: page 99 42.49508266256315 7.1001198238530705 1038.764892578125 29.05615234375 45.58877736052703 1397
stats: connect 99 14.862800366950758 1.3339026368446063 1011.326904296875 12.97802734375 16.475447002784982 1397
stats: tr_register 99 43.02245353929924 7.063604519925648 1039.10009765625 29.35009765625 46.09420123199267 1397
stats: 200 99 1496
stats: size_rcv 23473 355735
stats: newphase 0 7
stats: size_sent 9306 140624
stats: connected 0 0
# stats: dump at 1402682649
stats: users 1 5
stats: {freemem,"os_mon@localhost"} 1 6397.36328125 0.0 6518.21484375 6386.5234375 6431.80078125 29
stats: {recvpackets,"os_mon@localhost"} 1 2375.0 0.0 2584 31 1635.9285714285713 28
stats: {sentpackets,"os_mon@localhost"} 1 1489.0 0.0 1625 39 981.8928571428571 28
stats: {cpu,"os_mon@localhost"} 1 3.1446540880503147 0.0 20.472243154986185 0.9528585757271816 4.245619763982036 29
stats: {load,"os_mon@localhost"} 1 0.078125 0.0 0.33984375 0.01171875 0.12863685344827586 29
stats: session 96 46.30342864990234 8.694514412720974 1041.073974609375 31.3369140625 47.88990673828125 1500
stats: users_count 97 1597
stats: finish_users_count 96 1596
stats: request 100 43.82266845703125 8.570564726601457 1038.764892578125 29.05615234375 45.384047564338246 1496
stats: page 100 43.82266845703125 8.570564726601457 1038.764892578125 29.05615234375 45.384047564338246 1496
stats: connect 100 15.04900634765625 3.0960011660873006 1011.326904296875 12.97802734375 16.368727740119482 1496
stats: tr_register 100 44.3526220703125 8.557767262127324 1039.10009765625 29.35009765625 45.89092381115266 1496
stats: 200 100 1596
stats: size_rcv 23729 379464
stats: newphase 0 7
stats: size_sent 9400 150024
stats: connected 0 0
# stats: dump at 1402682659
stats: users 0 5
stats: {freemem,"os_mon@localhost"} 1 6402.62890625 0.0 6518.21484375 6386.5234375 6430.652864583333 30
stats: {recvpackets,"os_mon@localhost"} 1 2389.0 0.0 2584 31 1661.4137931034484 29
stats: {sentpackets,"os_mon@localhost"} 1 1529.0 0.0 1625 39 999.3793103448276 29
stats: {cpu,"os_mon@localhost"} 1 4.045226130653266 0.0 20.472243154986185 0.9528585757271816 4.208920908117646 30
stats: {load,"os_mon@localhost"} 1 0.0703125 0.0 0.33984375 0.01171875 0.126953125 30
stats: session 98 43.72899892378828 5.598468454572547 1041.073974609375 31.3369140625 47.79447948484493 1596
stats: users_count 97 1694
stats: finish_users_count 98 1694
stats: request 96 41.21669769287109 5.7700569332157094 1038.764892578125 29.05615234375 45.28621679320372 1596
stats: page 96 41.21669769287109 5.7700569332157094 1038.764892578125 29.05615234375 45.28621679320372 1596
stats: connect 96 15.034105936686197 2.2079919384319493 1011.326904296875 12.97802734375 16.28603842981477 1596
stats: tr_register 96 41.74959055582681 5.682892169833444 1039.10009765625 29.35009765625 45.79453899029801 1596
stats: 200 96 1692
stats: size_rcv 22645 402109
stats: newphase 0 7
stats: size_sent 9024 159048
stats: connected 0 0
# stats: dump at 1402682669
stats: users 0 5
stats: {freemem,"os_mon@localhost"} 1 6399.60546875 0.0 6518.21484375 6386.5234375 6429.7488659274195 31
stats: {recvpackets,"os_mon@localhost"} 1 2326.0 0.0 2584 31 1685.6666666666667 30
stats: {sentpackets,"os_mon@localhost"} 1 1485.0 0.0 1625 39 1017.0333333333333 30
stats: {cpu,"os_mon@localhost"} 1 3.560682046138415 0.0 20.472243154986185 0.9528585757271816 4.203640431425247 31
stats: {load,"os_mon@localhost"} 1 0.21875 0.0 0.33984375 0.01171875 0.12512600806451613 31
stats: session 123 43.92357207507624 4.496698546287183 1041.073974609375 31.3369140625 47.55928639453586 1694
stats: users_count 123 1817
stats: finish_users_count 123 1817
stats: request 124 41.393481839087706 4.535524755916644 1038.764892578125 29.05615234375 45.05532209247563 1692
stats: page 124 41.393481839087706 4.535524755916644 1038.764892578125 29.05615234375 45.05532209247563 1692
stats: connect 124 14.799792874243952 1.2292496848750596 1011.326904296875 12.97802734375 16.215006798998964 1692
stats: tr_register 124 41.930500645791305 4.46913575931741 1039.10009765625 29.35009765625 45.56503836990248 1692
stats: 200 124 1816
stats: size_rcv 29342 431451
stats: newphase 0 7
stats: size_sent 11656 170704
stats: connected 0 0
# stats: dump at 1402682679
stats: users 0 5
stats: {freemem,"os_mon@localhost"} 1 6428.46875 0.0 6518.21484375 6386.5234375 6428.806884765625 32
stats: {recvpackets,"os_mon@localhost"} 1 2492.0 0.0 2584 31 1706.3225806451612 31
stats: {sentpackets,"os_mon@localhost"} 1 1698.0 0.0 1698 39 1032.1290322580646 31
stats: {cpu,"os_mon@localhost"} 1 3.515821195379206 0.0 20.472243154986185 0.9528585757271816 4.183547981885034 32
stats: {load,"os_mon@localhost"} 1 0.19140625 0.0 0.33984375 0.01171875 0.1280517578125 32
stats: session 70 45.82806919642857 7.1102733311794895 1041.073974609375 31.3369140625 47.31317034539247 1817
stats: users_count 70 1887
stats: finish_users_count 70 1887
stats: request 70 43.28788364955357 7.161201901353803 1038.764892578125 29.05615234375 44.80528454213416 1816
stats: page 70 43.28788364955357 7.161201901353803 1038.764892578125 29.05615234375 44.80528454213416 1816
stats: connect 70 14.978609793526786 3.5356593426736658 1011.326904296875 12.97802734375 16.118373249070757 1816
stats: tr_register 70 43.798897879464285 7.1339528850350495 1039.10009765625 29.35009765625 45.316865089181235 1816
stats: 200 70 1886
stats: size_rcv 16643 448094
stats: newphase 1 8
stats: size_sent 6580 177284
stats: connected 0 0
# stats: dump at 1402682689
stats: users 0 5
stats: {freemem,"os_mon@localhost"} 1 6428.5078125 0.0 6518.21484375 6386.5234375 6428.796638257576 33
stats: {recvpackets,"os_mon@localhost"} 1 2161.0 0.0 2584 31 1730.875 32
stats: {sentpackets,"os_mon@localhost"} 1 1226.0 0.0 1698 39 1052.9375 32
stats: {cpu,"os_mon@localhost"} 1 2.686417273412001 0.0 20.472243154986185 0.9528585757271816 4.163313836839403 33
stats: {load,"os_mon@localhost"} 1 0.16015625 0.0 0.33984375 0.01171875 0.1299715909090909 33
stats: session 3 50.205810546875 2.321165020273384 1041.073974609375 31.3369140625 47.2580791527971 1887
stats: users_count 3 1890
stats: finish_users_count 3 1890
stats: request 4 46.522705078125 2.5946119496362408 1038.764892578125 29.05615234375 44.748965314944 1886
stats: page 4 46.522705078125 2.5946119496362408 1038.764892578125 29.05615234375 44.748965314944 1886
stats: connect 4 16.1097412109375 1.2213407819403574 1011.326904296875 12.97802734375 16.076070257613665 1886
stats: tr_register 4 47.10333251953125 2.628918546418316 1039.10009765625 29.35009765625 45.26052484279725 1886
stats: 200 4 1890
stats: size_rcv 955 449049
stats: newphase 0 8
stats: size_sent 376 177660
stats: connected 0 0
# stats: dump at 1402682699
stats: users 0 5
stats: {freemem,"os_mon@localhost"} 1 6426.5859375 0.0 6518.21484375 6386.5234375 6428.788143382353 34
stats: {recvpackets,"os_mon@localhost"} 1 1960.0 0.0 2584 31 1743.909090909091 33
stats: {sentpackets,"os_mon@localhost"} 1 929.0 0.0 1698 39 1058.1818181818182 33
stats: {cpu,"os_mon@localhost"} 1 2.4787180771156736 0.0 20.472243154986185 0.9528585757271816 4.119875702620949 34
stats: {load,"os_mon@localhost"} 1 0.12890625 0.0 0.33984375 0.01171875 0.130859375 34
stats: session 10 49.764453125 13.090314471217276 1041.073974609375 31.3369140625 47.26275809151786 1890
stats: users_count 10 1900
stats: finish_users_count 10 1900
stats: request 10 47.27431640625 13.088753153403761 1038.764892578125 29.05615234375 44.75271926153275 1890
stats: page 10 47.27431640625 13.088753153403761 1038.764892578125 29.05615234375 44.75271926153275 1890
stats: connect 10 20.1443115234375 11.514021279893699 1011.326904296875 12.97802734375 16.07614151889054 1890
stats: tr_register 10 47.772509765625 13.081817565430304 1039.10009765625 29.35009765625 45.26442496486442 1890
stats: 200 10 1900
stats: size_rcv 2374 451423
stats: newphase 0 8
stats: size_sent 940 178600
stats: connected 0 0
# stats: dump at 1402682709
stats: users 0 5
stats: {freemem,"os_mon@localhost"} 1 6425.44140625 0.0 6518.21484375 6386.5234375 6428.7252232142855 35
stats: {recvpackets,"os_mon@localhost"} 1 1987.0 0.0 2584 31 1750.264705882353 34
stats: {sentpackets,"os_mon@localhost"} 1 964.0 0.0 1698 39 1054.3823529411766 34
stats: {cpu,"os_mon@localhost"} 1 2.507522567703109 0.0 20.472243154986185 0.9528585757271816 4.07298548474937 35
stats: {load,"os_mon@localhost"} 1 0.26171875 0.0 0.33984375 0.01171875 0.13080357142857144 35
stats: session 7 47.16685267857143 2.0193051039273584 1041.073974609375 31.3369140625 47.27592490748355 1900
stats: users_count 7 1907
stats: finish_users_count 7 1907
stats: request 7 44.689139229910715 2.000857436415628 1038.764892578125 29.05615234375 44.76599082545231 1900
stats: page 7 44.689139229910715 2.000857436415628 1038.764892578125 29.05615234375 44.76599082545231 1900
stats: connect 7 15.151715959821429 1.589783146746628 1011.326904296875 12.97802734375 16.097552939967102 1900
stats: tr_register 7 45.178397042410715 2.0236307871987416 1039.10009765625 29.35009765625 45.27762541118421 1900
stats: 200 7 1907
stats: size_rcv 1671 453094
stats: newphase 1 9
stats: size_sent 658 179258
stats: connected 0 0
# stats: dump at 1402682719
stats: users 0 5
stats: {freemem,"os_mon@localhost"} 1 6425.4453125 0.0 6518.21484375 6386.5234375 6428.634006076389 36
stats: {recvpackets,"os_mon@localhost"} 1 1935.0 0.0 2584 31 1757.0285714285715 35
stats: {sentpackets,"os_mon@localhost"} 1 936.0 0.0 1698 39 1051.8 35
stats: {cpu,"os_mon@localhost"} 1 2.4262131065532766 0.0 20.472243154986185 0.9528585757271816 4.0295004037203075 36
stats: {load,"os_mon@localhost"} 1 0.21875 0.0 0.33984375 0.01171875 0.13444010416666666 36
stats: session 9 43.497043185763886 3.4742610966167673 1041.073974609375 31.3369140625 47.27552453747706 1907
stats: users_count 9 1916
stats: finish_users_count 9 1916
stats: request 9 41.01703559027778 3.528074655656588 1038.764892578125 29.05615234375 44.765708727304016 1907
stats: page 9 41.01703559027778 3.528074655656588 1038.764892578125 29.05615234375 44.765708727304016 1907
stats: connect 9 14.333116319444445 0.43803411171240325 1011.326904296875 12.97802734375 16.094081068514022 1907
stats: tr_register 9 41.52655707465278 3.478961646874525 1039.10009765625 29.35009765625 45.27726117490659 1907
stats: 200 9 1916
stats: size_rcv 2133 455227
stats: newphase 0 9
stats: size_sent 846 180104
stats: connected 0 0
# stats: dump at 1402682729
stats: users 0 5
stats: {freemem,"os_mon@localhost"} 1 6426.3359375 0.0 6518.21484375 6386.5234375 6428.547825168919 37
stats: {recvpackets,"os_mon@localhost"} 1 2.0e3 0.0 2584 31 1761.9722222222222 36
stats: {sentpackets,"os_mon@localhost"} 1 968.0 0.0 1698 39 1048.5833333333333 36
stats: {cpu,"os_mon@localhost"} 1 2.4756189047261814 0.0 20.472243154986185 0.9528585757271816 3.9861683146076845 37
stats: {load,"os_mon@localhost"} 1 0.19140625 0.0 0.33984375 0.01171875 0.13671875 37
stats: session 11 43.38108132102273 5.045713842916337 1041.073974609375 31.3369140625 47.257775929875066 1916
stats: users_count 11 1927
stats: finish_users_count 11 1927
stats: request 10 40.1392333984375 4.949120036633362 1038.764892578125 29.05615234375 44.74810013741193 1916
stats: page 10 40.1392333984375 4.949120036633362 1038.764892578125 29.05615234375 44.74810013741193 1916
stats: connect 11 14.596901633522727 0.9552695652042124 1011.326904296875 12.97802734375 16.085809313429664 1916
stats: tr_register 10 40.6924560546875 4.84340146201303 1039.10009765625 29.35009765625 45.25964304499935 1916
stats: 200 10 1926
stats: size_rcv 2360 457587
stats: newphase 0 9
stats: size_sent 1034 181138
stats: connected 1 1
# stats: dump at 1402682739
stats: users 0 5
stats: {freemem,"os_mon@localhost"} 1 6416.015625 0.0 6518.21484375 6386.5234375 6428.489617598684 38
stats: {recvpackets,"os_mon@localhost"} 1 2008.0 0.0 2584 31 1768.4054054054054 37
stats: {sentpackets,"os_mon@localhost"} 1 993.0 0.0 1698 39 1046.4054054054054 37
stats: {cpu,"os_mon@localhost"} 1 3.107769423558897 0.0 20.472243154986185 0.9528585757271816 3.946417014347645 38
stats: {load,"os_mon@localhost"} 1 0.16015625 0.0 0.33984375 0.01171875 0.13815789473684212 38
stats: session 41 51.15897127477134 35.69881121399929 1041.073974609375 31.3369140625 47.23564638099215 1927
stats: users_count 41 1968
stats: finish_users_count 41 1968
stats: request 37 49.19285789695946 37.55305770792915 1038.764892578125 29.05615234375 44.72417040356471 1926
stats: page 37 49.19285789695946 37.55305770792915 1038.764892578125 29.05615234375 44.72417040356471 1926
stats: connect 36 15.76186794704861 3.864430724554671 1011.326904296875 12.97802734375 16.077310099896206 1927
stats: tr_register 37 49.73310150971284 37.53068872118469 1039.10009765625 29.35009765625 45.23592971690842 1926
stats: 200 37 1963
stats: size_rcv 8749 466336
stats: newphase 1 10
stats: size_sent 3384 184522
stats: connected -1 0
# stats: dump at 1402682749
stats: users 2 5
stats: {freemem,"os_mon@localhost"} 1 6416.0703125 0.0 6518.21484375 6386.5234375 6428.169771634615 39
stats: {recvpackets,"os_mon@localhost"} 1 2208.0 0.0 2584 31 1774.7105263157894 38
stats: {sentpackets,"os_mon@localhost"} 1 1262.0 0.0 1698 39 1045.0 38
stats: {cpu,"os_mon@localhost"} 1 2.414486921529175 0.0 20.472243154986185 0.9528585757271816 3.924913229968446 39
stats: {load,"os_mon@localhost"} 1 0.12890625 0.0 0.33984375 0.01171875 0.13872195512820515 39
stats: session 74 44.27947503167231 6.526813888447107 1041.073974609375 31.3369140625 47.317382316279215 1968
stats: users_count 76 2044
stats: finish_users_count 74 2042
stats: request 78 41.91370254907853 6.500722391162469 1038.764892578125 29.05615234375 44.80839935784673 1963
stats: page 78 41.91370254907853 6.500722391162469 1038.764892578125 29.05615234375 44.80839935784673 1963
stats: connect 78 14.811082106370192 1.2458655200295137 1011.326904296875 12.97802734375 16.071525118998338 1963
stats: tr_register 78 42.4489276592548 6.440824534694257 1039.10009765625 29.35009765625 45.3206955632323 1963
stats: 200 78 2041
stats: size_rcv 18420 484756
stats: newphase 0 10
stats: size_sent 7332 191854
stats: connected 0 0
# stats: dump at 1402682759
stats: users 1 5
stats: {freemem,"os_mon@localhost"} 1 6415.89453125 0.0 6518.21484375 6386.5234375 6427.86728515625 40
stats: {recvpackets,"os_mon@localhost"} 1 2271.0 0.0 2584 31 1785.820512820513 39
stats: {sentpackets,"os_mon@localhost"} 1 1401.0 0.0 1698 39 1050.5641025641025 39
stats: {cpu,"os_mon@localhost"} 1 2.8621641978408237 0.0 20.472243154986185 0.9528585757271816 3.8871525722574645 40
stats: {load,"os_mon@localhost"} 1 0.109375 0.0 0.33984375 0.01171875 0.1384765625 40
stats: session 111 47.25109753307995 12.690639262374965 1041.073974609375 31.3369140625 47.207291650725395 2042
stats: users_count 110 2154
stats: finish_users_count 111 2153
stats: request 111 44.78103885135134 12.695915260877952 1038.764892578125 29.05615234375 44.69777400209763 2041
stats: page 111 44.78103885135134 12.695915260877952 1038.764892578125 29.05615234375 44.69777400209763 2041
stats: connect 111 15.648039396818694 6.514436085503911 1011.326904296875 12.97802734375 16.023355322337387 2041
stats: tr_register 111 45.340050499718465 12.640342433554759 1039.10009765625 29.35009765625 45.21094647136054 2041
stats: 200 111 2152
stats: size_rcv 26184 510940
stats: newphase 0 10
stats: size_sent 10434 202288
stats: connected 0 0
# stats: dump at 1402682769
stats: users 0 5
stats: {freemem,"os_mon@localhost"} 1 6416.16015625 0.0 6518.21484375 6386.5234375 6427.575266768293 41
stats: {recvpackets,"os_mon@localhost"} 1 2451.0 0.0 2584 31 1797.95 40
stats: {sentpackets,"os_mon@localhost"} 1 1627.0 0.0 1698 39 1059.325 40
stats: {cpu,"os_mon@localhost"} 1 3.150201612903226 0.0 20.472243154986185 0.9528585757271816 3.862152855808278 41
stats: {load,"os_mon@localhost"} 1 0.1015625 0.0 0.33984375 0.01171875 0.13776676829268292 41
stats: session 98 47.08857322225765 18.8696462982489 1041.073974609375 31.3369140625 47.209550105412504 2153
stats: users_count 97 2251
stats: finish_users_count 98 2251
stats: request 96 44.462051391601584 19.127516091572627 1038.764892578125 29.05615234375 44.70206879683144 2152
stats: page 96 44.462051391601584 19.127516091572627 1038.764892578125 29.05615234375 44.70206879683144 2152
stats: connect 96 14.67350769042969 0.8548610307633977 1011.326904296875 12.97802734375 16.003996554803663 2152
stats: tr_register 96 44.995984395345054 19.10920520719871 1039.10009765625 29.35009765625 45.21760564754444 2152
stats: 200 96 2248
stats: size_rcv 22704 533644
stats: newphase 0 10
stats: size_sent 9024 211312
stats: connected 0 0
# stats: dump at 1402682779
stats: users 1 5
stats: {freemem,"os_mon@localhost"} 1 6415.515625 0.0 6518.21484375 6386.5234375 6427.303478422619 42
stats: {recvpackets,"os_mon@localhost"} 1 2329.0 0.0 2584 31 1813.878048780488 41
stats: {sentpackets,"os_mon@localhost"} 1 1487.0 0.0 1698 39 1073.1707317073171 41
stats: {cpu,"os_mon@localhost"} 1 5.444054189663823 0.0 20.472243154986185 0.9528585757271816 3.8452016357391106 42
stats: {load,"os_mon@localhost"} 1 0.078125 0.0 0.33984375 0.01171875 0.13690476190476192 42
stats: session 112 50.71241978236607 19.327489371115377 1041.073974609375 31.3369140625 47.20428323089044 2251
stats: users_count 113 2364
stats: finish_users_count 112 2363
stats: request 113 48.02086214048672 19.275540045447226 1038.764892578125 29.05615234375 44.69181894322732 2248
stats: page 113 48.02086214048672 19.275540045447226 1038.764892578125 29.05615234375 44.69181894322732 2248
stats: connect 114 15.009356582373904 1.6657883465584717 1011.326904296875 12.97802734375 15.947178525008335 2248
stats: tr_register 113 48.57403294386061 19.2416126695221 1039.10009765625 29.35009765625 45.20814139478147 2248
stats: 200 113 2361
stats: size_rcv 26616 560260
stats: newphase 0 10
stats: size_sent 10716 222028
stats: connected 1 1
# stats: dump at 1402682789
stats: users 0 5
stats: {freemem,"os_mon@localhost"} 1 6415.40234375 0.0 6518.21484375 6386.5234375 6427.0293422965115 43
stats: {recvpackets,"os_mon@localhost"} 1 2371.0 0.0 2584 31 1826.142857142857 42
stats: {sentpackets,"os_mon@localhost"} 1 1555.0 0.0 1698 39 1083.0238095238096 42
stats: {cpu,"os_mon@localhost"} 1 4.861460957178841 0.0 20.472243154986185 0.9528585757271816 3.8823842532722437 43
stats: {load,"os_mon@localhost"} 1 0.0703125 0.0 0.33984375 0.01171875 0.13553779069767444 43
stats: session 109 47.01943941728784 15.457309353304995 1041.073974609375 31.3369140625 47.37055969884019 2363
stats: users_count 108 2472
stats: finish_users_count 109 2472
stats: request 111 44.60166587485924 15.336187987761297 1038.764892578125 29.05615234375 44.85115053208387 2361
stats: page 111 44.60166587485924 15.336187987761297 1038.764892578125 29.05615234375 44.85115053208387 2361
stats: connect 110 14.911561168323864 1.635920176269445 1011.326904296875 12.97802734375 15.901915315245283 2362
stats: tr_register 111 45.11422042159346 15.342135660677313 1039.10009765625 29.35009765625 45.369236585398134 2361
stats: 200 111 2472
stats: size_rcv 26267 586527
stats: newphase 0 10
stats: size_sent 10340 232368
stats: connected -1 0
# stats: dump at 1402682799
stats: users 0 5
stats: {freemem,"os_mon@localhost"} 1 6414.60546875 0.0 6518.21484375 6386.5234375 6426.765092329545 44
stats: {recvpackets,"os_mon@localhost"} 1 2373.0 0.0 2584 31 1838.8139534883721 43
stats: {sentpackets,"os_mon@localhost"} 1 1502.0 0.0 1698 39 1094.0000000000002 43
stats: {cpu,"os_mon@localhost"} 1 4.150943396226415 0.0 20.472243154986185 0.9528585757271816 3.904635996542848 44
stats: {load,"os_mon@localhost"} 1 0.05859375 0.0 0.33984375 0.01171875 0.13405539772727273 44
stats: session 55 42.24011008522727 7.776033686712229 1041.073974609375 31.3369140625 47.35507745341575 2472
stats: users_count 55 2527
stats: finish_users_count 55 2527
stats: request 55 39.648810369318184 7.783034988330086 1038.764892578125 29.05615234375 44.839947944320144 2472
stats: page 55 39.648810369318184 7.783034988330086 1038.764892578125 29.05615234375 44.839947944320144 2472
stats: connect 55 14.519282670454546 0.7221555154912587 1011.326904296875 12.97802734375 15.857846158222081 2472
stats: tr_register 55 40.16867453835227 7.770267013745641 1039.10009765625 29.35009765625 45.357785616877784 2472
stats: 200 55 2527
stats: size_rcv 12852 599379
stats: newphase 1 11
stats: size_sent 5170 237538
stats: connected 0 0
# stats: dump at 1402682809
stats: users 0 5
stats: {freemem,"os_mon@localhost"} 1 6414.76953125 0.0 6518.21484375 6386.5234375 6426.494878472222 45
stats: {recvpackets,"os_mon@localhost"} 1 2097.0 0.0 2584 31 1850.9545454545455 44
stats: {sentpackets,"os_mon@localhost"} 1 1146.0 0.0 1698 39 1103.2727272727275 44
stats: {cpu,"os_mon@localhost"} 1 3.695324283559578 0.0 20.472243154986185 0.9528585757271816 3.910109494313594 45
stats: {load,"os_mon@localhost"} 1 0.12109375 0.0 0.33984375 0.01171875 0.1323784722222222 45
stats: session 7 42.40687779017857 6.089247035218134 1041.073974609375 31.3369140625 47.24375050238672 2527
stats: users_count 7 2534
stats: finish_users_count 7 2534
stats: request 7 39.90077427455357 6.192420278675955 1038.764892578125 29.05615234375 44.72696315341191 2527
stats: 200 7 2534
stats: page 7 39.90077427455357 6.192420278675955 1038.764892578125 29.05615234375 44.72696315341191 2527
stats: connect 7 14.846714564732142 1.1986727702515596 1011.326904296875 12.97802734375 15.828712406015033 2527
stats: tr_register 7 40.425851004464285 6.155994608762595 1039.10009765625 29.35009765625 45.24484493254106 2527
stats: size_rcv 1645 601024
stats: newphase 0 11
stats: size_sent 658 238196
stats: connected 0 0
# stats: dump at 1402682819
stats: users 0 5
stats: {freemem,"os_mon@localhost"} 1 6414.9140625 0.0 6518.21484375 6386.5234375 6426.239979619565 46
stats: {recvpackets,"os_mon@localhost"} 1 1986.0 0.0 2584 31 1856.4222222222222 45
stats: {sentpackets,"os_mon@localhost"} 1 937.0 0.0 1698 39 1104.2222222222224 45
stats: {cpu,"os_mon@localhost"} 1 3.1446540880503147 0.0 20.472243154986185 0.9528585757271816 3.90544025060155 46
stats: {load,"os_mon@localhost"} 1 0.1015625 0.0 0.33984375 0.01171875 0.13213315217391303 46
stats: session 6 47.412882486979164 3.835329965666165 1041.073974609375 31.3369140625 47.23038897555741 2534
stats: users_count 6 2540
stats: finish_users_count 6 2540
stats: request 6 44.878173828125 3.8197313684524716 1038.764892578125 29.05615234375 44.7136311399344 2534
stats: page 6 44.878173828125 3.8197313684524716 1038.764892578125 29.05615234375 44.7136311399344 2534
stats: connect 6 14.8717041015625 0.7158498961757028 1011.326904296875 12.97802734375 15.825999704796018 2534
stats: 200 6 2540
stats: tr_register 6 45.408040364583336 3.828825513276543 1039.10009765625 29.35009765625 45.2315327946182 2534
stats: size_rcv 1433 602457
stats: newphase 0 11
stats: size_sent 564 238760
stats: connected 0 0
# stats: dump at 1402682829
stats: users 0 5
stats: {freemem,"os_mon@localhost"} 1 6415.41015625 0.0 6518.21484375 6386.5234375 6425.999002659574 47
stats: {recvpackets,"os_mon@localhost"} 1 1987.0 0.0 2584 31 1859.2391304347825 46
stats: {sentpackets,"os_mon@localhost"} 1 960.0 0.0 1698 39 1100.5869565217392 46
stats: {cpu,"os_mon@localhost"} 1 3.345070422535211 0.0 20.472243154986185 0.9528585757271816 3.8892533109728005 47
stats: {load,"os_mon@localhost"} 1 0.08984375 0.0 0.33984375 0.01171875 0.13148271276595744 47
stats: session 9 42.534939236111114 5.088279038539064 1041.073974609375 31.3369140625 47.230820062592265 2540
stats: users_count 9 2549
stats: finish_users_count 9 2549
stats: page 9 40.03545464409722 5.170587265746313 1038.764892578125 29.05615234375 44.71401982344981 2540
stats: tr_register 9 40.54527452256944 5.111078474296499 1039.10009765625 29.35009765625 45.23194974163386 2540
stats: 200 9 2549
stats: request 9 40.03545464409722 5.170587265746313 1038.764892578125 29.05615234375 44.71401982344981 2540
stats: connect 9 14.3955078125 0.7942499960578927 1011.326904296875 12.97802734375 15.823745463213577 2540
stats: size_rcv 2108 604565
stats: newphase 1 12
stats: size_sent 846 239606
stats: connected 0 0
# stats: dump at 1402682839
stats: users 0 5
stats: {freemem,"os_mon@localhost"} 1 6414.49609375 0.0 6518.21484375 6386.5234375 6425.778401692708 48
stats: {recvpackets,"os_mon@localhost"} 1 1980.0 0.0 2584 31 1861.9574468085107 47
stats: {sentpackets,"os_mon@localhost"} 1 944.0 0.0 1698 39 1097.595744680851 47
stats: {cpu,"os_mon@localhost"} 1 3.0440251572327046 0.0 20.472243154986185 0.9528585757271816 3.877916167463684 48
stats: {load,"os_mon@localhost"} 1 0.0703125 0.0 0.33984375 0.01171875 0.130615234375 48
stats: session 13 43.89167668269231 5.4917737217732725 1041.073974609375 31.3369140625 47.21423986351878 2549
stats: users_count 13 2562
stats: finish_users_count 13 2562
stats: request 11 41.89000355113637 5.100328575142682 1038.764892578125 29.05615234375 44.6975007624007 2549
stats: tr_register 11 42.46939364346591 5.060194935983569 1039.10009765625 29.35009765625 45.21540204568581 2549
stats: page 11 41.89000355113637 5.100328575142682 1038.764892578125 29.05615234375 44.6975007624007 2549
stats: connect 11 15.089022549715908 2.644396104270693 1011.326904296875 12.97802734375 15.818702646871316 2549
stats: 200 11 2560
stats: size_rcv 2583 607148
stats: newphase 0 12
stats: size_sent 1034 240640
stats: connected 0 0
# stats: dump at 1402682849
stats: users 0 5
stats: {freemem,"os_mon@localhost"} 1 6413.08203125 0.0 6518.21484375 6386.5234375 6425.548150510204 49
stats: {recvpackets,"os_mon@localhost"} 1 1954.0 0.0 2584 31 1864.4166666666667 48
stats: {sentpackets,"os_mon@localhost"} 1 955.0 0.0 1698 39 1094.3958333333333 48
stats: {cpu,"os_mon@localhost"} 1 3.4880803011292345 0.0 20.472243154986185 0.9528585757271816 3.8608979835814194 49
stats: {load,"os_mon@localhost"} 1 0.05859375 0.0 0.33984375 0.01171875 0.12938456632653061 49
stats: session 14 43.62449428013393 5.585666310333999 1041.073974609375 31.3369140625 47.19738064363168 2562
stats: users_count 14 2576
stats: finish_users_count 14 2576
stats: request 15 40.59065755208334 6.0762901770672455 1038.764892578125 29.05615234375 44.68543729782105 2560
stats: 200 15 2575
stats: page 15 40.59065755208334 6.0762901770672455 1038.764892578125 29.05615234375 44.68543729782105 2560
stats: connect 15 15.779427083333333 2.9086799333074422 1011.326904296875 12.97802734375 15.815567302703851 2560
stats: tr_register 15 41.1759765625 5.996764363084485 1039.10009765625 29.35009765625 45.20360279083253 2560
stats: size_rcv 3514 610662
stats: newphase 0 12
stats: size_sent 1410 242050
stats: connected 0 0
# stats: dump at 1402682859
stats: users 0 5
stats: {freemem,"os_mon@localhost"} 1 6401.7421875 0.0 6518.21484375 6386.5234375 6425.298828125 50
stats: {recvpackets,"os_mon@localhost"} 1 2013.0 0.0 2584 31 1866.2448979591836 49
stats: {sentpackets,"os_mon@localhost"} 1 985.0 0.0 1698 39 1091.5510204081634 49
stats: {cpu,"os_mon@localhost"} 1 3.497735279315551 0.0 20.472243154986185 0.9528585757271816 3.8534416299323753 50
stats: {load,"os_mon@localhost"} 1 0.05078125 0.0 0.33984375 0.01171875 0.12796875 50
stats: session 11 42.94708806818182 4.023557821888284 1041.073974609375 31.3369140625 47.1779627829605 2576
stats: users_count 11 2587
stats: finish_users_count 11 2587
stats: request 7 39.758963448660715 3.965986230771453 1038.764892578125 29.05615234375 44.661584211923554 2575
stats: page 7 39.758963448660715 3.965986230771453 1038.764892578125 29.05615234375 44.661584211923554 2575
stats: connect 8 14.93548583984375 0.7554317985066084 1011.326904296875 12.97802734375 15.81535677715412 2575
stats: tr_register 7 40.353969029017854 3.8962227463914685 1039.10009765625 29.35009765625 45.180140890473304 2575
stats: 200 7 2582
stats: size_rcv 1644 612306
stats: newphase 1 13
stats: size_sent 752 242802
stats: connected 1 1
# stats: dump at 1402682869
stats: users 1 5
stats: {freemem,"os_mon@localhost"} 1 6400.23046875 0.0 6518.21484375 6386.5234375 6424.836933210784 51
stats: {recvpackets,"os_mon@localhost"} 1 2006.0 0.0 2584 31 1869.18 50
stats: {sentpackets,"os_mon@localhost"} 1 1045.0 0.0 1698 39 1089.42 50
stats: {cpu,"os_mon@localhost"} 1 5.109489051094891 0.0 20.472243154986185 0.9528585757271816 3.8464669956065554 51
stats: {load,"os_mon@localhost"} 1 0.05078125 0.0 0.33984375 0.01171875 0.12645526960784315 51
stats: session 99 48.11164131549874 12.284451410655313 1041.073974609375 31.3369140625 47.15997297938007 2587
stats: users_count 100 2687
stats: finish_users_count 99 2686
stats: page 100 45.533671875 12.297055553612399 1038.764892578125 29.05615234375 44.64829283107815 2582
stats: request 100 45.533671875 12.297055553612399 1038.764892578125 29.05615234375 44.64829283107815 2582
stats: connect 99 16.542034110637626 5.3679134703632965 1011.326904296875 12.97802734375 15.81263166391429 2583
stats: 200 100 2682
stats: tr_register 100 46.09407958984375 12.245213813786865 1039.10009765625 29.35009765625 45.167056768463155 2582
stats: size_rcv 23520 635826
stats: newphase 0 13
stats: size_sent 9306 252108
stats: connected -1 0
# stats: dump at 1402682879
stats: users 0 5
stats: {freemem,"os_mon@localhost"} 1 6415.625 0.0 6518.21484375 6386.5234375 6424.363731971154 52
stats: {recvpackets,"os_mon@localhost"} 1 2354.0 0.0 2584 31 1871.862745098039 51
stats: {sentpackets,"os_mon@localhost"} 1 1535.0 0.0 1698 39 1088.549019607843 51
stats: {cpu,"os_mon@localhost"} 1 5.204928337943173 0.0 20.472243154986185 0.9528585757271816 3.8707558812890235 52
stats: {load,"os_mon@localhost"} 1 0.0390625 0.0 0.33984375 0.01171875 0.125 52
stats: session 105 51.38406808035713 13.752605416903073 1041.073974609375 31.3369140625 47.19504936258028 2686
stats: users_count 104 2791
stats: finish_users_count 105 2791
stats: request 103 48.98836421040655 13.820074887481137 1038.764892578125 29.05615234375 44.68130472682468 2682
stats: connect 103 17.548740423998787 6.601242805231283 1011.326904296875 12.97802734375 15.839555915303405 2682
stats: tr_register 103 49.529379835406566 13.803681947590963 1039.10009765625 29.35009765625 45.20162137776146 2682
stats: page 103 48.98836421040655 13.820074887481137 1038.764892578125 29.05615234375 44.68130472682468 2682
stats: 200 103 2785
stats: size_rcv 24366 660192
stats: newphase 0 13
stats: size_sent 9682 261790
stats: connected 0 0
# stats: dump at 1402682889
stats: users 0 5
stats: {freemem,"os_mon@localhost"} 1 6416.109375 0.0 6518.21484375 6386.5234375 6424.198850235849 53
stats: {recvpackets,"os_mon@localhost"} 1 2404.0 0.0 2584 31 1881.1346153846155 52
stats: {sentpackets,"os_mon@localhost"} 1 1595.0 0.0 1698 39 1097.1346153846155 52
stats: {cpu,"os_mon@localhost"} 1 4.353296426774031 0.0 20.472243154986185 0.9528585757271816 3.8959289465089135 53
stats: {load,"os_mon@localhost"} 1 0.109375 0.0 0.33984375 0.01171875 0.12337853773584906 53
stats: session 100 55.85104248046875 42.17194972317723 1041.073974609375 31.3369140625 47.35264411907134 2791
stats: users_count 100 2891
stats: finish_users_count 100 2891
stats: request 106 52.60400620946344 41.057772598680366 1038.764892578125 29.05615234375 44.840596334296464 2785
stats: tr_register 106 53.16488705041274 41.0660381375772 1039.10009765625 29.35009765625 45.361678512819786 2785
stats: page 106 52.60400620946344 41.057772598680366 1038.764892578125 29.05615234375 44.840596334296464 2785
stats: connect 106 19.930659456073123 20.371190995446934 1011.326904296875 12.97802734375 15.902768125140256 2785
stats: 200 106 2891
stats: size_rcv 24973 685165
stats: newphase 0 13
stats: size_sent 9964 271754
stats: connected 0 0
# stats: dump at 1402682899
stats: users 0 5
stats: {freemem,"os_mon@localhost"} 1 6417.21875 0.0 6518.21484375 6386.5234375 6424.049045138889 54
stats: {recvpackets,"os_mon@localhost"} 1 2294.0 0.0 2584 31 1891.0 53
stats: {sentpackets,"os_mon@localhost"} 1 1455.0 0.0 1698 39 1106.5283018867926 53
stats: {cpu,"os_mon@localhost"} 1 4.073422177520744 0.0 20.472243154986185 0.9528585757271816 3.904398714661971 54
stats: {load,"os_mon@localhost"} 1 0.1015625 0.0 0.33984375 0.01171875 0.12311921296296297 54
stats: session 91 56.18853558550824 18.667240710295022 1041.073974609375 31.3369140625 47.64660462966967 2891
stats: users_count 91 2982
stats: finish_users_count 91 2982
stats: request 86 54.34087141170058 18.670831735824667 1038.764892578125 29.05615234375 45.125245745146586 2891
stats: page 86 54.34087141170058 18.670831735824667 1038.764892578125 29.05615234375 45.125245745146586 2891
stats: connect 86 19.137874159702026 7.438574720054976 1011.326904296875 12.97802734375 16.050452829768027 2891
stats: tr_register 86 54.89271438953488 18.631229959099073 1039.10009765625 29.35009765625 45.64778716207087 2891
stats: 200 86 2977
stats: size_rcv 20286 705451
stats: newphase 0 13
stats: size_sent 8084 279838
stats: connected 0 0
# stats: dump at 1402682909
stats: users 0 5
stats: {freemem,"os_mon@localhost"} 1 6417.859375 0.0 6518.21484375 6386.5234375 6423.924857954546 55
stats: {recvpackets,"os_mon@localhost"} 1 2340.0 0.0 2584 31 1898.462962962963 54
stats: {sentpackets,"os_mon@localhost"} 1 1466.0 0.0 1698 39 1112.9814814814815 54
stats: {cpu,"os_mon@localhost"} 1 4.114400401404917 0.0 20.472243154986185 0.9528585757271816 3.9074718685321304 55
stats: {load,"os_mon@localhost"} 1 0.078125 0.0 0.33984375 0.01171875 0.12272727272727273 55
stats: session 99 46.79437194207702 7.530756757700916 1041.073974609375 31.3369140625 47.90727388419056 2982
stats: users_count 99 3081
stats: finish_users_count 99 3081
stats: request 101 43.95228380259901 8.152198673881148 1038.764892578125 29.05615234375 45.39146805193988 2977
stats: page 101 43.95228380259901 8.152198673881148 1038.764892578125 29.05615234375 45.39146805193988 2977
stats: connect 101 16.260263575185654 3.1917467439308145 1011.326904296875 12.97802734375 16.13964269687395 2977
stats: tr_register 101 44.509151647586634 8.089012857699037 1039.10009765625 29.35009765625 45.914855936529015 2977
stats: 200 101 3078
stats: size_rcv 23755 729206
stats: newphase 0 13
stats: size_sent 9494 289332
stats: connected 0 0
# stats: dump at 1402682919
stats: users 0 5
stats: {freemem,"os_mon@localhost"} 1 6416.38671875 0.0 6518.21484375 6386.5234375 6423.816545758928 56
stats: {recvpackets,"os_mon@localhost"} 1 2296.0 0.0 2584 31 1906.490909090909 55
stats: {sentpackets,"os_mon@localhost"} 1 1473.0 0.0 1698 39 1119.4 55
stats: {cpu,"os_mon@localhost"} 1 4.296482412060302 0.0 20.472243154986185 0.9528585757271816 3.9111670209048586 56
stats: {load,"os_mon@localhost"} 1 0.140625 0.0 0.33984375 0.01171875 0.12193080357142858 56
stats: session 89 47.1934937895014 7.1458001916041365 1041.073974609375 31.3369140625 47.871513646517975 3081
stats: users_count 89 3170
stats: finish_users_count 89 3170
stats: request 91 44.76269262963598 7.21459046996381 1038.764892578125 29.05615234375 45.34424335759829 3078
stats: page 91 44.76269262963598 7.21459046996381 1038.764892578125 29.05615234375 45.34424335759829 3078
stats: connect 91 17.506028395432686 4.545726563338864 1011.326904296875 12.97802734375 16.14360069190627 3078
stats: tr_register 91 45.34566288203983 7.171773897458919 1039.10009765625 29.35009765625 45.868729837379185 3078
stats: 200 91 3169
stats: size_rcv 21397 750603
stats: newphase 1 14
stats: size_sent 8554 297886
stats: connected 0 0
# stats: dump at 1402682929
stats: users 0 5
stats: {freemem,"os_mon@localhost"} 1 6417.28515625 0.0 6518.21484375 6386.5234375 6423.686197916667 57
stats: {recvpackets,"os_mon@localhost"} 1 2272.0 0.0 2584 31 1913.4464285714287 56
stats: {sentpackets,"os_mon@localhost"} 1 1366.0 0.0 1698 39 1125.7142857142858 56
stats: {cpu,"os_mon@localhost"} 1 3.819095477386935 0.0 20.472243154986185 0.9528585757271816 3.9179269400479364 57
stats: {load,"os_mon@localhost"} 1 0.12109375 0.0 0.33984375 0.01171875 0.12225877192982457 57
stats: session 13 42.90855994591346 6.786738239767999 1041.073974609375 31.3369140625 47.85247775778785 3170
stats: users_count 13 3183
stats: finish_users_count 13 3183
stats: request 13 40.37884990985577 6.8522206903027065 1038.764892578125 29.05615234375 45.32754373114055 3169
stats: page 13 40.37884990985577 6.8522206903027065 1038.764892578125 29.05615234375 45.32754373114055 3169
stats: connect 13 15.291034405048077 2.1380414809342936 1011.326904296875 12.97802734375 16.1827237341975 3169
stats: tr_register 13 40.95772611177885 6.773270398457917 1039.10009765625 29.35009765625 45.85370961240731 3169
stats: 200 13 3182
stats: size_rcv 3036 753639
stats: newphase 0 14
stats: size_sent 1222 299108
stats: connected 0 0
# stats: dump at 1402682939
stats: users 0 5
stats: {freemem,"os_mon@localhost"} 1 6417.56640625 0.0 6518.21484375 6386.5234375 6423.575835129311 58
stats: {recvpackets,"os_mon@localhost"} 1 1973.0 0.0 2584 31 1919.7368421052631 57
stats: {sentpackets,"os_mon@localhost"} 1 947.0 0.0 1698 39 1129.9298245614036 57
stats: {cpu,"os_mon@localhost"} 1 3.241206030150754 0.0 20.472243154986185 0.9528585757271816 3.916222949312402 58
stats: {load,"os_mon@localhost"} 1 0.1015625 0.0 0.33984375 0.01171875 0.12223868534482758 58
stats: session 8 44.71002197265625 4.703978748947606 1041.073974609375 31.3369140625 47.83228582201834 3183
stats: users_count 8 3191
stats: finish_users_count 8 3191
stats: request 9 42.315022786458336 4.497870578679933 1038.764892578125 29.05615234375 45.3073259374018 3182
stats: page 9 42.315022786458336 4.497870578679933 1038.764892578125 29.05615234375 45.3073259374018 3182
stats: connect 9 14.501573350694445 0.5596196060836113 1011.326904296875 12.97802734375 16.179080754537242 3182
stats: tr_register 9 42.846652560763886 4.466530258856685 1039.10009765625 29.35009765625 45.833707165673125 3182
stats: 200 9 3191
stats: size_rcv 2136 755775
stats: newphase 0 14
stats: size_sent 846 299954
stats: connected 0 0
# stats: dump at 1402682949
stats: users 0 5
stats: {freemem,"os_mon@localhost"} 1 6416.69921875 0.0 6518.21484375 6386.5234375 6423.473980402542 59
stats: {recvpackets,"os_mon@localhost"} 1 1973.0 0.0 2584 31 1920.655172413793 58
stats: {sentpackets,"os_mon@localhost"} 1 958.0 0.0 1698 39 1126.7758620689656 58
stats: {cpu,"os_mon@localhost"} 1 3.676838419209605 0.0 20.472243154986185 0.9528585757271816 3.9047819845808482 59
stats: {load,"os_mon@localhost"} 1 0.08984375 0.0 0.33984375 0.01171875 0.12188824152542373 59
stats: session 6 42.751057942708336 6.119905636314616 1041.073974609375 31.3369140625 47.82445814705911 3191
stats: users_count 6 3197
stats: finish_users_count 6 3197
stats: request 6 40.127482096354164 6.157436905798275 1038.764892578125 29.05615234375 45.29888634844583 3191
stats: page 6 40.127482096354164 6.157436905798275 1038.764892578125 29.05615234375 45.29888634844583 3191
stats: connect 6 16.6832275390625 3.3334561536433966 1011.326904296875 12.97802734375 16.174349458192967 3191
stats: tr_register 6 40.738972981770836 6.112026675608125 1039.10009765625 29.35009765625 45.825282379886794 3191
stats: 200 6 3197
stats: size_rcv 1378 757153
stats: newphase 0 14
stats: size_sent 564 300518
stats: connected 0 0
# stats: dump at 1402682959
stats: users 0 5
stats: {freemem,"os_mon@localhost"} 1 6413.71484375 0.0 6518.21484375 6386.5234375 6423.361067708333 60
stats: {recvpackets,"os_mon@localhost"} 1 1920.0 0.0 2584 31 1921.542372881356 59
stats: {sentpackets,"os_mon@localhost"} 1 904.0 0.0 1698 39 1123.915254237288 59
stats: {cpu,"os_mon@localhost"} 1 5.458187280921382 0.0 20.472243154986185 0.9528585757271816 3.9009829251579946 60
stats: {load,"os_mon@localhost"} 1 0.1484375 0.0 0.33984375 0.01171875 0.12135416666666667 60
stats: session 4 50.227783203125 3.158608551519088 1041.073974609375 31.3369140625 47.814936595221106 3197
stats: users_count 4 3201
stats: finish_users_count 4 3201
stats: request 4 47.89373779296875 3.0762280625555483 1038.764892578125 29.05615234375 45.28918086658392 3197
stats: page 4 47.89373779296875 3.0762280625555483 1038.764892578125 29.05615234375 45.28918086658392 3197
stats: connect 4 16.570556640625 3.145194496673842 1011.326904296875 12.97802734375 16.17530449994624 3197
stats: tr_register 4 48.2841796875 3.132289790546315 1039.10009765625 29.35009765625 45.81573660059724 3197
stats: 200 4 3201
stats: size_rcv 955 758108
stats: newphase 1 15
stats: size_sent 376 300894
stats: connected 0 0
# stats: dump at 1402682969
stats: users 0 5
stats: {freemem,"os_mon@localhost"} 1 6413.95703125 0.0 6518.21484375 6386.5234375 6423.202932889344 61
stats: {recvpackets,"os_mon@localhost"} 1 1973.0 0.0 2584 31 1921.5166666666667 60
stats: {sentpackets,"os_mon@localhost"} 1 965.0 0.0 1698 39 1120.25 60
stats: {cpu,"os_mon@localhost"} 1 3.998993963782696 0.0 20.472243154986185 0.9528585757271816 3.9265108654164105 61
stats: {load,"os_mon@localhost"} 1 0.12890625 0.0 0.33984375 0.01171875 0.12179815573770492 61
stats: session 11 46.53730912642045 7.02596622788445 1041.073974609375 31.3369140625 47.81795171125722 3201
stats: users_count 11 3212
stats: finish_users_count 11 3212
stats: request 11 43.91974431818182 7.06744528579009 1038.764892578125 29.05615234375 45.29243554565469 3201
stats: page 11 43.91974431818182 7.06744528579009 1038.764892578125 29.05615234375 45.29243554565469 3201
stats: connect 11 16.771528764204547 2.940319228060956 1011.326904296875 12.97802734375 16.175798410774952 3201
stats: tr_register 11 44.53260387073863 6.966629530980744 1039.10009765625 29.35009765625 45.81882119052152 3201
stats: 200 11 3212
stats: size_rcv 2586 760694
stats: newphase 0 15
stats: size_sent 1034 301928
stats: connected 0 0
# stats: dump at 1402682979
stats: users 0 5
stats: {freemem,"os_mon@localhost"} 1 6413.40234375 0.0 6518.21484375 6386.5234375 6423.053805443548 62
stats: {recvpackets,"os_mon@localhost"} 1 1995.0 0.0 2584 31 1922.360655737705 61
stats: {sentpackets,"os_mon@localhost"} 1 937.0 0.0 1698 39 1117.704918032787 61
stats: {cpu,"os_mon@localhost"} 1 3.4378920953575913 0.0 20.472243154986185 0.9528585757271816 3.9276799476481252 62
stats: {load,"os_mon@localhost"} 1 0.109375 0.0 0.33984375 0.01171875 0.12191280241935484 62
stats: session 13 43.73587740384615 6.1602573689561515 1041.073974609375 31.3369140625 47.81356594898038 3212
stats: users_count 13 3225
stats: finish_users_count 13 3225
stats: request 13 41.22276893028846 6.2277186414445875 1038.764892578125 29.05615234375 45.28773454830033 3212
stats: page 13 41.22276893028846 6.2277186414445875 1038.764892578125 29.05615234375 45.28773454830033 3212
stats: connect 13 15.078481820913462 1.832443913138257 1011.326904296875 12.97802734375 16.177838583218204 3212
stats: tr_register 13 41.74639423076923 6.143392622856802 1039.10009765625 29.35009765625 45.81441633668664 3212
stats: 200 13 3225
stats: size_rcv 3063 763757
stats: newphase 0 15
stats: size_sent 1222 303150
stats: connected 0 0
# stats: dump at 1402682989
stats: users 1 5
stats: {freemem,"os_mon@localhost"} 1 6410.3125 0.0 6518.21484375 6386.5234375 6422.900607638889 63
stats: {recvpackets,"os_mon@localhost"} 1 1973.0 0.0 2584 31 1923.532258064516 62
stats: {sentpackets,"os_mon@localhost"} 1 962.0 0.0 1698 39 1114.7903225806451 62
stats: {cpu,"os_mon@localhost"} 1 3.9146800501882058 0.0 20.472243154986185 0.9528585757271816 3.9199055372943072 63
stats: {load,"os_mon@localhost"} 1 0.171875 0.0 0.33984375 0.01171875 0.12171378968253968 63
stats: session 60 44.013859049479166 8.173393269345082 1041.073974609375 31.3369140625 47.79712875484496 3225
stats: users_count 61 3286
stats: finish_users_count 60 3285
stats: request 58 41.34238197063578 8.372568105644236 1038.764892578125 29.05615234375 45.27134864038276 3225
stats: page 58 41.34238197063578 8.372568105644236 1038.764892578125 29.05615234375 45.27134864038276 3225
stats: connect 58 15.006255051185345 2.0386224614492905 1011.326904296875 12.97802734375 16.173407067587206 3225
stats: tr_register 58 41.90432213092672 8.301309159668055 1039.10009765625 29.35009765625 45.79801810804263 3225
stats: 200 58 3283
stats: size_rcv 13602 777359
stats: newphase 1 16
stats: size_sent 5452 308602
stats: connected 0 0
# stats: dump at 1402682999
stats: users 1 5
stats: {freemem,"os_mon@localhost"} 1 6410.3515625 0.0 6518.21484375 6386.5234375 6422.703918457031 64
stats: {recvpackets,"os_mon@localhost"} 1 2258.0 0.0 2584 31 1924.3174603174602 63
stats: {sentpackets,"os_mon@localhost"} 1 1374.0 0.0 1698 39 1112.3650793650793 63
stats: {cpu,"os_mon@localhost"} 1 4.36418359668924 0.0 20.472243154986185 0.9528585757271816 3.919823889058274 64
stats: {load,"os_mon@localhost"} 1 0.21875 0.0 0.33984375 0.01171875 0.12249755859375 64
stats: session 99 44.572795829387616 9.267107672142815 1041.073974609375 31.3369140625 47.7280279383086 3285
stats: users_count 99 3385
stats: finish_users_count 99 3384
stats: request 98 41.96511529416456 9.347574363171784 1038.764892578125 29.05615234375 45.20193649696353 3283
stats: page 98 41.96511529416456 9.347574363171784 1038.764892578125 29.05615234375 45.20193649696353 3283
stats: connect 99 15.339794428661614 4.16952615224851 1011.326904296875 12.97802734375 16.152787263459487 3283
stats: tr_register 98 42.519643355389015 9.290713914615074 1039.10009765625 29.35009765625 45.72922908377437 3283
stats: 200 98 3381
stats: size_rcv 23109 800468
stats: newphase 0 16
stats: size_sent 9306 317908
stats: connected 1 1
# stats: dump at 1402683009
stats: users 2 5
stats: {freemem,"os_mon@localhost"} 1 6410.23828125 0.0 6518.21484375 6386.5234375 6422.513882211539 65
stats: {recvpackets,"os_mon@localhost"} 1 2309.0 0.0 2584 31 1929.53125 64
stats: {sentpackets,"os_mon@localhost"} 1 1.5e3 0.0 1698 39 1116.453125 64
stats: {cpu,"os_mon@localhost"} 1 4.37625754527163 0.0 20.472243154986185 0.9528585757271816 3.9266601922525965 65
stats: {load,"os_mon@localhost"} 1 0.19140625 0.0 0.33984375 0.01171875 0.12397836538461539 65
stats: session 107 44.327139310747675 7.461765629533917 1041.073974609375 31.3369140625 47.63572061597315 3384
stats: users_count 108 3493
stats: finish_users_count 107 3491
stats: request 108 42.066505714699076 7.433691114091203 1038.764892578125 29.05615234375 45.108115592534574 3381
stats: page 108 42.066505714699076 7.433691114091203 1038.764892578125 29.05615234375 45.108115592534574 3381
stats: connect 107 15.174724828417055 1.883254003926508 1011.326904296875 12.97802734375 16.12898883334565 3382
stats: tr_register 108 42.62302879050926 7.3522872905119785 1039.10009765625 29.35009765625 45.636197613386386 3381
stats: 200 108 3489
stats: size_rcv 25345 825813
stats: newphase 0 16
stats: size_sent 10058 327966
stats: connected -1 0
# stats: dump at 1402683019
stats: users 1 5
stats: {freemem,"os_mon@localhost"} 1 6410.28515625 0.0 6518.21484375 6386.5234375 6422.327888257576 66
stats: {recvpackets,"os_mon@localhost"} 1 2464.0 0.0 2584 31 1935.3692307692309 65
stats: {sentpackets,"os_mon@localhost"} 1 1652.0 0.0 1698 39 1122.3538461538462 65
stats: {cpu,"os_mon@localhost"} 1 4.52147701582517 0.0 20.472243154986185 0.9528585757271816 3.9334722733589453 66
stats: {load,"os_mon@localhost"} 1 0.23828125 0.0 0.33984375 0.01171875 0.125 66
stats: session 94 46.04090654089096 14.434615121668433 1041.073974609375 31.3369140625 47.53431179338388 3491
stats: users_count 93 3586
stats: finish_users_count 94 3585
stats: request 94 43.37233523105052 14.548425743501802 1038.764892578125 29.05615234375 45.01396429794981 3489
stats: page 94 43.37233523105052 14.548425743501802 1038.764892578125 29.05615234375 45.01396429794981 3489
stats: connect 94 14.93451836768617 1.66110626381277 1011.326904296875 12.97802734375 16.099723643168705 3489
stats: tr_register 94 43.94241917386966 14.500038421110006 1039.10009765625 29.35009765625 45.54292669539535 3489
stats: 200 94 3583
stats: size_rcv 21995 847808
stats: newphase 0 16
stats: size_sent 8836 336802
stats: connected 0 0
# stats: dump at 1402683029
stats: users 1 6
stats: {freemem,"os_mon@localhost"} 1 6409.23828125 0.0 6518.21484375 6386.5234375 6422.148145988806 67
stats: {recvpackets,"os_mon@localhost"} 1 2249.0 0.0 2584 31 1943.378787878788 66
stats: {sentpackets,"os_mon@localhost"} 1 1406.0 0.0 1698 39 1130.378787878788 66
stats: {cpu,"os_mon@localhost"} 1 4.0442099974880685 0.0 20.472243154986185 0.9528585757271816 3.9422484635450084 67
stats: {load,"os_mon@localhost"} 1 0.19921875 0.0 0.33984375 0.01171875 0.12669076492537312 67
stats: session 113 46.07041188467921 6.911775414443771 1041.073974609375 31.3369140625 47.495154166121864 3585
stats: users_count 113 3699
stats: finish_users_count 113 3698
stats: request 114 43.32941851699562 6.980390893918434 1038.764892578125 29.05615234375 44.970896161670574 3583
stats: page 114 43.32941851699562 6.980390893918434 1038.764892578125 29.05615234375 44.970896161670574 3583
stats: connect 114 16.09041341145833 3.471266924170388 1011.326904296875 12.97802734375 16.06915448439244 3583
stats: tr_register 114 43.90055338541665 6.94550731457653 1039.10009765625 29.35009765625 45.500937382801595 3583
stats: 200 114 3697
stats: size_rcv 26829 874637
stats: newphase 0 16
stats: size_sent 10716 347518
stats: connected 0 0
# stats: dump at 1402683039
stats: users 1 6
stats: {freemem,"os_mon@localhost"} 1 6407.53515625 0.0 6518.21484375 6386.5234375 6421.958295036765 68
stats: {recvpackets,"os_mon@localhost"} 1 2428.0 0.0 2584 31 1947.9402985074628 67
stats: {sentpackets,"os_mon@localhost"} 1 1645.0 0.0 1698 39 1134.4925373134329 67
stats: {cpu,"os_mon@localhost"} 1 4.016165698408689 0.0 20.472243154986185 0.9528585757271816 3.9437478978677 68
stats: {load,"os_mon@localhost"} 1 0.171875 0.0 0.33984375 0.01171875 0.12775735294117646 68
stats: session 111 45.517424162443696 7.364682532604129 1041.073974609375 31.3369140625 47.451618233779236 3698
stats: users_count 111 3810
stats: finish_users_count 111 3809
stats: request 112 43.00673566545759 7.445679955653001 1038.764892578125 29.05615234375 44.920279864269176 3697
stats: page 112 43.00673566545759 7.445679955653001 1038.764892578125 29.05615234375 44.920279864269176 3697
stats: connect 112 16.406472342354917 3.2720722520343637 1011.326904296875 12.97802734375 16.06981002068822 3697
stats: tr_register 112 43.58055114746093 7.372403401201642 1039.10009765625 29.35009765625 45.45158824141618 3697
stats: 200 112 3809
stats: size_rcv 26291 900928
stats: newphase 0 16
stats: size_sent 10528 358046
stats: connected 0 0
# stats: dump at 1402683049
stats: users 0 6
stats: {freemem,"os_mon@localhost"} 1 6405.37109375 0.0 6518.21484375 6386.5234375 6421.749264039855 69
stats: {recvpackets,"os_mon@localhost"} 1 2296.0 0.0 2584 31 1955.0 68
stats: {sentpackets,"os_mon@localhost"} 1 1439.0 0.0 1698 39 1142.0 68
stats: {cpu,"os_mon@localhost"} 1 4.0954773869346734 0.0 20.472243154986185 0.9528585757271816 3.9447974312088743 69
stats: {load,"os_mon@localhost"} 1 0.140625 0.0 0.33984375 0.01171875 0.12839673913043478 69
stats: session 19 43.304147820723685 4.738723604189254 1041.073974609375 31.3369140625 47.39525290379282 3809
stats: users_count 18 3828
stats: finish_users_count 19 3828
stats: request 19 40.67292865953947 4.802466922535098 1038.764892578125 29.05615234375 44.86401392825792 3809
stats: page 19 40.67292865953947 4.802466922535098 1038.764892578125 29.05615234375 44.86401392825792 3809
stats: connect 19 15.601292660361842 2.701471128465873 1011.326904296875 12.97802734375 16.079709254089813 3809
stats: tr_register 19 41.272165398848685 4.749712183452957 1039.10009765625 29.35009765625 45.3965721861463 3809
stats: 200 19 3828
stats: size_rcv 4424 905352
stats: newphase 1 17
stats: size_sent 1786 359832
stats: connected 0 0
# stats: dump at 1402683059
stats: users 0 6
stats: {freemem,"os_mon@localhost"} 1 6404.8515625 0.0 6518.21484375 6386.5234375 6421.515290178571 70
stats: {recvpackets,"os_mon@localhost"} 1 2026.0 0.0 2584 31 1959.9420289855072 69
stats: {sentpackets,"os_mon@localhost"} 1 963.0 0.0 1698 39 1146.304347826087 69
stats: {cpu,"os_mon@localhost"} 1 5.112062452782674 0.0 20.472243154986185 0.9528585757271816 3.9469500020049564 70
stats: {load,"os_mon@localhost"} 1 0.12109375 0.0 0.33984375 0.01171875 0.12857142857142856 70
stats: session 15 53.84646809895833 32.94332221964122 1041.073974609375 31.3369140625 47.374947000820434 3828
stats: users_count 15 3843
stats: finish_users_count 15 3843
stats: request 15 51.26534830729167 32.99535561748179 1038.764892578125 29.05615234375 44.8432117808949 3828
stats: page 15 51.26534830729167 32.99535561748179 1038.764892578125 29.05615234375 44.8432117808949 3828
stats: connect 15 16.150602213541667 3.4259474384436235 1011.326904296875 12.97802734375 16.077334668070787 3828
stats: tr_register 15 51.82255859375 32.95780141024233 1039.10009765625 29.35009765625 45.37610099258343 3828
stats: 200 15 3843
stats: size_rcv 3525 908877
stats: newphase 0 17
stats: size_sent 1410 361242
stats: connected 0 0
# stats: dump at 1402683062
stats: users 0 6
stats: {freemem,"os_mon@localhost"} 1 6404.078125 0.0 6518.21484375 6386.5234375 6421.280589788732 71
stats: {recvpackets,"os_mon@localhost"} 1 2157.0 0.0 2584 31 1960.8857142857144 70
stats: {sentpackets,"os_mon@localhost"} 1 1050.0 0.0 1698 39 1143.6857142857143 70
stats: {cpu,"os_mon@localhost"} 1 4.187689202825428 0.0 20.472243154986185 0.9528585757271816 3.9633600365229524 71
stats: {load,"os_mon@localhost"} 1 0.1015625 0.0 0.33984375 0.01171875 0.12846610915492956 71
stats: session 0 0 0 1041.073974609375 31.3369140625 47.40020664601223 3843
stats: users_count 0 3843
stats: finish_users_count 0 3843
stats: request 0 0 0 1038.764892578125 29.05615234375 44.86827866819543 3843
stats: page 0 0 0 1038.764892578125 29.05615234375 44.86827866819543 3843
stats: connect 0 0 0 1011.326904296875 12.97802734375 16.077620646000025 3843
stats: tr_register 0 0 0 1039.10009765625 29.35009765625 45.401262809918194 3843
stats: 200 0 3843
stats: size_rcv 0 908877
stats: newphase 0 17
stats: size_sent 0 361242
stats: connected 0 0
EndMonitor:{1402,683062,437163}
