# stats: dump at 1402702310
stats: users 0 1
stats: {freemem,"os_mon@localhost"} 1 464.42578125 0 464.42578125 464.42578125 0 0
stats: {cpu,"os_mon@localhost"} 1 1.002407780417705 0 1.002407780417705 1.002407780417705 0 0
stats: {load,"os_mon@localhost"} 1 0.0 0 0.0 0.0 0 0
stats: session 5 21.830859375 5.032684698320838 31.89208984375 19.05810546875 0 0
stats: users_count 5 5
stats: finish_users_count 5 5
stats: request 5 18.0931640625 1.9683886762596794 22.02001953125 16.866943359375 0 0
stats: page 5 18.0931640625 1.9683886762596794 22.02001953125 16.866943359375 0 0
stats: connect 5 2.63544921875 1.5962871880557064 5.822998046875 1.677978515625 0 0
stats: tr_register 5 19.8833984375 4.980784795808731 29.841064453125 17.15185546875 0 0
stats: 200 5 5
stats: size_rcv 1194 1194
stats: size_sent 470 470
stats: connected 0 0
# stats: dump at 1402702320
stats: users 0 1
stats: {freemem,"os_mon@localhost"} 1 467.2734375 0.0 467.2734375 464.42578125 464.42578125 1
stats: {recvpackets,"os_mon@localhost"} 1 38 0 38 38 0 0
stats: {sentpackets,"os_mon@localhost"} 1 58 0 58 58 0 0
stats: {cpu,"os_mon@localhost"} 1 1.0967098703888334 0.0 1.0967098703888334 1.002407780417705 1.002407780417705 1
stats: {load,"os_mon@localhost"} 1 0.3203125 0.0 0.3203125 0.0 0.0 1
stats: session 9 19.96530490451389 0.7170894943167366 31.89208984375 18.93408203125 21.830859375 5
stats: users_count 9 14
stats: finish_users_count 9 14
stats: request 9 17.758192274305557 0.6990139918815725 22.02001953125 16.721923828125 18.0931640625 5
stats: page 9 17.758192274305557 0.6990139918815725 22.02001953125 16.721923828125 18.0931640625 5
stats: connect 9 1.7650553385416667 0.26797819278491347 5.822998046875 1.194091796875 2.63544921875 5
stats: tr_register 9 18.03762478298611 0.7162157840153357 29.841064453125 16.93310546875 19.8833984375 5
stats: 200 9 14
stats: size_rcv 2150 3344
stats: size_sent 846 1316
stats: connected 0 0
# stats: dump at 1402702330
stats: users 0 1
stats: {freemem,"os_mon@localhost"} 1 467.2265625 0.0 467.2734375 464.42578125 465.849609375 2
stats: {recvpackets,"os_mon@localhost"} 1 36.0 0.0 38 36 38.0 1
stats: {sentpackets,"os_mon@localhost"} 1 54.0 0.0 58 54 58.0 1
stats: {cpu,"os_mon@localhost"} 1 0.7976071784646062 0.0 1.0967098703888334 0.7976071784646062 1.049558825403269 2
stats: {load,"os_mon@localhost"} 1 0.26953125 0.0 0.3203125 0.0 0.16015625 2
stats: session 6 20.439453125 0.712861068321896 31.89208984375 18.93408203125 20.631574358258927 14
stats: users_count 6 20
stats: finish_users_count 6 20
stats: request 6 18.1492919921875 0.6535175103804319 22.02001953125 16.721923828125 17.877825055803573 14
stats: page 6 18.1492919921875 0.6535175103804319 22.02001953125 16.721923828125 17.877825055803573 14
stats: connect 6 2.02880859375 0.310587626408523 5.822998046875 1.194091796875 2.0759102957589284 14
stats: tr_register 6 18.523518880208332 0.7140641492309368 29.841064453125 16.93310546875 18.696829659598215 14
stats: 200 6 20
stats: size_rcv 1434 4778
stats: size_sent 564 1880
stats: connected 0 0
# stats: dump at 1402702340
stats: users 0 3
stats: {freemem,"os_mon@localhost"} 1 467.375 0.0 467.375 464.42578125 466.30859375 3
stats: {recvpackets,"os_mon@localhost"} 1 20.0 0.0 38 20 37.0 2
stats: {sentpackets,"os_mon@localhost"} 1 30.0 0.0 58 30 56.0 2
stats: {cpu,"os_mon@localhost"} 1 0.6979062811565304 0.0 1.0967098703888334 0.6979062811565304 0.9655749430903814 3
stats: {load,"os_mon@localhost"} 1 0.23046875 0.0 0.3203125 0.0 0.19661458333333334 3
stats: session 59 20.03759765625 3.4682292346360972 31.923095703125 9.569091796875 20.57393798828125 20
stats: users_count 59 79
stats: finish_users_count 59 79
stats: request 55 17.785617897727274 3.605760675553869 29.678955078125 7.0810546875 17.95926513671875 20
stats: page 55 17.785617897727274 3.605760675553869 29.678955078125 7.0810546875 17.95926513671875 20
stats: connect 56 1.7505929129464286 0.18223000846985785 5.822998046875 1.194091796875 2.06177978515625 20
stats: tr_register 55 18.103102805397725 3.5758430221412505 29.919921875 7.635986328125 18.64483642578125 20
stats: 200 53 73
stats: size_rcv 13121 17899
stats: newphase 1 1
stats: size_sent 5264 7144
stats: connected 1 1
stats: 403 2 2
# stats: dump at 1402702350
stats: users 0 3
stats: {freemem,"os_mon@localhost"} 1 467.1171875 0.0 467.375 464.42578125 466.5751953125 4
stats: {recvpackets,"os_mon@localhost"} 1 325.0 0.0 325 20 31.333333333333332 3
stats: {sentpackets,"os_mon@localhost"} 1 491.0 0.0 491 30 47.333333333333336 3
stats: {cpu,"os_mon@localhost"} 1 3.2835820895522385 0.0 3.2835820895522385 0.6979062811565304 0.8986577776069187 4
stats: {load,"os_mon@localhost"} 1 0.19921875 0.0 0.3203125 0.0 0.205078125 4
stats: session 96 20.242675781250004 2.5153061966353616 33.13916015625 9.569091796875 20.173380018789558 79
stats: users_count 96 175
stats: finish_users_count 96 175
stats: request 96 18.001963297526036 2.51664906909939 31.01806640625 7.0810546875 17.831923828125 75
stats: page 96 18.001963297526036 2.51664906909939 31.01806640625 7.0810546875 17.831923828125 75
stats: connect 96 1.7386372884114583 0.24078917062657673 5.822998046875 1.14501953125 1.832484195106908 76
stats: tr_register 96 18.308965047200523 2.514895474044082 31.27587890625 7.635986328125 18.247565104166668 75
stats: 200 96 169
stats: size_rcv 22916 40815
stats: newphase 0 1
stats: size_sent 9024 16168
stats: connected 0 1
stats: 403 0 2
# stats: dump at 1402702360
stats: users 0 3
stats: {freemem,"os_mon@localhost"} 1 467.01171875 0.0 467.375 464.42578125 466.68359375 5
stats: {recvpackets,"os_mon@localhost"} 1 388.0 0.0 388 20 104.75 4
stats: {sentpackets,"os_mon@localhost"} 1 590.0 0.0 590 30 158.25 4
stats: {cpu,"os_mon@localhost"} 1 3.493013972055888 0.0 3.493013972055888 0.6979062811565304 1.3756426399959827 5
stats: {load,"os_mon@localhost"} 1 0.171875 0.0 0.3203125 0.0 0.20390625 5
stats: session 85 20.699865004595587 3.3921337235580413 37.705078125 9.569091796875 20.21139369419643 175
stats: users_count 85 260
stats: finish_users_count 85 260
stats: request 85 18.46789981617648 3.3742274286496716 35.341064453125 7.0810546875 17.92738458287646 171
stats: page 85 18.46789981617648 3.3742274286496716 35.341064453125 7.0810546875 17.92738458287646 171
stats: connect 84 1.6498616536458333 0.2687081373898605 5.822998046875 1.003173828125 1.7801045262536337 172
stats: tr_register 85 18.72333984375 3.379704941600332 35.711181640625 7.635986328125 18.28203524762427 171
stats: 200 85 254
stats: size_rcv 20298 61113
stats: newphase 0 1
stats: size_sent 7896 24064
stats: connected -1 0
stats: 403 0 2
# stats: dump at 1402702370
stats: users 0 4
stats: {freemem,"os_mon@localhost"} 1 466.88671875 0.0 467.375 464.42578125 466.73828125 6
stats: {recvpackets,"os_mon@localhost"} 1 362.0 0.0 388 20 161.4 5
stats: {sentpackets,"os_mon@localhost"} 1 542.0 0.0 590 30 244.6 5
stats: {cpu,"os_mon@localhost"} 1 3.489531405782652 0.0 3.493013972055888 0.6979062811565304 1.728537862005967 6
stats: {load,"os_mon@localhost"} 1 0.140625 0.0 0.3203125 0.0 0.19856770833333334 6
stats: session 93 20.802135836693544 6.306017878580257 52.52783203125 8.39208984375 20.37108623798077 260
stats: users_count 93 353
stats: finish_users_count 93 353
stats: request 95 18.536184210526308 6.260861569711857 50.31103515625 5.93896484375 18.106852531433105 256
stats: page 95 18.536184210526308 6.260861569711857 50.31103515625 5.93896484375 18.106852531433105 256
stats: connect 95 1.5536261307565788 0.1964274392484936 5.822998046875 1.003173828125 1.7373685836791992 256
stats: tr_register 95 18.787129934210526 6.232394094943429 50.52197265625 6.382080078125 18.42856216430664 256
stats: 200 90 344
stats: size_rcv 22637 83750
stats: newphase 0 1
stats: size_sent 8930 32994
stats: connected 0 0
stats: 403 5 7
# stats: dump at 1402702380
stats: users 1 4
stats: {freemem,"os_mon@localhost"} 1 466.7734375 0.0 467.375 464.42578125 466.75948660714283 7
stats: {recvpackets,"os_mon@localhost"} 1 361.0 0.0 388 20 194.83333333333334 6
stats: {sentpackets,"os_mon@localhost"} 1 541.0 0.0 590 30 294.1666666666667 6
stats: {cpu,"os_mon@localhost"} 1 3.3966033966033966 0.0 3.493013972055888 0.6979062811565304 1.980108368259779 7
stats: {load,"os_mon@localhost"} 1 0.12109375 0.0 0.3203125 0.0 0.19029017857142858 7
stats: session 91 19.877006782280212 3.782762087038698 52.52783203125 8.39208984375 20.48464888013456 353
stats: users_count 92 445
stats: finish_users_count 91 444
stats: request 92 17.653251316236414 3.785872517288038 50.31103515625 5.93896484375 18.223053413238958 351
stats: page 92 17.653251316236414 3.785872517288038 50.31103515625 5.93896484375 18.223053413238958 351
stats: connect 92 1.5295357082201086 0.20070322107874108 5.822998046875 1.003173828125 1.687637720352564 351
stats: tr_register 92 17.895308784816578 3.7692423780800026 50.52197265625 6.382080078125 18.525610421118234 351
stats: 200 89 433
stats: size_rcv 21935 105685
stats: newphase 0 1
stats: size_sent 8648 41642
stats: connected 0 0
stats: 403 3 10
# stats: dump at 1402702390
stats: users 0 4
stats: {freemem,"os_mon@localhost"} 1 466.6796875 0.0 467.375 464.42578125 466.76123046875 8
stats: {recvpackets,"os_mon@localhost"} 1 360.0 0.0 388 20 218.57142857142858 7
stats: {sentpackets,"os_mon@localhost"} 1 540.0 0.0 590 30 329.42857142857144 7
stats: {cpu,"os_mon@localhost"} 1 3.1936127744510974 0.0 3.493013972055888 0.6979062811565304 2.1571702468027314 8
stats: {load,"os_mon@localhost"} 1 0.1015625 0.0 0.3203125 0.0 0.181640625 8
stats: session 108 20.748573585792823 5.5748241378847485 59.89892578125 8.39208984375 20.36010962134009 444
stats: users_count 107 552
stats: finish_users_count 108 552
stats: request 106 18.586382020194566 5.517215584113413 57.661865234375 5.93896484375 18.10471979489983 443
stats: page 106 18.586382020194566 5.517215584113413 57.661865234375 5.93896484375 18.10471979489983 443
stats: connect 106 1.8599392872936324 1.0042367634976288 11.85107421875 1.003173828125 1.654803893905192 443
stats: tr_register 106 18.88733601120283 5.509873886113583 57.97802734375 6.382080078125 18.394712564369357 443
stats: 200 103 536
stats: size_rcv 25288 130973
stats: newphase 0 1
stats: size_sent 9964 51606
stats: connected 0 0
stats: 403 3 13
# stats: dump at 1402702400
stats: users 0 4
stats: {freemem,"os_mon@localhost"} 1 466.6953125 0.0 467.375 464.42578125 466.7521701388889 9
stats: {recvpackets,"os_mon@localhost"} 1 448.0 0.0 448 20 236.25 8
stats: {sentpackets,"os_mon@localhost"} 1 678.0 0.0 678 30 355.75 8
stats: {cpu,"os_mon@localhost"} 1 3.992015968063872 0.0 3.992015968063872 0.6979062811565304 2.27233052765255 9
stats: {load,"os_mon@localhost"} 1 0.08984375 0.0 0.3203125 0.0 0.17274305555555555 9
stats: session 42 20.547194707961307 3.6136264212909524 59.89892578125 8.39208984375 20.43611344047215 552
stats: users_count 42 594
stats: finish_users_count 42 594
stats: request 45 18.06535373263889 3.9048651984062963 57.661865234375 5.93896484375 18.197718330202637 549
stats: page 45 18.06535373263889 3.9048651984062963 57.661865234375 5.93896484375 18.197718330202637 549
stats: connect 45 1.8051215277777777 0.20533294437168853 11.85107421875 1.003173828125 1.6944110919000455 549
stats: tr_register 45 18.36375868055556 3.8867136391817265 57.97802734375 6.382080078125 18.489827473958332 549
stats: 200 43 579
stats: size_rcv 10728 141701
stats: newphase 1 2
stats: size_sent 4230 55836
stats: connected 0 0
stats: 403 2 15
# stats: dump at 1402702410
stats: users 0 4
stats: {freemem,"os_mon@localhost"} 1 466.68359375 0.0 467.375 464.42578125 466.746484375 10
stats: {recvpackets,"os_mon@localhost"} 1 108.0 0.0 448 20 259.77777777777777 9
stats: {sentpackets,"os_mon@localhost"} 1 166.0 0.0 678 30 391.55555555555554 9
stats: {cpu,"os_mon@localhost"} 1 1.5968063872255487 0.0 3.992015968063872 0.6979062811565304 2.444299071693682 10
stats: {load,"os_mon@localhost"} 1 0.0703125 0.0 0.3203125 0.0 0.164453125 10
stats: session 12 19.405253092447918 3.8113498626502125 59.89892578125 8.39208984375 20.443967671506734 594
stats: users_count 12 606
stats: finish_users_count 12 606
stats: request 12 17.15118408203125 3.8555211429520932 57.661865234375 5.93896484375 18.18769070917508 594
stats: page 12 17.15118408203125 3.8555211429520932 57.661865234375 5.93896484375 18.18769070917508 594
stats: connect 12 1.8471883138020833 0.13460820751356703 11.85107421875 1.003173828125 1.702798246133207 594
stats: tr_register 12 17.477294921875 3.8204966008631724 57.97802734375 6.382080078125 18.480276807791455 594
stats: 200 11 590
stats: size_rcv 2860 144561
stats: newphase 0 2
stats: size_sent 1128 56964
stats: connected 0 0
stats: 403 1 16
# stats: dump at 1402702420
stats: users 0 4
stats: {freemem,"os_mon@localhost"} 1 466.703125 0.0 467.375 464.42578125 466.74076704545456 11
stats: {recvpackets,"os_mon@localhost"} 1 36.0 0.0 448 20 244.6 10
stats: {sentpackets,"os_mon@localhost"} 1 54.0 0.0 678 30 369.0 10
stats: {cpu,"os_mon@localhost"} 1 0.9950248756218906 0.0 3.992015968063872 0.6979062811565304 2.367254282196579 11
stats: {load,"os_mon@localhost"} 1 0.05859375 0.0 0.3203125 0.0 0.15589488636363635 11
stats: session 10 18.69169921875 3.1429785432219686 59.89892578125 8.39208984375 20.423399065980817 606
stats: users_count 10 616
stats: finish_users_count 10 616
stats: request 10 16.45986328125 3.228499334516925 57.661865234375 5.93896484375 18.167165825469258 606
stats: page 10 16.45986328125 3.228499334516925 57.661865234375 5.93896484375 18.167165825469258 606
stats: connect 10 1.8031494140625 0.13116433436046157 11.85107421875 1.003173828125 1.705657455393977 606
stats: tr_register 10 16.7519287109375 3.145737428666417 57.97802734375 6.382080078125 18.460415780347567 606
stats: 200 9 599
stats: size_rcv 2382 146943
stats: newphase 0 2
stats: size_sent 940 57904
stats: connected 0 0
stats: 403 1 17
# stats: dump at 1402702430
stats: users 0 4
stats: {freemem,"os_mon@localhost"} 1 466.6640625 0.0 467.375 464.42578125 466.7376302083333 12
stats: {recvpackets,"os_mon@localhost"} 1 36.0 0.0 448 20 225.63636363636363 11
stats: {sentpackets,"os_mon@localhost"} 1 54.0 0.0 678 30 340.3636363636364 11
stats: {cpu,"os_mon@localhost"} 1 0.6993006993006993 0.0 3.992015968063872 0.6979062811565304 2.252901831648688 12
stats: {load,"os_mon@localhost"} 1 0.05078125 0.0 0.3203125 0.0 0.14778645833333334 12
stats: session 11 21.202192826704547 6.01608530043866 59.89892578125 8.39208984375 20.395287055473823 616
stats: users_count 11 627
stats: finish_users_count 11 627
stats: request 11 18.945933948863637 6.0707867735921885 57.661865234375 5.93896484375 18.139449875076085 616
stats: page 11 18.945933948863637 6.0707867735921885 57.661865234375 5.93896484375 18.139449875076085 616
stats: connect 11 1.7475142045454546 0.12178801779048165 11.85107421875 1.003173828125 1.7072401170606737 616
stats: tr_register 11 19.262739701704547 6.031101907625413 57.97802734375 6.382080078125 18.432680600649352 616
stats: 200 10 609
stats: size_rcv 2621 149564
stats: newphase 1 3
stats: size_sent 1034 58938
stats: connected 0 0
stats: 403 1 18
# stats: dump at 1402702440
stats: users 0 4
stats: {freemem,"os_mon@localhost"} 1 466.59765625 0.0 467.375 464.42578125 466.73197115384613 13
stats: {recvpackets,"os_mon@localhost"} 1 56.0 0.0 448 20 209.83333333333334 12
stats: {sentpackets,"os_mon@localhost"} 1 84.0 0.0 678 30 316.5 12
stats: {cpu,"os_mon@localhost"} 1 0.9950248756218906 0.0 3.992015968063872 0.6979062811565304 2.1333940522373043 13
stats: {load,"os_mon@localhost"} 1 0.0390625 0.0 0.3203125 0.0 0.14032451923076922 13
stats: session 11 18.377552379261363 3.9482180788122854 59.89892578125 8.39208984375 20.40944329707436 627
stats: users_count 11 638
stats: finish_users_count 11 638
stats: request 11 16.079656427556817 4.067013460883384 57.661865234375 5.93896484375 18.153598718475866 627
stats: page 11 16.079656427556817 4.067013460883384 57.661865234375 5.93896484375 18.153598718475866 627
stats: connect 11 1.7850230823863635 0.2030809091489053 11.85107421875 1.003173828125 1.7079466799990033 627
stats: tr_register 11 16.437366832386363 3.948834899413566 57.97802734375 6.382080078125 18.44724304101874 627
stats: 200 9 618
stats: size_rcv 2610 152174
stats: newphase 0 3
stats: size_sent 1034 59972
stats: connected 0 0
stats: 403 2 20
# stats: dump at 1402702450
stats: users 0 4
stats: {freemem,"os_mon@localhost"} 1 466.828125 0.0 467.375 464.42578125 466.72237723214283 14
stats: {recvpackets,"os_mon@localhost"} 1 52.0 0.0 448 20 198.0 13
stats: {sentpackets,"os_mon@localhost"} 1 86.0 0.0 678 30 298.61538461538464 13
stats: {cpu,"os_mon@localhost"} 1 0.9970089730807578 0.0 3.992015968063872 0.6979062811565304 2.052081968193346 14
stats: {load,"os_mon@localhost"} 1 0.0390625 0.0 0.3203125 0.0 0.13309151785714285 14
stats: session 7 23.565638950892858 14.855412934991008 59.89892578125 8.39208984375 20.374410695043103 638
stats: users_count 7 645
stats: finish_users_count 7 645
stats: request 7 21.180733816964285 14.932612835950687 57.661865234375 5.93896484375 18.117841092770366 638
stats: page 7 21.180733816964285 14.932612835950687 57.661865234375 5.93896484375 18.117841092770366 638
stats: connect 7 3.708984375 4.239831235436819 14.0869140625 1.003173828125 1.7092755834884403 638
stats: tr_register 7 21.630650111607142 14.859231164775945 57.97802734375 6.382080078125 18.41259000293887 638
stats: 200 5 623
stats: size_rcv 1659 153833
stats: newphase 0 3
stats: size_sent 658 60630
stats: connected 0 0
stats: 403 2 22
# stats: dump at 1402702460
stats: users 0 4
stats: {freemem,"os_mon@localhost"} 1 466.7265625 0.0 467.375 464.42578125 466.72942708333335 15
stats: {recvpackets,"os_mon@localhost"} 1 31.0 0.0 448 20 187.57142857142858 14
stats: {sentpackets,"os_mon@localhost"} 1 48.0 0.0 678 30 283.42857142857144 14
stats: {cpu,"os_mon@localhost"} 1 1.097804391217565 0.0 3.992015968063872 0.6979062811565304 1.9817437685191737 15
stats: {load,"os_mon@localhost"} 1 0.03125 0.0 0.3203125 0.0 0.12682291666666667 15
stats: session 75 19.937252604166673 3.0374808410263565 59.89892578125 8.39208984375 20.40904417999031 645
stats: users_count 75 720
stats: finish_users_count 75 720
stats: request 72 17.53415256076389 2.9638821397224557 57.661865234375 5.93896484375 18.15108178900193 645
stats: page 72 17.53415256076389 2.9638821397224557 57.661865234375 5.93896484375 18.15108178900193 645
stats: connect 74 1.6901888460726355 0.2469804337454153 14.0869140625 1.003173828125 1.7309778494428294 645
stats: tr_register 72 17.82253011067708 2.930580212181191 57.97802734375 6.382080078125 18.44751468628876 645
stats: 200 70 693
stats: size_rcv 17175 171008
stats: newphase 1 4
stats: size_sent 6956 67586
stats: connected 2 2
stats: 403 2 24
# stats: dump at 1402702470
stats: users 0 4
stats: {freemem,"os_mon@localhost"} 1 466.73828125 0.0 467.375 464.42578125 466.729248046875 16
stats: {recvpackets,"os_mon@localhost"} 1 413.0 0.0 448 20 177.13333333333333 15
stats: {sentpackets,"os_mon@localhost"} 1 619.0 0.0 678 30 267.73333333333335 15
stats: {cpu,"os_mon@localhost"} 1 3.688933200398804 0.0 3.992015968063872 0.6979062811565304 1.9264975574378231 16
stats: {load,"os_mon@localhost"} 1 0.03125 0.0 0.3203125 0.0 0.120849609375 16
stats: session 101 18.876619546720292 3.3346650885195124 59.89892578125 8.39208984375 20.359899224175347 720
stats: users_count 101 821
stats: finish_users_count 101 821
stats: request 102 16.717390471813726 3.4802646167867946 57.661865234375 5.93896484375 18.089130736793926 717
stats: page 102 16.717390471813726 3.4802646167867946 57.661865234375 5.93896484375 18.089130736793926 717
stats: connect 100 1.61320556640625 0.23140611455373772 14.0869140625 1.003173828125 1.7267798157162726 719
stats: tr_register 102 16.98623956418504 3.428972154716915 57.97802734375 6.382080078125 18.38475472890516 717
stats: 200 93 786
stats: size_rcv 24293 195301
stats: newphase 0 4
stats: size_sent 9400 76986
stats: connected -2 0
stats: 403 9 33
# stats: dump at 1402702480
stats: users 1 4
stats: {freemem,"os_mon@localhost"} 1 466.64453125 0.0 467.375 464.42578125 466.7297794117647 17
stats: {recvpackets,"os_mon@localhost"} 1 388.0 0.0 448 20 191.875 16
stats: {sentpackets,"os_mon@localhost"} 1 582.0 0.0 678 30 289.6875 16
stats: {cpu,"os_mon@localhost"} 1 3.1904287138584246 0.0 3.992015968063872 0.6979062811565304 2.030170242317881 17
stats: {load,"os_mon@localhost"} 1 0.01953125 0.0 0.3203125 0.0 0.11557904411764706 17
stats: session 93 19.48388934391801 4.419776062158138 59.89892578125 8.215087890625 20.177425110383677 821
stats: users_count 94 915
stats: finish_users_count 93 914
stats: request 92 17.27009383491848 4.493827850276659 57.661865234375 5.751953125 17.918291289873313 819
stats: page 92 17.27009383491848 4.493827850276659 57.661865234375 5.751953125 17.918291289873313 819
stats: connect 92 1.585481063179348 0.7682967792197307 14.0869140625 1.003173828125 1.712912386008089 819
stats: tr_register 92 17.527837338654884 4.446088403996731 57.97802734375 6.2109375 18.21058067908654 819
stats: 200 84 870
stats: size_rcv 21905 217206
stats: newphase 0 4
stats: size_sent 8648 85634
stats: connected 0 0
stats: 403 8 41
# stats: dump at 1402702490
stats: users 7 7
stats: {freemem,"os_mon@localhost"} 1 466.75390625 0.0 467.375 464.42578125 466.72504340277777 18
stats: {recvpackets,"os_mon@localhost"} 1 360.0 0.0 448 20 203.41176470588235 17
stats: {sentpackets,"os_mon@localhost"} 1 544.0 0.0 678 30 306.88235294117646 17
stats: {cpu,"os_mon@localhost"} 1 3.1936127744510974 0.0 3.992015968063872 0.6979062811565304 2.0946290462923556 18
stats: {load,"os_mon@localhost"} 1 0.01953125 0.0 0.3203125 0.0 0.11024305555555555 18
stats: session 71 19.549852827904925 3.7548668340681473 59.89892578125 8.215087890625 20.10685746674986 914
stats: users_count 77 992
stats: finish_users_count 71 985
stats: request 74 17.317537874788844 3.7232188370007955 57.661865234375 5.751953125 17.8528311736759 911
stats: page 74 17.317537874788844 3.7232188370007955 57.661865234375 5.751953125 17.8528311736759 911
stats: connect 74 1.652980495143581 0.28165497081795127 14.0869140625 1.003173828125 1.7000433610901482 911
stats: tr_register 74 17.59078402132601 3.68235700137891 57.97802734375 6.2109375 18.14163184558521 911
stats: 200 69 939
stats: size_rcv 17636 234842
stats: newphase 0 4
stats: size_sent 6956 92590
stats: connected 0 0
stats: 403 5 46
stats: error_connect_econnrefused 7 7
# stats: dump at 1402702500
stats: users 117 117
stats: {freemem,"os_mon@localhost"} 1 466.40234375 0.0 467.375 464.42578125 466.7265625 19
stats: {recvpackets,"os_mon@localhost"} 1 233.0 0.0 448 20 212.11111111111111 18
stats: {sentpackets,"os_mon@localhost"} 1 339.0 0.0 678 30 320.05555555555554 18
stats: {cpu,"os_mon@localhost"} 1 2.8913260219341974 0.0 3.992015968063872 0.6979062811565304 2.1524702951428156 19
stats: {load,"os_mon@localhost"} 1 0.01953125 0.0 0.3203125 0.0 0.10546875 19
stats: session 1 3.33203125 0.0 59.89892578125 3.33203125 20.066707893797588 985
stats: users_count 111 1103
stats: finish_users_count 1 986
stats: request 0 0 0 57.661865234375 5.751953125 17.812616245637685 985
stats: page 0 0 0 57.661865234375 5.751953125 17.812616245637685 985
stats: connect 1 0.548828125 0.0 14.0869140625 0.548828125 1.6965076736992386 985
stats: tr_register 1 1.532958984375 0.0 57.97802734375 1.532958984375 18.100248354219545 985
stats: 200 0 939
stats: size_rcv 0 234842
stats: newphase 0 4
stats: size_sent 94 92684
stats: connected 0 0
stats: 403 0 46
stats: error_connect_econnrefused 115 122
stats: error_inet_econnrefused 1 1
# stats: dump at 1402702510
stats: users 180 180
stats: {freemem,"os_mon@localhost"} 1 464.70703125 0.0 467.375 464.42578125 466.7103515625 20
stats: {recvpackets,"os_mon@localhost"} 1 153.0 0.0 448 20 213.21052631578948 19
stats: {sentpackets,"os_mon@localhost"} 1 162.0 0.0 678 30 321.05263157894734 19
stats: {cpu,"os_mon@localhost"} 1 3.988035892323031 0.0 3.992015968063872 0.6979062811565304 2.1894130814823844 20
stats: {load,"os_mon@localhost"} 1 0.01171875 0.0 0.3203125 0.0 0.101171875 20
stats: session 0 0 0 59.89892578125 3.33203125 20.049735605112197 986
stats: users_count 63 1166
stats: finish_users_count 0 986
stats: request 0 0 0 57.661865234375 5.751953125 17.812616245637685 985
stats: page 0 0 0 57.661865234375 5.751953125 17.812616245637685 985
stats: connect 0 0 0 14.0869140625 0.548828125 1.6953436984977182 986
stats: tr_register 0 0 0 57.97802734375 1.532958984375 18.083445829503678 986
stats: 200 0 939
stats: size_rcv 0 234842
stats: newphase 0 4
stats: size_sent 0 92684
stats: connected 0 0
stats: 403 0 46
stats: error_connect_econnrefused 174 296
stats: error_inet_econnrefused 0 1
# stats: dump at 1402702520
stats: users 211 231
stats: {freemem,"os_mon@localhost"} 1 463.43359375 0.0 467.375 463.43359375 466.61495535714283 21
stats: {recvpackets,"os_mon@localhost"} 1 176.0 0.0 448 20 210.2 20
stats: {sentpackets,"os_mon@localhost"} 1 176.0 0.0 678 30 313.09999999999997 20
stats: {cpu,"os_mon@localhost"} 1 3.992015968063872 0.0 3.992015968063872 0.6979062811565304 2.275061786760511 21
stats: {load,"os_mon@localhost"} 1 0.01171875 0.0 0.3203125 0.0 0.09691220238095238 21
stats: session 24 14191.57308959961 10768.989376697404 30027.4130859375 3.33203125 20.049735605112197 986
stats: users_count 55 1221
stats: finish_users_count 24 1010
stats: request 24 18.13623046875 4.824030310056004 57.661865234375 5.751953125 17.812616245637685 985
stats: page 24 18.13623046875 4.824030310056004 57.661865234375 5.751953125 17.812616245637685 985
stats: connect 24 1.8361307779947917 0.7660992832956768 14.0869140625 0.548828125 1.6953436984977182 986
stats: tr_register 24 14189.611256917318 10768.98060322515 30025.4169921875 1.532958984375 18.083445829503678 986
stats: 200 22 961
stats: size_rcv 5718 240560
stats: newphase 1 5
stats: size_sent 2256 94940
stats: connected 0 0
stats: 403 2 48
stats: error_connect_econnrefused 102 398
stats: error_inet_econnrefused 0 1
# stats: dump at 1402702530
stats: users 51 231
stats: {freemem,"os_mon@localhost"} 1 462.96484375 0.0 467.375 462.96484375 466.4703480113636 22
stats: {recvpackets,"os_mon@localhost"} 1 414.0 0.0 448 20 208.57142857142858 21
stats: {sentpackets,"os_mon@localhost"} 1 595.0 0.0 678 30 306.57142857142856 21
stats: {cpu,"os_mon@localhost"} 1 3.788634097706879 0.0 3.992015968063872 0.6979062811565304 2.353105158637937 22
stats: {load,"os_mon@localhost"} 1 0.01171875 0.0 0.3203125 0.0 0.09303977272727272 22
stats: session 168 22529.950276692703 10395.589079632366 30061.720947265625 3.33203125 356.7988054030012 1010
stats: users_count 8 1229
stats: finish_users_count 168 1178
stats: request 168 21.82999238513765 9.397949629079648 57.661865234375 5.751953125 17.820313709814783 1009
stats: page 168 21.82999238513765 9.397949629079648 57.661865234375 5.751953125 17.820313709814783 1009
stats: connect 168 2.8448980422247043 2.9791529496146834 15.38720703125 0.548828125 1.6986891340501238 1010
stats: tr_register 168 22528.011445545 10395.560972988498 30059.68603515625 1.532958984375 354.83262153852104 1010
stats: 200 147 1108
stats: size_rcv 39968 280528
stats: newphase 0 5
stats: size_sent 15792 110732
stats: connected 0 0
stats: 403 21 69
stats: error_connect_econnrefused 0 398
stats: error_inet_econnrefused 0 1
# stats: dump at 1402702540
stats: users 0 231
stats: {freemem,"os_mon@localhost"} 1 462.9765625 0.0 467.375 462.96484375 466.3179347826087 23
stats: {recvpackets,"os_mon@localhost"} 1 486.0 0.0 486 20 217.9090909090909 22
stats: {sentpackets,"os_mon@localhost"} 1 735.0 0.0 735 30 319.6818181818182 22
stats: {cpu,"os_mon@localhost"} 1 3.3932135728542914 0.0 3.992015968063872 0.6979062811565304 2.4155194603365864 23
stats: {load,"os_mon@localhost"} 1 0.01171875 0.0 0.3203125 0.0 0.08950407608695653 23
stats: session 62 24710.97882670741 11466.209002775398 30113.39501953125 3.33203125 3519.0139558076444 1178
stats: users_count 11 1240
stats: finish_users_count 62 1240
stats: request 62 25.348554057459676 13.820669693745323 95.22119140625 5.751953125 18.392638278594937 1177
stats: page 62 25.348554057459676 13.820669693745323 95.22119140625 5.751953125 18.392638278594937 1177
stats: connect 62 4.947816910282258 6.794387086650445 40.611083984375 0.548828125 1.8621552601734936 1178
stats: tr_register 62 24709.05366762223 11466.197986510811 30111.5029296875 1.532958984375 3517.0516728399543 1178
stats: 200 57 1165
stats: size_rcv 14771 295299
stats: newphase 0 5
stats: size_sent 5828 116560
stats: connected 0 0
stats: 403 5 74
stats: error_connect_econnrefused 0 398
stats: error_inet_econnrefused 0 1
# stats: dump at 1402702550
stats: users 0 231
stats: {freemem,"os_mon@localhost"} 1 462.7421875 0.0 467.375 462.7421875 466.1787109375 24
stats: {recvpackets,"os_mon@localhost"} 1 176.0 0.0 486 20 229.56521739130434 23
stats: {sentpackets,"os_mon@localhost"} 1 270.0 0.0 735 30 337.7391304347826 23
stats: {cpu,"os_mon@localhost"} 1 1.794616151545364 0.0 3.992015968063872 0.6979062811565304 2.4562567150248245 24
stats: {load,"os_mon@localhost"} 1 0.01171875 0.0 0.3203125 0.0 0.08626302083333333 24
stats: session 9 22.57915581597222 6.870066425205202 30113.39501953125 3.33203125 4578.612199352632 1240
stats: users_count 9 1249
stats: finish_users_count 9 1249
stats: request 9 20.32343207465278 6.914085954029154 95.22119140625 5.751953125 18.740714774389623 1239
stats: page 9 20.32343207465278 6.914085954029154 95.22119140625 5.751953125 18.740714774389623 1239
stats: connect 9 3.5250108506944446 4.751495179142774 40.611083984375 0.548828125 2.016438342678932 1240
stats: tr_register 9 20.656412760416668 6.876464295744836 30111.5029296875 1.532958984375 4576.651772579068 1240
stats: 200 8 1173
stats: size_rcv 2141 297440
stats: newphase 1 6
stats: size_sent 846 117406
stats: connected 0 0
stats: 403 1 75
stats: error_connect_econnrefused 0 398
stats: error_inet_econnrefused 0 1
# stats: dump at 1402702560
stats: users 0 231
stats: {freemem,"os_mon@localhost"} 1 462.88671875 0.0 467.375 462.7421875 466.04125 25
stats: {recvpackets,"os_mon@localhost"} 1 57.0 0.0 486 20 227.33333333333334 24
stats: {sentpackets,"os_mon@localhost"} 1 83.0 0.0 735 30 334.9166666666667 24
stats: {cpu,"os_mon@localhost"} 1 1.2974051896207583 0.0 3.992015968063872 0.6979062811565304 2.4297910924856456 25
stats: {load,"os_mon@localhost"} 1 0.01171875 0.0 0.3203125 0.0 0.08328125 25
stats: session 9 26.21123589409722 14.015058156928465 30113.39501953125 3.33203125 4545.782497677828 1249
stats: users_count 9 1258
stats: finish_users_count 9 1258
stats: request 9 23.936414930555557 14.020219755946455 95.22119140625 5.751953125 18.75212860107421 1248
stats: page 9 23.936414930555557 14.020219755946455 95.22119140625 5.751953125 18.75212860107421 1248
stats: connect 9 7.564344618055555 8.979179166290296 40.611083984375 0.548828125 2.0273087610713576 1249
stats: tr_register 9 24.311279296875 13.992399816501443 30111.5029296875 1.532958984375 4543.822342444266 1249
stats: 200 7 1180
stats: size_rcv 2135 299575
stats: newphase 0 6
stats: size_sent 846 118252
stats: connected 0 0
stats: 403 2 77
stats: error_connect_econnrefused 0 398
stats: error_inet_econnrefused 0 1
# stats: dump at 1402702570
stats: users 0 231
stats: {freemem,"os_mon@localhost"} 1 462.7734375 0.0 467.375 462.7421875 465.919921875 26
stats: {recvpackets,"os_mon@localhost"} 1 32.0 0.0 486 20 220.52 25
stats: {sentpackets,"os_mon@localhost"} 1 48.0 0.0 735 30 324.84 25
stats: {cpu,"os_mon@localhost"} 1 0.6979062811565304 0.0 3.992015968063872 0.6979062811565304 2.386237788529304 26
stats: {load,"os_mon@localhost"} 1 0.01171875 0.0 0.3203125 0.0 0.08052884615384616 26
stats: session 11 37.13212446732955 12.902426782028845 30113.39501953125 3.33203125 4513.448522037086 1258
stats: users_count 11 1269
stats: finish_users_count 11 1269
stats: request 10 35.10693359375 13.531989492776237 95.22119140625 5.751953125 18.789247596273363 1257
stats: page 10 35.10693359375 13.531989492776237 95.22119140625 5.751953125 18.789247596273363 1257
stats: connect 10 11.518310546875 8.345031783413116 40.611083984375 0.548828125 2.0669218951833273 1258
stats: tr_register 10 35.4882080078125 13.499539787806109 30111.5029296875 1.532958984375 4511.488797477393 1258
stats: 200 9 1189
stats: size_rcv 2379 301954
stats: newphase 0 6
stats: size_sent 940 119192
stats: connected 0 0
stats: 403 1 78
stats: error_connect_econnrefused 0 398
stats: error_inet_econnrefused 0 1
# stats: dump at 1402702580
stats: users 0 231
stats: {freemem,"os_mon@localhost"} 1 462.78125 0.0 467.375 462.7421875 465.8033854166667 27
stats: {recvpackets,"os_mon@localhost"} 1 56.0 0.0 486 20 213.26923076923077 26
stats: {sentpackets,"os_mon@localhost"} 1 84.0 0.0 735 30 314.1923076923077 26
stats: {cpu,"os_mon@localhost"} 1 0.998003992015968 0.0 3.992015968063872 0.6979062811565304 2.323706991959942 27
stats: {load,"os_mon@localhost"} 1 0.0 0.0 0.3203125 0.0 0.07798032407407407 27
stats: session 68 20.000610351562496 4.922437027489897 30113.39501953125 3.33203125 4474.646725052636 1269
stats: users_count 68 1337
stats: finish_users_count 68 1337
stats: request 63 18.02370489211309 5.46549133037799 95.22119140625 5.751953125 18.91803754100483 1267
stats: page 63 18.02370489211309 5.46549133037799 95.22119140625 5.751953125 18.91803754100483 1267
stats: connect 64 1.6213912963867188 0.2260571568880969 40.611083984375 0.548828125 2.1414596605752174 1268
stats: tr_register 63 18.297068762400794 5.42471192634249 30111.5029296875 1.532958984375 4476.189108285993 1268
stats: 200 57 1246
stats: size_rcv 15000 316954
stats: newphase 1 7
stats: size_sent 6016 125208
stats: connected 1 1
stats: 403 6 84
stats: error_connect_econnrefused 0 398
stats: error_inet_econnrefused 0 1
# stats: dump at 1402702590
stats: users 1 231
stats: {freemem,"os_mon@localhost"} 1 462.80078125 0.0 467.375 462.7421875 465.69545200892856 28
stats: {recvpackets,"os_mon@localhost"} 1 374.0 0.0 486 20 207.44444444444446 27
stats: {sentpackets,"os_mon@localhost"} 1 565.0 0.0 735 30 305.6666666666667 27
stats: {cpu,"os_mon@localhost"} 1 3.4791252485089466 0.0 3.992015968063872 0.6979062811565304 2.276360456247657 28
stats: {load,"os_mon@localhost"} 1 0.0 0.0 0.3203125 0.0 0.0751953125 28
stats: session 96 19.071797688802075 3.3706917203788196 30113.39501953125 3.33203125 4248.082823930966 1337
stats: users_count 97 1434
stats: finish_users_count 96 1433
stats: request 100 16.845266113281244 3.3871713773269985 95.22119140625 5.751953125 18.87567441553101 1330
stats: page 100 16.845266113281244 3.3871713773269985 95.22119140625 5.751953125 18.87567441553101 1330
stats: connect 99 1.556608566130051 0.21955408287673922 40.611083984375 0.548828125 2.116471390824419 1332
stats: tr_register 100 17.115571289062494 3.308848679555054 30111.5029296875 1.532958984375 4265.184451268723 1331
stats: 200 91 1337
stats: size_rcv 23809 340763
stats: newphase 0 7
stats: size_sent 9306 134514
stats: connected -1 0
stats: 403 9 93
stats: error_connect_econnrefused 0 398
stats: error_inet_econnrefused 0 1
# stats: dump at 1402702600
stats: users 0 231
stats: {freemem,"os_mon@localhost"} 1 462.9453125 0.0 467.375 462.7421875 465.5956357758621 29
stats: {recvpackets,"os_mon@localhost"} 1 442.0 0.0 486 20 213.39285714285714 28
stats: {sentpackets,"os_mon@localhost"} 1 664.0 0.0 735 30 314.92857142857144 28
stats: {cpu,"os_mon@localhost"} 1 4.091816367265469 0.0 4.091816367265469 0.6979062811565304 2.317835104256667 29
stats: {load,"os_mon@localhost"} 1 0.0 0.0 0.3203125 0.0 0.07260237068965517 29
stats: session 111 23.532508094031538 7.0584913407108685 30113.39501953125 3.33203125 3964.771547923117 1433
stats: users_count 110 1544
stats: finish_users_count 111 1544
stats: request 108 21.43164288556134 7.038322797535682 95.22119140625 5.751953125 18.73368782096809 1430
stats: page 108 21.43164288556134 7.038322797535682 95.22119140625 5.751953125 18.73368782096809 1430
stats: connect 109 2.980126057196101 3.443800330846514 40.611083984375 0.548828125 2.077738742575123 1431
stats: tr_register 108 21.774852611400462 7.013459661102393 30111.5029296875 1.532958984375 3968.3242919410036 1431
stats: 200 97 1434
stats: size_rcv 25709 366472
stats: newphase 0 7
stats: size_sent 10246 144760
stats: connected 1 1
stats: 403 11 104
stats: error_connect_econnrefused 0 398
stats: error_inet_econnrefused 0 1
# stats: dump at 1402702610
stats: users 0 231
stats: {freemem,"os_mon@localhost"} 1 462.95703125 0.0 467.375 462.7421875 465.5072916666667 30
stats: {recvpackets,"os_mon@localhost"} 1 408.0 0.0 486 20 221.27586206896552 29
stats: {sentpackets,"os_mon@localhost"} 1 612.0 0.0 735 30 326.9655172413793 29
stats: {cpu,"os_mon@localhost"} 1 3.796203796203796 0.0 4.091816367265469 0.6979062811565304 2.3769678130236267 30
stats: {load,"os_mon@localhost"} 1 0.0 0.0 0.3203125 0.0 0.07018229166666666 30
stats: session 98 20.547460439253822 4.8678382266763025 30113.39501953125 3.33203125 3681.43117653644 1544
stats: users_count 98 1642
stats: finish_users_count 98 1642
stats: request 99 18.108339251893938 5.021345375181911 95.22119140625 5.751953125 18.92314110248699 1538
stats: page 99 18.108339251893938 5.021345375181911 95.22119140625 5.751953125 18.92314110248699 1538
stats: connect 98 1.7828842474489797 0.8241084971061531 40.611083984375 0.548828125 2.1416090135450494 1540
stats: tr_register 99 18.39754231770835 4.96073275954992 30111.5029296875 1.532958984375 3691.3734540933124 1539
stats: 200 85 1519
stats: size_rcv 23538 390010
stats: newphase 0 7
stats: size_sent 9212 153972
stats: connected -1 0
stats: 403 14 118
stats: error_connect_econnrefused 0 398
stats: error_inet_econnrefused 0 1
# stats: dump at 1402702620
stats: users 0 231
stats: {freemem,"os_mon@localhost"} 1 462.9609375 0.0 467.375 462.7421875 465.4250252016129 31
stats: {recvpackets,"os_mon@localhost"} 1 404.0 0.0 486 20 227.5 30
stats: {sentpackets,"os_mon@localhost"} 1 606.0 0.0 735 30 336.46666666666664 30
stats: {cpu,"os_mon@localhost"} 1 3.589232303090728 0.0 4.091816367265469 0.6979062811565304 2.4227496189326647 31
stats: {load,"os_mon@localhost"} 1 0.0 0.0 0.3203125 0.0 0.06791834677419355 31
stats: session 116 18.640025171740305 5.093079576743006 30113.39501953125 3.33203125 3462.9375077316145 1642
stats: users_count 116 1758
stats: finish_users_count 116 1758
stats: request 111 16.453195382882885 4.862068742472323 95.22119140625 5.751953125 18.8738647535507 1637
stats: page 111 16.453195382882885 4.862068742472323 95.22119140625 5.751953125 18.8738647535507 1637
stats: connect 111 1.570871164132883 0.45645558915129136 40.611083984375 0.548828125 2.120146848052122 1638
stats: tr_register 111 16.72841444960586 4.797419639661907 30111.5029296875 1.532958984375 3469.380404480501 1638
stats: 200 91 1610
stats: size_rcv 26361 416371
stats: newphase 0 7
stats: size_sent 10434 164406
stats: connected 0 0
stats: 403 20 138
stats: error_connect_econnrefused 0 398
stats: error_inet_econnrefused 0 1
# stats: dump at 1402702630
stats: users 1 231
stats: {freemem,"os_mon@localhost"} 1 463.9765625 0.0 467.375 462.7421875 465.3480224609375 32
stats: {recvpackets,"os_mon@localhost"} 1 488.0 0.0 488 20 233.19354838709677 31
stats: {sentpackets,"os_mon@localhost"} 1 736.0 0.0 736 30 345.16129032258067 31
stats: {cpu,"os_mon@localhost"} 1 4.091816367265469 0.0 4.091816367265469 0.6979062811565304 2.459202202812604 32
stats: {load,"os_mon@localhost"} 1 0.0 0.0 0.3203125 0.0 0.0657958984375 32
stats: session 114 22.03531472724781 7.580842262823833 30113.39501953125 3.33203125 3235.6687318630447 1758
stats: users_count 115 1873
stats: finish_users_count 114 1872
stats: request 117 19.626959385016026 7.695297983810287 95.22119140625 5.751953125 18.720149478868702 1748
stats: page 117 19.626959385016026 7.695297983810287 95.22119140625 5.751953125 18.720149478868702 1748
stats: connect 118 2.035704531912077 1.102654224337958 40.611083984375 0.548828125 2.0852871562768014 1749
stats: tr_register 117 19.985677083333336 7.665197907331803 30111.5029296875 1.532958984375 3250.25840854372 1749
stats: 200 101 1711
stats: size_rcv 27832 444203
stats: newphase 0 7
stats: size_sent 11092 175498
stats: connected 1 1
stats: 403 16 154
stats: error_connect_econnrefused 0 398
stats: error_inet_econnrefused 0 1
# stats: dump at 1402702640
stats: users 0 231
stats: {freemem,"os_mon@localhost"} 1 463.8515625 0.0 467.375 462.7421875 465.3064630681818 33
stats: {recvpackets,"os_mon@localhost"} 1 304.0 0.0 488 20 241.15625 32
stats: {sentpackets,"os_mon@localhost"} 1 464.0 0.0 736 30 357.375 32
stats: {cpu,"os_mon@localhost"} 1 3.1904287138584246 0.0 4.091816367265469 0.6979062811565304 2.5086753593111757 33
stats: {load,"os_mon@localhost"} 1 0.0 0.0 0.3203125 0.0 0.06380208333333333 33
stats: session 6 19.900309244791668 0.6221538695851797 30113.39501953125 3.33203125 3039.9666968451597 1872
stats: users_count 5 1878
stats: finish_users_count 6 1878
stats: request 12 17.292338053385418 3.234210834020056 95.22119140625 5.751953125 18.777037821506365 1865
stats: page 12 17.292338053385418 3.234210834020056 95.22119140625 5.751953125 18.777037821506365 1865
stats: connect 11 1.9911221590909092 1.1613254232385501 40.611083984375 0.548828125 2.082153385695635 1867
stats: tr_register 12 17.5792236328125 3.1749140715610524 30111.5029296875 1.532958984375 3047.717192262442 1866
stats: 200 11 1722
stats: size_rcv 2857 447060
stats: newphase 1 8
stats: size_sent 1034 176532
stats: connected -1 0
stats: 403 1 155
stats: error_connect_econnrefused 0 398
stats: error_inet_econnrefused 0 1
# stats: dump at 1402702650
stats: users 8 231
stats: {freemem,"os_mon@localhost"} 1 463.92578125 0.0 467.375 462.7421875 465.263671875 34
stats: {recvpackets,"os_mon@localhost"} 1 38.0 0.0 488 20 243.06060606060606 33
stats: {sentpackets,"os_mon@localhost"} 1 50.0 0.0 736 30 360.6060606060606 33
stats: {cpu,"os_mon@localhost"} 1 1.1964107676969093 0.0 4.091816367265469 0.6979062811565304 2.5287269285625653 34
stats: {load,"os_mon@localhost"} 1 0.0 0.0 0.3203125 0.0 0.06192555147058824 34
stats: session 0 0 0 30113.39501953125 3.33203125 3030.3179224438804 1878
stats: users_count 8 1886
stats: finish_users_count 0 1878
stats: request 0 0 0 95.22119140625 5.751953125 18.767545867741074 1877
stats: page 0 0 0 95.22119140625 5.751953125 18.767545867741074 1877
stats: connect 0 0 0 40.611083984375 0.548828125 2.0816201889476837 1878
stats: tr_register 0 0 0 30111.5029296875 1.532958984375 3028.355288309537 1878
stats: 200 0 1722
stats: size_rcv 0 447060
stats: newphase 0 8
stats: size_sent 0 176532
stats: connected 0 0
stats: 403 0 155
stats: error_connect_econnrefused 8 406
stats: error_inet_econnrefused 0 1
# stats: dump at 1402702660
stats: users 20 231
stats: {freemem,"os_mon@localhost"} 1 463.91015625 0.0 467.375 462.7421875 465.22544642857144 35
stats: {recvpackets,"os_mon@localhost"} 1 10.0 0.0 488 10 237.02941176470588 34
stats: {sentpackets,"os_mon@localhost"} 1 10.0 0.0 736 10 351.47058823529414 34
stats: {cpu,"os_mon@localhost"} 1 0.796812749003984 0.0 4.091816367265469 0.6979062811565304 2.490660752537832 35
stats: {load,"os_mon@localhost"} 1 0.0 0.0 0.3203125 0.0 0.06015625 35
stats: session 0 0 0 30113.39501953125 3.33203125 3030.3179224438804 1878
stats: users_count 12 1898
stats: finish_users_count 0 1878
stats: request 0 0 0 95.22119140625 5.751953125 18.767545867741074 1877
stats: page 0 0 0 95.22119140625 5.751953125 18.767545867741074 1877
stats: connect 0 0 0 40.611083984375 0.548828125 2.0816201889476837 1878
stats: tr_register 0 0 0 30111.5029296875 1.532958984375 3028.355288309537 1878
stats: 200 0 1722
stats: size_rcv 0 447060
stats: newphase 0 8
stats: size_sent 0 176532
stats: connected 0 0
stats: 403 0 155
stats: error_connect_econnrefused 20 426
stats: error_inet_econnrefused 0 1
# stats: dump at 1402702670
stats: users 28 231
stats: {freemem,"os_mon@localhost"} 1 463.92578125 0.0 467.375 462.7421875 465.18891059027777 36
stats: {recvpackets,"os_mon@localhost"} 1 18.0 0.0 488 10 230.54285714285714 35
stats: {sentpackets,"os_mon@localhost"} 1 18.0 0.0 736 10 341.7142857142857 35
stats: {cpu,"os_mon@localhost"} 1 0.8991008991008992 0.0 4.091816367265469 0.6979062811565304 2.4436094191063362 36
stats: {load,"os_mon@localhost"} 1 0.0 0.0 0.3203125 0.0 0.05848524305555555 36
stats: session 0 0 0 30113.39501953125 3.33203125 3030.3179224438804 1878
stats: users_count 8 1906
stats: finish_users_count 0 1878
stats: request 0 0 0 95.22119140625 5.751953125 18.767545867741074 1877
stats: page 0 0 0 95.22119140625 5.751953125 18.767545867741074 1877
stats: connect 0 0 0 40.611083984375 0.548828125 2.0816201889476837 1878
stats: tr_register 0 0 0 30111.5029296875 1.532958984375 3028.355288309537 1878
stats: 200 0 1722
stats: size_rcv 0 447060
stats: newphase 1 9
stats: size_sent 0 176532
stats: connected 0 0
stats: 403 0 155
stats: error_connect_econnrefused 19 445
stats: error_inet_econnrefused 0 1
# stats: dump at 1402702680
stats: users 41 231
stats: {freemem,"os_mon@localhost"} 1 463.9296875 0.0 467.375 462.7421875 465.1547719594595 37
stats: {recvpackets,"os_mon@localhost"} 1 24.0 0.0 488 10 224.63888888888889 36
stats: {sentpackets,"os_mon@localhost"} 1 30.0 0.0 736 10 332.72222222222223 36
stats: {cpu,"os_mon@localhost"} 1 0.9960159362549801 0.0 4.091816367265469 0.6979062811565304 2.401865945592676 37
stats: {load,"os_mon@localhost"} 1 0.0 0.0 0.3203125 0.0 0.056904560810810814 37
stats: session 0 0 0 30113.39501953125 3.33203125 3030.3179224438804 1878
stats: users_count 13 1919
stats: finish_users_count 0 1878
stats: request 0 0 0 95.22119140625 5.751953125 18.767545867741074 1877
stats: page 0 0 0 95.22119140625 5.751953125 18.767545867741074 1877
stats: connect 0 0 0 40.611083984375 0.548828125 2.0816201889476837 1878
stats: tr_register 0 0 0 30111.5029296875 1.532958984375 3028.355288309537 1878
stats: 200 0 1722
stats: size_rcv 0 447060
stats: newphase 0 9
stats: size_sent 0 176532
stats: connected 0 0
stats: 403 0 155
stats: error_connect_econnrefused 30 475
stats: error_inet_econnrefused 0 1
# stats: dump at 1402702690
stats: users 45 231
stats: {freemem,"os_mon@localhost"} 1 464.046875 0.0 467.375 462.7421875 465.1225328947368 38
stats: {recvpackets,"os_mon@localhost"} 1 26.0 0.0 488 10 219.21621621621622 37
stats: {sentpackets,"os_mon@localhost"} 1 32.0 0.0 736 10 324.5405405405405 37
stats: {cpu,"os_mon@localhost"} 1 0.9960159362549801 0.0 4.091816367265469 0.6979062811565304 2.364869892715368 38
stats: {load,"os_mon@localhost"} 1 0.0 0.0 0.3203125 0.0 0.05540707236842105 38
stats: session 0 0 0 30113.39501953125 3.33203125 3030.3179224438804 1878
stats: users_count 4 1923
stats: finish_users_count 0 1878
stats: request 0 0 0 95.22119140625 5.751953125 18.767545867741074 1877
stats: page 0 0 0 95.22119140625 5.751953125 18.767545867741074 1877
stats: connect 0 0 0 40.611083984375 0.548828125 2.0816201889476837 1878
stats: tr_register 0 0 0 30111.5029296875 1.532958984375 3028.355288309537 1878
stats: 200 0 1722
stats: size_rcv 0 447060
stats: newphase 0 9
stats: size_sent 0 176532
stats: connected 0 0
stats: 403 0 155
stats: error_connect_econnrefused 28 503
stats: error_inet_econnrefused 0 1
# stats: dump at 1402702700
stats: users 60 231
stats: {freemem,"os_mon@localhost"} 1 463.953125 0.0 467.375 462.7421875 465.0949519230769 39
stats: {recvpackets,"os_mon@localhost"} 1 49.0 0.0 488 10 214.1315789473684 38
stats: {sentpackets,"os_mon@localhost"} 1 52.0 0.0 736 10 316.8421052631579 38
stats: {cpu,"os_mon@localhost"} 1 1.7928286852589643 0.0 4.091816367265469 0.6979062811565304 2.329771073318948 39
stats: {load,"os_mon@localhost"} 1 0.0 0.0 0.3203125 0.0 0.05398637820512821 39
stats: session 34 2964.278004365809 8586.83964600583 30113.39501953125 3.33203125 3030.3179224438804 1878
stats: users_count 49 1972
stats: finish_users_count 34 1912
stats: request 32 20.297447204589844 6.0434904953970605 95.22119140625 5.751953125 18.767545867741074 1877
stats: page 32 20.297447204589844 6.0434904953970605 95.22119140625 5.751953125 18.767545867741074 1877
stats: connect 33 1.8797940340909092 0.2801260199867324 40.611083984375 0.548828125 2.0816201889476837 1878
stats: tr_register 32 2833.5690460205074 8746.156702693379 30111.5029296875 1.532958984375 3028.355288309537 1878
stats: 200 29 1751
stats: size_rcv 7623 454683
stats: newphase 1 10
stats: size_sent 3102 179634
stats: connected 1 1
stats: 403 3 158
stats: error_connect_econnrefused 27 530
stats: error_inet_econnrefused 0 1
# stats: dump at 1402702710
stats: users 20 231
stats: {freemem,"os_mon@localhost"} 1 463.96875 0.0 467.375 462.7421875 465.06640625 40
stats: {recvpackets,"os_mon@localhost"} 1 305.0 0.0 488 10 209.89743589743588 39
stats: {sentpackets,"os_mon@localhost"} 1 447.0 0.0 736 10 310.05128205128204 39
stats: {cpu,"os_mon@localhost"} 1 3.093812375249501 0.0 4.091816367265469 0.6979062811565304 2.3163475136174485 40
stats: {load,"os_mon@localhost"} 1 0.0 0.0 0.3203125 0.0 0.05263671875 40
stats: session 140 7521.078962053572 15683.209561203808 60034.027099609375 3.33203125 3029.143572436216 1912
stats: users_count 100 2072
stats: finish_users_count 140 2052
stats: request 140 17.65606689453124 5.1585163152920135 95.22119140625 5.751953125 18.793191149448333 1909
stats: page 140 17.65606689453124 5.1585163152920135 95.22119140625 5.751953125 18.793191149448333 1909
stats: connect 140 1.6699340820312503 0.25851382249779264 40.611083984375 0.548828125 2.0781349649234695 1911
stats: tr_register 140 7590.609800502232 15671.682834989473 60032.095947265625 1.532958984375 3025.0918538837523 1910
stats: 200 113 1864
stats: size_rcv 33237 487920
stats: newphase 0 10
stats: size_sent 13160 192794
stats: connected 0 1
stats: 403 27 185
stats: error_connect_econnrefused 0 530
stats: error_inet_econnrefused 0 1
# stats: dump at 1402702720
stats: users 5 231
stats: {freemem,"os_mon@localhost"} 1 463.8203125 0.0 467.375 462.7421875 465.0396341463415 41
stats: {recvpackets,"os_mon@localhost"} 1 556.0 0.0 556 10 212.275 40
stats: {sentpackets,"os_mon@localhost"} 1 834.0 0.0 834 10 313.475 40
stats: {cpu,"os_mon@localhost"} 1 4.495504495504496 0.0 4.495504495504496 0.6979062811565304 2.33531007121823 41
stats: {load,"os_mon@localhost"} 1 0.0 0.0 0.3203125 0.0 0.051352896341463415 41
stats: session 107 7591.54506562135 19280.983555713563 60036.06982421875 3.33203125 3335.6108992132285 2052
stats: users_count 92 2164
stats: finish_users_count 107 2159
stats: request 108 18.140769675925917 5.890999245931424 95.22119140625 5.751953125 18.715495983177767 2049
stats: page 108 18.140769675925917 5.890999245931424 95.22119140625 5.751953125 18.715495983177767 2049
stats: connect 107 1.560975832359813 0.19713704566883722 40.611083984375 0.548828125 2.0502714234291197 2051
stats: tr_register 108 7519.458105016638 19205.227715565376 60034.260009765625 1.532958984375 3336.8833234089166 2050
stats: 200 86 1950
stats: size_rcv 25636 513556
stats: newphase 0 10
stats: size_sent 10058 202852
stats: connected -1 0
stats: 403 22 207
stats: error_connect_econnrefused 0 530
stats: error_inet_econnrefused 0 1
# stats: dump at 1402702730
stats: users 0 231
stats: {freemem,"os_mon@localhost"} 1 463.87890625 0.0 467.375 462.7421875 465.01060267857144 42
stats: {recvpackets,"os_mon@localhost"} 1 436.0 0.0 556 10 220.65853658536585 41
stats: {sentpackets,"os_mon@localhost"} 1 660.0 0.0 834 10 326.1707317073171 41
stats: {cpu,"os_mon@localhost"} 1 3.5856573705179287 0.0 4.495504495504496 0.6979062811565304 2.3867432717964743 42
stats: {load,"os_mon@localhost"} 1 0.0 0.0 0.3203125 0.0 0.050130208333333336 42
stats: session 116 2605.5362169989226 12186.975625341527 60036.06982421875 3.33203125 3546.5349176503146 2159
stats: users_count 111 2275
stats: finish_users_count 116 2275
stats: request 116 16.70975678542567 5.657698123230124 95.22119140625 5.751953125 18.686719700756257 2157
stats: page 116 16.70975678542567 5.657698123230124 95.22119140625 5.751953125 18.686719700756257 2157
stats: connect 116 1.544037917564655 0.20923929812286504 40.611083984375 0.548828125 2.026010705984998 2158
stats: tr_register 116 2603.5128447434004 12186.992769224116 60034.260009765625 1.532958984375 3546.205879671027 2158
stats: 200 94 2044
stats: size_rcv 27541 541097
stats: newphase 0 10
stats: size_sent 10904 213756
stats: connected 0 0
stats: 403 22 229
stats: error_connect_econnrefused 0 530
stats: error_inet_econnrefused 0 1
# stats: dump at 1402702740
stats: users 0 231
stats: {freemem,"os_mon@localhost"} 1 463.765625 0.0 467.375 462.7421875 464.98428415697674 43
stats: {recvpackets,"os_mon@localhost"} 1 462.0 0.0 556 10 225.78571428571428 42
stats: {sentpackets,"os_mon@localhost"} 1 695.0 0.0 834 10 334.1190476190476 42
stats: {cpu,"os_mon@localhost"} 1 4.087736789631107 0.0 4.495504495504496 0.6979062811565304 2.4146249950225545 43
stats: {load,"os_mon@localhost"} 1 0.0 0.0 0.3203125 0.0 0.04896438953488372 43
stats: session 100 19.75468505859375 5.634249886346559 60036.06982421875 3.33203125 3498.5543245621557 2275
stats: users_count 100 2375
stats: finish_users_count 100 2375
stats: request 100 17.636896972656253 5.648233817964895 95.22119140625 5.751953125 18.5858276206074 2273
stats: page 100 17.636896972656253 5.648233817964895 95.22119140625 5.751953125 18.5858276206074 2273
stats: connect 100 1.535146484375 0.19291985674610548 40.611083984375 0.548828125 2.001424583092843 2274
stats: tr_register 100 17.912998046874996 5.587943234723142 60034.260009765625 1.532958984375 3498.117756517287 2274
stats: 200 81 2125
stats: size_rcv 23750 564847
stats: newphase 0 10
stats: size_sent 9400 223156
stats: connected 0 0
stats: 403 19 248
stats: error_connect_econnrefused 0 530
stats: error_inet_econnrefused 0 1
# stats: dump at 1402702750
stats: users 0 231
stats: {freemem,"os_mon@localhost"} 1 463.79296875 0.0 467.375 462.7421875 464.95658735795456 44
stats: {recvpackets,"os_mon@localhost"} 1 404.0 0.0 556 10 231.27906976744185 43
stats: {sentpackets,"os_mon@localhost"} 1 606.0 0.0 834 10 342.5116279069767 43
stats: {cpu,"os_mon@localhost"} 1 3.688933200398804 0.0 4.495504495504496 0.6979062811565304 2.4526502630818396 44
stats: {load,"os_mon@localhost"} 1 0.0 0.0 0.3203125 0.0 0.0478515625 44
stats: session 87 20.582227684985636 4.687135715117897 60036.06982421875 3.33203125 3352.078550267269 2375
stats: users_count 87 2462
stats: finish_users_count 87 2462
stats: request 86 18.15600869821947 4.895996523171454 95.22119140625 5.751953125 18.54583897130478 2373
stats: page 86 18.15600869821947 4.895996523171454 95.22119140625 5.751953125 18.54583897130478 2373
stats: connect 86 1.8300270257994187 0.23453843123357748 40.611083984375 0.548828125 1.981783551133372 2374
stats: tr_register 86 18.516326194585766 4.824548544041127 60034.260009765625 1.532958984375 3351.521094408171 2374
stats: 200 71 2196
stats: size_rcv 20427 585274
stats: newphase 0 10
stats: size_sent 8084 231240
stats: connected 0 0
stats: 403 15 263
stats: error_connect_econnrefused 0 530
stats: error_inet_econnrefused 0 1
# stats: dump at 1402702760
stats: users 0 231
stats: {freemem,"os_mon@localhost"} 1 463.80078125 0.0 467.375 462.7421875 464.93072916666665 45
stats: {recvpackets,"os_mon@localhost"} 1 312.0 0.0 556 10 235.20454545454547 44
stats: {sentpackets,"os_mon@localhost"} 1 468.0 0.0 834 10 348.49999999999994 44
stats: {cpu,"os_mon@localhost"} 1 3.093812375249501 0.0 4.495504495504496 0.6979062811565304 2.4801232172444387 45
stats: {load,"os_mon@localhost"} 1 0.0 0.0 0.3203125 0.0 0.046788194444444445 45
stats: session 56 19.01800537109375 6.477412813242967 60036.06982421875 3.33203125 3234.35305064718 2462
stats: users_count 56 2518
stats: finish_users_count 56 2518
stats: request 58 16.78007139008621 6.471740480548793 95.22119140625 5.751953125 18.532205216329043 2459
stats: page 58 16.78007139008621 6.471740480548793 95.22119140625 5.751953125 18.532205216329043 2459
stats: connect 58 1.7393419989224137 0.2031844558099149 40.611083984375 0.548828125 1.976478241711128 2460
stats: tr_register 58 17.155008250269393 6.377067393070166 60034.260009765625 1.532958984375 3235.0014155194035 2460
stats: 200 42 2238
stats: size_rcv 13745 599019
stats: newphase 1 11
stats: size_sent 5452 236692
stats: connected 0 0
stats: 403 16 279
stats: error_connect_econnrefused 0 530
stats: error_inet_econnrefused 0 1
# stats: dump at 1402702770
stats: users 0 231
stats: {freemem,"os_mon@localhost"} 1 463.70703125 0.0 467.375 462.7421875 464.90616508152175 46
stats: {recvpackets,"os_mon@localhost"} 1 137.0 0.0 556 10 236.9111111111111 45
stats: {sentpackets,"os_mon@localhost"} 1 207.0 0.0 834 10 351.1555555555555 45
stats: {cpu,"os_mon@localhost"} 1 1.694915254237288 0.0 4.495504495504496 0.6979062811565304 2.4934642858967226 46
stats: {load,"os_mon@localhost"} 1 0.0 0.0 0.3203125 0.0 0.045771059782608696 46
stats: session 10 14.260595703125 5.115906563748558 60036.06982421875 3.33203125 3162.844407861056 2518
stats: users_count 10 2528
stats: finish_users_count 10 2528
stats: request 10 11.906103515625 5.234079346007629 95.22119140625 5.751953125 18.491830261254716 2517
stats: page 10 11.906103515625 5.234079346007629 95.22119140625 5.751953125 18.491830261254716 2517
stats: connect 10 1.7967529296875 0.1211362333531259 40.611083984375 0.548828125 1.9710160089542792 2518
stats: tr_register 10 12.380908203125 5.119926365904011 60034.260009765625 1.532958984375 3160.8810455346497 2518
stats: 200 4 2242
stats: size_rcv 2348 601367
stats: newphase 0 11
stats: size_sent 940 237632
stats: connected 0 0
stats: 403 6 285
stats: error_connect_econnrefused 0 530
stats: error_inet_econnrefused 0 1
# stats: dump at 1402702780
stats: users 0 231
stats: {freemem,"os_mon@localhost"} 1 463.60546875 0.0 467.375 462.7421875 464.88065159574467 47
stats: {recvpackets,"os_mon@localhost"} 1 44.0 0.0 556 10 234.7391304347826 46
stats: {sentpackets,"os_mon@localhost"} 1 74.0 0.0 834 10 348.02173913043475 46
stats: {cpu,"os_mon@localhost"} 1 0.8964143426294822 0.0 4.495504495504496 0.6979062811565304 2.4764738809677986 47
stats: {load,"os_mon@localhost"} 1 0.0 0.0 0.3203125 0.0 0.04479720744680851 47
stats: session 13 19.064791165865383 3.8380677919541566 60036.06982421875 3.33203125 3150.38956683195 2528
stats: users_count 13 2541
stats: finish_users_count 13 2541
stats: request 13 16.79747596153846 3.9282203401002507 95.22119140625 5.751953125 18.46576881786085 2527
stats: page 13 16.79747596153846 3.9282203401002507 95.22119140625 5.751953125 18.46576881786085 2527
stats: connect 13 1.669189453125 0.27962926792014786 40.611083984375 0.548828125 1.970326677153382 2528
stats: tr_register 13 17.11553485576923 3.8413825102694474 60034.260009765625 1.532958984375 3148.426535497737 2528
stats: 200 11 2253
stats: size_rcv 3090 604457
stats: newphase 0 11
stats: size_sent 1222 238854
stats: connected 0 0
stats: 403 2 287
stats: error_connect_econnrefused 0 530
stats: error_inet_econnrefused 0 1
# stats: dump at 1402702790
stats: users 0 231
stats: {freemem,"os_mon@localhost"} 1 463.734375 0.0 467.375 462.7421875 464.8540852864583 48
stats: {recvpackets,"os_mon@localhost"} 1 67.0 0.0 556 10 230.68085106382978 47
stats: {sentpackets,"os_mon@localhost"} 1 95.0 0.0 834 10 342.1914893617021 47
stats: {cpu,"os_mon@localhost"} 1 1.2987012987012987 0.0 4.495504495504496 0.6979062811565304 2.4435559739190835 48
stats: {load,"os_mon@localhost"} 1 0.0 0.0 0.3203125 0.0 0.043863932291666664 48
stats: session 6 17.203287760416668 4.227166351097254 60036.06982421875 3.33203125 3134.3694085935954 2541
stats: users_count 6 2547
stats: finish_users_count 6 2547
stats: request 6 14.949137369791666 4.430428858725624 95.22119140625 5.751953125 18.457230311115897 2540
stats: page 6 14.949137369791666 4.430428858725624 95.22119140625 5.751953125 18.457230311115897 2540
stats: connect 6 1.6216634114583333 0.16505559453482635 40.611083984375 0.548828125 1.9687860301984947 2541
stats: tr_register 6 15.327677408854166 4.280318187599896 60034.260009765625 1.532958984375 3132.406447733729 2541
stats: 200 4 2257
stats: size_rcv 1420 605877
stats: newphase 1 12
stats: size_sent 564 239418
stats: connected 0 0
stats: 403 2 289
stats: error_connect_econnrefused 0 530
stats: error_inet_econnrefused 0 1
# stats: dump at 1402702800
stats: users 0 231
stats: {freemem,"os_mon@localhost"} 1 463.74609375 0.0 467.375 462.7421875 464.83123405612247 49
stats: {recvpackets,"os_mon@localhost"} 1 32.0 0.0 556 10 227.27083333333334 48
stats: {sentpackets,"os_mon@localhost"} 1 48.0 0.0 834 10 337.0416666666667 48
stats: {cpu,"os_mon@localhost"} 1 0.8946322067594433 0.0 4.495504495504496 0.6979062811565304 2.42019159279219 49
stats: {load,"os_mon@localhost"} 1 0.0 0.0 0.3203125 0.0 0.04296875 49
stats: session 13 18.279278094951923 5.459344471772692 60036.06982421875 3.33203125 3127.0262610769096 2547
stats: users_count 13 2560
stats: finish_users_count 13 2560
stats: request 12 15.287027994791666 5.238584207979127 95.22119140625 5.751953125 18.448963006462343 2546
stats: page 12 15.287027994791666 5.238584207979127 95.22119140625 5.751953125 18.448963006462343 2546
stats: connect 12 1.75225830078125 0.18764556757484346 40.611083984375 0.548828125 1.9679683090707205 2547
stats: tr_register 12 15.659281412760416 5.13344299575961 60034.260009765625 1.532958984375 3125.063505989736 2547
stats: 200 8 2265
stats: size_rcv 2837 608714
stats: newphase 0 12
stats: size_sent 1128 240546
stats: connected 0 0
stats: 403 4 293
stats: error_connect_econnrefused 0 530
stats: error_inet_econnrefused 0 1
# stats: dump at 1402702810
stats: users 0 231
stats: {freemem,"os_mon@localhost"} 1 463.74609375 0.0 467.375 462.7421875 464.80953125 50
stats: {recvpackets,"os_mon@localhost"} 1 48.0 0.0 556 10 223.28571428571428 49
stats: {sentpackets,"os_mon@localhost"} 1 72.0 0.0 834 10 331.14285714285717 49
stats: {cpu,"os_mon@localhost"} 1 0.897308075772682 0.0 4.495504495504496 0.6979062811565304 2.389680405071535 50
stats: {load,"os_mon@localhost"} 1 0.0 0.0 0.3203125 0.0 0.042109375 50
stats: session 10 18.0029296875 4.357596282683149 60036.06982421875 3.33203125 3111.2396553039544 2560
stats: users_count 10 2570
stats: finish_users_count 10 2570
stats: request 10 16.2505859375 5.135401554072533 95.22119140625 5.751953125 18.434129847689846 2558
stats: page 10 16.2505859375 5.135401554072533 95.22119140625 5.751953125 18.434129847689846 2558
stats: connect 10 1.8578857421875 0.1724197234765771 40.611083984375 0.548828125 1.9669567732756936 2559
stats: tr_register 10 16.653173828125 5.0010374366230135 60034.260009765625 1.532958984375 3110.4824779729624 2559
stats: 200 7 2272
stats: size_rcv 2369 611083
stats: newphase 0 12
stats: size_sent 940 241486
stats: connected 0 0
stats: 403 3 296
stats: error_connect_econnrefused 0 530
stats: error_inet_econnrefused 0 1
# stats: dump at 1402702820
stats: users 3 231
stats: {freemem,"os_mon@localhost"} 1 463.765625 0.0 467.375 462.7421875 464.7886795343137 51
stats: {recvpackets,"os_mon@localhost"} 1 28.0 0.0 556 10 219.78 50
stats: {sentpackets,"os_mon@localhost"} 1 48.0 0.0 834 10 325.96000000000004 50
stats: {cpu,"os_mon@localhost"} 1 0.6986027944111777 0.0 4.495504495504496 0.6979062811565304 2.3604182025362634 51
stats: {load,"os_mon@localhost"} 1 0.0 0.0 0.3203125 0.0 0.041283700980392156 51
stats: session 46 107.5135391898777 189.94469518615676 60036.06982421875 3.33203125 3099.2037147373535 2570
stats: users_count 49 2619
stats: finish_users_count 46 2616
stats: request 41 116.01201052782012 198.49615948024856 760.779052734375 5.751953125 18.425626950843313 2568
stats: page 41 116.01201052782012 198.49615948024856 760.779052734375 5.751953125 18.425626950843313 2568
stats: connect 42 1.6172630673363095 0.19138035344617688 40.611083984375 0.548828125 1.9665322071757008 2569
stats: tr_register 41 116.31417325647865 198.50766666298605 60034.260009765625 1.532958984375 3098.4395456874627 2569
stats: 200 30 2302
stats: size_rcv 9709 620792
stats: newphase 1 13
stats: size_sent 3948 245434
stats: connected 1 1
stats: 403 11 307
stats: error_connect_econnrefused 0 530
stats: error_inet_econnrefused 0 1
# stats: dump at 1402702830
stats: users 94 231
stats: {freemem,"os_mon@localhost"} 1 463.796875 0.0 467.375 462.7421875 464.76900540865387 52
stats: {recvpackets,"os_mon@localhost"} 1 243.0 0.0 556 10 216.01960784313727 51
stats: {sentpackets,"os_mon@localhost"} 1 348.0 0.0 834 10 320.5098039215687 51
stats: {cpu,"os_mon@localhost"} 1 3.187250996015936 0.0 4.495504495504496 0.6979062811565304 2.328460213918473 52
stats: {load,"os_mon@localhost"} 1 0.0 0.0 0.3203125 0.0 0.04048978365384615 52
stats: session 5 17.18876953125 5.070440398074061 60036.06982421875 3.33203125 3046.597541925739 2616
stats: users_count 96 2715
stats: finish_users_count 5 2621
stats: request 11 16.059104225852273 4.615628412698883 760.779052734375 5.751953125 19.959180698124282 2609
stats: page 11 16.059104225852273 4.615628412698883 760.779052734375 5.751953125 19.959180698124282 2609
stats: connect 10 1.74697265625 0.1577540752168643 40.611083984375 0.548828125 1.9609139368297588 2611
stats: tr_register 11 16.380970348011363 4.485841589655345 60034.260009765625 1.532958984375 3051.5938980745623 2610
stats: 200 8 2310
stats: size_rcv 2607 623399
stats: newphase 0 13
stats: size_sent 940 246374
stats: connected -1 0
stats: 403 3 310
stats: error_connect_econnrefused 90 620
stats: error_inet_econnrefused 0 1
# stats: dump at 1402702840
stats: users 178 231
stats: {freemem,"os_mon@localhost"} 1 463.671875 0.0 467.375 462.7421875 464.7506633254717 53
stats: {recvpackets,"os_mon@localhost"} 1 142.0 0.0 556 10 216.53846153846155 52
stats: {sentpackets,"os_mon@localhost"} 1 156.0 0.0 834 10 321.03846153846155 52
stats: {cpu,"os_mon@localhost"} 1 3.3966033966033966 0.0 4.495504495504496 0.6979062811565304 2.344663813580689 53
stats: {load,"os_mon@localhost"} 1 0.0 0.0 0.3203125 0.0 0.03972582547169811 53
stats: session 0 0 0 60036.06982421875 3.33203125 3040.8184332412775 2621
stats: users_count 84 2799
stats: finish_users_count 0 2621
stats: request 0 0 0 760.779052734375 5.751953125 19.942806331255962 2620
stats: page 0 0 0 760.779052734375 5.751953125 19.942806331255962 2620
stats: connect 0 0 0 40.611083984375 0.548828125 1.960097678605494 2621
stats: tr_register 0 0 0 60034.260009765625 1.532958984375 3038.8554996750995 2621
stats: 200 0 2310
stats: size_rcv 0 623399
stats: newphase 0 13
stats: size_sent 0 246374
stats: connected 0 0
stats: 403 0 310
stats: error_connect_econnrefused 174 794
stats: error_inet_econnrefused 0 1
# stats: dump at 1402702850
stats: users 277 277
stats: {freemem,"os_mon@localhost"} 1 463.53125 0.0 467.375 462.7421875 464.7306857638889 54
stats: {recvpackets,"os_mon@localhost"} 1 188.0 0.0 556 10 215.1320754716981 53
stats: {sentpackets,"os_mon@localhost"} 1 188.0 0.0 834 10 317.92452830188677 53
stats: {cpu,"os_mon@localhost"} 1 3.8922155688622757 0.0 4.495504495504496 0.6979062811565304 2.364144176229258 54
stats: {load,"os_mon@localhost"} 1 0.0 0.0 0.3203125 0.0 0.038990162037037035 54
stats: session 0 0 0 60036.06982421875 3.33203125 3040.8184332412775 2621
stats: users_count 99 2898
stats: finish_users_count 0 2621
stats: request 0 0 0 760.779052734375 5.751953125 19.942806331255962 2620
stats: page 0 0 0 760.779052734375 5.751953125 19.942806331255962 2620
stats: connect 0 0 0 40.611083984375 0.548828125 1.960097678605494 2621
stats: tr_register 0 0 0 60034.260009765625 1.532958984375 3038.8554996750995 2621
stats: 200 0 2310
stats: size_rcv 0 623399
stats: newphase 0 13
stats: size_sent 0 246374
stats: connected 0 0
stats: 403 0 310
stats: error_connect_econnrefused 182 976
stats: error_inet_econnrefused 0 1
# stats: dump at 1402702860
stats: users 384 384
stats: {freemem,"os_mon@localhost"} 1 462.22265625 0.0 467.375 462.22265625 464.7088778409091 55
stats: {recvpackets,"os_mon@localhost"} 1 222.0 0.0 556 10 214.62962962962962 54
stats: {sentpackets,"os_mon@localhost"} 1 222.0 0.0 834 10 315.51851851851853 54
stats: {cpu,"os_mon@localhost"} 1 4.287138584247258 0.0 4.495504495504496 0.6979062811565304 2.391927292458949 55
stats: {load,"os_mon@localhost"} 1 0.0 0.0 0.3203125 0.0 0.03828125 55
stats: session 0 0 0 60036.06982421875 3.33203125 3040.8184332412775 2621
stats: users_count 107 3005
stats: finish_users_count 0 2621
stats: request 0 0 0 760.779052734375 5.751953125 19.942806331255962 2620
stats: page 0 0 0 760.779052734375 5.751953125 19.942806331255962 2620
stats: connect 0 0 0 40.611083984375 0.548828125 1.960097678605494 2621
stats: tr_register 0 0 0 60034.260009765625 1.532958984375 3038.8554996750995 2621
stats: 200 0 2310
stats: size_rcv 0 623399
stats: newphase 0 13
stats: size_sent 0 246374
stats: connected 0 0
stats: 403 0 310
stats: error_connect_econnrefused 297 1273
stats: error_inet_econnrefused 0 1
# stats: dump at 1402702870
stats: users 482 482
stats: {freemem,"os_mon@localhost"} 1 460.5390625 0.0 467.375 460.5390625 464.6644810267857 56
stats: {recvpackets,"os_mon@localhost"} 1 303.0 0.0 556 10 214.76363636363635 55
stats: {sentpackets,"os_mon@localhost"} 1 309.0 0.0 834 10 313.8181818181818 55
stats: {cpu,"os_mon@localhost"} 1 5.18444666001994 0.0 5.18444666001994 0.6979062811565304 2.425770351240883 56
stats: {load,"os_mon@localhost"} 1 0.0 0.0 0.3203125 0.0 0.03759765625 56
stats: session 0 0 0 60036.06982421875 3.33203125 3040.8184332412775 2621
stats: users_count 98 3103
stats: finish_users_count 0 2621
stats: request 0 0 0 760.779052734375 5.751953125 19.942806331255962 2620
stats: page 0 0 0 760.779052734375 5.751953125 19.942806331255962 2620
stats: connect 0 0 0 40.611083984375 0.548828125 1.960097678605494 2621
stats: tr_register 0 0 0 60034.260009765625 1.532958984375 3038.8554996750995 2621
stats: 200 0 2310
stats: size_rcv 0 623399
stats: newphase 0 13
stats: size_sent 0 246374
stats: connected 0 0
stats: 403 0 310
stats: error_connect_econnrefused 293 1566
stats: error_inet_econnrefused 0 1
# stats: dump at 1402702880
stats: users 489 535
stats: {freemem,"os_mon@localhost"} 1 459.51953125 0.0 467.375 459.51953125 464.5921052631579 57
stats: {recvpackets,"os_mon@localhost"} 1 310.0 0.0 556 10 216.33928571428572 56
stats: {sentpackets,"os_mon@localhost"} 1 321.0 0.0 834 10 313.73214285714283 56
stats: {cpu,"os_mon@localhost"} 1 5.588822355289421 0.0 5.588822355289421 0.6979062811565304 2.474168181219463 57
stats: {load,"os_mon@localhost"} 1 0.0 0.0 0.3203125 0.0 0.03693804824561404 57
stats: session 53 22289.994182082843 14229.228609181057 60038.215087890625 3.33203125 3040.8184332412775 2621
stats: users_count 60 3163
stats: finish_users_count 53 2674
stats: request 43 20.348314861918606 7.814669200318543 760.779052734375 5.751953125 19.942806331255962 2620
stats: page 43 20.348314861918606 7.814669200318543 760.779052734375 5.751953125 19.942806331255962 2620
stats: connect 44 1.6709039861505681 0.22767234282564416 40.611083984375 0.548828125 1.960097678605494 2621
stats: tr_register 43 19791.23635083575 11308.44529334045 60034.260009765625 1.532958984375 3038.8554996750995 2621
stats: 200 35 2345
stats: size_rcv 10215 633614
stats: newphase 1 14
stats: size_sent 4136 250510
stats: connected 1 1
stats: 403 8 318
stats: error_connect_econnrefused 213 1779
stats: error_inet_econnrefused 0 1
# stats: dump at 1402702890
stats: users 234 535
stats: {freemem,"os_mon@localhost"} 1 459.05859375 0.0 467.375 459.05859375 464.50464709051727 58
stats: {recvpackets,"os_mon@localhost"} 1 714.0 0.0 714 10 217.98245614035088 57
stats: {sentpackets,"os_mon@localhost"} 1 1025.0 0.0 1025 10 313.859649122807 57
stats: {cpu,"os_mon@localhost"} 1 5.194805194805195 0.0 5.588822355289421 0.6979062811565304 2.527869115255152 58
stats: {load,"os_mon@localhost"} 1 0.0 0.0 0.3203125 0.0 0.03630118534482758 58
stats: session 263 35127.257206325754 19865.408039991624 60092.3701171875 3.33203125 3422.346598794233 2674
stats: users_count 8 3171
stats: finish_users_count 263 2937
stats: request 267 22.718783832221444 13.324416532770634 760.779052734375 5.751953125 19.94935415957684 2663
stats: page 267 22.718783832221444 13.324416532770634 760.779052734375 5.751953125 19.94935415957684 2663
stats: connect 267 2.7665229254447574 4.645045062964988 40.611083984375 0.548828125 1.955322998504925 2665
stats: tr_register 267 34936.3621885607 19782.561595940628 60090.44287109375 1.532958984375 3309.2580434438337 2664
stats: 200 204 2549
stats: size_rcv 63329 696943
stats: newphase 0 14
stats: size_sent 25098 275608
stats: connected 0 1
stats: 403 63 381
stats: error_connect_econnrefused 0 1779
stats: error_inet_econnrefused 0 1
# stats: dump at 1402702900
stats: users 70 535
stats: {freemem,"os_mon@localhost"} 1 459.07421875 0.0 467.375 459.05859375 464.4123411016949 59
stats: {recvpackets,"os_mon@localhost"} 1 979.0 0.0 979 10 226.5344827586207 58
stats: {sentpackets,"os_mon@localhost"} 1 1468.0 0.0 1468 10 326.12068965517244 58
stats: {cpu,"os_mon@localhost"} 1 4.985044865403789 0.0 5.588822355289421 0.6979062811565304 2.573071421688203 59
stats: {load,"os_mon@localhost"} 1 0.0 0.0 0.3203125 0.0 0.03568591101694915 59
stats: session 173 43222.07849050534 17760.7865258227 60281.837890625 3.33203125 6261.431205461169 2937
stats: users_count 9 3180
stats: finish_users_count 173 3110
stats: request 176 24.07890874689276 16.327719063763496 760.779052734375 5.751953125 20.201721982988477 2930
stats: page 176 24.07890874689276 16.327719063763496 760.779052734375 5.751953125 20.201721982988477 2930
stats: connect 175 3.2699804687500005 5.160879058444963 40.611083984375 0.548828125 2.0291942060400325 2932
stats: tr_register 176 42824.82394547896 17957.973992327796 60279.828125 1.532958984375 6190.335084298901 2931
stats: 200 137 2686
stats: size_rcv 41751 738694
stats: newphase 0 14
stats: size_sent 16450 292058
stats: connected -1 0
stats: 403 39 420
stats: error_connect_econnrefused 0 1779
stats: error_inet_econnrefused 0 1
# stats: dump at 1402702910
stats: users 0 535
stats: {freemem,"os_mon@localhost"} 1 458.9375 0.0 467.375 458.9375 464.32337239583336 60
stats: {recvpackets,"os_mon@localhost"} 1 540.0 0.0 979 10 239.28813559322035 59
stats: {sentpackets,"os_mon@localhost"} 1 810.0 0.0 1468 10 345.47457627118644 59
stats: {cpu,"os_mon@localhost"} 1 3.090727816550349 0.0 5.588822355289421 0.6979062811565304 2.6132709790834627 60
stats: {load,"os_mon@localhost"} 1 0.0 0.0 0.3203125 0.0 0.03509114583333333 60
stats: session 76 55296.57816033615 16180.029956197843 60281.837890625 3.33203125 8317.441488519895 3110
stats: users_count 6 3186
stats: finish_users_count 76 3186
stats: request 78 24.43772223056891 14.714660584926188 760.779052734375 5.751953125 20.42142091101396 3106
stats: page 78 24.43772223056891 14.714660584926188 760.779052734375 5.751953125 20.42142091101396 3106
stats: connect 78 4.605111929086539 7.494491351412425 40.611083984375 0.548828125 2.0990807834376004 3107
stats: tr_register 78 56184.896910056086 14698.04164461129 60279.828125 1.532958984375 8265.542692785444 3107
stats: 200 59 2745
stats: size_rcv 18497 757191
stats: newphase 1 15
stats: size_sent 7332 299390
stats: connected 0 0
stats: 403 19 439
stats: error_connect_econnrefused 0 1779
stats: error_inet_econnrefused 0 1
# stats: dump at 1402702920
stats: users 0 535
stats: {freemem,"os_mon@localhost"} 1 459.3515625 0.0 467.375 458.9375 464.2350794057377 61
stats: {recvpackets,"os_mon@localhost"} 1 136.0 0.0 979 10 244.3 60
stats: {sentpackets,"os_mon@localhost"} 1 214.0 0.0 1468 10 353.21666666666664 60
stats: {cpu,"os_mon@localhost"} 1 1.3958125623130608 0.0 5.588822355289421 0.6979062811565304 2.621098140353412 61
stats: {load,"os_mon@localhost"} 1 0.0 0.0 0.3203125 0.0 0.034515881147540985 61
stats: session 11 30.189275568181817 11.898932224090611 60281.837890625 3.33203125 9438.098860477847 3186
stats: users_count 11 3197
stats: finish_users_count 11 3197
stats: request 12 30.205078125 13.913675573082138 760.779052734375 5.751953125 20.519810202133712 3184
stats: page 12 30.205078125 13.913675573082138 760.779052734375 5.751953125 20.519810202133712 3184
stats: connect 12 11.010538736979166 9.480476086954273 40.611083984375 0.548828125 2.160452974759615 3185
stats: tr_register 12 30.646830240885418 13.875261232512429 60279.828125 1.532958984375 9439.077898106358 3185
stats: 200 7 2752
stats: size_rcv 2831 760022
stats: newphase 0 15
stats: size_sent 1128 300518
stats: connected 0 0
stats: 403 5 444
stats: error_connect_econnrefused 0 1779
stats: error_inet_econnrefused 0 1
# stats: dump at 1402702930
stats: users 0 535
stats: {freemem,"os_mon@localhost"} 1 459.36328125 0.0 467.375 458.9375 464.15631300403226 62
stats: {recvpackets,"os_mon@localhost"} 1 74.0 0.0 979 10 242.52459016393442 61
stats: {sentpackets,"os_mon@localhost"} 1 112.0 0.0 1468 10 350.9344262295082 61
stats: {cpu,"os_mon@localhost"} 1 1.3972055888223553 0.0 5.588822355289421 0.6979062811565304 2.601335469739858 62
stats: {load,"os_mon@localhost"} 1 0.0 0.0 0.3203125 0.0 0.033959173387096774 62
stats: session 13 23.272554837740383 8.885252676851051 60281.837890625 3.33203125 9405.728824370868 3197
stats: users_count 13 3210
stats: finish_users_count 13 3210
stats: request 13 20.952542818509617 8.950387924019635 760.779052734375 5.751953125 20.556175413358496 3196
stats: page 13 20.952542818509617 8.950387924019635 760.779052734375 5.751953125 20.556175413358496 3196
stats: connect 13 3.3378155048076925 3.0896365042466365 40.611083984375 0.548828125 2.193671939147052 3197
stats: tr_register 13 21.36273662860577 8.899877917987338 60279.828125 1.532958984375 9403.763174048057 3197
stats: 200 10 2762
stats: size_rcv 3085 763107
stats: newphase 0 15
stats: size_sent 1222 301740
stats: connected 0 0
stats: 403 3 447
stats: error_connect_econnrefused 0 1779
stats: error_inet_econnrefused 0 1
# stats: dump at 1402702940
stats: users 0 535
stats: {freemem,"os_mon@localhost"} 1 459.21875 0.0 467.375 458.9375 464.08023313492066 63
stats: {recvpackets,"os_mon@localhost"} 1 40.0 0.0 979 10 239.80645161290323 62
stats: {sentpackets,"os_mon@localhost"} 1 60.0 0.0 1468 10 347.0806451612903 62
stats: {cpu,"os_mon@localhost"} 1 0.9950248756218906 0.0 5.588822355289421 0.6979062811565304 2.5822222970268816 63
stats: {load,"os_mon@localhost"} 1 0.0 0.0 0.3203125 0.0 0.03342013888888889 63
stats: session 28 19.415117536272316 4.7681391094798125 60281.837890625 3.33203125 9367.731337921045 3210
stats: users_count 28 3238
stats: finish_users_count 28 3238
stats: request 25 17.3633203125 4.717155636205013 760.779052734375 5.751953125 20.5577811398362 3209
stats: page 25 17.3633203125 4.717155636205013 760.779052734375 5.751953125 20.5577811398362 3209
stats: connect 26 2.0899752103365383 1.6645701247947702 40.611083984375 0.548828125 2.1983055423724687 3210
stats: tr_register 25 17.704238281250003 4.632561370105482 60279.828125 1.532958984375 9365.7659137096 3210
stats: 200 20 2782
stats: size_rcv 5934 769041
stats: newphase 1 16
stats: size_sent 2444 304184
stats: connected 1 1
stats: 403 5 452
stats: error_connect_econnrefused 0 1779
stats: error_inet_econnrefused 0 1
# stats: dump at 1402702950
stats: users 1 535
stats: {freemem,"os_mon@localhost"} 1 459.265625 0.0 467.375 458.9375 464.0042724609375 64
stats: {recvpackets,"os_mon@localhost"} 1 277.0 0.0 979 10 236.63492063492063 63
stats: {sentpackets,"os_mon@localhost"} 1 415.0 0.0 1468 10 342.5238095238095 63
stats: {cpu,"os_mon@localhost"} 1 2.797202797202797 0.0 5.588822355289421 0.6979062811565304 2.5574223373174285 64
stats: {load,"os_mon@localhost"} 1 0.0 0.0 0.3203125 0.0 0.03289794921875 64
stats: session 103 20.670422007736654 6.439199628804969 60281.837890625 3.33203125 9286.893520079546 3238
stats: users_count 104 3342
stats: finish_users_count 103 3341
stats: request 104 18.303006685697117 6.521327536327863 760.779052734375 5.751953125 20.533086792067678 3234
stats: page 104 18.303006685697117 6.521327536327863 760.779052734375 5.751953125 20.533086792067678 3234
stats: connect 103 3.0051079907463585 3.3867542734641094 40.611083984375 0.548828125 2.197435150335097 3236
stats: tr_register 104 18.723139836237987 6.44701080168751 60279.828125 1.532958984375 9293.524324254977 3235
stats: 200 73 2855
stats: size_rcv 24620 793661
stats: newphase 0 16
stats: size_sent 9682 313866
stats: connected -1 0
stats: 403 31 483
stats: error_connect_econnrefused 0 1779
stats: error_inet_econnrefused 0 1
# stats: dump at 1402702960
stats: users 0 535
stats: {freemem,"os_mon@localhost"} 1 459.25390625 0.0 467.375 458.9375 463.93137019230767 65
stats: {recvpackets,"os_mon@localhost"} 1 392.0 0.0 979 10 237.265625 64
stats: {sentpackets,"os_mon@localhost"} 1 594.0 0.0 1468 10 343.65625 64
stats: {cpu,"os_mon@localhost"} 1 3.988035892323031 0.0 5.588822355289421 0.6979062811565304 2.5611112674695113 65
stats: {load,"os_mon@localhost"} 1 0.078125 0.0 0.3203125 0.0 0.032391826923076926 65
stats: session 99 22.981825086805557 7.435602015571068 60281.837890625 3.33203125 9001.224265634351 3341
stats: users_count 98 3440
stats: finish_users_count 99 3440
stats: request 100 20.538630371093742 7.543673822675317 760.779052734375 5.751953125 20.46360556646476 3338
stats: page 100 20.538630371093742 7.543673822675317 760.779052734375 5.751953125 20.46360556646476 3338
stats: connect 100 3.19581298828125 3.838802622036471 40.611083984375 0.548828125 2.222349886053084 3339
stats: tr_register 100 20.90277099609376 7.484801943503587 60279.828125 1.532958984375 9004.641627884941 3339
stats: 200 77 2932
stats: size_rcv 23721 817382
stats: newphase 0 16
stats: size_sent 9400 323266
stats: connected 0 0
stats: 403 23 506
stats: error_connect_econnrefused 0 1779
stats: error_inet_econnrefused 0 1
# stats: dump at 1402702970
stats: users 1 535
stats: {freemem,"os_mon@localhost"} 1 461.375 0.0 467.375 458.9375 463.8604995265151 66
stats: {recvpackets,"os_mon@localhost"} 1 416.0 0.0 979 10 239.64615384615385 65
stats: {sentpackets,"os_mon@localhost"} 1 630.0 0.0 1468 10 347.5076923076923 65
stats: {cpu,"os_mon@localhost"} 1 3.988035892323031 0.0 5.588822355289421 0.6979062811565304 2.5827313375430494 66
stats: {load,"os_mon@localhost"} 1 0.1484375 0.0 0.3203125 0.0 0.033084753787878785 66
stats: session 100 20.324978027343747 7.2277128995106175 60281.837890625 3.33203125 8742.838800048827 3440
stats: users_count 101 3541
stats: finish_users_count 100 3540
stats: request 98 17.78599330357143 7.198971852604939 760.779052734375 5.751953125 20.465787788821626 3438
stats: page 98 17.78599330357143 7.198971852604939 760.779052734375 5.751953125 20.465787788821626 3438
stats: connect 98 2.9644451530612232 3.0912318721320036 40.611083984375 0.548828125 2.2506564607035107 3439
stats: tr_register 98 18.159139827806136 7.126574841428598 60279.828125 1.532958984375 8743.410489272297 3439
stats: 200 62 2994
stats: size_rcv 23153 840535
stats: newphase 0 16
stats: size_sent 9212 332478
stats: connected 0 0
stats: 403 36 542
stats: error_connect_econnrefused 0 1779
stats: error_inet_econnrefused 0 1
# stats: dump at 1402702980
stats: users 0 535
stats: {freemem,"os_mon@localhost"} 1 461.2890625 0.0 467.375 458.9375 463.82340251865674 67
stats: {recvpackets,"os_mon@localhost"} 1 405.0 0.0 979 10 242.3181818181818 66
stats: {sentpackets,"os_mon@localhost"} 1 600.0 0.0 1468 10 351.7878787878788 66
stats: {cpu,"os_mon@localhost"} 1 3.992015968063872 0.0 5.588822355289421 0.6979062811565304 2.603706032390512 67
stats: {load,"os_mon@localhost"} 1 0.12890625 0.0 0.3203125 0.0 0.03480643656716418 67
stats: session 93 22.10065419186829 7.448731442356483 60281.837890625 3.33203125 8496.440104511497 3540
stats: users_count 92 3633
stats: finish_users_count 93 3633
stats: request 96 19.974967956542972 7.520243255210801 760.779052734375 5.751953125 20.39151746654942 3536
stats: page 96 19.974967956542972 7.520243255210801 760.779052734375 5.751953125 20.39151746654942 3536
stats: connect 96 3.0764999389648424 3.2765053023697575 40.611083984375 0.548828125 2.2704334728185955 3537
stats: tr_register 96 20.309031168619793 7.468655654638264 60279.828125 1.532958984375 8501.659108937109 3537
stats: 200 75 3069
stats: size_rcv 22784 863319
stats: newphase 0 16
stats: size_sent 9024 341502
stats: connected 0 0
stats: 403 21 563
stats: error_connect_econnrefused 0 1779
stats: error_inet_econnrefused 0 1
# stats: dump at 1402702990
stats: users 0 535
stats: {freemem,"os_mon@localhost"} 1 461.28515625 0.0 467.375 458.9375 463.7861328125 68
stats: {recvpackets,"os_mon@localhost"} 1 333.0 0.0 979 10 244.7462686567164 67
stats: {sentpackets,"os_mon@localhost"} 1 499.0 0.0 1468 10 355.4925373134328 67
stats: {cpu,"os_mon@localhost"} 1 3.286852589641434 0.0 5.588822355289421 0.6979062811565304 2.624122354973944 68
stats: {load,"os_mon@localhost"} 1 0.1796875 0.0 0.3203125 0.0 0.03619025735294118 68
stats: session 95 20.76214535361842 7.9484398680435095 60281.837890625 3.33203125 8279.508211068138 3633
stats: users_count 95 3728
stats: finish_users_count 95 3728
stats: request 95 18.453662109374996 8.00030228180181 760.779052734375 5.751953125 20.380507347342203 3632
stats: page 95 18.453662109374996 8.00030228180181 760.779052734375 5.751953125 20.380507347342203 3632
stats: connect 95 2.7588867187500012 3.459772419694023 40.611083984375 0.548828125 2.29173332989265 3633
stats: tr_register 95 18.80556126644737 7.954762981184253 60279.828125 1.532958984375 8277.544160556768 3633
stats: 200 66 3135
stats: size_rcv 22491 885810
stats: newphase 0 16
stats: size_sent 8930 350432
stats: connected 0 0
stats: 403 29 592
stats: error_connect_econnrefused 0 1779
stats: error_inet_econnrefused 0 1
# stats: dump at 1402703000
stats: users 3 535
stats: {freemem,"os_mon@localhost"} 1 461.28125 0.0 467.375 458.9375 463.7498867753623 69
stats: {recvpackets,"os_mon@localhost"} 1 420.0 0.0 979 10 246.0441176470588 68
stats: {sentpackets,"os_mon@localhost"} 1 630.0 0.0 1468 10 357.6029411764706 68
stats: {cpu,"os_mon@localhost"} 1 3.5964035964035967 0.0 5.588822355289421 0.6979062811565304 2.6337271409836176 69
stats: {load,"os_mon@localhost"} 1 0.1484375 0.0 0.3203125 0.0 0.03826992753623189 69
stats: session 67 19.150944496268657 6.175796007417073 60281.837890625 3.33203125 8069.051967440756 3728
stats: users_count 70 3798
stats: finish_users_count 67 3795
stats: request 67 16.83608689948694 6.262162935900494 760.779052734375 5.751953125 20.331392698131875 3727
stats: page 67 16.83608689948694 6.262162935900494 760.779052734375 5.751953125 20.331392698131875 3727
stats: connect 67 1.7172195662313432 0.27488301550972677 40.611083984375 0.548828125 2.303637721507845 3728
stats: tr_register 67 17.187197557136184 6.180737042075268 60279.828125 1.532958984375 8067.088107195024 3728
stats: 200 49 3184
stats: size_rcv 15876 901686
stats: newphase 1 17
stats: size_sent 6298 356730
stats: connected 0 0
stats: 403 18 610
stats: error_connect_econnrefused 3 1782
stats: error_inet_econnrefused 0 1
# stats: dump at 1402703010
stats: users 12 535
stats: {freemem,"os_mon@localhost"} 1 461.2265625 0.0 467.375 458.9375 463.7146205357143 70
stats: {recvpackets,"os_mon@localhost"} 1 111.0 0.0 979 10 248.56521739130434 69
stats: {sentpackets,"os_mon@localhost"} 1 169.0 0.0 1468 10 361.5507246376812 69
stats: {cpu,"os_mon@localhost"} 1 1.5952143569292123 0.0 5.588822355289421 0.6979062811565304 2.6474796617753316 70
stats: {load,"os_mon@localhost"} 1 0.12890625 0.0 0.3203125 0.0 0.039843750000000004 70
stats: session 0 0 0 60281.837890625 3.33203125 7926.93250274055 3795
stats: users_count 9 3807
stats: finish_users_count 0 3795
stats: request 0 0 0 760.779052734375 5.751953125 20.269667477122596 3794
stats: page 0 0 0 760.779052734375 5.751953125 20.269667477122596 3794
stats: connect 0 0 0 40.611083984375 0.548828125 2.2932846210062574 3795
stats: tr_register 0 0 0 60279.828125 1.532958984375 7924.968644495225 3795
stats: 200 0 3184
stats: size_rcv 0 901686
stats: newphase 0 17
stats: size_sent 0 356730
stats: connected 0 0
stats: 403 0 610
stats: error_connect_econnrefused 12 1794
stats: error_inet_econnrefused 0 1
# stats: dump at 1402703020
stats: users 21 535
stats: {freemem,"os_mon@localhost"} 1 461.234375 0.0 467.375 458.9375 463.67957746478874 71
stats: {recvpackets,"os_mon@localhost"} 1 34.0 0.0 979 10 246.6 70
stats: {sentpackets,"os_mon@localhost"} 1 47.0 0.0 1468 10 358.8 70
stats: {cpu,"os_mon@localhost"} 1 1.296111665004985 0.0 5.588822355289421 0.6979062811565304 2.632659023678907 71
stats: {load,"os_mon@localhost"} 1 0.109375 0.0 0.3203125 0.0 0.04109815140845071 71
stats: session 0 0 0 60281.837890625 3.33203125 7926.93250274055 3795
stats: users_count 9 3816
stats: finish_users_count 0 3795
stats: request 0 0 0 760.779052734375 5.751953125 20.269667477122596 3794
stats: page 0 0 0 760.779052734375 5.751953125 20.269667477122596 3794
stats: connect 0 0 0 40.611083984375 0.548828125 2.2932846210062574 3795
stats: tr_register 0 0 0 60279.828125 1.532958984375 7924.968644495225 3795
stats: 200 0 3184
stats: size_rcv 0 901686
stats: newphase 0 17
stats: size_sent 0 356730
stats: connected 0 0
stats: 403 0 610
stats: error_connect_econnrefused 18 1812
stats: error_inet_econnrefused 0 1
# stats: dump at 1402703030
stats: users 28 535
stats: {freemem,"os_mon@localhost"} 1 461.125 0.0 467.375 458.9375 463.64561631944446 72
stats: {recvpackets,"os_mon@localhost"} 1 21.0 0.0 979 10 243.6056338028169 71
stats: {sentpackets,"os_mon@localhost"} 1 21.0 0.0 1468 10 354.40845070422534 71
stats: {cpu,"os_mon@localhost"} 1 0.9970089730807578 0.0 5.588822355289421 0.6979062811565304 2.614095865919547 72
stats: {load,"os_mon@localhost"} 1 0.08984375 0.0 0.3203125 0.0 0.04204644097222223 72
stats: session 0 0 0 60281.837890625 3.33203125 7926.93250274055 3795
stats: users_count 7 3823
stats: finish_users_count 0 3795
stats: request 0 0 0 760.779052734375 5.751953125 20.269667477122596 3794
stats: page 0 0 0 760.779052734375 5.751953125 20.269667477122596 3794
stats: connect 0 0 0 40.611083984375 0.548828125 2.2932846210062574 3795
stats: tr_register 0 0 0 60279.828125 1.532958984375 7924.968644495225 3795
stats: 200 0 3184
stats: size_rcv 0 901686
stats: newphase 0 17
stats: size_sent 0 356730
stats: connected 0 0
stats: 403 0 610
stats: error_connect_econnrefused 19 1831
stats: error_inet_econnrefused 0 1
# stats: dump at 1402703040
stats: users 28 535
stats: {freemem,"os_mon@localhost"} 1 463.20703125 0.0 467.375 458.9375 463.6110873287671 73
stats: {recvpackets,"os_mon@localhost"} 1 19.0 0.0 979 10 240.51388888888889 72
stats: {sentpackets,"os_mon@localhost"} 1 19.0 0.0 1468 10 349.77777777777777 72
stats: {cpu,"os_mon@localhost"} 1 0.7984031936127743 0.0 5.588822355289421 0.6979062811565304 2.59194399067518 73
stats: {load,"os_mon@localhost"} 1 0.078125 0.0 0.3203125 0.0 0.042701198630136994 73
stats: session 0 0 0 60281.837890625 3.33203125 7926.93250274055 3795
stats: users_count 0 3823
stats: finish_users_count 0 3795
stats: request 0 0 0 760.779052734375 5.751953125 20.269667477122596 3794
stats: page 0 0 0 760.779052734375 5.751953125 20.269667477122596 3794
stats: connect 0 0 0 40.611083984375 0.548828125 2.2932846210062574 3795
stats: tr_register 0 0 0 60279.828125 1.532958984375 7924.968644495225 3795
stats: 200 0 3184
stats: size_rcv 0 901686
stats: newphase 0 17
stats: size_sent 0 356730
stats: connected 0 0
stats: 403 0 610
stats: error_connect_econnrefused 15 1846
stats: error_inet_econnrefused 0 1
# stats: dump at 1402703050
stats: users 28 535
stats: {freemem,"os_mon@localhost"} 1 463.34375 0.0 467.375 458.9375 463.6056271114865 74
stats: {recvpackets,"os_mon@localhost"} 1 10.0 0.0 979 10 237.4794520547945 73
stats: {sentpackets,"os_mon@localhost"} 1 10.0 0.0 1468 10 345.24657534246575 73
stats: {cpu,"os_mon@localhost"} 1 0.6958250497017893 0.0 5.588822355289421 0.6958250497017893 2.5677069528770398 74
stats: {load,"os_mon@localhost"} 1 0.0703125 0.0 0.3203125 0.0 0.04317989864864866 74
stats: session 0 0 0 60281.837890625 3.33203125 7926.93250274055 3795
stats: users_count 0 3823
stats: finish_users_count 0 3795
stats: request 0 0 0 760.779052734375 5.751953125 20.269667477122596 3794
stats: page 0 0 0 760.779052734375 5.751953125 20.269667477122596 3794
stats: connect 0 0 0 40.611083984375 0.548828125 2.2932846210062574 3795
stats: tr_register 0 0 0 60279.828125 1.532958984375 7924.968644495225 3795
stats: 200 0 3184
stats: size_rcv 0 901686
stats: newphase 0 17
stats: size_sent 0 356730
stats: connected 0 0
stats: 403 0 610
stats: error_connect_econnrefused 9 1855
stats: error_inet_econnrefused 0 1
# stats: dump at 1402703060
stats: users 25 535
stats: {freemem,"os_mon@localhost"} 1 463.19140625 0.0 467.375 458.9375 463.60213541666667 75
stats: {recvpackets,"os_mon@localhost"} 1 13.0 0.0 979 10 234.40540540540542 74
stats: {sentpackets,"os_mon@localhost"} 1 23.0 0.0 1468 10 340.7162162162162 74
stats: {cpu,"os_mon@localhost"} 1 0.9960159362549801 0.0 5.588822355289421 0.6958250497017893 2.5427485275013697 75
stats: {load,"os_mon@localhost"} 1 0.05859375 0.0 0.3203125 0.0 0.04354166666666667 75
stats: session 3 60032.08553059896 2.5705405935743744 60281.837890625 3.33203125 7926.93250274055 3795
stats: users_count 0 3823
stats: finish_users_count 3 3798
stats: request 2 23.2589111328125 0.8741455078125 760.779052734375 5.751953125 20.269667477122596 3794
stats: page 2 23.2589111328125 0.8741455078125 760.779052734375 5.751953125 20.269667477122596 3794
stats: connect 2 2.0550537109375 0.0450439453125 40.611083984375 0.548828125 2.2932846210062574 3795
stats: tr_register 2 60031.60205078125 1.89794921875 60279.828125 1.532958984375 7924.968644495225 3795
stats: 200 2 3186
stats: size_rcv 478 902164
stats: newphase 0 17
stats: size_sent 188 356918
stats: connected 0 0
stats: 403 0 610
stats: error_connect_econnrefused 8 1863
stats: error_inet_econnrefused 0 1
# stats: dump at 1402703070
stats: users 16 535
stats: {freemem,"os_mon@localhost"} 1 463.43359375 0.0 467.375 458.9375 463.5967310855263 76
stats: {recvpackets,"os_mon@localhost"} 1 44.0 0.0 979 10 231.45333333333335 75
stats: {sentpackets,"os_mon@localhost"} 1 66.0 0.0 1468 10 336.48 75
stats: {cpu,"os_mon@localhost"} 1 1.0967098703888334 0.0 5.588822355289421 0.6958250497017893 2.5223967828797065 76
stats: {load,"os_mon@localhost"} 1 0.05078125 0.0 0.3203125 0.0 0.04373972039473685 76
stats: session 9 60027.48152669271 3.936302117219443 60281.837890625 3.33203125 7968.089811609317 3798
stats: users_count 0 3823
stats: finish_users_count 9 3807
stats: request 10 17.052490234375 4.24713414000167 760.779052734375 5.751953125 20.27124242109293 3796
stats: page 10 17.052490234375 4.24713414000167 760.779052734375 5.751953125 20.27124242109293 3796
stats: connect 10 1.8876708984375 0.14644931424489288 40.611083984375 0.548828125 2.2931591372506244 3797
stats: tr_register 10 60025.72114257813 3.7616300606891424 60279.828125 1.532958984375 7952.414856455344 3797
stats: 200 8 3194
stats: size_rcv 2376 904540
stats: newphase 0 17
stats: size_sent 940 357858
stats: connected 0 0
stats: 403 2 612
stats: error_connect_econnrefused 0 1863
stats: error_inet_econnrefused 0 1
# stats: dump at 1402703080
stats: users 7 535
stats: {freemem,"os_mon@localhost"} 1 463.47265625 0.0 467.375 458.9375 463.59461241883116 77
stats: {recvpackets,"os_mon@localhost"} 1 40.0 0.0 979 10 228.98684210526315 76
stats: {sentpackets,"os_mon@localhost"} 1 60.0 0.0 1468 10 332.92105263157896 76
stats: {cpu,"os_mon@localhost"} 1 0.6993006993006993 0.0 5.588822355289421 0.6958250497017893 2.503881368431773 77
stats: {load,"os_mon@localhost"} 1 0.0390625 0.0 0.3203125 0.0 0.04383116883116884 77
stats: session 9 60024.75035264757 4.681833374359893 60281.837890625 3.33203125 8091.161659635518 3807
stats: users_count 0 3823
stats: finish_users_count 9 3816
stats: request 9 14.99045138888889 5.120126458394432 760.779052734375 5.751953125 20.262785373834078 3806
stats: page 9 14.99045138888889 5.120126458394432 760.779052734375 5.751953125 20.262785373834078 3806
stats: connect 9 1.6932779947916667 0.21591140105995515 40.611083984375 0.548828125 2.2920940249868655 3807
stats: tr_register 9 60022.791015625 4.682984420737558 60279.828125 1.532958984375 8089.197904225564 3807
stats: 200 5 3199
stats: size_rcv 2122 906662
stats: newphase 0 17
stats: size_sent 846 358704
stats: connected 0 0
stats: 403 4 616
stats: error_connect_econnrefused 0 1863
stats: error_inet_econnrefused 0 1
# stats: dump at 1402703090
stats: users 0 535
stats: {freemem,"os_mon@localhost"} 1 463.3671875 0.0 467.375 458.9375 463.59304887820514 78
stats: {recvpackets,"os_mon@localhost"} 1 44.0 0.0 979 10 226.53246753246754 77
stats: {sentpackets,"os_mon@localhost"} 1 66.0 0.0 1468 10 329.3766233766234 77
stats: {cpu,"os_mon@localhost"} 1 0.796812749003984 0.0 5.588822355289421 0.6958250497017893 2.480745718827528 78
stats: {load,"os_mon@localhost"} 1 0.03125 0.0 0.3203125 0.0 0.043770032051282055 78
stats: session 7 60026.99787248884 6.281924581891796 60281.837890625 3.33203125 8213.64653862847 3816
stats: users_count 0 3823
stats: finish_users_count 7 3823
stats: request 7 17.42529296875 6.017053439485168 760.779052734375 5.751953125 20.250347364433157 3815
stats: page 7 17.42529296875 6.017053439485168 760.779052734375 5.751953125 20.250347364433157 3815
stats: connect 7 1.70166015625 0.12856170715939572 40.611083984375 0.548828125 2.290681723028858 3816
stats: tr_register 7 60025.0409109933 6.300343781314207 60279.828125 1.532958984375 8211.682793639242 3816
stats: 200 4 3203
stats: size_rcv 1652 908314
stats: newphase 0 17
stats: size_sent 658 359362
stats: connected 0 0
stats: 403 3 619
stats: error_connect_econnrefused 0 1863
stats: error_inet_econnrefused 0 1
EndMonitor:{1402,703090,387349}
