# stats: dump at 1402937497
stats: users 0 1
stats: {freemem,"os_mon@localhost"} 1 442.390625 0 442.390625 442.390625 0 0
stats: {cpu,"os_mon@localhost"} 1 2.378626529126653 0 2.378626529126653 2.378626529126653 0 0
stats: {load,"os_mon@localhost"} 1 0.01953125 0 0.01953125 0.01953125 0 0
stats: session 14 42.955845424107146 37.473591076666544 175.68701171875 27.76513671875 0 0
stats: users_count 14 14
stats: finish_users_count 14 14
stats: request 12 41.294270833333336 39.95065662991806 173.364990234375 25.47607421875 0 0
stats: page 12 41.294270833333336 39.95065662991806 173.364990234375 25.47607421875 0 0
stats: connect 12 2.762939453125 2.5263717625766655 10.657958984375 1.596923828125 0 0
stats: tr_register 12 43.05267333984375 40.03133496801377 173.7568359375 25.807861328125 0 0
stats: 200 12 12
stats: size_rcv 2864 2864
stats: size_sent 1080 1080
stats: connected 0 0
# stats: dump at 1402937507
stats: users 1 4
stats: {freemem,"os_mon@localhost"} 1 410.51171875 0.0 442.390625 410.51171875 442.390625 1
stats: {recvpackets,"os_mon@localhost"} 1 296 0 296 296 0 0
stats: {sentpackets,"os_mon@localhost"} 1 351 0 351 351 0 0
stats: {cpu,"os_mon@localhost"} 1 74.7011952191235 0.0 74.7011952191235 2.378626529126653 2.378626529126653 1
stats: {load,"os_mon@localhost"} 1 0.30859375 0.0 0.30859375 0.01953125 0.01953125 1
stats: session 54 32.276204427083336 6.595005542774595 175.68701171875 16.958984375 42.955845424107146 14
stats: users_count 55 69
stats: finish_users_count 54 68
stats: request 44 30.517628062855113 6.488761062669163 173.364990234375 24.19482421875 41.294270833333336 12
stats: page 44 30.517628062855113 6.488761062669163 173.364990234375 24.19482421875 41.294270833333336 12
stats: connect 45 2.7627387152777776 3.057772443743838 15.16796875 1.046142578125 2.762939453125 12
stats: tr_register 44 30.82149991122159 6.496579846943559 173.7568359375 24.44091796875 43.05267333984375 12
stats: 200 43 55
stats: size_rcv 10492 13356
stats: newphase 1 1
stats: size_sent 4050 5130
stats: connected 1 1
stats: 403 1 1
# stats: dump at 1402937517
stats: users 1 5
stats: {freemem,"os_mon@localhost"} 1 409.7734375 0.0 442.390625 409.7734375 426.451171875 2
stats: {recvpackets,"os_mon@localhost"} 1 664.0 0.0 664 296 296.0 1
stats: {sentpackets,"os_mon@localhost"} 1 941.0 0.0 941 351 351.0 1
stats: {cpu,"os_mon@localhost"} 1 13.459621136590231 0.0 74.7011952191235 2.378626529126653 38.53991087412508 2
stats: {load,"os_mon@localhost"} 1 0.328125 0.0 0.328125 0.01953125 0.1640625 2
stats: session 200 35.17139160156248 14.355071638507193 175.68701171875 16.958984375 34.474954044117645 68
stats: users_count 200 269
stats: finish_users_count 200 268
stats: request 203 32.55684507774015 14.221110695549458 173.364990234375 14.337158203125 32.82690865652902 56
stats: page 203 32.55684507774015 14.221110695549458 173.364990234375 14.337158203125 32.82690865652902 56
stats: connect 203 2.554318282404556 2.7773150406407674 15.423095703125 1.046142578125 2.762780975877193 57
stats: tr_register 203 32.86813159059421 14.292811483497907 173.7568359375 14.947998046875 33.44246564592634 56
stats: 200 202 257
stats: size_rcv 48455 61811
stats: newphase 0 1
stats: size_sent 18270 23400
stats: connected 0 1
stats: 403 1 2
# stats: dump at 1402937527
stats: users 1 5
stats: {freemem,"os_mon@localhost"} 1 404.34375 0.0 442.390625 404.34375 420.8919270833333 3
stats: {recvpackets,"os_mon@localhost"} 1 2411.0 0.0 2411 296 480.0 2
stats: {sentpackets,"os_mon@localhost"} 1 3605.0 0.0 3605 351 646.0 2
stats: {cpu,"os_mon@localhost"} 1 25.274725274725274 0.0 74.7011952191235 2.378626529126653 30.179814294946794 3
stats: {load,"os_mon@localhost"} 1 0.28125 0.0 0.328125 0.01953125 0.21875 3
stats: session 202 40.70341990253713 15.490436831010989 175.68701171875 16.958984375 34.994683564598866 268
stats: users_count 202 471
stats: finish_users_count 202 470
stats: request 204 38.24105057061888 15.410388834372588 173.364990234375 14.337158203125 32.61523720288369 259
stats: page 204 38.24105057061888 15.410388834372588 173.364990234375 14.337158203125 32.61523720288369 259
stats: connect 204 2.984118891697304 3.152665603459776 16.628173828125 1.046142578125 2.60001971905048 260
stats: tr_register 204 38.54345822801776 15.393034483599202 173.7568359375 14.947998046875 32.99231192688224 259
stats: 200 195 452
stats: size_rcv 48638 110449
stats: newphase 0 1
stats: size_sent 18360 41760
stats: connected 0 1
stats: 403 9 11
# stats: dump at 1402937537
stats: users 0 8
stats: {freemem,"os_mon@localhost"} 1 381.1875 0.0 442.390625 381.1875 416.7548828125 4
stats: {recvpackets,"os_mon@localhost"} 1 2914.0 0.0 2914 296 1123.6666666666667 3
stats: {sentpackets,"os_mon@localhost"} 1 4328.0 0.0 4328 351 1632.3333333333333 3
stats: {cpu,"os_mon@localhost"} 1 66.00199401794616 0.0 74.7011952191235 2.378626529126653 28.953542039891413 4
stats: {load,"os_mon@localhost"} 1 0.3203125 0.0 0.328125 0.01953125 0.234375 4
stats: session 132 47.3659501509233 23.09281285210269 175.68701171875 16.958984375 37.44822556515957 470
stats: users_count 131 602
stats: finish_users_count 132 602
stats: request 139 44.49515934127699 22.780189425379266 173.364990234375 14.337158203125 35.093997304434396 463
stats: page 139 44.49515934127699 22.780189425379266 173.364990234375 14.337158203125 35.093997304434396 463
stats: connect 138 4.742658089900362 5.883569815438507 28.031982421875 1.046142578125 2.768890907024515 464
stats: tr_register 139 44.86566645121403 22.778726605686114 173.7568359375 14.947998046875 35.43817336409962 463
stats: 200 133 585
stats: size_rcv 33152 143601
stats: newphase 1 2
stats: size_sent 12420 54180
stats: connected -1 0
stats: 403 6 17
# stats: dump at 1402937547
stats: users 0 8
stats: {freemem,"os_mon@localhost"} 1 395.26953125 0.0 442.390625 381.1875 409.64140625 5
stats: {recvpackets,"os_mon@localhost"} 1 2165.0 0.0 2914 296 1571.25 4
stats: {sentpackets,"os_mon@localhost"} 1 3209.0 0.0 4328 351 2306.25 4
stats: {cpu,"os_mon@localhost"} 1 42.03187250996016 0.0 74.7011952191235 2.378626529126653 36.36323243550236 5
stats: {load,"os_mon@localhost"} 1 0.71875 0.0 0.71875 0.01953125 0.2515625 5
stats: session 8 34.4376220703125 3.819880708815334 175.68701171875 16.958984375 39.622876138782175 602
stats: users_count 8 610
stats: finish_users_count 8 610
stats: request 8 32.147735595703125 3.856542444418661 173.364990234375 14.337158203125 37.26469750895453 602
stats: page 8 32.147735595703125 3.856542444418661 173.364990234375 14.337158203125 37.26469750895453 602
stats: connect 8 2.8226318359375 2.1037709392008725 28.031982421875 1.046142578125 3.221349164893065 602
stats: tr_register 8 32.501678466796875 3.875535676903549 173.7568359375 14.947998046875 37.614953329396805 602
stats: 200 8 593
stats: size_rcv 1911 145512
stats: newphase 0 2
stats: size_sent 720 54900
stats: connected 0 0
stats: 403 0 17
# stats: dump at 1402937557
stats: users 0 8
stats: {freemem,"os_mon@localhost"} 1 393.3515625 0.0 442.390625 381.1875 407.24609375 6
stats: {recvpackets,"os_mon@localhost"} 1 436.0 0.0 2914 296 1690.0 5
stats: {sentpackets,"os_mon@localhost"} 1 605.0 0.0 4328 351 2486.8 5
stats: {cpu,"os_mon@localhost"} 1 11.676646706586826 0.0 74.7011952191235 2.378626529126653 37.30800578124533 6
stats: {load,"os_mon@localhost"} 1 0.609375 0.0 0.71875 0.01953125 0.3294270833333333 6
stats: session 10 30.75322265625 5.011055624092648 175.68701171875 16.958984375 39.55487280673667 610
stats: users_count 10 620
stats: finish_users_count 10 620
stats: request 10 28.377001953125 5.06708495688864 173.364990234375 14.337158203125 37.19758981173156 610
stats: page 10 28.377001953125 5.06708495688864 173.364990234375 14.337158203125 37.19758981173156 610
stats: connect 10 3.9955078125 4.282249984346579 28.031982421875 1.046142578125 3.2161200851690577 610
stats: tr_register 10 28.8336669921875 5.0145336342868525 173.7568359375 14.947998046875 37.54789398693647 610
stats: 200 8 601
stats: size_rcv 2373 147885
stats: newphase 1 3
stats: size_sent 900 55800
stats: connected 0 0
stats: 403 2 19
# stats: dump at 1402937567
stats: users 0 8
stats: {freemem,"os_mon@localhost"} 1 394.89453125 0.0 442.390625 381.1875 405.2611607142857 7
stats: {recvpackets,"os_mon@localhost"} 1 266.0 0.0 2914 266 1481.0 6
stats: {sentpackets,"os_mon@localhost"} 1 342.0 0.0 4328 342 2173.1666666666665 6
stats: {cpu,"os_mon@localhost"} 1 28.443113772455092 0.0 74.7011952191235 2.378626529126653 33.64638305629411 7
stats: {load,"os_mon@localhost"} 1 0.51171875 0.0 0.71875 0.01953125 0.36941964285714285 7
stats: session 47 35.646583070146285 10.178346006388608 175.68701171875 16.958984375 39.41291070753527 620
stats: users_count 47 667
stats: finish_users_count 47 667
stats: request 41 33.126292158917686 10.432600358236469 173.364990234375 14.337158203125 37.05532226562501 620
stats: page 41 33.126292158917686 10.432600358236469 173.364990234375 14.337158203125 37.05532226562501 620
stats: connect 41 4.999291396722561 4.925256208468494 28.031982421875 1.046142578125 3.228690854964718 620
stats: tr_register 41 33.495468511814025 10.413996237290702 173.7568359375 14.947998046875 37.40734193863407 620
stats: 200 37 638
stats: size_rcv 9764 157649
stats: newphase 1 4
stats: size_sent 3690 59490
stats: connected 0 0
stats: 403 4 23
# stats: dump at 1402937577
stats: users 54 54
stats: {freemem,"os_mon@localhost"} 1 394.3203125 0.0 442.390625 381.1875 403.96533203125 8
stats: {recvpackets,"os_mon@localhost"} 1 906.0 0.0 2914 266 1307.4285714285713 7
stats: {sentpackets,"os_mon@localhost"} 1 1208.0 0.0 4328 342 1911.5714285714287 7
stats: {cpu,"os_mon@localhost"} 1 49.55134596211366 0.0 74.7011952191235 2.378626529126653 32.99597439581424 8
stats: {load,"os_mon@localhost"} 1 0.51171875 0.0 0.71875 0.01953125 0.38720703125 8
stats: session 145 44.440153556034474 38.15358330232824 293.950927734375 16.958984375 39.147517305800214 667
stats: users_count 199 866
stats: finish_users_count 145 812
stats: request 151 41.744056550082796 37.423287501158725 291.470947265625 14.337158203125 36.8116154057536 661
stats: page 151 41.744056550082796 37.423287501158725 291.470947265625 14.337158203125 36.8116154057536 661
stats: connect 200 3.3278784179687513 3.940429483670555 28.031982421875 1.046142578125 3.3385163046047657 661
stats: tr_register 151 42.09964494515728 37.43516430761409 291.9228515625 14.947998046875 37.16469926011724 661
stats: 200 129 767
stats: size_rcv 33117 190766
stats: newphase 0 4
stats: size_sent 18000 77490
stats: connected 49 49
stats: 403 10 33
# stats: dump at 1402937587
stats: users 246 246
stats: {freemem,"os_mon@localhost"} 1 388.828125 0.0 442.390625 381.1875 402.89366319444446 9
stats: {recvpackets,"os_mon@localhost"} 1 3021.0 0.0 3021 266 1257.25 8
stats: {sentpackets,"os_mon@localhost"} 1 3447.0 0.0 4328 342 1823.625 8
stats: {cpu,"os_mon@localhost"} 1 25.574425574425575 0.0 74.7011952191235 2.378626529126653 34.83546012540306 9
stats: {load,"os_mon@localhost"} 1 0.6484375 0.0 0.71875 0.01953125 0.4010416666666667 9
stats: session 0 0 0 293.950927734375 16.958984375 40.092630921913475 812
stats: users_count 192 1058
stats: finish_users_count 0 812
stats: request 0 0 0 291.470947265625 14.337158203125 37.72885507668181 812
stats: page 0 0 0 291.470947265625 14.337158203125 37.72885507668181 812
stats: connect 194 1.7044539304123718 1.0916440104599285 28.031982421875 1.046142578125 3.3360452507984903 861
stats: tr_register 0 0 0 291.9228515625 14.947998046875 38.08240467691656 812
stats: 200 0 767
stats: size_rcv 0 190766
stats: newphase 0 4
stats: size_sent 17460 94950
stats: connected 194 243
stats: 403 0 33
# stats: dump at 1402937597
stats: users 249 251
stats: {freemem,"os_mon@localhost"} 1 359.5546875 0.0 442.390625 359.5546875 401.487109375 10
stats: {recvpackets,"os_mon@localhost"} 1 2216.0 0.0 3021 266 1453.2222222222222 9
stats: {sentpackets,"os_mon@localhost"} 1 3269.0 0.0 4328 342 2004.0 9
stats: {cpu,"os_mon@localhost"} 1 32.23552894211577 0.0 74.7011952191235 2.378626529126653 33.909356670305314 10
stats: {load,"os_mon@localhost"} 1 0.62890625 0.0 0.71875 0.01953125 0.42578125 10
stats: session 140 8.462939453125001 11.123645673330298 293.950927734375 4.46484375 40.092630921913475 812
stats: users_count 143 1201
stats: finish_users_count 140 952
stats: request 140 5.749253627232143 11.06011167738166 291.470947265625 2.325927734375 37.72885507668181 812
stats: page 140 5.749253627232143 11.06011167738166 291.470947265625 2.325927734375 37.72885507668181 812
stats: connect 146 3.159688035102739 4.382633314596217 28.031982421875 1.046142578125 3.036018031694313 1055
stats: tr_register 140 6.421520996093752 11.099888649953519 291.9228515625 2.81689453125 38.08240467691656 812
stats: 200 0 767
stats: size_rcv 15540 206306
stats: newphase 1 5
stats: size_sent 13140 108090
stats: connected 6 249
stats: 403 0 33
stats: 503 140 140
# stats: dump at 1402937608
stats: users 249 251
stats: {freemem,"os_mon@localhost"} 1 362.6875 0.0 442.390625 359.5546875 397.67507102272725 11
stats: {recvpackets,"os_mon@localhost"} 1 2271.0 0.0 3021 266 1529.5 10
stats: {sentpackets,"os_mon@localhost"} 1 3387.0 0.0 4328 342 2130.5 10
stats: {cpu,"os_mon@localhost"} 1 72.03826342899191 0.0 74.7011952191235 2.378626529126653 33.75719051319717 11
stats: {load,"os_mon@localhost"} 1 1.328125 0.0 1.328125 0.01953125 0.4442471590909091 11
stats: session 7 22.121023995535715 39.147307240490235 293.950927734375 4.46484375 35.44120570591517 952
stats: users_count 7 1208
stats: finish_users_count 7 959
stats: request 7 19.599295479910715 39.081702338911846 291.470947265625 2.325927734375 33.02597251058627 952
stats: page 7 19.599295479910715 39.081702338911846 291.470947265625 2.325927734375 33.02597251058627 952
stats: connect 7 18.090576171875 39.08873130834873 113.8271484375 1.046142578125 3.051052020451707 1201
stats: tr_register 7 20.255266462053573 39.10404714355433 291.9228515625 2.81689453125 33.426392370913206 952
stats: 200 0 767
stats: size_rcv 777 207083
stats: newphase 0 5
stats: size_sent 630 108720
stats: connected 0 249
stats: 403 0 33
stats: 503 7 147
# stats: dump at 1402937617
stats: users 249 251
stats: {freemem,"os_mon@localhost"} 1 360.46875 0.0 442.390625 359.5546875 394.7594401041667 12
stats: {recvpackets,"os_mon@localhost"} 1 392.0 0.0 3021 266 1596.909090909091 11
stats: {sentpackets,"os_mon@localhost"} 1 535.0 0.0 4328 342 2244.7272727272725 11
stats: {cpu,"os_mon@localhost"} 1 52.368064952638704 0.0 74.7011952191235 2.378626529126653 36.94727992284673 12
stats: {load,"os_mon@localhost"} 1 2.19921875 0.0 2.19921875 0.01953125 0.5179036458333334 12
stats: session 1 121.033935546875 0.0 293.950927734375 4.46484375 35.34397810218977 959
stats: users_count 1 1209
stats: finish_users_count 1 960
stats: request 1 119.01611328125 0.0 291.470947265625 2.325927734375 32.92796756875652 959
stats: page 1 119.01611328125 0.0 291.470947265625 2.325927734375 32.92796756875652 959
stats: connect 1 10.06298828125 0.0 113.8271484375 1.046142578125 3.138201580931809 1208
stats: tr_register 1 119.742919921875 0.0 291.9228515625 2.81689453125 33.33025276573905 959
stats: 200 0 767
stats: size_rcv 111 207194
stats: newphase 0 5
stats: size_sent 90 108810
stats: connected 0 249
stats: 403 0 33
stats: 503 1 148
# stats: dump at 1402937628
stats: users 22 251
stats: {freemem,"os_mon@localhost"} 1 372.3359375 0.0 442.390625 359.5546875 392.12169471153845 13
stats: {recvpackets,"os_mon@localhost"} 1 1892.0 0.0 3021 266 1496.5 12
stats: {sentpackets,"os_mon@localhost"} 1 2794.0 0.0 4328 342 2102.2499999999995 12
stats: {cpu,"os_mon@localhost"} 1 52.618453865336654 0.0 74.7011952191235 2.378626529126653 38.133494155907655 13
stats: {load,"os_mon@localhost"} 1 3.46875 0.0 3.46875 0.01953125 0.6472355769230769 13
stats: session 227 39970.20356918538 2548.2543720268504 44598.0087890625 4.46484375 35.43323847452799 960
stats: users_count 0 1209
stats: finish_users_count 227 1187
stats: request 227 39466.321431029755 2438.307803247332 43751.762939453125 2.325927734375 33.017642720540366 960
stats: page 227 39466.321431029755 2438.307803247332 43751.762939453125 2.325927734375 33.017642720540366 960
stats: connect 0 0 0 113.8271484375 1.046142578125 3.1439292787815343 1209
stats: tr_register 227 39968.16966375276 2548.276731326487 44596.083984375 2.81689453125 33.42026596069336 960
stats: 200 0 767
stats: size_rcv 25197 232391
stats: newphase 0 5
stats: size_sent 0 108810
stats: connected -227 22
stats: 403 0 33
stats: 503 227 375
# stats: dump at 1402937636
stats: users 0 251
stats: {freemem,"os_mon@localhost"} 1 346.83203125 0.0 442.390625 346.83203125 390.7084263392857 14
stats: {recvpackets,"os_mon@localhost"} 1 381.0 0.0 3021 266 1526.923076923077 13
stats: {sentpackets,"os_mon@localhost"} 1 535.0 0.0 4328 342 2155.461538461538 13
stats: {cpu,"os_mon@localhost"} 1 64.04282115869017 0.0 74.7011952191235 2.378626529126653 39.168134135152584 14
stats: {load,"os_mon@localhost"} 1 3.6015625 0.0 3.6015625 0.01953125 0.8487723214285714 14
stats: session 22 46363.10140713779 270.04320247358544 46834.291015625 4.46484375 7672.495466841305 1187
stats: users_count 0 1209
stats: finish_users_count 22 1209
stats: request 22 46344.56139026989 274.2547441918445 46827.153076171875 2.325927734375 7574.180203753557 1187
stats: page 22 46344.56139026989 274.2547441918445 46827.153076171875 2.325927734375 7574.180203753557 1187
stats: connect 0 0 0 113.8271484375 1.046142578125 3.1439292787815343 1209
stats: tr_register 22 46361.057506214485 270.0000931119799 46832.27294921875 2.81689453125 7670.478491149234 1187
stats: 200 0 767
stats: size_rcv 2442 234833
stats: newphase 0 5
stats: size_sent 0 108810
stats: connected -22 0
stats: 403 0 33
stats: 503 22 397
EndMonitor:{1402,937636,10081}
