# stats: dump at 1402937504
stats: users 0 1
stats: session 10 13.90986328125 7.447658624531623 26.89111328125 7.27001953125 0 0
stats: users_count 10 10
stats: finish_users_count 10 10
stats: request 10 11.2568359375 6.711452219256368 24.73486328125 5.1181640625 0 0
stats: page 10 11.2568359375 6.711452219256368 24.73486328125 5.1181640625 0 0
stats: connect 10 2.8901611328125 2.2885569940614285 9.06396484375 1.554931640625 0 0
stats: tr_declare 10 11.96953125 7.453438466995546 24.946044921875 5.340087890625 0 0
stats: 200 10 10
stats: size_rcv 1790 1790
stats: size_sent 2200 2200
stats: connected 0 0
# stats: dump at 1402937514
stats: users 0 1
stats: session 5 11.331591796875 3.9980705417814035 26.89111328125 6.20703125 13.90986328125 10
stats: users_count 5 15
stats: finish_users_count 5 15
stats: request 5 9.1787109375 3.987474945491896 24.73486328125 4.080810546875 11.2568359375 10
stats: page 5 9.1787109375 3.987474945491896 24.73486328125 4.080810546875 11.2568359375 10
stats: connect 5 6.180419921875 3.853038404470842 9.9951171875 1.343017578125 2.8901611328125 10
stats: tr_declare 5 9.371826171875 3.994605088964376 24.946044921875 4.265869140625 11.96953125 10
stats: 200 5 15
stats: size_rcv 895 2685
stats: newphase 1 1
stats: size_sent 1100 3300
stats: connected 0 0
# stats: dump at 1402937524
stats: users 0 4
stats: session 219 14.697134078909809 10.532375489879902 87.996826171875 6.14892578125 13.050439453125 15
stats: users_count 219 234
stats: finish_users_count 219 234
stats: request 208 12.406815748948317 10.581749012650233 85.738037109375 3.972900390625 10.564127604166666 15
stats: page 208 12.406815748948317 10.581749012650233 85.738037109375 3.972900390625 10.564127604166666 15
stats: connect 208 3.3441784198467555 3.960220065553284 18.734130859375 1.0869140625 3.9869140625 15
stats: tr_declare 208 12.616786076472355 10.592361374193286 85.98095703125 4.134033203125 11.103629557291667 15
stats: 200 208 223
stats: size_rcv 37232 39917
stats: newphase 0 1
stats: size_sent 45760 49060
stats: connected 0 0
# stats: dump at 1402937534
stats: users 1 4
stats: session 185 16.483505331503395 12.201107202415686 87.996826171875 6.14892578125 14.59157673110309 234
stats: users_count 186 420
stats: finish_users_count 185 419
stats: request 189 14.510380497685185 12.12919829131591 85.738037109375 3.972900390625 12.282868115891256 223
stats: page 189 14.510380497685185 12.12919829131591 85.738037109375 3.972900390625 12.282868115891256 223
stats: connect 189 4.015777426421959 5.146112747000252 38.052001953125 1.0869140625 3.387411759038678 223
stats: tr_declare 189 14.728248232886905 12.13594883700106 85.98095703125 4.134033203125 12.515004247827914 223
stats: 200 189 412
stats: size_rcv 33831 73748
stats: newphase 0 1
stats: size_sent 41580 90640
stats: connected 0 0
# stats: dump at 1402937544
stats: users 0 4
stats: session 197 10.039553259835028 4.9002956189586175 87.996826171875 6.14892578125 15.426915134621126 419
stats: users_count 196 616
stats: finish_users_count 197 616
stats: request 203 7.7523824757543105 4.834251337508637 85.738037109375 3.9609375 13.304712388121967 412
stats: page 203 7.7523824757543105 4.834251337508637 85.738037109375 3.9609375 13.304712388121967 412
stats: connect 203 2.4041092595443363 2.54516127874958 38.052001953125 1.0869140625 3.675666883153824 412
stats: tr_declare 203 7.969099974984605 4.84084045008655 85.98095703125 4.125 13.530303066216627 412
stats: 200 203 615
stats: size_rcv 36337 110085
stats: newphase 1 2
stats: size_sent 44660 135300
stats: connected 0 0
# stats: dump at 1402937554
stats: users 0 4
stats: session 6 14.489013671875 9.068316005274712 87.996826171875 6.14892578125 13.704008820769078 616
stats: users_count 6 622
stats: finish_users_count 6 622
stats: request 7 11.400704520089286 8.659275190009835 85.738037109375 3.9609375 11.471992108104676 615
stats: page 7 11.400704520089286 8.659275190009835 85.738037109375 3.9609375 11.471992108104676 615
stats: connect 7 4.549700055803571 6.625977517135194 38.052001953125 1.0869140625 3.2559494886941067 615
stats: tr_declare 7 11.638218470982142 8.667359647631644 85.98095703125 4.125 11.694653915777439 615
stats: 200 7 622
stats: size_rcv 1253 111338
stats: newphase 0 2
stats: size_sent 1540 136840
stats: connected 0 0
# stats: dump at 1402937564
stats: users 0 4
stats: session 9 8.858995225694445 2.132784389085816 87.996826171875 6.14892578125 13.711581214831194 622
stats: users_count 9 631
stats: finish_users_count 9 631
stats: request 9 6.659044053819445 2.135263133883161 85.738037109375 3.9609375 11.471189836213828 622
stats: page 9 6.659044053819445 2.135263133883161 85.738037109375 3.9609375 11.471189836213828 622
stats: connect 9 2.6679144965277777 1.9847535226327842 38.052001953125 1.0869140625 3.270509382536175 622
stats: tr_declare 9 6.870496961805555 2.151560957348281 85.98095703125 4.125 11.694018790192926 622
stats: 200 9 631
stats: size_rcv 1611 112949
stats: newphase 1 3
stats: size_sent 1980 138820
stats: connected 0 0
# stats: dump at 1402937574
stats: users 0 4
stats: session 12 11.03155517578125 5.295595776153955 87.996826171875 6.14892578125 13.642368419423537 631
stats: users_count 12 643
stats: finish_users_count 12 643
stats: request 10 9.251708984375 5.68355369422667 85.738037109375 3.9609375 11.402553842487125 631
stats: page 10 9.251708984375 5.68355369422667 85.738037109375 3.9609375 11.402553842487125 631
stats: connect 10 2.5846923828125 2.4920601491169103 38.052001953125 1.0869140625 3.2619145267927907 631
stats: tr_declare 10 9.472802734375 5.7067220189720445 85.98095703125 4.125 11.625220539074881 631
stats: 200 10 641
stats: size_rcv 1790 114739
stats: newphase 1 4
stats: size_sent 2200 141020
stats: connected 0 0
# stats: dump at 1402937584
stats: users 184 184
stats: session 17 58.77346622242647 75.35018370370264 314.239013671875 6.074951171875 13.593644066509528 643
stats: users_count 201 844
stats: finish_users_count 17 660
stats: request 19 51.31761410361842 72.91004579039085 312.07177734375 3.9111328125 11.368999320519697 641
stats: page 19 51.31761410361842 72.91004579039085 312.07177734375 3.9111328125 11.368999320519697 641
stats: connect 196 1.9512478575414545 2.2298719639246674 38.052001953125 1.034912109375 3.2513494387431763 641
stats: tr_declare 19 51.49166067023026 72.9059736082033 312.222900390625 4.06884765625 11.591641478159126 641
stats: 200 9 650
stats: size_rcv 1611 116350
stats: newphase 0 4
stats: size_sent 43120 184140
stats: connected 177 177
# stats: dump at 1402937594
stats: users 266 270
stats: session 134 8.202614855410443 12.888667055827074 314.239013671875 4.347900390625 14.757366758404359 660
stats: users_count 216 1060
stats: finish_users_count 134 794
stats: request 128 6.109903335571288 13.142423262726751 312.07177734375 2.208984375 12.519035200639205 660
stats: page 128 6.109903335571288 13.142423262726751 312.07177734375 2.208984375 12.519035200639205 660
stats: connect 217 2.4885062644009217 4.306938175718548 38.052001953125 0.9970703125 2.946905101926524 837
stats: tr_declare 128 6.3025779724121085 13.168498661822243 312.222900390625 2.387939453125 12.740278394294508 660
stats: 200 0 650
stats: size_rcv 14208 130558
stats: newphase 0 4
stats: size_sent 47740 231880
stats: connected 89 266
stats: 503 128 128
# stats: dump at 1402937604
stats: users 266 270
stats: session 128 22.386402130126953 68.98861327753019 485.31787109375 4.27783203125 13.651149182836116 794
stats: users_count 128 1188
stats: finish_users_count 128 922
stats: request 134 13.50896579116138 52.859185340327265 483.556884765625 2.177978515625 11.47795794336929 788
stats: page 134 13.50896579116138 52.859185340327265 483.556884765625 2.177978515625 11.47795794336929 788
stats: connect 134 8.755573329640859 43.46781804515105 482.0380859375 0.9970703125 2.8525288706712533 1054
stats: tr_declare 134 13.739337978078359 52.856894913543336 483.739013671875 2.387939453125 11.694560559267925 788
stats: 200 0 650
stats: size_rcv 14874 145432
stats: newphase 1 5
stats: size_sent 29480 261360
stats: connected 0 266
stats: 503 134 262
# stats: dump at 1402937614
stats: users 266 270
stats: session 11 27.00961026278409 67.56398147692968 485.31787109375 4.27783203125 14.863852411961092 922
stats: users_count 11 1199
stats: finish_users_count 11 933
stats: request 11 24.962025035511363 67.56178503789555 483.556884765625 2.177978515625 11.773136958124322 922
stats: page 11 24.962025035511363 67.56178503789555 483.556884765625 2.177978515625 11.773136958124322 922
stats: connect 11 12.653253728693182 33.344603570260816 482.0380859375 0.9970703125 3.518360484730114 1188
stats: tr_declare 11 25.159712357954547 67.57107002743916 483.739013671875 2.387939453125 11.991740791502847 922
stats: 200 0 650
stats: size_rcv 1221 146653
stats: newphase 0 5
stats: size_sent 2420 263780
stats: connected 0 266
stats: 503 11 273
# stats: dump at 1402937624
stats: users 36 270
stats: session 233 38962.11397280712 5225.885518460877 43992.785888671875 4.27783203125 15.007049985765008 933
stats: users_count 3 1202
stats: finish_users_count 233 1166
stats: request 233 38734.953404766304 5156.1371231686235 43740.022216796875 2.177978515625 11.92863295903671 933
stats: page 233 38734.953404766304 5156.1371231686235 43740.022216796875 2.177978515625 11.92863295903671 933
stats: connect 3 2.0966796875 0.4771362769500113 482.0380859375 0.9970703125 3.6021668447664728 1199
stats: tr_declare 233 38959.17789469049 5229.550589522508 43990.7099609375 2.387939453125 12.146990188320606 933
stats: 200 0 650
stats: size_rcv 25863 172516
stats: newphase 0 5
stats: size_sent 660 264440
stats: connected -230 36
stats: 503 233 506
# stats: dump at 1402937634
stats: users 0 270
stats: session 36 41851.52166069878 3204.989100063906 46703.06005859375 4.27783203125 7797.747970240804 1166
stats: users_count 0 1202
stats: finish_users_count 36 1202
stats: request 36 41804.364271375875 3237.6787204795028 46700.9140625 2.177978515625 7749.891559057744 1166
stats: page 36 41804.364271375875 3237.6787204795028 46700.9140625 2.177978515625 7749.891559057744 1166
stats: connect 0 0 0 482.0380859375 0.9970703125 3.5984093892990856 1202
stats: tr_declare 36 41849.51376681858 3205.010858870263 46701.294921875 2.387939453125 7794.872719818684 1166
stats: 200 0 650
stats: size_rcv 3996 176512
stats: newphase 0 5
stats: size_sent 0 264440
stats: connected -36 0
stats: 503 36 542
# stats: dump at 1402937635
stats: users 0 270
stats: session 0 0 0 46703.06005859375 4.27783203125 8817.661325362673 1202
stats: users_count 0 1202
stats: finish_users_count 0 1202
stats: request 0 0 0 46700.9140625 2.177978515625 8769.825849942481 1202
stats: page 0 0 0 46700.9140625 2.177978515625 8769.825849942481 1202
stats: connect 0 0 0 482.0380859375 0.9970703125 3.5984093892990856 1202
stats: tr_declare 0 0 0 46701.294921875 2.387939453125 8814.812052341143 1202
stats: 200 0 650
stats: size_rcv 0 176512
stats: newphase 0 5
stats: size_sent 0 264440
stats: connected 0 0
stats: 503 0 542
EndMonitor:{1402,937635,884203}
