
=INFO REPORT==== 13-Jun-2014::15:48:31 ===
    ts_config_server:(5:<0.54.0>) Config server started, logdir is "/home/dimitdim/TSUNG/log/dec/20140613-1548"
 
=INFO REPORT==== 13-Jun-2014::15:48:31 ===
              ts_mon:(5:<0.53.0>) starting monitor, global 

=INFO REPORT==== 13-Jun-2014::15:48:31 ===
           ts_config:(5:<0.54.0>) Reading config file: ./xml/aws_test_dec.xml

=INFO REPORT==== 13-Jun-2014::15:48:31 ===
           ts_config:(5:<0.54.0>) Session name for id 1 is "declare"

=INFO REPORT==== 13-Jun-2014::15:48:31 ===
    ts_config_server:(4:<0.54.0>) SYSINFO:Tsung version: 1.5.1

=INFO REPORT==== 13-Jun-2014::15:48:31 ===
    ts_config_server:(4:<0.54.0>) SYSINFO:Erlang version: Erlang R15B01 (erts-5.9.1) [source] [64-bit] [smp:4:4] [async-threads:16] [kernel-poll:true]


=INFO REPORT==== 13-Jun-2014::15:48:31 ===
    ts_config_server:(4:<0.54.0>) SYSINFO:System architecture x86_64-pc-linux-gnu

=INFO REPORT==== 13-Jun-2014::15:48:31 ===
    ts_config_server:(4:<0.54.0>) SYSINFO:Current path: /usr/lib/erlang/lib/tsung-1.5.1/ebin/tsung.beam

=INFO REPORT==== 13-Jun-2014::15:48:31 ===
              ts_mon:(5:<0.55.0>) Activate clients with text backend

=INFO REPORT==== 13-Jun-2014::15:48:31 ===
              ts_mon:(5:<0.55.0>) Starting tsung clients on hosts: [localhost]

=INFO REPORT==== 13-Jun-2014::15:48:31 ===
    ts_config_server:(5:<0.54.0>) Start a launcher on the controller beam localhost

=INFO REPORT==== 13-Jun-2014::15:48:31 ===
  ts_launcher_static:(5:<0.90.0>) Launch msg receive ("localhost")

=INFO REPORT==== 13-Jun-2014::15:48:31 ===
         ts_launcher:(5:<0.91.0>) Launch msg receive ("localhost")

=INFO REPORT==== 13-Jun-2014::15:48:31 ===
    ts_config_server:(5:<0.54.0>) All remote beams started, syncing 

=INFO REPORT==== 13-Jun-2014::15:48:31 ===
    ts_config_server:(5:<0.54.0>) Undefined ports_range config 

=INFO REPORT==== 13-Jun-2014::15:48:31 ===
    ts_config_server:(5:<0.54.0>) New arrival phase 1 for client "localhost" (last ? true): will start 30 users

=INFO REPORT==== 13-Jun-2014::15:48:31 ===
    ts_config_server:(5:<0.54.0>) New arrival phase 2 for client "localhost" (last ? true): will start 600 users

=INFO REPORT==== 13-Jun-2014::15:48:31 ===
    ts_config_server:(5:<0.54.0>) New arrival phase 3 for client "localhost" (last ? true): will start 30 users

=INFO REPORT==== 13-Jun-2014::15:48:31 ===
    ts_config_server:(5:<0.54.0>) New arrival phase 4 for client "localhost" (last ? true): will start 30 users

=INFO REPORT==== 13-Jun-2014::15:48:31 ===
    ts_config_server:(5:<0.54.0>) New arrival phase 5 for client "localhost" (last ? true): will start 600 users

=INFO REPORT==== 13-Jun-2014::15:48:31 ===
    ts_config_server:(5:<0.54.0>) New arrival phase 6 for client "localhost" (last ? true): will start 30 users

=INFO REPORT==== 13-Jun-2014::15:48:31 ===
         ts_launcher:(5:<0.91.0>) Expected duration of first phase: 30.0 sec (30 users) 

=INFO REPORT==== 13-Jun-2014::15:48:31 ===
         ts_launcher:(2:<0.91.0>) WARNING !!! too few file descriptors available (1024), you should decrease maxusers (currently 50000)
=INFO REPORT==== 13-Jun-2014::15:48:31 ===
         ts_launcher:(5:<0.91.0>) Activate launcher (30 users) in 2123 msec 

=INFO REPORT==== 13-Jun-2014::15:48:32 ===
    ts_os_mon_erlang:(5:<0.78.0>) Starting os_mon beam on host "aws-server2" 

=INFO REPORT==== 13-Jun-2014::15:48:32 ===
    ts_os_mon_erlang:(5:<0.77.0>) Starting os_mon beam on host "aws-server1" 

=INFO REPORT==== 13-Jun-2014::15:48:32 ===
    ts_os_mon_erlang:(5:<0.76.0>) Starting os_mon beam on host "localhost" 

=INFO REPORT==== 13-Jun-2014::15:48:33 ===
    ts_os_mon_erlang:(5:<0.76.0>) Loading tsung monitor on nodes [os_mon@localhost]

=INFO REPORT==== 13-Jun-2014::15:49:04 ===
         ts_launcher:(5:<0.91.0>) Phase duration exceeded, but not all users were launched (2 users, 6.7% of phase)

=INFO REPORT==== 13-Jun-2014::15:49:04 ===
         ts_launcher:(5:<0.91.0>) Start a new arrival phase (600 users, 0.01); expected duration=60.0 sec

=INFO REPORT==== 13-Jun-2014::15:49:18 ===
    ts_os_mon_erlang:(3:<0.77.0>) Fail to start beam on host "aws-server1" ({error,
                                                                             timeout})

=INFO REPORT==== 13-Jun-2014::15:49:18 ===
    ts_os_mon_erlang:(3:<0.78.0>) Fail to start beam on host "aws-server2" ({error,
                                                                             timeout})

=ERROR REPORT==== 13-Jun-2014::15:49:18 ===
** Generic server <0.78.0> terminating 
** Last message in was {timeout,#Ref<0.0.0.319>,start_beam}
** When Server state == {state,{global,ts_mon},
                               10000,undefined,"aws-server2",undefined,[]}
** Reason for termination == 
** {error,timeout}

=ERROR REPORT==== 13-Jun-2014::15:49:18 ===
** Generic server <0.77.0> terminating 
** Last message in was {timeout,#Ref<0.0.0.317>,start_beam}
** When Server state == {state,{global,ts_mon},
                               10000,undefined,"aws-server1",undefined,[]}
** Reason for termination == 
** {error,timeout}

=INFO REPORT==== 13-Jun-2014::15:49:19 ===
    ts_os_mon_erlang:(5:<0.283.0>) Starting os_mon beam on host "aws-server1" 

=INFO REPORT==== 13-Jun-2014::15:49:19 ===
    ts_os_mon_erlang:(5:<0.282.0>) Starting os_mon beam on host "aws-server2" 

=INFO REPORT==== 13-Jun-2014::15:50:04 ===
         ts_launcher:(5:<0.91.0>) Phase duration exceeded, but not all users were launched (12 users, 2.0% of phase)

=INFO REPORT==== 13-Jun-2014::15:50:04 ===
         ts_launcher:(5:<0.91.0>) Start a new arrival phase (30 users, 0.001); expected duration=30.0 sec

=INFO REPORT==== 13-Jun-2014::15:50:05 ===
    ts_os_mon_erlang:(3:<0.283.0>) Fail to start beam on host "aws-server1" ({error,
                                                                              timeout})

=ERROR REPORT==== 13-Jun-2014::15:50:05 ===
** Generic server <0.283.0> terminating 
** Last message in was {timeout,#Ref<0.0.0.2382>,start_beam}
** When Server state == {state,{global,ts_mon},
                               10000,undefined,"aws-server1",undefined,[]}
** Reason for termination == 
** {error,timeout}

=INFO REPORT==== 13-Jun-2014::15:50:05 ===
    ts_os_mon_erlang:(3:<0.282.0>) Fail to start beam on host "aws-server2" ({error,
                                                                              timeout})

=ERROR REPORT==== 13-Jun-2014::15:50:05 ===
** Generic server <0.282.0> terminating 
** Last message in was {timeout,#Ref<0.0.0.2380>,start_beam}
** When Server state == {state,{global,ts_mon},
                               10000,undefined,"aws-server2",undefined,[]}
** Reason for termination == 
** {error,timeout}

=INFO REPORT==== 13-Jun-2014::15:50:06 ===
    ts_os_mon_erlang:(5:<0.756.0>) Starting os_mon beam on host "aws-server1" 

=INFO REPORT==== 13-Jun-2014::15:50:06 ===
    ts_os_mon_erlang:(5:<0.757.0>) Starting os_mon beam on host "aws-server2" 
