# stats: dump at 1402688921
stats: users 0 2
stats: session 10 34.231640625 6.870361167452514 53.684814453125 29.22509765625 0 0
stats: users_count 10 10
stats: finish_users_count 10 10
stats: request 9 31.389078776041668 5.456764720153443 45.2919921875 26.89404296875 0 0
stats: page 9 31.389078776041668 5.456764720153443 45.2919921875 26.89404296875 0 0
stats: size_rcv 612 612
stats: connect 9 16.35769314236111 5.14026544408479 30.746826171875 13.370849609375 0 0
stats: tr_declare 9 32.33355034722222 7.077538710715715 51.18701171875 27.239990234375 0 0
stats: size_sent 2016 2016
stats: connected 0 0
stats: 404 9 9
# stats: dump at 1402688931
stats: users 0 2
stats: {freemem,"os_mon@localhost"} 1 5609.0390625 0 5609.0390625 5609.0390625 0 0
stats: {cpu,"os_mon@localhost"} 1 3.488372093023256 0 3.488372093023256 3.488372093023256 0 0
stats: {load,"os_mon@localhost"} 1 0.19921875 0 0.19921875 0.19921875 0 0
stats: session 6 31.236490885416668 0.9519697563991073 53.684814453125 29.22509765625 34.231640625 10
stats: users_count 6 16
stats: finish_users_count 6 16
stats: page 6 29.2445068359375 0.8985635945387603 45.2919921875 26.89404296875 31.389078776041668 9
stats: request 6 29.2445068359375 0.8985635945387603 45.2919921875 26.89404296875 31.389078776041668 9
stats: size_rcv 408 1020
stats: connect 6 14.606038411458334 0.38409524642634485 30.746826171875 13.370849609375 16.35769314236111 9
stats: tr_declare 6 29.590128580729168 0.9182128734949817 51.18701171875 27.239990234375 32.33355034722222 9
stats: size_sent 1344 3360
stats: connected 0 0
stats: 404 6 15
# stats: dump at 1402688941
stats: users 1 2
stats: {freemem,"os_mon@localhost"} 1 5608.5546875 0.0 5609.0390625 5608.5546875 5609.0390625 1
stats: {recvpackets,"os_mon@localhost"} 1 1961 0 1961 1961 0 0
stats: {sentpackets,"os_mon@localhost"} 1 920 0 920 920 0 0
stats: {cpu,"os_mon@localhost"} 1 3.202218860312658 0.0 3.488372093023256 3.202218860312658 3.488372093023256 1
stats: {load,"os_mon@localhost"} 1 0.171875 0.0 0.19921875 0.171875 0.19921875 1
stats: session 7 32.885707310267854 2.3352078563731804 53.684814453125 29.22509765625 33.10845947265625 16
stats: users_count 8 24
stats: finish_users_count 7 23
stats: request 8 30.22705078125 2.35732514973886 45.2919921875 26.89404296875 30.53125 15
stats: page 8 30.22705078125 2.35732514973886 45.2919921875 26.89404296875 30.53125 15
stats: connect 8 15.219879150390625 1.5504926414762406 30.746826171875 13.370849609375 15.65703125 15
stats: tr_declare 8 30.52764892578125 2.354125241513641 51.18701171875 27.239990234375 31.236181640625 15
stats: size_rcv 544 1564
stats: size_sent 1792 5152
stats: connected 0 0
stats: 404 8 23
# stats: dump at 1402688951
stats: users 1 3
stats: {freemem,"os_mon@localhost"} 1 5607.84375 0.0 5609.0390625 5607.84375 5608.796875 2
stats: {recvpackets,"os_mon@localhost"} 1 1936.0 0.0 1961 1936 1961.0 1
stats: {sentpackets,"os_mon@localhost"} 1 912.0 0.0 920 912 920.0 1
stats: {cpu,"os_mon@localhost"} 1 3.455233291298865 0.0 3.488372093023256 3.202218860312658 3.345295476667957 2
stats: {load,"os_mon@localhost"} 1 0.21875 0.0 0.21875 0.171875 0.185546875 2
stats: session 66 31.854547674005683 1.882818016407482 53.684814453125 29.22509765625 33.04066533627717 23
stats: users_count 66 90
stats: finish_users_count 66 89
stats: request 63 29.457600911458332 1.8390257350072479 45.2919921875 26.89404296875 30.425441576086957 23
stats: size_rcv 4284 5848
stats: page 63 29.457600911458332 1.8390257350072479 45.2919921875 26.89404296875 30.425441576086957 23
stats: connect 64 14.741096496582031 1.2641878703102978 30.746826171875 13.370849609375 15.504978345788043 23
stats: tr_declare 63 29.799940321180557 1.84886618513279 51.18701171875 27.239990234375 30.98973547894022 23
stats: newphase 1 1
stats: size_sent 14336 19488
stats: connected 1 1
stats: 404 63 86
# stats: dump at 1402688961
stats: users 0 3
stats: {freemem,"os_mon@localhost"} 1 5607.640625 0.0 5609.0390625 5607.640625 5608.479166666667 3
stats: {recvpackets,"os_mon@localhost"} 1 2176.0 0.0 2176 1936 1948.5 2
stats: {sentpackets,"os_mon@localhost"} 1 1297.0 0.0 1297 912 916.0 2
stats: {cpu,"os_mon@localhost"} 1 4.609218436873747 0.0 4.609218436873747 3.202218860312658 3.381941414878259 3
stats: {load,"os_mon@localhost"} 1 0.26953125 0.0 0.26953125 0.171875 0.19661458333333334 3
stats: session 104 35.969336876502396 6.696991751530882 66.096923828125 29.22509765625 32.16107246313202 89
stats: users_count 103 193
stats: finish_users_count 104 193
stats: connect 101 16.947318804146036 4.5727850197522715 45.387939453125 13.370849609375 14.943042272808908 87
stats: request 102 33.55896474800858 6.7591860885956585 63.86181640625 26.89404296875 29.716442019440407 86
stats: page 102 33.55896474800858 6.7591860885956585 63.86181640625 26.89404296875 29.716442019440407 86
stats: size_rcv 6936 12784
stats: tr_declare 102 33.90585985370711 6.7551043265040205 64.18115234375 27.239990234375 30.118141351744185 86
stats: newphase 0 1
stats: size_sent 22624 42112
stats: connected -1 0
stats: 404 102 188
# stats: dump at 1402688971
stats: users 1 3
stats: {freemem,"os_mon@localhost"} 1 5608.0234375 0.0 5609.0390625 5607.640625 5608.26953125 4
stats: {recvpackets,"os_mon@localhost"} 1 2377.0 0.0 2377 1936 2024.3333333333333 3
stats: {sentpackets,"os_mon@localhost"} 1 1511.0 0.0 1511 912 1043.0 3
stats: {cpu,"os_mon@localhost"} 1 4.580921218223005 0.0 4.609218436873747 3.202218860312658 3.688760670377131 4
stats: {load,"os_mon@localhost"} 1 0.23046875 0.0 0.26953125 0.171875 0.21484375 4
stats: session 86 35.809669672056685 5.717295219165083 66.096923828125 29.126953125 34.21319421955958 193
stats: users_count 87 280
stats: finish_users_count 86 279
stats: request 88 33.36559226296165 5.667803464550005 63.86181640625 26.880859375 31.80121498919548 188
stats: page 88 33.36559226296165 5.667803464550005 63.86181640625 26.880859375 31.80121498919548 188
stats: connect 88 16.76255382191052 3.3159273924389048 45.387939453125 13.360107421875 16.019807856133642 188
stats: tr_declare 88 33.70032570578836 5.667903701276656 64.18115234375 27.14697265625 32.17318011344747 188
stats: size_rcv 5984 18768
stats: newphase 0 1
stats: size_sent 19712 61824
stats: connected 0 0
stats: 404 88 276
# stats: dump at 1402688981
stats: users 0 5
stats: {freemem,"os_mon@localhost"} 1 5608.09375 0.0 5609.0390625 5607.640625 5608.2203125 5
stats: {recvpackets,"os_mon@localhost"} 1 2280.0 0.0 2377 1936 2112.5 4
stats: {sentpackets,"os_mon@localhost"} 1 1402.0 0.0 1511 912 1160.0 4
stats: {cpu,"os_mon@localhost"} 1 4.663991975927784 0.0 4.663991975927784 3.202218860312658 3.8671927799463055 5
stats: {load,"os_mon@localhost"} 1 0.3515625 0.0 0.3515625 0.171875 0.21796875 5
stats: session 110 71.81446200284087 70.26221887126678 265.3779296875 29.126953125 34.7052977640569 279
stats: users_count 109 389
stats: finish_users_count 110 389
stats: page 110 69.5767733487216 70.16819194591866 262.77099609375 26.880859375 32.30000194604846 276
stats: request 110 69.5767733487216 70.16819194591866 262.77099609375 26.880859375 32.30000194604846 276
stats: connect 110 27.641386274857954 29.007401650706193 139.072021484375 13.360107421875 16.256625410439312 276
stats: tr_declare 110 69.90992320667614 70.18742419458083 263.3779296875 27.14697265625 32.660096099411234 276
stats: size_rcv 7480 26248
stats: newphase 0 1
stats: size_sent 24640 86464
stats: connected 0 0
stats: 404 110 386
# stats: dump at 1402688991
stats: users 1 7
stats: {freemem,"os_mon@localhost"} 1 5607.5546875 0.0 5609.0390625 5607.5546875 5608.19921875 6
stats: {recvpackets,"os_mon@localhost"} 1 2369.0 0.0 2377 1936 2146.0 5
stats: {sentpackets,"os_mon@localhost"} 1 1501.0 0.0 1511 912 1208.4 5
stats: {cpu,"os_mon@localhost"} 1 5.0350701402805615 0.0 5.0350701402805615 3.202218860312658 3.9999926459432182 6
stats: {load,"os_mon@localhost"} 1 0.2890625 0.0 0.3515625 0.171875 0.240234375 6
stats: session 87 153.21176533315378 69.40536224140237 265.3779296875 29.126953125 45.19889176474131 389
stats: users_count 88 477
stats: finish_users_count 87 476
stats: request 86 144.58023426144624 72.34051346405874 262.77099609375 26.880859375 42.92291607634391 386
stats: page 86 144.58023426144624 72.34051346405874 262.77099609375 26.880859375 42.92291607634391 386
stats: connect 89 50.38116386499298 35.49279123551246 139.072021484375 13.30810546875 19.50098731480732 386
stats: tr_declare 86 144.91555289335028 72.34716326415676 263.3779296875 27.14697265625 43.27533180355408 386
stats: size_rcv 5848 32096
stats: newphase 0 1
stats: size_sent 19936 106400
stats: connected 3 3
stats: 404 86 472
# stats: dump at 1402689001
stats: users 5 7
stats: {freemem,"os_mon@localhost"} 1 5606.37890625 0.0 5609.0390625 5606.37890625 5608.107142857143 7
stats: {recvpackets,"os_mon@localhost"} 1 2245.0 0.0 2377 1936 2183.1666666666665 6
stats: {sentpackets,"os_mon@localhost"} 1 1406.0 0.0 1511 912 1257.1666666666667 6
stats: {cpu,"os_mon@localhost"} 1 4.867034621174109 0.0 5.0350701402805615 3.202218860312658 4.147860859419981 7
stats: {load,"os_mon@localhost"} 1 0.25 0.0 0.3515625 0.171875 0.24720982142857142 7
stats: session 96 183.74365997314453 39.1451579023448 265.3779296875 29.126953125 64.94074050518645 476
stats: users_count 100 577
stats: finish_users_count 96 572
stats: request 99 181.89307133838392 38.92153849583732 262.77099609375 26.880859375 61.445224050748145 472
stats: page 99 181.89307133838392 38.92153849583732 262.77099609375 26.880859375 61.445224050748145 472
stats: connect 96 64.43527730305989 33.78115626592316 139.072021484375 13.30810546875 25.286957236842106 475
stats: size_rcv 6732 38828
stats: tr_declare 99 182.24757832228536 38.92765904730204 263.3779296875 27.14697265625 61.79452462923729 472
stats: newphase 0 1
stats: size_sent 21504 127904
stats: connected -3 0
stats: 404 99 571
# stats: dump at 1402689011
stats: users 0 7
stats: {freemem,"os_mon@localhost"} 1 5606.16015625 0.0 5609.0390625 5606.16015625 5607.89111328125 8
stats: {recvpackets,"os_mon@localhost"} 1 2373.0 0.0 2377 1936 2192.0 7
stats: {sentpackets,"os_mon@localhost"} 1 1543.0 0.0 1543 912 1278.4285714285713 7
stats: {cpu,"os_mon@localhost"} 1 5.087719298245614 0.0 5.087719298245614 3.202218860312658 4.237757579639247 8
stats: {load,"os_mon@localhost"} 1 0.2109375 0.0 0.3515625 0.171875 0.24755859375 8
stats: session 51 170.47910443474265 43.46039537351657 265.3779296875 29.126953125 84.87969202428431 572
stats: users_count 46 623
stats: finish_users_count 51 623
stats: size_rcv 3468 42296
stats: request 51 168.9053500306372 43.27346272495471 262.77099609375 26.880859375 82.32847603231723 571
stats: page 51 168.9053500306372 43.27346272495471 262.77099609375 26.880859375 82.32847603231723 571
stats: connect 51 56.486380782781865 27.99296915840246 139.072021484375 13.30810546875 31.868811398588004 571
stats: tr_declare 51 169.27540498621326 43.29657306200272 263.3779296875 27.14697265625 82.6786792975591 571
stats: newphase 1 2
stats: size_sent 11424 139328
stats: connected 0 0
stats: 404 51 622
# stats: dump at 1402689021
stats: users 1 7
stats: {freemem,"os_mon@localhost"} 1 5606.5234375 0.0 5609.0390625 5606.16015625 5607.698784722223 9
stats: {recvpackets,"os_mon@localhost"} 1 1989.0 0.0 2377 1936 2214.625 8
stats: {sentpackets,"os_mon@localhost"} 1 1001.0 0.0 1543 912 1311.5 8
stats: {cpu,"os_mon@localhost"} 1 4.398900274931267 0.0 5.087719298245614 3.202218860312658 4.33219777059551 9
stats: {load,"os_mon@localhost"} 1 0.26171875 0.0 0.3515625 0.171875 0.24348958333333334 9
stats: session 5 214.979638671875 28.760802468891487 265.3779296875 29.126953125 91.88702755066213 623
stats: users_count 6 629
stats: finish_users_count 5 628
stats: request 6 200.26314290364584 38.156476253527266 262.77099609375 26.880859375 89.42722293571646 622
stats: page 6 200.26314290364584 38.156476253527266 262.77099609375 26.880859375 89.42722293571646 622
stats: connect 6 79.01900227864583 38.15059428782706 139.072021484375 13.30810546875 33.887293775748596 622
stats: tr_declare 6 200.5849609375 38.17441682059917 263.3779296875 27.14697265625 89.77905391190212 622
stats: size_rcv 408 42704
stats: newphase 0 2
stats: size_sent 1344 140672
stats: connected 0 0
stats: 404 6 628
