# stats: dump at 1402937505
stats: users 0 1
stats: session 9 25.24755859375 9.897196604201591 51.50390625 18.031982421875 0 0
stats: users_count 9 9
stats: finish_users_count 9 9
stats: request 9 21.140977647569443 5.118715317488069 31.93896484375 15.890869140625 0 0
stats: page 9 21.140977647569443 5.118715317488069 31.93896484375 15.890869140625 0 0
stats: connect 9 3.2749837239583335 2.037866845159848 7.43408203125 1.534912109375 0 0
stats: tr_send 9 23.27829318576389 9.812404733645185 49.295166015625 16.072998046875 0 0
stats: 200 9 9
stats: size_rcv 1674 1674
stats: size_sent 1683 1683
stats: connected 0 0
# stats: dump at 1402937515
stats: users 1 3
stats: session 58 25.97352337015086 9.935963428444765 59.739013671875 8.241943359375 25.24755859375 9
stats: users_count 59 68
stats: finish_users_count 58 67
stats: request 47 23.268357297207448 10.475063817324502 57.5380859375 6.072998046875 21.140977647569443 9
stats: page 47 23.268357297207448 10.475063817324502 57.5380859375 6.072998046875 21.140977647569443 9
stats: connect 47 3.7463690575132973 4.204706533858797 15.616943359375 1.278076171875 3.2749837239583335 9
stats: tr_send 47 23.449281083776597 10.4752279251623 57.708984375 6.224853515625 23.27829318576389 9
stats: 200 47 56
stats: size_rcv 8742 10416
stats: newphase 1 1
stats: size_sent 8789 10472
stats: connected 0 0
# stats: dump at 1402937525
stats: users 0 4
stats: session 190 26.514952970805922 12.009114839433499 104.4228515625 8.241943359375 25.876005713619403 67
stats: users_count 189 257
stats: finish_users_count 190 257
stats: request 192 24.59457778930664 11.89657203212839 102.205078125 5.177001953125 22.926456996372767 56
stats: page 192 24.59457778930664 11.89657203212839 102.205078125 5.177001953125 22.926456996372767 56
stats: connect 193 2.692318298656088 2.984255711801878 17.865966796875 1.119873046875 3.6706107003348207 56
stats: tr_send 192 24.803918202718098 11.962010065726599 102.4609375 5.327880859375 23.421800885881698 56
stats: 200 192 248
stats: size_rcv 35712 46128
stats: newphase 0 1
stats: size_sent 36091 46563
stats: connected 1 1
# stats: dump at 1402937535
stats: users 0 5
stats: session 193 29.794170478465027 17.459792424285595 152.623046875 8.241943359375 26.348379172239785 257
stats: users_count 193 450
stats: finish_users_count 193 450
stats: request 193 27.609125799465673 17.394219972490788 150.45703125 5.177001953125 24.217905352192542 248
stats: page 193 27.609125799465673 17.394219972490788 150.45703125 5.177001953125 24.217905352192542 248
stats: connect 193 4.137212091159326 4.7414483868818635 25.3330078125 1.119873046875 2.9123358669051207 249
stats: tr_send 193 27.814993270320596 17.401849221242124 150.68603515625 5.327880859375 24.491827195690526 248
stats: 200 193 441
stats: size_rcv 35898 82026
stats: newphase 0 1
stats: size_sent 36091 82654
stats: connected 0 1
# stats: dump at 1402937545
stats: users 0 5
stats: session 116 22.72237633014548 6.606546467051882 152.623046875 8.241943359375 27.82624077690972 450
stats: users_count 116 566
stats: finish_users_count 116 566
stats: request 125 20.315865234375 6.374518153705221 150.45703125 5.177001953125 25.70204491301729 441
stats: page 125 20.315865234375 6.374518153705221 150.45703125 5.177001953125 25.70204491301729 441
stats: connect 124 2.3396114226310467 2.4123920710649207 25.3330078125 1.119873046875 3.4471800100749435 442
stats: tr_send 125 20.5564375 6.383633380953037 150.68603515625 5.327880859375 25.946183323589853 441
stats: 200 125 566
stats: size_rcv 23250 105276
stats: newphase 1 2
stats: size_sent 23188 105842
stats: connected -1 0
# stats: dump at 1402937555
stats: users 0 5
stats: session 9 23.50800238715278 7.010665024545272 152.623046875 8.241943359375 26.780219088173588 566
stats: users_count 9 575
stats: finish_users_count 9 575
stats: request 8 22.026458740234375 7.127596333947104 150.45703125 5.177001953125 24.512517598829504 566
stats: page 8 22.026458740234375 7.127596333947104 150.45703125 5.177001953125 24.512517598829504 566
stats: connect 8 5.595245361328125 6.631636806793538 25.3330078125 1.119873046875 3.2045324750165634 566
stats: tr_send 8 22.258575439453125 7.129642818951198 150.68603515625 5.327880859375 24.755868433221067 566
stats: 200 8 574
stats: size_rcv 1488 106764
stats: newphase 0 2
stats: size_sent 1496 107338
stats: connected 0 0
# stats: dump at 1402937565
stats: users 0 5
stats: session 7 22.708844866071427 7.510661169099723 152.623046875 8.241943359375 26.729001783288048 575
stats: users_count 7 582
stats: finish_users_count 7 582
stats: request 8 19.9482421875 7.174537864532635 150.45703125 5.177001953125 24.47786869487696 574
stats: page 8 19.9482421875 7.174537864532635 150.45703125 5.177001953125 24.47786869487696 574
stats: connect 8 1.790740966796875 0.28560664096809024 25.3330078125 1.119873046875 3.237852515243902 574
stats: tr_send 8 20.152984619140625 7.187783467816305 150.68603515625 5.327880859375 24.72106295595601 574
stats: 200 8 582
stats: size_rcv 1488 108252
stats: newphase 1 3
stats: size_sent 1496 108834
stats: connected 0 0
# stats: dump at 1402937575
stats: users 5 5
stats: session 51 38.56930721507353 53.76248301086631 310.59619140625 8.241943359375 26.680649380503656 582
stats: users_count 56 638
stats: finish_users_count 51 633
stats: request 48 33.1943105061849 51.00235436317 306.047119140625 5.177001953125 24.415605787559063 582
stats: page 48 33.1943105061849 51.00235436317 306.047119140625 5.177001953125 24.415605787559063 582
stats: connect 49 3.1792590082908165 4.05616762025079 25.3330078125 1.119873046875 3.2179609475676543 582
stats: tr_send 48 33.43865966796875 51.261020125848965 308.583984375 5.327880859375 24.658271501154424 582
stats: 200 42 624
stats: size_rcv 7812 116064
stats: newphase 1 4
stats: size_sent 9163 117997
stats: connected 1 1
# stats: dump at 1402937585
stats: users 217 217
stats: session 0 0 0 310.59619140625 8.241943359375 27.638503329260473 633
stats: users_count 212 850
stats: finish_users_count 0 633
stats: request 3 83.31803385416667 69.57223634577129 306.047119140625 5.177001953125 25.084459480406746 630
stats: page 3 83.31803385416667 69.57223634577129 306.047119140625 5.177001953125 25.084459480406746 630
stats: connect 213 2.057132344850355 2.811909934026862 25.3330078125 0.983154296875 3.214955567180071 631
stats: tr_send 3 83.48095703125 69.57352003799329 308.583984375 5.327880859375 25.32725345672123 630
stats: 200 0 624
stats: size_rcv 0 116064
stats: newphase 0 4
stats: size_sent 39831 157828
stats: connected 210 211
# stats: dump at 1402937595
stats: users 262 266
stats: session 149 9.222874174182047 14.22783459785794 310.59619140625 4.0 27.638503329260473 633
stats: users_count 194 1044
stats: finish_users_count 149 782
stats: request 147 7.015656555590986 14.300188372660282 306.047119140625 2.150146484375 25.36044798454779 633
stats: page 147 7.015656555590986 14.300188372660282 306.047119140625 2.150146484375 25.36044798454779 633
stats: connect 198 2.9966843730271466 4.079269124091946 31.160888671875 0.983154296875 2.92275610467269 844
stats: tr_send 147 7.251034691220238 14.31048162928515 308.583984375 2.302978515625 25.602863426268758 633
stats: 200 0 624
stats: size_rcv 16317 132381
stats: newphase 0 4
stats: size_sent 37026 194854
stats: connected 51 262
stats: 503 147 147
# stats: dump at 1402937605
stats: users 262 266
stats: session 93 19.967111895161292 46.54703692244267 359.239013671875 4.0 24.12964304267903 782
stats: users_count 93 1137
stats: finish_users_count 93 875
stats: request 95 17.422401829769733 46.14634287066344 357.041015625 2.150146484375 21.903160369090546 780
stats: page 95 17.422401829769733 46.14634287066344 357.041015625 2.150146484375 21.903160369090546 780
stats: connect 95 12.05179379111842 41.888218824542314 349.2099609375 0.983154296875 2.9368038946287194 1042
stats: tr_send 95 17.626359477796054 46.14985664532226 357.23583984375 2.302978515625 22.144249549278847 780
stats: 200 0 624
stats: size_rcv 10545 142926
stats: newphase 1 5
stats: size_sent 17765 212619
stats: connected 0 262
stats: 503 95 242
# stats: dump at 1402937615
stats: users 262 266
stats: session 9 44.30067274305556 78.29369005954881 359.239013671875 4.0 23.687225446428574 875
stats: users_count 9 1146
stats: finish_users_count 9 884
stats: request 9 42.394205729166664 78.28313277690403 357.041015625 2.150146484375 21.416678013392858 875
stats: page 9 42.394205729166664 78.28313277690403 357.041015625 2.150146484375 21.416678013392858 875
stats: connect 9 27.767252604166668 48.45558080388941 349.2099609375 0.983154296875 3.6983905614418426 1137
stats: tr_send 9 42.597086588541664 78.29678065945757 357.23583984375 2.302978515625 21.653735770089284 875
stats: 200 0 624
stats: size_rcv 999 143925
stats: newphase 0 5
stats: size_sent 1683 214302
stats: connected 0 262
stats: 503 9 251
# stats: dump at 1402937625
stats: users 33 266
stats: session 231 38849.52973971017 4351.189152847437 43445.400146484375 4.0 23.897090860082017 884
stats: users_count 2 1148
stats: finish_users_count 231 1115
stats: request 231 38593.211275703434 4286.352740767987 43291.68408203125 2.150146484375 21.630250128146212 884
stats: page 231 38593.211275703434 4286.352740767987 43291.68408203125 2.150146484375 21.630250128146212 884
stats: connect 2 2.7449951171875 0.5980224609375 349.2099609375 0.983154296875 3.8874130382171685 1146
stats: tr_send 231 38844.441780387584 4351.18144614841 43443.410888671875 2.302978515625 21.866959930005656 884
stats: 200 0 624
stats: size_rcv 25641 169566
stats: newphase 0 5
stats: size_sent 374 214676
stats: connected -229 33
stats: 503 231 482
# stats: dump at 1402937635
stats: users 0 266
stats: session 33 43340.35416666667 3263.7119946799617 46731.613037109375 4.0 8067.593182236198 1115
stats: users_count 0 1148
stats: finish_users_count 33 1148
stats: request 33 43321.955374053025 3278.6047626783843 46729.23388671875 2.150146484375 8012.6932249334295 1115
stats: page 33 43321.955374053025 3278.6047626783843 46729.23388671875 2.150146484375 8012.6932249334295 1115
stats: connect 0 0 0 349.2099609375 0.983154296875 3.8854227630934233 1148
stats: tr_send 33 43337.62239583335 3263.420432570863 46729.60205078125 2.302978515625 8064.92954605171 1115
stats: 200 0 624
stats: size_rcv 3663 173229
stats: newphase 0 5
stats: size_sent 0 214676
stats: connected -33 0
stats: 503 33 515
# stats: dump at 1402937638
stats: users 0 266
stats: session 0 0 0 46731.613037109375 4.0 9081.531433530803 1148
stats: users_count 0 1148
stats: finish_users_count 0 1148
stats: request 0 0 0 46729.23388671875 2.150146484375 9027.680725735649 1148
stats: page 0 0 0 46729.23388671875 2.150146484375 9027.680725735649 1148
stats: connect 0 0 0 349.2099609375 0.983154296875 3.8854227630934233 1148
stats: tr_send 0 0 0 46729.60205078125 2.302978515625 9078.865838771913 1148
stats: 200 0 624
stats: size_rcv 0 173229
stats: newphase 0 5
stats: size_sent 0 214676
stats: connected 0 0
stats: 503 0 515
EndMonitor:{1402,937638,165220}
