
=INFO REPORT==== 14-Jun-2014::21:20:13 ===
    ts_config_server:(5:<0.54.0>) Config server started, logdir is "/home/ubuntu/tsung/log/lis/20140614-2120"
 
=INFO REPORT==== 14-Jun-2014::21:20:13 ===
              ts_mon:(5:<0.53.0>) starting monitor, global 

=INFO REPORT==== 14-Jun-2014::21:20:13 ===
           ts_config:(5:<0.54.0>) Reading config file: ./xml/aws_test_lis.xml

=INFO REPORT==== 14-Jun-2014::21:20:13 ===
           ts_config:(5:<0.54.0>) Session name for id 1 is "listen"

=INFO REPORT==== 14-Jun-2014::21:20:13 ===
    ts_config_server:(4:<0.54.0>) SYSINFO:Tsung version: 1.5.1

=INFO REPORT==== 14-Jun-2014::21:20:13 ===
    ts_config_server:(4:<0.54.0>) SYSINFO:Erlang version: Erlang R16B03 (erts-5.10.4) [source] [64-bit] [async-threads:16] [hipe] [kernel-poll:true]


=INFO REPORT==== 14-Jun-2014::21:20:13 ===
    ts_config_server:(4:<0.54.0>) SYSINFO:System architecture x86_64-pc-linux-gnu

=INFO REPORT==== 14-Jun-2014::21:20:13 ===
    ts_config_server:(4:<0.54.0>) SYSINFO:Current path: /usr/lib/erlang/lib/tsung-1.5.1/ebin/tsung.beam

=INFO REPORT==== 14-Jun-2014::21:20:13 ===
              ts_mon:(5:<0.55.0>) Activate clients with text backend

=INFO REPORT==== 14-Jun-2014::21:20:13 ===
              ts_mon:(5:<0.55.0>) Starting tsung clients on hosts: [localhost]

=INFO REPORT==== 14-Jun-2014::21:20:13 ===
    ts_config_server:(5:<0.54.0>) Start a launcher on the controller beam localhost

=INFO REPORT==== 14-Jun-2014::21:20:14 ===
  ts_launcher_static:(5:<0.90.0>) Launch msg receive ("localhost")

=INFO REPORT==== 14-Jun-2014::21:20:14 ===
         ts_launcher:(5:<0.91.0>) Launch msg receive ("localhost")

=INFO REPORT==== 14-Jun-2014::21:20:14 ===
    ts_config_server:(5:<0.54.0>) All remote beams started, syncing 

=INFO REPORT==== 14-Jun-2014::21:20:14 ===
    ts_config_server:(5:<0.54.0>) Undefined ports_range config 

=INFO REPORT==== 14-Jun-2014::21:20:14 ===
    ts_config_server:(5:<0.54.0>) New arrival phase 1 for client "localhost" (last ? true): will start 900 users

=INFO REPORT==== 14-Jun-2014::21:20:14 ===
    ts_config_server:(5:<0.54.0>) New arrival phase 2 for client "localhost" (last ? true): will start 36000 users

=INFO REPORT==== 14-Jun-2014::21:20:14 ===
    ts_config_server:(5:<0.54.0>) New arrival phase 3 for client "localhost" (last ? true): will start 900 users

=INFO REPORT==== 14-Jun-2014::21:20:14 ===
    ts_config_server:(5:<0.54.0>) New arrival phase 4 for client "localhost" (last ? true): will start 900 users

=INFO REPORT==== 14-Jun-2014::21:20:14 ===
    ts_config_server:(5:<0.54.0>) New arrival phase 5 for client "localhost" (last ? true): will start 36000 users

=INFO REPORT==== 14-Jun-2014::21:20:14 ===
    ts_config_server:(5:<0.54.0>) New arrival phase 6 for client "localhost" (last ? true): will start 900 users

=INFO REPORT==== 14-Jun-2014::21:20:14 ===
    ts_config_server:(5:<0.54.0>) New arrival phase 7 for client "localhost" (last ? true): will start 900 users

=INFO REPORT==== 14-Jun-2014::21:20:14 ===
    ts_config_server:(5:<0.54.0>) New arrival phase 8 for client "localhost" (last ? true): will start 36000 users

=INFO REPORT==== 14-Jun-2014::21:20:14 ===
    ts_config_server:(5:<0.54.0>) New arrival phase 9 for client "localhost" (last ? true): will start 900 users

=INFO REPORT==== 14-Jun-2014::21:20:14 ===
    ts_config_server:(5:<0.54.0>) New arrival phase 10 for client "localhost" (last ? true): will start 900 users

=INFO REPORT==== 14-Jun-2014::21:20:14 ===
    ts_config_server:(5:<0.54.0>) New arrival phase 11 for client "localhost" (last ? true): will start 36000 users

=INFO REPORT==== 14-Jun-2014::21:20:14 ===
    ts_config_server:(5:<0.54.0>) New arrival phase 12 for client "localhost" (last ? true): will start 900 users

=INFO REPORT==== 14-Jun-2014::21:20:14 ===
    ts_config_server:(5:<0.54.0>) New arrival phase 13 for client "localhost" (last ? true): will start 900 users

=INFO REPORT==== 14-Jun-2014::21:20:14 ===
    ts_config_server:(5:<0.54.0>) New arrival phase 14 for client "localhost" (last ? true): will start 36000 users

=INFO REPORT==== 14-Jun-2014::21:20:14 ===
    ts_config_server:(5:<0.54.0>) New arrival phase 15 for client "localhost" (last ? true): will start 900 users

=INFO REPORT==== 14-Jun-2014::21:20:14 ===
    ts_config_server:(5:<0.54.0>) New arrival phase 16 for client "localhost" (last ? true): will start 900 users

=INFO REPORT==== 14-Jun-2014::21:20:14 ===
    ts_config_server:(5:<0.54.0>) New arrival phase 17 for client "localhost" (last ? true): will start 36000 users

=INFO REPORT==== 14-Jun-2014::21:20:14 ===
    ts_config_server:(5:<0.54.0>) New arrival phase 18 for client "localhost" (last ? true): will start 900 users

=INFO REPORT==== 14-Jun-2014::21:20:14 ===
         ts_launcher:(5:<0.91.0>) Expected duration of first phase: 900.0 sec (900 users) 

=INFO REPORT==== 14-Jun-2014::21:20:14 ===
         ts_launcher:(2:<0.91.0>) WARNING !!! too few file descriptors available (1024), you should decrease maxusers (currently 50000)
=INFO REPORT==== 14-Jun-2014::21:20:14 ===
         ts_launcher:(5:<0.91.0>) Activate launcher (900 users) in 1949 msec 

=INFO REPORT==== 14-Jun-2014::21:20:14 ===
    ts_os_mon_erlang:(5:<0.77.0>) Starting os_mon beam on host "aws-server1" 

=INFO REPORT==== 14-Jun-2014::21:20:14 ===
    ts_os_mon_erlang:(5:<0.76.0>) Starting os_mon beam on host "localhost" 

=INFO REPORT==== 14-Jun-2014::21:20:14 ===
    ts_os_mon_erlang:(5:<0.78.0>) Starting os_mon beam on host "aws-server2" 

=INFO REPORT==== 14-Jun-2014::21:20:47 ===
    ts_os_mon_erlang:(3:<0.76.0>) Fail to start beam on host "localhost" ({error,
                                                                           timeout})

=ERROR REPORT==== 14-Jun-2014::21:20:47 ===
** Generic server <0.76.0> terminating 
** Last message in was {timeout,#Ref<0.0.0.316>,start_beam}
** When Server state == {state,{global,ts_mon},
                               10000,undefined,"localhost",undefined,[]}
** Reason for termination == 
** {error,timeout}

=INFO REPORT==== 14-Jun-2014::21:20:48 ===
    ts_os_mon_erlang:(5:<0.141.0>) Starting os_mon beam on host "localhost" 

=INFO REPORT==== 14-Jun-2014::21:20:54 ===
    ts_os_mon_erlang:(3:<0.77.0>) Fail to start beam on host "aws-server1" ({error,
                                                                             timeout})

=ERROR REPORT==== 14-Jun-2014::21:20:54 ===
** Generic server <0.77.0> terminating 
** Last message in was {timeout,#Ref<0.0.0.320>,start_beam}
** When Server state == {state,{global,ts_mon},
                               10000,undefined,"aws-server1",undefined,[]}
** Reason for termination == 
** {error,timeout}

=INFO REPORT==== 14-Jun-2014::21:20:54 ===
    ts_os_mon_erlang:(3:<0.78.0>) Fail to start beam on host "aws-server2" ({error,
                                                                             timeout})

=ERROR REPORT==== 14-Jun-2014::21:20:54 ===
** Generic server <0.78.0> terminating 
** Last message in was {timeout,#Ref<0.0.0.322>,start_beam}
** When Server state == {state,{global,ts_mon},
                               10000,undefined,"aws-server2",undefined,[]}
** Reason for termination == 
** {error,timeout}

=INFO REPORT==== 14-Jun-2014::21:20:55 ===
    ts_os_mon_erlang:(5:<0.159.0>) Starting os_mon beam on host "aws-server1" 

=INFO REPORT==== 14-Jun-2014::21:20:55 ===
    ts_os_mon_erlang:(5:<0.160.0>) Starting os_mon beam on host "aws-server2" 

=INFO REPORT==== 14-Jun-2014::21:21:20 ===
    ts_os_mon_erlang:(3:<0.141.0>) Fail to start beam on host "localhost" ({error,
                                                                            timeout})

=ERROR REPORT==== 14-Jun-2014::21:21:20 ===
** Generic server <0.141.0> terminating 
** Last message in was {timeout,#Ref<0.0.0.835>,start_beam}
** When Server state == {state,{global,ts_mon},
                               10000,undefined,"localhost",undefined,[]}
** Reason for termination == 
** {error,timeout}

=INFO REPORT==== 14-Jun-2014::21:21:21 ===
    ts_os_mon_erlang:(5:<0.193.0>) Starting os_mon beam on host "localhost" 

=INFO REPORT==== 14-Jun-2014::21:21:27 ===
    ts_os_mon_erlang:(3:<0.159.0>) Fail to start beam on host "aws-server1" ({error,
                                                                              timeout})

=ERROR REPORT==== 14-Jun-2014::21:21:27 ===
** Generic server <0.159.0> terminating 
** Last message in was {timeout,#Ref<0.0.0.975>,start_beam}
** When Server state == {state,{global,ts_mon},
                               10000,undefined,"aws-server1",undefined,[]}
** Reason for termination == 
** {error,timeout}

=INFO REPORT==== 14-Jun-2014::21:21:27 ===
    ts_os_mon_erlang:(3:<0.160.0>) Fail to start beam on host "aws-server2" ({error,
                                                                              timeout})

=ERROR REPORT==== 14-Jun-2014::21:21:27 ===
** Generic server <0.160.0> terminating 
** Last message in was {timeout,#Ref<0.0.0.980>,start_beam}
** When Server state == {state,{global,ts_mon},
                               10000,undefined,"aws-server2",undefined,[]}
** Reason for termination == 
** {error,timeout}

=INFO REPORT==== 14-Jun-2014::21:21:28 ===
    ts_os_mon_erlang:(5:<0.208.0>) Starting os_mon beam on host "aws-server1" 

=INFO REPORT==== 14-Jun-2014::21:21:28 ===
    ts_os_mon_erlang:(5:<0.211.0>) Starting os_mon beam on host "aws-server2" 

=INFO REPORT==== 14-Jun-2014::21:21:53 ===
    ts_os_mon_erlang:(3:<0.193.0>) Fail to start beam on host "localhost" ({error,
                                                                            timeout})

=ERROR REPORT==== 14-Jun-2014::21:21:53 ===
** Generic server <0.193.0> terminating 
** Last message in was {timeout,#Ref<0.0.0.1313>,start_beam}
** When Server state == {state,{global,ts_mon},
                               10000,undefined,"localhost",undefined,[]}
** Reason for termination == 
** {error,timeout}

=INFO REPORT==== 14-Jun-2014::21:21:54 ===
    ts_os_mon_erlang:(5:<0.244.0>) Starting os_mon beam on host "localhost" 

=INFO REPORT==== 14-Jun-2014::21:22:07 ===
    ts_os_mon_erlang:(3:<0.208.0>) Fail to start beam on host "aws-server1" ({error,
                                                                              timeout})

=ERROR REPORT==== 14-Jun-2014::21:22:07 ===
** Generic server <0.208.0> terminating 
** Last message in was {timeout,#Ref<0.0.0.1452>,start_beam}
** When Server state == {state,{global,ts_mon},
                               10000,undefined,"aws-server1",undefined,[]}
** Reason for termination == 
** {error,timeout}

=INFO REPORT==== 14-Jun-2014::21:22:07 ===
    ts_os_mon_erlang:(3:<0.211.0>) Fail to start beam on host "aws-server2" ({error,
                                                                              timeout})

=ERROR REPORT==== 14-Jun-2014::21:22:07 ===
** Generic server <0.211.0> terminating 
** Last message in was {timeout,#Ref<0.0.0.1460>,start_beam}
** When Server state == {state,{global,ts_mon},
                               10000,undefined,"aws-server2",undefined,[]}
** Reason for termination == 
** {error,timeout}

=INFO REPORT==== 14-Jun-2014::21:22:08 ===
    ts_os_mon_erlang:(5:<0.271.0>) Starting os_mon beam on host "aws-server1" 

=INFO REPORT==== 14-Jun-2014::21:22:08 ===
    ts_os_mon_erlang:(5:<0.272.0>) Starting os_mon beam on host "aws-server2" 

=INFO REPORT==== 14-Jun-2014::21:22:26 ===
    ts_os_mon_erlang:(3:<0.244.0>) Fail to start beam on host "localhost" ({error,
                                                                            timeout})

=ERROR REPORT==== 14-Jun-2014::21:22:26 ===
** Generic server <0.244.0> terminating 
** Last message in was {timeout,#Ref<0.0.0.1825>,start_beam}
** When Server state == {state,{global,ts_mon},
                               10000,undefined,"localhost",undefined,[]}
** Reason for termination == 
** {error,timeout}

=INFO REPORT==== 14-Jun-2014::21:22:27 ===
    ts_os_mon_erlang:(5:<0.298.0>) Starting os_mon beam on host "localhost" 

=INFO REPORT==== 14-Jun-2014::21:22:47 ===
    ts_os_mon_erlang:(3:<0.271.0>) Fail to start beam on host "aws-server1" ({error,
                                                                              timeout})

=ERROR REPORT==== 14-Jun-2014::21:22:47 ===
** Generic server <0.271.0> terminating 
** Last message in was {timeout,#Ref<0.0.0.2090>,start_beam}
** When Server state == {state,{global,ts_mon},
                               10000,undefined,"aws-server1",undefined,[]}
** Reason for termination == 
** {error,timeout}

=INFO REPORT==== 14-Jun-2014::21:22:47 ===
    ts_os_mon_erlang:(3:<0.272.0>) Fail to start beam on host "aws-server2" ({error,
                                                                              timeout})

=ERROR REPORT==== 14-Jun-2014::21:22:47 ===
** Generic server <0.272.0> terminating 
** Last message in was {timeout,#Ref<0.0.0.2095>,start_beam}
** When Server state == {state,{global,ts_mon},
                               10000,undefined,"aws-server2",undefined,[]}
** Reason for termination == 
** {error,timeout}

=INFO REPORT==== 14-Jun-2014::21:22:48 ===
    ts_os_mon_erlang:(5:<0.326.0>) Starting os_mon beam on host "aws-server1" 

=INFO REPORT==== 14-Jun-2014::21:22:48 ===
    ts_os_mon_erlang:(5:<0.327.0>) Starting os_mon beam on host "aws-server2" 

=INFO REPORT==== 14-Jun-2014::21:22:59 ===
    ts_os_mon_erlang:(3:<0.298.0>) Fail to start beam on host "localhost" ({error,
                                                                            timeout})

=ERROR REPORT==== 14-Jun-2014::21:22:59 ===
** Generic server <0.298.0> terminating 
** Last message in was {timeout,#Ref<0.0.0.2369>,start_beam}
** When Server state == {state,{global,ts_mon},
                               10000,undefined,"localhost",undefined,[]}
** Reason for termination == 
** {error,timeout}

=INFO REPORT==== 14-Jun-2014::21:23:00 ===
    ts_os_mon_erlang:(5:<0.354.0>) Starting os_mon beam on host "localhost" 

=INFO REPORT==== 14-Jun-2014::21:23:27 ===
    ts_os_mon_erlang:(3:<0.326.0>) Fail to start beam on host "aws-server1" ({error,
                                                                              timeout})

=ERROR REPORT==== 14-Jun-2014::21:23:27 ===
** Generic server <0.326.0> terminating 
** Last message in was {timeout,#Ref<0.0.0.2661>,start_beam}
** When Server state == {state,{global,ts_mon},
                               10000,undefined,"aws-server1",undefined,[]}
** Reason for termination == 
** {error,timeout}

=INFO REPORT==== 14-Jun-2014::21:23:27 ===
    ts_os_mon_erlang:(3:<0.327.0>) Fail to start beam on host "aws-server2" ({error,
                                                                              timeout})

=ERROR REPORT==== 14-Jun-2014::21:23:27 ===
** Generic server <0.327.0> terminating 
** Last message in was {timeout,#Ref<0.0.0.2666>,start_beam}
** When Server state == {state,{global,ts_mon},
                               10000,undefined,"aws-server2",undefined,[]}
** Reason for termination == 
** {error,timeout}

=INFO REPORT==== 14-Jun-2014::21:23:28 ===
    ts_os_mon_erlang:(5:<0.395.0>) Starting os_mon beam on host "aws-server1" 

=INFO REPORT==== 14-Jun-2014::21:23:28 ===
    ts_os_mon_erlang:(5:<0.396.0>) Starting os_mon beam on host "aws-server2" 

=INFO REPORT==== 14-Jun-2014::21:23:32 ===
    ts_os_mon_erlang:(3:<0.354.0>) Fail to start beam on host "localhost" ({error,
                                                                            timeout})

=ERROR REPORT==== 14-Jun-2014::21:23:32 ===
** Generic server <0.354.0> terminating 
** Last message in was {timeout,#Ref<0.0.0.2933>,start_beam}
** When Server state == {state,{global,ts_mon},
                               10000,undefined,"localhost",undefined,[]}
** Reason for termination == 
** {error,timeout}

=INFO REPORT==== 14-Jun-2014::21:23:33 ===
    ts_os_mon_erlang:(5:<0.407.0>) Starting os_mon beam on host "localhost" 

=INFO REPORT==== 14-Jun-2014::21:24:05 ===
    ts_os_mon_erlang:(3:<0.407.0>) Fail to start beam on host "localhost" ({error,
                                                                            timeout})

=ERROR REPORT==== 14-Jun-2014::21:24:05 ===
** Generic server <0.407.0> terminating 
** Last message in was {timeout,#Ref<0.0.0.3454>,start_beam}
** When Server state == {state,{global,ts_mon},
                               10000,undefined,"localhost",undefined,[]}
** Reason for termination == 
** {error,timeout}

=INFO REPORT==== 14-Jun-2014::21:24:06 ===
    ts_os_mon_erlang:(5:<0.455.0>) Starting os_mon beam on host "localhost" 

=INFO REPORT==== 14-Jun-2014::21:24:07 ===
    ts_os_mon_erlang:(3:<0.395.0>) Fail to start beam on host "aws-server1" ({error,
                                                                              timeout})

=ERROR REPORT==== 14-Jun-2014::21:24:07 ===
** Generic server <0.395.0> terminating 
** Last message in was {timeout,#Ref<0.0.0.3378>,start_beam}
** When Server state == {state,{global,ts_mon},
                               10000,undefined,"aws-server1",undefined,[]}
** Reason for termination == 
** {error,timeout}

=INFO REPORT==== 14-Jun-2014::21:24:07 ===
    ts_os_mon_erlang:(3:<0.396.0>) Fail to start beam on host "aws-server2" ({error,
                                                                              timeout})

=ERROR REPORT==== 14-Jun-2014::21:24:07 ===
** Generic server <0.396.0> terminating 
** Last message in was {timeout,#Ref<0.0.0.3383>,start_beam}
** When Server state == {state,{global,ts_mon},
                               10000,undefined,"aws-server2",undefined,[]}
** Reason for termination == 
** {error,timeout}

=INFO REPORT==== 14-Jun-2014::21:24:08 ===
    ts_os_mon_erlang:(5:<0.461.0>) Starting os_mon beam on host "aws-server1" 

=INFO REPORT==== 14-Jun-2014::21:24:08 ===
    ts_os_mon_erlang:(5:<0.462.0>) Starting os_mon beam on host "aws-server2" 

=INFO REPORT==== 14-Jun-2014::21:24:38 ===
    ts_os_mon_erlang:(3:<0.455.0>) Fail to start beam on host "localhost" ({error,
                                                                            timeout})

=ERROR REPORT==== 14-Jun-2014::21:24:38 ===
** Generic server <0.455.0> terminating 
** Last message in was {timeout,#Ref<0.0.0.3985>,start_beam}
** When Server state == {state,{global,ts_mon},
                               10000,undefined,"localhost",undefined,[]}
** Reason for termination == 
** {error,timeout}

=INFO REPORT==== 14-Jun-2014::21:24:39 ===
    ts_os_mon_erlang:(5:<0.510.0>) Starting os_mon beam on host "localhost" 

=INFO REPORT==== 14-Jun-2014::21:24:47 ===
    ts_os_mon_erlang:(3:<0.461.0>) Fail to start beam on host "aws-server1" ({error,
                                                                              timeout})

=ERROR REPORT==== 14-Jun-2014::21:24:47 ===
** Generic server <0.461.0> terminating 
** Last message in was {timeout,#Ref<0.0.0.4033>,start_beam}
** When Server state == {state,{global,ts_mon},
                               10000,undefined,"aws-server1",undefined,[]}
** Reason for termination == 
** {error,timeout}

=INFO REPORT==== 14-Jun-2014::21:24:47 ===
    ts_os_mon_erlang:(3:<0.462.0>) Fail to start beam on host "aws-server2" ({error,
                                                                              timeout})

=ERROR REPORT==== 14-Jun-2014::21:24:47 ===
** Generic server <0.462.0> terminating 
** Last message in was {timeout,#Ref<0.0.0.4038>,start_beam}
** When Server state == {state,{global,ts_mon},
                               10000,undefined,"aws-server2",undefined,[]}
** Reason for termination == 
** {error,timeout}

=INFO REPORT==== 14-Jun-2014::21:24:48 ===
    ts_os_mon_erlang:(5:<0.528.0>) Starting os_mon beam on host "aws-server1" 

=INFO REPORT==== 14-Jun-2014::21:24:48 ===
    ts_os_mon_erlang:(5:<0.529.0>) Starting os_mon beam on host "aws-server2" 

=INFO REPORT==== 14-Jun-2014::21:25:11 ===
    ts_os_mon_erlang:(3:<0.510.0>) Fail to start beam on host "localhost" ({error,
                                                                            timeout})

=ERROR REPORT==== 14-Jun-2014::21:25:11 ===
** Generic server <0.510.0> terminating 
** Last message in was {timeout,#Ref<0.0.0.4579>,start_beam}
** When Server state == {state,{global,ts_mon},
                               10000,undefined,"localhost",undefined,[]}
** Reason for termination == 
** {error,timeout}

=INFO REPORT==== 14-Jun-2014::21:25:12 ===
    ts_os_mon_erlang:(5:<0.567.0>) Starting os_mon beam on host "localhost" 

=INFO REPORT==== 14-Jun-2014::21:25:27 ===
    ts_os_mon_erlang:(3:<0.528.0>) Fail to start beam on host "aws-server1" ({error,
                                                                              timeout})

=ERROR REPORT==== 14-Jun-2014::21:25:27 ===
** Generic server <0.528.0> terminating 
** Last message in was {timeout,#Ref<0.0.0.4737>,start_beam}
** When Server state == {state,{global,ts_mon},
                               10000,undefined,"aws-server1",undefined,[]}
** Reason for termination == 
** {error,timeout}

=INFO REPORT==== 14-Jun-2014::21:25:27 ===
    ts_os_mon_erlang:(3:<0.529.0>) Fail to start beam on host "aws-server2" ({error,
                                                                              timeout})

=ERROR REPORT==== 14-Jun-2014::21:25:27 ===
** Generic server <0.529.0> terminating 
** Last message in was {timeout,#Ref<0.0.0.4742>,start_beam}
** When Server state == {state,{global,ts_mon},
                               10000,undefined,"aws-server2",undefined,[]}
** Reason for termination == 
** {error,timeout}

=INFO REPORT==== 14-Jun-2014::21:25:28 ===
    ts_os_mon_erlang:(5:<0.599.0>) Starting os_mon beam on host "aws-server1" 

=INFO REPORT==== 14-Jun-2014::21:25:28 ===
    ts_os_mon_erlang:(5:<0.600.0>) Starting os_mon beam on host "aws-server2" 

=INFO REPORT==== 14-Jun-2014::21:25:44 ===
    ts_os_mon_erlang:(3:<0.567.0>) Fail to start beam on host "localhost" ({error,
                                                                            timeout})

=ERROR REPORT==== 14-Jun-2014::21:25:44 ===
** Generic server <0.567.0> terminating 
** Last message in was {timeout,#Ref<0.0.0.5151>,start_beam}
** When Server state == {state,{global,ts_mon},
                               10000,undefined,"localhost",undefined,[]}
** Reason for termination == 
** {error,timeout}

=INFO REPORT==== 14-Jun-2014::21:25:45 ===
    ts_os_mon_erlang:(5:<0.623.0>) Starting os_mon beam on host "localhost" 

=INFO REPORT==== 14-Jun-2014::21:26:07 ===
    ts_os_mon_erlang:(3:<0.599.0>) Fail to start beam on host "aws-server1" ({error,
                                                                              timeout})

=ERROR REPORT==== 14-Jun-2014::21:26:07 ===
** Generic server <0.599.0> terminating 
** Last message in was {timeout,#Ref<0.0.0.5474>,start_beam}
** When Server state == {state,{global,ts_mon},
                               10000,undefined,"aws-server1",undefined,[]}
** Reason for termination == 
** {error,timeout}

=INFO REPORT==== 14-Jun-2014::21:26:07 ===
    ts_os_mon_erlang:(3:<0.600.0>) Fail to start beam on host "aws-server2" ({error,
                                                                              timeout})

=ERROR REPORT==== 14-Jun-2014::21:26:07 ===
** Generic server <0.600.0> terminating 
** Last message in was {timeout,#Ref<0.0.0.5479>,start_beam}
** When Server state == {state,{global,ts_mon},
                               10000,undefined,"aws-server2",undefined,[]}
** Reason for termination == 
** {error,timeout}

=INFO REPORT==== 14-Jun-2014::21:26:08 ===
    ts_os_mon_erlang:(5:<0.651.0>) Starting os_mon beam on host "aws-server1" 

=INFO REPORT==== 14-Jun-2014::21:26:08 ===
    ts_os_mon_erlang:(5:<0.652.0>) Starting os_mon beam on host "aws-server2" 

=INFO REPORT==== 14-Jun-2014::21:26:17 ===
    ts_os_mon_erlang:(3:<0.623.0>) Fail to start beam on host "localhost" ({error,
                                                                            timeout})

=ERROR REPORT==== 14-Jun-2014::21:26:17 ===
** Generic server <0.623.0> terminating 
** Last message in was {timeout,#Ref<0.0.0.5720>,start_beam}
** When Server state == {state,{global,ts_mon},
                               10000,undefined,"localhost",undefined,[]}
** Reason for termination == 
** {error,timeout}

=INFO REPORT==== 14-Jun-2014::21:26:18 ===
    ts_os_mon_erlang:(5:<0.674.0>) Starting os_mon beam on host "localhost" 

=INFO REPORT==== 14-Jun-2014::21:26:47 ===
    ts_os_mon_erlang:(3:<0.651.0>) Fail to start beam on host "aws-server1" ({error,
                                                                              timeout})

=ERROR REPORT==== 14-Jun-2014::21:26:47 ===
** Generic server <0.651.0> terminating 
** Last message in was {timeout,#Ref<0.0.0.6026>,start_beam}
** When Server state == {state,{global,ts_mon},
                               10000,undefined,"aws-server1",undefined,[]}
** Reason for termination == 
** {error,timeout}

=INFO REPORT==== 14-Jun-2014::21:26:47 ===
    ts_os_mon_erlang:(3:<0.652.0>) Fail to start beam on host "aws-server2" ({error,
                                                                              timeout})

=ERROR REPORT==== 14-Jun-2014::21:26:47 ===
** Generic server <0.652.0> terminating 
** Last message in was {timeout,#Ref<0.0.0.6031>,start_beam}
** When Server state == {state,{global,ts_mon},
                               10000,undefined,"aws-server2",undefined,[]}
** Reason for termination == 
** {error,timeout}

=INFO REPORT==== 14-Jun-2014::21:26:48 ===
    ts_os_mon_erlang:(5:<0.715.0>) Starting os_mon beam on host "aws-server1" 

=INFO REPORT==== 14-Jun-2014::21:26:48 ===
    ts_os_mon_erlang:(5:<0.716.0>) Starting os_mon beam on host "aws-server2" 

=INFO REPORT==== 14-Jun-2014::21:26:50 ===
    ts_os_mon_erlang:(3:<0.674.0>) Fail to start beam on host "localhost" ({error,
                                                                            timeout})

=ERROR REPORT==== 14-Jun-2014::21:26:50 ===
** Generic server <0.674.0> terminating 
** Last message in was {timeout,#Ref<0.0.0.6239>,start_beam}
** When Server state == {state,{global,ts_mon},
                               10000,undefined,"localhost",undefined,[]}
** Reason for termination == 
** {error,timeout}

=INFO REPORT==== 14-Jun-2014::21:26:51 ===
    ts_os_mon_erlang:(5:<0.731.0>) Starting os_mon beam on host "localhost" 

=INFO REPORT==== 14-Jun-2014::21:27:23 ===
    ts_os_mon_erlang:(3:<0.731.0>) Fail to start beam on host "localhost" ({error,
                                                                            timeout})

=ERROR REPORT==== 14-Jun-2014::21:27:23 ===
** Generic server <0.731.0> terminating 
** Last message in was {timeout,#Ref<0.0.0.6807>,start_beam}
** When Server state == {state,{global,ts_mon},
                               10000,undefined,"localhost",undefined,[]}
** Reason for termination == 
** {error,timeout}

=INFO REPORT==== 14-Jun-2014::21:27:24 ===
    ts_os_mon_erlang:(5:<0.782.0>) Starting os_mon beam on host "localhost" 

=INFO REPORT==== 14-Jun-2014::21:27:27 ===
    ts_os_mon_erlang:(3:<0.715.0>) Fail to start beam on host "aws-server1" ({error,
                                                                              timeout})

=ERROR REPORT==== 14-Jun-2014::21:27:27 ===
** Generic server <0.715.0> terminating 
** Last message in was {timeout,#Ref<0.0.0.6692>,start_beam}
** When Server state == {state,{global,ts_mon},
                               10000,undefined,"aws-server1",undefined,[]}
** Reason for termination == 
** {error,timeout}

=INFO REPORT==== 14-Jun-2014::21:27:27 ===
    ts_os_mon_erlang:(3:<0.716.0>) Fail to start beam on host "aws-server2" ({error,
                                                                              timeout})

=ERROR REPORT==== 14-Jun-2014::21:27:27 ===
** Generic server <0.716.0> terminating 
** Last message in was {timeout,#Ref<0.0.0.6697>,start_beam}
** When Server state == {state,{global,ts_mon},
                               10000,undefined,"aws-server2",undefined,[]}
** Reason for termination == 
** {error,timeout}

=INFO REPORT==== 14-Jun-2014::21:27:28 ===
    ts_os_mon_erlang:(5:<0.790.0>) Starting os_mon beam on host "aws-server1" 

=INFO REPORT==== 14-Jun-2014::21:27:28 ===
    ts_os_mon_erlang:(5:<0.791.0>) Starting os_mon beam on host "aws-server2" 

=INFO REPORT==== 14-Jun-2014::21:27:56 ===
    ts_os_mon_erlang:(3:<0.782.0>) Fail to start beam on host "localhost" ({error,
                                                                            timeout})

=ERROR REPORT==== 14-Jun-2014::21:27:56 ===
** Generic server <0.782.0> terminating 
** Last message in was {timeout,#Ref<0.0.0.7360>,start_beam}
** When Server state == {state,{global,ts_mon},
                               10000,undefined,"localhost",undefined,[]}
** Reason for termination == 
** {error,timeout}

=INFO REPORT==== 14-Jun-2014::21:27:57 ===
    ts_os_mon_erlang:(5:<0.824.0>) Starting os_mon beam on host "localhost" 

=INFO REPORT==== 14-Jun-2014::21:28:07 ===
    ts_os_mon_erlang:(3:<0.790.0>) Fail to start beam on host "aws-server1" ({error,
                                                                              timeout})

=ERROR REPORT==== 14-Jun-2014::21:28:07 ===
** Generic server <0.790.0> terminating 
** Last message in was {timeout,#Ref<0.0.0.7440>,start_beam}
** When Server state == {state,{global,ts_mon},
                               10000,undefined,"aws-server1",undefined,[]}
** Reason for termination == 
** {error,timeout}

=INFO REPORT==== 14-Jun-2014::21:28:07 ===
    ts_os_mon_erlang:(3:<0.791.0>) Fail to start beam on host "aws-server2" ({error,
                                                                              timeout})

=ERROR REPORT==== 14-Jun-2014::21:28:07 ===
** Generic server <0.791.0> terminating 
** Last message in was {timeout,#Ref<0.0.0.7445>,start_beam}
** When Server state == {state,{global,ts_mon},
                               10000,undefined,"aws-server2",undefined,[]}
** Reason for termination == 
** {error,timeout}

=INFO REPORT==== 14-Jun-2014::21:28:08 ===
    ts_os_mon_erlang:(5:<0.843.0>) Starting os_mon beam on host "aws-server1" 

=INFO REPORT==== 14-Jun-2014::21:28:08 ===
    ts_os_mon_erlang:(5:<0.844.0>) Starting os_mon beam on host "aws-server2" 

=INFO REPORT==== 14-Jun-2014::21:28:29 ===
    ts_os_mon_erlang:(3:<0.824.0>) Fail to start beam on host "localhost" ({error,
                                                                            timeout})

=ERROR REPORT==== 14-Jun-2014::21:28:29 ===
** Generic server <0.824.0> terminating 
** Last message in was {timeout,#Ref<0.0.0.7824>,start_beam}
** When Server state == {state,{global,ts_mon},
                               10000,undefined,"localhost",undefined,[]}
** Reason for termination == 
** {error,timeout}

=INFO REPORT==== 14-Jun-2014::21:28:30 ===
    ts_os_mon_erlang:(5:<0.872.0>) Starting os_mon beam on host "localhost" 

=INFO REPORT==== 14-Jun-2014::21:28:47 ===
    ts_os_mon_erlang:(3:<0.843.0>) Fail to start beam on host "aws-server1" ({error,
                                                                              timeout})

=ERROR REPORT==== 14-Jun-2014::21:28:47 ===
** Generic server <0.843.0> terminating 
** Last message in was {timeout,#Ref<0.0.0.8002>,start_beam}
** When Server state == {state,{global,ts_mon},
                               10000,undefined,"aws-server1",undefined,[]}
** Reason for termination == 
** {error,timeout}

=INFO REPORT==== 14-Jun-2014::21:28:47 ===
    ts_os_mon_erlang:(3:<0.844.0>) Fail to start beam on host "aws-server2" ({error,
                                                                              timeout})

=ERROR REPORT==== 14-Jun-2014::21:28:47 ===
** Generic server <0.844.0> terminating 
** Last message in was {timeout,#Ref<0.0.0.8007>,start_beam}
** When Server state == {state,{global,ts_mon},
                               10000,undefined,"aws-server2",undefined,[]}
** Reason for termination == 
** {error,timeout}

=INFO REPORT==== 14-Jun-2014::21:28:48 ===
    ts_os_mon_erlang:(5:<0.898.0>) Starting os_mon beam on host "aws-server1" 

=INFO REPORT==== 14-Jun-2014::21:28:48 ===
    ts_os_mon_erlang:(5:<0.899.0>) Starting os_mon beam on host "aws-server2" 

=INFO REPORT==== 14-Jun-2014::21:29:02 ===
    ts_os_mon_erlang:(3:<0.872.0>) Fail to start beam on host "localhost" ({error,
                                                                            timeout})

=ERROR REPORT==== 14-Jun-2014::21:29:02 ===
** Generic server <0.872.0> terminating 
** Last message in was {timeout,#Ref<0.0.0.8311>,start_beam}
** When Server state == {state,{global,ts_mon},
                               10000,undefined,"localhost",undefined,[]}
** Reason for termination == 
** {error,timeout}

=INFO REPORT==== 14-Jun-2014::21:29:03 ===
    ts_os_mon_erlang:(5:<0.923.0>) Starting os_mon beam on host "localhost" 

=INFO REPORT==== 14-Jun-2014::21:29:27 ===
    ts_os_mon_erlang:(3:<0.898.0>) Fail to start beam on host "aws-server1" ({error,
                                                                              timeout})

=ERROR REPORT==== 14-Jun-2014::21:29:27 ===
** Generic server <0.898.0> terminating 
** Last message in was {timeout,#Ref<0.0.0.8575>,start_beam}
** When Server state == {state,{global,ts_mon},
                               10000,undefined,"aws-server1",undefined,[]}
** Reason for termination == 
** {error,timeout}

=INFO REPORT==== 14-Jun-2014::21:29:27 ===
    ts_os_mon_erlang:(3:<0.899.0>) Fail to start beam on host "aws-server2" ({error,
                                                                              timeout})

=ERROR REPORT==== 14-Jun-2014::21:29:27 ===
** Generic server <0.899.0> terminating 
** Last message in was {timeout,#Ref<0.0.0.8580>,start_beam}
** When Server state == {state,{global,ts_mon},
                               10000,undefined,"aws-server2",undefined,[]}
** Reason for termination == 
** {error,timeout}

=INFO REPORT==== 14-Jun-2014::21:29:28 ===
    ts_os_mon_erlang:(5:<0.963.0>) Starting os_mon beam on host "aws-server1" 

=INFO REPORT==== 14-Jun-2014::21:29:28 ===
    ts_os_mon_erlang:(5:<0.964.0>) Starting os_mon beam on host "aws-server2" 

=INFO REPORT==== 14-Jun-2014::21:29:35 ===
    ts_os_mon_erlang:(3:<0.923.0>) Fail to start beam on host "localhost" ({error,
                                                                            timeout})

=ERROR REPORT==== 14-Jun-2014::21:29:35 ===
** Generic server <0.923.0> terminating 
** Last message in was {timeout,#Ref<0.0.0.8817>,start_beam}
** When Server state == {state,{global,ts_mon},
                               10000,undefined,"localhost",undefined,[]}
** Reason for termination == 
** {error,timeout}

=INFO REPORT==== 14-Jun-2014::21:29:36 ===
    ts_os_mon_erlang:(5:<0.986.0>) Starting os_mon beam on host "localhost" 

=INFO REPORT==== 14-Jun-2014::21:30:07 ===
    ts_os_mon_erlang:(3:<0.963.0>) Fail to start beam on host "aws-server1" ({error,
                                                                              timeout})

=ERROR REPORT==== 14-Jun-2014::21:30:07 ===
** Generic server <0.963.0> terminating 
** Last message in was {timeout,#Ref<0.0.0.9243>,start_beam}
** When Server state == {state,{global,ts_mon},
                               10000,undefined,"aws-server1",undefined,[]}
** Reason for termination == 
** {error,timeout}

=INFO REPORT==== 14-Jun-2014::21:30:07 ===
    ts_os_mon_erlang:(3:<0.964.0>) Fail to start beam on host "aws-server2" ({error,
                                                                              timeout})

=ERROR REPORT==== 14-Jun-2014::21:30:07 ===
** Generic server <0.964.0> terminating 
** Last message in was {timeout,#Ref<0.0.0.9248>,start_beam}
** When Server state == {state,{global,ts_mon},
                               10000,undefined,"aws-server2",undefined,[]}
** Reason for termination == 
** {error,timeout}

=INFO REPORT==== 14-Jun-2014::21:30:08 ===
    ts_os_mon_erlang:(3:<0.986.0>) Fail to start beam on host "localhost" ({error,
                                                                            timeout})

=ERROR REPORT==== 14-Jun-2014::21:30:08 ===
** Generic server <0.986.0> terminating 
** Last message in was {timeout,#Ref<0.0.0.9446>,start_beam}
** When Server state == {state,{global,ts_mon},
                               10000,undefined,"localhost",undefined,[]}
** Reason for termination == 
** {error,timeout}

=INFO REPORT==== 14-Jun-2014::21:30:08 ===
    ts_os_mon_erlang:(5:<0.1027.0>) Starting os_mon beam on host "aws-server1" 

=INFO REPORT==== 14-Jun-2014::21:30:08 ===
    ts_os_mon_erlang:(5:<0.1028.0>) Starting os_mon beam on host "aws-server2" 

=INFO REPORT==== 14-Jun-2014::21:30:09 ===
    ts_os_mon_erlang:(5:<0.1032.0>) Starting os_mon beam on host "localhost" 

=INFO REPORT==== 14-Jun-2014::21:30:41 ===
    ts_os_mon_erlang:(3:<0.1032.0>) Fail to start beam on host "localhost" ({error,
                                                                             timeout})

=ERROR REPORT==== 14-Jun-2014::21:30:41 ===
** Generic server <0.1032.0> terminating 
** Last message in was {timeout,#Ref<0.0.0.9941>,start_beam}
** When Server state == {state,{global,ts_mon},
                               10000,undefined,"localhost",undefined,[]}
** Reason for termination == 
** {error,timeout}

=INFO REPORT==== 14-Jun-2014::21:30:42 ===
    ts_os_mon_erlang:(5:<0.1082.0>) Starting os_mon beam on host "localhost" 

=INFO REPORT==== 14-Jun-2014::21:30:47 ===
    ts_os_mon_erlang:(3:<0.1027.0>) Fail to start beam on host "aws-server1" ({error,
                                                                               timeout})

=ERROR REPORT==== 14-Jun-2014::21:30:47 ===
** Generic server <0.1027.0> terminating 
** Last message in was {timeout,#Ref<0.0.0.9912>,start_beam}
** When Server state == {state,{global,ts_mon},
                               10000,undefined,"aws-server1",undefined,[]}
** Reason for termination == 
** {error,timeout}

=INFO REPORT==== 14-Jun-2014::21:30:47 ===
    ts_os_mon_erlang:(3:<0.1028.0>) Fail to start beam on host "aws-server2" ({error,
                                                                               timeout})

=ERROR REPORT==== 14-Jun-2014::21:30:47 ===
** Generic server <0.1028.0> terminating 
** Last message in was {timeout,#Ref<0.0.0.9918>,start_beam}
** When Server state == {state,{global,ts_mon},
                               10000,undefined,"aws-server2",undefined,[]}
** Reason for termination == 
** {error,timeout}

=INFO REPORT==== 14-Jun-2014::21:30:48 ===
    ts_os_mon_erlang:(5:<0.1088.0>) Starting os_mon beam on host "aws-server1" 

=INFO REPORT==== 14-Jun-2014::21:30:48 ===
    ts_os_mon_erlang:(5:<0.1089.0>) Starting os_mon beam on host "aws-server2" 

=INFO REPORT==== 14-Jun-2014::21:31:14 ===
    ts_os_mon_erlang:(3:<0.1082.0>) Fail to start beam on host "localhost" ({error,
                                                                             timeout})

=ERROR REPORT==== 14-Jun-2014::21:31:14 ===
** Generic server <0.1082.0> terminating 
** Last message in was {timeout,#Ref<0.0.0.10457>,start_beam}
** When Server state == {state,{global,ts_mon},
                               10000,undefined,"localhost",undefined,[]}
** Reason for termination == 
** {error,timeout}

=INFO REPORT==== 14-Jun-2014::21:31:15 ===
    ts_os_mon_erlang:(5:<0.1127.0>) Starting os_mon beam on host "localhost" 

=INFO REPORT==== 14-Jun-2014::21:31:27 ===
    ts_os_mon_erlang:(3:<0.1088.0>) Fail to start beam on host "aws-server1" ({error,
                                                                               timeout})

=ERROR REPORT==== 14-Jun-2014::21:31:27 ===
** Generic server <0.1088.0> terminating 
** Last message in was {timeout,#Ref<0.0.0.10522>,start_beam}
** When Server state == {state,{global,ts_mon},
                               10000,undefined,"aws-server1",undefined,[]}
** Reason for termination == 
** {error,timeout}

=INFO REPORT==== 14-Jun-2014::21:31:27 ===
    ts_os_mon_erlang:(3:<0.1089.0>) Fail to start beam on host "aws-server2" ({error,
                                                                               timeout})

=ERROR REPORT==== 14-Jun-2014::21:31:27 ===
** Generic server <0.1089.0> terminating 
** Last message in was {timeout,#Ref<0.0.0.10527>,start_beam}
** When Server state == {state,{global,ts_mon},
                               10000,undefined,"aws-server2",undefined,[]}
** Reason for termination == 
** {error,timeout}

=INFO REPORT==== 14-Jun-2014::21:31:28 ===
    ts_os_mon_erlang:(5:<0.1149.0>) Starting os_mon beam on host "aws-server1" 

=INFO REPORT==== 14-Jun-2014::21:31:28 ===
    ts_os_mon_erlang:(5:<0.1150.0>) Starting os_mon beam on host "aws-server2" 

=INFO REPORT==== 14-Jun-2014::21:31:47 ===
    ts_os_mon_erlang:(3:<0.1127.0>) Fail to start beam on host "localhost" ({error,
                                                                             timeout})

=ERROR REPORT==== 14-Jun-2014::21:31:47 ===
** Generic server <0.1127.0> terminating 
** Last message in was {timeout,#Ref<0.0.0.10942>,start_beam}
** When Server state == {state,{global,ts_mon},
                               10000,undefined,"localhost",undefined,[]}
** Reason for termination == 
** {error,timeout}

=INFO REPORT==== 14-Jun-2014::21:31:48 ===
    ts_os_mon_erlang:(5:<0.1183.0>) Starting os_mon beam on host "localhost" 

=INFO REPORT==== 14-Jun-2014::21:32:07 ===
    ts_os_mon_erlang:(3:<0.1149.0>) Fail to start beam on host "aws-server1" ({error,
                                                                               timeout})

=ERROR REPORT==== 14-Jun-2014::21:32:07 ===
** Generic server <0.1149.0> terminating 
** Last message in was {timeout,#Ref<0.0.0.11158>,start_beam}
** When Server state == {state,{global,ts_mon},
                               10000,undefined,"aws-server1",undefined,[]}
** Reason for termination == 
** {error,timeout}

=INFO REPORT==== 14-Jun-2014::21:32:07 ===
    ts_os_mon_erlang:(3:<0.1150.0>) Fail to start beam on host "aws-server2" ({error,
                                                                               timeout})

=ERROR REPORT==== 14-Jun-2014::21:32:07 ===
** Generic server <0.1150.0> terminating 
** Last message in was {timeout,#Ref<0.0.0.11164>,start_beam}
** When Server state == {state,{global,ts_mon},
                               10000,undefined,"aws-server2",undefined,[]}
** Reason for termination == 
** {error,timeout}

=INFO REPORT==== 14-Jun-2014::21:32:08 ===
    ts_os_mon_erlang:(5:<0.1210.0>) Starting os_mon beam on host "aws-server1" 

=INFO REPORT==== 14-Jun-2014::21:32:08 ===
    ts_os_mon_erlang:(5:<0.1211.0>) Starting os_mon beam on host "aws-server2" 

=INFO REPORT==== 14-Jun-2014::21:32:20 ===
    ts_os_mon_erlang:(3:<0.1183.0>) Fail to start beam on host "localhost" ({error,
                                                                             timeout})

=ERROR REPORT==== 14-Jun-2014::21:32:20 ===
** Generic server <0.1183.0> terminating 
** Last message in was {timeout,#Ref<0.0.0.11501>,start_beam}
** When Server state == {state,{global,ts_mon},
                               10000,undefined,"localhost",undefined,[]}
** Reason for termination == 
** {error,timeout}

=INFO REPORT==== 14-Jun-2014::21:32:21 ===
    ts_os_mon_erlang:(5:<0.1230.0>) Starting os_mon beam on host "localhost" 

=INFO REPORT==== 14-Jun-2014::21:32:47 ===
    ts_os_mon_erlang:(3:<0.1210.0>) Fail to start beam on host "aws-server1" ({error,
                                                                               timeout})

=ERROR REPORT==== 14-Jun-2014::21:32:47 ===
** Generic server <0.1210.0> terminating 
** Last message in was {timeout,#Ref<0.0.0.11784>,start_beam}
** When Server state == {state,{global,ts_mon},
                               10000,undefined,"aws-server1",undefined,[]}
** Reason for termination == 
** {error,timeout}

=INFO REPORT==== 14-Jun-2014::21:32:47 ===
    ts_os_mon_erlang:(3:<0.1211.0>) Fail to start beam on host "aws-server2" ({error,
                                                                               timeout})

=ERROR REPORT==== 14-Jun-2014::21:32:47 ===
** Generic server <0.1211.0> terminating 
** Last message in was {timeout,#Ref<0.0.0.11789>,start_beam}
** When Server state == {state,{global,ts_mon},
                               10000,undefined,"aws-server2",undefined,[]}
** Reason for termination == 
** {error,timeout}

=INFO REPORT==== 14-Jun-2014::21:32:48 ===
    ts_os_mon_erlang:(5:<0.1277.0>) Starting os_mon beam on host "aws-server1" 

=INFO REPORT==== 14-Jun-2014::21:32:48 ===
    ts_os_mon_erlang:(5:<0.1278.0>) Starting os_mon beam on host "aws-server2" 

=INFO REPORT==== 14-Jun-2014::21:32:53 ===
    ts_os_mon_erlang:(3:<0.1230.0>) Fail to start beam on host "localhost" ({error,
                                                                             timeout})

=ERROR REPORT==== 14-Jun-2014::21:32:53 ===
** Generic server <0.1230.0> terminating 
** Last message in was {timeout,#Ref<0.0.0.11971>,start_beam}
** When Server state == {state,{global,ts_mon},
                               10000,undefined,"localhost",undefined,[]}
** Reason for termination == 
** {error,timeout}

=INFO REPORT==== 14-Jun-2014::21:32:54 ===
    ts_os_mon_erlang:(5:<0.1291.0>) Starting os_mon beam on host "localhost" 

=INFO REPORT==== 14-Jun-2014::21:33:26 ===
    ts_os_mon_erlang:(3:<0.1291.0>) Fail to start beam on host "localhost" ({error,
                                                                             timeout})

=ERROR REPORT==== 14-Jun-2014::21:33:26 ===
** Generic server <0.1291.0> terminating 
** Last message in was {timeout,#Ref<0.0.0.12589>,start_beam}
** When Server state == {state,{global,ts_mon},
                               10000,undefined,"localhost",undefined,[]}
** Reason for termination == 
** {error,timeout}

=INFO REPORT==== 14-Jun-2014::21:33:27 ===
    ts_os_mon_erlang:(5:<0.1334.0>) Starting os_mon beam on host "localhost" 

=INFO REPORT==== 14-Jun-2014::21:33:27 ===
    ts_os_mon_erlang:(3:<0.1277.0>) Fail to start beam on host "aws-server1" ({error,
                                                                               timeout})

=ERROR REPORT==== 14-Jun-2014::21:33:27 ===
** Generic server <0.1277.0> terminating 
** Last message in was {timeout,#Ref<0.0.0.12486>,start_beam}
** When Server state == {state,{global,ts_mon},
                               10000,undefined,"aws-server1",undefined,[]}
** Reason for termination == 
** {error,timeout}

=INFO REPORT==== 14-Jun-2014::21:33:27 ===
    ts_os_mon_erlang:(3:<0.1278.0>) Fail to start beam on host "aws-server2" ({error,
                                                                               timeout})

=ERROR REPORT==== 14-Jun-2014::21:33:27 ===
** Generic server <0.1278.0> terminating 
** Last message in was {timeout,#Ref<0.0.0.12491>,start_beam}
** When Server state == {state,{global,ts_mon},
                               10000,undefined,"aws-server2",undefined,[]}
** Reason for termination == 
** {error,timeout}

=INFO REPORT==== 14-Jun-2014::21:33:28 ===
    ts_os_mon_erlang:(5:<0.1338.0>) Starting os_mon beam on host "aws-server1" 

=INFO REPORT==== 14-Jun-2014::21:33:28 ===
    ts_os_mon_erlang:(5:<0.1339.0>) Starting os_mon beam on host "aws-server2" 

=INFO REPORT==== 14-Jun-2014::21:33:59 ===
    ts_os_mon_erlang:(3:<0.1334.0>) Fail to start beam on host "localhost" ({error,
                                                                             timeout})

=ERROR REPORT==== 14-Jun-2014::21:33:59 ===
** Generic server <0.1334.0> terminating 
** Last message in was {timeout,#Ref<0.0.0.13056>,start_beam}
** When Server state == {state,{global,ts_mon},
                               10000,undefined,"localhost",undefined,[]}
** Reason for termination == 
** {error,timeout}

=INFO REPORT==== 14-Jun-2014::21:34:00 ===
    ts_os_mon_erlang:(5:<0.1387.0>) Starting os_mon beam on host "localhost" 

=INFO REPORT==== 14-Jun-2014::21:34:07 ===
    ts_os_mon_erlang:(3:<0.1338.0>) Fail to start beam on host "aws-server1" ({error,
                                                                               timeout})

=ERROR REPORT==== 14-Jun-2014::21:34:07 ===
** Generic server <0.1338.0> terminating 
** Last message in was {timeout,#Ref<0.0.0.13085>,start_beam}
** When Server state == {state,{global,ts_mon},
                               10000,undefined,"aws-server1",undefined,[]}
** Reason for termination == 
** {error,timeout}

=INFO REPORT==== 14-Jun-2014::21:34:07 ===
    ts_os_mon_erlang:(3:<0.1339.0>) Fail to start beam on host "aws-server2" ({error,
                                                                               timeout})

=ERROR REPORT==== 14-Jun-2014::21:34:07 ===
** Generic server <0.1339.0> terminating 
** Last message in was {timeout,#Ref<0.0.0.13090>,start_beam}
** When Server state == {state,{global,ts_mon},
                               10000,undefined,"aws-server2",undefined,[]}
** Reason for termination == 
** {error,timeout}

=INFO REPORT==== 14-Jun-2014::21:34:08 ===
    ts_os_mon_erlang:(5:<0.1404.0>) Starting os_mon beam on host "aws-server1" 

=INFO REPORT==== 14-Jun-2014::21:34:08 ===
    ts_os_mon_erlang:(5:<0.1405.0>) Starting os_mon beam on host "aws-server2" 

=INFO REPORT==== 14-Jun-2014::21:34:32 ===
    ts_os_mon_erlang:(3:<0.1387.0>) Fail to start beam on host "localhost" ({error,
                                                                             timeout})

=ERROR REPORT==== 14-Jun-2014::21:34:32 ===
** Generic server <0.1387.0> terminating 
** Last message in was {timeout,#Ref<0.0.0.13630>,start_beam}
** When Server state == {state,{global,ts_mon},
                               10000,undefined,"localhost",undefined,[]}
** Reason for termination == 
** {error,timeout}

=INFO REPORT==== 14-Jun-2014::21:34:33 ===
    ts_os_mon_erlang:(5:<0.1433.0>) Starting os_mon beam on host "localhost" 

=INFO REPORT==== 14-Jun-2014::21:34:47 ===
    ts_os_mon_erlang:(3:<0.1404.0>) Fail to start beam on host "aws-server1" ({error,
                                                                               timeout})

=ERROR REPORT==== 14-Jun-2014::21:34:47 ===
** Generic server <0.1404.0> terminating 
** Last message in was {timeout,#Ref<0.0.0.13774>,start_beam}
** When Server state == {state,{global,ts_mon},
                               10000,undefined,"aws-server1",undefined,[]}
** Reason for termination == 
** {error,timeout}

=INFO REPORT==== 14-Jun-2014::21:34:47 ===
    ts_os_mon_erlang:(3:<0.1405.0>) Fail to start beam on host "aws-server2" ({error,
                                                                               timeout})

=ERROR REPORT==== 14-Jun-2014::21:34:47 ===
** Generic server <0.1405.0> terminating 
** Last message in was {timeout,#Ref<0.0.0.13779>,start_beam}
** When Server state == {state,{global,ts_mon},
                               10000,undefined,"aws-server2",undefined,[]}
** Reason for termination == 
** {error,timeout}

=INFO REPORT==== 14-Jun-2014::21:34:48 ===
    ts_os_mon_erlang:(5:<0.1454.0>) Starting os_mon beam on host "aws-server1" 

=INFO REPORT==== 14-Jun-2014::21:34:48 ===
    ts_os_mon_erlang:(5:<0.1455.0>) Starting os_mon beam on host "aws-server2" 

=INFO REPORT==== 14-Jun-2014::21:35:05 ===
    ts_os_mon_erlang:(3:<0.1433.0>) Fail to start beam on host "localhost" ({error,
                                                                             timeout})

=ERROR REPORT==== 14-Jun-2014::21:35:05 ===
** Generic server <0.1433.0> terminating 
** Last message in was {timeout,#Ref<0.0.0.14093>,start_beam}
** When Server state == {state,{global,ts_mon},
                               10000,undefined,"localhost",undefined,[]}
** Reason for termination == 
** {error,timeout}

=INFO REPORT==== 14-Jun-2014::21:35:06 ===
    ts_os_mon_erlang:(5:<0.1479.0>) Starting os_mon beam on host "localhost" 

=INFO REPORT==== 14-Jun-2014::21:35:16 ===
         ts_launcher:(5:<0.91.0>) Phase duration exceeded, but not all users were launched (25 users, 2.8% of phase)

=INFO REPORT==== 14-Jun-2014::21:35:16 ===
         ts_launcher:(5:<0.91.0>) Start a new arrival phase (36000 users, 0.02); expected duration=1.8e3 sec

=INFO REPORT==== 14-Jun-2014::21:35:27 ===
    ts_os_mon_erlang:(3:<0.1454.0>) Fail to start beam on host "aws-server1" ({error,
                                                                               timeout})

=ERROR REPORT==== 14-Jun-2014::21:35:27 ===
** Generic server <0.1454.0> terminating 
** Last message in was {timeout,#Ref<0.0.0.14303>,start_beam}
** When Server state == {state,{global,ts_mon},
                               10000,undefined,"aws-server1",undefined,[]}
** Reason for termination == 
** {error,timeout}

=INFO REPORT==== 14-Jun-2014::21:35:27 ===
    ts_os_mon_erlang:(3:<0.1455.0>) Fail to start beam on host "aws-server2" ({error,
                                                                               timeout})

=ERROR REPORT==== 14-Jun-2014::21:35:27 ===
** Generic server <0.1455.0> terminating 
** Last message in was {timeout,#Ref<0.0.0.14309>,start_beam}
** When Server state == {state,{global,ts_mon},
                               10000,undefined,"aws-server2",undefined,[]}
** Reason for termination == 
** {error,timeout}

=INFO REPORT==== 14-Jun-2014::21:35:28 ===
    ts_os_mon_erlang:(5:<0.1727.0>) Starting os_mon beam on host "aws-server1" 

=INFO REPORT==== 14-Jun-2014::21:35:28 ===
    ts_os_mon_erlang:(5:<0.1728.0>) Starting os_mon beam on host "aws-server2" 

=INFO REPORT==== 14-Jun-2014::21:35:38 ===
    ts_os_mon_erlang:(3:<0.1479.0>) Fail to start beam on host "localhost" ({error,
                                                                             timeout})

=ERROR REPORT==== 14-Jun-2014::21:35:38 ===
** Generic server <0.1479.0> terminating 
** Last message in was {timeout,#Ref<0.0.0.14561>,start_beam}
** When Server state == {state,{global,ts_mon},
                               10000,undefined,"localhost",undefined,[]}
** Reason for termination == 
** {error,timeout}

=INFO REPORT==== 14-Jun-2014::21:35:39 ===
    ts_os_mon_erlang:(5:<0.1967.0>) Starting os_mon beam on host "localhost" 

=INFO REPORT==== 14-Jun-2014::21:36:07 ===
    ts_os_mon_erlang:(3:<0.1727.0>) Fail to start beam on host "aws-server1" ({error,
                                                                               timeout})

=ERROR REPORT==== 14-Jun-2014::21:36:07 ===
** Generic server <0.1727.0> terminating 
** Last message in was {timeout,#Ref<0.0.0.17063>,start_beam}
** When Server state == {state,{global,ts_mon},
                               10000,undefined,"aws-server1",undefined,[]}
** Reason for termination == 
** {error,timeout}

=INFO REPORT==== 14-Jun-2014::21:36:07 ===
    ts_os_mon_erlang:(3:<0.1728.0>) Fail to start beam on host "aws-server2" ({error,
                                                                               timeout})

=ERROR REPORT==== 14-Jun-2014::21:36:07 ===
** Generic server <0.1728.0> terminating 
** Last message in was {timeout,#Ref<0.0.0.17068>,start_beam}
** When Server state == {state,{global,ts_mon},
                               10000,undefined,"aws-server2",undefined,[]}
** Reason for termination == 
** {error,timeout}

=INFO REPORT==== 14-Jun-2014::21:36:08 ===
    ts_os_mon_erlang:(5:<0.2557.0>) Starting os_mon beam on host "aws-server1" 

=INFO REPORT==== 14-Jun-2014::21:36:08 ===
    ts_os_mon_erlang:(5:<0.2559.0>) Starting os_mon beam on host "aws-server2" 

=ERROR REPORT==== 14-Jun-2014::21:36:08 ===
Error in process <0.2588.0> on node 'tsung_controller_lis@ip-172-31-46-22' with exit value: {emfile,[{erlang,open_port,[{spawn,"/usr/bin/ssh aws-server2 erl -detached -noinput -master tsung_controller_lis@ip-172-31-46-22  -sname os_mon@aws-server2 -s slave slave_start tsung_controller_lis@ip... 


=INFO REPORT==== 14-Jun-2014::21:36:11 ===
    ts_os_mon_erlang:(3:<0.1967.0>) Fail to start beam on host "localhost" ({error,
                                                                             timeout})

=ERROR REPORT==== 14-Jun-2014::21:36:11 ===
** Generic server <0.1967.0> terminating 
** Last message in was {timeout,#Ref<0.0.0.19442>,start_beam}
** When Server state == {state,{global,ts_mon},
                               10000,undefined,"localhost",undefined,[]}
** Reason for termination == 
** {error,timeout}

=INFO REPORT==== 14-Jun-2014::21:36:12 ===
    ts_os_mon_erlang:(5:<0.2649.0>) Starting os_mon beam on host "localhost" 

=ERROR REPORT==== 14-Jun-2014::21:36:12 ===
Error in process <0.2666.0> on node 'tsung_controller_lis@ip-172-31-46-22' with exit value: {emfile,[{erlang,open_port,[{spawn,"/usr/bin/ssh localhost erl -detached -noinput -master tsung_controller_lis@ip-172-31-46-22  -sname os_mon@localhost -s slave slave_start tsung_controller_lis@ip-172... 


=INFO REPORT==== 14-Jun-2014::21:36:47 ===
    ts_os_mon_erlang:(3:<0.2557.0>) Fail to start beam on host "aws-server1" ({error,
                                                                               timeout})

=ERROR REPORT==== 14-Jun-2014::21:36:47 ===
** Generic server <0.2557.0> terminating 
** Last message in was {timeout,#Ref<0.0.0.25422>,start_beam}
** When Server state == {state,{global,ts_mon},
                               10000,undefined,"aws-server1",undefined,[]}
** Reason for termination == 
** {error,timeout}

=INFO REPORT==== 14-Jun-2014::21:36:48 ===
    ts_os_mon_erlang:(5:<0.3379.0>) Starting os_mon beam on host "aws-server1" 

=INFO REPORT==== 14-Jun-2014::21:37:27 ===
    ts_os_mon_erlang:(3:<0.3379.0>) Fail to start beam on host "aws-server1" ({error,
                                                                               timeout})

=ERROR REPORT==== 14-Jun-2014::21:37:27 ===
** Generic server <0.3379.0> terminating 
** Last message in was {timeout,#Ref<0.0.0.35861>,start_beam}
** When Server state == {state,{global,ts_mon},
                               10000,undefined,"aws-server1",undefined,[]}
** Reason for termination == 
** {error,timeout}

=INFO REPORT==== 14-Jun-2014::21:37:28 ===
    ts_os_mon_erlang:(5:<0.4169.0>) Starting os_mon beam on host "aws-server1" 

=INFO REPORT==== 14-Jun-2014::21:38:07 ===
    ts_os_mon_erlang:(3:<0.4169.0>) Fail to start beam on host "aws-server1" ({error,
                                                                               timeout})

=ERROR REPORT==== 14-Jun-2014::21:38:07 ===
** Generic server <0.4169.0> terminating 
** Last message in was {timeout,#Ref<0.0.0.44893>,start_beam}
** When Server state == {state,{global,ts_mon},
                               10000,undefined,"aws-server1",undefined,[]}
** Reason for termination == 
** {error,timeout}

=INFO REPORT==== 14-Jun-2014::21:38:08 ===
    ts_os_mon_erlang:(5:<0.5014.0>) Starting os_mon beam on host "aws-server1" 

=INFO REPORT==== 14-Jun-2014::21:38:47 ===
    ts_os_mon_erlang:(3:<0.5014.0>) Fail to start beam on host "aws-server1" ({error,
                                                                               timeout})

=ERROR REPORT==== 14-Jun-2014::21:38:47 ===
** Generic server <0.5014.0> terminating 
** Last message in was {timeout,#Ref<0.0.0.54249>,start_beam}
** When Server state == {state,{global,ts_mon},
                               10000,undefined,"aws-server1",undefined,[]}
** Reason for termination == 
** {error,timeout}

=INFO REPORT==== 14-Jun-2014::21:38:48 ===
    ts_os_mon_erlang:(5:<0.5863.0>) Starting os_mon beam on host "aws-server1" 

=INFO REPORT==== 14-Jun-2014::21:39:27 ===
    ts_os_mon_erlang:(3:<0.5863.0>) Fail to start beam on host "aws-server1" ({error,
                                                                               timeout})

=ERROR REPORT==== 14-Jun-2014::21:39:27 ===
** Generic server <0.5863.0> terminating 
** Last message in was {timeout,#Ref<0.0.0.63650>,start_beam}
** When Server state == {state,{global,ts_mon},
                               10000,undefined,"aws-server1",undefined,[]}
** Reason for termination == 
** {error,timeout}

=INFO REPORT==== 14-Jun-2014::21:39:28 ===
    ts_os_mon_erlang:(5:<0.6655.0>) Starting os_mon beam on host "aws-server1" 

=INFO REPORT==== 14-Jun-2014::21:40:07 ===
    ts_os_mon_erlang:(3:<0.6655.0>) Fail to start beam on host "aws-server1" ({error,
                                                                               timeout})

=ERROR REPORT==== 14-Jun-2014::21:40:07 ===
** Generic server <0.6655.0> terminating 
** Last message in was {timeout,#Ref<0.0.0.72422>,start_beam}
** When Server state == {state,{global,ts_mon},
                               10000,undefined,"aws-server1",undefined,[]}
** Reason for termination == 
** {error,timeout}

=INFO REPORT==== 14-Jun-2014::21:40:08 ===
    ts_os_mon_erlang:(5:<0.7509.0>) Starting os_mon beam on host "aws-server1" 

=INFO REPORT==== 14-Jun-2014::21:40:47 ===
    ts_os_mon_erlang:(3:<0.7509.0>) Fail to start beam on host "aws-server1" ({error,
                                                                               timeout})

=ERROR REPORT==== 14-Jun-2014::21:40:47 ===
** Generic server <0.7509.0> terminating 
** Last message in was {timeout,#Ref<0.0.0.81877>,start_beam}
** When Server state == {state,{global,ts_mon},
                               10000,undefined,"aws-server1",undefined,[]}
** Reason for termination == 
** {error,timeout}

=INFO REPORT==== 14-Jun-2014::21:40:48 ===
    ts_os_mon_erlang:(5:<0.8334.0>) Starting os_mon beam on host "aws-server1" 

=INFO REPORT==== 14-Jun-2014::21:41:27 ===
    ts_os_mon_erlang:(3:<0.8334.0>) Fail to start beam on host "aws-server1" ({error,
                                                                               timeout})

=ERROR REPORT==== 14-Jun-2014::21:41:27 ===
** Generic server <0.8334.0> terminating 
** Last message in was {timeout,#Ref<0.0.0.91014>,start_beam}
** When Server state == {state,{global,ts_mon},
                               10000,undefined,"aws-server1",undefined,[]}
** Reason for termination == 
** {error,timeout}

=INFO REPORT==== 14-Jun-2014::21:41:28 ===
    ts_os_mon_erlang:(5:<0.9171.0>) Starting os_mon beam on host "aws-server1" 

=INFO REPORT==== 14-Jun-2014::21:42:07 ===
    ts_os_mon_erlang:(3:<0.9171.0>) Fail to start beam on host "aws-server1" ({error,
                                                                               timeout})

=ERROR REPORT==== 14-Jun-2014::21:42:07 ===
** Generic server <0.9171.0> terminating 
** Last message in was {timeout,#Ref<0.0.0.100282>,start_beam}
** When Server state == {state,{global,ts_mon},
                               10000,undefined,"aws-server1",undefined,[]}
** Reason for termination == 
** {error,timeout}

=INFO REPORT==== 14-Jun-2014::21:42:08 ===
    ts_os_mon_erlang:(5:<0.9969.0>) Starting os_mon beam on host "aws-server1" 

=INFO REPORT==== 14-Jun-2014::21:42:47 ===
    ts_os_mon_erlang:(3:<0.9969.0>) Fail to start beam on host "aws-server1" ({error,
                                                                               timeout})

=ERROR REPORT==== 14-Jun-2014::21:42:47 ===
** Generic server <0.9969.0> terminating 
** Last message in was {timeout,#Ref<0.0.0.108946>,start_beam}
** When Server state == {state,{global,ts_mon},
                               10000,undefined,"aws-server1",undefined,[]}
** Reason for termination == 
** {error,timeout}

=INFO REPORT==== 14-Jun-2014::21:42:48 ===
    ts_os_mon_erlang:(5:<0.10737.0>) Starting os_mon beam on host "aws-server1" 

=INFO REPORT==== 14-Jun-2014::21:43:27 ===
    ts_os_mon_erlang:(3:<0.10737.0>) Fail to start beam on host "aws-server1" ({error,
                                                                                timeout})

=ERROR REPORT==== 14-Jun-2014::21:43:27 ===
** Generic server <0.10737.0> terminating 
** Last message in was {timeout,#Ref<0.0.0.116698>,start_beam}
** When Server state == {state,{global,ts_mon},
                               10000,undefined,"aws-server1",undefined,[]}
** Reason for termination == 
** {error,timeout}

=INFO REPORT==== 14-Jun-2014::21:43:28 ===
    ts_os_mon_erlang:(5:<0.11530.0>) Starting os_mon beam on host "aws-server1" 

=INFO REPORT==== 14-Jun-2014::21:44:07 ===
    ts_os_mon_erlang:(3:<0.11530.0>) Fail to start beam on host "aws-server1" ({error,
                                                                                timeout})

=ERROR REPORT==== 14-Jun-2014::21:44:07 ===
** Generic server <0.11530.0> terminating 
** Last message in was {timeout,#Ref<0.0.0.125911>,start_beam}
** When Server state == {state,{global,ts_mon},
                               10000,undefined,"aws-server1",undefined,[]}
** Reason for termination == 
** {error,timeout}

=INFO REPORT==== 14-Jun-2014::21:44:08 ===
    ts_os_mon_erlang:(5:<0.12353.0>) Starting os_mon beam on host "aws-server1" 

=INFO REPORT==== 14-Jun-2014::21:44:47 ===
    ts_os_mon_erlang:(3:<0.12353.0>) Fail to start beam on host "aws-server1" ({error,
                                                                                timeout})

=ERROR REPORT==== 14-Jun-2014::21:44:47 ===
** Generic server <0.12353.0> terminating 
** Last message in was {timeout,#Ref<0.0.0.135283>,start_beam}
** When Server state == {state,{global,ts_mon},
                               10000,undefined,"aws-server1",undefined,[]}
** Reason for termination == 
** {error,timeout}

=INFO REPORT==== 14-Jun-2014::21:44:48 ===
    ts_os_mon_erlang:(5:<0.13162.0>) Starting os_mon beam on host "aws-server1" 

=INFO REPORT==== 14-Jun-2014::21:45:27 ===
    ts_os_mon_erlang:(3:<0.13162.0>) Fail to start beam on host "aws-server1" ({error,
                                                                                timeout})

=ERROR REPORT==== 14-Jun-2014::21:45:27 ===
** Generic server <0.13162.0> terminating 
** Last message in was {timeout,#Ref<0.0.0.144641>,start_beam}
** When Server state == {state,{global,ts_mon},
                               10000,undefined,"aws-server1",undefined,[]}
** Reason for termination == 
** {error,timeout}

=INFO REPORT==== 14-Jun-2014::21:45:28 ===
    ts_os_mon_erlang:(5:<0.13936.0>) Starting os_mon beam on host "aws-server1" 

=INFO REPORT==== 14-Jun-2014::21:46:07 ===
    ts_os_mon_erlang:(3:<0.13936.0>) Fail to start beam on host "aws-server1" ({error,
                                                                                timeout})

=ERROR REPORT==== 14-Jun-2014::21:46:07 ===
** Generic server <0.13936.0> terminating 
** Last message in was {timeout,#Ref<0.0.0.152612>,start_beam}
** When Server state == {state,{global,ts_mon},
                               10000,undefined,"aws-server1",undefined,[]}
** Reason for termination == 
** {error,timeout}

=INFO REPORT==== 14-Jun-2014::21:46:08 ===
    ts_os_mon_erlang:(5:<0.14753.0>) Starting os_mon beam on host "aws-server1" 

=INFO REPORT==== 14-Jun-2014::21:46:47 ===
    ts_os_mon_erlang:(3:<0.14753.0>) Fail to start beam on host "aws-server1" ({error,
                                                                                timeout})

=ERROR REPORT==== 14-Jun-2014::21:46:47 ===
** Generic server <0.14753.0> terminating 
** Last message in was {timeout,#Ref<0.0.0.162464>,start_beam}
** When Server state == {state,{global,ts_mon},
                               10000,undefined,"aws-server1",undefined,[]}
** Reason for termination == 
** {error,timeout}

=INFO REPORT==== 14-Jun-2014::21:46:48 ===
    ts_os_mon_erlang:(5:<0.15590.0>) Starting os_mon beam on host "aws-server1" 

=INFO REPORT==== 14-Jun-2014::21:47:27 ===
    ts_os_mon_erlang:(3:<0.15590.0>) Fail to start beam on host "aws-server1" ({error,
                                                                                timeout})

=ERROR REPORT==== 14-Jun-2014::21:47:27 ===
** Generic server <0.15590.0> terminating 
** Last message in was {timeout,#Ref<0.0.0.171738>,start_beam}
** When Server state == {state,{global,ts_mon},
                               10000,undefined,"aws-server1",undefined,[]}
** Reason for termination == 
** {error,timeout}

=INFO REPORT==== 14-Jun-2014::21:47:28 ===
    ts_os_mon_erlang:(5:<0.16372.0>) Starting os_mon beam on host "aws-server1" 

=INFO REPORT==== 14-Jun-2014::21:48:07 ===
    ts_os_mon_erlang:(3:<0.16372.0>) Fail to start beam on host "aws-server1" ({error,
                                                                                timeout})

=ERROR REPORT==== 14-Jun-2014::21:48:07 ===
** Generic server <0.16372.0> terminating 
** Last message in was {timeout,#Ref<0.0.0.179940>,start_beam}
** When Server state == {state,{global,ts_mon},
                               10000,undefined,"aws-server1",undefined,[]}
** Reason for termination == 
** {error,timeout}

=INFO REPORT==== 14-Jun-2014::21:48:08 ===
    ts_os_mon_erlang:(5:<0.17175.0>) Starting os_mon beam on host "aws-server1" 

=INFO REPORT==== 14-Jun-2014::21:48:47 ===
    ts_os_mon_erlang:(3:<0.17175.0>) Fail to start beam on host "aws-server1" ({error,
                                                                                timeout})

=ERROR REPORT==== 14-Jun-2014::21:48:47 ===
** Generic server <0.17175.0> terminating 
** Last message in was {timeout,#Ref<0.0.0.188777>,start_beam}
** When Server state == {state,{global,ts_mon},
                               10000,undefined,"aws-server1",undefined,[]}
** Reason for termination == 
** {error,timeout}

=INFO REPORT==== 14-Jun-2014::21:48:48 ===
    ts_os_mon_erlang:(5:<0.17966.0>) Starting os_mon beam on host "aws-server1" 

=INFO REPORT==== 14-Jun-2014::21:49:20 ===
    ts_os_mon_erlang:(3:<0.17966.0>) Fail to start beam on host "aws-server1" ({error,
                                                                                timeout})

=ERROR REPORT==== 14-Jun-2014::21:49:20 ===
** Generic server <0.17966.0> terminating 
** Last message in was {timeout,#Ref<0.0.0.198065>,start_beam}
** When Server state == {state,{global,ts_mon},
                               10000,undefined,"aws-server1",undefined,[]}
** Reason for termination == 
** {error,timeout}

=INFO REPORT==== 14-Jun-2014::21:49:21 ===
    ts_os_mon_erlang:(5:<0.18610.0>) Starting os_mon beam on host "aws-server1" 

=ERROR REPORT==== 14-Jun-2014::21:49:21 ===
Error in process <0.18633.0> on node 'tsung_controller_lis@ip-172-31-46-22' with exit value: {emfile,[{erlang,open_port,[{spawn,"/usr/bin/ssh aws-server1 erl -detached -noinput -master tsung_controller_lis@ip-172-31-46-22  -sname os_mon@aws-server1 -s slave slave_start tsung_controller_lis@ip... 


=INFO REPORT==== 14-Jun-2014::22:05:16 ===
         ts_launcher:(5:<0.91.0>) Phase duration exceeded, but not all users were launched (123 users, 0.3% of phase)

=INFO REPORT==== 14-Jun-2014::22:05:16 ===
         ts_launcher:(5:<0.91.0>) Start a new arrival phase (900 users, 0.001); expected duration=900.0 sec

=INFO REPORT==== 14-Jun-2014::22:20:16 ===
         ts_launcher:(5:<0.91.0>) Phase duration exceeded, but not all users were launched (10 users, 1.1% of phase)

=INFO REPORT==== 14-Jun-2014::22:20:16 ===
         ts_launcher:(5:<0.91.0>) Start a new arrival phase (900 users, 0.001); expected duration=900.0 sec

=INFO REPORT==== 14-Jun-2014::22:35:17 ===
         ts_launcher:(5:<0.91.0>) Phase duration exceeded, but not all users were launched (6 users, 0.7% of phase)

=INFO REPORT==== 14-Jun-2014::22:35:17 ===
         ts_launcher:(5:<0.91.0>) Start a new arrival phase (36000 users, 0.02); expected duration=1.8e3 sec

=INFO REPORT==== 14-Jun-2014::23:05:17 ===
         ts_launcher:(5:<0.91.0>) Phase duration exceeded, but not all users were launched (369 users, 1.0% of phase)

=INFO REPORT==== 14-Jun-2014::23:05:17 ===
         ts_launcher:(5:<0.91.0>) Start a new arrival phase (900 users, 0.001); expected duration=900.0 sec

=INFO REPORT==== 14-Jun-2014::23:19:37 ===
         ts_launcher:(4:<0.91.0>) Need to wait 40.339 sec before changing phase, going to sleep

=INFO REPORT==== 14-Jun-2014::23:20:17 ===
         ts_launcher:(5:<0.91.0>) Waking up

=INFO REPORT==== 14-Jun-2014::23:20:17 ===
         ts_launcher:(5:<0.91.0>) Start a new arrival phase (900 users, 0.001); expected duration=900.0 sec

=INFO REPORT==== 14-Jun-2014::23:35:18 ===
         ts_launcher:(5:<0.91.0>) Phase duration exceeded, but not all users were launched (64 users, 7.1% of phase)

=INFO REPORT==== 14-Jun-2014::23:35:18 ===
         ts_launcher:(5:<0.91.0>) Start a new arrival phase (36000 users, 0.02); expected duration=1.8e3 sec

=INFO REPORT==== 15-Jun-2014::00:05:07 ===
         ts_launcher:(4:<0.91.0>) Need to wait 11.214 sec before changing phase, going to sleep

=INFO REPORT==== 15-Jun-2014::00:05:18 ===
         ts_launcher:(5:<0.91.0>) Waking up

=INFO REPORT==== 15-Jun-2014::00:05:18 ===
         ts_launcher:(5:<0.91.0>) Start a new arrival phase (900 users, 0.001); expected duration=900.0 sec

=INFO REPORT==== 15-Jun-2014::00:19:18 ===
         ts_launcher:(4:<0.91.0>) Need to wait 60.138 sec before changing phase, going to sleep

=INFO REPORT==== 15-Jun-2014::00:20:18 ===
         ts_launcher:(5:<0.91.0>) Waking up

=INFO REPORT==== 15-Jun-2014::00:20:18 ===
         ts_launcher:(5:<0.91.0>) Start a new arrival phase (900 users, 0.001); expected duration=900.0 sec

=INFO REPORT==== 15-Jun-2014::00:35:01 ===
         ts_launcher:(4:<0.91.0>) Need to wait 17.185 sec before changing phase, going to sleep

=INFO REPORT==== 15-Jun-2014::00:35:18 ===
         ts_launcher:(5:<0.91.0>) Waking up

=INFO REPORT==== 15-Jun-2014::00:35:18 ===
         ts_launcher:(5:<0.91.0>) Start a new arrival phase (36000 users, 0.02); expected duration=1.8e3 sec

=INFO REPORT==== 15-Jun-2014::01:05:18 ===
         ts_launcher:(5:<0.91.0>) Phase duration exceeded, but not all users were launched (499 users, 1.4% of phase)

=INFO REPORT==== 15-Jun-2014::01:05:18 ===
         ts_launcher:(5:<0.91.0>) Start a new arrival phase (900 users, 0.001); expected duration=900.0 sec

=INFO REPORT==== 15-Jun-2014::01:20:20 ===
         ts_launcher:(5:<0.91.0>) Phase duration exceeded, but not all users were launched (2 users, 0.2% of phase)

=INFO REPORT==== 15-Jun-2014::01:20:20 ===
         ts_launcher:(5:<0.91.0>) Start a new arrival phase (900 users, 0.001); expected duration=900.0 sec

=INFO REPORT==== 15-Jun-2014::01:34:52 ===
         ts_launcher:(4:<0.91.0>) Need to wait 28.231 sec before changing phase, going to sleep

=INFO REPORT==== 15-Jun-2014::01:35:20 ===
         ts_launcher:(5:<0.91.0>) Waking up

=INFO REPORT==== 15-Jun-2014::01:35:20 ===
         ts_launcher:(5:<0.91.0>) Start a new arrival phase (36000 users, 0.02); expected duration=1.8e3 sec

=INFO REPORT==== 15-Jun-2014::02:05:20 ===
         ts_launcher:(5:<0.91.0>) Phase duration exceeded, but not all users were launched (1435 users, 4.0% of phase)

=INFO REPORT==== 15-Jun-2014::02:05:20 ===
         ts_launcher:(5:<0.91.0>) Start a new arrival phase (900 users, 0.001); expected duration=900.0 sec

=INFO REPORT==== 15-Jun-2014::02:20:22 ===
         ts_launcher:(5:<0.91.0>) Phase duration exceeded, but not all users were launched (16 users, 1.8% of phase)

=INFO REPORT==== 15-Jun-2014::02:20:22 ===
         ts_launcher:(5:<0.91.0>) Start a new arrival phase (900 users, 0.001); expected duration=900.0 sec

=INFO REPORT==== 15-Jun-2014::02:35:17 ===
         ts_launcher:(4:<0.91.0>) Need to wait 4.78 sec before changing phase, going to sleep

=INFO REPORT==== 15-Jun-2014::02:35:22 ===
         ts_launcher:(5:<0.91.0>) Waking up

=INFO REPORT==== 15-Jun-2014::02:35:22 ===
         ts_launcher:(5:<0.91.0>) Start a new arrival phase (36000 users, 0.02); expected duration=1.8e3 sec

=INFO REPORT==== 15-Jun-2014::03:05:22 ===
         ts_launcher:(5:<0.91.0>) Phase duration exceeded, but not all users were launched (801 users, 2.2% of phase)

=INFO REPORT==== 15-Jun-2014::03:05:22 ===
         ts_launcher:(5:<0.91.0>) Start a new arrival phase (900 users, 0.001); expected duration=900.0 sec

=INFO REPORT==== 15-Jun-2014::03:19:49 ===
         ts_launcher:(5:<0.91.0>) This was the last phase, wait for connected users to finish their session

=INFO REPORT==== 15-Jun-2014::03:20:49 ===
     ts_launcher_mgr:(5:<0.86.0>) No more active users 'tsung_controller_lis@ip-172-31-46-22' "14065"

=INFO REPORT==== 15-Jun-2014::03:20:49 ===
              ts_mon:(5:<0.55.0>) stopping monitor (normal)
