
=INFO REPORT==== 13-Jun-2014::16:09:00 ===
    ts_config_server:(5:<0.54.0>) Config server started, logdir is "/home/dimitdim/TSUNG/log/reg/20140613-1609"
 
=INFO REPORT==== 13-Jun-2014::16:09:00 ===
              ts_mon:(5:<0.53.0>) starting monitor, global 

=INFO REPORT==== 13-Jun-2014::16:09:00 ===
           ts_config:(5:<0.54.0>) Reading config file: ./xml/aws_test_reg.xml

=INFO REPORT==== 13-Jun-2014::16:09:00 ===
    ts_config_server:(0:<0.54.0>) Error while parsing XML config file: {error,
                                                                        bad_filename,
                                                                        "../csv/maclist.csv"}

=ERROR REPORT==== 13-Jun-2014::16:09:00 ===
** Generic server ts_config_server terminating 
** Last message in was {get_monitor_hosts}
** When Server state == {state,undefined,
                               "/home/dimitdim/TSUNG/log/reg/20140613-1609",0,
                               0,0,undefined,1,undefined,albatross24,0,0,
                               undefined,undefined}
** Reason for termination == 
** {{badrecord,config},
    [{ts_config_server,handle_call,3,
                       [{file,"src/tsung_controller/ts_config_server.erl"},
                        {line,335}]},
     {gen_server,handle_msg,5,[{file,"gen_server.erl"},{line,588}]},
     {proc_lib,init_p_do_apply,3,[{file,"proc_lib.erl"},{line,227}]}]}

=INFO REPORT==== 13-Jun-2014::16:09:00 ===
    ts_config_server:(5:<0.74.0>) Config server started, logdir is "/home/dimitdim/TSUNG/log/reg/20140613-1609"
 