# stats: dump at 1402685080
stats: users 0 1
stats: session 10 45.2543212890625 4.089238412285121 55.39794921875 41.98681640625 0 0
stats: users_count 10 10
stats: finish_users_count 10 10
stats: request 10 41.8556396484375 2.3823504617210824 47.692138671875 39.421875 0 0
stats: page 10 41.8556396484375 2.3823504617210824 47.692138671875 39.421875 0 0
stats: 200 10 10
stats: connect 10 14.97001953125 1.0588777776219451 17.534912109375 13.835205078125 0 0
stats: tr_register 10 43.2135009765625 4.009009968366407 53.119140625 39.9541015625 0 0
stats: size_rcv 2389 2389
stats: size_sent 940 940
stats: connected 0 0
# stats: dump at 1402685090
stats: users 0 2
stats: {freemem,"os_mon@localhost"} 1 6412.6875 0 6412.6875 6412.6875 0 0
stats: {cpu,"os_mon@localhost"} 1 3.7167252636865897 0 3.7167252636865897 3.7167252636865897 0 0
stats: {load,"os_mon@localhost"} 1 0.16015625 0 0.16015625 0.16015625 0 0
stats: session 14 44.191441127232146 2.2823368604937935 55.39794921875 41.27392578125 45.2543212890625 10
stats: users_count 14 24
stats: finish_users_count 14 24
stats: request 14 41.719517299107146 2.254022487802597 47.692138671875 38.763916015625 41.8556396484375 10
stats: page 14 41.719517299107146 2.254022487802597 47.692138671875 38.763916015625 41.8556396484375 10
stats: connect 14 14.701607840401786 0.6527362108172743 17.534912109375 13.684814453125 14.97001953125 10
stats: 200 14 24
stats: tr_register 14 42.22031947544643 2.2451041819151927 53.119140625 39.30908203125 43.2135009765625 10
stats: size_rcv 3342 5731
stats: size_sent 1316 2256
stats: connected 0 0
# stats: dump at 1402685100
stats: users 0 2
stats: {freemem,"os_mon@localhost"} 1 6412.60546875 0.0 6412.6875 6412.60546875 6412.6875 1
stats: {recvpackets,"os_mon@localhost"} 1 2004 0 2004 2004 0 0
stats: {sentpackets,"os_mon@localhost"} 1 961 0 961 961 0 0
stats: {cpu,"os_mon@localhost"} 1 3.766005523474768 0.0 3.766005523474768 3.7167252636865897 3.7167252636865897 1
stats: {load,"os_mon@localhost"} 1 0.12890625 0.0 0.16015625 0.12890625 0.16015625 1
stats: session 6 45.245320638020836 2.1148393069682774 55.39794921875 41.27392578125 44.634307861328125 24
stats: users_count 6 30
stats: finish_users_count 6 30
stats: request 6 42.739217122395836 2.1353379665386867 47.692138671875 38.763916015625 41.77623494466146 24
stats: 200 6 30
stats: page 6 42.739217122395836 2.1353379665386867 47.692138671875 38.763916015625 41.77623494466146 24
stats: connect 6 15.370646158854166 1.6249308658019377 18.994140625 13.684814453125 14.813446044921875 24
stats: tr_register 6 43.230224609375 2.09623404843883 53.119140625 39.30908203125 42.63414510091146 24
stats: size_rcv 1433 7164
stats: size_sent 564 2820
stats: connected 0 0
# stats: dump at 1402685110
stats: users 0 3
stats: {freemem,"os_mon@localhost"} 1 6412.25 0.0 6412.6875 6412.25 6412.646484375 2
stats: {recvpackets,"os_mon@localhost"} 1 1916.0 0.0 2004 1916 2004.0 1
stats: {sentpackets,"os_mon@localhost"} 1 890.0 0.0 961 890 961.0 1
stats: {cpu,"os_mon@localhost"} 1 3.7797246558197743 0.0 3.7797246558197743 3.7167252636865897 3.7413653935806788 2
stats: {load,"os_mon@localhost"} 1 0.109375 0.0 0.16015625 0.109375 0.14453125 2
stats: session 80 44.97535400390625 5.226311257643061 69.272216796875 31.72998046875 44.756510416666664 30
stats: users_count 80 110
stats: finish_users_count 80 110
stats: request 75 42.466595052083335 5.3190750582129125 66.657958984375 29.213134765625 41.968831380208336 30
stats: page 75 42.466595052083335 5.3190750582129125 66.657958984375 29.213134765625 41.968831380208336 30
stats: connect 75 15.564739583333333 2.672117009309829 29.7431640625 13.684814453125 14.924886067708334 30
stats: tr_register 75 42.984661458333335 5.320013078637251 67.232177734375 29.719970703125 42.753361002604166 30
stats: 200 75 105
stats: size_rcv 17883 25047
stats: newphase 1 1
stats: size_sent 7050 9870
stats: connected 0 0
# stats: dump at 1402685120
stats: users 0 6
stats: {freemem,"os_mon@localhost"} 1 6411.98046875 0.0 6412.6875 6411.98046875 6412.514322916667 3
stats: {recvpackets,"os_mon@localhost"} 1 2295.0 0.0 2295 1916 1960.0 2
stats: {sentpackets,"os_mon@localhost"} 1 1415.0 0.0 1415 890 925.5 2
stats: {cpu,"os_mon@localhost"} 1 4.098566758863465 0.0 4.098566758863465 3.7167252636865897 3.754151814327044 3
stats: {load,"os_mon@localhost"} 1 0.08984375 0.0 0.16015625 0.08984375 0.1328125 3
stats: session 103 45.34309579793689 4.131210936662789 69.272216796875 31.72998046875 44.915669389204545 110
stats: users_count 103 213
stats: finish_users_count 103 213
stats: request 101 42.74439443456065 3.9089631249875985 66.657958984375 29.213134765625 42.324376860119045 105
stats: page 101 42.74439443456065 3.9089631249875985 66.657958984375 29.213134765625 42.324376860119045 105
stats: connect 101 15.52370823019802 2.2555150977079386 29.7431640625 13.364990234375 15.381924293154762 105
stats: tr_register 101 43.25866820080446 3.934484388859142 67.232177734375 29.719970703125 42.91857561383929 105
stats: 200 101 206
stats: size_rcv 24111 49158
stats: newphase 0 1
stats: size_sent 9494 19364
stats: connected 0 0
# stats: dump at 1402685130
stats: users 0 6
stats: {freemem,"os_mon@localhost"} 1 6411.7578125 0.0 6412.6875 6411.7578125 6412.380859375 4
stats: {recvpackets,"os_mon@localhost"} 1 2329.0 0.0 2329 1916 2071.6666666666665 3
stats: {sentpackets,"os_mon@localhost"} 1 1523.0 0.0 1523 890 1088.6666666666667 3
stats: {cpu,"os_mon@localhost"} 1 4.090909090909091 0.0 4.098566758863465 3.7167252636865897 3.8402555504611495 4
stats: {load,"os_mon@localhost"} 1 0.078125 0.0 0.16015625 0.078125 0.1220703125 4
stats: session 102 46.92958218443628 22.61514233528123 270.77001953125 31.72998046875 45.122359154929576 213
stats: users_count 102 315
stats: finish_users_count 102 315
stats: request 106 44.463961619251165 22.226047545589708 268.251953125 29.213134765625 42.53030780681129 206
stats: page 106 44.463961619251165 22.226047545589708 268.251953125 29.213134765625 42.53030780681129 206
stats: connect 106 15.409912109375 1.9404572090826784 29.7431640625 13.364990234375 15.451439718598301 206
stats: tr_register 106 44.97222324587265 22.22546181924084 268.748046875 29.719970703125 43.08532003754551 206
stats: 200 106 312
stats: size_rcv 25270 74428
stats: newphase 0 1
stats: size_sent 9964 29328
stats: connected 0 0
# stats: dump at 1402685140
stats: users 0 6
stats: {freemem,"os_mon@localhost"} 1 6411.796875 0.0 6412.6875 6411.7578125 6412.25625 5
stats: {recvpackets,"os_mon@localhost"} 1 2396.0 0.0 2396 1916 2136.0 4
stats: {sentpackets,"os_mon@localhost"} 1 1582.0 0.0 1582 890 1197.25 4
stats: {cpu,"os_mon@localhost"} 1 4.458438287153652 0.0 4.458438287153652 3.7167252636865897 3.8903862585507376 5
stats: {load,"os_mon@localhost"} 1 0.0703125 0.0 0.16015625 0.0703125 0.11328125 5
stats: session 100 43.14145751953123 2.959305391045862 270.77001953125 31.512939453125 45.707555183531746 315
stats: users_count 100 415
stats: finish_users_count 100 415
stats: request 98 40.73710040656886 2.99602708664339 268.251953125 29.013916015625 43.18725429437099 312
stats: page 98 40.73710040656886 2.99602708664339 268.251953125 29.013916015625 43.18725429437099 312
stats: connect 98 14.873223752391581 0.9962550470582987 29.7431640625 13.364990234375 15.437330979567308 312
stats: tr_register 98 41.2407002351722 3.009193215143998 268.748046875 29.486083984375 43.72638330704127 312
stats: 200 98 410
stats: size_rcv 23371 97799
stats: newphase 0 1
stats: size_sent 9212 38540
stats: connected 0 0
# stats: dump at 1402685150
stats: users 0 6
stats: {freemem,"os_mon@localhost"} 1 6412.25 0.0 6412.6875 6411.7578125 6412.1796875 6
stats: {recvpackets,"os_mon@localhost"} 1 2281.0 0.0 2396 1916 2188.0 5
stats: {sentpackets,"os_mon@localhost"} 1 1439.0 0.0 1582 890 1274.2 5
stats: {cpu,"os_mon@localhost"} 1 4.305135951661631 0.0 4.458438287153652 3.7167252636865897 3.985061596651223 6
stats: {load,"os_mon@localhost"} 1 0.05859375 0.0 0.16015625 0.05859375 0.10611979166666667 6
stats: session 100 42.650534667968785 2.8160009220198234 270.77001953125 31.045166015625 45.089218397025604 415
stats: users_count 100 515
stats: finish_users_count 100 515
stats: connect 102 14.792274624693627 0.8123195598471978 29.7431640625 13.216064453125 15.30249559355945 410
stats: request 102 40.1251029220282 2.7690364236478797 268.251953125 28.753173828125 42.60160775533536 410
stats: page 102 40.1251029220282 2.7690364236478797 268.251953125 28.753173828125 42.60160775533536 410
stats: tr_register 102 40.62612496170345 2.7788745111213182 268.748046875 29.091796875 43.13224442644817 410
stats: 200 102 512
stats: size_rcv 24279 122078
stats: newphase 0 1
stats: size_sent 9588 48128
stats: connected 0 0
# stats: dump at 1402685160
stats: users 48 48
stats: {freemem,"os_mon@localhost"} 1 6411.77734375 0.0 6412.6875 6411.7578125 6412.189732142857 7
stats: {recvpackets,"os_mon@localhost"} 1 2345.0 0.0 2396 1916 2203.5 6
stats: {sentpackets,"os_mon@localhost"} 1 1522.0 0.0 1582 890 1301.6666666666667 6
stats: {cpu,"os_mon@localhost"} 1 5.781368341327948 0.0 5.781368341327948 3.7167252636865897 4.030786504509853 7
stats: {load,"os_mon@localhost"} 1 0.05078125 0.0 0.16015625 0.05078125 0.09933035714285714 7
stats: session 59 43.59291826668432 3.2875651715031866 270.77001953125 31.045166015625 44.61568757584952 515
stats: users_count 107 622
stats: finish_users_count 59 574
stats: request 62 41.028127362651205 3.2389746598280746 268.251953125 28.753173828125 42.108241558074944 512
stats: page 62 41.028127362651205 3.2389746598280746 268.251953125 28.753173828125 42.108241558074944 512
stats: connect 62 15.01239998109879 1.2525678133298062 29.7431640625 13.216064453125 15.200850009918213 512
stats: tr_register 62 41.55935373613911 3.223964399587005 268.748046875 29.091796875 42.632978439331055 512
stats: 200 62 574
stats: size_rcv 14773 136851
stats: newphase 0 1
stats: size_sent 5828 53956
stats: connected 0 0
# stats: dump at 1402685170
stats: users 71 71
stats: {freemem,"os_mon@localhost"} 1 6411.89453125 0.0 6412.6875 6411.7578125 6412.13818359375 8
stats: {recvpackets,"os_mon@localhost"} 1 1049.0 0.0 2396 1049 2223.714285714286 7
stats: {sentpackets,"os_mon@localhost"} 1 723.0 0.0 1582 723 1333.142857142857 7
stats: {cpu,"os_mon@localhost"} 1 4.563792233988906 0.0 5.781368341327948 3.7167252636865897 4.249609234112115 8
stats: {load,"os_mon@localhost"} 1 0.19921875 0.0 0.19921875 0.05078125 0.09326171875 8
stats: session 0 0 0 270.77001953125 31.045166015625 44.510559720029406 574
stats: users_count 23 645
stats: finish_users_count 0 574
stats: request 0 0 0 268.251953125 28.753173828125 41.991574171112795 574
stats: page 0 0 0 268.251953125 28.753173828125 41.991574171112795 574
stats: connect 0 0 0 29.7431640625 13.216064453125 15.180494780324477 574
stats: tr_register 0 0 0 268.748046875 29.091796875 42.51701200797583 574
stats: 200 0 574
stats: size_rcv 0 136851
stats: newphase 1 2
stats: size_sent 0 53956
stats: connected 0 0
# stats: dump at 1402685180
stats: users 78 78
stats: {freemem,"os_mon@localhost"} 1 6411.578125 0.0 6412.6875 6411.578125 6412.111111111111 9
stats: {recvpackets,"os_mon@localhost"} 1 0.0 0.0 2396 0 2076.875 8
stats: {sentpackets,"os_mon@localhost"} 1 146.0 0.0 1582 146 1256.875 8
stats: {cpu,"os_mon@localhost"} 1 2.708124373119358 0.0 5.781368341327948 2.708124373119358 4.284518456320647 9
stats: {load,"os_mon@localhost"} 1 0.23828125 0.0 0.23828125 0.05078125 0.10503472222222222 9
stats: session 0 0 0 270.77001953125 31.045166015625 44.510559720029406 574
stats: users_count 7 652
stats: finish_users_count 0 574
stats: request 0 0 0 268.251953125 28.753173828125 41.991574171112795 574
stats: page 0 0 0 268.251953125 28.753173828125 41.991574171112795 574
stats: connect 0 0 0 29.7431640625 13.216064453125 15.180494780324477 574
stats: tr_register 0 0 0 268.748046875 29.091796875 42.51701200797583 574
stats: 200 0 574
stats: size_rcv 0 136851
stats: newphase 0 2
stats: size_sent 0 53956
stats: connected 0 0
# stats: dump at 1402685190
stats: users 84 84
stats: {freemem,"os_mon@localhost"} 1 6409.98828125 0.0 6412.6875 6409.98828125 6412.0578125 10
stats: {recvpackets,"os_mon@localhost"} 1 21.0 0.0 2396 0 1846.111111111111 9
stats: {sentpackets,"os_mon@localhost"} 1 119.0 0.0 1582 119 1133.4444444444443 9
stats: {cpu,"os_mon@localhost"} 1 2.5325977933801402 0.0 5.781368341327948 2.5325977933801402 4.126879048000519 10
stats: {load,"os_mon@localhost"} 1 0.2109375 0.0 0.23828125 0.05078125 0.118359375 10
stats: session 0 0 0 270.77001953125 31.045166015625 44.510559720029406 574
stats: users_count 6 658
stats: finish_users_count 0 574
stats: request 0 0 0 268.251953125 28.753173828125 41.991574171112795 574
stats: page 0 0 0 268.251953125 28.753173828125 41.991574171112795 574
stats: connect 0 0 0 29.7431640625 13.216064453125 15.180494780324477 574
stats: tr_register 0 0 0 268.748046875 29.091796875 42.51701200797583 574
stats: 200 0 574
stats: size_rcv 0 136851
stats: newphase 0 2
stats: size_sent 0 53956
stats: connected 0 0
# stats: dump at 1402685200
stats: users 74 91
stats: {freemem,"os_mon@localhost"} 1 6413.7265625 0.0 6413.7265625 6409.98828125 6411.869673295455 11
stats: {recvpackets,"os_mon@localhost"} 1 67.0 0.0 2396 0 1663.6 10
stats: {sentpackets,"os_mon@localhost"} 1 170.0 0.0 1582 119 1032.0 10
stats: {cpu,"os_mon@localhost"} 1 2.985449071751129 0.0 5.781368341327948 2.5325977933801402 3.981944388489575 11
stats: {load,"os_mon@localhost"} 1 0.171875 0.0 0.23828125 0.05078125 0.12677556818181818 11
stats: session 21 11157.337309337798 11879.0111093579 31111.3759765625 31.045166015625 44.510559720029406 574
stats: users_count 11 669
stats: finish_users_count 21 595
stats: request 21 11154.889962332589 11878.998065123114 31108.808837890625 28.753173828125 41.991574171112795 574
stats: page 21 11154.889962332589 11878.998065123114 31108.808837890625 28.753173828125 41.991574171112795 574
stats: connect 21 11128.426164899554 11878.21381693767 31080.02099609375 13.216064453125 15.180494780324477 574
stats: tr_register 21 11155.389776320684 11879.03828158301 31109.322998046875 29.091796875 42.51701200797583 574
stats: 200 21 595
stats: size_rcv 5001 141852
stats: newphase 1 3
stats: size_sent 1974 55930
stats: connected 0 0
# stats: dump at 1402685210
stats: users 66 91
stats: {freemem,"os_mon@localhost"} 1 6413.7109375 0.0 6413.7265625 6409.98828125 6412.0244140625 12
stats: {recvpackets,"os_mon@localhost"} 1 134.0 0.0 2396 0 1518.4545454545455 11
stats: {sentpackets,"os_mon@localhost"} 1 214.0 0.0 1582 119 953.6363636363636 11
stats: {cpu,"os_mon@localhost"} 1 4.24090338770389 0.0 5.781368341327948 2.5325977933801402 3.8989031120947044 12
stats: {load,"os_mon@localhost"} 1 0.1484375 0.0 0.23828125 0.05078125 0.13053385416666666 12
stats: session 17 12775.111457375919 14315.916170921291 31124.80615234375 31.045166015625 436.7279744124212 595
stats: users_count 9 678
stats: finish_users_count 17 612
stats: request 16 11626.42561340332 13979.288944586904 31122.245849609375 28.753173828125 434.21151728269433 595
stats: 200 16 611
stats: page 16 11626.42561340332 13979.288944586904 31122.245849609375 28.753173828125 434.21151728269433 595
stats: connect 16 11599.236343383789 13979.219210721814 31089.419921875 13.216064453125 407.4126949021797 595
stats: tr_register 16 11626.934020996094 13979.306063965645 31122.781982421875 29.091796875 434.73605074842436 595
stats: size_rcv 3821 145673
stats: newphase 0 3
stats: size_sent 1504 57434
stats: connected 0 0
# stats: dump at 1402685220
stats: users 66 91
stats: {freemem,"os_mon@localhost"} 1 6418.22265625 0.0 6418.22265625 6409.98828125 6412.154146634615 13
stats: {recvpackets,"os_mon@localhost"} 1 185.0 0.0 2396 0 1403.0833333333333 12
stats: {sentpackets,"os_mon@localhost"} 1 232.0 0.0 1582 119 892.0 12
stats: {cpu,"os_mon@localhost"} 1 3.132047105988474 0.0 5.781368341327948 2.5325977933801402 3.925210825603103 13
stats: {load,"os_mon@localhost"} 1 0.12890625 0.0 0.23828125 0.05078125 0.13191105769230768 13
stats: session 12 51.3455810546875 8.595799414145878 31124.80615234375 31.045166015625 779.4608489391851 612
stats: users_count 12 690
stats: finish_users_count 12 624
stats: request 12 2636.956034342448 8585.291185519996 31122.245849609375 28.753173828125 727.297320127097 611
stats: 200 12 623
stats: page 12 2636.956034342448 8585.291185519996 31122.245849609375 28.753173828125 727.297320127097 611
stats: connect 12 2607.4166870117188 8585.223258037513 31089.419921875 13.216064453125 700.4882732584902 611
stats: tr_register 12 2637.5480753580728 8585.264758883872 31122.781982421875 29.091796875 727.8214313113748 611
stats: size_rcv 2850 148523
stats: newphase 0 3
stats: size_sent 1128 58562
stats: connected 0 0
stats: error_connect_etimedout 6 6
# stats: dump at 1402685230
stats: users 59 91
stats: {freemem,"os_mon@localhost"} 1 6420.37890625 0.0 6420.37890625 6409.98828125 6412.587611607143 14
stats: {recvpackets,"os_mon@localhost"} 1 8831.0 0.0 8831 0 1309.3846153846155 13
stats: {sentpackets,"os_mon@localhost"} 1 3761.0 0.0 3761 119 841.2307692307693 13
stats: {cpu,"os_mon@localhost"} 1 5.924230867022629 0.0 5.924230867022629 2.5325977933801402 3.8685562742020587 14
stats: {load,"os_mon@localhost"} 1 0.26953125 0.0 0.26953125 0.05078125 0.13169642857142855 14
stats: session 95 5438.803577302631 19104.072983688926 73209.34790039063 31.045166015625 765.4586322490986 624
stats: users_count 88 778
stats: finish_users_count 95 719
stats: page 94 48.17735517785905 9.239672459261637 31122.245849609375 28.753173828125 764.080473530924 623
stats: request 94 48.17735517785905 9.239672459261637 31122.245849609375 28.753173828125 764.080473530924 623
stats: 200 94 717
stats: connect 94 18.212017952127667 4.579041519608035 31089.419921875 13.216064453125 737.2188366052618 623
stats: tr_register 94 4716.266952189993 17874.796045759565 73207.27807617188 29.091796875 764.6058931549709 623
stats: size_rcv 22345 170868
stats: newphase 1 4
stats: size_sent 8836 67398
stats: connected 0 0
stats: error_connect_etimedout 59 65
# stats: dump at 1402685240
stats: users 1 91
stats: {freemem,"os_mon@localhost"} 1 6413.3671875 0.0 6420.37890625 6409.98828125 6413.10703125 15
stats: {recvpackets,"os_mon@localhost"} 1 4879.0 0.0 8831 0 1846.642857142857 14
stats: {sentpackets,"os_mon@localhost"} 1 2623.0 0.0 3761 119 1049.7857142857142 14
stats: {cpu,"os_mon@localhost"} 1 6.3471832781034925 0.0 6.3471832781034925 2.5325977933801402 4.005601247056763 15
stats: {load,"os_mon@localhost"} 1 0.21875 0.0 0.26953125 0.05078125 0.14088541666666662 15
stats: session 148 28703.444553684545 35697.933772358236 73213.18090820313 31.045166015625 1382.9381451560328 719
stats: users_count 90 868
stats: finish_users_count 148 867
stats: request 148 44.22519498258023 7.649974831557775 31122.245849609375 28.753173828125 670.2242767036045 717
stats: connect 148 15.647627546980575 2.1834768741675963 31089.419921875 13.216064453125 642.9557390412526 717
stats: page 148 44.22519498258023 7.649974831557775 31122.245849609375 28.753173828125 670.2242767036045 717
stats: tr_register 148 29195.613975731103 35803.85781145858 73211.09008789063 29.091796875 1282.6758227913615 717
stats: 200 148 865
stats: size_rcv 35179 206047
stats: newphase 0 4
stats: size_sent 13912 81310
stats: connected 0 0
stats: error_connect_etimedout 1 66
# stats: dump at 1402685250
stats: users 1 91
stats: {freemem,"os_mon@localhost"} 1 6415.21484375 0.0 6420.37890625 6409.98828125 6413.123291015625 16
stats: {recvpackets,"os_mon@localhost"} 1 2467.0 0.0 8831 0 2048.8 15
stats: {sentpackets,"os_mon@localhost"} 1 1681.0 0.0 3761 119 1154.6666666666667 15
stats: {cpu,"os_mon@localhost"} 1 4.291845493562231 0.0 6.3471832781034925 2.5325977933801402 4.151950123997183 16
stats: {load,"os_mon@localhost"} 1 0.19140625 0.0 0.26953125 0.05078125 0.14575195312499997 16
stats: session 111 703.3093283713401 6906.89472106218 73213.18090820313 31.045166015625 6046.646274870242 867
stats: users_count 111 979
stats: finish_users_count 111 978
stats: request 110 42.131041370738636 4.677241662755821 31122.245849609375 28.753173828125 563.1169193686777 865
stats: connect 110 15.370225941051137 1.8247895519639614 31089.419921875 13.216064453125 535.6244089821171 865
stats: page 110 42.131041370738636 4.677241662755821 31122.245849609375 28.753173828125 563.1169193686777 865
stats: tr_register 110 707.2969415838069 6937.920583551116 73211.09008789063 29.091796875 6058.5311368203575 865
stats: 200 110 975
stats: size_rcv 26134 232181
stats: newphase 0 4
stats: size_sent 10340 91650
stats: connected 0 0
stats: error_connect_etimedout 0 66
# stats: dump at 1402685260
stats: users 0 91
stats: {freemem,"os_mon@localhost"} 1 6402.58203125 0.0 6420.37890625 6402.58203125 6413.246323529412 17
stats: {recvpackets,"os_mon@localhost"} 1 2332.0 0.0 8831 0 2074.9375 16
stats: {sentpackets,"os_mon@localhost"} 1 1507.0 0.0 3761 119 1187.5625 16
stats: {cpu,"os_mon@localhost"} 1 6.039255158530448 0.0 6.3471832781034925 2.5325977933801402 4.1601792633833625 17
stats: {load,"os_mon@localhost"} 1 0.23828125 0.0 0.26953125 0.05078125 0.14843749999999997 17
stats: session 88 43.89129083806818 4.360010738033356 73213.18090820313 31.045166015625 5440.1939220467475 978
stats: users_count 87 1066
stats: finish_users_count 88 1066
stats: request 90 41.37099338107638 4.333434063843274 31122.245849609375 28.753173828125 504.33902544070514 975
stats: tr_register 90 41.90178222656249 4.330334063062711 73211.09008789063 29.091796875 5454.802150691105 975
stats: page 90 41.37099338107638 4.333434063843274 31122.245849609375 28.753173828125 504.33902544070514 975
stats: connect 90 15.346883138020834 1.6689526724363222 31089.419921875 13.216064453125 476.9290652544071 975
stats: 200 90 1065
stats: size_rcv 21349 253530
stats: newphase 0 4
stats: size_sent 8460 100110
stats: connected 0 0
stats: error_connect_etimedout 0 66
# stats: dump at 1402685270
stats: users 1 91
stats: {freemem,"os_mon@localhost"} 1 6401.0078125 0.0 6420.37890625 6401.0078125 6412.653862847223 18
stats: {recvpackets,"os_mon@localhost"} 1 2236.0 0.0 8831 0 2090.0588235294117 17
stats: {sentpackets,"os_mon@localhost"} 1 1.4e3 0.0 3761 119 1206.3529411764705 17
stats: {cpu,"os_mon@localhost"} 1 5.6398583712696 0.0 6.3471832781034925 2.5325977933801402 4.264572368669311 18
stats: {load,"os_mon@localhost"} 1 0.19921875 0.0 0.26953125 0.05078125 0.15342881944444442 18
stats: session 103 44.23193359374997 6.275410955172517 73213.18090820313 31.045166015625 4994.720534104567 1066
stats: users_count 104 1170
stats: finish_users_count 103 1169
stats: request 104 41.71279437725361 6.28133321222449 31122.245849609375 28.753173828125 465.21496639341257 1065
stats: tr_register 104 42.23461444561296 6.25910330339713 73211.09008789063 29.091796875 4997.373950539172 1065
stats: page 104 41.71279437725361 6.28133321222449 31122.245849609375 28.753173828125 465.21496639341257 1065
stats: 200 104 1169
stats: connect 104 14.984490027794472 1.5579461928672058 31089.419921875 13.216064453125 437.92212028682513 1065
stats: size_rcv 24679 278209
stats: newphase 0 4
stats: size_sent 9776 109886
stats: connected 0 0
stats: error_connect_etimedout 0 66
# stats: dump at 1402685280
stats: users 0 91
stats: {freemem,"os_mon@localhost"} 1 6409.98046875 0.0 6420.37890625 6401.0078125 6412.0409128289475 19
stats: {recvpackets,"os_mon@localhost"} 1 2399.0 0.0 8831 0 2098.1666666666665 18
stats: {sentpackets,"os_mon@localhost"} 1 1584.0 0.0 3761 119 1217.111111111111 18
stats: {cpu,"os_mon@localhost"} 1 6.37600806451613 0.0 6.37600806451613 2.5325977933801402 4.336955842490379 19
stats: {load,"os_mon@localhost"} 1 0.171875 0.0 0.26953125 0.05078125 0.15583881578947367 19
stats: session 94 44.64924524185507 7.794410394108809 73213.18090820313 31.045166015625 4558.535482049294 1169
stats: users_count 93 1263
stats: finish_users_count 94 1263
stats: page 93 42.15207073252688 7.8573957031185975 31122.245849609375 28.593994140625 427.53812645356606 1169
stats: request 93 42.15207073252688 7.8573957031185975 31122.245849609375 28.593994140625 427.53812645356606 1169
stats: connect 94 15.183224941821809 1.8350411829994953 31089.419921875 13.216064453125 400.29550476335277 1169
stats: tr_register 93 42.65954721102152 7.837680696865896 73211.09008789063 29.091796875 4556.54033980031 1169
stats: 200 93 1262
stats: size_rcv 22034 300243
stats: newphase 0 4
stats: size_sent 8836 118722
stats: connected 1 1
stats: error_connect_etimedout 0 66
# stats: dump at 1402685290
stats: users 0 91
stats: {freemem,"os_mon@localhost"} 1 6411.44140625 0.0 6420.37890625 6401.0078125 6411.937890625 20
stats: {recvpackets,"os_mon@localhost"} 1 2263.0 0.0 8831 0 2114.0 19
stats: {sentpackets,"os_mon@localhost"} 1 1406.0 0.0 3761 119 1236.421052631579 19
stats: {cpu,"os_mon@localhost"} 1 5.979224727641246 0.0 6.37600806451613 2.5325977933801402 4.438908453591667 20
stats: {load,"os_mon@localhost"} 1 0.1484375 0.0 0.26953125 0.05078125 0.156640625 20
stats: session 14 43.311436244419646 4.625342699381 73213.18090820313 31.045166015625 4222.585120798384 1263
stats: users_count 14 1277
stats: finish_users_count 14 1277
stats: page 15 40.873681640625 4.510339625392933 31122.245849609375 28.593994140625 399.1380446928239 1262
stats: request 15 40.873681640625 4.510339625392933 31122.245849609375 28.593994140625 399.1380446928239 1262
stats: tr_register 15 41.388004557291666 4.478430677583287 73211.09008789063 29.091796875 4223.900947002526 1262
stats: connect 14 15.528773716517858 1.6074959075760136 31089.419921875 13.216064453125 371.63314981226495 1263
stats: 200 15 1277
stats: size_rcv 3553 303796
stats: newphase 1 5
stats: size_sent 1316 120038
stats: connected -1 0
stats: error_connect_etimedout 0 66
# stats: dump at 1402685300
stats: users 0 91
stats: {freemem,"os_mon@localhost"} 1 6411.67578125 0.0 6420.37890625 6401.0078125 6411.914248511905 21
stats: {recvpackets,"os_mon@localhost"} 1 2593.0 0.0 8831 0 2121.45 20
stats: {sentpackets,"os_mon@localhost"} 1 1239.0 0.0 3761 119 1244.9 20
stats: {cpu,"os_mon@localhost"} 1 5.607241639426704 0.0 6.37600806451613 2.5325977933801402 4.512256847594028 21
stats: {load,"os_mon@localhost"} 1 0.28125 0.0 0.28125 0.05078125 0.15625 21
stats: session 7 52.057163783482146 11.902118939841163 73213.18090820313 31.045166015625 4176.766928485342 1277
stats: users_count 7 1284
stats: finish_users_count 7 1284
stats: page 7 49.47813197544643 11.924784533219196 31122.245849609375 28.593994140625 394.9297710469484 1277
stats: request 7 49.47813197544643 11.924784533219196 31122.245849609375 28.593994140625 394.9297710469484 1277
stats: connect 7 20.394566127232142 8.551482156078615 31089.419921875 13.216064453125 367.7291081009568 1277
stats: tr_register 7 50.047119140625 11.893717538202123 73211.09008789063 29.091796875 4174.771977435824 1277
stats: 200 7 1284
stats: size_rcv 1644 305440
stats: newphase 0 5
stats: size_sent 658 120696
stats: connected 0 0
stats: error_connect_etimedout 0 66
# stats: dump at 1402685310
stats: users 0 91
stats: {freemem,"os_mon@localhost"} 1 6406.70703125 0.0 6420.37890625 6401.0078125 6411.903409090909 22
stats: {recvpackets,"os_mon@localhost"} 1 3819.0 0.0 8831 0 2143.904761904762 21
stats: {sentpackets,"os_mon@localhost"} 1 1845.0 0.0 3761 119 1244.6190476190477 21
stats: {cpu,"os_mon@localhost"} 1 6.531022356191911 0.0 6.531022356191911 2.5325977933801402 4.5620288835864224 22
stats: {load,"os_mon@localhost"} 1 0.23828125 0.0 0.28125 0.05078125 0.16193181818181818 22
stats: session 16 45.7227783203125 5.51722325829559 73213.18090820313 31.045166015625 4154.280193007995 1284
stats: users_count 16 1300
stats: finish_users_count 16 1300
stats: connect 16 14.672637939453125 0.8482863105112503 31089.419921875 13.216064453125 365.83553972571065 1284
stats: request 16 43.28790283203125 5.5008001378795255 31122.245849609375 28.593994140625 393.046467718677 1284
stats: tr_register 16 43.751434326171875 5.511312297319352 73211.09008789063 29.091796875 4152.285159672532 1284
stats: page 16 43.28790283203125 5.5008001378795255 31122.245849609375 28.593994140625 393.046467718677 1284
stats: 200 16 1300
stats: size_rcv 3821 309261
stats: newphase 0 5
stats: size_sent 1504 122200
stats: connected 0 0
stats: error_connect_etimedout 0 66
# stats: dump at 1402685320
stats: users 0 91
stats: {freemem,"os_mon@localhost"} 1 6392.45703125 0.0 6420.37890625 6392.45703125 6411.677479619565 23
stats: {recvpackets,"os_mon@localhost"} 1 3940.0 0.0 8831 0 2220.0454545454545 22
stats: {sentpackets,"os_mon@localhost"} 1 1914.0 0.0 3761 119 1271.909090909091 22
stats: {cpu,"os_mon@localhost"} 1 7.329974811083123 0.0 7.329974811083123 2.5325977933801402 4.647637295438835 23
stats: {load,"os_mon@localhost"} 1 0.19921875 0.0 0.28125 0.05078125 0.16525135869565216 23
stats: session 5 46.874462890625 12.168206608830872 73213.18090820313 31.045166015625 4103.713332519531 1300
stats: users_count 5 1305
stats: finish_users_count 5 1305
stats: request 5 44.306689453125 12.21183571019103 31122.245849609375 28.593994140625 388.7417469200721 1300
stats: 200 5 1305
stats: page 5 44.306689453125 12.21183571019103 31122.245849609375 28.593994140625 388.7417469200721 1300
stats: connect 5 15.056640625 1.0440482735599435 31089.419921875 13.216064453125 361.51353478064897 1300
stats: tr_register 5 44.830859375 12.16747135856554 73211.09008789063 29.091796875 4101.718590745192 1300
stats: size_rcv 1181 310442
stats: newphase 1 6
stats: size_sent 470 122670
stats: connected 0 0
stats: error_connect_etimedout 0 66
# stats: dump at 1402685330
stats: users 0 91
stats: {freemem,"os_mon@localhost"} 1 6394.12890625 0.0 6420.37890625 6392.45703125 6410.876627604167 24
stats: {recvpackets,"os_mon@localhost"} 1 3829.0 0.0 8831 0 2294.8260869565215 23
stats: {sentpackets,"os_mon@localhost"} 1 1838.0 0.0 3761 119 1299.8260869565217 23
stats: {cpu,"os_mon@localhost"} 1 4.672192916352675 0.0 7.329974811083123 2.5325977933801402 4.75940135859068 24
stats: {load,"os_mon@localhost"} 1 0.171875 0.0 0.28125 0.05078125 0.16666666666666666 24
stats: session 7 48.413295200892854 8.21442429354565 73213.18090820313 31.045166015625 4088.1698885745927 1305
stats: users_count 7 1312
stats: finish_users_count 7 1312
stats: request 7 45.9560546875 8.277491412160177 31122.245849609375 28.593994140625 387.4220723703903 1305
stats: connect 7 15.275948660714286 1.0498358957859764 31089.419921875 13.216064453125 360.1861137302442 1305
stats: page 7 45.9560546875 8.277491412160177 31122.245849609375 28.593994140625 387.4220723703903 1305
stats: tr_register 7 46.42919921875 8.238284278398275 73211.09008789063 29.091796875 4086.174959590517 1305
stats: 200 7 1312
stats: size_rcv 1673 312115
stats: newphase 0 6
stats: size_sent 658 123328
stats: connected 0 0
stats: error_connect_etimedout 0 66
# stats: dump at 1402685340
stats: users 0 91
stats: {freemem,"os_mon@localhost"} 1 6346.234375 0.0 6420.37890625 6346.234375 6410.20671875 25
stats: {recvpackets,"os_mon@localhost"} 1 4243.0 0.0 8831 0 2358.7499999999995 24
stats: {sentpackets,"os_mon@localhost"} 1 2162.0 0.0 3761 119 1322.25 24
stats: {cpu,"os_mon@localhost"} 1 10.503778337531486 0.0 10.503778337531486 2.5325977933801402 4.75591302090116 25
stats: {load,"os_mon@localhost"} 1 0.30859375 0.0 0.30859375 0.05078125 0.166875 25
stats: session 12 47.388671875 7.6967494707329465 73213.18090820313 31.045166015625 4066.616309189215 1312
stats: users_count 12 1324
stats: finish_users_count 12 1324
stats: request 12 44.91400146484375 7.80378480547781 31122.245849609375 28.593994140625 385.60022623946026 1312
stats: page 12 44.91400146484375 7.80378480547781 31122.245849609375 28.593994140625 385.60022623946026 1312
stats: connect 12 17.15081787109375 5.289898071630812 31089.419921875 13.216064453125 358.3458918129525 1312
stats: tr_register 12 45.373982747395836 7.730400848368889 73211.09008789063 29.091796875 4064.621438003168 1312
stats: 200 12 1324
stats: size_rcv 2853 314968
stats: newphase 0 6
stats: size_sent 1128 124456
stats: connected 0 0
stats: error_connect_etimedout 0 66
# stats: dump at 1402685350
stats: users 0 91
stats: {freemem,"os_mon@localhost"} 1 6240.4296875 0.0 6420.37890625 6240.4296875 6407.746243990385 26
stats: {recvpackets,"os_mon@localhost"} 1 4445.0 0.0 8831 0 2434.1199999999994 25
stats: {sentpackets,"os_mon@localhost"} 1 2242.0 0.0 3761 119 1355.84 25
stats: {cpu,"os_mon@localhost"} 1 18.734304369663484 0.0 18.734304369663484 2.5325977933801402 4.976984763848481 26
stats: {load,"os_mon@localhost"} 1 0.33984375 0.0 0.33984375 0.05078125 0.17232572115384615 26
stats: session 64 53.794010162353516 12.188977854121019 73213.18090820313 31.045166015625 4030.188264138029 1324
stats: users_count 64 1388
stats: finish_users_count 64 1388
stats: request 60 51.711201985677086 12.29704347882761 31122.245849609375 28.593994140625 382.51243568259065 1324
stats: page 60 51.711201985677086 12.29704347882761 31122.245849609375 28.593994140625 382.51243568259065 1324
stats: connect 61 18.616639184170083 8.471575725038385 31089.419921875 13.216064453125 355.25348933009576 1324
stats: 200 60 1384
stats: tr_register 60 52.13427734375 12.312982673511124 73211.09008789063 29.091796875 4028.193213333176 1324
stats: size_rcv 14269 329237
stats: newphase 1 7
stats: size_sent 5734 130190
stats: connected 1 1
stats: error_connect_etimedout 0 66
# stats: dump at 1402685360
stats: users 0 91
stats: {freemem,"os_mon@localhost"} 1 6187.14453125 0.0 6420.37890625 6187.14453125 6401.549334490741 27
stats: {recvpackets,"os_mon@localhost"} 1 4781.0 0.0 8831 0 2511.461538461538 26
stats: {sentpackets,"os_mon@localhost"} 1 2723.0 0.0 3761 119 1389.923076923077 26
stats: {cpu,"os_mon@localhost"} 1 16.733870967741936 0.0 18.734304369663484 2.5325977933801402 5.486515119619407 27
stats: {load,"os_mon@localhost"} 1 0.73046875 0.0 0.73046875 0.05078125 0.1785300925925926 27
stats: session 104 61.16551091120792 97.11838684166163 73213.18090820313 31.045166015625 3846.838673176614 1388
stats: users_count 104 1492
stats: finish_users_count 104 1492
stats: request 103 59.157785952669904 97.51565696860516 31122.245849609375 28.593994140625 368.17134173619263 1384
stats: page 103 59.157785952669904 97.51565696860516 31122.245849609375 28.593994140625 368.17134173619263 1384
stats: connect 102 19.523660098805152 25.027842857729127 31089.419921875 13.18896484375 340.42688437782033 1385
stats: tr_register 103 59.657129380309456 97.53502566213218 73211.09008789063 29.091796875 3855.820716108201 1384
stats: 200 103 1487
stats: size_rcv 24397 353634
stats: newphase 0 7
stats: size_sent 9588 139778
stats: connected -1 0
stats: error_connect_etimedout 0 66
# stats: dump at 1402685370
stats: users 2 91
stats: {freemem,"os_mon@localhost"} 1 6156.5859375 0.0 6420.37890625 6156.5859375 6393.892020089285 28
stats: {recvpackets,"os_mon@localhost"} 1 4791.0 0.0 8831 0 2595.5185185185187 27
stats: {sentpackets,"os_mon@localhost"} 1 2745.0 0.0 3761 119 1439.2962962962963 27
stats: {cpu,"os_mon@localhost"} 1 12.844957350727546 0.0 18.734304369663484 2.5325977933801402 5.888206399909497 28
stats: {load,"os_mon@localhost"} 1 0.859375 0.0 0.859375 0.05078125 0.1982421875 28
stats: session 84 42.945202055431544 4.111620583938872 73213.18090820313 31.045166015625 3582.9579701768807 1492
stats: users_count 86 1578
stats: finish_users_count 84 1576
stats: request 86 40.57055947946949 4.032264407765663 31122.245849609375 28.593994140625 346.76690579422706 1487
stats: page 86 40.57055947946949 4.032264407765663 31122.245849609375 28.593994140625 346.76690579422706 1487
stats: connect 86 14.78323719113372 1.4566665841718565 31089.419921875 13.18701171875 318.4146927998381 1487
stats: tr_register 86 40.995014989098834 4.007898118964334 73211.09008789063 29.091796875 3592.871926980445 1487
stats: 200 86 1573
stats: size_rcv 20430 374064
stats: newphase 0 7
stats: size_sent 8084 147862
stats: connected 0 0
stats: error_connect_etimedout 0 66
# stats: dump at 1402685380
stats: users 0 91
stats: {freemem,"os_mon@localhost"} 1 6118.3203125 0.0 6420.37890625 6118.3203125 6385.709051724138 29
stats: {recvpackets,"os_mon@localhost"} 1 4395.0 0.0 8831 0 2673.9285714285716 28
stats: {sentpackets,"os_mon@localhost"} 1 2468.0 0.0 3761 119 1485.9285714285713 28
stats: {cpu,"os_mon@localhost"} 1 13.77486779148829 0.0 18.734304369663484 2.5325977933801402 6.128094363730809 29
stats: {load,"os_mon@localhost"} 1 1.08984375 0.0 1.08984375 0.05078125 0.22103987068965517 29
stats: session 91 43.99689860920327 7.588783777839943 73213.18090820313 30.55615234375 3394.2770865968037 1576
stats: users_count 89 1667
stats: finish_users_count 91 1667
stats: request 90 41.61102430555555 7.519181176809601 31122.245849609375 28.095947265625 330.0263553917673 1573
stats: page 90 41.61102430555555 7.519181176809601 31122.245849609375 28.095947265625 330.0263553917673 1573
stats: connect 91 15.127540672218407 2.1953185916258406 31089.419921875 13.18701171875 301.81437164132024 1573
stats: tr_register 90 42.12588433159722 7.4774674355971955 73211.09008789063 28.7900390625 3398.681580870302 1573
stats: 200 90 1663
stats: size_rcv 21314 395378
stats: newphase 0 7
stats: size_sent 8554 156416
stats: connected 1 1
stats: error_connect_etimedout 0 66
# stats: dump at 1402685390
stats: users 0 91
stats: {freemem,"os_mon@localhost"} 1 6113.2265625 0.0 6420.37890625 6113.2265625 6376.79609375 30
stats: {recvpackets,"os_mon@localhost"} 1 5501.0 0.0 8831 0 2733.2758620689656 29
stats: {sentpackets,"os_mon@localhost"} 1 2971.0 0.0 3761 119 1519.7931034482758 29
stats: {cpu,"os_mon@localhost"} 1 8.926326376665829 0.0 18.734304369663484 2.5325977933801402 6.382986811322725 30
stats: {load,"os_mon@localhost"} 1 0.9296875 0.0 1.08984375 0.05078125 0.25 30
stats: session 97 43.80339128946519 5.813436526645752 73213.18090820313 30.55615234375 3211.3883660767847 1667
stats: users_count 97 1764
stats: finish_users_count 97 1764
stats: request 97 41.031672841494846 6.075176282838487 31122.245849609375 27.99609375 314.41758822534575 1663
stats: page 97 41.031672841494846 6.075176282838487 31122.245849609375 27.99609375 314.41758822534575 1663
stats: connect 96 15.620681762695313 2.6131738654228727 31089.419921875 13.18701171875 286.1361855726975 1664
stats: tr_register 97 41.530366563305414 6.028127787899099 73211.09008789063 28.580078125 3217.027935236818 1663
stats: 200 97 1760
stats: size_rcv 22880 418258
stats: newphase 0 7
stats: size_sent 9024 165440
stats: connected -1 0
stats: error_connect_etimedout 0 66
# stats: dump at 1402685400
stats: users 0 91
stats: {freemem,"os_mon@localhost"} 1 6109.53515625 0.0 6420.37890625 6109.53515625 6368.293850806452 31
stats: {recvpackets,"os_mon@localhost"} 1 6038.0 0.0 8831 0 2825.5333333333333 30
stats: {sentpackets,"os_mon@localhost"} 1 3360.0 0.0 3761 119 1568.1666666666667 30
stats: {cpu,"os_mon@localhost"} 1 7.8411661221412405 0.0 18.734304369663484 2.5325977933801402 6.465030023107987 31
stats: {load,"os_mon@localhost"} 1 0.859375 0.0 1.08984375 0.05078125 0.27192540322580644 31
stats: session 74 44.45692897487331 9.798959586244692 73213.18090820313 30.55615234375 3037.2071061253278 1764
stats: users_count 74 1838
stats: finish_users_count 74 1838
stats: request 77 42.035279905641225 9.62868194504713 31122.245849609375 27.99609375 299.35029629794036 1760
stats: page 77 42.035279905641225 9.62868194504713 31122.245849609375 27.99609375 299.35029629794036 1760
stats: connect 77 15.901462307224026 5.489046651754757 31089.419921875 13.18701171875 271.3807944557883 1760
stats: tr_register 77 42.53999150263799 9.601778819154893 73211.09008789063 28.580078125 3042.0147169633346 1760
stats: 200 77 1837
stats: size_rcv 18236 436494
stats: newphase 0 7
stats: size_sent 7238 172678
stats: connected 0 0
stats: error_connect_etimedout 0 66
# stats: dump at 1402685410
stats: users 0 91
stats: {freemem,"os_mon@localhost"} 1 6186.93359375 0.0 6420.37890625 6109.53515625 6360.2076416015625 32
stats: {recvpackets,"os_mon@localhost"} 1 6027.0 0.0 8831 0 2929.1612903225805 31
stats: {sentpackets,"os_mon@localhost"} 1 3263.0 0.0 3761 119 1625.967741935484 31
stats: {cpu,"os_mon@localhost"} 1 8.303975842979366 0.0 18.734304369663484 2.5325977933801402 6.508034276202776 32
stats: {load,"os_mon@localhost"} 1 0.73046875 0.0 1.08984375 0.05078125 0.290283203125 32
stats: session 18 49.561238606770836 7.413747440334942 73213.18090820313 30.55615234375 2916.71553207248 1838
stats: users_count 18 1856
stats: finish_users_count 18 1856
stats: request 19 46.76637027138158 7.300213690651367 31122.245849609375 27.99609375 288.56463692820324 1837
stats: page 19 46.76637027138158 7.300213690651367 31122.245849609375 27.99609375 288.56463692820324 1837
stats: connect 19 18.945145456414473 5.2220393778187955 31089.419921875 13.18701171875 260.672079934591 1837
stats: tr_register 19 47.282869037828945 7.296619468508984 73211.09008789063 28.580078125 2916.288231464982 1837
stats: 200 19 1856
stats: size_rcv 4524 441018
stats: newphase 1 8
stats: size_sent 1786 174464
stats: connected 0 0
stats: error_connect_etimedout 0 66
# stats: dump at 1402685420
stats: users 0 91
stats: {freemem,"os_mon@localhost"} 1 6196.17578125 0.0 6420.37890625 6109.53515625 6354.956912878788 33
stats: {recvpackets,"os_mon@localhost"} 1 5742.0 0.0 8831 0 3025.96875 32
stats: {sentpackets,"os_mon@localhost"} 1 2739.0 0.0 3761 119 1677.125 32
stats: {cpu,"os_mon@localhost"} 1 7.187578261958427 0.0 18.734304369663484 2.5325977933801402 6.562456747923278 33
stats: {load,"os_mon@localhost"} 1 0.69140625 0.0 1.08984375 0.05078125 0.3036221590909091 33
stats: session 9 44.4052734375 4.685175818233036 73213.18090820313 30.55615234375 2888.9090787953346 1856
stats: users_count 9 1865
stats: finish_users_count 9 1865
stats: request 9 41.87177191840278 4.675413462002821 31122.245849609375 27.99609375 286.08933139669483 1856
stats: page 9 41.87177191840278 4.675413462002821 31122.245849609375 27.99609375 286.08933139669483 1856
stats: connect 9 15.006212022569445 1.0161704993964251 31089.419921875 13.18701171875 258.19750463551486 1856
stats: tr_register 9 42.392578125 4.651031106820816 73211.09008789063 28.580078125 2886.9180257073763 1856
stats: 200 9 1865
stats: size_rcv 2135 443153
stats: newphase 0 8
stats: size_sent 846 175310
stats: connected 0 0
stats: error_connect_etimedout 0 66
# stats: dump at 1402685430
stats: users 0 91
stats: {freemem,"os_mon@localhost"} 1 6215.25 0.0 6420.37890625 6109.53515625 6350.286879595588 34
stats: {recvpackets,"os_mon@localhost"} 1 5804.0 0.0 8831 0 3108.2727272727275 33
stats: {sentpackets,"os_mon@localhost"} 1 2788.0 0.0 3761 119 1709.3030303030303 33
stats: {cpu,"os_mon@localhost"} 1 7.858942065491184 0.0 18.734304369663484 2.5325977933801402 6.580842674806665 34
stats: {load,"os_mon@localhost"} 1 0.671875 0.0 1.08984375 0.05078125 0.31502757352941174 34
stats: session 5 44.3671875 1.2833560939520932 73213.18090820313 30.55615234375 2875.1822507802026 1865
stats: users_count 5 1870
stats: finish_users_count 5 1870
stats: request 5 41.870166015625 1.2617364973113283 31122.245849609375 27.99609375 284.9108016190516 1865
stats: page 5 41.870166015625 1.2617364973113283 31122.245849609375 27.99609375 284.9108016190516 1865
stats: connect 5 14.8388671875 0.6267093743151056 31089.419921875 13.18701171875 257.023927352128 1865
stats: tr_register 5 42.372265625 1.2709290813376384 73211.09008789063 28.580078125 2873.191093252555 1865
stats: 200 5 1870
stats: size_rcv 1194 444347
stats: newphase 0 8
stats: size_sent 470 175780
stats: connected 0 0
stats: error_connect_etimedout 0 66
# stats: dump at 1402685440
stats: users 0 91
stats: {freemem,"os_mon@localhost"} 1 6215.015625 0.0 6420.37890625 6109.53515625 6346.428683035714 35
stats: {recvpackets,"os_mon@localhost"} 1 5689.0 0.0 8831 0 3187.5588235294117 34
stats: {sentpackets,"os_mon@localhost"} 1 2764.0 0.0 3761 119 1741.0294117647059 34
stats: {cpu,"os_mon@localhost"} 1 3.970846946468962 0.0 18.734304369663484 2.5325977933801402 6.617359800254794 35
stats: {load,"os_mon@localhost"} 1 0.7890625 0.0 1.08984375 0.05078125 0.32522321428571427 35
stats: session 10 42.566162109375 4.031288300561454 73213.18090820313 30.55615234375 2867.613226546833 1870
stats: users_count 10 1880
stats: finish_users_count 10 1880
stats: request 10 40.0783935546875 4.064148959171857 31122.245849609375 27.99609375 284.2609603473847 1870
stats: page 10 40.0783935546875 4.064148959171857 31122.245849609375 27.99609375 284.2609603473847 1870
stats: connect 10 14.570458984375 1.1799982846376915 31089.419921875 13.18701171875 256.3763737153242 1870
stats: tr_register 10 40.5732666015625 4.01516643006128 73211.09008789063 28.580078125 2865.622058954086 1870
stats: 200 10 1880
stats: size_rcv 2373 446720
stats: newphase 1 9
stats: size_sent 940 176720
stats: connected 0 0
stats: error_connect_etimedout 0 66
# stats: dump at 1402685450
stats: users 0 91
stats: {freemem,"os_mon@localhost"} 1 6211.00390625 0.0 6420.37890625 6109.53515625 6342.7783203125 36
stats: {recvpackets,"os_mon@localhost"} 1 5727.0 0.0 8831 0 3259.0285714285715 35
stats: {sentpackets,"os_mon@localhost"} 1 2773.0 0.0 3761 119 1770.2571428571428 35
stats: {cpu,"os_mon@localhost"} 1 5.050251256281407 0.0 18.734304369663484 2.5325977933801402 6.543845554316299 36
stats: {load,"os_mon@localhost"} 1 0.73828125 0.0 1.08984375 0.05078125 0.3381076388888889 36
stats: session 9 47.51104058159722 6.201665640732595 73213.18090820313 30.55615234375 2852.5863804594 1880
stats: users_count 9 1889
stats: finish_users_count 9 1889
stats: request 9 44.990478515625 6.23643066925137 31122.245849609375 27.99609375 282.962116906998 1880
stats: page 9 44.990478515625 6.23643066925137 31122.245849609375 27.99609375 282.962116906998 1880
stats: connect 9 16.48223198784722 3.4523357561090458 31089.419921875 13.18701171875 255.09017204122338 1880
stats: tr_register 9 45.51934136284722 6.200082768826254 73211.09008789063 28.580078125 2850.595203675615 1880
stats: 200 9 1889
stats: size_rcv 2134 448854
stats: newphase 0 9
stats: size_sent 846 177566
stats: connected 0 0
stats: error_connect_etimedout 0 66
# stats: dump at 1402685460
stats: users 0 91
stats: {freemem,"os_mon@localhost"} 1 6227.33203125 0.0 6420.37890625 6109.53515625 6339.2168496621625 37
stats: {recvpackets,"os_mon@localhost"} 1 5788.0 0.0 8831 0 3327.5833333333335 36
stats: {sentpackets,"os_mon@localhost"} 1 2752.0 0.0 3761 119 1798.111111111111 36
stats: {cpu,"os_mon@localhost"} 1 5.534591194968554 0.0 18.734304369663484 2.5325977933801402 6.503478140855896 37
stats: {load,"os_mon@localhost"} 1 0.62890625 0.0 1.08984375 0.05078125 0.3489231418918919 37
stats: session 12 42.977803548177086 2.7894560422426378 73213.18090820313 30.55615234375 2839.2218076383833 1889
stats: users_count 12 1901
stats: finish_users_count 12 1901
stats: request 12 40.478902180989586 2.8540573240570586 31122.245849609375 27.99609375 281.82831873573156 1889
stats: page 12 40.478902180989586 2.8540573240570586 31122.245849609375 27.99609375 281.82831873573156 1889
stats: connect 12 14.9697265625 0.6113635896870943 31089.419921875 13.18701171875 253.9533422580151 1889
stats: tr_register 12 40.980855305989586 2.7907192756430135 73211.09008789063 28.580078125 2837.230628365496 1889
stats: 200 12 1901
stats: size_rcv 2851 451705
stats: newphase 0 9
stats: size_sent 1128 178694
stats: connected 0 0
stats: error_connect_etimedout 0 66
# stats: dump at 1402685470
stats: users 0 91
stats: {freemem,"os_mon@localhost"} 1 6227.1328125 0.0 6420.37890625 6109.53515625 6336.272512335527 38
stats: {recvpackets,"os_mon@localhost"} 1 5739.0 0.0 8831 0 3394.0810810810813 37
stats: {sentpackets,"os_mon@localhost"} 1 2780.0 0.0 3761 119 1823.8918918918919 37
stats: {cpu,"os_mon@localhost"} 1 5.48565676899849 0.0 18.734304369663484 2.5325977933801402 6.477981115964124 38
stats: {load,"os_mon@localhost"} 1 0.6796875 0.0 1.08984375 0.05078125 0.35629111842105265 38
stats: session 82 42.96568037823933 4.312843502240637 73213.18090820313 30.55615234375 2821.5706092958885 1901
stats: users_count 82 1983
stats: finish_users_count 82 1983
stats: request 82 40.46629966177592 4.372824143174699 31122.245849609375 27.99609375 280.304808478679 1901
stats: page 82 40.46629966177592 4.372824143174699 31122.245849609375 27.99609375 280.304808478679 1901
stats: connect 82 15.129415372522866 1.7608572108583498 31089.419921875 13.18701171875 252.44476604110497 1901
stats: tr_register 82 40.97476419588414 4.30982063335247 73211.09008789063 28.580078125 2819.579393606572 1901
stats: 200 82 1983
stats: size_rcv 19410 471115
stats: newphase 1 10
stats: size_sent 7708 186402
stats: connected 0 0
stats: error_connect_etimedout 0 66
# stats: dump at 1402685480
stats: users 2 91
stats: {freemem,"os_mon@localhost"} 1 6230.53125 0.0 6420.37890625 6109.53515625 6333.47405849359 39
stats: {recvpackets,"os_mon@localhost"} 1 6283.0 0.0 8831 0 3455.7894736842104 38
stats: {sentpackets,"os_mon@localhost"} 1 3450.0 0.0 3761 119 1849.0526315789473 38
stats: {cpu,"os_mon@localhost"} 1 5.229914098029307 0.0 18.734304369663484 2.5325977933801402 6.452536901939364 39
stats: {load,"os_mon@localhost"} 1 0.578125 0.0 1.08984375 0.05078125 0.3645833333333333 39
stats: session 128 44.829797744750984 6.71907796905444 73213.18090820313 30.55615234375 2706.6711619074636 1983
stats: users_count 130 2113
stats: finish_users_count 128 2111
stats: request 127 42.35134335014765 6.802409125517775 31122.245849609375 27.99609375 270.3871293445458 1983
stats: page 127 42.35134335014765 6.802409125517775 31122.245849609375 27.99609375 270.3871293445458 1983
stats: connect 127 15.989221287524606 2.920854234945918 31089.419921875 13.18701171875 242.63142324996846 1983
stats: tr_register 127 42.87314876045767 6.750546150609883 73211.09008789063 28.580078125 2704.6799586032053 1983
stats: 200 127 2110
stats: size_rcv 29950 501065
stats: newphase 0 10
stats: size_sent 11938 198340
stats: connected 0 0
stats: error_connect_etimedout 0 66
# stats: dump at 1402685490
stats: users 0 91
stats: {freemem,"os_mon@localhost"} 1 6230.72265625 0.0 6420.37890625 6109.53515625 6330.90048828125 40
stats: {recvpackets,"os_mon@localhost"} 1 6158.0 0.0 8831 0 3528.2820512820513 39
stats: {sentpackets,"os_mon@localhost"} 1 3459.0 0.0 3761 119 1890.1025641025642 39
stats: {cpu,"os_mon@localhost"} 1 4.8811330298431965 0.0 18.734304369663484 2.5325977933801402 6.421971331841613 40
stats: {load,"os_mon@localhost"} 1 0.48828125 0.0 1.08984375 0.05078125 0.369921875 40
stats: session 102 44.764229568780635 7.997139729579667 73213.18090820313 30.55615234375 2545.271022346674 2111
stats: users_count 100 2213
stats: finish_users_count 102 2213
stats: request 101 42.40425336478961 7.941099238965256 31122.245849609375 27.99609375 256.661752651992 2110
stats: page 101 42.40425336478961 7.941099238965256 31122.245849609375 27.99609375 256.661752651992 2110
stats: connect 102 16.249411190257355 5.262639833877142 31089.419921875 13.14208984375 228.98992578587823 2110
stats: tr_register 101 42.89886535040225 7.914513885009486 73211.09008789063 28.580078125 2544.466942086604 2110
stats: 200 101 2211
stats: size_rcv 23904 524969
stats: newphase 0 10
stats: size_sent 9588 207928
stats: connected 1 1
stats: error_connect_etimedout 0 66
# stats: dump at 1402685500
stats: users 0 91
stats: {freemem,"os_mon@localhost"} 1 6218.8203125 0.0 6420.37890625 6109.53515625 6328.45712652439 41
stats: {recvpackets,"os_mon@localhost"} 1 6165.0 0.0 8831 0 3594.025 40
stats: {sentpackets,"os_mon@localhost"} 1 3335.0 0.0 3761 119 1929.325 40
stats: {cpu,"os_mon@localhost"} 1 5.955084531920263 0.0 18.734304369663484 2.5325977933801402 6.384389909841651 41
stats: {load,"os_mon@localhost"} 1 0.41015625 0.0 1.08984375 0.05078125 0.37280868902439024 41
stats: session 100 44.31856689453123 7.021084464185789 73213.18090820313 30.55615234375 2430.0194666018274 2213
stats: users_count 100 2313
stats: finish_users_count 100 2313
stats: request 99 41.414023042929294 6.94847368006143 31122.245849609375 27.99609375 246.8743227885784 2211
stats: page 99 41.414023042929294 6.94847368006143 31122.245849609375 27.99609375 246.8743227885784 2211
stats: connect 98 15.78303372130102 2.9270521086195624 31089.419921875 13.14208984375 219.18001055588124 2212
stats: tr_register 99 41.946577592329525 6.909561837863857 73211.09008789063 28.580078125 2430.1935925839553 2211
stats: 200 99 2310
stats: size_rcv 23308 548277
stats: newphase 0 10
stats: size_sent 9212 217140
stats: connected -1 0
stats: error_connect_etimedout 0 66
# stats: dump at 1402685510
stats: users 0 91
stats: {freemem,"os_mon@localhost"} 1 6218.359375 0.0 6420.37890625 6109.53515625 6325.846726190476 42
stats: {recvpackets,"os_mon@localhost"} 1 6140.0 0.0 8831 0 3656.731707317073 41
stats: {sentpackets,"os_mon@localhost"} 1 3415.0 0.0 3761 119 1963.6097560975609 41
stats: {cpu,"os_mon@localhost"} 1 6.471183013144591 0.0 18.734304369663484 2.5325977933801402 6.374168353224475 42
stats: {load,"os_mon@localhost"} 1 0.3515625 0.0 1.08984375 0.05078125 0.3736979166666667 42
stats: session 105 53.004022507440474 96.22649110239534 73213.18090820313 30.55615234375 2326.8763235102883 2313
stats: users_count 105 2418
stats: finish_users_count 105 2418
stats: request 106 50.60458661925118 95.74357285431935 31122.245849609375 27.99609375 238.06888137090775 2310
stats: page 106 50.60458661925118 95.74357285431935 31122.245849609375 27.99609375 238.06888137090775 2310
stats: connect 107 24.808290285484812 95.88188861014237 31089.419921875 13.12109375 210.551047902293 2310
stats: tr_register 106 51.134530697228776 95.77219438838173 73211.09008789063 28.580078125 2327.840149084314 2310
stats: 200 106 2416
stats: size_rcv 25060 573337
stats: newphase 0 10
stats: size_sent 10058 227198
stats: connected 1 1
stats: error_connect_etimedout 0 66
# stats: dump at 1402685520
stats: users 0 91
stats: {freemem,"os_mon@localhost"} 1 6229.97265625 0.0 6420.37890625 6109.53515625 6323.347020348837 43
stats: {recvpackets,"os_mon@localhost"} 1 6191.0 0.0 8831 0 3715.8571428571427 42
stats: {sentpackets,"os_mon@localhost"} 1 3327.0 0.0 3761 119 1998.1666666666667 42
stats: {cpu,"os_mon@localhost"} 1 6.2357990406463015 0.0 18.734304369663484 2.5325977933801402 6.3764245081063375 43
stats: {load,"os_mon@localhost"} 1 0.37109375 0.0 1.08984375 0.05078125 0.37318313953488375 43
stats: session 83 44.39872870387799 8.136185034657574 73213.18090820313 30.55615234375 2228.1349704890727 2418
stats: users_count 83 2501
stats: finish_users_count 83 2501
stats: request 85 41.93394129136028 8.088890401239732 31122.245849609375 27.99609375 229.84404062435328 2416
stats: page 85 41.93394129136028 8.088890401239732 31122.245849609375 27.99609375 229.84404062435328 2416
stats: connect 84 15.818100702194945 2.853889327058863 31089.419921875 13.12109375 202.32826136319557 2417
stats: tr_register 85 42.4591739430147 8.055510560609763 73211.09008789063 28.580078125 2227.951574767662 2416
stats: 200 85 2501
stats: size_rcv 20007 593344
stats: newphase 0 10
stats: size_sent 7896 235094
stats: connected -1 0
stats: error_connect_etimedout 0 66
# stats: dump at 1402685530
stats: users 0 91
stats: {freemem,"os_mon@localhost"} 1 6230.5 0.0 6420.37890625 6109.53515625 6321.224875710227 44
stats: {recvpackets,"os_mon@localhost"} 1 5897.0 0.0 8831 0 3773.4186046511627 43
stats: {sentpackets,"os_mon@localhost"} 1 3081.0 0.0 3761 119 2029.0697674418604 43
stats: {cpu,"os_mon@localhost"} 1 5.6370070778564205 0.0 18.734304369663484 2.5325977933801402 6.373228474754973 44
stats: {load,"os_mon@localhost"} 1 0.3203125 0.0 1.08984375 0.05078125 0.3731356534090909 44
stats: session 6 55.027180989583336 22.0670244238339 73213.18090820313 30.55615234375 2155.6639156837264 2501
stats: users_count 6 2507
stats: finish_users_count 6 2507
stats: request 6 52.558064778645836 22.09851529315401 31122.245849609375 27.99609375 223.45765180256024 2501
stats: page 6 52.558064778645836 22.09851529315401 31122.245849609375 27.99609375 223.45765180256024 2501
stats: connect 6 15.630167643229166 1.8482008752558663 31089.419921875 13.12109375 196.06402565926751 2501
stats: tr_register 6 53.1182861328125 22.034821661676755 73211.09008789063 28.580078125 2153.67454395195 2501
stats: 200 6 2507
stats: size_rcv 1419 594763
stats: newphase 1 11
stats: size_sent 564 235658
stats: connected 0 0
stats: error_connect_etimedout 0 66
# stats: dump at 1402685540
stats: users 0 91
stats: {freemem,"os_mon@localhost"} 1 6230.04296875 0.0 6420.37890625 6109.53515625 6319.208767361111 45
stats: {recvpackets,"os_mon@localhost"} 1 5693.0 0.0 8831 0 3821.681818181818 44
stats: {sentpackets,"os_mon@localhost"} 1 2695.0 0.0 3761 119 2052.9772727272725 44
stats: {cpu,"os_mon@localhost"} 1 5.291005291005291 0.0 18.734304369663484 2.5325977933801402 6.3568679992683395 45
stats: {load,"os_mon@localhost"} 1 0.4296875 0.0 1.08984375 0.05078125 0.3719618055555556 45
stats: session 6 45.0211181640625 1.6379990270484235 73213.18090820313 30.55615234375 2150.6364643840993 2507
stats: users_count 6 2513
stats: finish_users_count 6 2513
stats: request 6 42.5357666015625 1.6016846695490894 31122.245849609375 27.99609375 223.04863803225967 2507
stats: page 6 42.5357666015625 1.6016846695490894 31122.245849609375 27.99609375 223.04863803225967 2507
stats: connect 6 15.1513671875 0.965511898918984 31089.419921875 13.12109375 195.632193529991 2507
stats: tr_register 6 43.025838216145836 1.6216875171080574 73211.09008789063 28.580078125 2148.6472852575284 2507
stats: 200 6 2513
stats: size_rcv 1432 596195
stats: newphase 0 11
stats: size_sent 564 236222
stats: connected 0 0
stats: error_connect_etimedout 0 66
# stats: dump at 1402685550
stats: users 0 91
stats: {freemem,"os_mon@localhost"} 1 6229.10546875 0.0 6420.37890625 6109.53515625 6317.270380434783 46
stats: {recvpackets,"os_mon@localhost"} 1 5860.0 0.0 8831 0 3863.266666666667 45
stats: {sentpackets,"os_mon@localhost"} 1 2787.0 0.0 3761 119 2067.244444444444 45
stats: {cpu,"os_mon@localhost"} 1 4.796768492804848 0.0 18.734304369663484 2.5325977933801402 6.333697070827839 46
stats: {load,"os_mon@localhost"} 1 0.44140625 0.0 1.08984375 0.05078125 0.37321671195652173 46
stats: session 8 39.6422119140625 5.5503781123278335 73213.18090820313 30.55615234375 2145.609129693562 2513
stats: users_count 8 2521
stats: finish_users_count 8 2521
stats: request 8 37.07470703125 5.644744550905234 31122.245849609375 27.99609375 222.61764828749875 2513
stats: page 8 37.07470703125 5.644744550905234 31122.245849609375 27.99609375 222.61764828749875 2513
stats: connect 8 14.762725830078125 0.6158787751024531 31089.419921875 13.12109375 195.20128029558794 2513
stats: tr_register 8 37.656341552734375 5.560350921706797 73211.09008789063 28.580078125 2143.6199360007645 2513
stats: 200 8 2521
stats: size_rcv 1856 598051
stats: newphase 0 11
stats: size_sent 752 236974
stats: connected 0 0
stats: error_connect_etimedout 0 66
# stats: dump at 1402685560
stats: users 0 91
stats: {freemem,"os_mon@localhost"} 1 6217.72265625 0.0 6420.37890625 6109.53515625 6315.39453125 47
stats: {recvpackets,"os_mon@localhost"} 1 5718.0 0.0 8831 0 3906.6739130434785 46
stats: {sentpackets,"os_mon@localhost"} 1 2788.0 0.0 3761 119 2082.8913043478256 46
stats: {cpu,"os_mon@localhost"} 1 6.471183013144591 0.0 18.734304369663484 2.5325977933801402 6.300996462784797 47
stats: {load,"os_mon@localhost"} 1 0.37109375 0.0 1.08984375 0.05078125 0.37466755319148937 47
stats: session 11 42.15897993607955 8.341396580350983 73213.18090820313 30.55615234375 2138.9261723979507 2521
stats: users_count 11 2532
stats: finish_users_count 11 2532
stats: request 11 39.63616388494318 8.422982004050903 31122.245849609375 27.99609375 222.02885672460704 2521
stats: page 11 39.63616388494318 8.422982004050903 31122.245849609375 27.99609375 222.02885672460704 2521
stats: connect 11 16.03125 2.965432287174859 31089.419921875 13.12109375 194.62868670743876 2521
stats: tr_register 11 40.18889825994318 8.346007105194671 73211.09008789063 28.580078125 2136.936989251227 2521
stats: 200 11 2532
stats: size_rcv 2558 600609
stats: newphase 1 12
stats: size_sent 1034 238008
stats: connected 0 0
stats: error_connect_etimedout 0 66
# stats: dump at 1402685570
stats: users 0 91
stats: {freemem,"os_mon@localhost"} 1 6217.70703125 0.0 6420.37890625 6109.53515625 6313.359700520833 48
stats: {recvpackets,"os_mon@localhost"} 1 5822.0 0.0 8831 0 3945.2127659574467 47
stats: {sentpackets,"os_mon@localhost"} 1 2845.0 0.0 3761 119 2097.893617021276 47
stats: {cpu,"os_mon@localhost"} 1 5.263157894736842 0.0 18.734304369663484 2.5325977933801402 6.304542015917292 48
stats: {load,"os_mon@localhost"} 1 0.3203125 0.0 1.08984375 0.05078125 0.3745930989583333 48
stats: session 11 42.85653409090909 4.690086179917631 73213.18090820313 30.55615234375 2129.816994231647 2532
stats: users_count 11 2543
stats: finish_users_count 11 2543
stats: request 11 40.44373668323863 4.739318418930323 31122.245849609375 27.99609375 221.23647140816303 2532
stats: page 11 40.44373668323863 4.739318418930323 31122.245849609375 27.99609375 221.23647140816303 2532
stats: connect 11 14.926114169034092 0.7219371190396503 31089.419921875 13.12109375 193.8527894705581 2532
stats: tr_register 11 40.90778142755682 4.661959705583198 73211.09008789063 28.580078125 2127.8278940691953 2532
stats: 200 11 2543
stats: size_rcv 2600 603209
stats: newphase 0 12
stats: size_sent 1034 239042
stats: connected 0 0
stats: error_connect_etimedout 0 66
# stats: dump at 1402685580
stats: users 0 91
stats: {freemem,"os_mon@localhost"} 1 6226.16796875 0.0 6420.37890625 6109.53515625 6311.407605229592 49
stats: {recvpackets,"os_mon@localhost"} 1 5818.0 0.0 8831 0 3984.3125 48
stats: {sentpackets,"os_mon@localhost"} 1 2878.0 0.0 3761 119 2113.4583333333326 48
stats: {cpu,"os_mon@localhost"} 1 7.803030303030304 0.0 18.734304369663484 2.5325977933801402 6.283289278750344 49
stats: {load,"os_mon@localhost"} 1 0.26953125 0.0 1.08984375 0.05078125 0.3734853316326531 49
stats: session 12 45.02886962890625 6.936404741827268 73213.18090820313 30.55615234375 2120.789638721797 2543
stats: users_count 12 2555
stats: finish_users_count 12 2555
stats: request 12 42.53784179687501 6.95366009428438 31122.245849609375 27.99609375 220.4544344117123 2543
stats: page 12 42.53784179687501 6.95366009428438 31122.245849609375 27.99609375 220.4544344117123 2543
stats: connect 12 15.252461751302084 2.2552351743519234 31089.419921875 13.12109375 193.07882430016218 2543
stats: tr_register 12 43.052775065104164 6.906654562423453 73211.09008789063 28.580078125 2118.800713086475 2543
stats: 200 12 2555
stats: size_rcv 2822 606031
stats: newphase 0 12
stats: size_sent 1128 240170
stats: connected 0 0
stats: error_connect_etimedout 0 66
# stats: dump at 1402685590
stats: users 0 91
stats: {freemem,"os_mon@localhost"} 1 6207.859375 0.0 6420.37890625 6109.53515625 6309.7028125 50
stats: {recvpackets,"os_mon@localhost"} 1 5835.0 0.0 8831 0 4021.734693877551 49
stats: {sentpackets,"os_mon@localhost"} 1 2927.0 0.0 3761 119 2129.061224489795 49
stats: {cpu,"os_mon@localhost"} 1 5.788675429726997 0.0 18.734304369663484 2.5325977933801402 6.313684099235943 50
stats: {load,"os_mon@localhost"} 1 0.23046875 0.0 1.08984375 0.05078125 0.37140625 50
stats: session 76 47.53643477590459 13.182823756993537 73213.18090820313 30.55615234375 2111.0404687691102 2555
stats: users_count 76 2631
stats: finish_users_count 76 2631
stats: request 72 45.36020914713541 13.44357365442937 31122.245849609375 27.99609375 219.61881832115338 2555
stats: page 72 45.36020914713541 13.44357365442937 31122.245849609375 27.99609375 219.61881832115338 2555
stats: connect 72 16.70536295572917 3.3630235548413587 31089.419921875 13.052978515625 192.24363199073505 2555
stats: tr_register 72 45.88637288411459 13.424874638187678 73211.09008789063 28.580078125 2109.0516033971376 2555
stats: 200 72 2627
stats: size_rcv 16943 622974
stats: newphase 1 13
stats: size_sent 6768 246938
stats: connected 0 0
stats: error_connect_etimedout 0 66
# stats: dump at 1402685600
stats: users 0 91
stats: {freemem,"os_mon@localhost"} 1 6189.95703125 0.0 6420.37890625 6109.53515625 6307.705882352941 51
stats: {recvpackets,"os_mon@localhost"} 1 6127.0 0.0 8831 0 4058.0 50
stats: {sentpackets,"os_mon@localhost"} 1 3369.0 0.0 3761 119 2145.0199999999995 50
stats: {cpu,"os_mon@localhost"} 1 9.164149043303121 0.0 18.734304369663484 2.5325977933801402 6.303389811598513 51
stats: {load,"os_mon@localhost"} 1 0.19140625 0.0 1.08984375 0.05078125 0.36864276960784315 51
stats: session 116 45.46174779431572 6.386032481521995 73213.18090820313 30.55615234375 2051.433358703172 2631
stats: users_count 116 2747
stats: finish_users_count 116 2747
stats: request 114 42.70324707031249 6.476916468872293 31122.245849609375 27.99609375 214.84279248920464 2627
stats: page 114 42.70324707031249 6.476916468872293 31122.245849609375 27.99609375 214.84279248920464 2627
stats: connect 114 15.865570603755476 3.0705241733029616 31089.419921875 13.052978515625 187.43253363880493 2627
stats: tr_register 114 43.22908100328946 6.409747449338088 73211.09008789063 28.580078125 2052.5050116206103 2627
stats: 200 114 2741
stats: size_rcv 26846 649820
stats: newphase 0 13
stats: size_sent 10716 257654
stats: connected 0 0
stats: error_connect_etimedout 0 66
# stats: dump at 1402685610
stats: users 0 91
stats: {freemem,"os_mon@localhost"} 1 6218.0625 0.0 6420.37890625 6109.53515625 6305.441481370192 52
stats: {recvpackets,"os_mon@localhost"} 1 6316.0 0.0 8831 0 4098.568627450981 51
stats: {sentpackets,"os_mon@localhost"} 1 3534.0 0.0 3761 119 2169.019607843137 51
stats: {cpu,"os_mon@localhost"} 1 6.257917405624525 0.0 18.734304369663484 2.5325977933801402 6.358404412208216 52
stats: {load,"os_mon@localhost"} 1 0.30859375 0.0 1.08984375 0.05078125 0.365234375 52
stats: session 108 44.06922743055556 6.317706729316467 73213.18090820313 30.55615234375 1966.7254202738209 2747
stats: users_count 108 2855
stats: finish_users_count 108 2855
stats: request 111 41.74494342975786 6.455157384566109 31122.245849609375 27.99609375 207.68339512409932 2741
stats: page 111 41.74494342975786 6.455157384566109 31122.245849609375 27.99609375 207.68339512409932 2741
stats: connect 112 15.150822230747767 1.9778027420877988 31089.419921875 13.052978515625 180.29695035314435 2741
stats: tr_register 111 42.256270674971844 6.4039045248423 73211.09008789063 28.580078125 1968.9378988550593 2741
stats: 200 111 2852
stats: size_rcv 26212 676032
stats: newphase 0 13
stats: size_sent 10528 268182
stats: connected 1 1
stats: error_connect_etimedout 0 66
# stats: dump at 1402685620
stats: users 0 91
stats: {freemem,"os_mon@localhost"} 1 6203.74609375 0.0 6420.37890625 6109.53515625 6303.792821344339 53
stats: {recvpackets,"os_mon@localhost"} 1 6126.0 0.0 8831 0 4141.211538461539 52
stats: {sentpackets,"os_mon@localhost"} 1 3396.0 0.0 3761 119 2195.26923076923 52
stats: {cpu,"os_mon@localhost"} 1 8.554125662376986 0.0 18.734304369663484 2.5325977933801402 6.35650843095192 53
stats: {load,"os_mon@localhost"} 1 0.26171875 0.0 1.08984375 0.05078125 0.3641656839622642 53
stats: session 102 42.70661956188727 4.8447554371780805 73213.18090820313 30.55615234375 1893.9944679701175 2855
stats: users_count 102 2957
stats: finish_users_count 102 2957
stats: request 99 40.21039249921088 4.840968193890065 31122.245849609375 27.99609375 201.2250612748455 2852
stats: page 99 40.21039249921088 4.840968193890065 31122.245849609375 27.99609375 201.2250612748455 2852
stats: connect 99 14.865461253156566 1.3078224416501225 31089.419921875 13.052978515625 173.81382159404572 2853
stats: tr_register 99 40.72715188999368 4.777872002790307 73211.09008789063 28.580078125 1893.9513417975595 2852
stats: 200 99 2951
stats: size_rcv 23351 699383
stats: newphase 0 13
stats: size_sent 9306 277488
stats: connected 0 1
stats: error_connect_etimedout 0 66
# stats: dump at 1402685630
stats: users 1 91
stats: {freemem,"os_mon@localhost"} 1 6220.359375 0.0 6420.37890625 6109.53515625 6301.940104166667 54
stats: {recvpackets,"os_mon@localhost"} 1 6025.0 0.0 8831 0 4178.660377358491 53
stats: {sentpackets,"os_mon@localhost"} 1 3305.0 0.0 3761 119 2217.924528301886 53
stats: {cpu,"os_mon@localhost"} 1 3.938399394092401 0.0 18.734304369663484 2.5325977933801402 6.397205046348681 54
stats: {load,"os_mon@localhost"} 1 0.21875 0.0 1.08984375 0.05078125 0.36226851851851855 54
stats: session 96 42.38835144042968 5.467834867283761 73213.18090820313 30.55615234375 1830.1353673486635 2957
stats: users_count 97 3054
stats: finish_users_count 96 3053
stats: request 99 39.92937924163512 5.615507016266408 31122.245849609375 27.99609375 195.8233492420472 2951
stats: page 99 39.92937924163512 5.615507016266408 31122.245849609375 27.99609375 195.8233492420472 2951
stats: connect 99 14.924511225536616 1.4492475107932825 31089.419921875 13.052978515625 168.48323633871104 2952
stats: tr_register 99 40.44097962042297 5.529037197580961 73211.09008789063 28.580078125 1831.7794696183494 2951
stats: 200 99 3050
stats: size_rcv 23294 722677
stats: newphase 0 13
stats: size_sent 9306 286794
stats: connected 0 1
stats: error_connect_etimedout 0 66
# stats: dump at 1402685640
stats: users 0 91
stats: {freemem,"os_mon@localhost"} 1 6225.75390625 0.0 6420.37890625 6109.53515625 6300.456818181819 55
stats: {recvpackets,"os_mon@localhost"} 1 6170.0 0.0 8831 0 4212.851851851852 54
stats: {sentpackets,"os_mon@localhost"} 1 3306.0 0.0 3761 119 2238.0555555555547 54
stats: {cpu,"os_mon@localhost"} 1 4.861990377310712 0.0 18.734304369663484 2.5325977933801402 6.352499489034931 55
stats: {load,"os_mon@localhost"} 1 0.19140625 0.0 1.08984375 0.05078125 0.35965909090909093 55
stats: session 97 42.26729623067009 5.923878371294011 73213.18090820313 30.55615234375 1773.9205905628166 3053
stats: users_count 96 3150
stats: finish_users_count 97 3150
stats: request 99 39.875503077651516 5.834628615388498 31122.245849609375 27.99609375 190.76318431416496 3050
stats: page 99 39.875503077651516 5.834628615388498 31122.245849609375 27.99609375 190.76318431416496 3050
stats: connect 98 14.929179288903061 1.730840531426691 31089.419921875 13.052978515625 163.5005048453632 3051
stats: tr_register 99 40.384193497474755 5.776371881067746 73211.09008789063 28.580078125 1773.634384205302 3050
stats: 200 99 3149
stats: size_rcv 23277 745954
stats: newphase 0 13
stats: size_sent 9212 296006
stats: connected -1 0
stats: error_connect_etimedout 0 66
# stats: dump at 1402685650
stats: users 0 91
stats: {freemem,"os_mon@localhost"} 1 6190.8125 0.0 6420.37890625 6109.53515625 6299.122837611607 56
stats: {recvpackets,"os_mon@localhost"} 1 6005.0 0.0 8831 0 4248.436363636364 55
stats: {sentpackets,"os_mon@localhost"} 1 3164.0 0.0 3761 119 2257.4727272727264 55
stats: {cpu,"os_mon@localhost"} 1 8.77370417193426 0.0 18.734304369663484 2.5325977933801402 6.325883254896998 56
stats: {load,"os_mon@localhost"} 1 0.23046875 0.0 1.08984375 0.05078125 0.35665457589285715 56
stats: session 18 44.604451497395836 9.019598439985469 73213.18090820313 30.55615234375 1720.5966637214776 3150
stats: users_count 18 3168
stats: finish_users_count 18 3168
stats: request 19 41.53511770148026 9.233032052903178 31122.245849609375 27.99609375 186.0194941133346 3149
stats: page 19 41.53511770148026 9.233032052903178 31122.245849609375 27.99609375 186.0194941133346 3149
stats: connect 19 15.072715357730264 1.2621938269165216 31089.419921875 13.052978515625 158.87681799095446 3149
stats: tr_register 19 42.02003238075658 9.18125025023356 73211.09008789063 28.580078125 1719.1435080922265 3149
stats: 200 19 3168
stats: size_rcv 4467 750421
stats: newphase 1 14
stats: size_sent 1786 297792
stats: connected 0 0
stats: error_connect_etimedout 0 66
# stats: dump at 1402685660
stats: users 0 91
stats: {freemem,"os_mon@localhost"} 1 6227.46875 0.0 6420.37890625 6109.53515625 6297.22265625 57
stats: {recvpackets,"os_mon@localhost"} 1 5858.0 0.0 8831 0 4279.803571428572 56
stats: {sentpackets,"os_mon@localhost"} 1 2.9e3 0.0 3761 119 2273.6607142857133 56
stats: {cpu,"os_mon@localhost"} 1 5.741626794258373 0.0 18.734304369663484 2.5325977933801402 6.368827481511686 57
stats: {load,"os_mon@localhost"} 1 0.19921875 0.0 1.08984375 0.05078125 0.35444078947368424 57
stats: session 10 42.51455078125 5.97378865635991 73213.18090820313 30.55615234375 1711.073980697477 3168
stats: users_count 10 3178
stats: finish_users_count 10 3178
stats: request 10 40.004443359375 6.101959151930543 31122.245849609375 27.99609375 185.15295271439985 3168
stats: page 10 40.004443359375 6.101959151930543 31122.245849609375 27.99609375 185.15295271439985 3168
stats: connect 10 16.24208984375 2.3561430494487463 31089.419921875 13.052978515625 158.01435651682843 3168
stats: tr_register 10 40.5341064453125 5.990648800768308 73211.09008789063 28.580078125 1709.0850023982498 3168
stats: 200 10 3178
stats: size_rcv 2334 752755
stats: newphase 0 14
stats: size_sent 940 298732
stats: connected 0 0
stats: error_connect_etimedout 0 66
# stats: dump at 1402685670
stats: users 0 91
stats: {freemem,"os_mon@localhost"} 1 6230.1484375 0.0 6420.37890625 6109.53515625 6296.020002693966 58
stats: {recvpackets,"os_mon@localhost"} 1 5711.0 0.0 8831 0 4307.491228070176 57
stats: {sentpackets,"os_mon@localhost"} 1 2709.0 0.0 3761 119 2284.6491228070167 57
stats: {cpu,"os_mon@localhost"} 1 3.161355589276682 0.0 18.734304369663484 2.5325977933801402 6.358013676559042 58
stats: {load,"os_mon@localhost"} 1 0.23828125 0.0 1.08984375 0.05078125 0.3517645474137931 58
stats: session 7 46.90541294642857 7.404391872363855 73213.18090820313 30.55615234375 1705.8236363616802 3178
stats: users_count 7 3185
stats: finish_users_count 7 3185
stats: request 6 45.019978841145836 7.834583046769658 31122.245849609375 27.99609375 184.69622361007316 3178
stats: page 6 45.019978841145836 7.834583046769658 31122.245849609375 27.99609375 184.69622361007316 3178
stats: connect 7 16.238943917410715 4.895330671002632 31089.419921875 13.052978515625 157.56825120948707 3178
stats: tr_register 6 45.525675455729164 7.824130687597888 73211.09008789063 28.580078125 1703.8346849157044 3178
stats: 200 6 3184
stats: size_rcv 1417 754172
stats: newphase 0 14
stats: size_sent 658 299390
stats: connected 1 1
stats: error_connect_etimedout 0 66
# stats: dump at 1402685680
stats: users 0 91
stats: {freemem,"os_mon@localhost"} 1 6229.140625 0.0 6420.37890625 6109.53515625 6294.9035354872885 59
stats: {recvpackets,"os_mon@localhost"} 1 5807.0 0.0 8831 0 4331.689655172414 58
stats: {sentpackets,"os_mon@localhost"} 1 2772.0 0.0 3761 119 2291.965517241378 58
stats: {cpu,"os_mon@localhost"} 1 3.7009063444108756 0.0 18.734304369663484 2.5325977933801402 6.303833031011884 59
stats: {load,"os_mon@localhost"} 1 0.19921875 0.0 1.08984375 0.05078125 0.3498411016949153 59
stats: session 5 46.71279296875 3.9998448300066793 73213.18090820313 30.55615234375 1702.1776622442842 3185
stats: users_count 5 3190
stats: finish_users_count 5 3190
stats: request 5 44.505615234375 3.6249637897919134 31122.245849609375 27.99609375 184.4330146061116 3184
stats: page 5 44.505615234375 3.6249637897919134 31122.245849609375 27.99609375 184.4330146061116 3184
stats: connect 4 14.74395751953125 0.25112159041743193 31089.419921875 13.052978515625 157.25763734730668 3185
stats: tr_register 5 44.996826171875 3.696924692627713 73211.09008789063 28.580078125 1700.7097307521492 3184
stats: 200 5 3189
stats: size_rcv 1181 755353
stats: newphase 1 15
stats: size_sent 376 299766
stats: connected -1 0
stats: error_connect_etimedout 0 66
# stats: dump at 1402685690
stats: users 0 91
stats: {freemem,"os_mon@localhost"} 1 6226.92578125 0.0 6420.37890625 6109.53515625 6293.807486979166 60
stats: {recvpackets,"os_mon@localhost"} 1 5569.0 0.0 8831 0 4356.6949152542375 59
stats: {sentpackets,"os_mon@localhost"} 1 2711.0 0.0 3761 119 2300.101694915253 59
stats: {cpu,"os_mon@localhost"} 1 3.4465408805031448 0.0 18.734304369663484 2.5325977933801402 6.260450919568535 60
stats: {load,"os_mon@localhost"} 1 0.171875 0.0 1.08984375 0.05078125 0.3473307291666667 60
stats: session 16 49.55149841308594 11.787251276607602 73213.18090820313 30.55615234375 1699.5828897219087 3190
stats: users_count 16 3206
stats: finish_users_count 16 3206
stats: request 17 46.59152401194853 11.627816520746522 31122.245849609375 27.99609375 184.2136238890032 3189
stats: page 17 46.59152401194853 11.627816520746522 31122.245849609375 27.99609375 184.2136238890032 3189
stats: connect 17 21.541575712316178 8.76813869737579 31089.419921875 13.052978515625 157.07888077179365 3189
stats: tr_register 17 47.1201602711397 11.577294759904639 73211.09008789063 28.580078125 1698.1137556744127 3189
stats: 200 17 3206
stats: size_rcv 3964 759317
stats: newphase 0 15
stats: size_sent 1598 301364
stats: connected 0 0
stats: error_connect_etimedout 0 66
# stats: dump at 1402685700
stats: users 0 91
stats: {freemem,"os_mon@localhost"} 1 6221.375 0.0 6420.37890625 6109.53515625 6292.711065573771 61
stats: {recvpackets,"os_mon@localhost"} 1 5917.0 0.0 8831 0 4376.9 60
stats: {sentpackets,"os_mon@localhost"} 1 2916.0 0.0 3761 119 2306.949999999999 60
stats: {cpu,"os_mon@localhost"} 1 4.18452230904966 0.0 18.734304369663484 2.5325977933801402 6.214321246796971 61
stats: {load,"os_mon@localhost"} 1 0.23046875 0.0 1.08984375 0.05078125 0.3444544057377049 61
stats: session 9 53.89756944444444 22.02066319612875 73213.18090820313 30.55615234375 1691.3481728594816 3206
stats: users_count 9 3215
stats: finish_users_count 9 3215
stats: request 9 51.417154947916664 22.043094712540682 31122.245849609375 27.99609375 183.48387476301758 3206
stats: page 9 51.417154947916664 22.043094712540682 31122.245849609375 27.99609375 183.48387476301758 3206
stats: connect 9 16.76654730902778 4.273010489485652 31089.419921875 13.052978515625 156.36018639062985 3206
stats: tr_register 9 51.91010199652778 22.02816890240633 73211.09008789063 28.580078125 1689.3592668653498 3206
stats: 200 9 3215
stats: size_rcv 2135 761452
stats: newphase 0 15
stats: size_sent 846 302210
stats: connected 0 0
stats: error_connect_etimedout 0 66
# stats: dump at 1402685710
stats: users 0 91
stats: {freemem,"os_mon@localhost"} 1 6226.83984375 0.0 6420.37890625 6109.53515625 6291.560483870968 62
stats: {recvpackets,"os_mon@localhost"} 1 5680.0 0.0 8831 0 4402.147540983607 61
stats: {sentpackets,"os_mon@localhost"} 1 2729.0 0.0 3761 119 2316.934426229507 61
stats: {cpu,"os_mon@localhost"} 1 3.720462543991956 0.0 18.734304369663484 2.5325977933801402 6.1815825542526595 62
stats: {load,"os_mon@localhost"} 1 0.19140625 0.0 1.08984375 0.05078125 0.3426159274193548 62
stats: session 85 46.702668313419096 26.807926638934973 73213.18090820313 30.55615234375 1686.7643298017101 3215
stats: users_count 85 3300
stats: finish_users_count 85 3300
stats: request 79 44.65061931368671 27.715671382613703 31122.245849609375 27.99609375 183.11417010412617 3215
stats: page 79 44.65061931368671 27.715671382613703 31122.245849609375 27.99609375 183.11417010412617 3215
stats: connect 80 15.609075927734375 2.8020612273760888 31089.419921875 13.052978515625 155.96941104016813 3215
stats: tr_register 79 45.18707043611551 27.710633241769262 73211.09008789063 28.580078125 1684.7754278346129 3215
stats: 200 79 3294
stats: size_rcv 18547 779999
stats: newphase 1 16
stats: size_sent 7520 309730
stats: connected 1 1
stats: error_connect_etimedout 0 66
# stats: dump at 1402685720
stats: users 1 91
stats: {freemem,"os_mon@localhost"} 1 6227.40234375 0.0 6420.37890625 6109.53515625 6290.533172123016 63
stats: {recvpackets,"os_mon@localhost"} 1 6037.0 0.0 8831 0 4422.758064516129 62
stats: {sentpackets,"os_mon@localhost"} 1 3.3e3 0.0 3761 119 2323.5806451612893 62
stats: {cpu,"os_mon@localhost"} 1 4.769076305220884 0.0 18.734304369663484 2.5325977933801402 6.142517157264395 63
stats: {load,"os_mon@localhost"} 1 0.16015625 0.0 1.08984375 0.05078125 0.34021577380952384 63
stats: session 80 43.13645324707032 5.324615057554515 73213.18090820313 30.55615234375 1644.5203173088298 3300
stats: users_count 81 3381
stats: finish_users_count 80 3380
stats: request 85 40.45814568014707 5.486039360060705 31122.245849609375 27.99609375 179.7933988495892 3294
stats: page 85 40.45814568014707 5.486039360060705 31122.245849609375 27.99609375 179.7933988495892 3294
stats: connect 84 15.129900251116071 1.589626931596436 31089.419921875 13.052978515625 152.56157285837915 3295
stats: tr_register 85 40.97536477481618 5.415968687326048 73211.09008789063 28.580078125 1645.4531812546245 3294
stats: 200 85 3379
stats: size_rcv 20048 800047
stats: newphase 0 16
stats: size_sent 7896 317626
stats: connected -1 0
stats: error_connect_etimedout 0 66
# stats: dump at 1402685730
stats: users 1 91
stats: {freemem,"os_mon@localhost"} 1 6224.35546875 0.0 6420.37890625 6109.53515625 6289.5467529296875 64
stats: {recvpackets,"os_mon@localhost"} 1 6198.0 0.0 8831 0 4448.380952380952 63
stats: {sentpackets,"os_mon@localhost"} 1 3380.0 0.0 3761 119 2339.0793650793644 63
stats: {cpu,"os_mon@localhost"} 1 4.192978024753725 0.0 18.734304369663484 2.5325977933801402 6.121057143951215 64
stats: {load,"os_mon@localhost"} 1 0.140625 0.0 1.08984375 0.05078125 0.33740234375 64
stats: session 110 45.02620516690341 23.46014145497373 73213.18090820313 30.55615234375 1606.6177406446463 3380
stats: users_count 110 3491
stats: finish_users_count 110 3490
stats: request 108 42.57043230975119 23.655365625992072 31122.245849609375 27.99609375 176.28836880537418 3379
stats: page 108 42.57043230975119 23.655365625992072 31122.245849609375 27.99609375 176.28836880537418 3379
stats: connect 110 15.4491455078125 2.5079241774051306 31089.419921875 13.04296875 149.1451003816079 3379
stats: tr_register 108 43.09205457899306 23.642504736309128 73211.09008789063 28.580078125 1605.0919458593053 3379
stats: 200 108 3487
stats: size_rcv 25344 825391
stats: newphase 0 16
stats: size_sent 10340 327966
stats: connected 2 2
stats: error_connect_etimedout 0 66
# stats: dump at 1402685740
stats: users 0 91
stats: {freemem,"os_mon@localhost"} 1 6219.98046875 0.0 6420.37890625 6109.53515625 6288.543810096154 65
stats: {recvpackets,"os_mon@localhost"} 1 6074.0 0.0 8831 0 4475.71875 64
stats: {sentpackets,"os_mon@localhost"} 1 3340.0 0.0 3761 119 2355.343749999999 64
stats: {cpu,"os_mon@localhost"} 1 11.669613538772419 0.0 18.734304369663484 2.5325977933801402 6.091394388271254 65
stats: {load,"os_mon@localhost"} 1 0.26171875 0.0 1.08984375 0.05078125 0.334375 65
stats: session 106 41.72608573481722 6.1082588799854785 73213.18090820313 30.55615234375 1557.3985231940585 3490
stats: users_count 105 3596
stats: finish_users_count 106 3596
stats: request 105 38.98569335937499 6.136276941169896 31122.245849609375 27.99609375 172.14683248718455 3487
stats: page 105 38.98569335937499 6.136276941169896 31122.245849609375 27.99609375 172.14683248718455 3487
stats: connect 103 14.723011794599515 1.5684881320498705 31089.419921875 12.9599609375 144.9299799929242 3489
stats: tr_register 105 39.47998744419643 6.057748518605559 73211.09008789063 28.580078125 1556.7134003306924 3487
stats: 200 105 3592
stats: size_rcv 24597 849988
stats: newphase 0 16
stats: size_sent 9682 337648
stats: connected -2 0
stats: error_connect_etimedout 0 66
# stats: dump at 1402685750
stats: users 1 91
stats: {freemem,"os_mon@localhost"} 1 6230.4921875 0.0 6420.37890625 6109.53515625 6287.504971590909 66
stats: {recvpackets,"os_mon@localhost"} 1 5396.0 0.0 8831 0 4500.307692307692 65
stats: {sentpackets,"os_mon@localhost"} 1 3112.0 0.0 3761 119 2370.492307692307 65
stats: {cpu,"os_mon@localhost"} 1 22.342297059562704 0.0 22.342297059562704 2.5325977933801402 6.175912860248544 66
stats: {load,"os_mon@localhost"} 1 0.30078125 0.0 1.08984375 0.05078125 0.3332741477272727 66
stats: session 96 41.882779439290374 5.357039204250286 73213.18090820313 30.55615234375 1512.7207483412553 3596
stats: users_count 97 3693
stats: finish_users_count 96 3692
stats: request 99 39.67144343828914 5.538547551750431 31122.245849609375 27.99609375 168.25431589241282 3592
stats: page 99 39.67144343828914 5.538547551750431 31122.245849609375 27.99609375 168.25431589241282 3592
stats: connect 99 14.737704190340908 1.84335689061964 31089.419921875 12.9599609375 141.1963169293308 3592
stats: tr_register 99 40.16184303977272 5.468627735999588 73211.09008789063 28.580078125 1512.362200900547 3592
stats: 200 99 3691
stats: size_rcv 23310 873298
stats: newphase 0 16
stats: size_sent 9306 346954
stats: connected 0 0
stats: error_connect_etimedout 0 66
# stats: dump at 1402685760
stats: users 1 91
stats: {freemem,"os_mon@localhost"} 1 6162.91015625 0.0 6420.37890625 6109.53515625 6286.654034514925 67
stats: {recvpackets,"os_mon@localhost"} 1 2465.0 0.0 8831 0 4513.878787878788 66
stats: {sentpackets,"os_mon@localhost"} 1 1599.0 0.0 3761 119 2381.727272727272 66
stats: {cpu,"os_mon@localhost"} 1 16.402913840743533 0.0 22.342297059562704 2.5325977933801402 6.417202176656218 67
stats: {load,"os_mon@localhost"} 1 0.3984375 0.0 1.08984375 0.05078125 0.33278917910447764 67
stats: session 103 41.62708349135315 5.749374029178042 73213.18090820313 30.55615234375 1474.475774068615 3692
stats: users_count 103 3796
stats: finish_users_count 103 3795
stats: request 103 39.18542124924151 5.8296046558424965 31122.245849609375 27.99609375 164.80546615712205 3691
stats: page 103 39.18542124924151 5.8296046558424965 31122.245849609375 27.99609375 164.80546615712205 3691
stats: connect 104 14.542278583233173 1.0851368892205604 31089.419921875 12.9599609375 137.8044440869683 3691
stats: tr_register 103 39.65225841929613 5.765501504009382 73211.09008789063 28.580078125 1472.8748436997296 3691
stats: 200 103 3794
stats: size_rcv 24180 897478
stats: newphase 0 16
stats: size_sent 9776 356730
stats: connected 1 1
stats: error_connect_etimedout 0 66
# stats: dump at 1402685770
stats: users 0 91
stats: {freemem,"os_mon@localhost"} 1 6149.9140625 0.0 6420.37890625 6109.53515625 6284.834271599265 68
stats: {recvpackets,"os_mon@localhost"} 1 2474.0 0.0 8831 0 4483.298507462687 67
stats: {sentpackets,"os_mon@localhost"} 1 1532.0 0.0 3761 119 2370.0447761194023 67
stats: {cpu,"os_mon@localhost"} 1 10.045431600201917 0.0 22.342297059562704 2.5325977933801402 6.564050877598678 68
stats: {load,"os_mon@localhost"} 1 0.33984375 0.0 1.08984375 0.05078125 0.33375459558823534 68
stats: session 29 41.27859812769397 5.217326163868051 73213.18090820313 30.55615234375 1435.58686362607 3795
stats: users_count 28 3824
stats: finish_users_count 29 3824
stats: request 30 38.79348958333333 5.24366165738918 31122.245849609375 27.99609375 161.39511702019223 3794
stats: page 30 38.79348958333333 5.24366165738918 31122.245849609375 27.99609375 161.39511702019223 3794
stats: connect 29 14.90691507273707 1.6853105607751515 31089.419921875 12.9599609375 134.42650858963273 3795
stats: tr_register 30 39.317968750000006 5.1401097058149015 73211.09008789063 28.580078125 1433.9655326075092 3794
stats: 200 30 3824
stats: size_rcv 7024 904502
stats: newphase 1 17
stats: size_sent 2726 359456
stats: connected -1 0
stats: error_connect_etimedout 0 66
# stats: dump at 1402685780
stats: users 0 91
stats: {freemem,"os_mon@localhost"} 1 6163.00390625 0.0 6420.37890625 6109.53515625 6282.87890625 69
stats: {recvpackets,"os_mon@localhost"} 1 1917.0 0.0 8831 0 4453.75 68
stats: {sentpackets,"os_mon@localhost"} 1 845.0 0.0 3761 119 2357.7205882352932 68
stats: {cpu,"os_mon@localhost"} 1 8.074222668004012 0.0 22.342297059562704 2.5325977933801402 6.614505670679884 69
stats: {load,"os_mon@localhost"} 1 0.37109375 0.0 1.08984375 0.05078125 0.3338428442028986 69
stats: session 11 39.95916193181818 5.199096913890975 73213.18090820313 30.55615234375 1425.0128731188909 3824
stats: users_count 11 3835
stats: finish_users_count 11 3835
stats: request 11 37.40793678977273 5.2849182672580675 31122.245849609375 27.99609375 160.43328416896165 3824
stats: page 11 37.40793678977273 5.2849182672580675 31122.245849609375 27.99609375 160.43328416896165 3824
stats: connect 11 14.449840198863637 0.4481478428189249 31089.419921875 12.9599609375 133.52010999863117 3824
stats: tr_register 11 37.99185458096591 5.183857589849578 73211.09008789063 28.580078125 1423.0242598785014 3824
stats: 200 11 3835
stats: size_rcv 2557 907059
stats: newphase 0 17
stats: size_sent 1034 360490
stats: connected 0 0
stats: error_connect_etimedout 0 66
# stats: dump at 1402685790
stats: users 0 91
stats: {freemem,"os_mon@localhost"} 1 6142.96484375 0.0 6420.37890625 6109.53515625 6281.16640625 70
stats: {recvpackets,"os_mon@localhost"} 1 2078.0 0.0 8831 0 4416.985507246377 69
stats: {sentpackets,"os_mon@localhost"} 1 962.0 0.0 3761 119 2335.7971014492746 69
stats: {cpu,"os_mon@localhost"} 1 8.799798285426123 0.0 22.342297059562704 2.5325977933801402 6.635358770641658 70
stats: {load,"os_mon@localhost"} 1 0.30859375 0.0 1.08984375 0.05078125 0.33437500000000003 70
stats: session 10 42.788671875 4.329478229543744 73213.18090820313 30.55615234375 1421.0400984583803 3835
stats: users_count 10 3845
stats: finish_users_count 10 3845
stats: request 10 40.2725341796875 4.468215396954895 31122.245849609375 27.99609375 160.08040833554026 3835
stats: page 10 40.2725341796875 4.468215396954895 31122.245849609375 27.99609375 160.08040833554026 3835
stats: connect 10 15.086279296875 1.216898084322603 31089.419921875 12.9599609375 133.17857858590693 3835
stats: tr_register 10 40.7984130859375 4.355079405005415 73211.09008789063 28.580078125 1419.05154633006 3835
stats: 200 10 3845
stats: size_rcv 2361 909420
stats: newphase 0 17
stats: size_sent 940 361430
stats: connected 0 0
stats: error_connect_etimedout 0 66
# stats: dump at 1402685792
stats: users 0 91
stats: {freemem,"os_mon@localhost"} 0 0 0 6420.37890625 6109.53515625 6279.219905369719 71
stats: {recvpackets,"os_mon@localhost"} 0 0 0 8831 0 4383.571428571428 70
stats: {sentpackets,"os_mon@localhost"} 0 0 0 3761 119 2316.171428571428 70
stats: {cpu,"os_mon@localhost"} 0 0 0 22.342297059562704 2.5325977933801402 6.665843834230172 71
stats: {load,"os_mon@localhost"} 0 0 0 1.08984375 0.05078125 0.33401188380281693 71
stats: session 0 0 0 73213.18090820313 30.55615234375 1417.4555693905431 3845
stats: users_count 0 3845
stats: finish_users_count 0 3845
stats: request 0 0 0 31122.245849609375 27.99609375 159.76881438454973 3845
stats: page 0 0 0 31122.245849609375 27.99609375 159.76881438454973 3845
stats: connect 0 0 0 31089.419921875 12.9599609375 132.8714464681201 3845
stats: tr_register 0 0 0 73211.09008789063 28.580078125 1415.4670128235734 3845
stats: 200 0 3845
stats: size_rcv 0 909420
stats: newphase 0 17
stats: size_sent 0 361430
stats: connected 0 0
stats: error_connect_etimedout 0 66
EndMonitor:{1402,685792,816418}
