
=INFO REPORT==== 17-Jun-2014::04:22:23 ===
    ts_config_server:(5:<0.54.0>) Config server started, logdir is "/home/ubuntu/tsung/log/dec/20140617-0422"
 
=INFO REPORT==== 17-Jun-2014::04:22:24 ===
              ts_mon:(5:<0.53.0>) starting monitor, global 

=INFO REPORT==== 17-Jun-2014::04:22:24 ===
           ts_config:(5:<0.54.0>) Reading config file: ./xml/aws_test_dec.xml

=INFO REPORT==== 17-Jun-2014::04:22:24 ===
           ts_config:(5:<0.54.0>) Session name for id 1 is "declare"

=INFO REPORT==== 17-Jun-2014::04:22:24 ===
    ts_config_server:(4:<0.54.0>) SYSINFO:Tsung version: 1.5.1

=INFO REPORT==== 17-Jun-2014::04:22:24 ===
    ts_config_server:(4:<0.54.0>) SYSINFO:Erlang version: Erlang R16B03 (erts-5.10.4) [source] [64-bit] [async-threads:16] [hipe] [kernel-poll:true]


=INFO REPORT==== 17-Jun-2014::04:22:24 ===
    ts_config_server:(4:<0.54.0>) SYSINFO:System architecture x86_64-pc-linux-gnu

=INFO REPORT==== 17-Jun-2014::04:22:24 ===
    ts_config_server:(4:<0.54.0>) SYSINFO:Current path: /usr/lib/erlang/lib/tsung-1.5.1/ebin/tsung.beam

=INFO REPORT==== 17-Jun-2014::04:22:24 ===
              ts_mon:(5:<0.55.0>) Activate clients with text backend

=INFO REPORT==== 17-Jun-2014::04:22:24 ===
              ts_mon:(5:<0.55.0>) Starting tsung clients on hosts: [localhost]

=INFO REPORT==== 17-Jun-2014::04:22:24 ===
    ts_config_server:(5:<0.54.0>) Start a launcher on the controller beam localhost

=INFO REPORT==== 17-Jun-2014::04:22:24 ===
  ts_launcher_static:(5:<0.88.0>) Launch msg receive ("localhost")

=INFO REPORT==== 17-Jun-2014::04:22:24 ===
         ts_launcher:(5:<0.89.0>) Launch msg receive ("localhost")

=INFO REPORT==== 17-Jun-2014::04:22:24 ===
    ts_config_server:(5:<0.54.0>) All remote beams started, syncing 

=INFO REPORT==== 17-Jun-2014::04:22:24 ===
    ts_config_server:(5:<0.54.0>) Undefined ports_range config 

=INFO REPORT==== 17-Jun-2014::04:22:24 ===
    ts_config_server:(5:<0.54.0>) New arrival phase 1 for client "localhost" (last ? true): will start 5000 users

=INFO REPORT==== 17-Jun-2014::04:22:24 ===
    ts_config_server:(5:<0.54.0>) New arrival phase 2 for client "localhost" (last ? true): will start 10000 users

=INFO REPORT==== 17-Jun-2014::04:22:24 ===
    ts_config_server:(5:<0.54.0>) New arrival phase 3 for client "localhost" (last ? true): will start 15000 users

=INFO REPORT==== 17-Jun-2014::04:22:24 ===
    ts_config_server:(5:<0.54.0>) New arrival phase 4 for client "localhost" (last ? true): will start 20000 users

=INFO REPORT==== 17-Jun-2014::04:22:24 ===
    ts_config_server:(5:<0.54.0>) New arrival phase 5 for client "localhost" (last ? true): will start 25000 users

=INFO REPORT==== 17-Jun-2014::04:22:24 ===
    ts_config_server:(5:<0.54.0>) New arrival phase 6 for client "localhost" (last ? true): will start 30000 users

=INFO REPORT==== 17-Jun-2014::04:22:24 ===
         ts_launcher:(5:<0.89.0>) Expected duration of first phase: 300.0 sec (5000 users) 

=INFO REPORT==== 17-Jun-2014::04:22:24 ===
         ts_launcher:(2:<0.89.0>) WARNING !!! too few file descriptors available (1024), you should decrease maxusers (currently 50000)
=INFO REPORT==== 17-Jun-2014::04:22:24 ===
         ts_launcher:(5:<0.89.0>) Activate launcher (5000 users) in 998 msec 

=INFO REPORT==== 17-Jun-2014::04:22:25 ===
    ts_os_mon_erlang:(5:<0.76.0>) Starting os_mon beam on host "localhost" 

=INFO REPORT==== 17-Jun-2014::04:22:26 ===
    ts_os_mon_erlang:(5:<0.76.0>) Loading tsung monitor on nodes [os_mon@localhost]

=INFO REPORT==== 17-Jun-2014::04:27:24 ===
         ts_launcher:(5:<0.89.0>) Phase duration exceeded, but not all users were launched (141 users, 2.8% of phase)

=INFO REPORT==== 17-Jun-2014::04:27:24 ===
         ts_launcher:(5:<0.89.0>) Start a new arrival phase (10000 users, 0.03333333333333333); expected duration=300.0 sec

=INFO REPORT==== 17-Jun-2014::04:32:23 ===
         ts_launcher:(4:<0.89.0>) Need to wait 1.215 sec before changing phase, going to sleep

=INFO REPORT==== 17-Jun-2014::04:32:24 ===
         ts_launcher:(5:<0.89.0>) Waking up

=INFO REPORT==== 17-Jun-2014::04:32:24 ===
         ts_launcher:(5:<0.89.0>) Start a new arrival phase (15000 users, 0.05); expected duration=300.0 sec

=INFO REPORT==== 17-Jun-2014::04:37:24 ===
         ts_launcher:(5:<0.89.0>) Phase duration exceeded, but not all users were launched (268 users, 1.8% of phase)

=INFO REPORT==== 17-Jun-2014::04:37:24 ===
         ts_launcher:(5:<0.89.0>) Start a new arrival phase (20000 users, 0.06666666666666667); expected duration=300.0 sec

=INFO REPORT==== 17-Jun-2014::04:42:24 ===
         ts_launcher:(5:<0.89.0>) Phase duration exceeded, but not all users were launched (322 users, 1.6% of phase)

=INFO REPORT==== 17-Jun-2014::04:42:24 ===
         ts_launcher:(5:<0.89.0>) Start a new arrival phase (25000 users, 0.08333333333333333); expected duration=300.0 sec

=INFO REPORT==== 17-Jun-2014::04:47:24 ===
         ts_launcher:(5:<0.89.0>) Phase duration exceeded, but not all users were launched (524 users, 2.1% of phase)

=INFO REPORT==== 17-Jun-2014::04:47:24 ===
         ts_launcher:(5:<0.89.0>) Start a new arrival phase (30000 users, 0.1); expected duration=300.0 sec

=INFO REPORT==== 17-Jun-2014::04:52:24 ===
         ts_launcher:(5:<0.89.0>) Phase duration exceeded, but not all users were launched (485 users, 1.6% of phase)

=INFO REPORT==== 17-Jun-2014::04:52:24 ===
         ts_launcher:(5:<0.89.0>) This was the last phase, wait for connected users to finish their session

=INFO REPORT==== 17-Jun-2014::04:52:29 ===
     ts_launcher_mgr:(5:<0.84.0>) No more active users 'tsung_controller_dec@ip-172-31-46-22' "27321"

=INFO REPORT==== 17-Jun-2014::04:52:29 ===
              ts_mon:(5:<0.55.0>) stopping monitor (normal)
